[11:00:17.727] [INFO] 로깅 시스템 초기화됨
[11:00:17.728] [INFO] IOCPServer 인스턴스 생성됨
[11:00:17.728] [INFO] 서버 초기화 시작 (포트: 9000)
[11:00:17.731] [INFO] 작업자 스레드 생성됨: 1
[11:00:17.731] [INFO] 작업자 스레드 생성됨: 2
[11:00:17.732] [INFO] 작업자 스레드 생성됨: 3
[11:00:17.732] [INFO] 작업자 스레드 생성됨: 4
[11:00:17.733] [INFO] 작업자 스레드 생성됨: 5
[11:00:17.733] [INFO] 작업자 스레드 생성됨: 6
[11:00:17.734] [INFO] 작업자 스레드 생성됨: 7
[11:00:17.734] [INFO] 작업자 스레드 생성됨: 8
[11:00:17.734] [INFO] 작업자 스레드 생성됨: 9
[11:00:17.735] [INFO] 작업자 스레드 생성됨: 10
[11:00:17.735] [INFO] 작업자 스레드 생성됨: 11
[11:00:17.736] [INFO] 작업자 스레드 생성됨: 12
[11:00:17.736] [INFO] 작업자 스레드 생성됨: 13
[11:00:17.737] [INFO] 작업자 스레드 생성됨: 14
[11:00:17.737] [INFO] 작업자 스레드 생성됨: 15
[11:00:17.737] [INFO] 작업자 스레드 생성됨: 16
[11:00:17.738] [INFO] 서버 초기화 완료
[11:00:17.738] [INFO] 서버 실행. 포트 번호: 9000
[11:00:17.738] [INFO] 서버 실행 시작
[11:02:44.235] [INFO] 새 클라이언트에게 ID 1 전송됨
[11:02:44.235] [INFO] 초기 위치 정보 전송 - 클라이언트 ID: 1
[11:02:44.236] [INFO] 새 클라이언트 연결됨: ID 1, IP: 127.0.0.1, Port: 3145
[11:02:44.236] [WARNING] 클라이언트 소켓 오류 또는 종료 - ID: 1
