[10:56:38.794] [INFO] 로깅 시스템 초기화됨
[10:56:38.795] [INFO] IOCPServer 인스턴스 생성됨
[10:56:38.795] [INFO] 서버 초기화 시작 (포트: 9000)
[10:56:38.797] [INFO] 작업자 스레드 생성됨: 1
[10:56:38.798] [INFO] 작업자 스레드 생성됨: 2
[10:56:38.798] [INFO] 작업자 스레드 생성됨: 3
[10:56:38.798] [INFO] 작업자 스레드 생성됨: 4
[10:56:38.799] [INFO] 작업자 스레드 생성됨: 5
[10:56:38.799] [INFO] 작업자 스레드 생성됨: 6
[10:56:38.800] [INFO] 작업자 스레드 생성됨: 7
[10:56:38.801] [INFO] 작업자 스레드 생성됨: 8
[10:56:38.802] [INFO] 작업자 스레드 생성됨: 9
[10:56:38.802] [INFO] 작업자 스레드 생성됨: 10
[10:56:38.803] [INFO] 작업자 스레드 생성됨: 11
[10:56:38.804] [INFO] 작업자 스레드 생성됨: 12
[10:56:38.804] [INFO] 작업자 스레드 생성됨: 13
[10:56:38.804] [INFO] 작업자 스레드 생성됨: 14
[10:56:38.805] [INFO] 작업자 스레드 생성됨: 15
[10:56:38.805] [INFO] 작업자 스레드 생성됨: 16
[10:56:38.806] [INFO] 서버 초기화 완료
[10:56:38.806] [INFO] 서버 실행. 포트 번호: 9000
[10:56:38.806] [INFO] 서버 실행 시작
[10:59:21.088] [INFO] 새 클라이언트에게 ID 1 전송됨
[10:59:21.088] [INFO] 초기 위치 정보 전송 - 클라이언트 ID: 1
[10:59:21.089] [INFO] 새 클라이언트 연결됨: ID 1, IP: 127.0.0.1, Port: 2953
[10:59:21.089] [WARNING] 클라이언트 소켓 오류 또는 종료 - ID: 1
