[11:16:11.763] [INFO] 로깅 시스템 초기화됨
[11:16:11.764] [INFO] IOCPServer 인스턴스 생성됨
[11:16:11.765] [INFO] 서버 초기화 시작 (포트: 9000)
[11:16:11.767] [INFO] 작업자 스레드 생성됨: 1
[11:16:11.768] [INFO] 작업자 스레드 생성됨: 2
[11:16:11.768] [INFO] 작업자 스레드 생성됨: 3
[11:16:11.769] [INFO] 작업자 스레드 생성됨: 4
[11:16:11.769] [INFO] 작업자 스레드 생성됨: 5
[11:16:11.770] [INFO] 작업자 스레드 생성됨: 6
[11:16:11.770] [INFO] 작업자 스레드 생성됨: 7
[11:16:11.771] [INFO] 작업자 스레드 생성됨: 8
[11:16:11.772] [INFO] 작업자 스레드 생성됨: 9
[11:16:11.772] [INFO] 작업자 스레드 생성됨: 10
[11:16:11.773] [INFO] 작업자 스레드 생성됨: 11
[11:16:11.773] [INFO] 작업자 스레드 생성됨: 12
[11:16:11.775] [INFO] 작업자 스레드 생성됨: 13
[11:16:11.775] [INFO] 작업자 스레드 생성됨: 14
[11:16:11.776] [INFO] 작업자 스레드 생성됨: 15
[11:16:11.776] [INFO] 작업자 스레드 생성됨: 16
[11:16:11.777] [INFO] 서버 초기화 완료
[11:16:11.777] [INFO] 서버 실행. 포트 번호: 9000
[11:16:11.777] [INFO] 서버 실행 시작
[11:16:18.610] [INFO] 새 클라이언트에게 ID 1 전송됨
[11:16:18.610] [INFO] 초기 위치 정보 전송 - 클라이언트 ID: 1
[11:16:18.611] [INFO] 새 클라이언트 연결됨: ID 1, IP: 127.0.0.1, Port: 3388
[11:16:18.611] [WARNING] [PingTimeout] 클라이언트 ID: -572662307
[11:16:18.611] [WARNING] 클라이언트 소켓 오류 또는 종료 - ID: -572662307
[11:16:18.641] [WARNING] [PingTimeout] 클라이언트 ID: -572662307
[11:16:18.672] [WARNING] [PingTimeout] 클라이언트 ID: -572662307
[11:16:18.703] [WARNING] [PingTimeout] 클라이언트 ID: -572662307
[11:16:18.735] [WARNING] [PingTimeout] 클라이언트 ID: -572662307
[11:16:18.765] [WARNING] [PingTimeout] 클라이언트 ID: -572662307
[11:16:18.796] [WARNING] [PingTimeout] 클라이언트 ID: -572662307
[11:16:18.826] [WARNING] [PingTimeout] 클라이언트 ID: -572662307
[11:16:18.857] [WARNING] [PingTimeout] 클라이언트 ID: -572662307
[11:16:18.888] [WARNING] [PingTimeout] 클라이언트 ID: -572662307
[11:16:18.919] [WARNING] [PingTimeout] 클라이언트 ID: -572662307
[11:16:18.949] [WARNING] [PingTimeout] 클라이언트 ID: -572662307
[11:16:18.980] [WARNING] [PingTimeout] 클라이언트 ID: -572662307
[11:16:19.011] [WARNING] [PingTimeout] 클라이언트 ID: -572662307
[11:16:19.041] [WARNING] [PingTimeout] 클라이언트 ID: -572662307
[11:16:19.072] [WARNING] [PingTimeout] 클라이언트 ID: -572662307
[11:16:19.102] [WARNING] [PingTimeout] 클라이언트 ID: -572662307
[11:16:19.133] [WARNING] [PingTimeout] 클라이언트 ID: -572662307
[11:16:19.164] [WARNING] [PingTimeout] 클라이언트 ID: -572662307
[11:16:19.195] [WARNING] [PingTimeout] 클라이언트 ID: -572662307
[11:16:19.226] [WARNING] [PingTimeout] 클라이언트 ID: -572662307
[11:16:19.258] [WARNING] [PingTimeout] 클라이언트 ID: -572662307
[11:16:19.290] [WARNING] [PingTimeout] 클라이언트 ID: -572662307
[11:16:19.321] [WARNING] [PingTimeout] 클라이언트 ID: -572662307
[11:16:19.352] [WARNING] [PingTimeout] 클라이언트 ID: -572662307
[11:16:19.384] [WARNING] [PingTimeout] 클라이언트 ID: -572662307
[11:16:19.415] [WARNING] [PingTimeout] 클라이언트 ID: -572662307
[11:16:19.446] [WARNING] [PingTimeout] 클라이언트 ID: -572662307
[11:16:19.477] [WARNING] [PingTimeout] 클라이언트 ID: -572662307
[11:16:19.509] [WARNING] [PingTimeout] 클라이언트 ID: -572662307
[11:16:19.540] [WARNING] [PingTimeout] 클라이언트 ID: -572662307
[11:16:19.570] [WARNING] [PingTimeout] 클라이언트 ID: -572662307
[11:16:19.601] [WARNING] [PingTimeout] 클라이언트 ID: -572662307
[11:16:19.631] [WARNING] [PingTimeout] 클라이언트 ID: -572662307
[11:16:19.663] [WARNING] [PingTimeout] 클라이언트 ID: -572662307
[11:16:19.693] [WARNING] [PingTimeout] 클라이언트 ID: -572662307
[11:16:19.724] [WARNING] [PingTimeout] 클라이언트 ID: -572662307
[11:16:19.756] [WARNING] [PingTimeout] 클라이언트 ID: -572662307
[11:16:19.786] [WARNING] [PingTimeout] 클라이언트 ID: -572662307
[11:16:19.818] [WARNING] [PingTimeout] 클라이언트 ID: -572662307
[11:16:19.849] [WARNING] [PingTimeout] 클라이언트 ID: -572662307
[11:16:19.881] [WARNING] [PingTimeout] 클라이언트 ID: -572662307
[11:16:19.912] [WARNING] [PingTimeout] 클라이언트 ID: -572662307
[11:16:19.943] [WARNING] [PingTimeout] 클라이언트 ID: -572662307
[11:16:19.974] [WARNING] [PingTimeout] 클라이언트 ID: -572662307
[11:16:20.005] [WARNING] [PingTimeout] 클라이언트 ID: -572662307
[11:16:20.036] [WARNING] [PingTimeout] 클라이언트 ID: -572662307
[11:16:20.067] [WARNING] [PingTimeout] 클라이언트 ID: -572662307
[11:16:20.097] [WARNING] [PingTimeout] 클라이언트 ID: -572662307
[11:16:20.128] [WARNING] [PingTimeout] 클라이언트 ID: -572662307
[11:16:20.158] [WARNING] [PingTimeout] 클라이언트 ID: -572662307
[11:16:20.189] [WARNING] [PingTimeout] 클라이언트 ID: -572662307
[11:16:20.219] [WARNING] [PingTimeout] 클라이언트 ID: -572662307
[11:16:20.250] [WARNING] [PingTimeout] 클라이언트 ID: -572662307
[11:16:20.281] [WARNING] [PingTimeout] 클라이언트 ID: -572662307
[11:16:20.312] [WARNING] [PingTimeout] 클라이언트 ID: -572662307
[11:16:20.343] [WARNING] [PingTimeout] 클라이언트 ID: -572662307
[11:16:20.374] [WARNING] [PingTimeout] 클라이언트 ID: -572662307
[11:16:20.406] [WARNING] [PingTimeout] 클라이언트 ID: -572662307
[11:16:20.436] [WARNING] [PingTimeout] 클라이언트 ID: -572662307
[11:16:20.467] [WARNING] [PingTimeout] 클라이언트 ID: -572662307
[11:16:20.499] [WARNING] [PingTimeout] 클라이언트 ID: -572662307
[11:16:20.529] [WARNING] [PingTimeout] 클라이언트 ID: -572662307
[11:16:20.561] [WARNING] [PingTimeout] 클라이언트 ID: -572662307
[11:16:20.593] [WARNING] [PingTimeout] 클라이언트 ID: -572662307
[11:16:20.624] [WARNING] [PingTimeout] 클라이언트 ID: -572662307
[11:16:20.655] [WARNING] [PingTimeout] 클라이언트 ID: -572662307
[11:16:20.685] [WARNING] [PingTimeout] 클라이언트 ID: -572662307
[11:16:20.716] [WARNING] [PingTimeout] 클라이언트 ID: -572662307
[11:16:20.747] [WARNING] [PingTimeout] 클라이언트 ID: -572662307
[11:16:20.747] [WARNING] [PingTimeout] 클라이언트 ID: -572662307
[11:16:20.777] [WARNING] [PingTimeout] 클라이언트 ID: -572662307
[11:16:20.809] [WARNING] [PingTimeout] 클라이언트 ID: -572662307
[11:16:20.839] [WARNING] [PingTimeout] 클라이언트 ID: -572662307
[11:16:20.870] [WARNING] [PingTimeout] 클라이언트 ID: -572662307
[11:16:20.902] [WARNING] [PingTimeout] 클라이언트 ID: -572662307
[11:16:20.932] [WARNING] [PingTimeout] 클라이언트 ID: -572662307
[11:16:20.963] [WARNING] [PingTimeout] 클라이언트 ID: -572662307
[11:16:20.994] [WARNING] [PingTimeout] 클라이언트 ID: -572662307
[11:16:21.026] [WARNING] [PingTimeout] 클라이언트 ID: -572662307
[11:16:21.057] [WARNING] [PingTimeout] 클라이언트 ID: -572662307
[11:16:21.088] [WARNING] [PingTimeout] 클라이언트 ID: -572662307
[11:16:21.119] [WARNING] [PingTimeout] 클라이언트 ID: -572662307
[11:16:21.150] [WARNING] [PingTimeout] 클라이언트 ID: -572662307
[11:16:21.179] [WARNING] [PingTimeout] 클라이언트 ID: -572662307
[11:16:21.210] [WARNING] [PingTimeout] 클라이언트 ID: -572662307
[11:16:21.240] [WARNING] [PingTimeout] 클라이언트 ID: -572662307
[11:16:21.272] [WARNING] [PingTimeout] 클라이언트 ID: -572662307
[11:16:21.304] [WARNING] [PingTimeout] 클라이언트 ID: -572662307
[11:16:21.335] [WARNING] [PingTimeout] 클라이언트 ID: -572662307
[11:16:21.366] [WARNING] [PingTimeout] 클라이언트 ID: -572662307
[11:16:21.396] [WARNING] [PingTimeout] 클라이언트 ID: -572662307
[11:16:21.428] [WARNING] [PingTimeout] 클라이언트 ID: -572662307
[11:16:21.458] [WARNING] [PingTimeout] 클라이언트 ID: -572662307
[11:16:21.490] [WARNING] [PingTimeout] 클라이언트 ID: -572662307
[11:16:21.521] [WARNING] [PingTimeout] 클라이언트 ID: -572662307
[11:16:21.553] [WARNING] [PingTimeout] 클라이언트 ID: -572662307
[11:16:21.585] [WARNING] [PingTimeout] 클라이언트 ID: -572662307
[11:16:21.615] [WARNING] [PingTimeout] 클라이언트 ID: -572662307
[11:16:21.647] [WARNING] [PingTimeout] 클라이언트 ID: -572662307
[11:16:21.678] [WARNING] [PingTimeout] 클라이언트 ID: -572662307
[11:16:21.708] [WARNING] [PingTimeout] 클라이언트 ID: -572662307
[11:16:21.740] [WARNING] [PingTimeout] 클라이언트 ID: -572662307
[11:16:21.770] [WARNING] [PingTimeout] 클라이언트 ID: -572662307
[11:16:21.801] [WARNING] [PingTimeout] 클라이언트 ID: -572662307
[11:16:21.832] [WARNING] [PingTimeout] 클라이언트 ID: -572662307
[11:16:21.863] [WARNING] [PingTimeout] 클라이언트 ID: -572662307
[11:16:21.894] [WARNING] [PingTimeout] 클라이언트 ID: -572662307
[11:16:21.925] [WARNING] [PingTimeout] 클라이언트 ID: -572662307
[11:16:21.956] [WARNING] [PingTimeout] 클라이언트 ID: -572662307
[11:16:21.987] [WARNING] [PingTimeout] 클라이언트 ID: -572662307
[11:16:22.019] [WARNING] [PingTimeout] 클라이언트 ID: -572662307
[11:16:22.050] [WARNING] [PingTimeout] 클라이언트 ID: -572662307
[11:16:22.080] [WARNING] [PingTimeout] 클라이언트 ID: -572662307
[11:16:22.111] [WARNING] [PingTimeout] 클라이언트 ID: -572662307
[11:16:22.142] [WARNING] [PingTimeout] 클라이언트 ID: -572662307
[11:16:22.172] [WARNING] [PingTimeout] 클라이언트 ID: -572662307
[11:16:22.202] [WARNING] [PingTimeout] 클라이언트 ID: -572662307
[11:16:22.233] [WARNING] [PingTimeout] 클라이언트 ID: -572662307
[11:16:22.264] [WARNING] [PingTimeout] 클라이언트 ID: -572662307
[11:16:22.295] [WARNING] [PingTimeout] 클라이언트 ID: -572662307
[11:16:22.326] [WARNING] [PingTimeout] 클라이언트 ID: -572662307
[11:16:22.357] [WARNING] [PingTimeout] 클라이언트 ID: -572662307
[11:16:22.389] [WARNING] [PingTimeout] 클라이언트 ID: -572662307
[11:16:22.419] [WARNING] [PingTimeout] 클라이언트 ID: -572662307
[11:16:22.435] [WARNING] [PingTimeout] 클라이언트 ID: -572662307
[11:16:22.465] [WARNING] [PingTimeout] 클라이언트 ID: -572662307
[11:16:22.496] [WARNING] [PingTimeout] 클라이언트 ID: -572662307
[11:16:22.528] [WARNING] [PingTimeout] 클라이언트 ID: -572662307
[11:16:22.559] [WARNING] [PingTimeout] 클라이언트 ID: -572662307
[11:16:22.589] [WARNING] [PingTimeout] 클라이언트 ID: -572662307
[11:16:22.620] [WARNING] [PingTimeout] 클라이언트 ID: -572662307
[11:16:22.650] [WARNING] [PingTimeout] 클라이언트 ID: -572662307
[11:16:22.682] [WARNING] [PingTimeout] 클라이언트 ID: -572662307
[11:16:22.713] [WARNING] [PingTimeout] 클라이언트 ID: -572662307
[11:16:22.744] [WARNING] [PingTimeout] 클라이언트 ID: -572662307
[11:16:22.775] [WARNING] [PingTimeout] 클라이언트 ID: -572662307
[11:16:22.807] [WARNING] [PingTimeout] 클라이언트 ID: -572662307
[11:16:22.838] [WARNING] [PingTimeout] 클라이언트 ID: -572662307
[11:16:22.870] [WARNING] [PingTimeout] 클라이언트 ID: -572662307
[11:16:22.901] [WARNING] [PingTimeout] 클라이언트 ID: -572662307
[11:16:22.933] [WARNING] [PingTimeout] 클라이언트 ID: -572662307
[11:16:22.964] [WARNING] [PingTimeout] 클라이언트 ID: -572662307
[11:16:22.995] [WARNING] [PingTimeout] 클라이언트 ID: -572662307
[11:16:23.025] [WARNING] [PingTimeout] 클라이언트 ID: -572662307
[11:16:23.056] [WARNING] [PingTimeout] 클라이언트 ID: -572662307
[11:16:23.088] [WARNING] [PingTimeout] 클라이언트 ID: -572662307
[11:16:23.120] [WARNING] [PingTimeout] 클라이언트 ID: -572662307
[11:16:23.151] [WARNING] [PingTimeout] 클라이언트 ID: -572662307
[11:16:23.181] [WARNING] [PingTimeout] 클라이언트 ID: -572662307
[11:16:23.213] [WARNING] [PingTimeout] 클라이언트 ID: -572662307
[11:16:23.244] [WARNING] [PingTimeout] 클라이언트 ID: -572662307
[11:16:23.277] [WARNING] [PingTimeout] 클라이언트 ID: -572662307
[11:16:23.308] [WARNING] [PingTimeout] 클라이언트 ID: -572662307
[11:16:23.339] [WARNING] [PingTimeout] 클라이언트 ID: -572662307
[11:16:23.369] [WARNING] [PingTimeout] 클라이언트 ID: -572662307
[11:16:23.400] [WARNING] [PingTimeout] 클라이언트 ID: -572662307
[11:16:23.432] [WARNING] [PingTimeout] 클라이언트 ID: -572662307
[11:16:23.463] [WARNING] [PingTimeout] 클라이언트 ID: -572662307
[11:16:23.495] [WARNING] [PingTimeout] 클라이언트 ID: -572662307
[11:16:23.525] [WARNING] [PingTimeout] 클라이언트 ID: -572662307
[11:16:23.557] [WARNING] [PingTimeout] 클라이언트 ID: -572662307
[11:16:23.589] [WARNING] [PingTimeout] 클라이언트 ID: -572662307
[11:16:23.620] [WARNING] [PingTimeout] 클라이언트 ID: -572662307
[11:16:23.650] [WARNING] [PingTimeout] 클라이언트 ID: -572662307
[11:16:23.681] [WARNING] [PingTimeout] 클라이언트 ID: -572662307
[11:16:23.713] [WARNING] [PingTimeout] 클라이언트 ID: -572662307
[11:16:23.744] [WARNING] [PingTimeout] 클라이언트 ID: -572662307
[11:16:23.775] [WARNING] [PingTimeout] 클라이언트 ID: -572662307
[11:16:23.806] [WARNING] [PingTimeout] 클라이언트 ID: -572662307
[11:16:23.837] [WARNING] [PingTimeout] 클라이언트 ID: -572662307
[11:16:23.868] [WARNING] [PingTimeout] 클라이언트 ID: -572662307
[11:16:23.899] [WARNING] [PingTimeout] 클라이언트 ID: -572662307
[11:16:23.930] [WARNING] [PingTimeout] 클라이언트 ID: -572662307
[11:16:23.961] [WARNING] [PingTimeout] 클라이언트 ID: -572662307
[11:16:23.992] [WARNING] [PingTimeout] 클라이언트 ID: -572662307
[11:16:24.024] [WARNING] [PingTimeout] 클라이언트 ID: -572662307
[11:16:24.055] [WARNING] [PingTimeout] 클라이언트 ID: -572662307
[11:16:24.085] [WARNING] [PingTimeout] 클라이언트 ID: -572662307
[11:16:24.117] [WARNING] [PingTimeout] 클라이언트 ID: -572662307
[11:16:24.149] [WARNING] [PingTimeout] 클라이언트 ID: -572662307
[11:16:24.180] [WARNING] [PingTimeout] 클라이언트 ID: -572662307
[11:16:24.211] [WARNING] [PingTimeout] 클라이언트 ID: -572662307
[11:16:24.243] [WARNING] [PingTimeout] 클라이언트 ID: -572662307
[11:16:24.274] [WARNING] [PingTimeout] 클라이언트 ID: -572662307
[11:16:24.305] [WARNING] [PingTimeout] 클라이언트 ID: -572662307
[11:16:24.336] [WARNING] [PingTimeout] 클라이언트 ID: -572662307
[11:16:24.367] [WARNING] [PingTimeout] 클라이언트 ID: -572662307
[11:16:24.397] [WARNING] [PingTimeout] 클라이언트 ID: -572662307
[11:16:24.429] [WARNING] [PingTimeout] 클라이언트 ID: -572662307
[11:16:24.461] [WARNING] [PingTimeout] 클라이언트 ID: -572662307
[11:16:24.491] [WARNING] [PingTimeout] 클라이언트 ID: -572662307
[11:16:24.522] [WARNING] [PingTimeout] 클라이언트 ID: -572662307
[11:16:24.554] [WARNING] [PingTimeout] 클라이언트 ID: -572662307
[11:16:24.585] [WARNING] [PingTimeout] 클라이언트 ID: -572662307
[11:16:24.617] [WARNING] [PingTimeout] 클라이언트 ID: -572662307
[11:16:24.648] [WARNING] [PingTimeout] 클라이언트 ID: -572662307
[11:16:24.679] [WARNING] [PingTimeout] 클라이언트 ID: -572662307
[11:16:24.710] [WARNING] [PingTimeout] 클라이언트 ID: -572662307
[11:16:24.742] [WARNING] [PingTimeout] 클라이언트 ID: -572662307
[11:16:24.773] [WARNING] [PingTimeout] 클라이언트 ID: -572662307
[11:16:24.805] [WARNING] [PingTimeout] 클라이언트 ID: -572662307
[11:16:24.836] [WARNING] [PingTimeout] 클라이언트 ID: -572662307
[11:16:24.868] [WARNING] [PingTimeout] 클라이언트 ID: -572662307
[11:16:24.899] [WARNING] [PingTimeout] 클라이언트 ID: -572662307
[11:16:24.931] [WARNING] [PingTimeout] 클라이언트 ID: -572662307
[11:16:24.962] [WARNING] [PingTimeout] 클라이언트 ID: -572662307
[11:16:24.993] [WARNING] [PingTimeout] 클라이언트 ID: -572662307
[11:16:25.024] [WARNING] [PingTimeout] 클라이언트 ID: -572662307
[11:16:25.056] [WARNING] [PingTimeout] 클라이언트 ID: -572662307
[11:16:25.087] [WARNING] [PingTimeout] 클라이언트 ID: -572662307
[11:16:25.118] [WARNING] [PingTimeout] 클라이언트 ID: -572662307
[11:16:25.148] [WARNING] [PingTimeout] 클라이언트 ID: -572662307
[11:16:25.180] [WARNING] [PingTimeout] 클라이언트 ID: -572662307
[11:16:25.212] [WARNING] [PingTimeout] 클라이언트 ID: -572662307
[11:16:25.243] [WARNING] [PingTimeout] 클라이언트 ID: -572662307
[11:16:25.275] [WARNING] [PingTimeout] 클라이언트 ID: -572662307
[11:16:25.304] [WARNING] [PingTimeout] 클라이언트 ID: -572662307
[11:16:25.336] [WARNING] [PingTimeout] 클라이언트 ID: -572662307
[11:16:25.367] [WARNING] [PingTimeout] 클라이언트 ID: -572662307
[11:16:25.398] [WARNING] [PingTimeout] 클라이언트 ID: -572662307
[11:16:25.429] [WARNING] [PingTimeout] 클라이언트 ID: -572662307
[11:16:25.459] [WARNING] [PingTimeout] 클라이언트 ID: -572662307
[11:16:25.491] [WARNING] [PingTimeout] 클라이언트 ID: -572662307
[11:16:25.522] [WARNING] [PingTimeout] 클라이언트 ID: -572662307
[11:16:25.552] [WARNING] [PingTimeout] 클라이언트 ID: -572662307
[11:16:25.584] [WARNING] [PingTimeout] 클라이언트 ID: -572662307
[11:16:25.615] [WARNING] [PingTimeout] 클라이언트 ID: -572662307
[11:16:25.645] [WARNING] [PingTimeout] 클라이언트 ID: -572662307
[11:16:25.677] [WARNING] [PingTimeout] 클라이언트 ID: -572662307
[11:16:25.708] [WARNING] [PingTimeout] 클라이언트 ID: -572662307
[11:16:25.738] [WARNING] [PingTimeout] 클라이언트 ID: -572662307
[11:16:25.770] [WARNING] [PingTimeout] 클라이언트 ID: -572662307
[11:16:25.801] [WARNING] [PingTimeout] 클라이언트 ID: -572662307
[11:16:25.833] [WARNING] [PingTimeout] 클라이언트 ID: -572662307
[11:16:25.864] [WARNING] [PingTimeout] 클라이언트 ID: -572662307
[11:16:25.896] [WARNING] [PingTimeout] 클라이언트 ID: -572662307
[11:16:25.928] [WARNING] [PingTimeout] 클라이언트 ID: -572662307
[11:16:25.960] [WARNING] [PingTimeout] 클라이언트 ID: -572662307
[11:16:25.992] [WARNING] [PingTimeout] 클라이언트 ID: -572662307
[11:16:26.022] [WARNING] [PingTimeout] 클라이언트 ID: -572662307
[11:16:26.053] [WARNING] [PingTimeout] 클라이언트 ID: -572662307
[11:16:26.084] [WARNING] [PingTimeout] 클라이언트 ID: -572662307
[11:16:26.115] [WARNING] [PingTimeout] 클라이언트 ID: -572662307
[11:16:26.145] [WARNING] [PingTimeout] 클라이언트 ID: -572662307
[11:16:26.176] [WARNING] [PingTimeout] 클라이언트 ID: -572662307
[11:16:26.208] [WARNING] [PingTimeout] 클라이언트 ID: -572662307
[11:16:26.238] [WARNING] [PingTimeout] 클라이언트 ID: -572662307
[11:16:26.269] [WARNING] [PingTimeout] 클라이언트 ID: -572662307
[11:16:26.300] [WARNING] [PingTimeout] 클라이언트 ID: -572662307
[11:16:26.331] [WARNING] [PingTimeout] 클라이언트 ID: -572662307
[11:16:26.361] [WARNING] [PingTimeout] 클라이언트 ID: -572662307
[11:16:26.392] [WARNING] [PingTimeout] 클라이언트 ID: -572662307
[11:16:26.423] [WARNING] [PingTimeout] 클라이언트 ID: -572662307
[11:16:26.454] [WARNING] [PingTimeout] 클라이언트 ID: -572662307
[11:16:26.485] [WARNING] [PingTimeout] 클라이언트 ID: -572662307
[11:16:26.517] [WARNING] [PingTimeout] 클라이언트 ID: -572662307
[11:16:26.548] [WARNING] [PingTimeout] 클라이언트 ID: -572662307
[11:16:26.579] [WARNING] [PingTimeout] 클라이언트 ID: -572662307
[11:16:26.610] [WARNING] [PingTimeout] 클라이언트 ID: -572662307
[11:16:26.641] [WARNING] [PingTimeout] 클라이언트 ID: -572662307
[11:16:26.673] [WARNING] [PingTimeout] 클라이언트 ID: -572662307
[11:16:26.704] [WARNING] [PingTimeout] 클라이언트 ID: -572662307
[11:16:26.736] [WARNING] [PingTimeout] 클라이언트 ID: -572662307
[11:16:26.768] [WARNING] [PingTimeout] 클라이언트 ID: -572662307
[11:16:26.799] [WARNING] [PingTimeout] 클라이언트 ID: -572662307
[11:16:26.829] [WARNING] [PingTimeout] 클라이언트 ID: -572662307
[11:16:26.861] [WARNING] [PingTimeout] 클라이언트 ID: -572662307
[11:16:26.892] [WARNING] [PingTimeout] 클라이언트 ID: -572662307
[11:16:26.924] [WARNING] [PingTimeout] 클라이언트 ID: -572662307
[11:16:26.956] [WARNING] [PingTimeout] 클라이언트 ID: -572662307
[11:16:26.987] [WARNING] [PingTimeout] 클라이언트 ID: -572662307
[11:16:27.018] [WARNING] [PingTimeout] 클라이언트 ID: -572662307
[11:16:27.048] [WARNING] [PingTimeout] 클라이언트 ID: -572662307
[11:16:27.080] [WARNING] [PingTimeout] 클라이언트 ID: -572662307
[11:16:27.110] [WARNING] [PingTimeout] 클라이언트 ID: -572662307
[11:16:27.139] [WARNING] [PingTimeout] 클라이언트 ID: -572662307
[11:16:27.170] [WARNING] [PingTimeout] 클라이언트 ID: -572662307
[11:16:27.201] [WARNING] [PingTimeout] 클라이언트 ID: -572662307
[11:16:27.233] [WARNING] [PingTimeout] 클라이언트 ID: -572662307
[11:16:27.263] [WARNING] [PingTimeout] 클라이언트 ID: -572662307
[11:16:27.295] [WARNING] [PingTimeout] 클라이언트 ID: -572662307
[11:16:27.325] [WARNING] [PingTimeout] 클라이언트 ID: -572662307
[11:16:27.357] [WARNING] [PingTimeout] 클라이언트 ID: -572662307
[11:16:27.388] [WARNING] [PingTimeout] 클라이언트 ID: -572662307
[11:16:27.419] [WARNING] [PingTimeout] 클라이언트 ID: -572662307
[11:16:27.449] [WARNING] [PingTimeout] 클라이언트 ID: -572662307
[11:16:27.481] [WARNING] [PingTimeout] 클라이언트 ID: -572662307
[11:16:27.513] [WARNING] [PingTimeout] 클라이언트 ID: -572662307
[11:16:27.543] [WARNING] [PingTimeout] 클라이언트 ID: -572662307
[11:16:27.574] [WARNING] [PingTimeout] 클라이언트 ID: -572662307
[11:16:27.604] [WARNING] [PingTimeout] 클라이언트 ID: -572662307
[11:16:27.635] [WARNING] [PingTimeout] 클라이언트 ID: -572662307
[11:16:27.666] [WARNING] [PingTimeout] 클라이언트 ID: -572662307
[11:16:27.697] [WARNING] [PingTimeout] 클라이언트 ID: -572662307
[11:16:27.728] [WARNING] [PingTimeout] 클라이언트 ID: -572662307
[11:16:27.759] [WARNING] [PingTimeout] 클라이언트 ID: -572662307
[11:16:27.790] [WARNING] [PingTimeout] 클라이언트 ID: -572662307
[11:16:27.820] [WARNING] [PingTimeout] 클라이언트 ID: -572662307
[11:16:27.850] [WARNING] [PingTimeout] 클라이언트 ID: -572662307
[11:16:27.881] [WARNING] [PingTimeout] 클라이언트 ID: -572662307
[11:16:27.912] [WARNING] [PingTimeout] 클라이언트 ID: -572662307
[11:16:27.942] [WARNING] [PingTimeout] 클라이언트 ID: -572662307
[11:16:27.974] [WARNING] [PingTimeout] 클라이언트 ID: -572662307
[11:16:28.005] [WARNING] [PingTimeout] 클라이언트 ID: -572662307
[11:16:28.035] [WARNING] [PingTimeout] 클라이언트 ID: -572662307
[11:16:28.065] [WARNING] [PingTimeout] 클라이언트 ID: -572662307
[11:16:28.097] [WARNING] [PingTimeout] 클라이언트 ID: -572662307
[11:16:28.127] [WARNING] [PingTimeout] 클라이언트 ID: -572662307
[11:16:28.159] [WARNING] [PingTimeout] 클라이언트 ID: -572662307
[11:16:28.189] [WARNING] [PingTimeout] 클라이언트 ID: -572662307
[11:16:28.221] [WARNING] [PingTimeout] 클라이언트 ID: -572662307
[11:16:28.253] [WARNING] [PingTimeout] 클라이언트 ID: -572662307
[11:16:28.283] [WARNING] [PingTimeout] 클라이언트 ID: -572662307
[11:16:28.315] [WARNING] [PingTimeout] 클라이언트 ID: -572662307
[11:16:28.346] [WARNING] [PingTimeout] 클라이언트 ID: -572662307
[11:16:28.376] [WARNING] [PingTimeout] 클라이언트 ID: -572662307
[11:16:28.406] [WARNING] [PingTimeout] 클라이언트 ID: -572662307
[11:16:28.437] [WARNING] [PingTimeout] 클라이언트 ID: -572662307
[11:16:28.467] [WARNING] [PingTimeout] 클라이언트 ID: -572662307
[11:16:28.499] [WARNING] [PingTimeout] 클라이언트 ID: -572662307
[11:16:28.530] [WARNING] [PingTimeout] 클라이언트 ID: -572662307
[11:16:28.561] [WARNING] [PingTimeout] 클라이언트 ID: -572662307
[11:16:28.592] [WARNING] [PingTimeout] 클라이언트 ID: -572662307
[11:16:28.623] [WARNING] [PingTimeout] 클라이언트 ID: -572662307
[11:16:28.655] [WARNING] [PingTimeout] 클라이언트 ID: -572662307
[11:16:28.685] [WARNING] [PingTimeout] 클라이언트 ID: -572662307
[11:16:28.717] [WARNING] [PingTimeout] 클라이언트 ID: -572662307
[11:16:28.749] [WARNING] [PingTimeout] 클라이언트 ID: -572662307
[11:16:28.780] [WARNING] [PingTimeout] 클라이언트 ID: -572662307
[11:16:28.812] [WARNING] [PingTimeout] 클라이언트 ID: -572662307
[11:16:28.844] [WARNING] [PingTimeout] 클라이언트 ID: -572662307
[11:16:28.875] [WARNING] [PingTimeout] 클라이언트 ID: -572662307
[11:16:28.906] [WARNING] [PingTimeout] 클라이언트 ID: -572662307
[11:16:28.937] [WARNING] [PingTimeout] 클라이언트 ID: -572662307
[11:16:28.968] [WARNING] [PingTimeout] 클라이언트 ID: -572662307
[11:16:28.999] [WARNING] [PingTimeout] 클라이언트 ID: -572662307
[11:16:29.029] [WARNING] [PingTimeout] 클라이언트 ID: -572662307
[11:16:29.061] [WARNING] [PingTimeout] 클라이언트 ID: -572662307
[11:16:29.091] [WARNING] [PingTimeout] 클라이언트 ID: -572662307
[11:16:29.123] [WARNING] [PingTimeout] 클라이언트 ID: -572662307
[11:16:29.154] [WARNING] [PingTimeout] 클라이언트 ID: -572662307
[11:16:29.185] [WARNING] [PingTimeout] 클라이언트 ID: -572662307
[11:16:29.217] [WARNING] [PingTimeout] 클라이언트 ID: -572662307
[11:16:29.248] [WARNING] [PingTimeout] 클라이언트 ID: -572662307
[11:16:29.280] [WARNING] [PingTimeout] 클라이언트 ID: -572662307
[11:16:29.311] [WARNING] [PingTimeout] 클라이언트 ID: -572662307
[11:16:29.341] [WARNING] [PingTimeout] 클라이언트 ID: -572662307
[11:16:29.372] [WARNING] [PingTimeout] 클라이언트 ID: -572662307
[11:16:29.403] [WARNING] [PingTimeout] 클라이언트 ID: -572662307
[11:16:29.435] [WARNING] [PingTimeout] 클라이언트 ID: -572662307
[11:16:29.465] [WARNING] [PingTimeout] 클라이언트 ID: -572662307
[11:16:29.497] [WARNING] [PingTimeout] 클라이언트 ID: -572662307
[11:16:29.528] [WARNING] [PingTimeout] 클라이언트 ID: -572662307
[11:16:29.558] [WARNING] [PingTimeout] 클라이언트 ID: -572662307
[11:16:29.590] [WARNING] [PingTimeout] 클라이언트 ID: -572662307
[11:16:29.620] [WARNING] [PingTimeout] 클라이언트 ID: -572662307
[11:16:29.652] [WARNING] [PingTimeout] 클라이언트 ID: -572662307
[11:16:29.683] [WARNING] [PingTimeout] 클라이언트 ID: -572662307
[11:16:29.714] [WARNING] [PingTimeout] 클라이언트 ID: -572662307
[11:16:29.745] [WARNING] [PingTimeout] 클라이언트 ID: -572662307
[11:16:29.775] [WARNING] [PingTimeout] 클라이언트 ID: -572662307
[11:16:29.807] [WARNING] [PingTimeout] 클라이언트 ID: -572662307
[11:16:29.839] [WARNING] [PingTimeout] 클라이언트 ID: -572662307
[11:16:29.870] [WARNING] [PingTimeout] 클라이언트 ID: -572662307
[11:16:29.901] [WARNING] [PingTimeout] 클라이언트 ID: -572662307
[11:16:29.932] [WARNING] [PingTimeout] 클라이언트 ID: -572662307
[11:16:29.964] [WARNING] [PingTimeout] 클라이언트 ID: -572662307
[11:16:29.995] [WARNING] [PingTimeout] 클라이언트 ID: -572662307
[11:16:30.026] [WARNING] [PingTimeout] 클라이언트 ID: -572662307
[11:16:30.058] [WARNING] [PingTimeout] 클라이언트 ID: -572662307
[11:16:30.089] [WARNING] [PingTimeout] 클라이언트 ID: -572662307
[11:16:30.119] [WARNING] [PingTimeout] 클라이언트 ID: -572662307
[11:16:30.149] [WARNING] [PingTimeout] 클라이언트 ID: -572662307
[11:16:30.181] [WARNING] [PingTimeout] 클라이언트 ID: -572662307
[11:16:30.213] [WARNING] [PingTimeout] 클라이언트 ID: -572662307
[11:16:30.245] [WARNING] [PingTimeout] 클라이언트 ID: -572662307
[11:16:30.275] [WARNING] [PingTimeout] 클라이언트 ID: -572662307
[11:16:30.307] [WARNING] [PingTimeout] 클라이언트 ID: -572662307
[11:16:30.339] [WARNING] [PingTimeout] 클라이언트 ID: -572662307
[11:16:30.370] [WARNING] [PingTimeout] 클라이언트 ID: -572662307
[11:16:30.401] [WARNING] [PingTimeout] 클라이언트 ID: -572662307
[11:16:30.432] [WARNING] [PingTimeout] 클라이언트 ID: -572662307
[11:16:30.463] [WARNING] [PingTimeout] 클라이언트 ID: -572662307
[11:16:30.495] [WARNING] [PingTimeout] 클라이언트 ID: -572662307
[11:16:30.526] [WARNING] [PingTimeout] 클라이언트 ID: -572662307
[11:16:30.556] [WARNING] [PingTimeout] 클라이언트 ID: -572662307
[11:16:30.587] [WARNING] [PingTimeout] 클라이언트 ID: -572662307
[11:16:30.617] [WARNING] [PingTimeout] 클라이언트 ID: -572662307
[11:16:30.647] [WARNING] [PingTimeout] 클라이언트 ID: -572662307
[11:16:30.677] [WARNING] [PingTimeout] 클라이언트 ID: -572662307
[11:16:30.709] [WARNING] [PingTimeout] 클라이언트 ID: -572662307
[11:16:30.739] [WARNING] [PingTimeout] 클라이언트 ID: -572662307
[11:16:30.769] [WARNING] [PingTimeout] 클라이언트 ID: -572662307
[11:16:30.800] [WARNING] [PingTimeout] 클라이언트 ID: -572662307
[11:16:30.830] [WARNING] [PingTimeout] 클라이언트 ID: -572662307
[11:16:30.860] [WARNING] [PingTimeout] 클라이언트 ID: -572662307
[11:16:30.892] [WARNING] [PingTimeout] 클라이언트 ID: -572662307
[11:16:30.923] [WARNING] [PingTimeout] 클라이언트 ID: -572662307
[11:16:30.953] [WARNING] [PingTimeout] 클라이언트 ID: -572662307
[11:16:30.984] [WARNING] [PingTimeout] 클라이언트 ID: -572662307
[11:16:31.015] [WARNING] [PingTimeout] 클라이언트 ID: -572662307
[11:16:31.046] [WARNING] [PingTimeout] 클라이언트 ID: -572662307
[11:16:31.077] [WARNING] [PingTimeout] 클라이언트 ID: -572662307
[11:16:31.109] [WARNING] [PingTimeout] 클라이언트 ID: -572662307
[11:16:31.139] [WARNING] [PingTimeout] 클라이언트 ID: -572662307
[11:16:31.170] [WARNING] [PingTimeout] 클라이언트 ID: -572662307
[11:16:31.201] [WARNING] [PingTimeout] 클라이언트 ID: -572662307
[11:16:31.232] [WARNING] [PingTimeout] 클라이언트 ID: -572662307
[11:16:31.264] [WARNING] [PingTimeout] 클라이언트 ID: -572662307
[11:16:31.295] [WARNING] [PingTimeout] 클라이언트 ID: -572662307
[11:16:31.327] [WARNING] [PingTimeout] 클라이언트 ID: -572662307
[11:16:31.357] [WARNING] [PingTimeout] 클라이언트 ID: -572662307
[11:16:31.389] [WARNING] [PingTimeout] 클라이언트 ID: -572662307
[11:16:31.420] [WARNING] [PingTimeout] 클라이언트 ID: -572662307
[11:16:31.452] [WARNING] [PingTimeout] 클라이언트 ID: -572662307
[11:16:31.483] [WARNING] [PingTimeout] 클라이언트 ID: -572662307
[11:16:31.513] [WARNING] [PingTimeout] 클라이언트 ID: -572662307
[11:16:31.544] [WARNING] [PingTimeout] 클라이언트 ID: -572662307
[11:16:31.574] [WARNING] [PingTimeout] 클라이언트 ID: -572662307
[11:16:31.605] [WARNING] [PingTimeout] 클라이언트 ID: -572662307
[11:16:31.635] [WARNING] [PingTimeout] 클라이언트 ID: -572662307
[11:16:31.666] [WARNING] [PingTimeout] 클라이언트 ID: -572662307
[11:16:31.697] [WARNING] [PingTimeout] 클라이언트 ID: -572662307
[11:16:31.727] [WARNING] [PingTimeout] 클라이언트 ID: -572662307
[11:16:31.759] [WARNING] [PingTimeout] 클라이언트 ID: -572662307
[11:16:31.790] [WARNING] [PingTimeout] 클라이언트 ID: -572662307
[11:16:31.821] [WARNING] [PingTimeout] 클라이언트 ID: -572662307
[11:16:31.851] [WARNING] [PingTimeout] 클라이언트 ID: -572662307
[11:16:31.883] [WARNING] [PingTimeout] 클라이언트 ID: -572662307
[11:16:31.915] [WARNING] [PingTimeout] 클라이언트 ID: -572662307
[11:16:31.946] [WARNING] [PingTimeout] 클라이언트 ID: -572662307
[11:16:31.976] [WARNING] [PingTimeout] 클라이언트 ID: -572662307
[11:16:32.008] [WARNING] [PingTimeout] 클라이언트 ID: -572662307
[11:16:32.039] [WARNING] [PingTimeout] 클라이언트 ID: -572662307
[11:16:32.069] [WARNING] [PingTimeout] 클라이언트 ID: -572662307
[11:16:32.100] [WARNING] [PingTimeout] 클라이언트 ID: -572662307
[11:16:32.132] [WARNING] [PingTimeout] 클라이언트 ID: -572662307
[11:16:32.162] [WARNING] [PingTimeout] 클라이언트 ID: -572662307
[11:16:32.193] [WARNING] [PingTimeout] 클라이언트 ID: -572662307
[11:16:32.224] [WARNING] [PingTimeout] 클라이언트 ID: -572662307
[11:16:32.255] [WARNING] [PingTimeout] 클라이언트 ID: -572662307
[11:16:32.287] [WARNING] [PingTimeout] 클라이언트 ID: -572662307
[11:16:32.318] [WARNING] [PingTimeout] 클라이언트 ID: -572662307
[11:16:32.348] [WARNING] [PingTimeout] 클라이언트 ID: -572662307
[11:16:32.380] [WARNING] [PingTimeout] 클라이언트 ID: -572662307
[11:16:32.410] [WARNING] [PingTimeout] 클라이언트 ID: -572662307
[11:16:32.441] [WARNING] [PingTimeout] 클라이언트 ID: -572662307
[11:16:32.472] [WARNING] [PingTimeout] 클라이언트 ID: -572662307
[11:16:32.503] [WARNING] [PingTimeout] 클라이언트 ID: -572662307
[11:16:32.534] [WARNING] [PingTimeout] 클라이언트 ID: -572662307
[11:16:32.565] [WARNING] [PingTimeout] 클라이언트 ID: -572662307
[11:16:32.597] [WARNING] [PingTimeout] 클라이언트 ID: -572662307
[11:16:32.629] [WARNING] [PingTimeout] 클라이언트 ID: -572662307
[11:16:32.660] [WARNING] [PingTimeout] 클라이언트 ID: -572662307
[11:16:32.691] [WARNING] [PingTimeout] 클라이언트 ID: -572662307
[11:16:32.722] [WARNING] [PingTimeout] 클라이언트 ID: -572662307
[11:16:32.753] [WARNING] [PingTimeout] 클라이언트 ID: -572662307
[11:16:32.785] [WARNING] [PingTimeout] 클라이언트 ID: -572662307
[11:16:32.815] [WARNING] [PingTimeout] 클라이언트 ID: -572662307
[11:16:32.846] [WARNING] [PingTimeout] 클라이언트 ID: -572662307
[11:16:32.877] [WARNING] [PingTimeout] 클라이언트 ID: -572662307
[11:16:32.909] [WARNING] [PingTimeout] 클라이언트 ID: -572662307
[11:16:32.939] [WARNING] [PingTimeout] 클라이언트 ID: -572662307
[11:16:32.969] [WARNING] [PingTimeout] 클라이언트 ID: -572662307
[11:16:33.001] [WARNING] [PingTimeout] 클라이언트 ID: -572662307
[11:16:33.033] [WARNING] [PingTimeout] 클라이언트 ID: -572662307
[11:16:33.063] [WARNING] [PingTimeout] 클라이언트 ID: -572662307
[11:16:33.094] [WARNING] [PingTimeout] 클라이언트 ID: -572662307
[11:16:33.125] [WARNING] [PingTimeout] 클라이언트 ID: -572662307
[11:16:33.156] [WARNING] [PingTimeout] 클라이언트 ID: -572662307
[11:16:33.187] [WARNING] [PingTimeout] 클라이언트 ID: -572662307
[11:16:33.219] [WARNING] [PingTimeout] 클라이언트 ID: -572662307
[11:16:33.249] [WARNING] [PingTimeout] 클라이언트 ID: -572662307
[11:16:33.280] [WARNING] [PingTimeout] 클라이언트 ID: -572662307
[11:16:33.312] [WARNING] [PingTimeout] 클라이언트 ID: -572662307
[11:16:33.343] [WARNING] [PingTimeout] 클라이언트 ID: -572662307
[11:16:33.374] [WARNING] [PingTimeout] 클라이언트 ID: -572662307
[11:16:33.405] [WARNING] [PingTimeout] 클라이언트 ID: -572662307
[11:16:33.437] [WARNING] [PingTimeout] 클라이언트 ID: -572662307
[11:16:33.469] [WARNING] [PingTimeout] 클라이언트 ID: -572662307
[11:16:33.499] [WARNING] [PingTimeout] 클라이언트 ID: -572662307
[11:16:33.530] [WARNING] [PingTimeout] 클라이언트 ID: -572662307
[11:16:33.560] [WARNING] [PingTimeout] 클라이언트 ID: -572662307
[11:16:33.591] [WARNING] [PingTimeout] 클라이언트 ID: -572662307
[11:16:33.622] [WARNING] [PingTimeout] 클라이언트 ID: -572662307
[11:16:33.654] [WARNING] [PingTimeout] 클라이언트 ID: -572662307
[11:16:33.685] [WARNING] [PingTimeout] 클라이언트 ID: -572662307
[11:16:33.715] [WARNING] [PingTimeout] 클라이언트 ID: -572662307
[11:16:33.747] [WARNING] [PingTimeout] 클라이언트 ID: -572662307
[11:16:33.778] [WARNING] [PingTimeout] 클라이언트 ID: -572662307
[11:16:33.810] [WARNING] [PingTimeout] 클라이언트 ID: -572662307
[11:16:33.841] [WARNING] [PingTimeout] 클라이언트 ID: -572662307
[11:16:33.873] [WARNING] [PingTimeout] 클라이언트 ID: -572662307
[11:16:33.903] [WARNING] [PingTimeout] 클라이언트 ID: -572662307
[11:16:33.935] [WARNING] [PingTimeout] 클라이언트 ID: -572662307
[11:16:33.965] [WARNING] [PingTimeout] 클라이언트 ID: -572662307
[11:16:33.997] [WARNING] [PingTimeout] 클라이언트 ID: -572662307
[11:16:34.027] [WARNING] [PingTimeout] 클라이언트 ID: -572662307
[11:16:34.058] [WARNING] [PingTimeout] 클라이언트 ID: -572662307
[11:16:34.089] [WARNING] [PingTimeout] 클라이언트 ID: -572662307
[11:16:34.119] [WARNING] [PingTimeout] 클라이언트 ID: -572662307
[11:16:34.150] [WARNING] [PingTimeout] 클라이언트 ID: -572662307
[11:16:34.179] [WARNING] [PingTimeout] 클라이언트 ID: -572662307
[11:16:34.209] [WARNING] [PingTimeout] 클라이언트 ID: -572662307
[11:16:34.239] [WARNING] [PingTimeout] 클라이언트 ID: -572662307
[11:16:34.270] [WARNING] [PingTimeout] 클라이언트 ID: -572662307
[11:16:34.300] [WARNING] [PingTimeout] 클라이언트 ID: -572662307
[11:16:34.331] [WARNING] [PingTimeout] 클라이언트 ID: -572662307
[11:16:34.360] [WARNING] [PingTimeout] 클라이언트 ID: -572662307
[11:16:34.392] [WARNING] [PingTimeout] 클라이언트 ID: -572662307
[11:16:34.423] [WARNING] [PingTimeout] 클라이언트 ID: -572662307
[11:16:34.453] [WARNING] [PingTimeout] 클라이언트 ID: -572662307
[11:16:34.485] [WARNING] [PingTimeout] 클라이언트 ID: -572662307
[11:16:34.515] [WARNING] [PingTimeout] 클라이언트 ID: -572662307
[11:16:34.547] [WARNING] [PingTimeout] 클라이언트 ID: -572662307
[11:16:34.577] [WARNING] [PingTimeout] 클라이언트 ID: -572662307
[11:16:34.609] [WARNING] [PingTimeout] 클라이언트 ID: -572662307
[11:16:34.639] [WARNING] [PingTimeout] 클라이언트 ID: -572662307
[11:16:34.671] [WARNING] [PingTimeout] 클라이언트 ID: -572662307
[11:16:34.702] [WARNING] [PingTimeout] 클라이언트 ID: -572662307
[11:16:34.734] [WARNING] [PingTimeout] 클라이언트 ID: -572662307
[11:16:34.765] [WARNING] [PingTimeout] 클라이언트 ID: -572662307
[11:16:34.797] [WARNING] [PingTimeout] 클라이언트 ID: -572662307
[11:16:34.827] [WARNING] [PingTimeout] 클라이언트 ID: -572662307
[11:16:34.858] [WARNING] [PingTimeout] 클라이언트 ID: -572662307
[11:16:34.888] [WARNING] [PingTimeout] 클라이언트 ID: -572662307
[11:16:34.919] [WARNING] [PingTimeout] 클라이언트 ID: -572662307
[11:16:34.951] [WARNING] [PingTimeout] 클라이언트 ID: -572662307
[11:16:34.981] [WARNING] [PingTimeout] 클라이언트 ID: -572662307
[11:16:35.013] [WARNING] [PingTimeout] 클라이언트 ID: -572662307
[11:16:35.044] [WARNING] [PingTimeout] 클라이언트 ID: -572662307
[11:16:35.075] [WARNING] [PingTimeout] 클라이언트 ID: -572662307
[11:16:35.107] [WARNING] [PingTimeout] 클라이언트 ID: -572662307
[11:16:35.137] [WARNING] [PingTimeout] 클라이언트 ID: -572662307
[11:16:35.168] [WARNING] [PingTimeout] 클라이언트 ID: -572662307
[11:16:35.198] [WARNING] [PingTimeout] 클라이언트 ID: -572662307
[11:16:35.229] [WARNING] [PingTimeout] 클라이언트 ID: -572662307
[11:16:35.260] [WARNING] [PingTimeout] 클라이언트 ID: -572662307
[11:16:35.291] [WARNING] [PingTimeout] 클라이언트 ID: -572662307
[11:16:35.322] [WARNING] [PingTimeout] 클라이언트 ID: -572662307
[11:16:35.354] [WARNING] [PingTimeout] 클라이언트 ID: -572662307
[11:16:35.384] [WARNING] [PingTimeout] 클라이언트 ID: -572662307
[11:16:35.415] [WARNING] [PingTimeout] 클라이언트 ID: -572662307
[11:16:35.446] [WARNING] [PingTimeout] 클라이언트 ID: -572662307
[11:16:35.477] [WARNING] [PingTimeout] 클라이언트 ID: -572662307
[11:16:35.507] [WARNING] [PingTimeout] 클라이언트 ID: -572662307
[11:16:35.539] [WARNING] [PingTimeout] 클라이언트 ID: -572662307
[11:16:35.569] [WARNING] [PingTimeout] 클라이언트 ID: -572662307
[11:16:35.600] [WARNING] [PingTimeout] 클라이언트 ID: -572662307
[11:16:35.632] [WARNING] [PingTimeout] 클라이언트 ID: -572662307
[11:16:35.663] [WARNING] [PingTimeout] 클라이언트 ID: -572662307
[11:16:35.694] [WARNING] [PingTimeout] 클라이언트 ID: -572662307
[11:16:35.725] [WARNING] [PingTimeout] 클라이언트 ID: -572662307
[11:16:35.755] [WARNING] [PingTimeout] 클라이언트 ID: -572662307
[11:16:35.787] [WARNING] [PingTimeout] 클라이언트 ID: -572662307
[11:16:35.818] [WARNING] [PingTimeout] 클라이언트 ID: -572662307
[11:16:35.849] [WARNING] [PingTimeout] 클라이언트 ID: -572662307
[11:16:35.880] [WARNING] [PingTimeout] 클라이언트 ID: -572662307
[11:16:35.911] [WARNING] [PingTimeout] 클라이언트 ID: -572662307
[11:16:35.942] [WARNING] [PingTimeout] 클라이언트 ID: -572662307
[11:16:35.973] [WARNING] [PingTimeout] 클라이언트 ID: -572662307
[11:16:36.003] [WARNING] [PingTimeout] 클라이언트 ID: -572662307
[11:16:36.034] [WARNING] [PingTimeout] 클라이언트 ID: -572662307
[11:16:36.065] [WARNING] [PingTimeout] 클라이언트 ID: -572662307
[11:16:36.096] [WARNING] [PingTimeout] 클라이언트 ID: -572662307
[11:16:36.126] [WARNING] [PingTimeout] 클라이언트 ID: -572662307
[11:16:36.157] [WARNING] [PingTimeout] 클라이언트 ID: -572662307
[11:16:36.187] [WARNING] [PingTimeout] 클라이언트 ID: -572662307
[11:16:36.217] [WARNING] [PingTimeout] 클라이언트 ID: -572662307
[11:16:36.247] [WARNING] [PingTimeout] 클라이언트 ID: -572662307
[11:16:36.277] [WARNING] [PingTimeout] 클라이언트 ID: -572662307
[11:16:36.307] [WARNING] [PingTimeout] 클라이언트 ID: -572662307
[11:16:36.336] [WARNING] [PingTimeout] 클라이언트 ID: -572662307
[11:16:36.367] [WARNING] [PingTimeout] 클라이언트 ID: -572662307
[11:16:36.398] [WARNING] [PingTimeout] 클라이언트 ID: -572662307
[11:16:36.428] [WARNING] [PingTimeout] 클라이언트 ID: -572662307
[11:16:36.459] [WARNING] [PingTimeout] 클라이언트 ID: -572662307
[11:16:36.489] [WARNING] [PingTimeout] 클라이언트 ID: -572662307
[11:16:36.520] [WARNING] [PingTimeout] 클라이언트 ID: -572662307
[11:16:36.551] [WARNING] [PingTimeout] 클라이언트 ID: -572662307
[11:16:36.582] [WARNING] [PingTimeout] 클라이언트 ID: -572662307
[11:16:36.614] [WARNING] [PingTimeout] 클라이언트 ID: -572662307
[11:16:36.644] [WARNING] [PingTimeout] 클라이언트 ID: -572662307
[11:16:36.675] [WARNING] [PingTimeout] 클라이언트 ID: -572662307
[11:16:36.707] [WARNING] [PingTimeout] 클라이언트 ID: -572662307
[11:16:36.738] [WARNING] [PingTimeout] 클라이언트 ID: -572662307
[11:16:36.770] [WARNING] [PingTimeout] 클라이언트 ID: -572662307
[11:16:36.800] [WARNING] [PingTimeout] 클라이언트 ID: -572662307
[11:16:36.830] [WARNING] [PingTimeout] 클라이언트 ID: -572662307
[11:16:36.862] [WARNING] [PingTimeout] 클라이언트 ID: -572662307
[11:16:36.893] [WARNING] [PingTimeout] 클라이언트 ID: -572662307
[11:16:36.925] [WARNING] [PingTimeout] 클라이언트 ID: -572662307
[11:16:36.957] [WARNING] [PingTimeout] 클라이언트 ID: -572662307
[11:16:36.987] [WARNING] [PingTimeout] 클라이언트 ID: -572662307
[11:16:37.019] [WARNING] [PingTimeout] 클라이언트 ID: -572662307
[11:16:37.050] [WARNING] [PingTimeout] 클라이언트 ID: -572662307
[11:16:37.081] [WARNING] [PingTimeout] 클라이언트 ID: -572662307
[11:16:37.112] [WARNING] [PingTimeout] 클라이언트 ID: -572662307
[11:16:37.143] [WARNING] [PingTimeout] 클라이언트 ID: -572662307
[11:16:37.173] [WARNING] [PingTimeout] 클라이언트 ID: -572662307
[11:16:37.205] [WARNING] [PingTimeout] 클라이언트 ID: -572662307
[11:16:37.235] [WARNING] [PingTimeout] 클라이언트 ID: -572662307
[11:16:37.267] [WARNING] [PingTimeout] 클라이언트 ID: -572662307
[11:16:37.299] [WARNING] [PingTimeout] 클라이언트 ID: -572662307
[11:16:37.330] [WARNING] [PingTimeout] 클라이언트 ID: -572662307
[11:16:37.360] [WARNING] [PingTimeout] 클라이언트 ID: -572662307
[11:16:37.392] [WARNING] [PingTimeout] 클라이언트 ID: -572662307
[11:16:37.422] [WARNING] [PingTimeout] 클라이언트 ID: -572662307
[11:16:37.453] [WARNING] [PingTimeout] 클라이언트 ID: -572662307
[11:16:37.485] [WARNING] [PingTimeout] 클라이언트 ID: -572662307
[11:16:37.517] [WARNING] [PingTimeout] 클라이언트 ID: -572662307
[11:16:37.548] [WARNING] [PingTimeout] 클라이언트 ID: -572662307
[11:16:37.580] [WARNING] [PingTimeout] 클라이언트 ID: -572662307
[11:16:37.611] [WARNING] [PingTimeout] 클라이언트 ID: -572662307
[11:16:37.642] [WARNING] [PingTimeout] 클라이언트 ID: -572662307
[11:16:37.673] [WARNING] [PingTimeout] 클라이언트 ID: -572662307
[11:16:37.705] [WARNING] [PingTimeout] 클라이언트 ID: -572662307
[11:16:37.735] [WARNING] [PingTimeout] 클라이언트 ID: -572662307
[11:16:37.766] [WARNING] [PingTimeout] 클라이언트 ID: -572662307
[11:16:37.797] [WARNING] [PingTimeout] 클라이언트 ID: -572662307
[11:16:37.828] [WARNING] [PingTimeout] 클라이언트 ID: -572662307
[11:16:37.859] [WARNING] [PingTimeout] 클라이언트 ID: -572662307
[11:16:37.890] [WARNING] [PingTimeout] 클라이언트 ID: -572662307
[11:16:37.921] [WARNING] [PingTimeout] 클라이언트 ID: -572662307
[11:16:37.951] [WARNING] [PingTimeout] 클라이언트 ID: -572662307
[11:16:37.982] [WARNING] [PingTimeout] 클라이언트 ID: -572662307
[11:16:38.012] [WARNING] [PingTimeout] 클라이언트 ID: -572662307
[11:16:38.043] [WARNING] [PingTimeout] 클라이언트 ID: -572662307
[11:16:38.073] [WARNING] [PingTimeout] 클라이언트 ID: -572662307
[11:16:38.105] [WARNING] [PingTimeout] 클라이언트 ID: -572662307
[11:16:38.137] [WARNING] [PingTimeout] 클라이언트 ID: -572662307
[11:16:38.167] [WARNING] [PingTimeout] 클라이언트 ID: -572662307
[11:16:38.198] [WARNING] [PingTimeout] 클라이언트 ID: -572662307
[11:16:38.229] [WARNING] [PingTimeout] 클라이언트 ID: -572662307
[11:16:38.260] [WARNING] [PingTimeout] 클라이언트 ID: -572662307
[11:16:38.291] [WARNING] [PingTimeout] 클라이언트 ID: -572662307
[11:16:38.322] [WARNING] [PingTimeout] 클라이언트 ID: -572662307
[11:16:38.352] [WARNING] [PingTimeout] 클라이언트 ID: -572662307
[11:16:38.382] [WARNING] [PingTimeout] 클라이언트 ID: -572662307
[11:16:38.413] [WARNING] [PingTimeout] 클라이언트 ID: -572662307
[11:16:38.444] [WARNING] [PingTimeout] 클라이언트 ID: -572662307
[11:16:38.475] [WARNING] [PingTimeout] 클라이언트 ID: -572662307
[11:16:38.505] [WARNING] [PingTimeout] 클라이언트 ID: -572662307
[11:16:38.535] [WARNING] [PingTimeout] 클라이언트 ID: -572662307
[11:16:38.566] [WARNING] [PingTimeout] 클라이언트 ID: -572662307
[11:16:38.597] [WARNING] [PingTimeout] 클라이언트 ID: -572662307
[11:16:38.627] [WARNING] [PingTimeout] 클라이언트 ID: -572662307
[11:16:38.658] [WARNING] [PingTimeout] 클라이언트 ID: -572662307
[11:16:38.689] [WARNING] [PingTimeout] 클라이언트 ID: -572662307
[11:16:38.720] [WARNING] [PingTimeout] 클라이언트 ID: -572662307
[11:16:38.750] [WARNING] [PingTimeout] 클라이언트 ID: -572662307
[11:16:38.780] [WARNING] [PingTimeout] 클라이언트 ID: -572662307
[11:16:38.812] [WARNING] [PingTimeout] 클라이언트 ID: -572662307
[11:16:38.843] [WARNING] [PingTimeout] 클라이언트 ID: -572662307
[11:16:38.873] [WARNING] [PingTimeout] 클라이언트 ID: -572662307
[11:16:38.904] [WARNING] [PingTimeout] 클라이언트 ID: -572662307
[11:16:38.934] [WARNING] [PingTimeout] 클라이언트 ID: -572662307
[11:16:38.966] [WARNING] [PingTimeout] 클라이언트 ID: -572662307
[11:16:38.997] [WARNING] [PingTimeout] 클라이언트 ID: -572662307
[11:16:39.027] [WARNING] [PingTimeout] 클라이언트 ID: -572662307
[11:16:39.058] [WARNING] [PingTimeout] 클라이언트 ID: -572662307
[11:16:39.089] [WARNING] [PingTimeout] 클라이언트 ID: -572662307
[11:16:39.119] [WARNING] [PingTimeout] 클라이언트 ID: -572662307
[11:16:39.149] [WARNING] [PingTimeout] 클라이언트 ID: -572662307
[11:16:39.180] [WARNING] [PingTimeout] 클라이언트 ID: -572662307
[11:16:39.211] [WARNING] [PingTimeout] 클라이언트 ID: -572662307
[11:16:39.242] [WARNING] [PingTimeout] 클라이언트 ID: -572662307
[11:16:39.274] [WARNING] [PingTimeout] 클라이언트 ID: -572662307
[11:16:39.303] [WARNING] [PingTimeout] 클라이언트 ID: -572662307
[11:16:39.334] [WARNING] [PingTimeout] 클라이언트 ID: -572662307
[11:16:39.363] [WARNING] [PingTimeout] 클라이언트 ID: -572662307
[11:16:39.394] [WARNING] [PingTimeout] 클라이언트 ID: -572662307
[11:16:39.424] [WARNING] [PingTimeout] 클라이언트 ID: -572662307
[11:16:39.455] [WARNING] [PingTimeout] 클라이언트 ID: -572662307
[11:16:39.486] [WARNING] [PingTimeout] 클라이언트 ID: -572662307
[11:16:39.517] [WARNING] [PingTimeout] 클라이언트 ID: -572662307
[11:16:39.548] [WARNING] [PingTimeout] 클라이언트 ID: -572662307
[11:16:39.578] [WARNING] [PingTimeout] 클라이언트 ID: -572662307
[11:16:39.609] [WARNING] [PingTimeout] 클라이언트 ID: -572662307
[11:16:39.639] [WARNING] [PingTimeout] 클라이언트 ID: -572662307
[11:16:39.670] [WARNING] [PingTimeout] 클라이언트 ID: -572662307
[11:16:39.700] [WARNING] [PingTimeout] 클라이언트 ID: -572662307
[11:16:39.730] [WARNING] [PingTimeout] 클라이언트 ID: -572662307
[11:16:39.760] [WARNING] [PingTimeout] 클라이언트 ID: -572662307
[11:16:39.792] [WARNING] [PingTimeout] 클라이언트 ID: -572662307
[11:16:39.821] [WARNING] [PingTimeout] 클라이언트 ID: -572662307
[11:16:39.852] [WARNING] [PingTimeout] 클라이언트 ID: -572662307
[11:16:39.882] [WARNING] [PingTimeout] 클라이언트 ID: -572662307
[11:16:39.914] [WARNING] [PingTimeout] 클라이언트 ID: -572662307
[11:16:39.945] [WARNING] [PingTimeout] 클라이언트 ID: -572662307
[11:16:39.975] [WARNING] [PingTimeout] 클라이언트 ID: -572662307
[11:16:40.005] [WARNING] [PingTimeout] 클라이언트 ID: -572662307
[11:16:40.036] [WARNING] [PingTimeout] 클라이언트 ID: -572662307
[11:16:40.068] [WARNING] [PingTimeout] 클라이언트 ID: -572662307
[11:16:40.099] [WARNING] [PingTimeout] 클라이언트 ID: -572662307
[11:16:40.130] [WARNING] [PingTimeout] 클라이언트 ID: -572662307
[11:16:40.161] [WARNING] [PingTimeout] 클라이언트 ID: -572662307
[11:16:40.191] [WARNING] [PingTimeout] 클라이언트 ID: -572662307
[11:16:40.221] [WARNING] [PingTimeout] 클라이언트 ID: -572662307
[11:16:40.252] [WARNING] [PingTimeout] 클라이언트 ID: -572662307
[11:16:40.282] [WARNING] [PingTimeout] 클라이언트 ID: -572662307
[11:16:40.313] [WARNING] [PingTimeout] 클라이언트 ID: -572662307
[11:16:40.343] [WARNING] [PingTimeout] 클라이언트 ID: -572662307
[11:16:40.374] [WARNING] [PingTimeout] 클라이언트 ID: -572662307
[11:16:40.404] [WARNING] [PingTimeout] 클라이언트 ID: -572662307
[11:16:40.434] [WARNING] [PingTimeout] 클라이언트 ID: -572662307
[11:16:40.465] [WARNING] [PingTimeout] 클라이언트 ID: -572662307
[11:16:40.496] [WARNING] [PingTimeout] 클라이언트 ID: -572662307
[11:16:40.527] [WARNING] [PingTimeout] 클라이언트 ID: -572662307
[11:16:40.557] [WARNING] [PingTimeout] 클라이언트 ID: -572662307
[11:16:40.588] [WARNING] [PingTimeout] 클라이언트 ID: -572662307
[11:16:40.619] [WARNING] [PingTimeout] 클라이언트 ID: -572662307
[11:16:40.650] [WARNING] [PingTimeout] 클라이언트 ID: -572662307
[11:16:40.681] [WARNING] [PingTimeout] 클라이언트 ID: -572662307
[11:16:40.712] [WARNING] [PingTimeout] 클라이언트 ID: -572662307
[11:16:40.743] [WARNING] [PingTimeout] 클라이언트 ID: -572662307
[11:16:40.774] [WARNING] [PingTimeout] 클라이언트 ID: -572662307
[11:16:40.805] [WARNING] [PingTimeout] 클라이언트 ID: -572662307
[11:16:40.835] [WARNING] [PingTimeout] 클라이언트 ID: -572662307
[11:16:40.866] [WARNING] [PingTimeout] 클라이언트 ID: -572662307
[11:16:40.896] [WARNING] [PingTimeout] 클라이언트 ID: -572662307
[11:16:40.927] [WARNING] [PingTimeout] 클라이언트 ID: -572662307
[11:16:40.957] [WARNING] [PingTimeout] 클라이언트 ID: -572662307
[11:16:40.988] [WARNING] [PingTimeout] 클라이언트 ID: -572662307
[11:16:41.018] [WARNING] [PingTimeout] 클라이언트 ID: -572662307
[11:16:41.049] [WARNING] [PingTimeout] 클라이언트 ID: -572662307
[11:16:41.080] [WARNING] [PingTimeout] 클라이언트 ID: -572662307
[11:16:41.110] [WARNING] [PingTimeout] 클라이언트 ID: -572662307
[11:16:41.142] [WARNING] [PingTimeout] 클라이언트 ID: -572662307
[11:16:41.173] [WARNING] [PingTimeout] 클라이언트 ID: -572662307
[11:16:41.204] [WARNING] [PingTimeout] 클라이언트 ID: -572662307
[11:16:41.234] [WARNING] [PingTimeout] 클라이언트 ID: -572662307
[11:16:41.266] [WARNING] [PingTimeout] 클라이언트 ID: -572662307
[11:16:41.296] [WARNING] [PingTimeout] 클라이언트 ID: -572662307
[11:16:41.327] [WARNING] [PingTimeout] 클라이언트 ID: -572662307
[11:16:41.357] [WARNING] [PingTimeout] 클라이언트 ID: -572662307
[11:16:41.389] [WARNING] [PingTimeout] 클라이언트 ID: -572662307
[11:16:41.419] [WARNING] [PingTimeout] 클라이언트 ID: -572662307
[11:16:41.449] [WARNING] [PingTimeout] 클라이언트 ID: -572662307
[11:16:41.479] [WARNING] [PingTimeout] 클라이언트 ID: -572662307
[11:16:41.510] [WARNING] [PingTimeout] 클라이언트 ID: -572662307
[11:16:41.540] [WARNING] [PingTimeout] 클라이언트 ID: -572662307
[11:16:41.571] [WARNING] [PingTimeout] 클라이언트 ID: -572662307
[11:16:41.602] [WARNING] [PingTimeout] 클라이언트 ID: -572662307
[11:16:41.632] [WARNING] [PingTimeout] 클라이언트 ID: -572662307
[11:16:41.664] [WARNING] [PingTimeout] 클라이언트 ID: -572662307
[11:16:41.696] [WARNING] [PingTimeout] 클라이언트 ID: -572662307
[11:16:41.727] [WARNING] [PingTimeout] 클라이언트 ID: -572662307
[11:16:41.758] [WARNING] [PingTimeout] 클라이언트 ID: -572662307
[11:16:41.788] [WARNING] [PingTimeout] 클라이언트 ID: -572662307
[11:16:41.820] [WARNING] [PingTimeout] 클라이언트 ID: -572662307
[11:16:41.851] [WARNING] [PingTimeout] 클라이언트 ID: -572662307
[11:16:41.882] [WARNING] [PingTimeout] 클라이언트 ID: -572662307
[11:16:41.913] [WARNING] [PingTimeout] 클라이언트 ID: -572662307
[11:16:41.943] [WARNING] [PingTimeout] 클라이언트 ID: -572662307
[11:16:41.974] [WARNING] [PingTimeout] 클라이언트 ID: -572662307
[11:16:42.004] [WARNING] [PingTimeout] 클라이언트 ID: -572662307
[11:16:42.035] [WARNING] [PingTimeout] 클라이언트 ID: -572662307
[11:16:42.065] [WARNING] [PingTimeout] 클라이언트 ID: -572662307
[11:16:42.096] [WARNING] [PingTimeout] 클라이언트 ID: -572662307
[11:16:42.126] [WARNING] [PingTimeout] 클라이언트 ID: -572662307
[11:16:42.157] [WARNING] [PingTimeout] 클라이언트 ID: -572662307
[11:16:42.189] [WARNING] [PingTimeout] 클라이언트 ID: -572662307
[11:16:42.221] [WARNING] [PingTimeout] 클라이언트 ID: -572662307
[11:16:42.252] [WARNING] [PingTimeout] 클라이언트 ID: -572662307
[11:16:42.284] [WARNING] [PingTimeout] 클라이언트 ID: -572662307
[11:16:42.314] [WARNING] [PingTimeout] 클라이언트 ID: -572662307
[11:16:42.344] [WARNING] [PingTimeout] 클라이언트 ID: -572662307
[11:16:42.375] [WARNING] [PingTimeout] 클라이언트 ID: -572662307
[11:16:42.405] [WARNING] [PingTimeout] 클라이언트 ID: -572662307
[11:16:42.436] [WARNING] [PingTimeout] 클라이언트 ID: -572662307
[11:16:42.467] [WARNING] [PingTimeout] 클라이언트 ID: -572662307
[11:16:42.498] [WARNING] [PingTimeout] 클라이언트 ID: -572662307
[11:16:42.528] [WARNING] [PingTimeout] 클라이언트 ID: -572662307
[11:16:42.559] [WARNING] [PingTimeout] 클라이언트 ID: -572662307
[11:16:42.589] [WARNING] [PingTimeout] 클라이언트 ID: -572662307
[11:16:42.620] [WARNING] [PingTimeout] 클라이언트 ID: -572662307
[11:16:42.650] [WARNING] [PingTimeout] 클라이언트 ID: -572662307
[11:16:42.680] [WARNING] [PingTimeout] 클라이언트 ID: -572662307
[11:16:42.711] [WARNING] [PingTimeout] 클라이언트 ID: -572662307
[11:16:42.742] [WARNING] [PingTimeout] 클라이언트 ID: -572662307
[11:16:42.773] [WARNING] [PingTimeout] 클라이언트 ID: -572662307
[11:16:42.804] [WARNING] [PingTimeout] 클라이언트 ID: -572662307
[11:16:42.835] [WARNING] [PingTimeout] 클라이언트 ID: -572662307
[11:16:42.866] [WARNING] [PingTimeout] 클라이언트 ID: -572662307
[11:16:42.897] [WARNING] [PingTimeout] 클라이언트 ID: -572662307
[11:16:42.927] [WARNING] [PingTimeout] 클라이언트 ID: -572662307
[11:16:42.958] [WARNING] [PingTimeout] 클라이언트 ID: -572662307
[11:16:42.990] [WARNING] [PingTimeout] 클라이언트 ID: -572662307
[11:16:43.020] [WARNING] [PingTimeout] 클라이언트 ID: -572662307
[11:16:43.051] [WARNING] [PingTimeout] 클라이언트 ID: -572662307
[11:16:43.081] [WARNING] [PingTimeout] 클라이언트 ID: -572662307
[11:16:43.112] [WARNING] [PingTimeout] 클라이언트 ID: -572662307
[11:16:43.142] [WARNING] [PingTimeout] 클라이언트 ID: -572662307
[11:16:43.173] [WARNING] [PingTimeout] 클라이언트 ID: -572662307
[11:16:43.204] [WARNING] [PingTimeout] 클라이언트 ID: -572662307
[11:16:43.235] [WARNING] [PingTimeout] 클라이언트 ID: -572662307
[11:16:43.266] [WARNING] [PingTimeout] 클라이언트 ID: -572662307
[11:16:43.296] [WARNING] [PingTimeout] 클라이언트 ID: -572662307
[11:16:43.328] [WARNING] [PingTimeout] 클라이언트 ID: -572662307
[11:16:43.359] [WARNING] [PingTimeout] 클라이언트 ID: -572662307
[11:16:43.390] [WARNING] [PingTimeout] 클라이언트 ID: -572662307
[11:16:43.421] [WARNING] [PingTimeout] 클라이언트 ID: -572662307
[11:16:43.451] [WARNING] [PingTimeout] 클라이언트 ID: -572662307
[11:16:43.482] [WARNING] [PingTimeout] 클라이언트 ID: -572662307
[11:16:43.514] [WARNING] [PingTimeout] 클라이언트 ID: -572662307
[11:16:43.545] [WARNING] [PingTimeout] 클라이언트 ID: -572662307
[11:16:43.575] [WARNING] [PingTimeout] 클라이언트 ID: -572662307
[11:16:43.606] [WARNING] [PingTimeout] 클라이언트 ID: -572662307
[11:16:43.607] [WARNING] [PingTimeout] 클라이언트 ID: -572662307
[11:16:43.637] [WARNING] [PingTimeout] 클라이언트 ID: -572662307
[11:16:43.667] [WARNING] [PingTimeout] 클라이언트 ID: -572662307
[11:16:43.698] [WARNING] [PingTimeout] 클라이언트 ID: -572662307
[11:16:43.729] [WARNING] [PingTimeout] 클라이언트 ID: -572662307
[11:16:43.760] [WARNING] [PingTimeout] 클라이언트 ID: -572662307
[11:16:43.791] [WARNING] [PingTimeout] 클라이언트 ID: -572662307
[11:16:43.822] [WARNING] [PingTimeout] 클라이언트 ID: -572662307
[11:16:43.852] [WARNING] [PingTimeout] 클라이언트 ID: -572662307
[11:16:43.883] [WARNING] [PingTimeout] 클라이언트 ID: -572662307
[11:16:43.913] [WARNING] [PingTimeout] 클라이언트 ID: -572662307
[11:16:43.944] [WARNING] [PingTimeout] 클라이언트 ID: -572662307
[11:16:43.975] [WARNING] [PingTimeout] 클라이언트 ID: -572662307
[11:16:44.006] [WARNING] [PingTimeout] 클라이언트 ID: -572662307
[11:16:44.037] [WARNING] [PingTimeout] 클라이언트 ID: -572662307
[11:16:44.067] [WARNING] [PingTimeout] 클라이언트 ID: -572662307
[11:16:44.098] [WARNING] [PingTimeout] 클라이언트 ID: -572662307
[11:16:44.129] [WARNING] [PingTimeout] 클라이언트 ID: -572662307
[11:16:44.161] [WARNING] [PingTimeout] 클라이언트 ID: -572662307
[11:16:44.192] [WARNING] [PingTimeout] 클라이언트 ID: -572662307
[11:16:44.223] [WARNING] [PingTimeout] 클라이언트 ID: -572662307
[11:16:44.253] [WARNING] [PingTimeout] 클라이언트 ID: -572662307
[11:16:44.284] [WARNING] [PingTimeout] 클라이언트 ID: -572662307
[11:16:44.316] [WARNING] [PingTimeout] 클라이언트 ID: -572662307
[11:16:44.347] [WARNING] [PingTimeout] 클라이언트 ID: -572662307
[11:16:44.378] [WARNING] [PingTimeout] 클라이언트 ID: -572662307
[11:16:44.409] [WARNING] [PingTimeout] 클라이언트 ID: -572662307
[11:16:44.439] [WARNING] [PingTimeout] 클라이언트 ID: -572662307
[11:16:44.470] [WARNING] [PingTimeout] 클라이언트 ID: -572662307
[11:16:44.501] [WARNING] [PingTimeout] 클라이언트 ID: -572662307
[11:16:44.531] [WARNING] [PingTimeout] 클라이언트 ID: -572662307
[11:16:44.562] [WARNING] [PingTimeout] 클라이언트 ID: -572662307
[11:16:44.594] [WARNING] [PingTimeout] 클라이언트 ID: -572662307
[11:16:44.625] [WARNING] [PingTimeout] 클라이언트 ID: -572662307
[11:16:44.655] [WARNING] [PingTimeout] 클라이언트 ID: -572662307
[11:16:44.687] [WARNING] [PingTimeout] 클라이언트 ID: -572662307
[11:16:44.718] [WARNING] [PingTimeout] 클라이언트 ID: -572662307
[11:16:44.749] [WARNING] [PingTimeout] 클라이언트 ID: -572662307
[11:16:44.779] [WARNING] [PingTimeout] 클라이언트 ID: -572662307
[11:16:44.810] [WARNING] [PingTimeout] 클라이언트 ID: -572662307
[11:16:44.840] [WARNING] [PingTimeout] 클라이언트 ID: -572662307
[11:16:44.871] [WARNING] [PingTimeout] 클라이언트 ID: -572662307
[11:16:44.903] [WARNING] [PingTimeout] 클라이언트 ID: -572662307
[11:16:44.935] [WARNING] [PingTimeout] 클라이언트 ID: -572662307
[11:16:44.965] [WARNING] [PingTimeout] 클라이언트 ID: -572662307
[11:16:44.997] [WARNING] [PingTimeout] 클라이언트 ID: -572662307
[11:16:44.997] [WARNING] [PingTimeout] 클라이언트 ID: -572662307
[11:16:45.028] [WARNING] [PingTimeout] 클라이언트 ID: -572662307
[11:16:45.059] [WARNING] [PingTimeout] 클라이언트 ID: -572662307
[11:16:45.090] [WARNING] [PingTimeout] 클라이언트 ID: -572662307
[11:16:45.120] [WARNING] [PingTimeout] 클라이언트 ID: -572662307
[11:16:45.150] [WARNING] [PingTimeout] 클라이언트 ID: -572662307
[11:16:45.182] [WARNING] [PingTimeout] 클라이언트 ID: -572662307
[11:16:45.213] [WARNING] [PingTimeout] 클라이언트 ID: -572662307
[11:16:45.244] [WARNING] [PingTimeout] 클라이언트 ID: -572662307
[11:16:45.275] [WARNING] [PingTimeout] 클라이언트 ID: -572662307
[11:16:45.307] [WARNING] [PingTimeout] 클라이언트 ID: -572662307
[11:16:45.337] [WARNING] [PingTimeout] 클라이언트 ID: -572662307
[11:16:45.369] [WARNING] [PingTimeout] 클라이언트 ID: -572662307
[11:16:45.400] [WARNING] [PingTimeout] 클라이언트 ID: -572662307
[11:16:45.431] [WARNING] [PingTimeout] 클라이언트 ID: -572662307
[11:16:45.461] [WARNING] [PingTimeout] 클라이언트 ID: -572662307
[11:16:45.492] [WARNING] [PingTimeout] 클라이언트 ID: -572662307
[11:16:45.523] [WARNING] [PingTimeout] 클라이언트 ID: -572662307
[11:16:45.553] [WARNING] [PingTimeout] 클라이언트 ID: -572662307
[11:16:45.584] [WARNING] [PingTimeout] 클라이언트 ID: -572662307
[11:16:45.615] [WARNING] [PingTimeout] 클라이언트 ID: -572662307
[11:16:45.646] [WARNING] [PingTimeout] 클라이언트 ID: -572662307
[11:16:45.677] [WARNING] [PingTimeout] 클라이언트 ID: -572662307
[11:16:45.708] [WARNING] [PingTimeout] 클라이언트 ID: -572662307
[11:16:45.740] [WARNING] [PingTimeout] 클라이언트 ID: -572662307
[11:16:45.770] [WARNING] [PingTimeout] 클라이언트 ID: -572662307
[11:16:45.800] [WARNING] [PingTimeout] 클라이언트 ID: -572662307
[11:16:45.830] [WARNING] [PingTimeout] 클라이언트 ID: -572662307
[11:16:45.861] [WARNING] [PingTimeout] 클라이언트 ID: -572662307
[11:16:45.891] [WARNING] [PingTimeout] 클라이언트 ID: -572662307
[11:16:45.922] [WARNING] [PingTimeout] 클라이언트 ID: -572662307
[11:16:45.953] [WARNING] [PingTimeout] 클라이언트 ID: -572662307
[11:16:45.984] [WARNING] [PingTimeout] 클라이언트 ID: -572662307
[11:16:46.015] [WARNING] [PingTimeout] 클라이언트 ID: -572662307
[11:16:46.045] [WARNING] [PingTimeout] 클라이언트 ID: -572662307
[11:16:46.076] [WARNING] [PingTimeout] 클라이언트 ID: -572662307
[11:16:46.107] [WARNING] [PingTimeout] 클라이언트 ID: -572662307
[11:16:46.137] [WARNING] [PingTimeout] 클라이언트 ID: -572662307
[11:16:46.167] [WARNING] [PingTimeout] 클라이언트 ID: -572662307
[11:16:46.197] [WARNING] [PingTimeout] 클라이언트 ID: -572662307
[11:16:46.228] [WARNING] [PingTimeout] 클라이언트 ID: -572662307
[11:16:46.258] [WARNING] [PingTimeout] 클라이언트 ID: -572662307
[11:16:46.289] [WARNING] [PingTimeout] 클라이언트 ID: -572662307
[11:16:46.320] [WARNING] [PingTimeout] 클라이언트 ID: -572662307
[11:16:46.351] [WARNING] [PingTimeout] 클라이언트 ID: -572662307
[11:16:46.383] [WARNING] [PingTimeout] 클라이언트 ID: -572662307
[11:16:46.414] [WARNING] [PingTimeout] 클라이언트 ID: -572662307
[11:16:46.445] [WARNING] [PingTimeout] 클라이언트 ID: -572662307
[11:16:46.475] [WARNING] [PingTimeout] 클라이언트 ID: -572662307
[11:16:46.505] [WARNING] [PingTimeout] 클라이언트 ID: -572662307
[11:16:46.537] [WARNING] [PingTimeout] 클라이언트 ID: -572662307
[11:16:46.568] [WARNING] [PingTimeout] 클라이언트 ID: -572662307
[11:16:46.598] [WARNING] [PingTimeout] 클라이언트 ID: -572662307
[11:16:46.629] [WARNING] [PingTimeout] 클라이언트 ID: -572662307
[11:16:46.659] [WARNING] [PingTimeout] 클라이언트 ID: -572662307
[11:16:46.690] [WARNING] [PingTimeout] 클라이언트 ID: -572662307
[11:16:46.721] [WARNING] [PingTimeout] 클라이언트 ID: -572662307
[11:16:46.752] [WARNING] [PingTimeout] 클라이언트 ID: -572662307
[11:16:46.782] [WARNING] [PingTimeout] 클라이언트 ID: -572662307
[11:16:46.812] [WARNING] [PingTimeout] 클라이언트 ID: -572662307
[11:16:46.843] [WARNING] [PingTimeout] 클라이언트 ID: -572662307
[11:16:46.873] [WARNING] [PingTimeout] 클라이언트 ID: -572662307
[11:16:46.905] [WARNING] [PingTimeout] 클라이언트 ID: -572662307
[11:16:46.936] [WARNING] [PingTimeout] 클라이언트 ID: -572662307
[11:16:46.967] [WARNING] [PingTimeout] 클라이언트 ID: -572662307
[11:16:46.997] [WARNING] [PingTimeout] 클라이언트 ID: -572662307
[11:16:47.029] [WARNING] [PingTimeout] 클라이언트 ID: -572662307
[11:16:47.060] [WARNING] [PingTimeout] 클라이언트 ID: -572662307
[11:16:47.091] [WARNING] [PingTimeout] 클라이언트 ID: -572662307
[11:16:47.121] [WARNING] [PingTimeout] 클라이언트 ID: -572662307
[11:16:47.152] [WARNING] [PingTimeout] 클라이언트 ID: -572662307
[11:16:47.182] [WARNING] [PingTimeout] 클라이언트 ID: -572662307
[11:16:47.213] [WARNING] [PingTimeout] 클라이언트 ID: -572662307
[11:16:47.244] [WARNING] [PingTimeout] 클라이언트 ID: -572662307
[11:16:47.275] [WARNING] [PingTimeout] 클라이언트 ID: -572662307
[11:16:47.307] [WARNING] [PingTimeout] 클라이언트 ID: -572662307
[11:16:47.337] [WARNING] [PingTimeout] 클라이언트 ID: -572662307
[11:16:47.368] [WARNING] [PingTimeout] 클라이언트 ID: -572662307
[11:16:47.400] [WARNING] [PingTimeout] 클라이언트 ID: -572662307
[11:16:47.431] [WARNING] [PingTimeout] 클라이언트 ID: -572662307
[11:16:47.462] [WARNING] [PingTimeout] 클라이언트 ID: -572662307
[11:16:47.493] [WARNING] [PingTimeout] 클라이언트 ID: -572662307
[11:16:47.523] [WARNING] [PingTimeout] 클라이언트 ID: -572662307
[11:16:47.555] [WARNING] [PingTimeout] 클라이언트 ID: -572662307
[11:16:47.586] [WARNING] [PingTimeout] 클라이언트 ID: -572662307
[11:16:47.616] [WARNING] [PingTimeout] 클라이언트 ID: -572662307
[11:16:47.647] [WARNING] [PingTimeout] 클라이언트 ID: -572662307
[11:16:47.677] [WARNING] [PingTimeout] 클라이언트 ID: -572662307
[11:16:47.708] [WARNING] [PingTimeout] 클라이언트 ID: -572662307
[11:16:47.739] [WARNING] [PingTimeout] 클라이언트 ID: -572662307
[11:16:47.769] [WARNING] [PingTimeout] 클라이언트 ID: -572662307
[11:16:47.799] [WARNING] [PingTimeout] 클라이언트 ID: -572662307
[11:16:47.831] [WARNING] [PingTimeout] 클라이언트 ID: -572662307
[11:16:47.862] [WARNING] [PingTimeout] 클라이언트 ID: -572662307
[11:16:47.893] [WARNING] [PingTimeout] 클라이언트 ID: -572662307
[11:16:47.923] [WARNING] [PingTimeout] 클라이언트 ID: -572662307
[11:16:47.953] [WARNING] [PingTimeout] 클라이언트 ID: -572662307
[11:16:47.984] [WARNING] [PingTimeout] 클라이언트 ID: -572662307
[11:16:48.015] [WARNING] [PingTimeout] 클라이언트 ID: -572662307
[11:16:48.046] [WARNING] [PingTimeout] 클라이언트 ID: -572662307
[11:16:48.076] [WARNING] [PingTimeout] 클라이언트 ID: -572662307
[11:16:48.108] [WARNING] [PingTimeout] 클라이언트 ID: -572662307
[11:16:48.138] [WARNING] [PingTimeout] 클라이언트 ID: -572662307
[11:16:48.168] [WARNING] [PingTimeout] 클라이언트 ID: -572662307
[11:16:48.199] [WARNING] [PingTimeout] 클라이언트 ID: -572662307
[11:16:48.229] [WARNING] [PingTimeout] 클라이언트 ID: -572662307
[11:16:48.260] [WARNING] [PingTimeout] 클라이언트 ID: -572662307
[11:16:48.291] [WARNING] [PingTimeout] 클라이언트 ID: -572662307
[11:16:48.321] [WARNING] [PingTimeout] 클라이언트 ID: -572662307
[11:16:48.352] [WARNING] [PingTimeout] 클라이언트 ID: -572662307
[11:16:48.382] [WARNING] [PingTimeout] 클라이언트 ID: -572662307
[11:16:48.414] [WARNING] [PingTimeout] 클라이언트 ID: -572662307
[11:16:48.445] [WARNING] [PingTimeout] 클라이언트 ID: -572662307
[11:16:48.476] [WARNING] [PingTimeout] 클라이언트 ID: -572662307
[11:16:48.507] [WARNING] [PingTimeout] 클라이언트 ID: -572662307
[11:16:48.538] [WARNING] [PingTimeout] 클라이언트 ID: -572662307
[11:16:48.568] [WARNING] [PingTimeout] 클라이언트 ID: -572662307
[11:16:48.599] [WARNING] [PingTimeout] 클라이언트 ID: -572662307
[11:16:48.630] [WARNING] [PingTimeout] 클라이언트 ID: -572662307
[11:16:48.661] [WARNING] [PingTimeout] 클라이언트 ID: -572662307
[11:16:48.692] [WARNING] [PingTimeout] 클라이언트 ID: -572662307
[11:16:48.723] [WARNING] [PingTimeout] 클라이언트 ID: -572662307
[11:16:48.754] [WARNING] [PingTimeout] 클라이언트 ID: -572662307
[11:16:48.785] [WARNING] [PingTimeout] 클라이언트 ID: -572662307
[11:16:48.816] [WARNING] [PingTimeout] 클라이언트 ID: -572662307
[11:16:48.848] [WARNING] [PingTimeout] 클라이언트 ID: -572662307
[11:16:48.878] [WARNING] [PingTimeout] 클라이언트 ID: -572662307
[11:16:48.908] [WARNING] [PingTimeout] 클라이언트 ID: -572662307
[11:16:48.939] [WARNING] [PingTimeout] 클라이언트 ID: -572662307
[11:16:48.969] [WARNING] [PingTimeout] 클라이언트 ID: -572662307
[11:16:49.000] [WARNING] [PingTimeout] 클라이언트 ID: -572662307
[11:16:49.031] [WARNING] [PingTimeout] 클라이언트 ID: -572662307
[11:16:49.061] [WARNING] [PingTimeout] 클라이언트 ID: -572662307
[11:16:49.091] [WARNING] [PingTimeout] 클라이언트 ID: -572662307
[11:16:49.122] [WARNING] [PingTimeout] 클라이언트 ID: -572662307
[11:16:49.153] [WARNING] [PingTimeout] 클라이언트 ID: -572662307
[11:16:49.183] [WARNING] [PingTimeout] 클라이언트 ID: -572662307
[11:16:49.214] [WARNING] [PingTimeout] 클라이언트 ID: -572662307
[11:16:49.245] [WARNING] [PingTimeout] 클라이언트 ID: -572662307
[11:16:49.277] [WARNING] [PingTimeout] 클라이언트 ID: -572662307
[11:16:49.305] [WARNING] [PingTimeout] 클라이언트 ID: -572662307
[11:16:49.336] [WARNING] [PingTimeout] 클라이언트 ID: -572662307
[11:16:49.367] [WARNING] [PingTimeout] 클라이언트 ID: -572662307
[11:16:49.397] [WARNING] [PingTimeout] 클라이언트 ID: -572662307
[11:16:49.427] [WARNING] [PingTimeout] 클라이언트 ID: -572662307
[11:16:49.458] [WARNING] [PingTimeout] 클라이언트 ID: -572662307
[11:16:49.489] [WARNING] [PingTimeout] 클라이언트 ID: -572662307
[11:16:49.520] [WARNING] [PingTimeout] 클라이언트 ID: -572662307
[11:16:49.551] [WARNING] [PingTimeout] 클라이언트 ID: -572662307
[11:16:49.582] [WARNING] [PingTimeout] 클라이언트 ID: -572662307
[11:16:49.612] [WARNING] [PingTimeout] 클라이언트 ID: -572662307
[11:16:49.644] [WARNING] [PingTimeout] 클라이언트 ID: -572662307
[11:16:49.676] [WARNING] [PingTimeout] 클라이언트 ID: -572662307
[11:16:49.707] [WARNING] [PingTimeout] 클라이언트 ID: -572662307
[11:16:49.737] [WARNING] [PingTimeout] 클라이언트 ID: -572662307
[11:16:49.768] [WARNING] [PingTimeout] 클라이언트 ID: -572662307
[11:16:49.799] [WARNING] [PingTimeout] 클라이언트 ID: -572662307
[11:16:49.831] [WARNING] [PingTimeout] 클라이언트 ID: -572662307
[11:16:49.861] [WARNING] [PingTimeout] 클라이언트 ID: -572662307
[11:16:49.892] [WARNING] [PingTimeout] 클라이언트 ID: -572662307
[11:16:49.923] [WARNING] [PingTimeout] 클라이언트 ID: -572662307
[11:16:49.954] [WARNING] [PingTimeout] 클라이언트 ID: -572662307
[11:16:49.985] [WARNING] [PingTimeout] 클라이언트 ID: -572662307
[11:16:50.016] [WARNING] [PingTimeout] 클라이언트 ID: -572662307
[11:16:50.046] [WARNING] [PingTimeout] 클라이언트 ID: -572662307
[11:16:50.076] [WARNING] [PingTimeout] 클라이언트 ID: -572662307
[11:16:50.107] [WARNING] [PingTimeout] 클라이언트 ID: -572662307
[11:16:50.137] [WARNING] [PingTimeout] 클라이언트 ID: -572662307
[11:16:50.168] [WARNING] [PingTimeout] 클라이언트 ID: -572662307
[11:16:50.199] [WARNING] [PingTimeout] 클라이언트 ID: -572662307
[11:16:50.230] [WARNING] [PingTimeout] 클라이언트 ID: -572662307
[11:16:50.261] [WARNING] [PingTimeout] 클라이언트 ID: -572662307
[11:16:50.293] [WARNING] [PingTimeout] 클라이언트 ID: -572662307
[11:16:50.324] [WARNING] [PingTimeout] 클라이언트 ID: -572662307
[11:16:50.354] [WARNING] [PingTimeout] 클라이언트 ID: -572662307
[11:16:50.385] [WARNING] [PingTimeout] 클라이언트 ID: -572662307
[11:16:50.417] [WARNING] [PingTimeout] 클라이언트 ID: -572662307
[11:16:50.448] [WARNING] [PingTimeout] 클라이언트 ID: -572662307
[11:16:50.479] [WARNING] [PingTimeout] 클라이언트 ID: -572662307
[11:16:50.511] [WARNING] [PingTimeout] 클라이언트 ID: -572662307
[11:16:50.542] [WARNING] [PingTimeout] 클라이언트 ID: -572662307
[11:16:50.574] [WARNING] [PingTimeout] 클라이언트 ID: -572662307
[11:16:50.604] [WARNING] [PingTimeout] 클라이언트 ID: -572662307
[11:16:50.636] [WARNING] [PingTimeout] 클라이언트 ID: -572662307
[11:16:50.666] [WARNING] [PingTimeout] 클라이언트 ID: -572662307
[11:16:50.697] [WARNING] [PingTimeout] 클라이언트 ID: -572662307
[11:16:50.728] [WARNING] [PingTimeout] 클라이언트 ID: -572662307
[11:16:50.758] [WARNING] [PingTimeout] 클라이언트 ID: -572662307
[11:16:50.790] [WARNING] [PingTimeout] 클라이언트 ID: -572662307
[11:16:50.821] [WARNING] [PingTimeout] 클라이언트 ID: -572662307
[11:16:50.853] [WARNING] [PingTimeout] 클라이언트 ID: -572662307
[11:16:50.884] [WARNING] [PingTimeout] 클라이언트 ID: -572662307
[11:16:50.917] [WARNING] [PingTimeout] 클라이언트 ID: -572662307
[11:16:50.948] [WARNING] [PingTimeout] 클라이언트 ID: -572662307
[11:16:50.980] [WARNING] [PingTimeout] 클라이언트 ID: -572662307
[11:16:51.012] [WARNING] [PingTimeout] 클라이언트 ID: -572662307
[11:16:51.043] [WARNING] [PingTimeout] 클라이언트 ID: -572662307
[11:16:51.074] [WARNING] [PingTimeout] 클라이언트 ID: -572662307
[11:16:51.105] [WARNING] [PingTimeout] 클라이언트 ID: -572662307
[11:16:51.135] [WARNING] [PingTimeout] 클라이언트 ID: -572662307
[11:16:51.166] [WARNING] [PingTimeout] 클라이언트 ID: -572662307
[11:16:51.197] [WARNING] [PingTimeout] 클라이언트 ID: -572662307
[11:16:51.228] [WARNING] [PingTimeout] 클라이언트 ID: -572662307
[11:16:51.259] [WARNING] [PingTimeout] 클라이언트 ID: -572662307
[11:16:51.290] [WARNING] [PingTimeout] 클라이언트 ID: -572662307
[11:16:51.321] [WARNING] [PingTimeout] 클라이언트 ID: -572662307
[11:16:51.353] [WARNING] [PingTimeout] 클라이언트 ID: -572662307
[11:16:51.383] [WARNING] [PingTimeout] 클라이언트 ID: -572662307
[11:16:51.415] [WARNING] [PingTimeout] 클라이언트 ID: -572662307
[11:16:51.447] [WARNING] [PingTimeout] 클라이언트 ID: -572662307
[11:16:51.478] [WARNING] [PingTimeout] 클라이언트 ID: -572662307
[11:16:51.509] [WARNING] [PingTimeout] 클라이언트 ID: -572662307
[11:16:51.541] [WARNING] [PingTimeout] 클라이언트 ID: -572662307
[11:16:51.572] [WARNING] [PingTimeout] 클라이언트 ID: -572662307
[11:16:51.603] [WARNING] [PingTimeout] 클라이언트 ID: -572662307
[11:16:51.634] [WARNING] [PingTimeout] 클라이언트 ID: -572662307
[11:16:51.665] [WARNING] [PingTimeout] 클라이언트 ID: -572662307
[11:16:51.695] [WARNING] [PingTimeout] 클라이언트 ID: -572662307
[11:16:51.725] [WARNING] [PingTimeout] 클라이언트 ID: -572662307
[11:16:51.755] [WARNING] [PingTimeout] 클라이언트 ID: -572662307
[11:16:51.787] [WARNING] [PingTimeout] 클라이언트 ID: -572662307
[11:16:51.818] [WARNING] [PingTimeout] 클라이언트 ID: -572662307
[11:16:51.848] [WARNING] [PingTimeout] 클라이언트 ID: -572662307
[11:16:51.878] [WARNING] [PingTimeout] 클라이언트 ID: -572662307
[11:16:51.909] [WARNING] [PingTimeout] 클라이언트 ID: -572662307
[11:16:51.941] [WARNING] [PingTimeout] 클라이언트 ID: -572662307
[11:16:51.971] [WARNING] [PingTimeout] 클라이언트 ID: -572662307
[11:16:52.003] [WARNING] [PingTimeout] 클라이언트 ID: -572662307
[11:16:52.033] [WARNING] [PingTimeout] 클라이언트 ID: -572662307
[11:16:52.065] [WARNING] [PingTimeout] 클라이언트 ID: -572662307
[11:16:52.095] [WARNING] [PingTimeout] 클라이언트 ID: -572662307
[11:16:52.127] [WARNING] [PingTimeout] 클라이언트 ID: -572662307
[11:16:52.157] [WARNING] [PingTimeout] 클라이언트 ID: -572662307
[11:16:52.188] [WARNING] [PingTimeout] 클라이언트 ID: -572662307
[11:16:52.219] [WARNING] [PingTimeout] 클라이언트 ID: -572662307
[11:16:52.249] [WARNING] [PingTimeout] 클라이언트 ID: -572662307
[11:16:52.280] [WARNING] [PingTimeout] 클라이언트 ID: -572662307
[11:16:52.311] [WARNING] [PingTimeout] 클라이언트 ID: -572662307
[11:16:52.342] [WARNING] [PingTimeout] 클라이언트 ID: -572662307
[11:16:52.372] [WARNING] [PingTimeout] 클라이언트 ID: -572662307
[11:16:52.403] [WARNING] [PingTimeout] 클라이언트 ID: -572662307
[11:16:52.434] [WARNING] [PingTimeout] 클라이언트 ID: -572662307
[11:16:52.465] [WARNING] [PingTimeout] 클라이언트 ID: -572662307
[11:16:52.496] [WARNING] [PingTimeout] 클라이언트 ID: -572662307
[11:16:52.527] [WARNING] [PingTimeout] 클라이언트 ID: -572662307
[11:16:52.559] [WARNING] [PingTimeout] 클라이언트 ID: -572662307
[11:16:52.589] [WARNING] [PingTimeout] 클라이언트 ID: -572662307
[11:16:52.620] [WARNING] [PingTimeout] 클라이언트 ID: -572662307
