[11:14:55.479] [INFO] 로깅 시스템 초기화됨
[11:14:55.479] [INFO] IOCPServer 인스턴스 생성됨
[11:14:55.479] [INFO] 서버 초기화 시작 (포트: 9000)
[11:14:55.482] [INFO] 작업자 스레드 생성됨: 1
[11:14:55.482] [INFO] 작업자 스레드 생성됨: 2
[11:14:55.483] [INFO] 작업자 스레드 생성됨: 3
[11:14:55.483] [INFO] 작업자 스레드 생성됨: 4
[11:14:55.483] [INFO] 작업자 스레드 생성됨: 5
[11:14:55.484] [INFO] 작업자 스레드 생성됨: 6
[11:14:55.484] [INFO] 작업자 스레드 생성됨: 7
[11:14:55.484] [INFO] 작업자 스레드 생성됨: 8
[11:14:55.485] [INFO] 작업자 스레드 생성됨: 9
[11:14:55.485] [INFO] 작업자 스레드 생성됨: 10
[11:14:55.486] [INFO] 작업자 스레드 생성됨: 11
[11:14:55.486] [INFO] 작업자 스레드 생성됨: 12
[11:14:55.487] [INFO] 작업자 스레드 생성됨: 13
[11:14:55.487] [INFO] 작업자 스레드 생성됨: 14
[11:14:55.488] [INFO] 작업자 스레드 생성됨: 15
[11:14:55.488] [INFO] 작업자 스레드 생성됨: 16
[11:14:55.489] [INFO] 서버 초기화 완료
[11:14:55.489] [INFO] 서버 실행. 포트 번호: 9000
[11:14:55.489] [INFO] 서버 실행 시작
[11:15:02.751] [INFO] 새 클라이언트에게 ID 1 전송됨
[11:15:02.751] [INFO] 초기 위치 정보 전송 - 클라이언트 ID: 1
[11:15:02.751] [INFO] 새 클라이언트 연결됨: ID 1, IP: 127.0.0.1, Port: 3370
[11:15:02.752] [WARNING] 클라이언트 소켓 오류 또는 종료 - ID: 1
