[11:05:06.162] [INFO] 로깅 시스템 초기화됨
[11:05:06.162] [INFO] IOCPServer 인스턴스 생성됨
[11:05:06.163] [INFO] 서버 초기화 시작 (포트: 9000)
[11:05:06.165] [INFO] 작업자 스레드 생성됨: 1
[11:05:06.165] [INFO] 작업자 스레드 생성됨: 2
[11:05:06.166] [INFO] 작업자 스레드 생성됨: 3
[11:05:06.166] [INFO] 작업자 스레드 생성됨: 4
[11:05:06.167] [INFO] 작업자 스레드 생성됨: 5
[11:05:06.167] [INFO] 작업자 스레드 생성됨: 6
[11:05:06.167] [INFO] 작업자 스레드 생성됨: 7
[11:05:06.168] [INFO] 작업자 스레드 생성됨: 8
[11:05:06.168] [INFO] 작업자 스레드 생성됨: 9
[11:05:06.169] [INFO] 작업자 스레드 생성됨: 10
[11:05:06.169] [INFO] 작업자 스레드 생성됨: 11
[11:05:06.169] [INFO] 작업자 스레드 생성됨: 12
[11:05:06.170] [INFO] 작업자 스레드 생성됨: 13
[11:05:06.170] [INFO] 작업자 스레드 생성됨: 14
[11:05:06.171] [INFO] 작업자 스레드 생성됨: 15
[11:05:06.172] [INFO] 작업자 스레드 생성됨: 16
[11:05:06.172] [INFO] 서버 초기화 완료
[11:05:06.172] [INFO] 서버 실행. 포트 번호: 9000
[11:05:06.172] [INFO] 서버 실행 시작
[11:05:41.736] [INFO] 새 클라이언트에게 ID 1 전송됨
[11:05:41.736] [INFO] 초기 위치 정보 전송 - 클라이언트 ID: 1
[11:05:41.737] [INFO] 새 클라이언트 연결됨: ID 1, IP: 127.0.0.1, Port: 3220
[11:05:41.737] [WARNING] 클라이언트 소켓 오류 또는 종료 - ID: 1
