[00:47:24.338] [INFO] 로깅 시스템 초기화됨
[00:47:24.339] [INFO] 서버 인스턴스 생성됨
[00:47:24.339] [INFO] 서버 초기화 시작 (포트: 9000)
[00:47:24.340] [INFO] 윈속 초기화 성공
[00:47:24.341] [INFO] 리스닝 소켓 생성 성공
[00:47:24.341] [INFO] 소켓 바인딩 성공 (포트: 9000)
[00:47:24.341] [INFO] 리스닝 시작됨
[00:47:24.341] [INFO] IOCP 생성 성공
[00:47:24.342] [INFO] CPU 코어 수: 16, 생성할 작업자 스레드: 16
[00:47:24.342] [INFO] 작업자 스레드 #1 생성됨
[00:47:24.342] [INFO] 작업자 스레드 시작 (ThreadID: 2472)
[00:47:24.342] [INFO] 작업자 스레드 #2 생성됨
[00:47:24.342] [INFO] 작업자 스레드 시작 (ThreadID: 33972)
[00:47:24.343] [INFO] 작업자 스레드 #3 생성됨
[00:47:24.343] [INFO] 작업자 스레드 시작 (ThreadID: 26688)
[00:47:24.343] [INFO] 작업자 스레드 #4 생성됨
[00:47:24.343] [INFO] 작업자 스레드 시작 (ThreadID: 20936)
[00:47:24.344] [INFO] 작업자 스레드 #5 생성됨
[00:47:24.344] [INFO] 작업자 스레드 시작 (ThreadID: 25852)
[00:47:24.344] [INFO] 작업자 스레드 #6 생성됨
[00:47:24.344] [INFO] 작업자 스레드 시작 (ThreadID: 23756)
[00:47:24.344] [INFO] 작업자 스레드 #7 생성됨
[00:47:24.345] [INFO] 작업자 스레드 시작 (ThreadID: 26792)
[00:47:24.345] [INFO] 작업자 스레드 #8 생성됨
[00:47:24.345] [INFO] 작업자 스레드 시작 (ThreadID: 30128)
[00:47:24.345] [INFO] 작업자 스레드 #9 생성됨
[00:47:24.345] [INFO] 작업자 스레드 시작 (ThreadID: 27116)
[00:47:24.345] [INFO] 작업자 스레드 #10 생성됨
[00:47:24.346] [INFO] 작업자 스레드 시작 (ThreadID: 31424)
[00:47:24.346] [INFO] 작업자 스레드 #11 생성됨
[00:47:24.346] [INFO] 작업자 스레드 시작 (ThreadID: 9176)
[00:47:24.346] [INFO] 작업자 스레드 #12 생성됨
[00:47:24.346] [INFO] 작업자 스레드 시작 (ThreadID: 33556)
[00:47:24.347] [INFO] 작업자 스레드 #13 생성됨
[00:47:24.347] [INFO] 작업자 스레드 시작 (ThreadID: 8136)
[00:47:24.347] [INFO] 작업자 스레드 #14 생성됨
[00:47:24.347] [INFO] 작업자 스레드 시작 (ThreadID: 26692)
[00:47:24.347] [INFO] 작업자 스레드 #15 생성됨
[00:47:24.347] [INFO] 작업자 스레드 시작 (ThreadID: 4680)
[00:47:24.348] [INFO] 작업자 스레드 #16 생성됨
[00:47:24.348] [INFO] 서버 초기화 완료
[00:47:24.348] [INFO] 작업자 스레드 시작 (ThreadID: 14236)
[00:47:24.348] [INFO] 서버 실행. 포트 번호: 9000
[00:47:24.348] [INFO] IOCP 멀티플레이어 서버 시작됨...
[00:47:24.348] [INFO] 서버 실행 시작
[00:47:29.865] [INFO] [SendPacket] WSASend 요청 성공 - 컨텍스트: SendClientId, 보낸 크기: 7, 클라이언트 ID: 1
[00:47:29.865] [INFO] 새 클라이언트에게 ID 1 전송됨
[00:47:29.866] [INFO] [SendPacket] WSASend 요청 성공 - 컨텍스트: SendInitialPosition, 보낸 크기: 32, 클라이언트 ID: 1
[00:47:29.866] [INFO] 초기 위치 정보 전송됨 - 클라이언트 ID: 1, 위치: X=0.000000, Y=0.000000, Z=90.000000
[00:47:29.866] [INFO] 새 플레이어 정보(ID: 1) 브로드캐스트 - 수신자 수: 0
[00:47:29.867] [INFO] 기존 플레이어 정보 0개가 새 클라이언트(ID: 1)에게 전송됨
[00:47:29.867] [INFO] 위치 업데이트 - 클라이언트 ID: 1, 위치: X=0.000000, Y=0.000000, Z=90.000000, 속도: X=0.000000, Y=0.000000, Z=0.000000
[00:47:29.867] [INFO] 서버 FPS: 0.362647, 평균 프레임 시간: 551.500000ms, 클라이언트 수: 1
[00:47:30.872] [INFO] [SendPacket] WSASend 요청 성공 - 컨텍스트: SendPong, 보낸 크기: 11, 클라이언트 ID: 1
[00:47:31.872] [INFO] [SendPacket] WSASend 요청 성공 - 컨텍스트: SendPong, 보낸 크기: 11, 클라이언트 ID: 1
[00:47:32.874] [INFO] [SendPacket] WSASend 요청 성공 - 컨텍스트: SendPong, 보낸 크기: 11, 클라이언트 ID: 1
