[15:01:11.652] [INFO] 로깅 시스템 초기화됨
[15:01:11.652] [INFO] 서버 인스턴스 생성됨
[15:01:11.652] [INFO] 서버 초기화 시작 (포트: 9000)
[15:01:11.653] [INFO] 윈속 초기화 성공
[15:01:11.654] [INFO] 리스닝 소켓 생성 성공
[15:01:11.654] [INFO] 소켓 바인딩 성공 (포트: 9000)
[15:01:11.654] [INFO] 리스닝 시작됨
[15:01:11.654] [INFO] IOCP 생성 성공
[15:01:11.654] [INFO] CPU 코어 수: 16, 생성할 작업자 스레드: 32
[15:01:11.655] [INFO] 작업자 스레드 #1 생성됨
[15:01:11.655] [INFO] 작업자 스레드 시작 (ThreadID: 8196)
[15:01:11.655] [INFO] 작업자 스레드 #2 생성됨
[15:01:11.655] [INFO] 작업자 스레드 시작 (ThreadID: 25980)
[15:01:11.656] [INFO] 작업자 스레드 #3 생성됨
[15:01:11.656] [INFO] 작업자 스레드 #4 생성됨
[15:01:11.656] [INFO] 작업자 스레드 시작 (ThreadID: 26064)
[15:01:11.656] [INFO] 작업자 스레드 시작 (ThreadID: 25352)
[15:01:11.657] [INFO] 작업자 스레드 #5 생성됨
[15:01:11.657] [INFO] 작업자 스레드 시작 (ThreadID: 4636)
[15:01:11.657] [INFO] 작업자 스레드 #6 생성됨
[15:01:11.657] [INFO] 작업자 스레드 시작 (ThreadID: 25644)
[15:01:11.657] [INFO] 작업자 스레드 #7 생성됨
[15:01:11.658] [INFO] 작업자 스레드 시작 (ThreadID: 20432)
[15:01:11.658] [INFO] 작업자 스레드 #8 생성됨
[15:01:11.658] [INFO] 작업자 스레드 시작 (ThreadID: 25884)
[15:01:11.658] [INFO] 작업자 스레드 #9 생성됨
[15:01:11.658] [INFO] 작업자 스레드 시작 (ThreadID: 25900)
[15:01:11.658] [INFO] 작업자 스레드 #10 생성됨
[15:01:11.659] [INFO] 작업자 스레드 시작 (ThreadID: 25908)
[15:01:11.659] [INFO] 작업자 스레드 #11 생성됨
[15:01:11.659] [INFO] 작업자 스레드 시작 (ThreadID: 3884)
[15:01:11.659] [INFO] 작업자 스레드 #12 생성됨
[15:01:11.659] [INFO] 작업자 스레드 시작 (ThreadID: 24340)
[15:01:11.659] [INFO] 작업자 스레드 #13 생성됨
[15:01:11.660] [INFO] 작업자 스레드 시작 (ThreadID: 6944)
[15:01:11.660] [INFO] 작업자 스레드 #14 생성됨
[15:01:11.660] [INFO] 작업자 스레드 시작 (ThreadID: 31960)
[15:01:11.660] [INFO] 작업자 스레드 #15 생성됨
[15:01:11.660] [INFO] 작업자 스레드 시작 (ThreadID: 2736)
[15:01:11.660] [INFO] 작업자 스레드 #16 생성됨
[15:01:11.661] [INFO] 작업자 스레드 시작 (ThreadID: 29280)
[15:01:11.661] [INFO] 작업자 스레드 #17 생성됨
[15:01:11.661] [INFO] 작업자 스레드 시작 (ThreadID: 22968)
[15:01:11.661] [INFO] 작업자 스레드 #18 생성됨
[15:01:11.661] [INFO] 작업자 스레드 시작 (ThreadID: 22300)
[15:01:11.662] [INFO] 작업자 스레드 #19 생성됨
[15:01:11.662] [INFO] 작업자 스레드 시작 (ThreadID: 20532)
[15:01:11.662] [INFO] 작업자 스레드 #20 생성됨
[15:01:11.662] [INFO] 작업자 스레드 시작 (ThreadID: 13612)
[15:01:11.662] [INFO] 작업자 스레드 #21 생성됨
[15:01:11.663] [INFO] 작업자 스레드 시작 (ThreadID: 3428)
[15:01:11.663] [INFO] 작업자 스레드 #22 생성됨
[15:01:11.663] [INFO] 작업자 스레드 시작 (ThreadID: 26796)
[15:01:11.663] [INFO] 작업자 스레드 #23 생성됨
[15:01:11.663] [INFO] 작업자 스레드 시작 (ThreadID: 30884)
[15:01:11.663] [INFO] 작업자 스레드 #24 생성됨
[15:01:11.664] [INFO] 작업자 스레드 시작 (ThreadID: 18032)
[15:01:11.664] [INFO] 작업자 스레드 #25 생성됨
[15:01:11.664] [INFO] 작업자 스레드 시작 (ThreadID: 30168)
[15:01:11.664] [INFO] 작업자 스레드 #26 생성됨
[15:01:11.664] [INFO] 작업자 스레드 시작 (ThreadID: 26564)
[15:01:11.665] [INFO] 작업자 스레드 #27 생성됨
[15:01:11.665] [INFO] 작업자 스레드 시작 (ThreadID: 29276)
[15:01:11.665] [INFO] 작업자 스레드 #28 생성됨
[15:01:11.665] [INFO] 작업자 스레드 시작 (ThreadID: 6864)
[15:01:11.665] [INFO] 작업자 스레드 #29 생성됨
[15:01:11.665] [INFO] 작업자 스레드 시작 (ThreadID: 25068)
[15:01:11.666] [INFO] 작업자 스레드 #30 생성됨
[15:01:11.666] [INFO] 작업자 스레드 시작 (ThreadID: 32256)
[15:01:11.666] [INFO] 작업자 스레드 #31 생성됨
[15:01:11.666] [INFO] 작업자 스레드 시작 (ThreadID: 15908)
[15:01:11.666] [INFO] 작업자 스레드 #32 생성됨
[15:01:11.666] [INFO] 작업자 스레드 시작 (ThreadID: 26184)
[15:01:11.666] [INFO] 서버 초기화 완료
[15:01:11.667] [INFO] 서버 실행. 포트 번호: 9000
[15:01:11.667] [INFO] IOCP 멀티플레이어 서버 시작됨...
[15:01:11.667] [INFO] 서버 실행 시작
[15:01:32.158] [INFO] 클라이언트 연결됨: 127.0.0.1:8201 (ID: 1)
[15:01:32.159] [INFO] 새 클라이언트에게 ID 1 전송됨
[15:01:32.159] [INFO] 새 플레이어 정보(ID: 1) 브로드캐스트 - 수신자 수: 0
[15:01:32.159] [INFO] 기존 플레이어 정보 0개가 새 클라이언트(ID: 1)에게 전송됨
[15:01:32.159] [INFO] 서버 FPS: 0.097561, 평균 프레임 시간: 2050.000000ms, 클라이언트 수: 1
[15:01:32.160] [INFO] 클라이언트 연결됨: 127.0.0.1:8202 (ID: 2)
[15:01:32.160] [INFO] 새 클라이언트에게 ID 2 전송됨
[15:01:32.160] [INFO] 새 플레이어 정보(ID: 2) 브로드캐스트 - 수신자 수: 1
[15:01:32.160] [INFO] 기존 플레이어 정보 1개가 새 클라이언트(ID: 2)에게 전송됨
[15:01:32.160] [WARNING] 비정상적으로 긴 델타 타임: 20.500000초
[15:01:33.166] [INFO] [서버] PingPacket 수신 - ClientId: 1
[15:01:33.167] [INFO] [서버] PingPacket 수신 - ClientId: 2
[15:01:34.177] [INFO] [서버] PingPacket 수신 - ClientId: 1
[15:01:34.178] [INFO] [서버] PingPacket 수신 - ClientId: 2
[15:01:35.180] [INFO] [서버] PingPacket 수신 - ClientId: 1
[15:01:35.181] [INFO] [서버] PingPacket 수신 - ClientId: 2
