[11:23:17.995] [INFO] 로깅 시스템 초기화됨
[11:23:17.996] [INFO] 서버 인스턴스 생성됨
[11:23:17.996] [INFO] 서버 초기화 시작 (포트: 9000)
[11:23:17.997] [INFO] 윈속 초기화 성공
[11:23:17.998] [INFO] 리스닝 소켓 생성 성공
[11:23:17.998] [INFO] 소켓 바인딩 성공 (포트: 9000)
[11:23:17.998] [INFO] 리스닝 시작됨
[11:23:17.998] [INFO] IOCP 생성 성공
[11:23:17.998] [INFO] CPU 코어 수: 16, 생성할 작업자 스레드: 16
[11:23:17.999] [INFO] 작업자 스레드 #1 생성됨
[11:23:17.999] [INFO] 작업자 스레드 시작 (ThreadID: 27484)
[11:23:17.999] [INFO] 작업자 스레드 #2 생성됨
[11:23:17.999] [INFO] 작업자 스레드 시작 (ThreadID: 14416)
[11:23:18.000] [INFO] 작업자 스레드 #3 생성됨
[11:23:18.000] [INFO] 작업자 스레드 시작 (ThreadID: 29236)
[11:23:18.000] [INFO] 작업자 스레드 #4 생성됨
[11:23:18.000] [INFO] 작업자 스레드 시작 (ThreadID: 19388)
[11:23:18.001] [INFO] 작업자 스레드 #5 생성됨
[11:23:18.001] [INFO] 작업자 스레드 시작 (ThreadID: 24532)
[11:23:18.001] [INFO] 작업자 스레드 #6 생성됨
[11:23:18.001] [INFO] 작업자 스레드 시작 (ThreadID: 24280)
[11:23:18.001] [INFO] 작업자 스레드 #7 생성됨
[11:23:18.001] [INFO] 작업자 스레드 시작 (ThreadID: 31696)
[11:23:18.002] [INFO] 작업자 스레드 #8 생성됨
[11:23:18.002] [INFO] 작업자 스레드 시작 (ThreadID: 24152)
[11:23:18.002] [INFO] 작업자 스레드 #9 생성됨
[11:23:18.002] [INFO] 작업자 스레드 시작 (ThreadID: 16728)
[11:23:18.002] [INFO] 작업자 스레드 #10 생성됨
[11:23:18.003] [INFO] 작업자 스레드 시작 (ThreadID: 30100)
[11:23:18.003] [INFO] 작업자 스레드 #11 생성됨
[11:23:18.003] [INFO] 작업자 스레드 시작 (ThreadID: 31056)
[11:23:18.003] [INFO] 작업자 스레드 #12 생성됨
[11:23:18.003] [INFO] 작업자 스레드 시작 (ThreadID: 31540)
[11:23:18.003] [INFO] 작업자 스레드 #13 생성됨
[11:23:18.003] [INFO] 작업자 스레드 시작 (ThreadID: 25096)
[11:23:18.004] [INFO] 작업자 스레드 #14 생성됨
[11:23:18.004] [INFO] 작업자 스레드 시작 (ThreadID: 14728)
[11:23:18.004] [INFO] 작업자 스레드 #15 생성됨
[11:23:18.004] [INFO] 작업자 스레드 시작 (ThreadID: 20396)
[11:23:18.004] [INFO] 작업자 스레드 #16 생성됨
[11:23:18.005] [INFO] 서버 초기화 완료
[11:23:18.005] [INFO] 서버 실행. 포트 번호: 9000
[11:23:18.005] [INFO] IOCP 멀티플레이어 서버 시작됨...
[11:23:18.005] [INFO] 서버 실행 시작
[11:23:18.005] [INFO] 작업자 스레드 시작 (ThreadID: 10376)
[11:23:24.277] [INFO] [SendPacket] WSASend 요청 성공 - 컨텍스트: SendClientId, 보낸 크기: 7, 클라이언트 ID: 1
[11:23:24.277] [INFO] 새 클라이언트에게 ID 1 전송됨
[11:23:24.277] [INFO] [SendPacket] WSASend 요청 성공 - 컨텍스트: SendInitialPosition, 보낸 크기: 32, 클라이언트 ID: 1
[11:23:24.277] [INFO] 초기 위치 정보 전송됨 - 클라이언트 ID: 1, 위치: X=0.000000, Y=0.000000, Z=90.000000
[11:23:24.278] [INFO] 새 플레이어 정보(ID: 1) 브로드캐스트 - 수신자 수: 0
[11:23:24.278] [INFO] 기존 플레이어 정보 0개가 새 클라이언트(ID: 1)에게 전송됨
[11:23:24.278] [INFO] [SendPacket] WSASend 요청 성공 - 컨텍스트: ServerPing, 보낸 크기: 11, 클라이언트 ID: 1
[11:23:24.278] [INFO] [서버] Ping 전송 - ClientId: 1
[11:23:24.278] [WARNING] 클라이언트 Pong 타임아웃 발생 - ID: 1
[11:23:24.278] [INFO] 클라이언트 연결 끊김 (ID: 1)
[11:23:24.279] [INFO] 클라이언트 연결 끊김 알림(ID: 1) - 수신자 수: 0
[11:23:24.279] [INFO] 클라이언트가 정상적으로 연결 종료함 - ID: 1
[11:23:24.279] [WARNING] 존재하지 않는 클라이언트 ID를 제거하려고 시도: 1
[11:23:24.279] [INFO] 서버 FPS: 0.318421, 평균 프레임 시간: 628.100037ms, 클라이언트 수: 0
