[15:31:44.852] [INFO] 로깅 시스템 초기화됨
[15:31:44.852] [INFO] 서버 인스턴스 생성됨
[15:31:44.853] [INFO] 서버 초기화 시작 (포트: 9000)
[15:31:44.853] [INFO] 윈속 초기화 성공
[15:31:44.854] [INFO] 리스닝 소켓 생성 성공
[15:31:44.854] [INFO] 소켓 바인딩 성공 (포트: 9000)
[15:31:44.854] [INFO] 리스닝 시작됨
[15:31:44.855] [INFO] IOCP 생성 성공
[15:31:44.855] [INFO] CPU 코어 수: 16, 생성할 작업자 스레드: 16
[15:31:44.855] [INFO] 작업자 스레드 #1 생성됨
[15:31:44.855] [INFO] 작업자 스레드 시작 (ThreadID: 22052)
[15:31:44.856] [INFO] 작업자 스레드 #2 생성됨
[15:31:44.856] [INFO] 작업자 스레드 시작 (ThreadID: 23864)
[15:31:44.864] [INFO] 작업자 스레드 #3 생성됨
[15:31:44.864] [INFO] 작업자 스레드 시작 (ThreadID: 10652)
[15:31:44.864] [INFO] 작업자 스레드 #4 생성됨
[15:31:44.864] [INFO] 작업자 스레드 시작 (ThreadID: 23156)
[15:31:44.865] [INFO] 작업자 스레드 #5 생성됨
[15:31:44.865] [INFO] 작업자 스레드 시작 (ThreadID: 22640)
[15:31:44.865] [INFO] 작업자 스레드 #6 생성됨
[15:31:44.865] [INFO] 작업자 스레드 시작 (ThreadID: 23976)
[15:31:44.865] [INFO] 작업자 스레드 #7 생성됨
[15:31:44.865] [INFO] 작업자 스레드 시작 (ThreadID: 31224)
[15:31:44.866] [INFO] 작업자 스레드 #8 생성됨
[15:31:44.866] [INFO] 작업자 스레드 시작 (ThreadID: 13108)
[15:31:44.866] [INFO] 작업자 스레드 #9 생성됨
[15:31:44.866] [INFO] 작업자 스레드 시작 (ThreadID: 32024)
[15:31:44.866] [INFO] 작업자 스레드 #10 생성됨
[15:31:44.866] [INFO] 작업자 스레드 시작 (ThreadID: 25408)
[15:31:44.867] [INFO] 작업자 스레드 #11 생성됨
[15:31:44.867] [INFO] 작업자 스레드 시작 (ThreadID: 4352)
[15:31:44.867] [INFO] 작업자 스레드 #12 생성됨
[15:31:44.867] [INFO] 작업자 스레드 시작 (ThreadID: 25660)
[15:31:44.867] [INFO] 작업자 스레드 #13 생성됨
[15:31:44.867] [INFO] 작업자 스레드 시작 (ThreadID: 32068)
[15:31:44.868] [INFO] 작업자 스레드 #14 생성됨
[15:31:44.868] [INFO] 작업자 스레드 시작 (ThreadID: 17708)
[15:31:44.868] [INFO] 작업자 스레드 #15 생성됨
[15:31:44.868] [INFO] 작업자 스레드 시작 (ThreadID: 8128)
[15:31:44.868] [INFO] 작업자 스레드 #16 생성됨
[15:31:44.869] [INFO] 작업자 스레드 시작 (ThreadID: 23732)
[15:31:44.869] [INFO] 서버 초기화 완료
[15:31:44.869] [INFO] 서버 실행. 포트 번호: 9000
[15:31:44.869] [INFO] IOCP 멀티플레이어 서버 시작됨...
[15:31:44.869] [INFO] 서버 실행 시작
[15:31:49.051] [INFO] 클라이언트 연결됨: 127.0.0.1:8561 (ID: 1)
[15:31:49.051] [INFO] 새 클라이언트에게 ID 1 전송됨
[15:31:49.052] [INFO] 새 플레이어 정보(ID: 1) 브로드캐스트 - 수신자 수: 0
[15:31:49.052] [INFO] 기존 플레이어 정보 0개가 새 클라이언트(ID: 1)에게 전송됨
[15:31:49.052] [INFO] 서버 FPS: 0.477555, 평균 프레임 시간: 418.800018ms, 클라이언트 수: 1
[15:31:49.053] [INFO] 클라이언트 연결됨: 127.0.0.1:8562 (ID: 2)
[15:31:49.053] [INFO] 새 클라이언트에게 ID 2 전송됨
[15:31:49.053] [INFO] 새 플레이어 정보(ID: 2) 브로드캐스트 - 수신자 수: 1
[15:31:49.053] [INFO] 기존 플레이어 정보 1개가 새 클라이언트(ID: 2)에게 전송됨
[15:31:49.053] [WARNING] 비정상적으로 긴 델타 타임: 4.188000초
[15:31:50.056] [INFO] [서버] PingPacket 수신 - ClientId: 1
[15:31:50.056] [INFO] [서버] PingPacket 수신 - ClientId: 2
[15:31:51.068] [INFO] [서버] PingPacket 수신 - ClientId: 1
[15:31:51.069] [INFO] [서버] PingPacket 수신 - ClientId: 2
[15:31:52.074] [INFO] [서버] PingPacket 수신 - ClientId: 1
[15:31:52.075] [INFO] [서버] PingPacket 수신 - ClientId: 2
[16:03:38.777] [INFO] 클라이언트 연결됨: 127.0.0.1:8821 (ID: 3)
[16:03:38.777] [INFO] 새 클라이언트에게 ID 3 전송됨
[16:03:38.778] [INFO] 새 플레이어 정보(ID: 3) 브로드캐스트 - 수신자 수: 2
[16:03:38.778] [INFO] 기존 플레이어 정보 2개가 새 클라이언트(ID: 3)에게 전송됨
[16:03:38.778] [WARNING] 클라이언트 Ping 타임아웃 발생 - ID: 1
[16:03:39.788] [INFO] [서버] PingPacket 수신 - ClientId: 3
