[20:14:10.529] [INFO] 로깅 시스템 초기화됨
[20:14:10.530] [INFO] 서버 인스턴스 생성됨
[20:14:10.530] [INFO] 서버 초기화 시작 (포트: 9000)
[20:14:10.531] [INFO] 윈속 초기화 성공
[20:14:10.531] [INFO] 리스닝 소켓 생성 성공
[20:14:10.532] [INFO] 소켓 바인딩 성공 (포트: 9000)
[20:14:10.532] [INFO] 리스닝 시작됨
[20:14:10.532] [INFO] IOCP 생성 성공
[20:14:10.532] [INFO] CPU 코어 수: 16, 생성할 작업자 스레드: 16
[20:14:10.532] [INFO] 작업자 스레드 #1 생성됨
[20:14:10.533] [INFO] 작업자 스레드 시작 (ThreadID: 23008)
[20:14:10.533] [INFO] 작업자 스레드 #2 생성됨
[20:14:10.533] [INFO] 작업자 스레드 시작 (ThreadID: 28704)
[20:14:10.533] [INFO] 작업자 스레드 #3 생성됨
[20:14:10.534] [INFO] 작업자 스레드 시작 (ThreadID: 33428)
[20:14:10.534] [INFO] 작업자 스레드 #4 생성됨
[20:14:10.534] [INFO] 작업자 스레드 시작 (ThreadID: 22296)
[20:14:10.534] [INFO] 작업자 스레드 #5 생성됨
[20:14:10.534] [INFO] 작업자 스레드 시작 (ThreadID: 1780)
[20:14:10.535] [INFO] 작업자 스레드 #6 생성됨
[20:14:10.535] [INFO] 작업자 스레드 시작 (ThreadID: 25660)
[20:14:10.535] [INFO] 작업자 스레드 #7 생성됨
[20:14:10.535] [INFO] 작업자 스레드 시작 (ThreadID: 25108)
[20:14:10.535] [INFO] 작업자 스레드 #8 생성됨
[20:14:10.535] [INFO] 작업자 스레드 시작 (ThreadID: 31192)
[20:14:10.536] [INFO] 작업자 스레드 #9 생성됨
[20:14:10.536] [INFO] 작업자 스레드 시작 (ThreadID: 33532)
[20:14:10.536] [INFO] 작업자 스레드 #10 생성됨
[20:14:10.536] [INFO] 작업자 스레드 시작 (ThreadID: 33704)
[20:14:10.536] [INFO] 작업자 스레드 #11 생성됨
[20:14:10.537] [INFO] 작업자 스레드 시작 (ThreadID: 10688)
[20:14:10.537] [INFO] 작업자 스레드 #12 생성됨
[20:14:10.537] [INFO] 작업자 스레드 시작 (ThreadID: 33300)
[20:14:10.537] [INFO] 작업자 스레드 #13 생성됨
[20:14:10.537] [INFO] 작업자 스레드 시작 (ThreadID: 30872)
[20:14:10.537] [INFO] 작업자 스레드 #14 생성됨
[20:14:10.538] [INFO] 작업자 스레드 시작 (ThreadID: 31996)
[20:14:10.538] [INFO] 작업자 스레드 #15 생성됨
[20:14:10.538] [INFO] 작업자 스레드 시작 (ThreadID: 17560)
[20:14:10.538] [INFO] 작업자 스레드 #16 생성됨
[20:14:10.538] [INFO] 작업자 스레드 시작 (ThreadID: 20128)
[20:14:10.538] [INFO] 서버 초기화 완료
[20:14:10.539] [INFO] 서버 실행. 포트 번호: 9000
[20:14:10.539] [INFO] IOCP 멀티플레이어 서버 시작됨...
[20:14:10.539] [INFO] 서버 실행 시작
[20:14:27.523] [INFO] 클라이언트 연결됨: 127.0.0.1:11063 (ID: 1)
[20:14:27.523] [INFO] 새 클라이언트에게 ID 1 전송됨
[20:14:27.523] [INFO] 초기 위치 정보 전송됨 - 클라이언트 ID: 1, 위치: X=300.000000, Y=300.000000, Z=300.000000
[20:14:27.524] [INFO] 새 플레이어 정보(ID: 1) 브로드캐스트 - 수신자 수: 0
[20:14:27.524] [INFO] 기존 플레이어 정보 0개가 새 클라이언트(ID: 1)에게 전송됨
[20:14:27.524] [INFO] 서버 FPS: 0.117751, 평균 프레임 시간: 1698.500000ms, 클라이언트 수: 1
[20:14:27.524] [INFO] 클라이언트 연결됨: 127.0.0.1:11064 (ID: 2)
[20:14:27.525] [INFO] 새 클라이언트에게 ID 2 전송됨
[20:14:27.525] [INFO] 초기 위치 정보 전송됨 - 클라이언트 ID: 2, 위치: X=300.000000, Y=0.000000, Z=90.000000
[20:14:27.525] [INFO] 새 플레이어 정보(ID: 2) 브로드캐스트 - 수신자 수: 1
[20:14:27.525] [INFO] 기존 플레이어 정보 1개가 새 클라이언트(ID: 2)에게 전송됨
[20:14:27.525] [WARNING] 비정상적으로 긴 델타 타임: 16.985001초
[20:17:16.061] [INFO] 클라이언트 연결됨: 127.0.0.1:11090 (ID: 3)
[20:17:16.061] [INFO] 새 클라이언트에게 ID 3 전송됨
[20:17:16.062] [INFO] 초기 위치 정보 전송됨 - 클라이언트 ID: 3, 위치: X=-300.000000, Y=0.000000, Z=90.000000
[20:17:16.062] [INFO] 새 플레이어 정보(ID: 3) 브로드캐스트 - 수신자 수: 2
[20:17:16.062] [INFO] 기존 플레이어 정보 2개가 새 클라이언트(ID: 3)에게 전송됨
[20:17:16.062] [WARNING] 클라이언트 Ping 타임아웃 발생 - ID: 1
[20:17:16.062] [WARNING] 클라이언트 Ping 타임아웃 발생 - ID: 2
[20:17:16.063] [INFO] 클라이언트 연결 끊김 (ID: 1)
[20:17:16.063] [INFO] 클라이언트가 정상적으로 연결 종료함 - ID: 1
[20:17:16.063] [INFO] 클라이언트 연결 끊김 알림(ID: 1) - 수신자 수: 2
[20:17:16.063] [INFO] 클라이언트 연결 끊김 (ID: 2)
[20:17:16.063] [INFO] 클라이언트가 정상적으로 연결 종료함 - ID: 2
[20:17:16.063] [INFO] 클라이언트 연결 끊김 알림(ID: 2) - 수신자 수: 1
[20:17:16.064] [WARNING] 존재하지 않는 클라이언트 ID를 제거하려고 시도: 1
[20:17:16.064] [WARNING] 존재하지 않는 클라이언트 ID를 제거하려고 시도: 2
[20:17:16.064] [INFO] 서버 FPS: 0.011866, 평균 프레임 시간: 18227.285156ms, 클라이언트 수: 1
[20:17:37.335] [INFO] 클라이언트 연결됨: 127.0.0.1:11091 (ID: 4)
[20:17:37.335] [INFO] 새 클라이언트에게 ID 4 전송됨
[20:17:37.335] [INFO] 초기 위치 정보 전송됨 - 클라이언트 ID: 4, 위치: X=0.000000, Y=300.000000, Z=90.000000
[20:17:37.335] [INFO] 새 플레이어 정보(ID: 4) 브로드캐스트 - 수신자 수: 1
[20:17:37.336] [INFO] 기존 플레이어 정보 1개가 새 클라이언트(ID: 4)에게 전송됨
[20:17:37.336] [WARNING] 비정상적으로 긴 델타 타임: 168.514999초
[20:17:37.336] [INFO] [서버] BroadcastPosition 준비 완료 - ClientId: 3, distMoved: 0.000000, State: 0, TimeSinceLastUpdate: 21.263672
[20:17:37.336] [INFO] [서버] BroadcastPosition 호출 - ClientId: 3, Position: (-300.000000, 0.000000, 90.000000)
[20:17:37.336] [INFO] [서버] PositionUpdatePacket 전송 - From ClientId: 3 To ClientId: 4
[20:17:37.337] [INFO] 서버 FPS: 0.047023, 평균 프레임 시간: 18531.156250ms, 클라이언트 수: 2
[20:17:45.112] [INFO] 클라이언트 연결됨: 127.0.0.1:11096 (ID: 5)
[20:17:45.112] [INFO] 새 클라이언트에게 ID 5 전송됨
[20:17:45.112] [INFO] 초기 위치 정보 전송됨 - 클라이언트 ID: 5, 위치: X=0.000000, Y=-300.000000, Z=90.000000
[20:17:45.113] [INFO] 새 플레이어 정보(ID: 5) 브로드캐스트 - 수신자 수: 2
[20:17:45.113] [INFO] 기존 플레이어 정보 2개가 새 클라이언트(ID: 5)에게 전송됨
[20:17:45.113] [WARNING] 비정상적으로 긴 델타 타임: 21.266001초
[20:17:45.113] [WARNING] 클라이언트 Ping 타임아웃 발생 - ID: 3
[20:17:45.113] [WARNING] 클라이언트 Ping 타임아웃 발생 - ID: 4
[20:17:45.114] [INFO] 클라이언트 연결 끊김 (ID: 3)
[20:17:45.114] [INFO] 클라이언트가 정상적으로 연결 종료함 - ID: 3
[20:17:45.114] [INFO] 클라이언트 연결 끊김 알림(ID: 3) - 수신자 수: 2
[20:17:45.114] [INFO] 클라이언트 연결 끊김 (ID: 4)
[20:17:45.114] [INFO] 클라이언트가 정상적으로 연결 종료함 - ID: 4
[20:17:45.114] [INFO] 클라이언트 연결 끊김 알림(ID: 4) - 수신자 수: 1
[20:17:45.115] [WARNING] 존재하지 않는 클라이언트 ID를 제거하려고 시도: 3
[20:17:45.115] [WARNING] 존재하지 않는 클라이언트 ID를 제거하려고 시도: 4
[20:17:45.115] [INFO] 서버 FPS: 0.128518, 평균 프레임 시간: 17456.140625ms, 클라이언트 수: 1
[20:17:45.115] [INFO] 클라이언트 연결됨: 127.0.0.1:11097 (ID: 6)
[20:17:45.115] [INFO] 새 클라이언트에게 ID 6 전송됨
[20:17:45.116] [INFO] 초기 위치 정보 전송됨 - 클라이언트 ID: 6, 위치: X=300.000000, Y=300.000000, Z=300.000000
[20:17:45.116] [INFO] 새 플레이어 정보(ID: 6) 브로드캐스트 - 수신자 수: 1
[20:17:45.116] [INFO] 기존 플레이어 정보 1개가 새 클라이언트(ID: 6)에게 전송됨
[20:17:45.116] [WARNING] 비정상적으로 긴 델타 타임: 7.781000초
[20:17:58.406] [INFO] 클라이언트 연결됨: 127.0.0.1:11099 (ID: 7)
[20:17:58.406] [INFO] 새 클라이언트에게 ID 7 전송됨
[20:17:58.406] [INFO] 초기 위치 정보 전송됨 - 클라이언트 ID: 7, 위치: X=300.000000, Y=0.000000, Z=90.000000
[20:17:58.407] [INFO] 새 플레이어 정보(ID: 7) 브로드캐스트 - 수신자 수: 2
[20:17:58.407] [INFO] 기존 플레이어 정보 2개가 새 클라이언트(ID: 7)에게 전송됨
[20:17:58.407] [WARNING] 클라이언트 Ping 타임아웃 발생 - ID: 5
[20:17:58.407] [WARNING] 클라이언트 Ping 타임아웃 발생 - ID: 6
[20:17:58.407] [INFO] 클라이언트 연결 끊김 (ID: 5)
[20:17:58.407] [INFO] 클라이언트가 정상적으로 연결 종료함 - ID: 5
[20:17:58.408] [INFO] 클라이언트 연결 끊김 알림(ID: 5) - 수신자 수: 2
[20:17:58.408] [INFO] 클라이언트 연결 끊김 (ID: 6)
[20:17:58.408] [INFO] 클라이언트가 정상적으로 연결 종료함 - ID: 6
[20:17:58.408] [INFO] 클라이언트 연결 끊김 알림(ID: 6) - 수신자 수: 1
[20:17:58.408] [WARNING] 존재하지 않는 클라이언트 ID를 제거하려고 시도: 5
[20:17:58.408] [WARNING] 존재하지 않는 클라이언트 ID를 제거하려고 시도: 6
[20:17:58.408] [INFO] 서버 FPS: 0.150410, 평균 프레임 시간: 15465.973633ms, 클라이언트 수: 1
[20:17:58.409] [INFO] 클라이언트 연결됨: 127.0.0.1:11100 (ID: 8)
[20:17:58.409] [INFO] 새 클라이언트에게 ID 8 전송됨
[20:17:58.409] [INFO] 초기 위치 정보 전송됨 - 클라이언트 ID: 8, 위치: X=-300.000000, Y=0.000000, Z=90.000000
[20:17:58.409] [INFO] 새 플레이어 정보(ID: 8) 브로드캐스트 - 수신자 수: 1
[20:17:58.409] [INFO] 기존 플레이어 정보 1개가 새 클라이언트(ID: 8)에게 전송됨
[20:17:58.410] [WARNING] 비정상적으로 긴 델타 타임: 13.265000초
[20:18:11.255] [INFO] 클라이언트 연결됨: 127.0.0.1:11102 (ID: 9)
[20:18:11.255] [INFO] 새 클라이언트에게 ID 9 전송됨
[20:18:11.256] [INFO] 초기 위치 정보 전송됨 - 클라이언트 ID: 9, 위치: X=0.000000, Y=300.000000, Z=90.000000
[20:18:11.256] [INFO] 새 플레이어 정보(ID: 9) 브로드캐스트 - 수신자 수: 2
[20:18:11.256] [INFO] 기존 플레이어 정보 2개가 새 클라이언트(ID: 9)에게 전송됨
[20:18:11.256] [WARNING] 클라이언트 Ping 타임아웃 발생 - ID: 7
[20:18:11.256] [WARNING] 클라이언트 Ping 타임아웃 발생 - ID: 8
[20:18:11.257] [INFO] 클라이언트 연결 끊김 (ID: 7)
[20:18:11.257] [INFO] 클라이언트가 정상적으로 연결 종료함 - ID: 7
[20:18:11.257] [INFO] 클라이언트 연결 끊김 알림(ID: 7) - 수신자 수: 2
[20:18:11.257] [INFO] 클라이언트 연결 끊김 (ID: 8)
[20:18:11.257] [INFO] 클라이언트가 정상적으로 연결 종료함 - ID: 8
[20:18:11.258] [INFO] 클라이언트 연결 끊김 알림(ID: 8) - 수신자 수: 1
[20:18:11.258] [WARNING] 존재하지 않는 클라이언트 ID를 제거하려고 시도: 7
[20:18:11.258] [WARNING] 존재하지 않는 클라이언트 ID를 제거하려고 시도: 8
[20:18:11.258] [INFO] 서버 FPS: 0.155715, 평균 프레임 시간: 13810.238281ms, 클라이언트 수: 1
[20:18:11.258] [INFO] 클라이언트 연결됨: 127.0.0.1:11103 (ID: 10)
[20:18:11.259] [INFO] 새 클라이언트에게 ID 10 전송됨
[20:18:11.259] [INFO] 초기 위치 정보 전송됨 - 클라이언트 ID: 10, 위치: X=0.000000, Y=-300.000000, Z=90.000000
[20:18:11.259] [INFO] 새 플레이어 정보(ID: 10) 브로드캐스트 - 수신자 수: 1
[20:18:11.259] [INFO] 기존 플레이어 정보 1개가 새 클라이언트(ID: 10)에게 전송됨
[20:18:11.259] [WARNING] 비정상적으로 긴 델타 타임: 12.828000초
