[03:28:43.376] [INFO] 로깅 시스템 초기화됨
[03:28:43.376] [INFO] 서버 인스턴스 생성됨
[03:28:43.376] [INFO] 서버 초기화 시작 (포트: 9000)
[03:28:43.377] [INFO] 윈속 초기화 성공
[03:28:43.378] [INFO] 리스닝 소켓 생성 성공
[03:28:43.378] [INFO] 소켓 바인딩 성공 (포트: 9000)
[03:28:43.378] [INFO] 리스닝 시작됨
[03:28:43.379] [INFO] IOCP 생성 성공
[03:28:43.379] [INFO] CPU 코어 수: 16, 생성할 작업자 스레드: 32
[03:28:43.379] [INFO] 작업자 스레드 #1 생성됨
[03:28:43.379] [INFO] 작업자 스레드 시작 (ThreadID: 29104)
[03:28:43.379] [INFO] 작업자 스레드 #2 생성됨
[03:28:43.380] [INFO] 작업자 스레드 시작 (ThreadID: 31676)
[03:28:43.380] [INFO] 작업자 스레드 #3 생성됨
[03:28:43.380] [INFO] 작업자 스레드 시작 (ThreadID: 1816)
[03:28:43.381] [INFO] 작업자 스레드 #4 생성됨
[03:28:43.381] [INFO] 작업자 스레드 시작 (ThreadID: 3808)
[03:28:43.381] [INFO] 작업자 스레드 #5 생성됨
[03:28:43.381] [INFO] 작업자 스레드 시작 (ThreadID: 24620)
[03:28:43.381] [INFO] 작업자 스레드 #6 생성됨
[03:28:43.381] [INFO] 작업자 스레드 시작 (ThreadID: 24192)
[03:28:43.382] [INFO] 작업자 스레드 #7 생성됨
[03:28:43.382] [INFO] 작업자 스레드 시작 (ThreadID: 7672)
[03:28:43.382] [INFO] 작업자 스레드 #8 생성됨
[03:28:43.382] [INFO] 작업자 스레드 시작 (ThreadID: 29344)
[03:28:43.383] [INFO] 작업자 스레드 #9 생성됨
[03:28:43.383] [INFO] 작업자 스레드 시작 (ThreadID: 32816)
[03:28:43.383] [INFO] 작업자 스레드 #10 생성됨
[03:28:43.383] [INFO] 작업자 스레드 시작 (ThreadID: 7808)
[03:28:43.383] [INFO] 작업자 스레드 #11 생성됨
[03:28:43.384] [INFO] 작업자 스레드 시작 (ThreadID: 37328)
[03:28:43.384] [INFO] 작업자 스레드 #12 생성됨
[03:28:43.384] [INFO] 작업자 스레드 시작 (ThreadID: 30892)
[03:28:43.384] [INFO] 작업자 스레드 #13 생성됨
[03:28:43.385] [INFO] 작업자 스레드 시작 (ThreadID: 7948)
[03:28:43.385] [INFO] 작업자 스레드 #14 생성됨
[03:28:43.385] [INFO] 작업자 스레드 시작 (ThreadID: 36104)
[03:28:43.385] [INFO] 작업자 스레드 #15 생성됨
[03:28:43.385] [INFO] 작업자 스레드 시작 (ThreadID: 26028)
[03:28:43.386] [INFO] 작업자 스레드 #16 생성됨
[03:28:43.386] [INFO] 작업자 스레드 시작 (ThreadID: 24280)
[03:28:43.386] [INFO] 작업자 스레드 #17 생성됨
[03:28:43.386] [INFO] 작업자 스레드 시작 (ThreadID: 12132)
[03:28:43.387] [INFO] 작업자 스레드 #18 생성됨
[03:28:43.387] [INFO] 작업자 스레드 시작 (ThreadID: 6028)
[03:28:43.387] [INFO] 작업자 스레드 #19 생성됨
[03:28:43.387] [INFO] 작업자 스레드 시작 (ThreadID: 20144)
[03:28:43.388] [INFO] 작업자 스레드 #20 생성됨
[03:28:43.388] [INFO] 작업자 스레드 시작 (ThreadID: 26504)
[03:28:43.388] [INFO] 작업자 스레드 #21 생성됨
[03:28:43.388] [INFO] 작업자 스레드 시작 (ThreadID: 35124)
[03:28:43.388] [INFO] 작업자 스레드 #22 생성됨
[03:28:43.389] [INFO] 작업자 스레드 시작 (ThreadID: 24224)
[03:28:43.389] [INFO] 작업자 스레드 #23 생성됨
[03:28:43.389] [INFO] 작업자 스레드 시작 (ThreadID: 11340)
[03:28:43.390] [INFO] 작업자 스레드 #24 생성됨
[03:28:43.390] [INFO] 작업자 스레드 시작 (ThreadID: 37620)
[03:28:43.390] [INFO] 작업자 스레드 #25 생성됨
[03:28:43.390] [INFO] 작업자 스레드 시작 (ThreadID: 11868)
[03:28:43.391] [INFO] 작업자 스레드 #26 생성됨
[03:28:43.391] [INFO] 작업자 스레드 시작 (ThreadID: 23700)
[03:28:43.391] [INFO] 작업자 스레드 #27 생성됨
[03:28:43.392] [INFO] 작업자 스레드 시작 (ThreadID: 27124)
[03:28:43.392] [INFO] 작업자 스레드 #28 생성됨
[03:28:43.392] [INFO] 작업자 스레드 시작 (ThreadID: 37480)
[03:28:43.392] [INFO] 작업자 스레드 #29 생성됨
[03:28:43.392] [INFO] 작업자 스레드 시작 (ThreadID: 22624)
[03:28:43.393] [INFO] 작업자 스레드 #30 생성됨
[03:28:43.393] [INFO] 작업자 스레드 시작 (ThreadID: 22736)
[03:28:43.393] [INFO] 작업자 스레드 #31 생성됨
[03:28:43.393] [INFO] 작업자 스레드 시작 (ThreadID: 26544)
[03:28:43.393] [INFO] 작업자 스레드 #32 생성됨
[03:28:43.394] [INFO] 작업자 스레드 시작 (ThreadID: 36824)
[03:28:43.394] [INFO] 서버 초기화 완료
[03:28:43.394] [INFO] 서버 실행. 포트 번호: 9000
[03:28:43.394] [INFO] IOCP 멀티플레이어 서버 시작됨...
[03:28:43.394] [INFO] 서버 실행 시작
[03:28:49.140] [INFO] 클라이언트 연결됨: 127.0.0.1:7373 (ID: 1)
[03:28:49.141] [INFO] 새 클라이언트에게 ID 1 전송됨
[03:28:49.141] [INFO] 새 플레이어 정보(ID: 1) 브로드캐스트 - 수신자 수: 0
[03:28:49.141] [INFO] 기존 플레이어 정보 0개가 새 클라이언트(ID: 1)에게 전송됨
[03:28:49.141] [INFO] [서버] BroadcastPosition 준비 완료 - ClientId: 1, distMoved: 90.000000, State: 0, TimeSinceLastUpdate: 0.000000
[03:28:49.141] [INFO] [서버] BroadcastPosition 호출 - ClientId: 1, Position: (0.000000, 0.000000, 90.000000)
[03:28:49.142] [INFO] 서버 FPS: 0.347826, 평균 프레임 시간: 575.000000ms, 클라이언트 수: 1
[03:28:49.142] [INFO] 클라이언트 연결됨: 127.0.0.1:7374 (ID: 2)
[03:28:49.142] [INFO] 새 클라이언트에게 ID 2 전송됨
[03:28:49.142] [INFO] 새 플레이어 정보(ID: 2) 브로드캐스트 - 수신자 수: 1
[03:28:49.142] [INFO] 기존 플레이어 정보 1개가 새 클라이언트(ID: 2)에게 전송됨
[03:28:49.142] [WARNING] 비정상적으로 긴 델타 타임: 5.750000초
[03:28:49.143] [INFO] [서버] BroadcastPosition 준비 완료 - ClientId: 2, distMoved: 90.000000, State: 0, TimeSinceLastUpdate: 0.000000
[03:28:49.143] [INFO] [서버] BroadcastPosition 호출 - ClientId: 2, Position: (0.000000, 0.000000, 90.000000)
[03:28:49.143] [INFO] [서버] PositionUpdatePacket 전송 - From ClientId: 2 To ClientId: 1
[03:28:49.151] [WARNING] 잘못된 패킷 타입: 5, 클라이언트 ID: 1
[03:28:49.152] [WARNING] 잘못된 패킷 타입: 5, 클라이언트 ID: 2
[03:28:49.162] [WARNING] 잘못된 패킷 타입: 5, 클라이언트 ID: 1
[03:28:49.162] [WARNING] 잘못된 패킷 타입: 5, 클라이언트 ID: 2
[03:28:49.170] [WARNING] 잘못된 패킷 타입: 5, 클라이언트 ID: 1
[03:28:49.171] [WARNING] 잘못된 패킷 타입: 5, 클라이언트 ID: 2
[03:28:49.180] [WARNING] 잘못된 패킷 타입: 5, 클라이언트 ID: 1
[03:28:49.180] [WARNING] 잘못된 패킷 타입: 5, 클라이언트 ID: 2
[03:28:49.190] [WARNING] 잘못된 패킷 타입: 5, 클라이언트 ID: 1
[03:28:49.191] [WARNING] 잘못된 패킷 타입: 5, 클라이언트 ID: 2
[03:28:49.200] [WARNING] 잘못된 패킷 타입: 5, 클라이언트 ID: 1
[03:28:49.201] [WARNING] 잘못된 패킷 타입: 5, 클라이언트 ID: 2
[03:28:49.211] [WARNING] 잘못된 패킷 타입: 5, 클라이언트 ID: 1
[03:28:49.212] [WARNING] 잘못된 패킷 타입: 5, 클라이언트 ID: 2
[03:28:49.221] [WARNING] 잘못된 패킷 타입: 5, 클라이언트 ID: 1
[03:28:49.221] [WARNING] 잘못된 패킷 타입: 5, 클라이언트 ID: 2
[03:28:49.232] [WARNING] 잘못된 패킷 타입: 5, 클라이언트 ID: 1
[03:28:49.232] [WARNING] 잘못된 패킷 타입: 5, 클라이언트 ID: 2
[03:28:49.244] [WARNING] 잘못된 패킷 타입: 5, 클라이언트 ID: 1
[03:28:49.244] [WARNING] 잘못된 패킷 타입: 5, 클라이언트 ID: 2
[03:28:49.254] [WARNING] 잘못된 패킷 타입: 5, 클라이언트 ID: 1
[03:28:49.254] [WARNING] 잘못된 패킷 타입: 5, 클라이언트 ID: 2
[03:28:49.265] [WARNING] 잘못된 패킷 타입: 5, 클라이언트 ID: 1
[03:28:49.266] [WARNING] 잘못된 패킷 타입: 5, 클라이언트 ID: 2
[03:28:49.275] [WARNING] 잘못된 패킷 타입: 5, 클라이언트 ID: 1
[03:28:49.276] [WARNING] 잘못된 패킷 타입: 5, 클라이언트 ID: 2
[03:28:49.285] [WARNING] 잘못된 패킷 타입: 5, 클라이언트 ID: 1
[03:28:49.286] [WARNING] 잘못된 패킷 타입: 5, 클라이언트 ID: 2
[03:28:49.296] [WARNING] 잘못된 패킷 타입: 5, 클라이언트 ID: 1
[03:28:49.296] [WARNING] 잘못된 패킷 타입: 5, 클라이언트 ID: 2
[03:28:49.308] [WARNING] 잘못된 패킷 타입: 5, 클라이언트 ID: 1
[03:28:49.309] [WARNING] 잘못된 패킷 타입: 5, 클라이언트 ID: 2
[03:28:49.317] [WARNING] 잘못된 패킷 타입: 5, 클라이언트 ID: 1
[03:28:49.318] [WARNING] 잘못된 패킷 타입: 5, 클라이언트 ID: 2
[03:28:49.327] [WARNING] 잘못된 패킷 타입: 5, 클라이언트 ID: 1
[03:28:49.328] [WARNING] 잘못된 패킷 타입: 5, 클라이언트 ID: 2
[03:28:49.339] [WARNING] 잘못된 패킷 타입: 5, 클라이언트 ID: 1
[03:28:49.340] [WARNING] 잘못된 패킷 타입: 5, 클라이언트 ID: 2
[03:28:49.348] [WARNING] 잘못된 패킷 타입: 5, 클라이언트 ID: 1
[03:28:49.349] [WARNING] 잘못된 패킷 타입: 5, 클라이언트 ID: 2
[03:28:49.359] [WARNING] 잘못된 패킷 타입: 5, 클라이언트 ID: 1
[03:28:49.360] [WARNING] 잘못된 패킷 타입: 5, 클라이언트 ID: 2
[03:28:49.369] [WARNING] 잘못된 패킷 타입: 5, 클라이언트 ID: 1
[03:28:49.370] [WARNING] 잘못된 패킷 타입: 5, 클라이언트 ID: 2
[03:28:49.380] [WARNING] 잘못된 패킷 타입: 5, 클라이언트 ID: 1
[03:28:49.381] [WARNING] 잘못된 패킷 타입: 5, 클라이언트 ID: 2
[03:28:49.390] [WARNING] 잘못된 패킷 타입: 5, 클라이언트 ID: 1
[03:28:49.390] [WARNING] 잘못된 패킷 타입: 5, 클라이언트 ID: 2
[03:28:49.400] [WARNING] 잘못된 패킷 타입: 5, 클라이언트 ID: 1
[03:28:49.400] [WARNING] 잘못된 패킷 타입: 5, 클라이언트 ID: 2
[03:28:49.412] [WARNING] 잘못된 패킷 타입: 5, 클라이언트 ID: 1
[03:28:49.412] [WARNING] 잘못된 패킷 타입: 5, 클라이언트 ID: 2
[03:28:49.421] [WARNING] 잘못된 패킷 타입: 5, 클라이언트 ID: 1
[03:28:49.422] [WARNING] 잘못된 패킷 타입: 5, 클라이언트 ID: 2
[03:28:49.432] [WARNING] 잘못된 패킷 타입: 5, 클라이언트 ID: 1
[03:28:49.433] [WARNING] 잘못된 패킷 타입: 5, 클라이언트 ID: 2
[03:28:49.442] [WARNING] 잘못된 패킷 타입: 5, 클라이언트 ID: 1
[03:28:49.442] [WARNING] 잘못된 패킷 타입: 5, 클라이언트 ID: 2
[03:28:49.452] [WARNING] 잘못된 패킷 타입: 5, 클라이언트 ID: 1
[03:28:49.452] [WARNING] 잘못된 패킷 타입: 5, 클라이언트 ID: 2
[03:28:49.461] [WARNING] 잘못된 패킷 타입: 5, 클라이언트 ID: 1
[03:28:49.462] [WARNING] 잘못된 패킷 타입: 5, 클라이언트 ID: 2
[03:28:49.473] [WARNING] 잘못된 패킷 타입: 5, 클라이언트 ID: 1
[03:28:49.473] [WARNING] 잘못된 패킷 타입: 5, 클라이언트 ID: 2
[03:28:49.483] [WARNING] 잘못된 패킷 타입: 5, 클라이언트 ID: 1
[03:28:49.484] [WARNING] 잘못된 패킷 타입: 5, 클라이언트 ID: 2
[03:28:49.493] [WARNING] 잘못된 패킷 타입: 5, 클라이언트 ID: 1
[03:28:49.494] [WARNING] 잘못된 패킷 타입: 5, 클라이언트 ID: 2
[03:28:49.504] [WARNING] 잘못된 패킷 타입: 5, 클라이언트 ID: 1
[03:28:49.504] [WARNING] 잘못된 패킷 타입: 5, 클라이언트 ID: 2
[03:28:49.515] [WARNING] 잘못된 패킷 타입: 5, 클라이언트 ID: 1
[03:28:49.516] [WARNING] 잘못된 패킷 타입: 5, 클라이언트 ID: 2
[03:28:49.524] [WARNING] 잘못된 패킷 타입: 5, 클라이언트 ID: 1
[03:28:49.525] [WARNING] 잘못된 패킷 타입: 5, 클라이언트 ID: 2
[03:28:49.534] [WARNING] 잘못된 패킷 타입: 5, 클라이언트 ID: 1
[03:28:49.535] [WARNING] 잘못된 패킷 타입: 5, 클라이언트 ID: 2
[03:28:49.545] [WARNING] 잘못된 패킷 타입: 5, 클라이언트 ID: 1
[03:28:49.545] [WARNING] 잘못된 패킷 타입: 5, 클라이언트 ID: 2
[03:28:49.557] [WARNING] 잘못된 패킷 타입: 5, 클라이언트 ID: 1
[03:28:49.558] [WARNING] 잘못된 패킷 타입: 5, 클라이언트 ID: 2
[03:28:49.566] [WARNING] 잘못된 패킷 타입: 5, 클라이언트 ID: 1
[03:28:49.566] [WARNING] 잘못된 패킷 타입: 5, 클라이언트 ID: 2
[03:28:49.576] [WARNING] 잘못된 패킷 타입: 5, 클라이언트 ID: 1
[03:28:49.576] [WARNING] 잘못된 패킷 타입: 5, 클라이언트 ID: 2
[03:28:49.587] [WARNING] 잘못된 패킷 타입: 5, 클라이언트 ID: 1
[03:28:49.588] [WARNING] 잘못된 패킷 타입: 5, 클라이언트 ID: 2
[03:28:49.598] [WARNING] 잘못된 패킷 타입: 5, 클라이언트 ID: 1
[03:28:49.599] [WARNING] 잘못된 패킷 타입: 5, 클라이언트 ID: 2
[03:28:49.609] [WARNING] 잘못된 패킷 타입: 5, 클라이언트 ID: 1
[03:28:49.609] [WARNING] 잘못된 패킷 타입: 5, 클라이언트 ID: 2
[03:28:49.619] [WARNING] 잘못된 패킷 타입: 5, 클라이언트 ID: 1
[03:28:49.619] [WARNING] 잘못된 패킷 타입: 5, 클라이언트 ID: 2
[03:28:49.631] [WARNING] 잘못된 패킷 타입: 5, 클라이언트 ID: 1
[03:28:49.631] [WARNING] 잘못된 패킷 타입: 5, 클라이언트 ID: 2
[03:28:49.640] [WARNING] 잘못된 패킷 타입: 5, 클라이언트 ID: 1
[03:28:49.641] [WARNING] 잘못된 패킷 타입: 5, 클라이언트 ID: 2
[03:28:49.651] [WARNING] 잘못된 패킷 타입: 5, 클라이언트 ID: 1
[03:28:49.652] [WARNING] 잘못된 패킷 타입: 5, 클라이언트 ID: 2
[03:28:49.660] [WARNING] 잘못된 패킷 타입: 5, 클라이언트 ID: 1
[03:28:49.661] [WARNING] 잘못된 패킷 타입: 5, 클라이언트 ID: 2
[03:28:49.669] [WARNING] 잘못된 패킷 타입: 5, 클라이언트 ID: 1
[03:28:49.670] [WARNING] 잘못된 패킷 타입: 5, 클라이언트 ID: 2
[03:28:49.680] [WARNING] 잘못된 패킷 타입: 5, 클라이언트 ID: 1
[03:28:49.681] [WARNING] 잘못된 패킷 타입: 5, 클라이언트 ID: 2
[03:28:49.690] [WARNING] 잘못된 패킷 타입: 5, 클라이언트 ID: 1
[03:28:49.691] [WARNING] 잘못된 패킷 타입: 5, 클라이언트 ID: 2
[03:28:49.701] [WARNING] 잘못된 패킷 타입: 5, 클라이언트 ID: 1
[03:28:49.701] [WARNING] 잘못된 패킷 타입: 5, 클라이언트 ID: 2
[03:28:49.712] [WARNING] 잘못된 패킷 타입: 5, 클라이언트 ID: 1
[03:28:49.712] [WARNING] 잘못된 패킷 타입: 5, 클라이언트 ID: 2
[03:28:49.721] [WARNING] 잘못된 패킷 타입: 5, 클라이언트 ID: 1
[03:28:49.722] [WARNING] 잘못된 패킷 타입: 5, 클라이언트 ID: 2
[03:28:49.732] [WARNING] 잘못된 패킷 타입: 5, 클라이언트 ID: 1
[03:28:49.733] [WARNING] 잘못된 패킷 타입: 5, 클라이언트 ID: 2
[03:28:49.743] [WARNING] 잘못된 패킷 타입: 5, 클라이언트 ID: 1
[03:28:49.743] [WARNING] 잘못된 패킷 타입: 5, 클라이언트 ID: 2
[03:28:49.753] [WARNING] 잘못된 패킷 타입: 5, 클라이언트 ID: 1
[03:28:49.754] [WARNING] 잘못된 패킷 타입: 5, 클라이언트 ID: 2
[03:28:49.764] [WARNING] 잘못된 패킷 타입: 5, 클라이언트 ID: 1
[03:28:49.765] [WARNING] 잘못된 패킷 타입: 5, 클라이언트 ID: 2
[03:28:49.776] [WARNING] 잘못된 패킷 타입: 5, 클라이언트 ID: 1
[03:28:49.777] [WARNING] 잘못된 패킷 타입: 5, 클라이언트 ID: 2
[03:28:49.785] [WARNING] 잘못된 패킷 타입: 5, 클라이언트 ID: 1
[03:28:49.785] [WARNING] 잘못된 패킷 타입: 5, 클라이언트 ID: 2
[03:28:49.795] [WARNING] 잘못된 패킷 타입: 5, 클라이언트 ID: 1
[03:28:49.796] [WARNING] 잘못된 패킷 타입: 5, 클라이언트 ID: 2
[03:28:49.833] [WARNING] 잘못된 패킷 타입: 5, 클라이언트 ID: 1
[03:28:49.833] [WARNING] 잘못된 패킷 타입: 5, 클라이언트 ID: 2
[03:28:49.841] [WARNING] 잘못된 패킷 타입: 5, 클라이언트 ID: 1
[03:28:49.842] [WARNING] 잘못된 패킷 타입: 5, 클라이언트 ID: 2
[03:28:49.849] [WARNING] 잘못된 패킷 타입: 5, 클라이언트 ID: 1
[03:28:49.850] [WARNING] 잘못된 패킷 타입: 5, 클라이언트 ID: 2
[03:28:49.859] [WARNING] 잘못된 패킷 타입: 5, 클라이언트 ID: 1
[03:28:49.860] [WARNING] 잘못된 패킷 타입: 5, 클라이언트 ID: 2
[03:28:49.867] [WARNING] 잘못된 패킷 타입: 5, 클라이언트 ID: 1
[03:28:49.868] [WARNING] 잘못된 패킷 타입: 5, 클라이언트 ID: 2
[03:28:49.876] [WARNING] 잘못된 패킷 타입: 5, 클라이언트 ID: 1
[03:28:49.876] [WARNING] 잘못된 패킷 타입: 5, 클라이언트 ID: 2
[03:28:49.884] [WARNING] 잘못된 패킷 타입: 5, 클라이언트 ID: 1
[03:28:49.884] [WARNING] 잘못된 패킷 타입: 5, 클라이언트 ID: 2
[03:28:49.892] [WARNING] 잘못된 패킷 타입: 5, 클라이언트 ID: 1
[03:28:49.893] [WARNING] 잘못된 패킷 타입: 5, 클라이언트 ID: 2
[03:28:49.902] [WARNING] 잘못된 패킷 타입: 5, 클라이언트 ID: 1
[03:28:49.903] [WARNING] 잘못된 패킷 타입: 5, 클라이언트 ID: 2
[03:28:49.914] [WARNING] 잘못된 패킷 타입: 5, 클라이언트 ID: 1
[03:28:49.915] [WARNING] 잘못된 패킷 타입: 5, 클라이언트 ID: 2
[03:28:49.924] [WARNING] 잘못된 패킷 타입: 5, 클라이언트 ID: 1
[03:28:49.925] [WARNING] 잘못된 패킷 타입: 5, 클라이언트 ID: 2
[03:28:49.934] [WARNING] 잘못된 패킷 타입: 5, 클라이언트 ID: 1
[03:28:49.934] [WARNING] 잘못된 패킷 타입: 5, 클라이언트 ID: 2
[03:28:49.944] [WARNING] 잘못된 패킷 타입: 5, 클라이언트 ID: 1
[03:28:49.945] [WARNING] 잘못된 패킷 타입: 5, 클라이언트 ID: 2
[03:28:49.955] [WARNING] 잘못된 패킷 타입: 5, 클라이언트 ID: 1
[03:28:49.956] [WARNING] 잘못된 패킷 타입: 5, 클라이언트 ID: 2
[03:28:49.966] [WARNING] 잘못된 패킷 타입: 5, 클라이언트 ID: 1
[03:28:49.967] [WARNING] 잘못된 패킷 타입: 5, 클라이언트 ID: 2
[03:28:49.976] [WARNING] 잘못된 패킷 타입: 5, 클라이언트 ID: 1
[03:28:49.977] [WARNING] 잘못된 패킷 타입: 5, 클라이언트 ID: 2
[03:28:49.986] [WARNING] 잘못된 패킷 타입: 5, 클라이언트 ID: 1
[03:28:49.987] [WARNING] 잘못된 패킷 타입: 5, 클라이언트 ID: 2
[03:28:49.997] [WARNING] 잘못된 패킷 타입: 5, 클라이언트 ID: 1
[03:28:49.998] [WARNING] 잘못된 패킷 타입: 5, 클라이언트 ID: 2
[03:28:50.007] [WARNING] 잘못된 패킷 타입: 5, 클라이언트 ID: 1
[03:28:50.008] [WARNING] 잘못된 패킷 타입: 5, 클라이언트 ID: 2
[03:28:50.017] [WARNING] 잘못된 패킷 타입: 5, 클라이언트 ID: 1
[03:28:50.018] [WARNING] 잘못된 패킷 타입: 5, 클라이언트 ID: 2
[03:28:50.029] [WARNING] 잘못된 패킷 타입: 5, 클라이언트 ID: 1
[03:28:50.029] [WARNING] 잘못된 패킷 타입: 5, 클라이언트 ID: 2
[03:28:50.038] [WARNING] 잘못된 패킷 타입: 5, 클라이언트 ID: 1
[03:28:50.039] [WARNING] 잘못된 패킷 타입: 5, 클라이언트 ID: 2
[03:28:50.050] [WARNING] 잘못된 패킷 타입: 5, 클라이언트 ID: 1
[03:28:50.051] [WARNING] 잘못된 패킷 타입: 5, 클라이언트 ID: 2
[03:28:50.060] [WARNING] 잘못된 패킷 타입: 5, 클라이언트 ID: 1
[03:28:50.061] [WARNING] 잘못된 패킷 타입: 5, 클라이언트 ID: 2
[03:28:50.069] [WARNING] 잘못된 패킷 타입: 5, 클라이언트 ID: 1
[03:28:50.070] [WARNING] 잘못된 패킷 타입: 5, 클라이언트 ID: 2
[03:28:50.080] [WARNING] 잘못된 패킷 타입: 5, 클라이언트 ID: 1
[03:28:50.081] [WARNING] 잘못된 패킷 타입: 5, 클라이언트 ID: 2
[03:28:50.090] [WARNING] 잘못된 패킷 타입: 5, 클라이언트 ID: 1
[03:28:50.091] [WARNING] 잘못된 패킷 타입: 5, 클라이언트 ID: 2
[03:28:50.100] [WARNING] 잘못된 패킷 타입: 5, 클라이언트 ID: 1
[03:28:50.101] [WARNING] 잘못된 패킷 타입: 5, 클라이언트 ID: 2
[03:28:50.111] [WARNING] 잘못된 패킷 타입: 5, 클라이언트 ID: 1
[03:28:50.112] [WARNING] 잘못된 패킷 타입: 5, 클라이언트 ID: 2
[03:28:50.121] [WARNING] 잘못된 패킷 타입: 5, 클라이언트 ID: 1
[03:28:50.122] [WARNING] 잘못된 패킷 타입: 5, 클라이언트 ID: 2
[03:28:50.132] [WARNING] 잘못된 패킷 타입: 5, 클라이언트 ID: 1
[03:28:50.133] [WARNING] 잘못된 패킷 타입: 5, 클라이언트 ID: 2
[03:28:50.142] [WARNING] 잘못된 패킷 타입: 5, 클라이언트 ID: 1
[03:28:50.143] [WARNING] 잘못된 패킷 타입: 5, 클라이언트 ID: 2
[03:28:50.153] [WARNING] 잘못된 패킷 타입: 5, 클라이언트 ID: 1
[03:28:50.153] [WARNING] 잘못된 패킷 타입: 5, 클라이언트 ID: 2
[03:28:50.163] [WARNING] 잘못된 패킷 타입: 5, 클라이언트 ID: 1
[03:28:50.164] [WARNING] 잘못된 패킷 타입: 5, 클라이언트 ID: 2
[03:28:50.173] [WARNING] 잘못된 패킷 타입: 5, 클라이언트 ID: 1
[03:28:50.174] [WARNING] 잘못된 패킷 타입: 5, 클라이언트 ID: 2
[03:28:50.184] [WARNING] 잘못된 패킷 타입: 5, 클라이언트 ID: 1
[03:28:50.184] [WARNING] 잘못된 패킷 타입: 5, 클라이언트 ID: 2
[03:28:50.194] [WARNING] 잘못된 패킷 타입: 5, 클라이언트 ID: 1
[03:28:50.195] [WARNING] 잘못된 패킷 타입: 5, 클라이언트 ID: 2
[03:28:50.204] [WARNING] 잘못된 패킷 타입: 5, 클라이언트 ID: 1
[03:28:50.205] [WARNING] 잘못된 패킷 타입: 5, 클라이언트 ID: 2
[03:28:50.215] [WARNING] 잘못된 패킷 타입: 5, 클라이언트 ID: 1
[03:28:50.215] [WARNING] 잘못된 패킷 타입: 5, 클라이언트 ID: 2
[03:28:50.225] [WARNING] 잘못된 패킷 타입: 5, 클라이언트 ID: 1
[03:28:50.226] [WARNING] 잘못된 패킷 타입: 5, 클라이언트 ID: 2
[03:28:50.237] [WARNING] 잘못된 패킷 타입: 5, 클라이언트 ID: 1
[03:28:50.238] [WARNING] 잘못된 패킷 타입: 5, 클라이언트 ID: 2
[03:28:50.247] [WARNING] 잘못된 패킷 타입: 5, 클라이언트 ID: 1
[03:28:50.248] [WARNING] 잘못된 패킷 타입: 5, 클라이언트 ID: 2
[03:28:50.261] [WARNING] 잘못된 패킷 타입: 5, 클라이언트 ID: 1
[03:28:50.261] [WARNING] 잘못된 패킷 타입: 5, 클라이언트 ID: 2
[03:28:50.271] [WARNING] 잘못된 패킷 타입: 5, 클라이언트 ID: 1
[03:28:50.271] [WARNING] 잘못된 패킷 타입: 5, 클라이언트 ID: 2
[03:28:50.282] [WARNING] 잘못된 패킷 타입: 5, 클라이언트 ID: 1
[03:28:50.283] [WARNING] 잘못된 패킷 타입: 5, 클라이언트 ID: 2
[03:28:50.294] [WARNING] 잘못된 패킷 타입: 5, 클라이언트 ID: 1
[03:28:50.295] [WARNING] 잘못된 패킷 타입: 5, 클라이언트 ID: 2
[03:28:50.306] [WARNING] 잘못된 패킷 타입: 5, 클라이언트 ID: 1
[03:28:50.306] [WARNING] 잘못된 패킷 타입: 5, 클라이언트 ID: 2
[03:28:50.319] [WARNING] 잘못된 패킷 타입: 5, 클라이언트 ID: 1
[03:28:50.319] [WARNING] 잘못된 패킷 타입: 5, 클라이언트 ID: 2
[03:28:50.330] [WARNING] 잘못된 패킷 타입: 5, 클라이언트 ID: 1
[03:28:50.330] [WARNING] 잘못된 패킷 타입: 5, 클라이언트 ID: 2
[03:28:50.342] [WARNING] 잘못된 패킷 타입: 5, 클라이언트 ID: 1
[03:28:50.342] [WARNING] 잘못된 패킷 타입: 5, 클라이언트 ID: 2
[03:28:50.353] [WARNING] 잘못된 패킷 타입: 5, 클라이언트 ID: 1
[03:28:50.355] [WARNING] 잘못된 패킷 타입: 5, 클라이언트 ID: 2
[03:28:50.365] [WARNING] 잘못된 패킷 타입: 5, 클라이언트 ID: 1
[03:28:50.366] [WARNING] 잘못된 패킷 타입: 5, 클라이언트 ID: 2
[03:28:50.376] [WARNING] 잘못된 패킷 타입: 5, 클라이언트 ID: 1
[03:28:50.377] [WARNING] 잘못된 패킷 타입: 5, 클라이언트 ID: 2
[03:28:50.387] [WARNING] 잘못된 패킷 타입: 5, 클라이언트 ID: 1
[03:28:50.388] [WARNING] 잘못된 패킷 타입: 5, 클라이언트 ID: 2
[03:28:50.399] [WARNING] 잘못된 패킷 타입: 5, 클라이언트 ID: 1
[03:28:50.400] [WARNING] 잘못된 패킷 타입: 5, 클라이언트 ID: 2
[03:28:50.412] [WARNING] 잘못된 패킷 타입: 5, 클라이언트 ID: 1
[03:28:50.413] [WARNING] 잘못된 패킷 타입: 5, 클라이언트 ID: 2
[03:28:50.422] [WARNING] 잘못된 패킷 타입: 5, 클라이언트 ID: 1
[03:28:50.423] [WARNING] 잘못된 패킷 타입: 5, 클라이언트 ID: 2
[03:28:50.434] [WARNING] 잘못된 패킷 타입: 5, 클라이언트 ID: 1
[03:28:50.434] [WARNING] 잘못된 패킷 타입: 5, 클라이언트 ID: 2
[03:28:50.445] [WARNING] 잘못된 패킷 타입: 5, 클라이언트 ID: 1
[03:28:50.446] [WARNING] 잘못된 패킷 타입: 5, 클라이언트 ID: 2
[03:28:50.458] [WARNING] 잘못된 패킷 타입: 5, 클라이언트 ID: 1
[03:28:50.458] [WARNING] 잘못된 패킷 타입: 5, 클라이언트 ID: 2
[03:28:50.470] [WARNING] 잘못된 패킷 타입: 5, 클라이언트 ID: 1
[03:28:50.470] [WARNING] 잘못된 패킷 타입: 5, 클라이언트 ID: 2
[03:28:50.482] [WARNING] 잘못된 패킷 타입: 5, 클라이언트 ID: 1
[03:28:50.482] [WARNING] 잘못된 패킷 타입: 5, 클라이언트 ID: 2
[03:28:50.493] [WARNING] 잘못된 패킷 타입: 5, 클라이언트 ID: 1
[03:28:50.495] [WARNING] 잘못된 패킷 타입: 5, 클라이언트 ID: 2
[03:28:50.506] [WARNING] 잘못된 패킷 타입: 5, 클라이언트 ID: 1
[03:28:50.507] [WARNING] 잘못된 패킷 타입: 5, 클라이언트 ID: 2
[03:28:50.517] [WARNING] 잘못된 패킷 타입: 5, 클라이언트 ID: 1
[03:28:50.518] [WARNING] 잘못된 패킷 타입: 5, 클라이언트 ID: 2
[03:28:50.528] [WARNING] 잘못된 패킷 타입: 5, 클라이언트 ID: 1
[03:28:50.529] [WARNING] 잘못된 패킷 타입: 5, 클라이언트 ID: 2
[03:28:50.540] [WARNING] 잘못된 패킷 타입: 5, 클라이언트 ID: 1
[03:28:50.540] [WARNING] 잘못된 패킷 타입: 5, 클라이언트 ID: 2
[03:28:50.552] [WARNING] 잘못된 패킷 타입: 5, 클라이언트 ID: 1
[03:28:50.552] [WARNING] 잘못된 패킷 타입: 5, 클라이언트 ID: 2
[03:28:50.885] [WARNING] 잘못된 패킷 타입: 5, 클라이언트 ID: 1
[03:28:50.885] [WARNING] 잘못된 패킷 타입: 5, 클라이언트 ID: 2
[03:28:51.218] [WARNING] 잘못된 패킷 타입: 5, 클라이언트 ID: 1
[03:28:51.219] [WARNING] 잘못된 패킷 타입: 5, 클라이언트 ID: 2
[03:28:51.551] [WARNING] 잘못된 패킷 타입: 5, 클라이언트 ID: 1
[03:28:51.552] [WARNING] 잘못된 패킷 타입: 5, 클라이언트 ID: 2
[03:28:51.885] [WARNING] 잘못된 패킷 타입: 5, 클라이언트 ID: 1
[03:28:51.885] [WARNING] 잘못된 패킷 타입: 5, 클라이언트 ID: 2
[03:28:52.218] [WARNING] 잘못된 패킷 타입: 5, 클라이언트 ID: 1
[03:28:52.219] [WARNING] 잘못된 패킷 타입: 5, 클라이언트 ID: 2
[03:28:52.551] [WARNING] 잘못된 패킷 타입: 5, 클라이언트 ID: 1
[03:28:52.552] [WARNING] 잘못된 패킷 타입: 5, 클라이언트 ID: 2
[03:28:52.885] [WARNING] 잘못된 패킷 타입: 5, 클라이언트 ID: 1
[03:28:52.885] [WARNING] 잘못된 패킷 타입: 5, 클라이언트 ID: 2
[03:28:53.218] [WARNING] 잘못된 패킷 타입: 5, 클라이언트 ID: 1
[03:28:53.219] [WARNING] 잘못된 패킷 타입: 5, 클라이언트 ID: 2
[03:28:53.551] [WARNING] 잘못된 패킷 타입: 5, 클라이언트 ID: 1
[03:28:53.552] [WARNING] 잘못된 패킷 타입: 5, 클라이언트 ID: 2
[03:28:53.885] [WARNING] 잘못된 패킷 타입: 5, 클라이언트 ID: 1
[03:28:53.885] [WARNING] 잘못된 패킷 타입: 5, 클라이언트 ID: 2
[03:28:54.218] [WARNING] 잘못된 패킷 타입: 5, 클라이언트 ID: 1
[03:28:54.219] [WARNING] 잘못된 패킷 타입: 5, 클라이언트 ID: 2
[03:28:54.551] [WARNING] 잘못된 패킷 타입: 5, 클라이언트 ID: 1
[03:28:54.552] [WARNING] 잘못된 패킷 타입: 5, 클라이언트 ID: 2
[03:28:54.885] [WARNING] 잘못된 패킷 타입: 5, 클라이언트 ID: 1
[03:28:54.885] [WARNING] 잘못된 패킷 타입: 5, 클라이언트 ID: 2
[03:28:55.218] [WARNING] 잘못된 패킷 타입: 5, 클라이언트 ID: 1
[03:28:55.219] [WARNING] 잘못된 패킷 타입: 5, 클라이언트 ID: 2
[03:28:55.551] [WARNING] 잘못된 패킷 타입: 5, 클라이언트 ID: 1
[03:28:55.552] [WARNING] 잘못된 패킷 타입: 5, 클라이언트 ID: 2
[03:28:55.885] [WARNING] 잘못된 패킷 타입: 5, 클라이언트 ID: 1
[03:28:55.885] [WARNING] 잘못된 패킷 타입: 5, 클라이언트 ID: 2
[03:28:56.219] [WARNING] 잘못된 패킷 타입: 5, 클라이언트 ID: 1
[03:28:56.219] [WARNING] 잘못된 패킷 타입: 5, 클라이언트 ID: 2
[03:28:56.226] [WARNING] 잘못된 패킷 타입: 5, 클라이언트 ID: 1
[03:28:56.227] [WARNING] 잘못된 패킷 타입: 5, 클라이언트 ID: 2
[03:28:56.235] [WARNING] 잘못된 패킷 타입: 5, 클라이언트 ID: 1
[03:28:56.235] [WARNING] 잘못된 패킷 타입: 5, 클라이언트 ID: 2
[03:28:56.243] [WARNING] 잘못된 패킷 타입: 5, 클라이언트 ID: 1
[03:28:56.243] [WARNING] 잘못된 패킷 타입: 5, 클라이언트 ID: 2
[03:28:56.252] [WARNING] 잘못된 패킷 타입: 5, 클라이언트 ID: 1
[03:28:56.254] [WARNING] 잘못된 패킷 타입: 5, 클라이언트 ID: 2
[03:28:56.264] [WARNING] 잘못된 패킷 타입: 5, 클라이언트 ID: 1
[03:28:56.265] [WARNING] 잘못된 패킷 타입: 5, 클라이언트 ID: 2
[03:28:56.276] [WARNING] 잘못된 패킷 타입: 5, 클라이언트 ID: 1
[03:28:56.277] [WARNING] 잘못된 패킷 타입: 5, 클라이언트 ID: 2
[03:28:56.287] [WARNING] 잘못된 패킷 타입: 5, 클라이언트 ID: 1
[03:28:56.287] [WARNING] 잘못된 패킷 타입: 5, 클라이언트 ID: 2
[03:28:56.298] [WARNING] 잘못된 패킷 타입: 5, 클라이언트 ID: 1
[03:28:56.299] [WARNING] 잘못된 패킷 타입: 5, 클라이언트 ID: 2
[03:28:56.310] [WARNING] 잘못된 패킷 타입: 5, 클라이언트 ID: 1
[03:28:56.310] [WARNING] 잘못된 패킷 타입: 5, 클라이언트 ID: 2
[03:28:56.321] [WARNING] 잘못된 패킷 타입: 5, 클라이언트 ID: 1
[03:28:56.322] [WARNING] 잘못된 패킷 타입: 5, 클라이언트 ID: 2
[03:28:56.340] [WARNING] 잘못된 패킷 타입: 5, 클라이언트 ID: 1
[03:28:56.340] [WARNING] 잘못된 패킷 타입: 5, 클라이언트 ID: 2
[03:28:56.349] [WARNING] 잘못된 패킷 타입: 5, 클라이언트 ID: 1
[03:28:56.350] [WARNING] 잘못된 패킷 타입: 5, 클라이언트 ID: 2
[03:28:56.360] [WARNING] 잘못된 패킷 타입: 5, 클라이언트 ID: 1
[03:28:56.360] [WARNING] 잘못된 패킷 타입: 5, 클라이언트 ID: 2
[03:28:56.371] [WARNING] 잘못된 패킷 타입: 5, 클라이언트 ID: 1
[03:28:56.372] [WARNING] 잘못된 패킷 타입: 5, 클라이언트 ID: 2
[03:28:56.383] [WARNING] 잘못된 패킷 타입: 5, 클라이언트 ID: 1
[03:28:56.384] [WARNING] 잘못된 패킷 타입: 5, 클라이언트 ID: 2
[03:28:56.395] [WARNING] 잘못된 패킷 타입: 5, 클라이언트 ID: 1
[03:28:56.396] [WARNING] 잘못된 패킷 타입: 5, 클라이언트 ID: 2
[03:28:56.408] [WARNING] 잘못된 패킷 타입: 5, 클라이언트 ID: 1
[03:28:56.408] [WARNING] 잘못된 패킷 타입: 5, 클라이언트 ID: 2
[03:28:56.419] [WARNING] 잘못된 패킷 타입: 5, 클라이언트 ID: 1
[03:28:56.420] [WARNING] 잘못된 패킷 타입: 5, 클라이언트 ID: 2
[03:28:56.432] [WARNING] 잘못된 패킷 타입: 5, 클라이언트 ID: 1
[03:28:56.432] [WARNING] 잘못된 패킷 타입: 5, 클라이언트 ID: 2
[03:28:56.443] [WARNING] 잘못된 패킷 타입: 5, 클라이언트 ID: 1
[03:28:56.444] [WARNING] 잘못된 패킷 타입: 5, 클라이언트 ID: 2
[03:28:56.456] [WARNING] 잘못된 패킷 타입: 5, 클라이언트 ID: 1
[03:28:56.456] [WARNING] 잘못된 패킷 타입: 5, 클라이언트 ID: 2
[03:28:56.465] [WARNING] 잘못된 패킷 타입: 5, 클라이언트 ID: 1
[03:28:56.466] [WARNING] 잘못된 패킷 타입: 5, 클라이언트 ID: 2
[03:28:56.477] [WARNING] 잘못된 패킷 타입: 5, 클라이언트 ID: 1
[03:28:56.478] [WARNING] 잘못된 패킷 타입: 5, 클라이언트 ID: 2
[03:28:56.489] [WARNING] 잘못된 패킷 타입: 5, 클라이언트 ID: 1
[03:28:56.489] [WARNING] 잘못된 패킷 타입: 5, 클라이언트 ID: 2
[03:28:56.501] [WARNING] 잘못된 패킷 타입: 5, 클라이언트 ID: 1
[03:28:56.502] [WARNING] 잘못된 패킷 타입: 5, 클라이언트 ID: 2
[03:28:56.512] [WARNING] 잘못된 패킷 타입: 5, 클라이언트 ID: 1
[03:28:56.513] [WARNING] 잘못된 패킷 타입: 5, 클라이언트 ID: 2
[03:28:56.523] [WARNING] 잘못된 패킷 타입: 5, 클라이언트 ID: 1
[03:28:56.524] [WARNING] 잘못된 패킷 타입: 5, 클라이언트 ID: 2
[03:28:56.535] [WARNING] 잘못된 패킷 타입: 5, 클라이언트 ID: 1
[03:28:56.536] [WARNING] 잘못된 패킷 타입: 5, 클라이언트 ID: 2
[03:28:56.550] [WARNING] 잘못된 패킷 타입: 5, 클라이언트 ID: 1
[03:28:56.551] [WARNING] 잘못된 패킷 타입: 5, 클라이언트 ID: 2
[03:28:56.563] [WARNING] 잘못된 패킷 타입: 5, 클라이언트 ID: 1
[03:28:56.563] [WARNING] 잘못된 패킷 타입: 5, 클라이언트 ID: 2
[03:28:56.576] [WARNING] 잘못된 패킷 타입: 5, 클라이언트 ID: 1
[03:28:56.577] [WARNING] 잘못된 패킷 타입: 5, 클라이언트 ID: 2
[03:28:56.587] [WARNING] 잘못된 패킷 타입: 5, 클라이언트 ID: 1
[03:28:56.587] [WARNING] 잘못된 패킷 타입: 5, 클라이언트 ID: 2
[03:28:56.599] [WARNING] 잘못된 패킷 타입: 5, 클라이언트 ID: 1
[03:28:56.599] [WARNING] 잘못된 패킷 타입: 5, 클라이언트 ID: 2
[03:28:56.610] [WARNING] 잘못된 패킷 타입: 5, 클라이언트 ID: 1
[03:28:56.610] [WARNING] 잘못된 패킷 타입: 5, 클라이언트 ID: 2
[03:28:56.621] [WARNING] 잘못된 패킷 타입: 5, 클라이언트 ID: 1
[03:28:56.621] [WARNING] 잘못된 패킷 타입: 5, 클라이언트 ID: 2
[03:28:56.632] [WARNING] 잘못된 패킷 타입: 5, 클라이언트 ID: 1
[03:28:56.633] [WARNING] 잘못된 패킷 타입: 5, 클라이언트 ID: 2
[03:28:56.644] [WARNING] 잘못된 패킷 타입: 5, 클라이언트 ID: 1
[03:28:56.645] [WARNING] 잘못된 패킷 타입: 5, 클라이언트 ID: 2
[03:28:56.656] [WARNING] 잘못된 패킷 타입: 5, 클라이언트 ID: 1
[03:28:56.657] [WARNING] 잘못된 패킷 타입: 5, 클라이언트 ID: 2
[03:28:56.666] [WARNING] 잘못된 패킷 타입: 5, 클라이언트 ID: 1
[03:28:56.667] [WARNING] 잘못된 패킷 타입: 5, 클라이언트 ID: 2
[03:28:56.678] [WARNING] 잘못된 패킷 타입: 5, 클라이언트 ID: 1
[03:28:56.679] [WARNING] 잘못된 패킷 타입: 5, 클라이언트 ID: 2
[03:28:56.690] [WARNING] 잘못된 패킷 타입: 5, 클라이언트 ID: 1
[03:28:56.690] [WARNING] 잘못된 패킷 타입: 5, 클라이언트 ID: 2
[03:28:56.702] [WARNING] 잘못된 패킷 타입: 5, 클라이언트 ID: 1
[03:28:56.702] [WARNING] 잘못된 패킷 타입: 5, 클라이언트 ID: 2
[03:28:56.713] [WARNING] 잘못된 패킷 타입: 5, 클라이언트 ID: 1
[03:28:56.714] [WARNING] 잘못된 패킷 타입: 5, 클라이언트 ID: 2
[03:28:56.725] [WARNING] 잘못된 패킷 타입: 5, 클라이언트 ID: 1
[03:28:56.725] [WARNING] 잘못된 패킷 타입: 5, 클라이언트 ID: 2
[03:28:56.737] [WARNING] 잘못된 패킷 타입: 5, 클라이언트 ID: 1
[03:28:56.738] [WARNING] 잘못된 패킷 타입: 5, 클라이언트 ID: 2
[03:28:56.748] [WARNING] 잘못된 패킷 타입: 5, 클라이언트 ID: 1
[03:28:56.748] [WARNING] 잘못된 패킷 타입: 5, 클라이언트 ID: 2
[03:28:56.759] [WARNING] 잘못된 패킷 타입: 5, 클라이언트 ID: 1
[03:28:56.759] [WARNING] 잘못된 패킷 타입: 5, 클라이언트 ID: 2
[03:28:56.770] [WARNING] 잘못된 패킷 타입: 5, 클라이언트 ID: 1
[03:28:56.771] [WARNING] 잘못된 패킷 타입: 5, 클라이언트 ID: 2
[03:28:56.782] [WARNING] 잘못된 패킷 타입: 5, 클라이언트 ID: 1
[03:28:56.782] [WARNING] 잘못된 패킷 타입: 5, 클라이언트 ID: 2
[03:28:56.794] [WARNING] 잘못된 패킷 타입: 5, 클라이언트 ID: 1
[03:28:56.795] [WARNING] 잘못된 패킷 타입: 5, 클라이언트 ID: 2
[03:28:56.804] [WARNING] 잘못된 패킷 타입: 5, 클라이언트 ID: 1
[03:28:56.805] [WARNING] 잘못된 패킷 타입: 5, 클라이언트 ID: 2
[03:28:56.816] [WARNING] 잘못된 패킷 타입: 5, 클라이언트 ID: 1
[03:28:56.817] [WARNING] 잘못된 패킷 타입: 5, 클라이언트 ID: 2
[03:28:56.828] [WARNING] 잘못된 패킷 타입: 5, 클라이언트 ID: 1
[03:28:56.829] [WARNING] 잘못된 패킷 타입: 5, 클라이언트 ID: 2
[03:28:56.842] [WARNING] 잘못된 패킷 타입: 5, 클라이언트 ID: 1
[03:28:56.842] [WARNING] 잘못된 패킷 타입: 5, 클라이언트 ID: 2
[03:28:56.852] [WARNING] 잘못된 패킷 타입: 5, 클라이언트 ID: 1
[03:28:56.853] [WARNING] 잘못된 패킷 타입: 5, 클라이언트 ID: 2
[03:28:56.865] [WARNING] 잘못된 패킷 타입: 5, 클라이언트 ID: 1
[03:28:56.865] [WARNING] 잘못된 패킷 타입: 5, 클라이언트 ID: 2
[03:28:56.875] [WARNING] 잘못된 패킷 타입: 5, 클라이언트 ID: 1
[03:28:56.876] [WARNING] 잘못된 패킷 타입: 5, 클라이언트 ID: 2
[03:28:56.886] [WARNING] 잘못된 패킷 타입: 5, 클라이언트 ID: 1
[03:28:56.886] [WARNING] 잘못된 패킷 타입: 5, 클라이언트 ID: 2
[03:28:56.898] [WARNING] 잘못된 패킷 타입: 5, 클라이언트 ID: 1
[03:28:56.898] [WARNING] 잘못된 패킷 타입: 5, 클라이언트 ID: 2
[03:28:56.912] [WARNING] 잘못된 패킷 타입: 5, 클라이언트 ID: 1
[03:28:56.912] [WARNING] 잘못된 패킷 타입: 5, 클라이언트 ID: 2
[03:28:56.922] [WARNING] 잘못된 패킷 타입: 5, 클라이언트 ID: 1
[03:28:56.923] [WARNING] 잘못된 패킷 타입: 5, 클라이언트 ID: 2
[03:28:56.934] [WARNING] 잘못된 패킷 타입: 5, 클라이언트 ID: 1
[03:28:56.935] [WARNING] 잘못된 패킷 타입: 5, 클라이언트 ID: 2
[03:28:56.945] [WARNING] 잘못된 패킷 타입: 5, 클라이언트 ID: 1
[03:28:56.946] [WARNING] 잘못된 패킷 타입: 5, 클라이언트 ID: 2
[03:28:56.963] [WARNING] 잘못된 패킷 타입: 5, 클라이언트 ID: 1
[03:28:56.964] [WARNING] 잘못된 패킷 타입: 5, 클라이언트 ID: 2
[03:28:56.973] [WARNING] 잘못된 패킷 타입: 5, 클라이언트 ID: 1
[03:28:56.974] [WARNING] 잘못된 패킷 타입: 5, 클라이언트 ID: 2
[03:28:56.982] [WARNING] 잘못된 패킷 타입: 5, 클라이언트 ID: 1
[03:28:56.983] [WARNING] 잘못된 패킷 타입: 5, 클라이언트 ID: 2
[03:28:56.994] [WARNING] 잘못된 패킷 타입: 5, 클라이언트 ID: 1
[03:28:56.995] [WARNING] 잘못된 패킷 타입: 5, 클라이언트 ID: 2
[03:28:57.005] [WARNING] 잘못된 패킷 타입: 5, 클라이언트 ID: 1
[03:28:57.005] [WARNING] 잘못된 패킷 타입: 5, 클라이언트 ID: 2
[03:28:57.016] [WARNING] 잘못된 패킷 타입: 5, 클라이언트 ID: 1
[03:28:57.017] [WARNING] 잘못된 패킷 타입: 5, 클라이언트 ID: 2
[03:28:57.028] [WARNING] 잘못된 패킷 타입: 5, 클라이언트 ID: 1
[03:28:57.029] [WARNING] 잘못된 패킷 타입: 5, 클라이언트 ID: 2
[03:28:57.045] [WARNING] 잘못된 패킷 타입: 5, 클라이언트 ID: 1
[03:28:57.046] [WARNING] 잘못된 패킷 타입: 5, 클라이언트 ID: 2
[03:28:57.053] [WARNING] 잘못된 패킷 타입: 5, 클라이언트 ID: 1
[03:28:57.054] [WARNING] 잘못된 패킷 타입: 5, 클라이언트 ID: 2
[03:28:57.063] [WARNING] 잘못된 패킷 타입: 5, 클라이언트 ID: 1
[03:28:57.064] [WARNING] 잘못된 패킷 타입: 5, 클라이언트 ID: 2
[03:28:57.075] [WARNING] 잘못된 패킷 타입: 5, 클라이언트 ID: 1
[03:28:57.075] [WARNING] 잘못된 패킷 타입: 5, 클라이언트 ID: 2
[03:28:57.085] [WARNING] 잘못된 패킷 타입: 5, 클라이언트 ID: 1
[03:28:57.086] [WARNING] 잘못된 패킷 타입: 5, 클라이언트 ID: 2
[03:28:57.096] [WARNING] 잘못된 패킷 타입: 5, 클라이언트 ID: 1
[03:28:57.097] [WARNING] 잘못된 패킷 타입: 5, 클라이언트 ID: 2
[03:28:57.109] [WARNING] 잘못된 패킷 타입: 5, 클라이언트 ID: 1
[03:28:57.110] [WARNING] 잘못된 패킷 타입: 5, 클라이언트 ID: 2
[03:28:57.119] [WARNING] 잘못된 패킷 타입: 5, 클라이언트 ID: 1
[03:28:57.120] [WARNING] 잘못된 패킷 타입: 5, 클라이언트 ID: 2
[03:28:57.130] [WARNING] 잘못된 패킷 타입: 5, 클라이언트 ID: 1
[03:28:57.131] [WARNING] 잘못된 패킷 타입: 5, 클라이언트 ID: 2
[03:28:57.141] [WARNING] 잘못된 패킷 타입: 5, 클라이언트 ID: 1
[03:28:57.142] [WARNING] 잘못된 패킷 타입: 5, 클라이언트 ID: 2
[03:28:57.152] [WARNING] 잘못된 패킷 타입: 5, 클라이언트 ID: 1
[03:28:57.153] [WARNING] 잘못된 패킷 타입: 5, 클라이언트 ID: 2
[03:28:57.164] [WARNING] 잘못된 패킷 타입: 5, 클라이언트 ID: 1
[03:28:57.165] [WARNING] 잘못된 패킷 타입: 5, 클라이언트 ID: 2
[03:28:57.174] [WARNING] 잘못된 패킷 타입: 5, 클라이언트 ID: 1
[03:28:57.174] [WARNING] 잘못된 패킷 타입: 5, 클라이언트 ID: 2
[03:28:57.186] [WARNING] 잘못된 패킷 타입: 5, 클라이언트 ID: 1
[03:28:57.187] [WARNING] 잘못된 패킷 타입: 5, 클라이언트 ID: 2
[03:28:57.197] [WARNING] 잘못된 패킷 타입: 5, 클라이언트 ID: 1
[03:28:57.198] [WARNING] 잘못된 패킷 타입: 5, 클라이언트 ID: 2
[03:28:57.206] [WARNING] 잘못된 패킷 타입: 5, 클라이언트 ID: 1
[03:28:57.207] [WARNING] 잘못된 패킷 타입: 5, 클라이언트 ID: 2
[03:28:57.217] [WARNING] 잘못된 패킷 타입: 5, 클라이언트 ID: 1
[03:28:57.218] [WARNING] 잘못된 패킷 타입: 5, 클라이언트 ID: 2
[03:28:57.229] [WARNING] 잘못된 패킷 타입: 5, 클라이언트 ID: 1
[03:28:57.230] [WARNING] 잘못된 패킷 타입: 5, 클라이언트 ID: 2
[03:28:57.247] [WARNING] 잘못된 패킷 타입: 5, 클라이언트 ID: 1
[03:28:57.247] [WARNING] 잘못된 패킷 타입: 5, 클라이언트 ID: 2
[03:28:57.255] [WARNING] 잘못된 패킷 타입: 5, 클라이언트 ID: 1
[03:28:57.256] [WARNING] 잘못된 패킷 타입: 5, 클라이언트 ID: 2
[03:28:57.268] [WARNING] 잘못된 패킷 타입: 5, 클라이언트 ID: 1
[03:28:57.269] [WARNING] 잘못된 패킷 타입: 5, 클라이언트 ID: 2
[03:28:57.279] [WARNING] 잘못된 패킷 타입: 5, 클라이언트 ID: 1
[03:28:57.280] [WARNING] 잘못된 패킷 타입: 5, 클라이언트 ID: 2
[03:28:57.291] [WARNING] 잘못된 패킷 타입: 5, 클라이언트 ID: 1
[03:28:57.292] [WARNING] 잘못된 패킷 타입: 5, 클라이언트 ID: 2
[03:28:57.302] [WARNING] 잘못된 패킷 타입: 5, 클라이언트 ID: 1
[03:28:57.303] [WARNING] 잘못된 패킷 타입: 5, 클라이언트 ID: 2
[03:28:57.313] [WARNING] 잘못된 패킷 타입: 5, 클라이언트 ID: 1
[03:28:57.314] [WARNING] 잘못된 패킷 타입: 5, 클라이언트 ID: 2
[03:28:57.325] [WARNING] 잘못된 패킷 타입: 5, 클라이언트 ID: 1
[03:28:57.326] [WARNING] 잘못된 패킷 타입: 5, 클라이언트 ID: 2
[03:28:57.335] [WARNING] 잘못된 패킷 타입: 5, 클라이언트 ID: 1
[03:28:57.336] [WARNING] 잘못된 패킷 타입: 5, 클라이언트 ID: 2
[03:28:57.346] [WARNING] 잘못된 패킷 타입: 5, 클라이언트 ID: 1
[03:28:57.347] [WARNING] 잘못된 패킷 타입: 5, 클라이언트 ID: 2
[03:28:57.359] [WARNING] 잘못된 패킷 타입: 5, 클라이언트 ID: 1
[03:28:57.360] [WARNING] 잘못된 패킷 타입: 5, 클라이언트 ID: 2
[03:28:57.369] [WARNING] 잘못된 패킷 타입: 5, 클라이언트 ID: 1
[03:28:57.370] [WARNING] 잘못된 패킷 타입: 5, 클라이언트 ID: 2
[03:28:57.381] [WARNING] 잘못된 패킷 타입: 5, 클라이언트 ID: 1
[03:28:57.382] [WARNING] 잘못된 패킷 타입: 5, 클라이언트 ID: 2
[03:28:57.392] [WARNING] 잘못된 패킷 타입: 5, 클라이언트 ID: 1
[03:28:57.393] [WARNING] 잘못된 패킷 타입: 5, 클라이언트 ID: 2
[03:28:57.404] [WARNING] 잘못된 패킷 타입: 5, 클라이언트 ID: 1
[03:28:57.405] [WARNING] 잘못된 패킷 타입: 5, 클라이언트 ID: 2
[03:28:57.415] [WARNING] 잘못된 패킷 타입: 5, 클라이언트 ID: 1
[03:28:57.416] [WARNING] 잘못된 패킷 타입: 5, 클라이언트 ID: 2
[03:28:57.428] [WARNING] 잘못된 패킷 타입: 5, 클라이언트 ID: 1
[03:28:57.428] [WARNING] 잘못된 패킷 타입: 5, 클라이언트 ID: 2
[03:28:57.437] [WARNING] 잘못된 패킷 타입: 5, 클라이언트 ID: 1
[03:28:57.438] [WARNING] 잘못된 패킷 타입: 5, 클라이언트 ID: 2
[03:28:57.450] [WARNING] 잘못된 패킷 타입: 5, 클라이언트 ID: 1
[03:28:57.450] [WARNING] 잘못된 패킷 타입: 5, 클라이언트 ID: 2
[03:28:57.460] [WARNING] 잘못된 패킷 타입: 5, 클라이언트 ID: 1
[03:28:57.461] [WARNING] 잘못된 패킷 타입: 5, 클라이언트 ID: 2
[03:28:57.471] [WARNING] 잘못된 패킷 타입: 5, 클라이언트 ID: 1
[03:28:57.472] [WARNING] 잘못된 패킷 타입: 5, 클라이언트 ID: 2
[03:28:57.483] [WARNING] 잘못된 패킷 타입: 5, 클라이언트 ID: 1
[03:28:57.484] [WARNING] 잘못된 패킷 타입: 5, 클라이언트 ID: 2
[03:28:57.493] [WARNING] 잘못된 패킷 타입: 5, 클라이언트 ID: 1
[03:28:57.494] [WARNING] 잘못된 패킷 타입: 5, 클라이언트 ID: 2
[03:28:57.504] [WARNING] 잘못된 패킷 타입: 5, 클라이언트 ID: 1
[03:28:57.504] [WARNING] 잘못된 패킷 타입: 5, 클라이언트 ID: 2
[03:28:57.516] [WARNING] 잘못된 패킷 타입: 5, 클라이언트 ID: 1
[03:28:57.517] [WARNING] 잘못된 패킷 타입: 5, 클라이언트 ID: 2
[03:28:57.527] [WARNING] 잘못된 패킷 타입: 5, 클라이언트 ID: 1
[03:28:57.527] [WARNING] 잘못된 패킷 타입: 5, 클라이언트 ID: 2
[03:28:57.539] [WARNING] 잘못된 패킷 타입: 5, 클라이언트 ID: 1
[03:28:57.539] [WARNING] 잘못된 패킷 타입: 5, 클라이언트 ID: 2
