[00:52:41.099] [INFO] 로깅 시스템 초기화됨
[00:52:41.099] [INFO] 서버 인스턴스 생성됨
[00:52:41.100] [INFO] 서버 초기화 시작 (포트: 9000)
[00:52:41.100] [INFO] 윈속 초기화 성공
[00:52:41.101] [INFO] 리스닝 소켓 생성 성공
[00:52:41.101] [INFO] 소켓 바인딩 성공 (포트: 9000)
[00:52:41.102] [INFO] 리스닝 시작됨
[00:52:41.102] [INFO] IOCP 생성 성공
[00:52:41.102] [INFO] CPU 코어 수: 16, 생성할 작업자 스레드: 16
[00:52:41.102] [INFO] 작업자 스레드 #1 생성됨
[00:52:41.103] [INFO] 작업자 스레드 시작 (ThreadID: 5356)
[00:52:41.103] [INFO] 작업자 스레드 #2 생성됨
[00:52:41.103] [INFO] 작업자 스레드 시작 (ThreadID: 448)
[00:52:41.103] [INFO] 작업자 스레드 #3 생성됨
[00:52:41.103] [INFO] 작업자 스레드 시작 (ThreadID: 1376)
[00:52:41.104] [INFO] 작업자 스레드 #4 생성됨
[00:52:41.104] [INFO] 작업자 스레드 시작 (ThreadID: 34104)
[00:52:41.104] [INFO] 작업자 스레드 #5 생성됨
[00:52:41.104] [INFO] 작업자 스레드 시작 (ThreadID: 21460)
[00:52:41.104] [INFO] 작업자 스레드 #6 생성됨
[00:52:41.105] [INFO] 작업자 스레드 시작 (ThreadID: 8708)
[00:52:41.105] [INFO] 작업자 스레드 #7 생성됨
[00:52:41.105] [INFO] 작업자 스레드 시작 (ThreadID: 13128)
[00:52:41.105] [INFO] 작업자 스레드 #8 생성됨
[00:52:41.105] [INFO] 작업자 스레드 시작 (ThreadID: 32668)
[00:52:41.106] [INFO] 작업자 스레드 #9 생성됨
[00:52:41.106] [INFO] 작업자 스레드 시작 (ThreadID: 28260)
[00:52:41.106] [INFO] 작업자 스레드 #10 생성됨
[00:52:41.106] [INFO] 작업자 스레드 시작 (ThreadID: 28636)
[00:52:41.106] [INFO] 작업자 스레드 #11 생성됨
[00:52:41.107] [INFO] 작업자 스레드 시작 (ThreadID: 27596)
[00:52:41.107] [INFO] 작업자 스레드 #12 생성됨
[00:52:41.107] [INFO] 작업자 스레드 시작 (ThreadID: 27728)
[00:52:41.107] [INFO] 작업자 스레드 #13 생성됨
[00:52:41.107] [INFO] 작업자 스레드 시작 (ThreadID: 24476)
[00:52:41.107] [INFO] 작업자 스레드 #14 생성됨
[00:52:41.108] [INFO] 작업자 스레드 시작 (ThreadID: 11396)
[00:52:41.108] [INFO] 작업자 스레드 #15 생성됨
[00:52:41.108] [INFO] 작업자 스레드 시작 (ThreadID: 24192)
[00:52:41.108] [INFO] 작업자 스레드 #16 생성됨
[00:52:41.108] [INFO] 작업자 스레드 시작 (ThreadID: 26940)
[00:52:41.108] [INFO] 서버 초기화 완료
[00:52:41.109] [INFO] 서버 실행. 포트 번호: 9000
[00:52:41.109] [INFO] IOCP 멀티플레이어 서버 시작됨...
[00:52:41.109] [INFO] 서버 실행 시작
[00:52:47.036] [INFO] [SendPacket] WSASend 요청 성공 - 컨텍스트: SendClientId, 보낸 크기: 7, 클라이언트 ID: 1
[00:52:47.036] [INFO] 새 클라이언트에게 ID 1 전송됨
[00:52:47.036] [INFO] [SendPacket] WSASend 요청 성공 - 컨텍스트: SendInitialPosition, 보낸 크기: 32, 클라이언트 ID: 1
[00:52:47.037] [INFO] 초기 위치 정보 전송됨 - 클라이언트 ID: 1, 위치: X=0.000000, Y=0.000000, Z=90.000000
[00:52:47.037] [INFO] 새 플레이어 정보(ID: 1) 브로드캐스트 - 수신자 수: 0
[00:52:47.037] [INFO] 기존 플레이어 정보 0개가 새 클라이언트(ID: 1)에게 전송됨
[00:52:47.037] [INFO] 위치 업데이트 - 클라이언트 ID: 1, 위치: X=0.000000, Y=0.000000, Z=90.000000, 속도: X=0.000000, Y=0.000000, Z=0.000000
[00:52:47.038] [INFO] 서버 FPS: 0.337724, 평균 프레임 시간: 592.200012ms, 클라이언트 수: 1
[00:52:48.035] [INFO] [SendPacket] WSASend 요청 성공 - 컨텍스트: SendPong, 보낸 크기: 11, 클라이언트 ID: 1
[00:52:49.036] [INFO] [SendPacket] WSASend 요청 성공 - 컨텍스트: SendPong, 보낸 크기: 11, 클라이언트 ID: 1
[00:52:50.036] [INFO] [SendPacket] WSASend 요청 성공 - 컨텍스트: SendPong, 보낸 크기: 11, 클라이언트 ID: 1
[00:52:51.036] [INFO] [SendPacket] WSASend 요청 성공 - 컨텍스트: SendPong, 보낸 크기: 11, 클라이언트 ID: 1
[00:52:52.036] [INFO] [SendPacket] WSASend 요청 성공 - 컨텍스트: SendPong, 보낸 크기: 11, 클라이언트 ID: 1
[00:52:53.036] [INFO] [SendPacket] WSASend 요청 성공 - 컨텍스트: SendPong, 보낸 크기: 11, 클라이언트 ID: 1
[00:52:54.036] [INFO] [SendPacket] WSASend 요청 성공 - 컨텍스트: SendPong, 보낸 크기: 11, 클라이언트 ID: 1
[00:52:55.036] [INFO] [SendPacket] WSASend 요청 성공 - 컨텍스트: SendPong, 보낸 크기: 11, 클라이언트 ID: 1
[00:52:56.036] [INFO] [SendPacket] WSASend 요청 성공 - 컨텍스트: SendPong, 보낸 크기: 11, 클라이언트 ID: 1
[00:52:57.036] [INFO] [SendPacket] WSASend 요청 성공 - 컨텍스트: SendPong, 보낸 크기: 11, 클라이언트 ID: 1
[00:52:58.041] [INFO] [SendPacket] WSASend 요청 성공 - 컨텍스트: SendPong, 보낸 크기: 11, 클라이언트 ID: 1
[00:52:59.041] [INFO] [SendPacket] WSASend 요청 성공 - 컨텍스트: SendPong, 보낸 크기: 11, 클라이언트 ID: 1
[00:53:00.042] [INFO] [SendPacket] WSASend 요청 성공 - 컨텍스트: SendPong, 보낸 크기: 11, 클라이언트 ID: 1
[00:53:01.041] [INFO] [SendPacket] WSASend 요청 성공 - 컨텍스트: SendPong, 보낸 크기: 11, 클라이언트 ID: 1
[00:53:02.042] [INFO] [SendPacket] WSASend 요청 성공 - 컨텍스트: SendPong, 보낸 크기: 11, 클라이언트 ID: 1
[00:53:03.042] [INFO] [SendPacket] WSASend 요청 성공 - 컨텍스트: SendPong, 보낸 크기: 11, 클라이언트 ID: 1
[00:53:04.042] [INFO] [SendPacket] WSASend 요청 성공 - 컨텍스트: SendPong, 보낸 크기: 11, 클라이언트 ID: 1
[00:53:05.042] [INFO] [SendPacket] WSASend 요청 성공 - 컨텍스트: SendPong, 보낸 크기: 11, 클라이언트 ID: 1
[00:53:06.042] [INFO] [SendPacket] WSASend 요청 성공 - 컨텍스트: SendPong, 보낸 크기: 11, 클라이언트 ID: 1
[00:53:07.043] [INFO] [SendPacket] WSASend 요청 성공 - 컨텍스트: SendPong, 보낸 크기: 11, 클라이언트 ID: 1
[00:53:08.043] [INFO] [SendPacket] WSASend 요청 성공 - 컨텍스트: SendPong, 보낸 크기: 11, 클라이언트 ID: 1
[00:53:09.043] [INFO] [SendPacket] WSASend 요청 성공 - 컨텍스트: SendPong, 보낸 크기: 11, 클라이언트 ID: 1
[00:53:10.043] [INFO] [SendPacket] WSASend 요청 성공 - 컨텍스트: SendPong, 보낸 크기: 11, 클라이언트 ID: 1
[00:53:11.043] [INFO] [SendPacket] WSASend 요청 성공 - 컨텍스트: SendPong, 보낸 크기: 11, 클라이언트 ID: 1
[00:53:12.043] [INFO] [SendPacket] WSASend 요청 성공 - 컨텍스트: SendPong, 보낸 크기: 11, 클라이언트 ID: 1
[00:53:13.043] [INFO] [SendPacket] WSASend 요청 성공 - 컨텍스트: SendPong, 보낸 크기: 11, 클라이언트 ID: 1
[00:53:14.043] [INFO] [SendPacket] WSASend 요청 성공 - 컨텍스트: SendPong, 보낸 크기: 11, 클라이언트 ID: 1
[00:53:15.048] [INFO] [SendPacket] WSASend 요청 성공 - 컨텍스트: SendPong, 보낸 크기: 11, 클라이언트 ID: 1
[00:53:16.048] [INFO] [SendPacket] WSASend 요청 성공 - 컨텍스트: SendPong, 보낸 크기: 11, 클라이언트 ID: 1
[00:53:17.048] [INFO] [SendPacket] WSASend 요청 성공 - 컨텍스트: SendPong, 보낸 크기: 11, 클라이언트 ID: 1
[00:53:18.048] [INFO] [SendPacket] WSASend 요청 성공 - 컨텍스트: SendPong, 보낸 크기: 11, 클라이언트 ID: 1
[00:53:19.048] [INFO] [SendPacket] WSASend 요청 성공 - 컨텍스트: SendPong, 보낸 크기: 11, 클라이언트 ID: 1
[00:53:20.049] [INFO] [SendPacket] WSASend 요청 성공 - 컨텍스트: SendPong, 보낸 크기: 11, 클라이언트 ID: 1
[00:53:21.050] [INFO] [SendPacket] WSASend 요청 성공 - 컨텍스트: SendPong, 보낸 크기: 11, 클라이언트 ID: 1
[00:53:22.054] [INFO] [SendPacket] WSASend 요청 성공 - 컨텍스트: SendPong, 보낸 크기: 11, 클라이언트 ID: 1
[00:53:23.055] [INFO] [SendPacket] WSASend 요청 성공 - 컨텍스트: SendPong, 보낸 크기: 11, 클라이언트 ID: 1
[00:53:24.056] [INFO] [SendPacket] WSASend 요청 성공 - 컨텍스트: SendPong, 보낸 크기: 11, 클라이언트 ID: 1
[00:53:25.056] [INFO] [SendPacket] WSASend 요청 성공 - 컨텍스트: SendPong, 보낸 크기: 11, 클라이언트 ID: 1
[00:53:26.056] [INFO] [SendPacket] WSASend 요청 성공 - 컨텍스트: SendPong, 보낸 크기: 11, 클라이언트 ID: 1
[00:53:27.056] [INFO] [SendPacket] WSASend 요청 성공 - 컨텍스트: SendPong, 보낸 크기: 11, 클라이언트 ID: 1
