[15:37:59.933] [INFO] 로깅 시스템 초기화됨
[15:37:59.934] [INFO] 서버 인스턴스 생성됨
[15:37:59.934] [INFO] 서버 초기화 시작 (포트: 9000)
[15:37:59.935] [INFO] 윈속 초기화 성공
[15:37:59.937] [INFO] 리스닝 소켓 생성 성공
[15:37:59.938] [INFO] 소켓 바인딩 성공 (포트: 9000)
[15:37:59.938] [INFO] 리스닝 시작됨
[15:37:59.938] [INFO] IOCP 생성 성공
[15:37:59.939] [INFO] CPU 코어 수: 16, 생성할 작업자 스레드: 16
[15:37:59.939] [INFO] 작업자 스레드 #1 생성됨
[15:37:59.940] [INFO] 작업자 스레드 시작 (ThreadID: 42024)
[15:37:59.940] [INFO] 작업자 스레드 #2 생성됨
[15:37:59.941] [INFO] 작업자 스레드 시작 (ThreadID: 33096)
[15:37:59.941] [INFO] 작업자 스레드 #3 생성됨
[15:37:59.942] [INFO] 작업자 스레드 시작 (ThreadID: 26440)
[15:37:59.943] [INFO] 작업자 스레드 #4 생성됨
[15:37:59.943] [INFO] 작업자 스레드 시작 (ThreadID: 34984)
[15:37:59.943] [INFO] 작업자 스레드 #5 생성됨
[15:37:59.944] [INFO] 작업자 스레드 시작 (ThreadID: 40848)
[15:37:59.944] [INFO] 작업자 스레드 #6 생성됨
[15:37:59.944] [INFO] 작업자 스레드 시작 (ThreadID: 37060)
[15:37:59.945] [INFO] 작업자 스레드 #7 생성됨
[15:37:59.945] [INFO] 작업자 스레드 시작 (ThreadID: 44676)
[15:37:59.946] [INFO] 작업자 스레드 #8 생성됨
[15:37:59.946] [INFO] 작업자 스레드 시작 (ThreadID: 27408)
[15:37:59.947] [INFO] 작업자 스레드 #9 생성됨
[15:37:59.948] [INFO] 작업자 스레드 시작 (ThreadID: 28328)
[15:37:59.948] [INFO] 작업자 스레드 #10 생성됨
[15:37:59.949] [INFO] 작업자 스레드 시작 (ThreadID: 9992)
[15:37:59.949] [INFO] 작업자 스레드 #11 생성됨
[15:37:59.950] [INFO] 작업자 스레드 시작 (ThreadID: 44348)
[15:37:59.950] [INFO] 작업자 스레드 #12 생성됨
[15:37:59.950] [INFO] 작업자 스레드 시작 (ThreadID: 40852)
[15:37:59.951] [INFO] 작업자 스레드 #13 생성됨
[15:37:59.951] [INFO] 작업자 스레드 시작 (ThreadID: 38716)
[15:37:59.952] [INFO] 작업자 스레드 #14 생성됨
[15:37:59.952] [INFO] 작업자 스레드 시작 (ThreadID: 38976)
[15:37:59.952] [INFO] 작업자 스레드 #15 생성됨
[15:37:59.953] [INFO] 작업자 스레드 시작 (ThreadID: 36904)
[15:37:59.953] [INFO] 작업자 스레드 #16 생성됨
[15:37:59.953] [INFO] 작업자 스레드 시작 (ThreadID: 21172)
[15:37:59.954] [INFO] 서버 초기화 완료
[15:37:59.954] [INFO] 서버 실행. 포트 번호: 9000
[15:37:59.954] [INFO] IOCP 멀티플레이어 서버 시작됨...
[15:37:59.954] [INFO] 서버 실행 시작
[15:38:02.987] [DEBUG] [SendPacket] WSASend 요청 성공 - 컨텍스트: SendClientId, 보낸 크기: 7, 클라이언트 ID: 1
[15:38:02.987] [INFO] 새 클라이언트에게 ID 1 전송됨
[15:38:02.987] [DEBUG] [SendPacket] WSASend 요청 성공 - 컨텍스트: SendInitialPosition, 보낸 크기: 32, 클라이언트 ID: 1
[15:38:02.988] [INFO] 초기 위치 정보 전송됨 - 클라이언트 ID: 1, 위치: X=0.000000, Y=0.000000, Z=90.000000
[15:38:02.988] [INFO] 새 플레이어 정보(ID: 1) 브로드캐스트 - 수신자 수: 0
[15:38:02.989] [INFO] 기존 플레이어 정보 0개가 새 클라이언트(ID: 1)에게 전송됨
[15:38:02.989] [INFO] [Run] Update() 호출 직전
[15:38:02.989] [INFO] Update() 호출
[15:38:02.990] [INFO] 위치 업데이트 - 클라이언트 ID: 1, 위치: X=0.000000, Y=0.000000, Z=90.000000, 속도: X=0.000000, Y=0.000000, Z=0.000000
[15:38:02.990] [INFO] Update() 호출 끝
[15:38:02.990] [INFO] [Run] Update() 호출 직후
[15:38:02.991] [INFO] 서버 FPS: 0.659848, 평균 프레임 시간: 303.100006ms, 클라이언트 수: 1
[15:38:04.082] [DEBUG] 데이터 수신: 11 바이트, 클라이언트 ID: 1
[15:38:04.082] [DEBUG] [ProcessPacket] Ping 수신, ClientId: 1
[15:38:04.083] [DEBUG] [SendPacket] WSASend 요청 성공 - 컨텍스트: ServerPong, 보낸 크기: 11, 클라이언트 ID: 1
[15:38:04.083] [INFO] [Packet] Pong 전송 - ClientId: 1
[15:38:05.082] [DEBUG] 데이터 수신: 11 바이트, 클라이언트 ID: 1
[15:38:05.082] [DEBUG] [ProcessPacket] Ping 수신, ClientId: 1
[15:38:05.083] [DEBUG] [SendPacket] WSASend 요청 성공 - 컨텍스트: ServerPong, 보낸 크기: 11, 클라이언트 ID: 1
[15:38:05.083] [INFO] [Packet] Pong 전송 - ClientId: 1
[15:38:06.083] [DEBUG] 데이터 수신: 11 바이트, 클라이언트 ID: 1
[15:38:06.084] [DEBUG] [ProcessPacket] Ping 수신, ClientId: 1
[15:38:06.084] [DEBUG] [SendPacket] WSASend 요청 성공 - 컨텍스트: ServerPong, 보낸 크기: 11, 클라이언트 ID: 1
[15:38:06.085] [INFO] [Packet] Pong 전송 - ClientId: 1
[15:38:07.084] [DEBUG] 데이터 수신: 11 바이트, 클라이언트 ID: 1
[15:38:07.084] [DEBUG] [ProcessPacket] Ping 수신, ClientId: 1
[15:38:07.085] [DEBUG] [SendPacket] WSASend 요청 성공 - 컨텍스트: ServerPong, 보낸 크기: 11, 클라이언트 ID: 1
[15:38:07.085] [INFO] [Packet] Pong 전송 - ClientId: 1
[15:38:08.083] [DEBUG] 데이터 수신: 11 바이트, 클라이언트 ID: 1
[15:38:08.083] [DEBUG] [ProcessPacket] Ping 수신, ClientId: 1
[15:38:08.084] [DEBUG] [SendPacket] WSASend 요청 성공 - 컨텍스트: ServerPong, 보낸 크기: 11, 클라이언트 ID: 1
[15:38:08.084] [INFO] [Packet] Pong 전송 - ClientId: 1
[15:38:09.084] [DEBUG] 데이터 수신: 11 바이트, 클라이언트 ID: 1
[15:38:09.085] [DEBUG] [ProcessPacket] Ping 수신, ClientId: 1
[15:38:09.085] [DEBUG] [SendPacket] WSASend 요청 성공 - 컨텍스트: ServerPong, 보낸 크기: 11, 클라이언트 ID: 1
[15:38:09.086] [INFO] [Packet] Pong 전송 - ClientId: 1
[15:38:10.084] [DEBUG] 데이터 수신: 11 바이트, 클라이언트 ID: 1
[15:38:10.085] [DEBUG] [ProcessPacket] Ping 수신, ClientId: 1
[15:38:10.085] [DEBUG] [SendPacket] WSASend 요청 성공 - 컨텍스트: ServerPong, 보낸 크기: 11, 클라이언트 ID: 1
[15:38:10.085] [INFO] [Packet] Pong 전송 - ClientId: 1
[15:38:11.084] [DEBUG] 데이터 수신: 11 바이트, 클라이언트 ID: 1
[15:38:11.084] [DEBUG] [ProcessPacket] Ping 수신, ClientId: 1
[15:38:11.085] [DEBUG] [SendPacket] WSASend 요청 성공 - 컨텍스트: ServerPong, 보낸 크기: 11, 클라이언트 ID: 1
[15:38:11.085] [INFO] [Packet] Pong 전송 - ClientId: 1
[15:38:12.084] [DEBUG] 데이터 수신: 11 바이트, 클라이언트 ID: 1
[15:38:12.085] [DEBUG] [ProcessPacket] Ping 수신, ClientId: 1
[15:38:12.085] [DEBUG] [SendPacket] WSASend 요청 성공 - 컨텍스트: ServerPong, 보낸 크기: 11, 클라이언트 ID: 1
[15:38:12.085] [INFO] [Packet] Pong 전송 - ClientId: 1
[15:38:13.084] [DEBUG] 데이터 수신: 11 바이트, 클라이언트 ID: 1
[15:38:13.084] [DEBUG] [ProcessPacket] Ping 수신, ClientId: 1
[15:38:13.085] [DEBUG] [SendPacket] WSASend 요청 성공 - 컨텍스트: ServerPong, 보낸 크기: 11, 클라이언트 ID: 1
[15:38:13.085] [INFO] [Packet] Pong 전송 - ClientId: 1
[15:38:14.085] [DEBUG] 데이터 수신: 11 바이트, 클라이언트 ID: 1
[15:38:14.085] [DEBUG] [ProcessPacket] Ping 수신, ClientId: 1
[15:38:14.086] [DEBUG] [SendPacket] WSASend 요청 성공 - 컨텍스트: ServerPong, 보낸 크기: 11, 클라이언트 ID: 1
[15:38:14.086] [INFO] [Packet] Pong 전송 - ClientId: 1
[15:38:15.085] [DEBUG] 데이터 수신: 11 바이트, 클라이언트 ID: 1
[15:38:15.086] [DEBUG] [ProcessPacket] Ping 수신, ClientId: 1
[15:38:15.086] [DEBUG] [SendPacket] WSASend 요청 성공 - 컨텍스트: ServerPong, 보낸 크기: 11, 클라이언트 ID: 1
[15:38:15.086] [INFO] [Packet] Pong 전송 - ClientId: 1
[15:38:16.083] [DEBUG] 데이터 수신: 11 바이트, 클라이언트 ID: 1
[15:38:16.084] [DEBUG] [ProcessPacket] Ping 수신, ClientId: 1
[15:38:16.085] [DEBUG] [SendPacket] WSASend 요청 성공 - 컨텍스트: ServerPong, 보낸 크기: 11, 클라이언트 ID: 1
[15:38:16.085] [INFO] [Packet] Pong 전송 - ClientId: 1
[15:38:17.084] [DEBUG] 데이터 수신: 11 바이트, 클라이언트 ID: 1
[15:38:17.084] [DEBUG] [ProcessPacket] Ping 수신, ClientId: 1
[15:38:17.085] [DEBUG] [SendPacket] WSASend 요청 성공 - 컨텍스트: ServerPong, 보낸 크기: 11, 클라이언트 ID: 1
[15:38:17.085] [INFO] [Packet] Pong 전송 - ClientId: 1
[15:38:18.083] [DEBUG] 데이터 수신: 11 바이트, 클라이언트 ID: 1
[15:38:18.084] [DEBUG] [ProcessPacket] Ping 수신, ClientId: 1
[15:38:18.084] [DEBUG] [SendPacket] WSASend 요청 성공 - 컨텍스트: ServerPong, 보낸 크기: 11, 클라이언트 ID: 1
[15:38:18.085] [INFO] [Packet] Pong 전송 - ClientId: 1
[15:38:19.084] [DEBUG] 데이터 수신: 11 바이트, 클라이언트 ID: 1
[15:38:19.084] [DEBUG] [ProcessPacket] Ping 수신, ClientId: 1
[15:38:19.085] [DEBUG] [SendPacket] WSASend 요청 성공 - 컨텍스트: ServerPong, 보낸 크기: 11, 클라이언트 ID: 1
[15:38:19.085] [INFO] [Packet] Pong 전송 - ClientId: 1
[15:38:20.084] [DEBUG] 데이터 수신: 11 바이트, 클라이언트 ID: 1
[15:38:20.085] [DEBUG] [ProcessPacket] Ping 수신, ClientId: 1
[15:38:20.085] [DEBUG] [SendPacket] WSASend 요청 성공 - 컨텍스트: ServerPong, 보낸 크기: 11, 클라이언트 ID: 1
[15:38:20.085] [INFO] [Packet] Pong 전송 - ClientId: 1
[15:38:21.084] [DEBUG] 데이터 수신: 11 바이트, 클라이언트 ID: 1
[15:38:21.085] [DEBUG] [ProcessPacket] Ping 수신, ClientId: 1
[15:38:21.085] [DEBUG] [SendPacket] WSASend 요청 성공 - 컨텍스트: ServerPong, 보낸 크기: 11, 클라이언트 ID: 1
[15:38:21.085] [INFO] [Packet] Pong 전송 - ClientId: 1
[15:38:22.084] [DEBUG] 데이터 수신: 11 바이트, 클라이언트 ID: 1
[15:38:22.085] [DEBUG] [ProcessPacket] Ping 수신, ClientId: 1
[15:38:22.085] [DEBUG] [SendPacket] WSASend 요청 성공 - 컨텍스트: ServerPong, 보낸 크기: 11, 클라이언트 ID: 1
[15:38:22.085] [INFO] [Packet] Pong 전송 - ClientId: 1
[15:38:23.085] [DEBUG] 데이터 수신: 11 바이트, 클라이언트 ID: 1
[15:38:23.086] [DEBUG] [ProcessPacket] Ping 수신, ClientId: 1
[15:38:23.086] [DEBUG] [SendPacket] WSASend 요청 성공 - 컨텍스트: ServerPong, 보낸 크기: 11, 클라이언트 ID: 1
[15:38:23.086] [INFO] [Packet] Pong 전송 - ClientId: 1
