[15:41:30.513] [INFO] 로깅 시스템 초기화됨
[15:41:30.515] [INFO] 서버 인스턴스 생성됨
[15:41:30.515] [INFO] 서버 초기화 시작 (포트: 9000)
[15:41:30.516] [INFO] 윈속 초기화 성공
[15:41:30.517] [INFO] 리스닝 소켓 생성 성공
[15:41:30.518] [INFO] 소켓 바인딩 성공 (포트: 9000)
[15:41:30.518] [INFO] 리스닝 시작됨
[15:41:30.518] [INFO] IOCP 생성 성공
[15:41:30.519] [INFO] CPU 코어 수: 16, 생성할 작업자 스레드: 16
[15:41:30.519] [INFO] 작업자 스레드 #1 생성됨
[15:41:30.519] [INFO] 작업자 스레드 시작 (ThreadID: 28212)
[15:41:30.520] [INFO] 작업자 스레드 #2 생성됨
[15:41:30.520] [INFO] 작업자 스레드 시작 (ThreadID: 42308)
[15:41:30.520] [INFO] 작업자 스레드 #3 생성됨
[15:41:30.521] [INFO] 작업자 스레드 시작 (ThreadID: 40668)
[15:41:30.521] [INFO] 작업자 스레드 #4 생성됨
[15:41:30.521] [INFO] 작업자 스레드 시작 (ThreadID: 28652)
[15:41:30.522] [INFO] 작업자 스레드 #5 생성됨
[15:41:30.522] [INFO] 작업자 스레드 시작 (ThreadID: 25972)
[15:41:30.523] [INFO] 작업자 스레드 #6 생성됨
[15:41:30.523] [INFO] 작업자 스레드 시작 (ThreadID: 39828)
[15:41:30.523] [INFO] 작업자 스레드 #7 생성됨
[15:41:30.524] [INFO] 작업자 스레드 시작 (ThreadID: 30328)
[15:41:30.524] [INFO] 작업자 스레드 #8 생성됨
[15:41:30.525] [INFO] 작업자 스레드 시작 (ThreadID: 35844)
[15:41:30.525] [INFO] 작업자 스레드 #9 생성됨
[15:41:30.525] [INFO] 작업자 스레드 시작 (ThreadID: 38940)
[15:41:30.526] [INFO] 작업자 스레드 #10 생성됨
[15:41:30.526] [INFO] 작업자 스레드 시작 (ThreadID: 37788)
[15:41:30.526] [INFO] 작업자 스레드 #11 생성됨
[15:41:30.527] [INFO] 작업자 스레드 시작 (ThreadID: 38596)
[15:41:30.527] [INFO] 작업자 스레드 #12 생성됨
[15:41:30.527] [INFO] 작업자 스레드 시작 (ThreadID: 16704)
[15:41:30.528] [INFO] 작업자 스레드 #13 생성됨
[15:41:30.528] [INFO] 작업자 스레드 시작 (ThreadID: 37204)
[15:41:30.529] [INFO] 작업자 스레드 #14 생성됨
[15:41:30.529] [INFO] 작업자 스레드 시작 (ThreadID: 38016)
[15:41:30.529] [INFO] 작업자 스레드 #15 생성됨
[15:41:30.530] [INFO] 작업자 스레드 시작 (ThreadID: 38372)
[15:41:30.530] [INFO] 작업자 스레드 #16 생성됨
[15:41:30.530] [INFO] 작업자 스레드 시작 (ThreadID: 24936)
[15:41:30.531] [INFO] 서버 초기화 완료
[15:41:30.531] [INFO] 서버 실행. 포트 번호: 9000
[15:41:30.531] [INFO] IOCP 멀티플레이어 서버 시작됨...
[15:41:30.531] [INFO] 서버 실행 시작
[15:41:30.532] [INFO] listenSocket 논블로킹 설정 성공
[15:41:31.548] [INFO] 서버 FPS: 34.482758, 평균 프레임 시간: 0.000000ms, 클라이언트 수: 0
[15:41:32.571] [INFO] 서버 FPS: 32.977692, 평균 프레임 시간: 0.049445ms, 클라이언트 수: 0
[15:41:33.580] [INFO] 서버 FPS: 32.480316, 평균 프레임 시간: 0.001528ms, 클라이언트 수: 0
[15:41:34.621] [INFO] 서버 FPS: 32.977692, 평균 프레임 시간: 0.000042ms, 클라이언트 수: 0
[15:41:35.654] [INFO] 서버 FPS: 32.945736, 평균 프레임 시간: 0.000001ms, 클라이언트 수: 0
[15:41:36.477] [INFO] 새 클라이언트에게 ID 1 전송됨
[15:41:36.477] [INFO] 새 플레이어 정보(ID: 1) 브로드캐스트 - 수신자 수: 0
[15:41:36.477] [INFO] 기존 플레이어 정보 0개가 새 클라이언트(ID: 1)에게 전송됨
[15:41:36.507] [INFO] 새 클라이언트에게 ID 2 전송됨
[15:41:36.507] [INFO] 새 플레이어 정보(ID: 2) 브로드캐스트 - 수신자 수: 1
[15:41:36.508] [INFO] 기존 플레이어 정보 1개가 새 클라이언트(ID: 2)에게 전송됨
[15:41:36.661] [INFO] 서버 FPS: 32.512314, 평균 프레임 시간: 0.000000ms, 클라이언트 수: 2
[15:41:37.690] [INFO] 서버 FPS: 32.007759, 평균 프레임 시간: 0.000000ms, 클라이언트 수: 2
[15:41:38.734] [INFO] 서버 FPS: 33.914730, 평균 프레임 시간: 0.575802ms, 클라이언트 수: 2
[15:41:39.759] [INFO] 서버 FPS: 32.007759, 평균 프레임 시간: 0.017794ms, 클라이언트 수: 2
[15:41:40.778] [INFO] 서버 FPS: 32.480316, 평균 프레임 시간: 0.000550ms, 클라이언트 수: 2
[15:41:41.809] [INFO] 서버 FPS: 32.007759, 평균 프레임 시간: 0.000017ms, 클라이언트 수: 2
[15:41:42.842] [INFO] 서버 FPS: 32.007759, 평균 프레임 시간: 0.000001ms, 클라이언트 수: 2
[15:41:43.868] [INFO] 서버 FPS: 32.007759, 평균 프레임 시간: 0.000000ms, 클라이언트 수: 2
[15:41:44.900] [INFO] 서버 FPS: 31.976744, 평균 프레임 시간: 0.000000ms, 클라이언트 수: 2
[15:41:45.929] [INFO] 서버 FPS: 32.007759, 평균 프레임 시간: 0.000000ms, 클라이언트 수: 2
[15:41:46.961] [INFO] 서버 FPS: 32.007759, 평균 프레임 시간: 0.000000ms, 클라이언트 수: 2
[15:41:47.989] [INFO] 서버 FPS: 32.007759, 평균 프레임 시간: 0.000000ms, 클라이언트 수: 2
[15:41:49.020] [INFO] 서버 FPS: 31.976744, 평균 프레임 시간: 0.000000ms, 클라이언트 수: 2
[15:41:50.053] [INFO] 서버 FPS: 32.007759, 평균 프레임 시간: 0.000000ms, 클라이언트 수: 2
[15:41:51.085] [INFO] 서버 FPS: 32.007759, 평균 프레임 시간: 0.000000ms, 클라이언트 수: 2
[15:41:52.100] [INFO] 서버 FPS: 32.480316, 평균 프레임 시간: 0.000000ms, 클라이언트 수: 2
[15:41:53.130] [INFO] 서버 FPS: 32.007759, 평균 프레임 시간: 0.000000ms, 클라이언트 수: 2
[15:41:54.161] [INFO] 서버 FPS: 32.007759, 평균 프레임 시간: 0.000000ms, 클라이언트 수: 2
[15:41:55.200] [INFO] 서버 FPS: 32.977692, 평균 프레임 시간: 0.277953ms, 클라이언트 수: 2
[15:41:56.228] [INFO] 서버 FPS: 31.976744, 평균 프레임 시간: 0.008590ms, 클라이언트 수: 2
[15:41:57.261] [INFO] 서버 FPS: 32.007759, 평균 프레임 시간: 0.000265ms, 클라이언트 수: 2
[15:41:58.289] [INFO] 서버 FPS: 32.007759, 평균 프레임 시간: 0.000008ms, 클라이언트 수: 2
[15:41:59.315] [INFO] 서버 FPS: 32.007759, 평균 프레임 시간: 0.000000ms, 클라이언트 수: 2
[15:41:59.845] [WARNING] 클라이언트 Ping 타임아웃 발생 - ID: 1, 마지막 Ping 후 경과 시간: 5.015625초
[15:41:59.846] [INFO] 클라이언트 연결 끊김 (ID: 1)
[15:41:59.847] [INFO] 클라이언트가 정상적으로 연결 종료함 - ID: 1
[15:41:59.847] [INFO] 클라이언트 연결 끊김 알림(ID: 1) - 수신자 수: 1
[15:41:59.848] [WARNING] 존재하지 않는 클라이언트 ID를 제거하려고 시도: 1
[15:41:59.875] [WARNING] 클라이언트 Ping 타임아웃 발생 - ID: 2, 마지막 Ping 후 경과 시간: 5.015625초
[15:41:59.876] [INFO] 클라이언트 연결 끊김 (ID: 2)
[15:41:59.877] [INFO] 클라이언트가 정상적으로 연결 종료함 - ID: 2
[15:41:59.877] [INFO] 클라이언트 연결 끊김 알림(ID: 2) - 수신자 수: 0
[15:41:59.877] [WARNING] 존재하지 않는 클라이언트 ID를 제거하려고 시도: 2
[15:42:00.359] [INFO] 서버 FPS: 33.914730, 평균 프레임 시간: 0.296483ms, 클라이언트 수: 0
[15:42:01.369] [INFO] 서버 FPS: 32.512314, 평균 프레임 시간: 0.009162ms, 클라이언트 수: 0
[15:42:02.379] [INFO] 서버 FPS: 32.480316, 평균 프레임 시간: 0.000283ms, 클라이언트 수: 0
[15:42:03.394] [INFO] 서버 FPS: 33.464565, 평균 프레임 시간: 0.000008ms, 클라이언트 수: 0
[15:42:04.421] [INFO] 서버 FPS: 34.482758, 평균 프레임 시간: 0.000000ms, 클라이언트 수: 0
[15:42:05.431] [INFO] 서버 FPS: 33.464565, 평균 프레임 시간: 0.000000ms, 클라이언트 수: 0
[15:42:06.441] [INFO] 서버 FPS: 32.512314, 평균 프레임 시간: 0.000000ms, 클라이언트 수: 0
[15:42:07.466] [INFO] 서버 FPS: 33.464565, 평균 프레임 시간: 0.000000ms, 클라이언트 수: 0
[15:42:08.494] [INFO] 서버 FPS: 32.007759, 평균 프레임 시간: 0.000000ms, 클라이언트 수: 0
[15:42:09.523] [INFO] 서버 FPS: 33.914730, 평균 프레임 시간: 0.000000ms, 클라이언트 수: 0
[15:42:10.535] [INFO] 서버 FPS: 33.497536, 평균 프레임 시간: 0.000000ms, 클라이언트 수: 0
[15:42:11.577] [INFO] 서버 FPS: 32.977692, 평균 프레임 시간: 0.000000ms, 클라이언트 수: 0
[15:42:12.602] [INFO] 서버 FPS: 32.945736, 평균 프레임 시간: 0.000000ms, 클라이언트 수: 0
