[04:40:24.438] [INFO] 로깅 시스템 초기화됨
[04:40:24.438] [INFO] 서버 인스턴스 생성됨
[04:40:24.438] [INFO] 서버 초기화 시작 (포트: 9000)
[04:40:24.439] [INFO] 윈속 초기화 성공
[04:40:24.440] [INFO] 리스닝 소켓 생성 성공
[04:40:24.440] [INFO] 소켓 바인딩 성공 (포트: 9000)
[04:40:24.440] [INFO] 리스닝 시작됨
[04:40:24.440] [INFO] IOCP 생성 성공
[04:40:24.440] [INFO] CPU 코어 수: 16, 생성할 작업자 스레드: 16
[04:40:24.440] [INFO] 작업자 스레드 #1 생성됨
[04:40:24.441] [INFO] 작업자 스레드 시작 (ThreadID: 16876)
[04:40:24.441] [INFO] 작업자 스레드 #2 생성됨
[04:40:24.441] [INFO] 작업자 스레드 시작 (ThreadID: 34912)
[04:40:24.441] [INFO] 작업자 스레드 #3 생성됨
[04:40:24.441] [INFO] 작업자 스레드 시작 (ThreadID: 34448)
[04:40:24.442] [INFO] 작업자 스레드 #4 생성됨
[04:40:24.442] [INFO] 작업자 스레드 시작 (ThreadID: 27400)
[04:40:24.442] [INFO] 작업자 스레드 #5 생성됨
[04:40:24.442] [INFO] 작업자 스레드 시작 (ThreadID: 28576)
[04:40:24.442] [INFO] 작업자 스레드 #6 생성됨
[04:40:24.442] [INFO] 작업자 스레드 시작 (ThreadID: 38956)
[04:40:24.443] [INFO] 작업자 스레드 #7 생성됨
[04:40:24.443] [INFO] 작업자 스레드 시작 (ThreadID: 36852)
[04:40:24.443] [INFO] 작업자 스레드 #8 생성됨
[04:40:24.443] [INFO] 작업자 스레드 시작 (ThreadID: 36104)
[04:40:24.443] [INFO] 작업자 스레드 #9 생성됨
[04:40:24.443] [INFO] 작업자 스레드 시작 (ThreadID: 8092)
[04:40:24.444] [INFO] 작업자 스레드 #10 생성됨
[04:40:24.444] [INFO] 작업자 스레드 시작 (ThreadID: 21392)
[04:40:24.444] [INFO] 작업자 스레드 #11 생성됨
[04:40:24.444] [INFO] 작업자 스레드 시작 (ThreadID: 38688)
[04:40:24.444] [INFO] 작업자 스레드 #12 생성됨
[04:40:24.445] [INFO] 작업자 스레드 시작 (ThreadID: 13756)
[04:40:24.445] [INFO] 작업자 스레드 #13 생성됨
[04:40:24.445] [INFO] 작업자 스레드 시작 (ThreadID: 22612)
[04:40:24.445] [INFO] 작업자 스레드 #14 생성됨
[04:40:24.445] [INFO] 작업자 스레드 시작 (ThreadID: 12040)
[04:40:24.446] [INFO] 작업자 스레드 #15 생성됨
[04:40:24.446] [INFO] 작업자 스레드 시작 (ThreadID: 23772)
[04:40:24.446] [INFO] 작업자 스레드 #16 생성됨
[04:40:24.446] [INFO] 작업자 스레드 시작 (ThreadID: 25688)
[04:40:24.446] [INFO] 서버 초기화 완료
[04:40:24.446] [INFO] 서버 실행. 포트 번호: 9000
[04:40:24.446] [INFO] IOCP 멀티플레이어 서버 시작됨...
[04:40:24.447] [INFO] 서버 실행 시작
[04:40:24.447] [INFO] listenSocket 논블로킹 설정 성공
[04:40:25.480] [INFO] 서버 FPS: 33.914730, 평균 프레임 시간: 0.000000ms, 클라이언트 수: 0
[04:40:26.510] [INFO] 서버 FPS: 42.677013, 평균 프레임 시간: 0.000000ms, 클라이언트 수: 0
[04:40:27.519] [INFO] 서버 FPS: 33.464565, 평균 프레임 시간: 0.000000ms, 클라이언트 수: 0
[04:40:28.542] [INFO] 서버 FPS: 34.482758, 평균 프레임 시간: 0.000000ms, 클라이언트 수: 0
[04:40:29.568] [INFO] 서버 FPS: 36.857422, 평균 프레임 시간: 0.000000ms, 클라이언트 수: 0
[04:40:30.606] [INFO] 서버 FPS: 32.945736, 평균 프레임 시간: 0.000000ms, 클라이언트 수: 0
[04:40:31.614] [INFO] 서버 FPS: 33.497536, 평균 프레임 시간: 0.000000ms, 클라이언트 수: 0
[04:40:32.639] [INFO] 서버 FPS: 32.945736, 평균 프레임 시간: 0.000000ms, 클라이언트 수: 0
[04:40:33.679] [INFO] 서버 FPS: 34.917557, 평균 프레임 시간: 0.000000ms, 클라이언트 수: 0
[04:40:34.716] [INFO] 서버 FPS: 33.428844, 평균 프레임 시간: 0.000000ms, 클라이언트 수: 0
[04:40:35.745] [INFO] 서버 FPS: 33.497536, 평균 프레임 시간: 0.000000ms, 클라이언트 수: 0
[04:40:36.755] [INFO] 서버 FPS: 33.464565, 평균 프레임 시간: 0.000000ms, 클라이언트 수: 0
[04:40:37.792] [INFO] 서버 FPS: 32.977692, 평균 프레임 시간: 0.000000ms, 클라이언트 수: 0
[04:40:38.800] [INFO] 서버 FPS: 34.448818, 평균 프레임 시간: 0.000000ms, 클라이언트 수: 0
[04:40:39.814] [INFO] 서버 FPS: 32.512314, 평균 프레임 시간: 0.000000ms, 클라이언트 수: 0
[04:40:40.843] [INFO] 서버 FPS: 31.976744, 평균 프레임 시간: 0.000000ms, 클라이언트 수: 0
[04:40:41.881] [INFO] 서버 FPS: 32.977692, 평균 프레임 시간: 0.000000ms, 클라이언트 수: 0
[04:40:42.902] [INFO] 서버 FPS: 33.464565, 평균 프레임 시간: 0.000000ms, 클라이언트 수: 0
[04:40:43.906] [INFO] 서버 FPS: 32.512314, 평균 프레임 시간: 0.000000ms, 클라이언트 수: 0
[04:40:44.931] [INFO] 서버 FPS: 32.480316, 평균 프레임 시간: 1.440000ms, 클라이언트 수: 0
[04:40:45.957] [INFO] 서버 FPS: 30.067896, 평균 프레임 시간: 0.254177ms, 클라이언트 수: 0
[04:40:47.001] [INFO] 서버 FPS: 29.608404, 평균 프레임 시간: 0.009697ms, 클라이언트 수: 0
[04:40:48.029] [INFO] 서버 FPS: 29.527559, 평균 프레임 시간: 0.133355ms, 클라이언트 수: 0
[04:40:49.038] [INFO] 서버 FPS: 29.556650, 평균 프레임 시간: 0.297681ms, 클라이언트 수: 0
[04:40:50.046] [INFO] 서버 FPS: 32.480316, 평균 프레임 시간: 0.009199ms, 클라이언트 수: 0
[04:40:51.090] [INFO] 서버 FPS: 35.887489, 평균 프레임 시간: 0.000187ms, 클라이언트 수: 0
[04:40:52.116] [INFO] 서버 FPS: 32.977692, 평균 프레임 시간: 0.000005ms, 클라이언트 수: 0
[04:40:53.132] [INFO] 서버 FPS: 32.480316, 평균 프레임 시간: 0.000000ms, 클라이언트 수: 0
[04:40:54.159] [INFO] 서버 FPS: 32.977692, 평균 프레임 시간: 0.000000ms, 클라이언트 수: 0
[04:40:55.178] [INFO] 서버 FPS: 32.480316, 평균 프레임 시간: 0.000000ms, 클라이언트 수: 0
[04:40:56.197] [INFO] 서버 FPS: 32.512314, 평균 프레임 시간: 0.000000ms, 클라이언트 수: 0
[04:40:57.202] [INFO] 서버 FPS: 32.480316, 평균 프레임 시간: 0.000000ms, 클라이언트 수: 0
[04:40:58.223] [INFO] 서버 FPS: 33.464565, 평균 프레임 시간: 0.000000ms, 클라이언트 수: 0
[04:40:59.251] [INFO] 서버 FPS: 32.007759, 평균 프레임 시간: 0.000000ms, 클라이언트 수: 0
[04:41:00.274] [INFO] 서버 FPS: 33.464565, 평균 프레임 시간: 0.000000ms, 클라이언트 수: 0
[04:41:01.285] [INFO] 서버 FPS: 38.423645, 평균 프레임 시간: 0.000000ms, 클라이언트 수: 0
[04:41:02.323] [INFO] 서버 FPS: 35.887489, 평균 프레임 시간: 0.000000ms, 클라이언트 수: 0
[04:41:03.345] [INFO] 서버 FPS: 35.852715, 평균 프레임 시간: 0.000000ms, 클라이언트 수: 0
[04:41:04.372] [INFO] 서버 FPS: 32.977692, 평균 프레임 시간: 0.000000ms, 클라이언트 수: 0
[04:41:05.393] [INFO] 서버 FPS: 36.417324, 평균 프레임 시간: 0.000000ms, 클라이언트 수: 0
[04:41:06.417] [INFO] 서버 FPS: 37.438423, 평균 프레임 시간: 0.000000ms, 클라이언트 수: 0
[04:41:07.443] [INFO] 서버 FPS: 37.827351, 평균 프레임 시간: 0.000000ms, 클라이언트 수: 0
[04:41:08.470] [INFO] 서버 FPS: 38.759689, 평균 프레임 시간: 0.000000ms, 클라이언트 수: 0
[04:41:09.492] [INFO] 서버 FPS: 33.497536, 평균 프레임 시간: 0.000000ms, 클라이언트 수: 0
[04:41:10.516] [INFO] 서버 FPS: 32.945736, 평균 프레임 시간: 0.000000ms, 클라이언트 수: 0
[04:41:11.552] [INFO] 서버 FPS: 33.947624, 평균 프레임 시간: 0.000000ms, 클라이언트 수: 0
[04:41:12.572] [INFO] 서버 FPS: 33.497536, 평균 프레임 시간: 0.000000ms, 클라이언트 수: 0
[04:41:13.603] [INFO] 서버 FPS: 32.945736, 평균 프레임 시간: 0.000000ms, 클라이언트 수: 0
[04:41:14.622] [INFO] 서버 FPS: 33.497536, 평균 프레임 시간: 0.000000ms, 클라이언트 수: 0
[04:41:15.629] [INFO] 서버 FPS: 33.464565, 평균 프레임 시간: 0.000000ms, 클라이언트 수: 0
[04:41:16.661] [INFO] 서버 FPS: 32.977692, 평균 프레임 시간: 0.000000ms, 클라이언트 수: 0
[04:41:17.690] [INFO] 서버 FPS: 32.007759, 평균 프레임 시간: 0.000000ms, 클라이언트 수: 0
[04:41:18.714] [INFO] 서버 FPS: 33.464565, 평균 프레임 시간: 0.000000ms, 클라이언트 수: 0
[04:41:19.730] [INFO] 서버 FPS: 32.480316, 평균 프레임 시간: 0.000000ms, 클라이언트 수: 0
[04:41:20.749] [INFO] 서버 FPS: 32.007759, 평균 프레임 시간: 0.000000ms, 클라이언트 수: 0
[04:41:21.771] [INFO] 서버 FPS: 33.464565, 평균 프레임 시간: 0.000000ms, 클라이언트 수: 0
[04:41:22.789] [INFO] 서버 FPS: 32.512314, 평균 프레임 시간: 0.000000ms, 클라이언트 수: 0
[04:41:23.811] [INFO] 서버 FPS: 32.007759, 평균 프레임 시간: 0.000000ms, 클라이언트 수: 0
[04:41:24.831] [INFO] 서버 FPS: 32.480316, 평균 프레임 시간: 0.000000ms, 클라이언트 수: 0
[04:41:25.854] [INFO] 서버 FPS: 33.464565, 평균 프레임 시간: 0.000000ms, 클라이언트 수: 0
[04:41:26.876] [INFO] 서버 FPS: 33.947624, 평균 프레임 시간: 0.000000ms, 클라이언트 수: 0
[04:41:27.905] [INFO] 서버 FPS: 32.007759, 평균 프레임 시간: 0.000000ms, 클라이언트 수: 0
[04:41:28.930] [INFO] 서버 FPS: 35.433071, 평균 프레임 시간: 0.000000ms, 클라이언트 수: 0
[04:41:29.965] [INFO] 서버 FPS: 32.977692, 평균 프레임 시간: 0.000000ms, 클라이언트 수: 0
[04:41:30.988] [INFO] 서버 FPS: 32.977692, 평균 프레임 시간: 0.000000ms, 클라이언트 수: 0
[04:41:32.004] [INFO] 서버 FPS: 32.480316, 평균 프레임 시간: 0.000000ms, 클라이언트 수: 0
[04:41:33.036] [INFO] 서버 FPS: 31.037827, 평균 프레임 시간: 0.179314ms, 클라이언트 수: 0
[04:41:34.064] [INFO] 서버 FPS: 32.977692, 평균 프레임 시간: 0.004987ms, 클라이언트 수: 0
[04:41:35.091] [INFO] 서버 FPS: 33.914730, 평균 프레임 시간: 0.000125ms, 클라이언트 수: 0
[04:41:36.108] [INFO] 서버 FPS: 32.512314, 평균 프레임 시간: 0.000004ms, 클라이언트 수: 0
[04:41:37.137] [INFO] 서버 FPS: 33.464565, 평균 프레임 시간: 0.000000ms, 클라이언트 수: 0
[04:41:38.160] [INFO] 서버 FPS: 33.947624, 평균 프레임 시간: 0.000000ms, 클라이언트 수: 0
[04:41:39.198] [INFO] 서버 FPS: 34.917557, 평균 프레임 시간: 0.000000ms, 클라이언트 수: 0
[04:41:40.220] [INFO] 서버 FPS: 33.914730, 평균 프레임 시간: 0.000000ms, 클라이언트 수: 0
[04:41:41.258] [INFO] 서버 FPS: 34.917557, 평균 프레임 시간: 0.000000ms, 클라이언트 수: 0
[04:41:42.270] [INFO] 서버 FPS: 36.417324, 평균 프레임 시간: 0.000000ms, 클라이언트 수: 0
[04:41:43.283] [INFO] 서버 FPS: 35.467979, 평균 프레임 시간: 0.000000ms, 클라이언트 수: 0
[04:41:44.308] [INFO] 서버 FPS: 33.464565, 평균 프레임 시간: 0.000000ms, 클라이언트 수: 0
[04:41:45.336] [INFO] 서버 FPS: 33.947624, 평균 프레임 시간: 0.000000ms, 클라이언트 수: 0
[04:41:46.357] [INFO] 서버 FPS: 32.007759, 평균 프레임 시간: 0.000000ms, 클라이언트 수: 0
[04:41:47.383] [INFO] 서버 FPS: 33.464565, 평균 프레임 시간: 0.000000ms, 클라이언트 수: 0
[04:41:48.406] [INFO] 서버 FPS: 32.977692, 평균 프레임 시간: 0.000000ms, 클라이언트 수: 0
[04:41:49.430] [INFO] 서버 FPS: 34.448818, 평균 프레임 시간: 0.000000ms, 클라이언트 수: 0
[04:41:50.452] [INFO] 서버 FPS: 33.947624, 평균 프레임 시간: 0.000000ms, 클라이언트 수: 0
[04:41:51.475] [INFO] 서버 FPS: 34.448818, 평균 프레임 시간: 0.000000ms, 클라이언트 수: 0
[04:41:52.504] [INFO] 서버 FPS: 32.007759, 평균 프레임 시간: 0.000000ms, 클라이언트 수: 0
[04:41:53.223] [INFO] 새 클라이언트에게 ID 1 전송됨
[04:41:53.223] [INFO] 새 플레이어 정보(ID: 1) 브로드캐스트 - 수신자 수: 0
[04:41:53.223] [INFO] 기존 플레이어 정보 0개가 새 클라이언트(ID: 1)에게 전송됨
[04:41:53.254] [INFO] 새 클라이언트에게 ID 2 전송됨
[04:41:53.254] [INFO] 새 플레이어 정보(ID: 2) 브로드캐스트 - 수신자 수: 1
[04:41:53.254] [INFO] 기존 플레이어 정보 1개가 새 클라이언트(ID: 2)에게 전송됨
[04:41:53.517] [INFO] 서버 FPS: 33.464565, 평균 프레임 시간: 0.000000ms, 클라이언트 수: 2
[04:41:54.541] [INFO] 서버 FPS: 32.512314, 평균 프레임 시간: 0.000000ms, 클라이언트 수: 2
[04:41:55.565] [INFO] 서버 FPS: 32.007759, 평균 프레임 시간: 0.000000ms, 클라이언트 수: 2
[04:41:56.585] [INFO] 서버 FPS: 32.480316, 평균 프레임 시간: 0.000000ms, 클라이언트 수: 2
[04:41:57.605] [INFO] 서버 FPS: 32.480316, 평균 프레임 시간: 0.000000ms, 클라이언트 수: 2
[04:41:58.627] [INFO] 서버 FPS: 32.007759, 평균 프레임 시간: 0.000000ms, 클라이언트 수: 2
[04:41:59.652] [INFO] 서버 FPS: 32.480316, 평균 프레임 시간: 0.000000ms, 클라이언트 수: 2
[04:42:00.674] [INFO] 서버 FPS: 32.007759, 평균 프레임 시간: 0.000000ms, 클라이언트 수: 2
[04:42:01.697] [INFO] 서버 FPS: 32.512314, 평균 프레임 시간: 0.000000ms, 클라이언트 수: 2
[04:42:02.724] [INFO] 서버 FPS: 31.976744, 평균 프레임 시간: 0.000000ms, 클라이언트 수: 2
[04:42:03.749] [INFO] 서버 FPS: 32.007759, 평균 프레임 시간: 0.000000ms, 클라이언트 수: 2
[04:42:04.775] [INFO] 서버 FPS: 32.480316, 평균 프레임 시간: 0.000000ms, 클라이언트 수: 2
[04:42:05.784] [INFO] 서버 FPS: 32.512314, 평균 프레임 시간: 0.000000ms, 클라이언트 수: 2
[04:42:06.795] [INFO] 서버 FPS: 32.480316, 평균 프레임 시간: 0.000000ms, 클라이언트 수: 2
[04:42:07.816] [INFO] 서버 FPS: 32.512314, 평균 프레임 시간: 0.000000ms, 클라이언트 수: 2
[04:42:08.839] [INFO] 서버 FPS: 32.480316, 평균 프레임 시간: 0.000000ms, 클라이언트 수: 2
[04:42:09.848] [INFO] 서버 FPS: 32.480316, 평균 프레임 시간: 0.000000ms, 클라이언트 수: 2
[04:42:10.888] [INFO] 서버 FPS: 33.947624, 평균 프레임 시간: 0.000000ms, 클라이언트 수: 2
[04:42:11.894] [INFO] 서버 FPS: 32.480316, 평균 프레임 시간: 0.000000ms, 클라이언트 수: 2
[04:42:12.917] [INFO] 서버 FPS: 32.512314, 평균 프레임 시간: 0.000000ms, 클라이언트 수: 2
[04:42:13.940] [INFO] 서버 FPS: 32.007759, 평균 프레임 시간: 0.000000ms, 클라이언트 수: 2
[04:42:14.344] [WARNING] 클라이언트 Ping 타임아웃 발생 - ID: 1, 마지막 Ping 후 경과 시간: 5.015625초
[04:42:14.345] [WARNING] 클라이언트 Ping 타임아웃 발생 - ID: 2, 마지막 Ping 후 경과 시간: 5.015625초
[04:42:14.345] [INFO] 클라이언트 연결 끊김 (ID: 1)
[04:42:14.345] [INFO] 클라이언트가 정상적으로 연결 종료함 - ID: 1
[04:42:14.345] [INFO] 클라이언트 연결 끊김 알림(ID: 1) - 수신자 수: 1
[04:42:14.346] [INFO] 클라이언트 연결 끊김 (ID: 2)
[04:42:14.346] [INFO] 클라이언트가 정상적으로 연결 종료함 - ID: 2
[04:42:14.346] [INFO] 클라이언트 연결 끊김 알림(ID: 2) - 수신자 수: 0
[04:42:14.346] [WARNING] 존재하지 않는 클라이언트 ID를 제거하려고 시도: 1
[04:42:14.346] [WARNING] 존재하지 않는 클라이언트 ID를 제거하려고 시도: 2
[04:42:14.965] [INFO] 서버 FPS: 35.433071, 평균 프레임 시간: 0.000000ms, 클라이언트 수: 0
[04:42:15.978] [INFO] 서버 FPS: 37.401573, 평균 프레임 시간: 0.000000ms, 클라이언트 수: 0
[04:42:16.986] [INFO] 서버 FPS: 37.438423, 평균 프레임 시간: 0.000000ms, 클라이언트 수: 0
[04:42:18.010] [INFO] 서버 FPS: 36.417324, 평균 프레임 시간: 0.000000ms, 클라이언트 수: 0
