[12:29:05.771] [INFO] 로깅 시스템 초기화됨
[12:29:05.773] [INFO] 서버 인스턴스 생성됨
[12:29:05.773] [INFO] 서버 초기화 시작 (포트: 9000)
[12:29:05.774] [INFO] 윈속 초기화 성공
[12:29:05.776] [INFO] 리스닝 소켓 생성 성공
[12:29:05.776] [INFO] 소켓 바인딩 성공 (포트: 9000)
[12:29:05.776] [INFO] 리스닝 시작됨
[12:29:05.777] [INFO] IOCP 생성 성공
[12:29:05.777] [INFO] CPU 코어 수: 16, 생성할 작업자 스레드: 16
[12:29:05.777] [INFO] 작업자 스레드 #1 생성됨
[12:29:05.778] [INFO] 작업자 스레드 시작 (ThreadID: 37076)
[12:29:05.778] [INFO] 작업자 스레드 #2 생성됨
[12:29:05.779] [INFO] 작업자 스레드 시작 (ThreadID: 37332)
[12:29:05.779] [INFO] 작업자 스레드 #3 생성됨
[12:29:05.779] [INFO] 작업자 스레드 시작 (ThreadID: 3064)
[12:29:05.780] [INFO] 작업자 스레드 #4 생성됨
[12:29:05.780] [INFO] 작업자 스레드 시작 (ThreadID: 36488)
[12:29:05.781] [INFO] 작업자 스레드 #5 생성됨
[12:29:05.781] [INFO] 작업자 스레드 시작 (ThreadID: 38472)
[12:29:05.782] [INFO] 작업자 스레드 #6 생성됨
[12:29:05.782] [INFO] 작업자 스레드 시작 (ThreadID: 34760)
[12:29:05.782] [INFO] 작업자 스레드 #7 생성됨
[12:29:05.782] [INFO] 작업자 스레드 시작 (ThreadID: 38540)
[12:29:05.783] [INFO] 작업자 스레드 #8 생성됨
[12:29:05.783] [INFO] 작업자 스레드 시작 (ThreadID: 35812)
[12:29:05.783] [INFO] 작업자 스레드 #9 생성됨
[12:29:05.784] [INFO] 작업자 스레드 시작 (ThreadID: 38200)
[12:29:05.784] [INFO] 작업자 스레드 #10 생성됨
[12:29:05.784] [INFO] 작업자 스레드 시작 (ThreadID: 33980)
[12:29:05.785] [INFO] 작업자 스레드 #11 생성됨
[12:29:05.785] [INFO] 작업자 스레드 시작 (ThreadID: 38100)
[12:29:05.786] [INFO] 작업자 스레드 #12 생성됨
[12:29:05.786] [INFO] 작업자 스레드 시작 (ThreadID: 37300)
[12:29:05.787] [INFO] 작업자 스레드 #13 생성됨
[12:29:05.788] [INFO] 작업자 스레드 시작 (ThreadID: 36020)
[12:29:05.788] [INFO] 작업자 스레드 #14 생성됨
[12:29:05.788] [INFO] 작업자 스레드 시작 (ThreadID: 36228)
[12:29:05.789] [INFO] 작업자 스레드 #15 생성됨
[12:29:05.789] [INFO] 작업자 스레드 시작 (ThreadID: 37648)
[12:29:05.790] [INFO] 작업자 스레드 #16 생성됨
[12:29:05.790] [INFO] 작업자 스레드 시작 (ThreadID: 38152)
[12:29:05.790] [INFO] 서버 초기화 완료
[12:29:05.790] [INFO] 서버 실행. 포트 번호: 9000
[12:29:05.790] [INFO] IOCP 멀티플레이어 서버 시작됨...
[12:29:05.791] [INFO] 서버 실행 시작
[12:29:10.892] [INFO] [SendPacket] WSASend 요청 성공 - 컨텍스트: SendClientId, 보낸 크기: 7, 클라이언트 ID: 1
[12:29:10.892] [INFO] 새 클라이언트에게 ID 1 전송됨
[12:29:10.892] [INFO] [SendPacket] WSASend 요청 성공 - 컨텍스트: SendInitialPosition, 보낸 크기: 32, 클라이언트 ID: 1
[12:29:10.894] [INFO] 초기 위치 정보 전송됨 - 클라이언트 ID: 1, 위치: X=0.000000, Y=0.000000, Z=90.000000
[12:29:10.894] [INFO] 새 플레이어 정보(ID: 1) 브로드캐스트 - 수신자 수: 0
[12:29:10.895] [INFO] 기존 플레이어 정보 0개가 새 클라이언트(ID: 1)에게 전송됨
[12:29:10.895] [INFO] [SendPacket] WSASend 요청 성공 - 컨텍스트: ServerPing, 보낸 크기: 11, 클라이언트 ID: 1
[12:29:10.896] [INFO] 위치 업데이트 - 클라이언트 ID: 1, 위치: X=0.000000, Y=0.000000, Z=90.000000, 속도: X=0.000000, Y=0.000000, Z=0.000000
[12:29:10.897] [INFO] 서버 FPS: 0.391389, 평균 프레임 시간: 511.000000ms, 클라이언트 수: 1
[12:29:10.899] [INFO] [SendPacket] WSASend 요청 성공 - 컨텍스트: ServerPing, 보낸 크기: 11, 클라이언트 ID: 1
[12:29:10.908] [INFO] [SendPacket] WSASend 요청 성공 - 컨텍스트: ServerPing, 보낸 크기: 11, 클라이언트 ID: 1
[12:29:10.917] [INFO] [SendPacket] WSASend 요청 성공 - 컨텍스트: ServerPing, 보낸 크기: 11, 클라이언트 ID: 1
[12:29:10.937] [INFO] [SendPacket] WSASend 요청 성공 - 컨텍스트: ServerPing, 보낸 크기: 11, 클라이언트 ID: 1
[12:29:10.948] [INFO] [SendPacket] WSASend 요청 성공 - 컨텍스트: ServerPing, 보낸 크기: 11, 클라이언트 ID: 1
[12:29:10.956] [INFO] [SendPacket] WSASend 요청 성공 - 컨텍스트: ServerPing, 보낸 크기: 11, 클라이언트 ID: 1
[12:29:10.965] [INFO] [SendPacket] WSASend 요청 성공 - 컨텍스트: ServerPing, 보낸 크기: 11, 클라이언트 ID: 1
[12:29:10.973] [INFO] [SendPacket] WSASend 요청 성공 - 컨텍스트: ServerPing, 보낸 크기: 11, 클라이언트 ID: 1
[12:29:10.982] [INFO] [SendPacket] WSASend 요청 성공 - 컨텍스트: ServerPing, 보낸 크기: 11, 클라이언트 ID: 1
[12:29:10.991] [INFO] [SendPacket] WSASend 요청 성공 - 컨텍스트: ServerPing, 보낸 크기: 11, 클라이언트 ID: 1
[12:29:11.002] [INFO] [SendPacket] WSASend 요청 성공 - 컨텍스트: ServerPing, 보낸 크기: 11, 클라이언트 ID: 1
[12:29:11.010] [INFO] [SendPacket] WSASend 요청 성공 - 컨텍스트: ServerPing, 보낸 크기: 11, 클라이언트 ID: 1
[12:29:11.019] [INFO] [SendPacket] WSASend 요청 성공 - 컨텍스트: ServerPing, 보낸 크기: 11, 클라이언트 ID: 1
[12:29:11.028] [INFO] [SendPacket] WSASend 요청 성공 - 컨텍스트: ServerPing, 보낸 크기: 11, 클라이언트 ID: 1
[12:29:11.037] [INFO] [SendPacket] WSASend 요청 성공 - 컨텍스트: ServerPing, 보낸 크기: 11, 클라이언트 ID: 1
[12:29:11.049] [INFO] [SendPacket] WSASend 요청 성공 - 컨텍스트: ServerPing, 보낸 크기: 11, 클라이언트 ID: 1
[12:29:11.060] [INFO] [SendPacket] WSASend 요청 성공 - 컨텍스트: ServerPing, 보낸 크기: 11, 클라이언트 ID: 1
[12:29:11.068] [INFO] [SendPacket] WSASend 요청 성공 - 컨텍스트: ServerPing, 보낸 크기: 11, 클라이언트 ID: 1
[12:29:11.076] [INFO] [SendPacket] WSASend 요청 성공 - 컨텍스트: ServerPing, 보낸 크기: 11, 클라이언트 ID: 1
[12:29:11.085] [INFO] [SendPacket] WSASend 요청 성공 - 컨텍스트: ServerPing, 보낸 크기: 11, 클라이언트 ID: 1
[12:29:11.093] [INFO] [SendPacket] WSASend 요청 성공 - 컨텍스트: ServerPing, 보낸 크기: 11, 클라이언트 ID: 1
[12:29:11.102] [INFO] [SendPacket] WSASend 요청 성공 - 컨텍스트: ServerPing, 보낸 크기: 11, 클라이언트 ID: 1
[12:29:11.110] [INFO] [SendPacket] WSASend 요청 성공 - 컨텍스트: ServerPing, 보낸 크기: 11, 클라이언트 ID: 1
[12:29:11.119] [INFO] [SendPacket] WSASend 요청 성공 - 컨텍스트: ServerPing, 보낸 크기: 11, 클라이언트 ID: 1
[12:29:11.140] [INFO] [SendPacket] WSASend 요청 성공 - 컨텍스트: ServerPing, 보낸 크기: 11, 클라이언트 ID: 1
[12:29:11.148] [INFO] [SendPacket] WSASend 요청 성공 - 컨텍스트: ServerPing, 보낸 크기: 11, 클라이언트 ID: 1
[12:29:11.158] [INFO] [SendPacket] WSASend 요청 성공 - 컨텍스트: ServerPing, 보낸 크기: 11, 클라이언트 ID: 1
[12:29:11.166] [INFO] [SendPacket] WSASend 요청 성공 - 컨텍스트: ServerPing, 보낸 크기: 11, 클라이언트 ID: 1
[12:29:11.174] [INFO] [SendPacket] WSASend 요청 성공 - 컨텍스트: ServerPing, 보낸 크기: 11, 클라이언트 ID: 1
[12:29:11.183] [INFO] [SendPacket] WSASend 요청 성공 - 컨텍스트: ServerPing, 보낸 크기: 11, 클라이언트 ID: 1
[12:29:11.191] [INFO] [SendPacket] WSASend 요청 성공 - 컨텍스트: ServerPing, 보낸 크기: 11, 클라이언트 ID: 1
[12:29:11.202] [INFO] [SendPacket] WSASend 요청 성공 - 컨텍스트: ServerPing, 보낸 크기: 11, 클라이언트 ID: 1
[12:29:11.210] [INFO] [SendPacket] WSASend 요청 성공 - 컨텍스트: ServerPing, 보낸 크기: 11, 클라이언트 ID: 1
[12:29:11.218] [INFO] [SendPacket] WSASend 요청 성공 - 컨텍스트: ServerPing, 보낸 크기: 11, 클라이언트 ID: 1
[12:29:11.226] [INFO] [SendPacket] WSASend 요청 성공 - 컨텍스트: ServerPing, 보낸 크기: 11, 클라이언트 ID: 1
[12:29:11.235] [INFO] [SendPacket] WSASend 요청 성공 - 컨텍스트: ServerPing, 보낸 크기: 11, 클라이언트 ID: 1
[12:29:11.243] [INFO] [SendPacket] WSASend 요청 성공 - 컨텍스트: ServerPing, 보낸 크기: 11, 클라이언트 ID: 1
[12:29:11.252] [INFO] [SendPacket] WSASend 요청 성공 - 컨텍스트: ServerPing, 보낸 크기: 11, 클라이언트 ID: 1
[12:29:11.262] [INFO] [SendPacket] WSASend 요청 성공 - 컨텍스트: ServerPing, 보낸 크기: 11, 클라이언트 ID: 1
[12:29:11.271] [INFO] [SendPacket] WSASend 요청 성공 - 컨텍스트: ServerPing, 보낸 크기: 11, 클라이언트 ID: 1
[12:29:11.280] [INFO] [SendPacket] WSASend 요청 성공 - 컨텍스트: ServerPing, 보낸 크기: 11, 클라이언트 ID: 1
[12:29:11.288] [INFO] [SendPacket] WSASend 요청 성공 - 컨텍스트: ServerPing, 보낸 크기: 11, 클라이언트 ID: 1
[12:29:11.298] [INFO] [SendPacket] WSASend 요청 성공 - 컨텍스트: ServerPing, 보낸 크기: 11, 클라이언트 ID: 1
[12:29:11.306] [INFO] [SendPacket] WSASend 요청 성공 - 컨텍스트: ServerPing, 보낸 크기: 11, 클라이언트 ID: 1
[12:29:11.316] [INFO] [SendPacket] WSASend 요청 성공 - 컨텍스트: ServerPing, 보낸 크기: 11, 클라이언트 ID: 1
[12:29:11.324] [INFO] [SendPacket] WSASend 요청 성공 - 컨텍스트: ServerPing, 보낸 크기: 11, 클라이언트 ID: 1
[12:29:11.334] [INFO] [SendPacket] WSASend 요청 성공 - 컨텍스트: ServerPing, 보낸 크기: 11, 클라이언트 ID: 1
[12:29:11.344] [INFO] [SendPacket] WSASend 요청 성공 - 컨텍스트: ServerPing, 보낸 크기: 11, 클라이언트 ID: 1
[12:29:11.352] [INFO] [SendPacket] WSASend 요청 성공 - 컨텍스트: ServerPing, 보낸 크기: 11, 클라이언트 ID: 1
[12:29:11.361] [INFO] [SendPacket] WSASend 요청 성공 - 컨텍스트: ServerPing, 보낸 크기: 11, 클라이언트 ID: 1
[12:29:11.371] [INFO] [SendPacket] WSASend 요청 성공 - 컨텍스트: ServerPing, 보낸 크기: 11, 클라이언트 ID: 1
[12:29:11.379] [INFO] [SendPacket] WSASend 요청 성공 - 컨텍스트: ServerPing, 보낸 크기: 11, 클라이언트 ID: 1
[12:29:11.388] [INFO] [SendPacket] WSASend 요청 성공 - 컨텍스트: ServerPing, 보낸 크기: 11, 클라이언트 ID: 1
[12:29:11.397] [INFO] [SendPacket] WSASend 요청 성공 - 컨텍스트: ServerPing, 보낸 크기: 11, 클라이언트 ID: 1
[12:29:11.406] [INFO] [SendPacket] WSASend 요청 성공 - 컨텍스트: ServerPing, 보낸 크기: 11, 클라이언트 ID: 1
[12:29:11.415] [INFO] [SendPacket] WSASend 요청 성공 - 컨텍스트: ServerPing, 보낸 크기: 11, 클라이언트 ID: 1
[12:29:11.425] [INFO] [SendPacket] WSASend 요청 성공 - 컨텍스트: ServerPing, 보낸 크기: 11, 클라이언트 ID: 1
[12:29:11.434] [INFO] [SendPacket] WSASend 요청 성공 - 컨텍스트: ServerPing, 보낸 크기: 11, 클라이언트 ID: 1
[12:29:11.443] [INFO] [SendPacket] WSASend 요청 성공 - 컨텍스트: ServerPing, 보낸 크기: 11, 클라이언트 ID: 1
[12:29:11.452] [INFO] [SendPacket] WSASend 요청 성공 - 컨텍스트: ServerPing, 보낸 크기: 11, 클라이언트 ID: 1
[12:29:11.460] [INFO] [SendPacket] WSASend 요청 성공 - 컨텍스트: ServerPing, 보낸 크기: 11, 클라이언트 ID: 1
[12:29:11.470] [INFO] [SendPacket] WSASend 요청 성공 - 컨텍스트: ServerPing, 보낸 크기: 11, 클라이언트 ID: 1
[12:29:11.479] [INFO] [SendPacket] WSASend 요청 성공 - 컨텍스트: ServerPing, 보낸 크기: 11, 클라이언트 ID: 1
[12:29:11.486] [INFO] [SendPacket] WSASend 요청 성공 - 컨텍스트: ServerPing, 보낸 크기: 11, 클라이언트 ID: 1
[12:29:11.495] [INFO] [SendPacket] WSASend 요청 성공 - 컨텍스트: ServerPing, 보낸 크기: 11, 클라이언트 ID: 1
[12:29:11.504] [INFO] [SendPacket] WSASend 요청 성공 - 컨텍스트: ServerPing, 보낸 크기: 11, 클라이언트 ID: 1
[12:29:11.512] [INFO] [SendPacket] WSASend 요청 성공 - 컨텍스트: ServerPing, 보낸 크기: 11, 클라이언트 ID: 1
[12:29:11.521] [INFO] [SendPacket] WSASend 요청 성공 - 컨텍스트: ServerPing, 보낸 크기: 11, 클라이언트 ID: 1
[12:29:11.530] [INFO] [SendPacket] WSASend 요청 성공 - 컨텍스트: ServerPing, 보낸 크기: 11, 클라이언트 ID: 1
[12:29:11.540] [INFO] [SendPacket] WSASend 요청 성공 - 컨텍스트: ServerPing, 보낸 크기: 11, 클라이언트 ID: 1
[12:29:11.549] [INFO] [SendPacket] WSASend 요청 성공 - 컨텍스트: ServerPing, 보낸 크기: 11, 클라이언트 ID: 1
[12:29:11.558] [INFO] [SendPacket] WSASend 요청 성공 - 컨텍스트: ServerPing, 보낸 크기: 11, 클라이언트 ID: 1
[12:29:11.566] [INFO] [SendPacket] WSASend 요청 성공 - 컨텍스트: ServerPing, 보낸 크기: 11, 클라이언트 ID: 1
[12:29:11.575] [INFO] [SendPacket] WSASend 요청 성공 - 컨텍스트: ServerPing, 보낸 크기: 11, 클라이언트 ID: 1
[12:29:11.585] [INFO] [SendPacket] WSASend 요청 성공 - 컨텍스트: ServerPing, 보낸 크기: 11, 클라이언트 ID: 1
[12:29:11.594] [INFO] [SendPacket] WSASend 요청 성공 - 컨텍스트: ServerPing, 보낸 크기: 11, 클라이언트 ID: 1
[12:29:11.603] [INFO] [SendPacket] WSASend 요청 성공 - 컨텍스트: ServerPing, 보낸 크기: 11, 클라이언트 ID: 1
[12:29:11.612] [INFO] [SendPacket] WSASend 요청 성공 - 컨텍스트: ServerPing, 보낸 크기: 11, 클라이언트 ID: 1
[12:29:11.620] [INFO] [SendPacket] WSASend 요청 성공 - 컨텍스트: ServerPing, 보낸 크기: 11, 클라이언트 ID: 1
[12:29:11.629] [INFO] [SendPacket] WSASend 요청 성공 - 컨텍스트: ServerPing, 보낸 크기: 11, 클라이언트 ID: 1
[12:29:11.639] [INFO] [SendPacket] WSASend 요청 성공 - 컨텍스트: ServerPing, 보낸 크기: 11, 클라이언트 ID: 1
[12:29:11.649] [INFO] [SendPacket] WSASend 요청 성공 - 컨텍스트: ServerPing, 보낸 크기: 11, 클라이언트 ID: 1
[12:29:11.658] [INFO] [SendPacket] WSASend 요청 성공 - 컨텍스트: ServerPing, 보낸 크기: 11, 클라이언트 ID: 1
[12:29:11.667] [INFO] [SendPacket] WSASend 요청 성공 - 컨텍스트: ServerPing, 보낸 크기: 11, 클라이언트 ID: 1
[12:29:11.675] [INFO] [SendPacket] WSASend 요청 성공 - 컨텍스트: ServerPing, 보낸 크기: 11, 클라이언트 ID: 1
[12:29:11.683] [INFO] [SendPacket] WSASend 요청 성공 - 컨텍스트: ServerPing, 보낸 크기: 11, 클라이언트 ID: 1
[12:29:11.692] [INFO] [SendPacket] WSASend 요청 성공 - 컨텍스트: ServerPing, 보낸 크기: 11, 클라이언트 ID: 1
[12:29:11.700] [INFO] [SendPacket] WSASend 요청 성공 - 컨텍스트: ServerPing, 보낸 크기: 11, 클라이언트 ID: 1
[12:29:11.709] [INFO] [SendPacket] WSASend 요청 성공 - 컨텍스트: ServerPing, 보낸 크기: 11, 클라이언트 ID: 1
[12:29:11.717] [INFO] [SendPacket] WSASend 요청 성공 - 컨텍스트: ServerPing, 보낸 크기: 11, 클라이언트 ID: 1
[12:29:11.725] [INFO] [SendPacket] WSASend 요청 성공 - 컨텍스트: ServerPing, 보낸 크기: 11, 클라이언트 ID: 1
[12:29:11.734] [INFO] [SendPacket] WSASend 요청 성공 - 컨텍스트: ServerPing, 보낸 크기: 11, 클라이언트 ID: 1
[12:29:11.743] [INFO] [SendPacket] WSASend 요청 성공 - 컨텍스트: ServerPing, 보낸 크기: 11, 클라이언트 ID: 1
[12:29:11.751] [INFO] [SendPacket] WSASend 요청 성공 - 컨텍스트: ServerPing, 보낸 크기: 11, 클라이언트 ID: 1
[12:29:11.762] [INFO] [SendPacket] WSASend 요청 성공 - 컨텍스트: ServerPing, 보낸 크기: 11, 클라이언트 ID: 1
[12:29:11.771] [INFO] [SendPacket] WSASend 요청 성공 - 컨텍스트: ServerPing, 보낸 크기: 11, 클라이언트 ID: 1
[12:29:11.779] [INFO] [SendPacket] WSASend 요청 성공 - 컨텍스트: ServerPing, 보낸 크기: 11, 클라이언트 ID: 1
[12:29:11.787] [INFO] [SendPacket] WSASend 요청 성공 - 컨텍스트: ServerPing, 보낸 크기: 11, 클라이언트 ID: 1
[12:29:11.795] [INFO] [SendPacket] WSASend 요청 성공 - 컨텍스트: ServerPing, 보낸 크기: 11, 클라이언트 ID: 1
[12:29:11.804] [INFO] [SendPacket] WSASend 요청 성공 - 컨텍스트: ServerPing, 보낸 크기: 11, 클라이언트 ID: 1
[12:29:11.814] [INFO] [SendPacket] WSASend 요청 성공 - 컨텍스트: ServerPing, 보낸 크기: 11, 클라이언트 ID: 1
[12:29:11.824] [INFO] [SendPacket] WSASend 요청 성공 - 컨텍스트: ServerPing, 보낸 크기: 11, 클라이언트 ID: 1
[12:29:11.832] [INFO] [SendPacket] WSASend 요청 성공 - 컨텍스트: ServerPing, 보낸 크기: 11, 클라이언트 ID: 1
[12:29:11.841] [INFO] [SendPacket] WSASend 요청 성공 - 컨텍스트: ServerPing, 보낸 크기: 11, 클라이언트 ID: 1
[12:29:11.849] [INFO] [SendPacket] WSASend 요청 성공 - 컨텍스트: ServerPing, 보낸 크기: 11, 클라이언트 ID: 1
[12:29:11.857] [INFO] [SendPacket] WSASend 요청 성공 - 컨텍스트: ServerPing, 보낸 크기: 11, 클라이언트 ID: 1
[12:29:11.866] [INFO] [SendPacket] WSASend 요청 성공 - 컨텍스트: ServerPing, 보낸 크기: 11, 클라이언트 ID: 1
[12:29:11.874] [INFO] [SendPacket] WSASend 요청 성공 - 컨텍스트: ServerPing, 보낸 크기: 11, 클라이언트 ID: 1
[12:29:11.882] [INFO] [SendPacket] WSASend 요청 성공 - 컨텍스트: ServerPing, 보낸 크기: 11, 클라이언트 ID: 1
[12:29:11.891] [INFO] [SendPacket] WSASend 요청 성공 - 컨텍스트: ServerPing, 보낸 크기: 11, 클라이언트 ID: 1
[12:29:11.899] [INFO] [SendPacket] WSASend 요청 성공 - 컨텍스트: ServerPing, 보낸 크기: 11, 클라이언트 ID: 1
[12:29:11.908] [INFO] [SendPacket] WSASend 요청 성공 - 컨텍스트: ServerPing, 보낸 크기: 11, 클라이언트 ID: 1
[12:29:11.917] [INFO] [SendPacket] WSASend 요청 성공 - 컨텍스트: ServerPing, 보낸 크기: 11, 클라이언트 ID: 1
[12:29:11.926] [INFO] [SendPacket] WSASend 요청 성공 - 컨텍스트: ServerPing, 보낸 크기: 11, 클라이언트 ID: 1
[12:29:11.934] [INFO] [SendPacket] WSASend 요청 성공 - 컨텍스트: ServerPing, 보낸 크기: 11, 클라이언트 ID: 1
[12:29:11.943] [INFO] [SendPacket] WSASend 요청 성공 - 컨텍스트: ServerPing, 보낸 크기: 11, 클라이언트 ID: 1
[12:29:11.952] [INFO] [SendPacket] WSASend 요청 성공 - 컨텍스트: ServerPing, 보낸 크기: 11, 클라이언트 ID: 1
[12:29:11.960] [INFO] [SendPacket] WSASend 요청 성공 - 컨텍스트: ServerPing, 보낸 크기: 11, 클라이언트 ID: 1
[12:29:11.970] [INFO] [SendPacket] WSASend 요청 성공 - 컨텍스트: ServerPing, 보낸 크기: 11, 클라이언트 ID: 1
[12:29:11.978] [INFO] [SendPacket] WSASend 요청 성공 - 컨텍스트: ServerPing, 보낸 크기: 11, 클라이언트 ID: 1
[12:29:11.987] [INFO] [SendPacket] WSASend 요청 성공 - 컨텍스트: ServerPing, 보낸 크기: 11, 클라이언트 ID: 1
[12:29:11.996] [INFO] [SendPacket] WSASend 요청 성공 - 컨텍스트: ServerPing, 보낸 크기: 11, 클라이언트 ID: 1
[12:29:12.022] [INFO] [SendPacket] WSASend 요청 성공 - 컨텍스트: ServerPing, 보낸 크기: 11, 클라이언트 ID: 1
[12:29:12.032] [INFO] [SendPacket] WSASend 요청 성공 - 컨텍스트: ServerPing, 보낸 크기: 11, 클라이언트 ID: 1
[12:29:12.040] [INFO] [SendPacket] WSASend 요청 성공 - 컨텍스트: ServerPing, 보낸 크기: 11, 클라이언트 ID: 1
[12:29:12.049] [INFO] [SendPacket] WSASend 요청 성공 - 컨텍스트: ServerPing, 보낸 크기: 11, 클라이언트 ID: 1
[12:29:12.058] [INFO] [SendPacket] WSASend 요청 성공 - 컨텍스트: ServerPing, 보낸 크기: 11, 클라이언트 ID: 1
[12:29:12.066] [INFO] [SendPacket] WSASend 요청 성공 - 컨텍스트: ServerPing, 보낸 크기: 11, 클라이언트 ID: 1
[12:29:12.076] [INFO] [SendPacket] WSASend 요청 성공 - 컨텍스트: ServerPing, 보낸 크기: 11, 클라이언트 ID: 1
[12:29:12.084] [INFO] [SendPacket] WSASend 요청 성공 - 컨텍스트: ServerPing, 보낸 크기: 11, 클라이언트 ID: 1
[12:29:12.093] [INFO] [SendPacket] WSASend 요청 성공 - 컨텍스트: ServerPing, 보낸 크기: 11, 클라이언트 ID: 1
[12:29:12.102] [INFO] [SendPacket] WSASend 요청 성공 - 컨텍스트: ServerPing, 보낸 크기: 11, 클라이언트 ID: 1
[12:29:12.110] [INFO] [SendPacket] WSASend 요청 성공 - 컨텍스트: ServerPing, 보낸 크기: 11, 클라이언트 ID: 1
[12:29:12.118] [INFO] [SendPacket] WSASend 요청 성공 - 컨텍스트: ServerPing, 보낸 크기: 11, 클라이언트 ID: 1
[12:29:12.127] [INFO] [SendPacket] WSASend 요청 성공 - 컨텍스트: ServerPing, 보낸 크기: 11, 클라이언트 ID: 1
[12:29:12.136] [INFO] [SendPacket] WSASend 요청 성공 - 컨텍스트: ServerPing, 보낸 크기: 11, 클라이언트 ID: 1
[12:29:12.144] [INFO] [SendPacket] WSASend 요청 성공 - 컨텍스트: ServerPing, 보낸 크기: 11, 클라이언트 ID: 1
[12:29:12.152] [INFO] [SendPacket] WSASend 요청 성공 - 컨텍스트: ServerPing, 보낸 크기: 11, 클라이언트 ID: 1
[12:29:12.162] [INFO] [SendPacket] WSASend 요청 성공 - 컨텍스트: ServerPing, 보낸 크기: 11, 클라이언트 ID: 1
[12:29:12.172] [INFO] [SendPacket] WSASend 요청 성공 - 컨텍스트: ServerPing, 보낸 크기: 11, 클라이언트 ID: 1
[12:29:12.181] [INFO] [SendPacket] WSASend 요청 성공 - 컨텍스트: ServerPing, 보낸 크기: 11, 클라이언트 ID: 1
[12:29:12.189] [INFO] [SendPacket] WSASend 요청 성공 - 컨텍스트: ServerPing, 보낸 크기: 11, 클라이언트 ID: 1
[12:29:12.199] [INFO] [SendPacket] WSASend 요청 성공 - 컨텍스트: ServerPing, 보낸 크기: 11, 클라이언트 ID: 1
[12:29:12.208] [INFO] [SendPacket] WSASend 요청 성공 - 컨텍스트: ServerPing, 보낸 크기: 11, 클라이언트 ID: 1
[12:29:12.216] [INFO] [SendPacket] WSASend 요청 성공 - 컨텍스트: ServerPing, 보낸 크기: 11, 클라이언트 ID: 1
[12:29:12.225] [INFO] [SendPacket] WSASend 요청 성공 - 컨텍스트: ServerPing, 보낸 크기: 11, 클라이언트 ID: 1
[12:29:12.233] [INFO] [SendPacket] WSASend 요청 성공 - 컨텍스트: ServerPing, 보낸 크기: 11, 클라이언트 ID: 1
[12:29:12.242] [INFO] [SendPacket] WSASend 요청 성공 - 컨텍스트: ServerPing, 보낸 크기: 11, 클라이언트 ID: 1
[12:29:12.250] [INFO] [SendPacket] WSASend 요청 성공 - 컨텍스트: ServerPing, 보낸 크기: 11, 클라이언트 ID: 1
[12:29:12.258] [INFO] [SendPacket] WSASend 요청 성공 - 컨텍스트: ServerPing, 보낸 크기: 11, 클라이언트 ID: 1
[12:29:12.267] [INFO] [SendPacket] WSASend 요청 성공 - 컨텍스트: ServerPing, 보낸 크기: 11, 클라이언트 ID: 1
[12:29:12.276] [INFO] [SendPacket] WSASend 요청 성공 - 컨텍스트: ServerPing, 보낸 크기: 11, 클라이언트 ID: 1
[12:29:12.284] [INFO] [SendPacket] WSASend 요청 성공 - 컨텍스트: ServerPing, 보낸 크기: 11, 클라이언트 ID: 1
[12:29:12.293] [INFO] [SendPacket] WSASend 요청 성공 - 컨텍스트: ServerPing, 보낸 크기: 11, 클라이언트 ID: 1
[12:29:12.302] [INFO] [SendPacket] WSASend 요청 성공 - 컨텍스트: ServerPing, 보낸 크기: 11, 클라이언트 ID: 1
[12:29:12.311] [INFO] [SendPacket] WSASend 요청 성공 - 컨텍스트: ServerPing, 보낸 크기: 11, 클라이언트 ID: 1
[12:29:12.320] [INFO] [SendPacket] WSASend 요청 성공 - 컨텍스트: ServerPing, 보낸 크기: 11, 클라이언트 ID: 1
[12:29:12.328] [INFO] [SendPacket] WSASend 요청 성공 - 컨텍스트: ServerPing, 보낸 크기: 11, 클라이언트 ID: 1
[12:29:12.338] [INFO] [SendPacket] WSASend 요청 성공 - 컨텍스트: ServerPing, 보낸 크기: 11, 클라이언트 ID: 1
[12:29:12.346] [INFO] [SendPacket] WSASend 요청 성공 - 컨텍스트: ServerPing, 보낸 크기: 11, 클라이언트 ID: 1
[12:29:12.355] [INFO] [SendPacket] WSASend 요청 성공 - 컨텍스트: ServerPing, 보낸 크기: 11, 클라이언트 ID: 1
[12:29:12.364] [INFO] [SendPacket] WSASend 요청 성공 - 컨텍스트: ServerPing, 보낸 크기: 11, 클라이언트 ID: 1
[12:29:12.373] [INFO] [SendPacket] WSASend 요청 성공 - 컨텍스트: ServerPing, 보낸 크기: 11, 클라이언트 ID: 1
[12:29:12.382] [INFO] [SendPacket] WSASend 요청 성공 - 컨텍스트: ServerPing, 보낸 크기: 11, 클라이언트 ID: 1
[12:29:12.391] [INFO] [SendPacket] WSASend 요청 성공 - 컨텍스트: ServerPing, 보낸 크기: 11, 클라이언트 ID: 1
[12:29:12.400] [INFO] [SendPacket] WSASend 요청 성공 - 컨텍스트: ServerPing, 보낸 크기: 11, 클라이언트 ID: 1
[12:29:12.408] [INFO] [SendPacket] WSASend 요청 성공 - 컨텍스트: ServerPing, 보낸 크기: 11, 클라이언트 ID: 1
[12:29:12.418] [INFO] [SendPacket] WSASend 요청 성공 - 컨텍스트: ServerPing, 보낸 크기: 11, 클라이언트 ID: 1
[12:29:12.426] [INFO] [SendPacket] WSASend 요청 성공 - 컨텍스트: ServerPing, 보낸 크기: 11, 클라이언트 ID: 1
[12:29:12.435] [INFO] [SendPacket] WSASend 요청 성공 - 컨텍스트: ServerPing, 보낸 크기: 11, 클라이언트 ID: 1
[12:29:12.445] [INFO] [SendPacket] WSASend 요청 성공 - 컨텍스트: ServerPing, 보낸 크기: 11, 클라이언트 ID: 1
[12:29:12.453] [INFO] [SendPacket] WSASend 요청 성공 - 컨텍스트: ServerPing, 보낸 크기: 11, 클라이언트 ID: 1
[12:29:12.463] [INFO] [SendPacket] WSASend 요청 성공 - 컨텍스트: ServerPing, 보낸 크기: 11, 클라이언트 ID: 1
[12:29:12.472] [INFO] [SendPacket] WSASend 요청 성공 - 컨텍스트: ServerPing, 보낸 크기: 11, 클라이언트 ID: 1
[12:29:12.481] [INFO] [SendPacket] WSASend 요청 성공 - 컨텍스트: ServerPing, 보낸 크기: 11, 클라이언트 ID: 1
[12:29:12.490] [INFO] [SendPacket] WSASend 요청 성공 - 컨텍스트: ServerPing, 보낸 크기: 11, 클라이언트 ID: 1
[12:29:12.498] [INFO] [SendPacket] WSASend 요청 성공 - 컨텍스트: ServerPing, 보낸 크기: 11, 클라이언트 ID: 1
[12:29:12.507] [INFO] [SendPacket] WSASend 요청 성공 - 컨텍스트: ServerPing, 보낸 크기: 11, 클라이언트 ID: 1
[12:29:12.517] [INFO] [SendPacket] WSASend 요청 성공 - 컨텍스트: ServerPing, 보낸 크기: 11, 클라이언트 ID: 1
[12:29:12.526] [INFO] [SendPacket] WSASend 요청 성공 - 컨텍스트: ServerPing, 보낸 크기: 11, 클라이언트 ID: 1
[12:29:12.534] [INFO] [SendPacket] WSASend 요청 성공 - 컨텍스트: ServerPing, 보낸 크기: 11, 클라이언트 ID: 1
[12:29:12.542] [INFO] [SendPacket] WSASend 요청 성공 - 컨텍스트: ServerPing, 보낸 크기: 11, 클라이언트 ID: 1
[12:29:12.551] [INFO] [SendPacket] WSASend 요청 성공 - 컨텍스트: ServerPing, 보낸 크기: 11, 클라이언트 ID: 1
[12:29:12.560] [INFO] [SendPacket] WSASend 요청 성공 - 컨텍스트: ServerPing, 보낸 크기: 11, 클라이언트 ID: 1
[12:29:12.569] [INFO] [SendPacket] WSASend 요청 성공 - 컨텍스트: ServerPing, 보낸 크기: 11, 클라이언트 ID: 1
[12:29:12.578] [INFO] [SendPacket] WSASend 요청 성공 - 컨텍스트: ServerPing, 보낸 크기: 11, 클라이언트 ID: 1
[12:29:12.586] [INFO] [SendPacket] WSASend 요청 성공 - 컨텍스트: ServerPing, 보낸 크기: 11, 클라이언트 ID: 1
[12:29:12.595] [INFO] [SendPacket] WSASend 요청 성공 - 컨텍스트: ServerPing, 보낸 크기: 11, 클라이언트 ID: 1
[12:29:12.604] [INFO] [SendPacket] WSASend 요청 성공 - 컨텍스트: ServerPing, 보낸 크기: 11, 클라이언트 ID: 1
[12:29:12.613] [INFO] [SendPacket] WSASend 요청 성공 - 컨텍스트: ServerPing, 보낸 크기: 11, 클라이언트 ID: 1
[12:29:12.622] [INFO] [SendPacket] WSASend 요청 성공 - 컨텍스트: ServerPing, 보낸 크기: 11, 클라이언트 ID: 1
[12:29:12.630] [INFO] [SendPacket] WSASend 요청 성공 - 컨텍스트: ServerPing, 보낸 크기: 11, 클라이언트 ID: 1
[12:29:12.639] [INFO] [SendPacket] WSASend 요청 성공 - 컨텍스트: ServerPing, 보낸 크기: 11, 클라이언트 ID: 1
[12:29:12.648] [INFO] [SendPacket] WSASend 요청 성공 - 컨텍스트: ServerPing, 보낸 크기: 11, 클라이언트 ID: 1
[12:29:12.656] [INFO] [SendPacket] WSASend 요청 성공 - 컨텍스트: ServerPing, 보낸 크기: 11, 클라이언트 ID: 1
[12:29:12.666] [INFO] [SendPacket] WSASend 요청 성공 - 컨텍스트: ServerPing, 보낸 크기: 11, 클라이언트 ID: 1
[12:29:12.674] [INFO] [SendPacket] WSASend 요청 성공 - 컨텍스트: ServerPing, 보낸 크기: 11, 클라이언트 ID: 1
[12:29:12.682] [INFO] [SendPacket] WSASend 요청 성공 - 컨텍스트: ServerPing, 보낸 크기: 11, 클라이언트 ID: 1
[12:29:12.692] [INFO] [SendPacket] WSASend 요청 성공 - 컨텍스트: ServerPing, 보낸 크기: 11, 클라이언트 ID: 1
[12:29:12.701] [INFO] [SendPacket] WSASend 요청 성공 - 컨텍스트: ServerPing, 보낸 크기: 11, 클라이언트 ID: 1
[12:29:12.711] [INFO] [SendPacket] WSASend 요청 성공 - 컨텍스트: ServerPing, 보낸 크기: 11, 클라이언트 ID: 1
[12:29:12.719] [INFO] [SendPacket] WSASend 요청 성공 - 컨텍스트: ServerPing, 보낸 크기: 11, 클라이언트 ID: 1
[12:29:12.729] [INFO] [SendPacket] WSASend 요청 성공 - 컨텍스트: ServerPing, 보낸 크기: 11, 클라이언트 ID: 1
[12:29:12.737] [INFO] [SendPacket] WSASend 요청 성공 - 컨텍스트: ServerPing, 보낸 크기: 11, 클라이언트 ID: 1
[12:29:12.746] [INFO] [SendPacket] WSASend 요청 성공 - 컨텍스트: ServerPing, 보낸 크기: 11, 클라이언트 ID: 1
[12:29:12.754] [INFO] [SendPacket] WSASend 요청 성공 - 컨텍스트: ServerPing, 보낸 크기: 11, 클라이언트 ID: 1
[12:29:12.764] [INFO] [SendPacket] WSASend 요청 성공 - 컨텍스트: ServerPing, 보낸 크기: 11, 클라이언트 ID: 1
[12:29:12.772] [INFO] [SendPacket] WSASend 요청 성공 - 컨텍스트: ServerPing, 보낸 크기: 11, 클라이언트 ID: 1
[12:29:12.781] [INFO] [SendPacket] WSASend 요청 성공 - 컨텍스트: ServerPing, 보낸 크기: 11, 클라이언트 ID: 1
[12:29:12.789] [INFO] [SendPacket] WSASend 요청 성공 - 컨텍스트: ServerPing, 보낸 크기: 11, 클라이언트 ID: 1
[12:29:12.798] [INFO] [SendPacket] WSASend 요청 성공 - 컨텍스트: ServerPing, 보낸 크기: 11, 클라이언트 ID: 1
[12:29:12.807] [INFO] [SendPacket] WSASend 요청 성공 - 컨텍스트: ServerPing, 보낸 크기: 11, 클라이언트 ID: 1
[12:29:12.817] [INFO] [SendPacket] WSASend 요청 성공 - 컨텍스트: ServerPing, 보낸 크기: 11, 클라이언트 ID: 1
[12:29:12.828] [INFO] [SendPacket] WSASend 요청 성공 - 컨텍스트: ServerPing, 보낸 크기: 11, 클라이언트 ID: 1
[12:29:12.836] [INFO] [SendPacket] WSASend 요청 성공 - 컨텍스트: ServerPing, 보낸 크기: 11, 클라이언트 ID: 1
[12:29:12.844] [INFO] [SendPacket] WSASend 요청 성공 - 컨텍스트: ServerPing, 보낸 크기: 11, 클라이언트 ID: 1
[12:29:12.853] [INFO] [SendPacket] WSASend 요청 성공 - 컨텍스트: ServerPing, 보낸 크기: 11, 클라이언트 ID: 1
[12:29:12.861] [INFO] [SendPacket] WSASend 요청 성공 - 컨텍스트: ServerPing, 보낸 크기: 11, 클라이언트 ID: 1
[12:29:12.869] [INFO] [SendPacket] WSASend 요청 성공 - 컨텍스트: ServerPing, 보낸 크기: 11, 클라이언트 ID: 1
[12:29:12.878] [INFO] [SendPacket] WSASend 요청 성공 - 컨텍스트: ServerPing, 보낸 크기: 11, 클라이언트 ID: 1
[12:29:12.886] [INFO] [SendPacket] WSASend 요청 성공 - 컨텍스트: ServerPing, 보낸 크기: 11, 클라이언트 ID: 1
[12:29:12.895] [INFO] [SendPacket] WSASend 요청 성공 - 컨텍스트: ServerPing, 보낸 크기: 11, 클라이언트 ID: 1
[12:29:12.903] [INFO] [SendPacket] WSASend 요청 성공 - 컨텍스트: ServerPing, 보낸 크기: 11, 클라이언트 ID: 1
[12:29:12.912] [INFO] [SendPacket] WSASend 요청 성공 - 컨텍스트: ServerPing, 보낸 크기: 11, 클라이언트 ID: 1
[12:29:12.922] [INFO] [SendPacket] WSASend 요청 성공 - 컨텍스트: ServerPing, 보낸 크기: 11, 클라이언트 ID: 1
[12:29:12.930] [INFO] [SendPacket] WSASend 요청 성공 - 컨텍스트: ServerPing, 보낸 크기: 11, 클라이언트 ID: 1
[12:29:12.940] [INFO] [SendPacket] WSASend 요청 성공 - 컨텍스트: ServerPing, 보낸 크기: 11, 클라이언트 ID: 1
[12:29:12.948] [INFO] [SendPacket] WSASend 요청 성공 - 컨텍스트: ServerPing, 보낸 크기: 11, 클라이언트 ID: 1
[12:29:12.957] [INFO] [SendPacket] WSASend 요청 성공 - 컨텍스트: ServerPing, 보낸 크기: 11, 클라이언트 ID: 1
[12:29:12.966] [INFO] [SendPacket] WSASend 요청 성공 - 컨텍스트: ServerPing, 보낸 크기: 11, 클라이언트 ID: 1
[12:29:12.974] [INFO] [SendPacket] WSASend 요청 성공 - 컨텍스트: ServerPing, 보낸 크기: 11, 클라이언트 ID: 1
[12:29:12.992] [INFO] [SendPacket] WSASend 요청 성공 - 컨텍스트: ServerPing, 보낸 크기: 11, 클라이언트 ID: 1
[12:29:13.001] [INFO] [SendPacket] WSASend 요청 성공 - 컨텍스트: ServerPing, 보낸 크기: 11, 클라이언트 ID: 1
[12:29:13.010] [INFO] [SendPacket] WSASend 요청 성공 - 컨텍스트: ServerPing, 보낸 크기: 11, 클라이언트 ID: 1
[12:29:13.019] [INFO] [SendPacket] WSASend 요청 성공 - 컨텍스트: ServerPing, 보낸 크기: 11, 클라이언트 ID: 1
[12:29:13.027] [INFO] [SendPacket] WSASend 요청 성공 - 컨텍스트: ServerPing, 보낸 크기: 11, 클라이언트 ID: 1
[12:29:13.036] [INFO] [SendPacket] WSASend 요청 성공 - 컨텍스트: ServerPing, 보낸 크기: 11, 클라이언트 ID: 1
[12:29:13.044] [INFO] [SendPacket] WSASend 요청 성공 - 컨텍스트: ServerPing, 보낸 크기: 11, 클라이언트 ID: 1
[12:29:13.052] [INFO] [SendPacket] WSASend 요청 성공 - 컨텍스트: ServerPing, 보낸 크기: 11, 클라이언트 ID: 1
[12:29:13.062] [INFO] [SendPacket] WSASend 요청 성공 - 컨텍스트: ServerPing, 보낸 크기: 11, 클라이언트 ID: 1
[12:29:13.070] [INFO] [SendPacket] WSASend 요청 성공 - 컨텍스트: ServerPing, 보낸 크기: 11, 클라이언트 ID: 1
[12:29:13.079] [INFO] [SendPacket] WSASend 요청 성공 - 컨텍스트: ServerPing, 보낸 크기: 11, 클라이언트 ID: 1
[12:29:13.088] [INFO] [SendPacket] WSASend 요청 성공 - 컨텍스트: ServerPing, 보낸 크기: 11, 클라이언트 ID: 1
[12:29:13.097] [INFO] [SendPacket] WSASend 요청 성공 - 컨텍스트: ServerPing, 보낸 크기: 11, 클라이언트 ID: 1
[12:29:13.107] [INFO] [SendPacket] WSASend 요청 성공 - 컨텍스트: ServerPing, 보낸 크기: 11, 클라이언트 ID: 1
[12:29:13.115] [INFO] [SendPacket] WSASend 요청 성공 - 컨텍스트: ServerPing, 보낸 크기: 11, 클라이언트 ID: 1
[12:29:13.124] [INFO] [SendPacket] WSASend 요청 성공 - 컨텍스트: ServerPing, 보낸 크기: 11, 클라이언트 ID: 1
[12:29:13.133] [INFO] [SendPacket] WSASend 요청 성공 - 컨텍스트: ServerPing, 보낸 크기: 11, 클라이언트 ID: 1
[12:29:13.141] [INFO] [SendPacket] WSASend 요청 성공 - 컨텍스트: ServerPing, 보낸 크기: 11, 클라이언트 ID: 1
[12:29:13.151] [INFO] [SendPacket] WSASend 요청 성공 - 컨텍스트: ServerPing, 보낸 크기: 11, 클라이언트 ID: 1
[12:29:13.160] [INFO] [SendPacket] WSASend 요청 성공 - 컨텍스트: ServerPing, 보낸 크기: 11, 클라이언트 ID: 1
[12:29:13.169] [INFO] [SendPacket] WSASend 요청 성공 - 컨텍스트: ServerPing, 보낸 크기: 11, 클라이언트 ID: 1
[12:29:13.177] [INFO] [SendPacket] WSASend 요청 성공 - 컨텍스트: ServerPing, 보낸 크기: 11, 클라이언트 ID: 1
[12:29:13.186] [INFO] [SendPacket] WSASend 요청 성공 - 컨텍스트: ServerPing, 보낸 크기: 11, 클라이언트 ID: 1
[12:29:13.195] [INFO] [SendPacket] WSASend 요청 성공 - 컨텍스트: ServerPing, 보낸 크기: 11, 클라이언트 ID: 1
[12:29:13.208] [INFO] [SendPacket] WSASend 요청 성공 - 컨텍스트: ServerPing, 보낸 크기: 11, 클라이언트 ID: 1
[12:29:13.217] [INFO] [SendPacket] WSASend 요청 성공 - 컨텍스트: ServerPing, 보낸 크기: 11, 클라이언트 ID: 1
[12:29:13.227] [INFO] [SendPacket] WSASend 요청 성공 - 컨텍스트: ServerPing, 보낸 크기: 11, 클라이언트 ID: 1
[12:29:13.235] [INFO] [SendPacket] WSASend 요청 성공 - 컨텍스트: ServerPing, 보낸 크기: 11, 클라이언트 ID: 1
[12:29:13.245] [INFO] [SendPacket] WSASend 요청 성공 - 컨텍스트: ServerPing, 보낸 크기: 11, 클라이언트 ID: 1
[12:29:13.253] [INFO] [SendPacket] WSASend 요청 성공 - 컨텍스트: ServerPing, 보낸 크기: 11, 클라이언트 ID: 1
[12:29:13.261] [INFO] [SendPacket] WSASend 요청 성공 - 컨텍스트: ServerPing, 보낸 크기: 11, 클라이언트 ID: 1
[12:29:13.270] [INFO] [SendPacket] WSASend 요청 성공 - 컨텍스트: ServerPing, 보낸 크기: 11, 클라이언트 ID: 1
[12:29:13.280] [INFO] [SendPacket] WSASend 요청 성공 - 컨텍스트: ServerPing, 보낸 크기: 11, 클라이언트 ID: 1
[12:29:13.288] [INFO] [SendPacket] WSASend 요청 성공 - 컨텍스트: ServerPing, 보낸 크기: 11, 클라이언트 ID: 1
[12:29:13.298] [INFO] [SendPacket] WSASend 요청 성공 - 컨텍스트: ServerPing, 보낸 크기: 11, 클라이언트 ID: 1
[12:29:13.306] [INFO] [SendPacket] WSASend 요청 성공 - 컨텍스트: ServerPing, 보낸 크기: 11, 클라이언트 ID: 1
[12:29:13.316] [INFO] [SendPacket] WSASend 요청 성공 - 컨텍스트: ServerPing, 보낸 크기: 11, 클라이언트 ID: 1
[12:29:13.325] [INFO] [SendPacket] WSASend 요청 성공 - 컨텍스트: ServerPing, 보낸 크기: 11, 클라이언트 ID: 1
[12:29:13.333] [INFO] [SendPacket] WSASend 요청 성공 - 컨텍스트: ServerPing, 보낸 크기: 11, 클라이언트 ID: 1
[12:29:13.342] [INFO] [SendPacket] WSASend 요청 성공 - 컨텍스트: ServerPing, 보낸 크기: 11, 클라이언트 ID: 1
[12:29:13.351] [INFO] [SendPacket] WSASend 요청 성공 - 컨텍스트: ServerPing, 보낸 크기: 11, 클라이언트 ID: 1
[12:29:13.360] [INFO] [SendPacket] WSASend 요청 성공 - 컨텍스트: ServerPing, 보낸 크기: 11, 클라이언트 ID: 1
[12:29:13.370] [INFO] [SendPacket] WSASend 요청 성공 - 컨텍스트: ServerPing, 보낸 크기: 11, 클라이언트 ID: 1
[12:29:13.378] [INFO] [SendPacket] WSASend 요청 성공 - 컨텍스트: ServerPing, 보낸 크기: 11, 클라이언트 ID: 1
[12:29:13.386] [INFO] [SendPacket] WSASend 요청 성공 - 컨텍스트: ServerPing, 보낸 크기: 11, 클라이언트 ID: 1
[12:29:13.397] [INFO] [SendPacket] WSASend 요청 성공 - 컨텍스트: ServerPing, 보낸 크기: 11, 클라이언트 ID: 1
[12:29:13.406] [INFO] [SendPacket] WSASend 요청 성공 - 컨텍스트: ServerPing, 보낸 크기: 11, 클라이언트 ID: 1
[12:29:13.414] [INFO] [SendPacket] WSASend 요청 성공 - 컨텍스트: ServerPing, 보낸 크기: 11, 클라이언트 ID: 1
[12:29:13.424] [INFO] [SendPacket] WSASend 요청 성공 - 컨텍스트: ServerPing, 보낸 크기: 11, 클라이언트 ID: 1
[12:29:13.433] [INFO] [SendPacket] WSASend 요청 성공 - 컨텍스트: ServerPing, 보낸 크기: 11, 클라이언트 ID: 1
[12:29:13.442] [INFO] [SendPacket] WSASend 요청 성공 - 컨텍스트: ServerPing, 보낸 크기: 11, 클라이언트 ID: 1
[12:29:13.450] [INFO] [SendPacket] WSASend 요청 성공 - 컨텍스트: ServerPing, 보낸 크기: 11, 클라이언트 ID: 1
[12:29:13.460] [INFO] [SendPacket] WSASend 요청 성공 - 컨텍스트: ServerPing, 보낸 크기: 11, 클라이언트 ID: 1
[12:29:13.468] [INFO] [SendPacket] WSASend 요청 성공 - 컨텍스트: ServerPing, 보낸 크기: 11, 클라이언트 ID: 1
[12:29:13.478] [INFO] [SendPacket] WSASend 요청 성공 - 컨텍스트: ServerPing, 보낸 크기: 11, 클라이언트 ID: 1
[12:29:13.486] [INFO] [SendPacket] WSASend 요청 성공 - 컨텍스트: ServerPing, 보낸 크기: 11, 클라이언트 ID: 1
[12:29:13.495] [INFO] [SendPacket] WSASend 요청 성공 - 컨텍스트: ServerPing, 보낸 크기: 11, 클라이언트 ID: 1
[12:29:13.504] [INFO] [SendPacket] WSASend 요청 성공 - 컨텍스트: ServerPing, 보낸 크기: 11, 클라이언트 ID: 1
[12:29:13.513] [INFO] [SendPacket] WSASend 요청 성공 - 컨텍스트: ServerPing, 보낸 크기: 11, 클라이언트 ID: 1
[12:29:13.525] [INFO] [SendPacket] WSASend 요청 성공 - 컨텍스트: ServerPing, 보낸 크기: 11, 클라이언트 ID: 1
[12:29:13.533] [INFO] [SendPacket] WSASend 요청 성공 - 컨텍스트: ServerPing, 보낸 크기: 11, 클라이언트 ID: 1
[12:29:13.543] [INFO] [SendPacket] WSASend 요청 성공 - 컨텍스트: ServerPing, 보낸 크기: 11, 클라이언트 ID: 1
[12:29:14.753] [INFO] [SendPacket] WSASend 요청 성공 - 컨텍스트: ServerPing, 보낸 크기: 11, 클라이언트 ID: 1
[12:29:14.761] [INFO] [SendPacket] WSASend 요청 성공 - 컨텍스트: ServerPing, 보낸 크기: 11, 클라이언트 ID: 1
[12:29:14.788] [INFO] [SendPacket] WSASend 요청 성공 - 컨텍스트: ServerPing, 보낸 크기: 11, 클라이언트 ID: 1
[12:29:14.796] [INFO] [SendPacket] WSASend 요청 성공 - 컨텍스트: ServerPing, 보낸 크기: 11, 클라이언트 ID: 1
[12:29:14.820] [INFO] [SendPacket] WSASend 요청 성공 - 컨텍스트: ServerPing, 보낸 크기: 11, 클라이언트 ID: 1
[12:29:14.841] [INFO] [SendPacket] WSASend 요청 성공 - 컨텍스트: ServerPing, 보낸 크기: 11, 클라이언트 ID: 1
[12:29:14.861] [INFO] [SendPacket] WSASend 요청 성공 - 컨텍스트: ServerPing, 보낸 크기: 11, 클라이언트 ID: 1
[12:29:14.881] [INFO] [SendPacket] WSASend 요청 성공 - 컨텍스트: ServerPing, 보낸 크기: 11, 클라이언트 ID: 1
[12:29:14.900] [INFO] [SendPacket] WSASend 요청 성공 - 컨텍스트: ServerPing, 보낸 크기: 11, 클라이언트 ID: 1
[12:29:14.920] [INFO] [SendPacket] WSASend 요청 성공 - 컨텍스트: ServerPing, 보낸 크기: 11, 클라이언트 ID: 1
[12:29:14.937] [INFO] [SendPacket] WSASend 요청 성공 - 컨텍스트: ServerPing, 보낸 크기: 11, 클라이언트 ID: 1
[12:29:14.948] [INFO] [SendPacket] WSASend 요청 성공 - 컨텍스트: ServerPing, 보낸 크기: 11, 클라이언트 ID: 1
[12:29:14.958] [INFO] [SendPacket] WSASend 요청 성공 - 컨텍스트: ServerPing, 보낸 크기: 11, 클라이언트 ID: 1
[12:29:14.968] [INFO] [SendPacket] WSASend 요청 성공 - 컨텍스트: ServerPing, 보낸 크기: 11, 클라이언트 ID: 1
[12:29:14.978] [INFO] [SendPacket] WSASend 요청 성공 - 컨텍스트: ServerPing, 보낸 크기: 11, 클라이언트 ID: 1
[12:29:14.987] [INFO] [SendPacket] WSASend 요청 성공 - 컨텍스트: ServerPing, 보낸 크기: 11, 클라이언트 ID: 1
[12:29:14.997] [INFO] [SendPacket] WSASend 요청 성공 - 컨텍스트: ServerPing, 보낸 크기: 11, 클라이언트 ID: 1
[12:29:15.008] [INFO] [SendPacket] WSASend 요청 성공 - 컨텍스트: ServerPing, 보낸 크기: 11, 클라이언트 ID: 1
[12:29:15.018] [INFO] [SendPacket] WSASend 요청 성공 - 컨텍스트: ServerPing, 보낸 크기: 11, 클라이언트 ID: 1
[12:29:15.028] [INFO] [SendPacket] WSASend 요청 성공 - 컨텍스트: ServerPing, 보낸 크기: 11, 클라이언트 ID: 1
[12:29:15.039] [INFO] [SendPacket] WSASend 요청 성공 - 컨텍스트: ServerPing, 보낸 크기: 11, 클라이언트 ID: 1
[12:29:15.048] [INFO] [SendPacket] WSASend 요청 성공 - 컨텍스트: ServerPing, 보낸 크기: 11, 클라이언트 ID: 1
[12:29:15.057] [INFO] [SendPacket] WSASend 요청 성공 - 컨텍스트: ServerPing, 보낸 크기: 11, 클라이언트 ID: 1
[12:29:15.067] [INFO] [SendPacket] WSASend 요청 성공 - 컨텍스트: ServerPing, 보낸 크기: 11, 클라이언트 ID: 1
[12:29:15.077] [INFO] [SendPacket] WSASend 요청 성공 - 컨텍스트: ServerPing, 보낸 크기: 11, 클라이언트 ID: 1
[12:29:15.087] [INFO] [SendPacket] WSASend 요청 성공 - 컨텍스트: ServerPing, 보낸 크기: 11, 클라이언트 ID: 1
[12:29:15.096] [INFO] [SendPacket] WSASend 요청 성공 - 컨텍스트: ServerPing, 보낸 크기: 11, 클라이언트 ID: 1
[12:29:15.107] [INFO] [SendPacket] WSASend 요청 성공 - 컨텍스트: ServerPing, 보낸 크기: 11, 클라이언트 ID: 1
[12:29:15.116] [INFO] [SendPacket] WSASend 요청 성공 - 컨텍스트: ServerPing, 보낸 크기: 11, 클라이언트 ID: 1
[12:29:15.126] [INFO] [SendPacket] WSASend 요청 성공 - 컨텍스트: ServerPing, 보낸 크기: 11, 클라이언트 ID: 1
[12:29:15.135] [INFO] [SendPacket] WSASend 요청 성공 - 컨텍스트: ServerPing, 보낸 크기: 11, 클라이언트 ID: 1
[12:29:15.145] [INFO] [SendPacket] WSASend 요청 성공 - 컨텍스트: ServerPing, 보낸 크기: 11, 클라이언트 ID: 1
[12:29:15.153] [INFO] [SendPacket] WSASend 요청 성공 - 컨텍스트: ServerPing, 보낸 크기: 11, 클라이언트 ID: 1
[12:29:15.162] [INFO] [SendPacket] WSASend 요청 성공 - 컨텍스트: ServerPing, 보낸 크기: 11, 클라이언트 ID: 1
[12:29:15.171] [INFO] [SendPacket] WSASend 요청 성공 - 컨텍스트: ServerPing, 보낸 크기: 11, 클라이언트 ID: 1
[12:29:15.182] [INFO] [SendPacket] WSASend 요청 성공 - 컨텍스트: ServerPing, 보낸 크기: 11, 클라이언트 ID: 1
[12:29:15.190] [INFO] [SendPacket] WSASend 요청 성공 - 컨텍스트: ServerPing, 보낸 크기: 11, 클라이언트 ID: 1
[12:29:15.200] [INFO] [SendPacket] WSASend 요청 성공 - 컨텍스트: ServerPing, 보낸 크기: 11, 클라이언트 ID: 1
[12:29:15.209] [INFO] [SendPacket] WSASend 요청 성공 - 컨텍스트: ServerPing, 보낸 크기: 11, 클라이언트 ID: 1
[12:29:15.217] [INFO] [SendPacket] WSASend 요청 성공 - 컨텍스트: ServerPing, 보낸 크기: 11, 클라이언트 ID: 1
[12:29:15.225] [INFO] [SendPacket] WSASend 요청 성공 - 컨텍스트: ServerPing, 보낸 크기: 11, 클라이언트 ID: 1
[12:29:15.233] [INFO] [SendPacket] WSASend 요청 성공 - 컨텍스트: ServerPing, 보낸 크기: 11, 클라이언트 ID: 1
[12:29:15.242] [INFO] [SendPacket] WSASend 요청 성공 - 컨텍스트: ServerPing, 보낸 크기: 11, 클라이언트 ID: 1
[12:29:15.250] [INFO] [SendPacket] WSASend 요청 성공 - 컨텍스트: ServerPing, 보낸 크기: 11, 클라이언트 ID: 1
[12:29:15.258] [INFO] [SendPacket] WSASend 요청 성공 - 컨텍스트: ServerPing, 보낸 크기: 11, 클라이언트 ID: 1
[12:29:15.267] [INFO] [SendPacket] WSASend 요청 성공 - 컨텍스트: ServerPing, 보낸 크기: 11, 클라이언트 ID: 1
[12:29:15.276] [INFO] [SendPacket] WSASend 요청 성공 - 컨텍스트: ServerPing, 보낸 크기: 11, 클라이언트 ID: 1
[12:29:15.285] [INFO] [SendPacket] WSASend 요청 성공 - 컨텍스트: ServerPing, 보낸 크기: 11, 클라이언트 ID: 1
[12:29:15.293] [INFO] [SendPacket] WSASend 요청 성공 - 컨텍스트: ServerPing, 보낸 크기: 11, 클라이언트 ID: 1
[12:29:15.302] [INFO] [SendPacket] WSASend 요청 성공 - 컨텍스트: ServerPing, 보낸 크기: 11, 클라이언트 ID: 1
[12:29:15.312] [INFO] [SendPacket] WSASend 요청 성공 - 컨텍스트: ServerPing, 보낸 크기: 11, 클라이언트 ID: 1
[12:29:15.322] [INFO] [SendPacket] WSASend 요청 성공 - 컨텍스트: ServerPing, 보낸 크기: 11, 클라이언트 ID: 1
[12:29:15.330] [INFO] [SendPacket] WSASend 요청 성공 - 컨텍스트: ServerPing, 보낸 크기: 11, 클라이언트 ID: 1
[12:29:15.339] [INFO] [SendPacket] WSASend 요청 성공 - 컨텍스트: ServerPing, 보낸 크기: 11, 클라이언트 ID: 1
[12:29:15.349] [INFO] [SendPacket] WSASend 요청 성공 - 컨텍스트: ServerPing, 보낸 크기: 11, 클라이언트 ID: 1
[12:29:15.357] [INFO] [SendPacket] WSASend 요청 성공 - 컨텍스트: ServerPing, 보낸 크기: 11, 클라이언트 ID: 1
[12:29:15.366] [INFO] [SendPacket] WSASend 요청 성공 - 컨텍스트: ServerPing, 보낸 크기: 11, 클라이언트 ID: 1
[12:29:15.374] [INFO] [SendPacket] WSASend 요청 성공 - 컨텍스트: ServerPing, 보낸 크기: 11, 클라이언트 ID: 1
[12:29:15.382] [INFO] [SendPacket] WSASend 요청 성공 - 컨텍스트: ServerPing, 보낸 크기: 11, 클라이언트 ID: 1
[12:29:15.391] [INFO] [SendPacket] WSASend 요청 성공 - 컨텍스트: ServerPing, 보낸 크기: 11, 클라이언트 ID: 1
[12:29:15.399] [INFO] [SendPacket] WSASend 요청 성공 - 컨텍스트: ServerPing, 보낸 크기: 11, 클라이언트 ID: 1
[12:29:15.407] [INFO] [SendPacket] WSASend 요청 성공 - 컨텍스트: ServerPing, 보낸 크기: 11, 클라이언트 ID: 1
[12:29:15.415] [INFO] [SendPacket] WSASend 요청 성공 - 컨텍스트: ServerPing, 보낸 크기: 11, 클라이언트 ID: 1
[12:29:15.424] [INFO] [SendPacket] WSASend 요청 성공 - 컨텍스트: ServerPing, 보낸 크기: 11, 클라이언트 ID: 1
[12:29:15.432] [INFO] [SendPacket] WSASend 요청 성공 - 컨텍스트: ServerPing, 보낸 크기: 11, 클라이언트 ID: 1
[12:29:15.441] [INFO] [SendPacket] WSASend 요청 성공 - 컨텍스트: ServerPing, 보낸 크기: 11, 클라이언트 ID: 1
[12:29:15.450] [INFO] [SendPacket] WSASend 요청 성공 - 컨텍스트: ServerPing, 보낸 크기: 11, 클라이언트 ID: 1
[12:29:15.458] [INFO] [SendPacket] WSASend 요청 성공 - 컨텍스트: ServerPing, 보낸 크기: 11, 클라이언트 ID: 1
[12:29:15.466] [INFO] [SendPacket] WSASend 요청 성공 - 컨텍스트: ServerPing, 보낸 크기: 11, 클라이언트 ID: 1
[12:29:15.474] [INFO] [SendPacket] WSASend 요청 성공 - 컨텍스트: ServerPing, 보낸 크기: 11, 클라이언트 ID: 1
[12:29:15.483] [INFO] [SendPacket] WSASend 요청 성공 - 컨텍스트: ServerPing, 보낸 크기: 11, 클라이언트 ID: 1
[12:29:15.492] [INFO] [SendPacket] WSASend 요청 성공 - 컨텍스트: ServerPing, 보낸 크기: 11, 클라이언트 ID: 1
[12:29:15.503] [INFO] [SendPacket] WSASend 요청 성공 - 컨텍스트: ServerPing, 보낸 크기: 11, 클라이언트 ID: 1
[12:29:15.513] [INFO] [SendPacket] WSASend 요청 성공 - 컨텍스트: ServerPing, 보낸 크기: 11, 클라이언트 ID: 1
[12:29:15.521] [INFO] [SendPacket] WSASend 요청 성공 - 컨텍스트: ServerPing, 보낸 크기: 11, 클라이언트 ID: 1
[12:29:15.529] [INFO] [SendPacket] WSASend 요청 성공 - 컨텍스트: ServerPing, 보낸 크기: 11, 클라이언트 ID: 1
[12:29:15.540] [INFO] [SendPacket] WSASend 요청 성공 - 컨텍스트: ServerPing, 보낸 크기: 11, 클라이언트 ID: 1
[12:29:15.550] [INFO] [SendPacket] WSASend 요청 성공 - 컨텍스트: ServerPing, 보낸 크기: 11, 클라이언트 ID: 1
[12:29:15.559] [INFO] [SendPacket] WSASend 요청 성공 - 컨텍스트: ServerPing, 보낸 크기: 11, 클라이언트 ID: 1
[12:29:15.567] [INFO] [SendPacket] WSASend 요청 성공 - 컨텍스트: ServerPing, 보낸 크기: 11, 클라이언트 ID: 1
[12:29:15.576] [INFO] [SendPacket] WSASend 요청 성공 - 컨텍스트: ServerPing, 보낸 크기: 11, 클라이언트 ID: 1
[12:29:15.584] [INFO] [SendPacket] WSASend 요청 성공 - 컨텍스트: ServerPing, 보낸 크기: 11, 클라이언트 ID: 1
[12:29:15.592] [INFO] [SendPacket] WSASend 요청 성공 - 컨텍스트: ServerPing, 보낸 크기: 11, 클라이언트 ID: 1
[12:29:15.600] [INFO] [SendPacket] WSASend 요청 성공 - 컨텍스트: ServerPing, 보낸 크기: 11, 클라이언트 ID: 1
[12:29:15.609] [INFO] [SendPacket] WSASend 요청 성공 - 컨텍스트: ServerPing, 보낸 크기: 11, 클라이언트 ID: 1
[12:29:15.618] [INFO] [SendPacket] WSASend 요청 성공 - 컨텍스트: ServerPing, 보낸 크기: 11, 클라이언트 ID: 1
[12:29:15.626] [INFO] [SendPacket] WSASend 요청 성공 - 컨텍스트: ServerPing, 보낸 크기: 11, 클라이언트 ID: 1
[12:29:15.635] [INFO] [SendPacket] WSASend 요청 성공 - 컨텍스트: ServerPing, 보낸 크기: 11, 클라이언트 ID: 1
[12:29:15.644] [INFO] [SendPacket] WSASend 요청 성공 - 컨텍스트: ServerPing, 보낸 크기: 11, 클라이언트 ID: 1
[12:29:15.652] [INFO] [SendPacket] WSASend 요청 성공 - 컨텍스트: ServerPing, 보낸 크기: 11, 클라이언트 ID: 1
[12:29:15.661] [INFO] [SendPacket] WSASend 요청 성공 - 컨텍스트: ServerPing, 보낸 크기: 11, 클라이언트 ID: 1
[12:29:15.669] [INFO] [SendPacket] WSASend 요청 성공 - 컨텍스트: ServerPing, 보낸 크기: 11, 클라이언트 ID: 1
[12:29:15.677] [INFO] [SendPacket] WSASend 요청 성공 - 컨텍스트: ServerPing, 보낸 크기: 11, 클라이언트 ID: 1
[12:29:15.685] [INFO] [SendPacket] WSASend 요청 성공 - 컨텍스트: ServerPing, 보낸 크기: 11, 클라이언트 ID: 1
[12:29:15.693] [INFO] [SendPacket] WSASend 요청 성공 - 컨텍스트: ServerPing, 보낸 크기: 11, 클라이언트 ID: 1
[12:29:15.702] [INFO] [SendPacket] WSASend 요청 성공 - 컨텍스트: ServerPing, 보낸 크기: 11, 클라이언트 ID: 1
[12:29:15.710] [INFO] [SendPacket] WSASend 요청 성공 - 컨텍스트: ServerPing, 보낸 크기: 11, 클라이언트 ID: 1
[12:29:15.720] [INFO] [SendPacket] WSASend 요청 성공 - 컨텍스트: ServerPing, 보낸 크기: 11, 클라이언트 ID: 1
[12:29:15.728] [INFO] [SendPacket] WSASend 요청 성공 - 컨텍스트: ServerPing, 보낸 크기: 11, 클라이언트 ID: 1
[12:29:15.737] [INFO] [SendPacket] WSASend 요청 성공 - 컨텍스트: ServerPing, 보낸 크기: 11, 클라이언트 ID: 1
[12:29:15.745] [INFO] [SendPacket] WSASend 요청 성공 - 컨텍스트: ServerPing, 보낸 크기: 11, 클라이언트 ID: 1
[12:29:15.753] [INFO] [SendPacket] WSASend 요청 성공 - 컨텍스트: ServerPing, 보낸 크기: 11, 클라이언트 ID: 1
[12:29:15.762] [INFO] [SendPacket] WSASend 요청 성공 - 컨텍스트: ServerPing, 보낸 크기: 11, 클라이언트 ID: 1
[12:29:15.771] [INFO] [SendPacket] WSASend 요청 성공 - 컨텍스트: ServerPing, 보낸 크기: 11, 클라이언트 ID: 1
[12:29:15.779] [INFO] [SendPacket] WSASend 요청 성공 - 컨텍스트: ServerPing, 보낸 크기: 11, 클라이언트 ID: 1
[12:29:15.788] [INFO] [SendPacket] WSASend 요청 성공 - 컨텍스트: ServerPing, 보낸 크기: 11, 클라이언트 ID: 1
[12:29:15.796] [INFO] [SendPacket] WSASend 요청 성공 - 컨텍스트: ServerPing, 보낸 크기: 11, 클라이언트 ID: 1
[12:29:15.805] [INFO] [SendPacket] WSASend 요청 성공 - 컨텍스트: ServerPing, 보낸 크기: 11, 클라이언트 ID: 1
[12:29:15.814] [INFO] [SendPacket] WSASend 요청 성공 - 컨텍스트: ServerPing, 보낸 크기: 11, 클라이언트 ID: 1
[12:29:15.823] [INFO] [SendPacket] WSASend 요청 성공 - 컨텍스트: ServerPing, 보낸 크기: 11, 클라이언트 ID: 1
[12:29:15.832] [INFO] [SendPacket] WSASend 요청 성공 - 컨텍스트: ServerPing, 보낸 크기: 11, 클라이언트 ID: 1
[12:29:15.841] [INFO] [SendPacket] WSASend 요청 성공 - 컨텍스트: ServerPing, 보낸 크기: 11, 클라이언트 ID: 1
[12:29:15.851] [INFO] [SendPacket] WSASend 요청 성공 - 컨텍스트: ServerPing, 보낸 크기: 11, 클라이언트 ID: 1
[12:29:15.859] [INFO] [SendPacket] WSASend 요청 성공 - 컨텍스트: ServerPing, 보낸 크기: 11, 클라이언트 ID: 1
[12:29:15.868] [INFO] [SendPacket] WSASend 요청 성공 - 컨텍스트: ServerPing, 보낸 크기: 11, 클라이언트 ID: 1
[12:29:15.876] [INFO] [SendPacket] WSASend 요청 성공 - 컨텍스트: ServerPing, 보낸 크기: 11, 클라이언트 ID: 1
[12:29:15.884] [INFO] [SendPacket] WSASend 요청 성공 - 컨텍스트: ServerPing, 보낸 크기: 11, 클라이언트 ID: 1
[12:29:15.892] [INFO] [SendPacket] WSASend 요청 성공 - 컨텍스트: ServerPing, 보낸 크기: 11, 클라이언트 ID: 1
[12:29:15.901] [INFO] [SendPacket] WSASend 요청 성공 - 컨텍스트: ServerPing, 보낸 크기: 11, 클라이언트 ID: 1
[12:29:15.909] [INFO] [SendPacket] WSASend 요청 성공 - 컨텍스트: ServerPing, 보낸 크기: 11, 클라이언트 ID: 1
[12:29:15.918] [INFO] [SendPacket] WSASend 요청 성공 - 컨텍스트: ServerPing, 보낸 크기: 11, 클라이언트 ID: 1
[12:29:15.927] [INFO] [SendPacket] WSASend 요청 성공 - 컨텍스트: ServerPing, 보낸 크기: 11, 클라이언트 ID: 1
[12:29:15.935] [INFO] [SendPacket] WSASend 요청 성공 - 컨텍스트: ServerPing, 보낸 크기: 11, 클라이언트 ID: 1
[12:29:15.945] [INFO] [SendPacket] WSASend 요청 성공 - 컨텍스트: ServerPing, 보낸 크기: 11, 클라이언트 ID: 1
[12:29:15.953] [INFO] [SendPacket] WSASend 요청 성공 - 컨텍스트: ServerPing, 보낸 크기: 11, 클라이언트 ID: 1
[12:29:15.963] [INFO] [SendPacket] WSASend 요청 성공 - 컨텍스트: ServerPing, 보낸 크기: 11, 클라이언트 ID: 1
[12:29:17.623] [INFO] [SendPacket] WSASend 요청 성공 - 컨텍스트: ServerPing, 보낸 크기: 11, 클라이언트 ID: 1
[12:29:17.631] [INFO] [SendPacket] WSASend 요청 성공 - 컨텍스트: ServerPing, 보낸 크기: 11, 클라이언트 ID: 1
[12:29:17.657] [INFO] [SendPacket] WSASend 요청 성공 - 컨텍스트: ServerPing, 보낸 크기: 11, 클라이언트 ID: 1
[12:29:17.665] [INFO] [SendPacket] WSASend 요청 성공 - 컨텍스트: ServerPing, 보낸 크기: 11, 클라이언트 ID: 1
[12:29:17.696] [INFO] [SendPacket] WSASend 요청 성공 - 컨텍스트: ServerPing, 보낸 크기: 11, 클라이언트 ID: 1
[12:29:17.708] [INFO] [SendPacket] WSASend 요청 성공 - 컨텍스트: ServerPing, 보낸 크기: 11, 클라이언트 ID: 1
[12:29:17.727] [INFO] [SendPacket] WSASend 요청 성공 - 컨텍스트: ServerPing, 보낸 크기: 11, 클라이언트 ID: 1
[12:29:17.743] [INFO] [SendPacket] WSASend 요청 성공 - 컨텍스트: ServerPing, 보낸 크기: 11, 클라이언트 ID: 1
[12:29:17.760] [INFO] [SendPacket] WSASend 요청 성공 - 컨텍스트: ServerPing, 보낸 크기: 11, 클라이언트 ID: 1
[12:29:17.777] [INFO] [SendPacket] WSASend 요청 성공 - 컨텍스트: ServerPing, 보낸 크기: 11, 클라이언트 ID: 1
[12:29:17.793] [INFO] [SendPacket] WSASend 요청 성공 - 컨텍스트: ServerPing, 보낸 크기: 11, 클라이언트 ID: 1
[12:29:17.810] [INFO] [SendPacket] WSASend 요청 성공 - 컨텍스트: ServerPing, 보낸 크기: 11, 클라이언트 ID: 1
[12:29:17.826] [INFO] [SendPacket] WSASend 요청 성공 - 컨텍스트: ServerPing, 보낸 크기: 11, 클라이언트 ID: 1
[12:29:17.843] [INFO] [SendPacket] WSASend 요청 성공 - 컨텍스트: ServerPing, 보낸 크기: 11, 클라이언트 ID: 1
[12:29:17.859] [INFO] [SendPacket] WSASend 요청 성공 - 컨텍스트: ServerPing, 보낸 크기: 11, 클라이언트 ID: 1
[12:29:17.876] [INFO] [SendPacket] WSASend 요청 성공 - 컨텍스트: ServerPing, 보낸 크기: 11, 클라이언트 ID: 1
[12:29:17.891] [INFO] [SendPacket] WSASend 요청 성공 - 컨텍스트: ServerPing, 보낸 크기: 11, 클라이언트 ID: 1
[12:29:17.908] [INFO] [SendPacket] WSASend 요청 성공 - 컨텍스트: ServerPing, 보낸 크기: 11, 클라이언트 ID: 1
[12:29:17.923] [INFO] [SendPacket] WSASend 요청 성공 - 컨텍스트: ServerPing, 보낸 크기: 11, 클라이언트 ID: 1
[12:29:17.936] [INFO] [SendPacket] WSASend 요청 성공 - 컨텍스트: ServerPing, 보낸 크기: 11, 클라이언트 ID: 1
[12:29:17.946] [INFO] [SendPacket] WSASend 요청 성공 - 컨텍스트: ServerPing, 보낸 크기: 11, 클라이언트 ID: 1
[12:29:17.954] [INFO] [SendPacket] WSASend 요청 성공 - 컨텍스트: ServerPing, 보낸 크기: 11, 클라이언트 ID: 1
[12:29:17.964] [INFO] [SendPacket] WSASend 요청 성공 - 컨텍스트: ServerPing, 보낸 크기: 11, 클라이언트 ID: 1
[12:29:17.972] [INFO] [SendPacket] WSASend 요청 성공 - 컨텍스트: ServerPing, 보낸 크기: 11, 클라이언트 ID: 1
[12:29:17.981] [INFO] [SendPacket] WSASend 요청 성공 - 컨텍스트: ServerPing, 보낸 크기: 11, 클라이언트 ID: 1
[12:29:17.990] [INFO] [SendPacket] WSASend 요청 성공 - 컨텍스트: ServerPing, 보낸 크기: 11, 클라이언트 ID: 1
[12:29:17.999] [INFO] [SendPacket] WSASend 요청 성공 - 컨텍스트: ServerPing, 보낸 크기: 11, 클라이언트 ID: 1
[12:29:18.007] [INFO] [SendPacket] WSASend 요청 성공 - 컨텍스트: ServerPing, 보낸 크기: 11, 클라이언트 ID: 1
[12:29:18.015] [INFO] [SendPacket] WSASend 요청 성공 - 컨텍스트: ServerPing, 보낸 크기: 11, 클라이언트 ID: 1
[12:29:18.024] [INFO] [SendPacket] WSASend 요청 성공 - 컨텍스트: ServerPing, 보낸 크기: 11, 클라이언트 ID: 1
[12:29:18.032] [INFO] [SendPacket] WSASend 요청 성공 - 컨텍스트: ServerPing, 보낸 크기: 11, 클라이언트 ID: 1
[12:29:18.042] [INFO] [SendPacket] WSASend 요청 성공 - 컨텍스트: ServerPing, 보낸 크기: 11, 클라이언트 ID: 1
[12:29:18.051] [INFO] [SendPacket] WSASend 요청 성공 - 컨텍스트: ServerPing, 보낸 크기: 11, 클라이언트 ID: 1
[12:29:18.059] [INFO] [SendPacket] WSASend 요청 성공 - 컨텍스트: ServerPing, 보낸 크기: 11, 클라이언트 ID: 1
[12:29:18.067] [INFO] [SendPacket] WSASend 요청 성공 - 컨텍스트: ServerPing, 보낸 크기: 11, 클라이언트 ID: 1
[12:29:18.075] [INFO] [SendPacket] WSASend 요청 성공 - 컨텍스트: ServerPing, 보낸 크기: 11, 클라이언트 ID: 1
[12:29:18.084] [INFO] [SendPacket] WSASend 요청 성공 - 컨텍스트: ServerPing, 보낸 크기: 11, 클라이언트 ID: 1
[12:29:18.092] [INFO] [SendPacket] WSASend 요청 성공 - 컨텍스트: ServerPing, 보낸 크기: 11, 클라이언트 ID: 1
[12:29:18.101] [INFO] [SendPacket] WSASend 요청 성공 - 컨텍스트: ServerPing, 보낸 크기: 11, 클라이언트 ID: 1
[12:29:18.110] [INFO] [SendPacket] WSASend 요청 성공 - 컨텍스트: ServerPing, 보낸 크기: 11, 클라이언트 ID: 1
[12:29:18.119] [INFO] [SendPacket] WSASend 요청 성공 - 컨텍스트: ServerPing, 보낸 크기: 11, 클라이언트 ID: 1
[12:29:18.127] [INFO] [SendPacket] WSASend 요청 성공 - 컨텍스트: ServerPing, 보낸 크기: 11, 클라이언트 ID: 1
[12:29:18.136] [INFO] [SendPacket] WSASend 요청 성공 - 컨텍스트: ServerPing, 보낸 크기: 11, 클라이언트 ID: 1
[12:29:18.144] [INFO] [SendPacket] WSASend 요청 성공 - 컨텍스트: ServerPing, 보낸 크기: 11, 클라이언트 ID: 1
[12:29:18.152] [INFO] [SendPacket] WSASend 요청 성공 - 컨텍스트: ServerPing, 보낸 크기: 11, 클라이언트 ID: 1
[12:29:18.161] [INFO] [SendPacket] WSASend 요청 성공 - 컨텍스트: ServerPing, 보낸 크기: 11, 클라이언트 ID: 1
[12:29:18.170] [INFO] [SendPacket] WSASend 요청 성공 - 컨텍스트: ServerPing, 보낸 크기: 11, 클라이언트 ID: 1
[12:29:18.179] [INFO] [SendPacket] WSASend 요청 성공 - 컨텍스트: ServerPing, 보낸 크기: 11, 클라이언트 ID: 1
[12:29:18.188] [INFO] [SendPacket] WSASend 요청 성공 - 컨텍스트: ServerPing, 보낸 크기: 11, 클라이언트 ID: 1
[12:29:18.196] [INFO] [SendPacket] WSASend 요청 성공 - 컨텍스트: ServerPing, 보낸 크기: 11, 클라이언트 ID: 1
[12:29:18.205] [INFO] [SendPacket] WSASend 요청 성공 - 컨텍스트: ServerPing, 보낸 크기: 11, 클라이언트 ID: 1
[12:29:18.214] [INFO] [SendPacket] WSASend 요청 성공 - 컨텍스트: ServerPing, 보낸 크기: 11, 클라이언트 ID: 1
[12:29:18.223] [INFO] [SendPacket] WSASend 요청 성공 - 컨텍스트: ServerPing, 보낸 크기: 11, 클라이언트 ID: 1
[12:29:18.232] [INFO] [SendPacket] WSASend 요청 성공 - 컨텍스트: ServerPing, 보낸 크기: 11, 클라이언트 ID: 1
[12:29:18.243] [INFO] [SendPacket] WSASend 요청 성공 - 컨텍스트: ServerPing, 보낸 크기: 11, 클라이언트 ID: 1
[12:29:18.251] [INFO] [SendPacket] WSASend 요청 성공 - 컨텍스트: ServerPing, 보낸 크기: 11, 클라이언트 ID: 1
[12:29:18.260] [INFO] [SendPacket] WSASend 요청 성공 - 컨텍스트: ServerPing, 보낸 크기: 11, 클라이언트 ID: 1
[12:29:18.268] [INFO] [SendPacket] WSASend 요청 성공 - 컨텍스트: ServerPing, 보낸 크기: 11, 클라이언트 ID: 1
[12:29:18.276] [INFO] [SendPacket] WSASend 요청 성공 - 컨텍스트: ServerPing, 보낸 크기: 11, 클라이언트 ID: 1
[12:29:18.284] [INFO] [SendPacket] WSASend 요청 성공 - 컨텍스트: ServerPing, 보낸 크기: 11, 클라이언트 ID: 1
[12:29:18.292] [INFO] [SendPacket] WSASend 요청 성공 - 컨텍스트: ServerPing, 보낸 크기: 11, 클라이언트 ID: 1
[12:29:18.301] [INFO] [SendPacket] WSASend 요청 성공 - 컨텍스트: ServerPing, 보낸 크기: 11, 클라이언트 ID: 1
[12:29:18.309] [INFO] [SendPacket] WSASend 요청 성공 - 컨텍스트: ServerPing, 보낸 크기: 11, 클라이언트 ID: 1
[12:29:18.319] [INFO] [SendPacket] WSASend 요청 성공 - 컨텍스트: ServerPing, 보낸 크기: 11, 클라이언트 ID: 1
[12:29:18.327] [INFO] [SendPacket] WSASend 요청 성공 - 컨텍스트: ServerPing, 보낸 크기: 11, 클라이언트 ID: 1
[12:29:18.335] [INFO] [SendPacket] WSASend 요청 성공 - 컨텍스트: ServerPing, 보낸 크기: 11, 클라이언트 ID: 1
[12:29:18.344] [INFO] [SendPacket] WSASend 요청 성공 - 컨텍스트: ServerPing, 보낸 크기: 11, 클라이언트 ID: 1
[12:29:18.352] [INFO] [SendPacket] WSASend 요청 성공 - 컨텍스트: ServerPing, 보낸 크기: 11, 클라이언트 ID: 1
[12:29:18.361] [INFO] [SendPacket] WSASend 요청 성공 - 컨텍스트: ServerPing, 보낸 크기: 11, 클라이언트 ID: 1
[12:29:18.370] [INFO] [SendPacket] WSASend 요청 성공 - 컨텍스트: ServerPing, 보낸 크기: 11, 클라이언트 ID: 1
[12:29:18.381] [INFO] [SendPacket] WSASend 요청 성공 - 컨텍스트: ServerPing, 보낸 크기: 11, 클라이언트 ID: 1
[12:29:18.389] [INFO] [SendPacket] WSASend 요청 성공 - 컨텍스트: ServerPing, 보낸 크기: 11, 클라이언트 ID: 1
[12:29:18.397] [INFO] [SendPacket] WSASend 요청 성공 - 컨텍스트: ServerPing, 보낸 크기: 11, 클라이언트 ID: 1
[12:29:18.406] [INFO] [SendPacket] WSASend 요청 성공 - 컨텍스트: ServerPing, 보낸 크기: 11, 클라이언트 ID: 1
[12:29:18.414] [INFO] [SendPacket] WSASend 요청 성공 - 컨텍스트: ServerPing, 보낸 크기: 11, 클라이언트 ID: 1
[12:29:18.423] [INFO] [SendPacket] WSASend 요청 성공 - 컨텍스트: ServerPing, 보낸 크기: 11, 클라이언트 ID: 1
[12:29:18.431] [INFO] [SendPacket] WSASend 요청 성공 - 컨텍스트: ServerPing, 보낸 크기: 11, 클라이언트 ID: 1
[12:29:18.439] [INFO] [SendPacket] WSASend 요청 성공 - 컨텍스트: ServerPing, 보낸 크기: 11, 클라이언트 ID: 1
[12:29:18.448] [INFO] [SendPacket] WSASend 요청 성공 - 컨텍스트: ServerPing, 보낸 크기: 11, 클라이언트 ID: 1
[12:29:18.456] [INFO] [SendPacket] WSASend 요청 성공 - 컨텍스트: ServerPing, 보낸 크기: 11, 클라이언트 ID: 1
[12:29:18.465] [INFO] [SendPacket] WSASend 요청 성공 - 컨텍스트: ServerPing, 보낸 크기: 11, 클라이언트 ID: 1
[12:29:18.474] [INFO] [SendPacket] WSASend 요청 성공 - 컨텍스트: ServerPing, 보낸 크기: 11, 클라이언트 ID: 1
[12:29:18.482] [INFO] [SendPacket] WSASend 요청 성공 - 컨텍스트: ServerPing, 보낸 크기: 11, 클라이언트 ID: 1
[12:29:18.492] [INFO] [SendPacket] WSASend 요청 성공 - 컨텍스트: ServerPing, 보낸 크기: 11, 클라이언트 ID: 1
[12:29:18.500] [INFO] [SendPacket] WSASend 요청 성공 - 컨텍스트: ServerPing, 보낸 크기: 11, 클라이언트 ID: 1
[12:29:18.510] [INFO] [SendPacket] WSASend 요청 성공 - 컨텍스트: ServerPing, 보낸 크기: 11, 클라이언트 ID: 1
[12:29:18.518] [INFO] [SendPacket] WSASend 요청 성공 - 컨텍스트: ServerPing, 보낸 크기: 11, 클라이언트 ID: 1
[12:29:18.526] [INFO] [SendPacket] WSASend 요청 성공 - 컨텍스트: ServerPing, 보낸 크기: 11, 클라이언트 ID: 1
[12:29:18.535] [INFO] [SendPacket] WSASend 요청 성공 - 컨텍스트: ServerPing, 보낸 크기: 11, 클라이언트 ID: 1
[12:29:18.544] [INFO] [SendPacket] WSASend 요청 성공 - 컨텍스트: ServerPing, 보낸 크기: 11, 클라이언트 ID: 1
[12:29:18.554] [INFO] [SendPacket] WSASend 요청 성공 - 컨텍스트: ServerPing, 보낸 크기: 11, 클라이언트 ID: 1
[12:29:18.561] [INFO] [SendPacket] WSASend 요청 성공 - 컨텍스트: ServerPing, 보낸 크기: 11, 클라이언트 ID: 1
[12:29:18.570] [INFO] [SendPacket] WSASend 요청 성공 - 컨텍스트: ServerPing, 보낸 크기: 11, 클라이언트 ID: 1
[12:29:18.578] [INFO] [SendPacket] WSASend 요청 성공 - 컨텍스트: ServerPing, 보낸 크기: 11, 클라이언트 ID: 1
[12:29:18.587] [INFO] [SendPacket] WSASend 요청 성공 - 컨텍스트: ServerPing, 보낸 크기: 11, 클라이언트 ID: 1
[12:29:18.595] [INFO] [SendPacket] WSASend 요청 성공 - 컨텍스트: ServerPing, 보낸 크기: 11, 클라이언트 ID: 1
[12:29:18.605] [INFO] [SendPacket] WSASend 요청 성공 - 컨텍스트: ServerPing, 보낸 크기: 11, 클라이언트 ID: 1
[12:29:18.613] [INFO] [SendPacket] WSASend 요청 성공 - 컨텍스트: ServerPing, 보낸 크기: 11, 클라이언트 ID: 1
[12:29:18.621] [INFO] [SendPacket] WSASend 요청 성공 - 컨텍스트: ServerPing, 보낸 크기: 11, 클라이언트 ID: 1
[12:29:18.630] [INFO] [SendPacket] WSASend 요청 성공 - 컨텍스트: ServerPing, 보낸 크기: 11, 클라이언트 ID: 1
[12:29:18.639] [INFO] [SendPacket] WSASend 요청 성공 - 컨텍스트: ServerPing, 보낸 크기: 11, 클라이언트 ID: 1
[12:29:18.647] [INFO] [SendPacket] WSASend 요청 성공 - 컨텍스트: ServerPing, 보낸 크기: 11, 클라이언트 ID: 1
[12:29:18.655] [INFO] [SendPacket] WSASend 요청 성공 - 컨텍스트: ServerPing, 보낸 크기: 11, 클라이언트 ID: 1
[12:29:18.664] [INFO] [SendPacket] WSASend 요청 성공 - 컨텍스트: ServerPing, 보낸 크기: 11, 클라이언트 ID: 1
[12:29:18.673] [INFO] [SendPacket] WSASend 요청 성공 - 컨텍스트: ServerPing, 보낸 크기: 11, 클라이언트 ID: 1
[12:29:18.681] [INFO] [SendPacket] WSASend 요청 성공 - 컨텍스트: ServerPing, 보낸 크기: 11, 클라이언트 ID: 1
[12:29:18.690] [INFO] [SendPacket] WSASend 요청 성공 - 컨텍스트: ServerPing, 보낸 크기: 11, 클라이언트 ID: 1
[12:29:18.698] [INFO] [SendPacket] WSASend 요청 성공 - 컨텍스트: ServerPing, 보낸 크기: 11, 클라이언트 ID: 1
[12:29:18.708] [INFO] [SendPacket] WSASend 요청 성공 - 컨텍스트: ServerPing, 보낸 크기: 11, 클라이언트 ID: 1
[12:29:18.716] [INFO] [SendPacket] WSASend 요청 성공 - 컨텍스트: ServerPing, 보낸 크기: 11, 클라이언트 ID: 1
[12:29:18.725] [INFO] [SendPacket] WSASend 요청 성공 - 컨텍스트: ServerPing, 보낸 크기: 11, 클라이언트 ID: 1
[12:29:18.733] [INFO] [SendPacket] WSASend 요청 성공 - 컨텍스트: ServerPing, 보낸 크기: 11, 클라이언트 ID: 1
[12:29:18.741] [INFO] [SendPacket] WSASend 요청 성공 - 컨텍스트: ServerPing, 보낸 크기: 11, 클라이언트 ID: 1
[12:29:18.750] [INFO] [SendPacket] WSASend 요청 성공 - 컨텍스트: ServerPing, 보낸 크기: 11, 클라이언트 ID: 1
[12:29:18.758] [INFO] [SendPacket] WSASend 요청 성공 - 컨텍스트: ServerPing, 보낸 크기: 11, 클라이언트 ID: 1
[12:29:18.767] [INFO] [SendPacket] WSASend 요청 성공 - 컨텍스트: ServerPing, 보낸 크기: 11, 클라이언트 ID: 1
[12:29:18.775] [INFO] [SendPacket] WSASend 요청 성공 - 컨텍스트: ServerPing, 보낸 크기: 11, 클라이언트 ID: 1
[12:29:18.784] [INFO] [SendPacket] WSASend 요청 성공 - 컨텍스트: ServerPing, 보낸 크기: 11, 클라이언트 ID: 1
[12:29:18.793] [INFO] [SendPacket] WSASend 요청 성공 - 컨텍스트: ServerPing, 보낸 크기: 11, 클라이언트 ID: 1
[12:29:18.801] [INFO] [SendPacket] WSASend 요청 성공 - 컨텍스트: ServerPing, 보낸 크기: 11, 클라이언트 ID: 1
[12:29:18.810] [INFO] [SendPacket] WSASend 요청 성공 - 컨텍스트: ServerPing, 보낸 크기: 11, 클라이언트 ID: 1
[12:29:18.819] [INFO] [SendPacket] WSASend 요청 성공 - 컨텍스트: ServerPing, 보낸 크기: 11, 클라이언트 ID: 1
[12:29:18.828] [INFO] [SendPacket] WSASend 요청 성공 - 컨텍스트: ServerPing, 보낸 크기: 11, 클라이언트 ID: 1
[12:29:18.837] [INFO] [SendPacket] WSASend 요청 성공 - 컨텍스트: ServerPing, 보낸 크기: 11, 클라이언트 ID: 1
[12:29:18.845] [INFO] [SendPacket] WSASend 요청 성공 - 컨텍스트: ServerPing, 보낸 크기: 11, 클라이언트 ID: 1
[12:29:18.854] [INFO] [SendPacket] WSASend 요청 성공 - 컨텍스트: ServerPing, 보낸 크기: 11, 클라이언트 ID: 1
[12:29:18.862] [INFO] [SendPacket] WSASend 요청 성공 - 컨텍스트: ServerPing, 보낸 크기: 11, 클라이언트 ID: 1
[12:29:18.871] [INFO] [SendPacket] WSASend 요청 성공 - 컨텍스트: ServerPing, 보낸 크기: 11, 클라이언트 ID: 1
[12:29:18.881] [INFO] [SendPacket] WSASend 요청 성공 - 컨텍스트: ServerPing, 보낸 크기: 11, 클라이언트 ID: 1
[12:29:18.889] [INFO] [SendPacket] WSASend 요청 성공 - 컨텍스트: ServerPing, 보낸 크기: 11, 클라이언트 ID: 1
[12:29:18.897] [INFO] [SendPacket] WSASend 요청 성공 - 컨텍스트: ServerPing, 보낸 크기: 11, 클라이언트 ID: 1
[12:29:18.905] [INFO] [SendPacket] WSASend 요청 성공 - 컨텍스트: ServerPing, 보낸 크기: 11, 클라이언트 ID: 1
[12:29:18.914] [INFO] [SendPacket] WSASend 요청 성공 - 컨텍스트: ServerPing, 보낸 크기: 11, 클라이언트 ID: 1
[12:29:18.923] [INFO] [SendPacket] WSASend 요청 성공 - 컨텍스트: ServerPing, 보낸 크기: 11, 클라이언트 ID: 1
[12:29:18.931] [INFO] [SendPacket] WSASend 요청 성공 - 컨텍스트: ServerPing, 보낸 크기: 11, 클라이언트 ID: 1
[12:29:18.940] [INFO] [SendPacket] WSASend 요청 성공 - 컨텍스트: ServerPing, 보낸 크기: 11, 클라이언트 ID: 1
[12:29:18.949] [INFO] [SendPacket] WSASend 요청 성공 - 컨텍스트: ServerPing, 보낸 크기: 11, 클라이언트 ID: 1
[12:29:18.958] [INFO] [SendPacket] WSASend 요청 성공 - 컨텍스트: ServerPing, 보낸 크기: 11, 클라이언트 ID: 1
[12:29:18.966] [INFO] [SendPacket] WSASend 요청 성공 - 컨텍스트: ServerPing, 보낸 크기: 11, 클라이언트 ID: 1
[12:29:18.976] [INFO] [SendPacket] WSASend 요청 성공 - 컨텍스트: ServerPing, 보낸 크기: 11, 클라이언트 ID: 1
[12:29:18.984] [INFO] [SendPacket] WSASend 요청 성공 - 컨텍스트: ServerPing, 보낸 크기: 11, 클라이언트 ID: 1
[12:29:18.993] [INFO] [SendPacket] WSASend 요청 성공 - 컨텍스트: ServerPing, 보낸 크기: 11, 클라이언트 ID: 1
[12:29:19.001] [INFO] [SendPacket] WSASend 요청 성공 - 컨텍스트: ServerPing, 보낸 크기: 11, 클라이언트 ID: 1
[12:29:19.010] [INFO] [SendPacket] WSASend 요청 성공 - 컨텍스트: ServerPing, 보낸 크기: 11, 클라이언트 ID: 1
[12:29:19.019] [INFO] [SendPacket] WSASend 요청 성공 - 컨텍스트: ServerPing, 보낸 크기: 11, 클라이언트 ID: 1
[12:29:19.030] [INFO] [SendPacket] WSASend 요청 성공 - 컨텍스트: ServerPing, 보낸 크기: 11, 클라이언트 ID: 1
[12:29:19.038] [INFO] [SendPacket] WSASend 요청 성공 - 컨텍스트: ServerPing, 보낸 크기: 11, 클라이언트 ID: 1
[12:29:19.046] [INFO] [SendPacket] WSASend 요청 성공 - 컨텍스트: ServerPing, 보낸 크기: 11, 클라이언트 ID: 1
[12:29:19.055] [INFO] [SendPacket] WSASend 요청 성공 - 컨텍스트: ServerPing, 보낸 크기: 11, 클라이언트 ID: 1
[12:29:19.063] [INFO] [SendPacket] WSASend 요청 성공 - 컨텍스트: ServerPing, 보낸 크기: 11, 클라이언트 ID: 1
[12:29:19.073] [INFO] [SendPacket] WSASend 요청 성공 - 컨텍스트: ServerPing, 보낸 크기: 11, 클라이언트 ID: 1
[12:29:19.082] [INFO] [SendPacket] WSASend 요청 성공 - 컨텍스트: ServerPing, 보낸 크기: 11, 클라이언트 ID: 1
[12:29:19.090] [INFO] [SendPacket] WSASend 요청 성공 - 컨텍스트: ServerPing, 보낸 크기: 11, 클라이언트 ID: 1
[12:29:19.099] [INFO] [SendPacket] WSASend 요청 성공 - 컨텍스트: ServerPing, 보낸 크기: 11, 클라이언트 ID: 1
[12:29:19.108] [INFO] [SendPacket] WSASend 요청 성공 - 컨텍스트: ServerPing, 보낸 크기: 11, 클라이언트 ID: 1
[12:29:19.117] [INFO] [SendPacket] WSASend 요청 성공 - 컨텍스트: ServerPing, 보낸 크기: 11, 클라이언트 ID: 1
[12:29:19.126] [INFO] [SendPacket] WSASend 요청 성공 - 컨텍스트: ServerPing, 보낸 크기: 11, 클라이언트 ID: 1
[12:29:19.134] [INFO] [SendPacket] WSASend 요청 성공 - 컨텍스트: ServerPing, 보낸 크기: 11, 클라이언트 ID: 1
[12:29:19.144] [INFO] [SendPacket] WSASend 요청 성공 - 컨텍스트: ServerPing, 보낸 크기: 11, 클라이언트 ID: 1
[12:29:19.152] [INFO] [SendPacket] WSASend 요청 성공 - 컨텍스트: ServerPing, 보낸 크기: 11, 클라이언트 ID: 1
[12:29:19.160] [INFO] [SendPacket] WSASend 요청 성공 - 컨텍스트: ServerPing, 보낸 크기: 11, 클라이언트 ID: 1
[12:29:19.168] [INFO] [SendPacket] WSASend 요청 성공 - 컨텍스트: ServerPing, 보낸 크기: 11, 클라이언트 ID: 1
[12:29:19.178] [INFO] [SendPacket] WSASend 요청 성공 - 컨텍스트: ServerPing, 보낸 크기: 11, 클라이언트 ID: 1
[12:29:19.185] [INFO] [SendPacket] WSASend 요청 성공 - 컨텍스트: ServerPing, 보낸 크기: 11, 클라이언트 ID: 1
[12:29:19.195] [INFO] [SendPacket] WSASend 요청 성공 - 컨텍스트: ServerPing, 보낸 크기: 11, 클라이언트 ID: 1
[12:29:19.203] [INFO] [SendPacket] WSASend 요청 성공 - 컨텍스트: ServerPing, 보낸 크기: 11, 클라이언트 ID: 1
[12:29:19.213] [INFO] [SendPacket] WSASend 요청 성공 - 컨텍스트: ServerPing, 보낸 크기: 11, 클라이언트 ID: 1
[12:29:19.222] [INFO] [SendPacket] WSASend 요청 성공 - 컨텍스트: ServerPing, 보낸 크기: 11, 클라이언트 ID: 1
[12:29:19.231] [INFO] [SendPacket] WSASend 요청 성공 - 컨텍스트: ServerPing, 보낸 크기: 11, 클라이언트 ID: 1
[12:29:19.240] [INFO] [SendPacket] WSASend 요청 성공 - 컨텍스트: ServerPing, 보낸 크기: 11, 클라이언트 ID: 1
[12:29:19.249] [INFO] [SendPacket] WSASend 요청 성공 - 컨텍스트: ServerPing, 보낸 크기: 11, 클라이언트 ID: 1
[12:29:19.257] [INFO] [SendPacket] WSASend 요청 성공 - 컨텍스트: ServerPing, 보낸 크기: 11, 클라이언트 ID: 1
[12:29:19.266] [INFO] [SendPacket] WSASend 요청 성공 - 컨텍스트: ServerPing, 보낸 크기: 11, 클라이언트 ID: 1
[12:29:19.274] [INFO] [SendPacket] WSASend 요청 성공 - 컨텍스트: ServerPing, 보낸 크기: 11, 클라이언트 ID: 1
[12:29:19.282] [INFO] [SendPacket] WSASend 요청 성공 - 컨텍스트: ServerPing, 보낸 크기: 11, 클라이언트 ID: 1
[12:29:19.291] [INFO] [SendPacket] WSASend 요청 성공 - 컨텍스트: ServerPing, 보낸 크기: 11, 클라이언트 ID: 1
[12:29:19.300] [INFO] [SendPacket] WSASend 요청 성공 - 컨텍스트: ServerPing, 보낸 크기: 11, 클라이언트 ID: 1
[12:29:19.309] [INFO] [SendPacket] WSASend 요청 성공 - 컨텍스트: ServerPing, 보낸 크기: 11, 클라이언트 ID: 1
[12:29:19.317] [INFO] [SendPacket] WSASend 요청 성공 - 컨텍스트: ServerPing, 보낸 크기: 11, 클라이언트 ID: 1
[12:29:19.326] [INFO] [SendPacket] WSASend 요청 성공 - 컨텍스트: ServerPing, 보낸 크기: 11, 클라이언트 ID: 1
[12:29:19.334] [INFO] [SendPacket] WSASend 요청 성공 - 컨텍스트: ServerPing, 보낸 크기: 11, 클라이언트 ID: 1
[12:29:19.343] [INFO] [SendPacket] WSASend 요청 성공 - 컨텍스트: ServerPing, 보낸 크기: 11, 클라이언트 ID: 1
[12:29:19.354] [INFO] [SendPacket] WSASend 요청 성공 - 컨텍스트: ServerPing, 보낸 크기: 11, 클라이언트 ID: 1
[12:29:19.362] [INFO] [SendPacket] WSASend 요청 성공 - 컨텍스트: ServerPing, 보낸 크기: 11, 클라이언트 ID: 1
[12:29:19.370] [INFO] [SendPacket] WSASend 요청 성공 - 컨텍스트: ServerPing, 보낸 크기: 11, 클라이언트 ID: 1
[12:29:19.378] [INFO] [SendPacket] WSASend 요청 성공 - 컨텍스트: ServerPing, 보낸 크기: 11, 클라이언트 ID: 1
[12:29:19.387] [INFO] [SendPacket] WSASend 요청 성공 - 컨텍스트: ServerPing, 보낸 크기: 11, 클라이언트 ID: 1
[12:29:19.395] [INFO] [SendPacket] WSASend 요청 성공 - 컨텍스트: ServerPing, 보낸 크기: 11, 클라이언트 ID: 1
[12:29:19.404] [INFO] [SendPacket] WSASend 요청 성공 - 컨텍스트: ServerPing, 보낸 크기: 11, 클라이언트 ID: 1
[12:29:19.412] [INFO] [SendPacket] WSASend 요청 성공 - 컨텍스트: ServerPing, 보낸 크기: 11, 클라이언트 ID: 1
[12:29:19.421] [INFO] [SendPacket] WSASend 요청 성공 - 컨텍스트: ServerPing, 보낸 크기: 11, 클라이언트 ID: 1
[12:29:19.430] [INFO] [SendPacket] WSASend 요청 성공 - 컨텍스트: ServerPing, 보낸 크기: 11, 클라이언트 ID: 1
[12:29:19.438] [INFO] [SendPacket] WSASend 요청 성공 - 컨텍스트: ServerPing, 보낸 크기: 11, 클라이언트 ID: 1
[12:29:19.447] [INFO] [SendPacket] WSASend 요청 성공 - 컨텍스트: ServerPing, 보낸 크기: 11, 클라이언트 ID: 1
[12:29:19.456] [INFO] [SendPacket] WSASend 요청 성공 - 컨텍스트: ServerPing, 보낸 크기: 11, 클라이언트 ID: 1
[12:29:19.465] [INFO] [SendPacket] WSASend 요청 성공 - 컨텍스트: ServerPing, 보낸 크기: 11, 클라이언트 ID: 1
[12:29:19.474] [INFO] [SendPacket] WSASend 요청 성공 - 컨텍스트: ServerPing, 보낸 크기: 11, 클라이언트 ID: 1
[12:29:19.482] [INFO] [SendPacket] WSASend 요청 성공 - 컨텍스트: ServerPing, 보낸 크기: 11, 클라이언트 ID: 1
[12:29:19.490] [INFO] [SendPacket] WSASend 요청 성공 - 컨텍스트: ServerPing, 보낸 크기: 11, 클라이언트 ID: 1
[12:29:19.499] [INFO] [SendPacket] WSASend 요청 성공 - 컨텍스트: ServerPing, 보낸 크기: 11, 클라이언트 ID: 1
[12:29:19.508] [INFO] [SendPacket] WSASend 요청 성공 - 컨텍스트: ServerPing, 보낸 크기: 11, 클라이언트 ID: 1
[12:29:19.516] [INFO] [SendPacket] WSASend 요청 성공 - 컨텍스트: ServerPing, 보낸 크기: 11, 클라이언트 ID: 1
[12:29:19.525] [INFO] [SendPacket] WSASend 요청 성공 - 컨텍스트: ServerPing, 보낸 크기: 11, 클라이언트 ID: 1
[12:29:19.534] [INFO] [SendPacket] WSASend 요청 성공 - 컨텍스트: ServerPing, 보낸 크기: 11, 클라이언트 ID: 1
[12:29:19.543] [INFO] [SendPacket] WSASend 요청 성공 - 컨텍스트: ServerPing, 보낸 크기: 11, 클라이언트 ID: 1
[12:29:19.552] [INFO] [SendPacket] WSASend 요청 성공 - 컨텍스트: ServerPing, 보낸 크기: 11, 클라이언트 ID: 1
[12:29:19.561] [INFO] [SendPacket] WSASend 요청 성공 - 컨텍스트: ServerPing, 보낸 크기: 11, 클라이언트 ID: 1
[12:29:19.569] [INFO] [SendPacket] WSASend 요청 성공 - 컨텍스트: ServerPing, 보낸 크기: 11, 클라이언트 ID: 1
[12:29:19.577] [INFO] [SendPacket] WSASend 요청 성공 - 컨텍스트: ServerPing, 보낸 크기: 11, 클라이언트 ID: 1
[12:29:19.586] [INFO] [SendPacket] WSASend 요청 성공 - 컨텍스트: ServerPing, 보낸 크기: 11, 클라이언트 ID: 1
[12:29:19.594] [INFO] [SendPacket] WSASend 요청 성공 - 컨텍스트: ServerPing, 보낸 크기: 11, 클라이언트 ID: 1
[12:29:19.603] [INFO] [SendPacket] WSASend 요청 성공 - 컨텍스트: ServerPing, 보낸 크기: 11, 클라이언트 ID: 1
[12:29:19.612] [INFO] [SendPacket] WSASend 요청 성공 - 컨텍스트: ServerPing, 보낸 크기: 11, 클라이언트 ID: 1
[12:29:19.621] [INFO] [SendPacket] WSASend 요청 성공 - 컨텍스트: ServerPing, 보낸 크기: 11, 클라이언트 ID: 1
[12:29:19.629] [INFO] [SendPacket] WSASend 요청 성공 - 컨텍스트: ServerPing, 보낸 크기: 11, 클라이언트 ID: 1
[12:29:19.638] [INFO] [SendPacket] WSASend 요청 성공 - 컨텍스트: ServerPing, 보낸 크기: 11, 클라이언트 ID: 1
[12:29:19.647] [INFO] [SendPacket] WSASend 요청 성공 - 컨텍스트: ServerPing, 보낸 크기: 11, 클라이언트 ID: 1
[12:29:19.655] [INFO] [SendPacket] WSASend 요청 성공 - 컨텍스트: ServerPing, 보낸 크기: 11, 클라이언트 ID: 1
[12:29:19.665] [INFO] [SendPacket] WSASend 요청 성공 - 컨텍스트: ServerPing, 보낸 크기: 11, 클라이언트 ID: 1
[12:29:19.673] [INFO] [SendPacket] WSASend 요청 성공 - 컨텍스트: ServerPing, 보낸 크기: 11, 클라이언트 ID: 1
[12:29:19.684] [INFO] [SendPacket] WSASend 요청 성공 - 컨텍스트: ServerPing, 보낸 크기: 11, 클라이언트 ID: 1
[12:29:19.692] [INFO] [SendPacket] WSASend 요청 성공 - 컨텍스트: ServerPing, 보낸 크기: 11, 클라이언트 ID: 1
[12:29:19.702] [INFO] [SendPacket] WSASend 요청 성공 - 컨텍스트: ServerPing, 보낸 크기: 11, 클라이언트 ID: 1
[12:29:19.711] [INFO] [SendPacket] WSASend 요청 성공 - 컨텍스트: ServerPing, 보낸 크기: 11, 클라이언트 ID: 1
[12:29:19.719] [INFO] [SendPacket] WSASend 요청 성공 - 컨텍스트: ServerPing, 보낸 크기: 11, 클라이언트 ID: 1
[12:29:19.728] [INFO] [SendPacket] WSASend 요청 성공 - 컨텍스트: ServerPing, 보낸 크기: 11, 클라이언트 ID: 1
[12:29:19.736] [INFO] [SendPacket] WSASend 요청 성공 - 컨텍스트: ServerPing, 보낸 크기: 11, 클라이언트 ID: 1
[12:29:19.745] [INFO] [SendPacket] WSASend 요청 성공 - 컨텍스트: ServerPing, 보낸 크기: 11, 클라이언트 ID: 1
[12:29:19.753] [INFO] [SendPacket] WSASend 요청 성공 - 컨텍스트: ServerPing, 보낸 크기: 11, 클라이언트 ID: 1
[12:29:19.762] [INFO] [SendPacket] WSASend 요청 성공 - 컨텍스트: ServerPing, 보낸 크기: 11, 클라이언트 ID: 1
[12:29:19.770] [INFO] [SendPacket] WSASend 요청 성공 - 컨텍스트: ServerPing, 보낸 크기: 11, 클라이언트 ID: 1
[12:29:19.778] [INFO] [SendPacket] WSASend 요청 성공 - 컨텍스트: ServerPing, 보낸 크기: 11, 클라이언트 ID: 1
[12:29:19.787] [INFO] [SendPacket] WSASend 요청 성공 - 컨텍스트: ServerPing, 보낸 크기: 11, 클라이언트 ID: 1
[12:29:19.795] [INFO] [SendPacket] WSASend 요청 성공 - 컨텍스트: ServerPing, 보낸 크기: 11, 클라이언트 ID: 1
[12:29:19.803] [INFO] [SendPacket] WSASend 요청 성공 - 컨텍스트: ServerPing, 보낸 크기: 11, 클라이언트 ID: 1
[12:29:19.812] [INFO] [SendPacket] WSASend 요청 성공 - 컨텍스트: ServerPing, 보낸 크기: 11, 클라이언트 ID: 1
[12:29:19.820] [INFO] [SendPacket] WSASend 요청 성공 - 컨텍스트: ServerPing, 보낸 크기: 11, 클라이언트 ID: 1
[12:29:19.829] [INFO] [SendPacket] WSASend 요청 성공 - 컨텍스트: ServerPing, 보낸 크기: 11, 클라이언트 ID: 1
[12:29:19.838] [INFO] [SendPacket] WSASend 요청 성공 - 컨텍스트: ServerPing, 보낸 크기: 11, 클라이언트 ID: 1
[12:29:19.846] [INFO] [SendPacket] WSASend 요청 성공 - 컨텍스트: ServerPing, 보낸 크기: 11, 클라이언트 ID: 1
[12:29:19.855] [INFO] [SendPacket] WSASend 요청 성공 - 컨텍스트: ServerPing, 보낸 크기: 11, 클라이언트 ID: 1
[12:29:19.863] [INFO] [SendPacket] WSASend 요청 성공 - 컨텍스트: ServerPing, 보낸 크기: 11, 클라이언트 ID: 1
[12:29:19.877] [INFO] [SendPacket] WSASend 요청 성공 - 컨텍스트: ServerPing, 보낸 크기: 11, 클라이언트 ID: 1
[12:29:19.885] [INFO] [SendPacket] WSASend 요청 성공 - 컨텍스트: ServerPing, 보낸 크기: 11, 클라이언트 ID: 1
[12:29:19.896] [INFO] [SendPacket] WSASend 요청 성공 - 컨텍스트: ServerPing, 보낸 크기: 11, 클라이언트 ID: 1
[12:29:19.905] [INFO] [SendPacket] WSASend 요청 성공 - 컨텍스트: ServerPing, 보낸 크기: 11, 클라이언트 ID: 1
[12:29:19.912] [INFO] [SendPacket] WSASend 요청 성공 - 컨텍스트: ServerPing, 보낸 크기: 11, 클라이언트 ID: 1
[12:29:19.921] [INFO] [SendPacket] WSASend 요청 성공 - 컨텍스트: ServerPing, 보낸 크기: 11, 클라이언트 ID: 1
[12:29:19.929] [INFO] [SendPacket] WSASend 요청 성공 - 컨텍스트: ServerPing, 보낸 크기: 11, 클라이언트 ID: 1
[12:29:19.937] [INFO] [SendPacket] WSASend 요청 성공 - 컨텍스트: ServerPing, 보낸 크기: 11, 클라이언트 ID: 1
[12:29:19.946] [INFO] [SendPacket] WSASend 요청 성공 - 컨텍스트: ServerPing, 보낸 크기: 11, 클라이언트 ID: 1
[12:29:19.954] [INFO] [SendPacket] WSASend 요청 성공 - 컨텍스트: ServerPing, 보낸 크기: 11, 클라이언트 ID: 1
[12:29:19.963] [INFO] [SendPacket] WSASend 요청 성공 - 컨텍스트: ServerPing, 보낸 크기: 11, 클라이언트 ID: 1
[12:29:19.972] [INFO] [SendPacket] WSASend 요청 성공 - 컨텍스트: ServerPing, 보낸 크기: 11, 클라이언트 ID: 1
[12:29:19.981] [INFO] [SendPacket] WSASend 요청 성공 - 컨텍스트: ServerPing, 보낸 크기: 11, 클라이언트 ID: 1
[12:29:19.990] [INFO] [SendPacket] WSASend 요청 성공 - 컨텍스트: ServerPing, 보낸 크기: 11, 클라이언트 ID: 1
[12:29:19.999] [INFO] [SendPacket] WSASend 요청 성공 - 컨텍스트: ServerPing, 보낸 크기: 11, 클라이언트 ID: 1
[12:29:20.007] [INFO] [SendPacket] WSASend 요청 성공 - 컨텍스트: ServerPing, 보낸 크기: 11, 클라이언트 ID: 1
[12:29:20.016] [INFO] [SendPacket] WSASend 요청 성공 - 컨텍스트: ServerPing, 보낸 크기: 11, 클라이언트 ID: 1
[12:29:20.024] [INFO] [SendPacket] WSASend 요청 성공 - 컨텍스트: ServerPing, 보낸 크기: 11, 클라이언트 ID: 1
[12:29:20.033] [INFO] [SendPacket] WSASend 요청 성공 - 컨텍스트: ServerPing, 보낸 크기: 11, 클라이언트 ID: 1
[12:29:20.043] [INFO] [SendPacket] WSASend 요청 성공 - 컨텍스트: ServerPing, 보낸 크기: 11, 클라이언트 ID: 1
[12:29:20.051] [INFO] [SendPacket] WSASend 요청 성공 - 컨텍스트: ServerPing, 보낸 크기: 11, 클라이언트 ID: 1
[12:29:20.059] [INFO] [SendPacket] WSASend 요청 성공 - 컨텍스트: ServerPing, 보낸 크기: 11, 클라이언트 ID: 1
[12:29:20.068] [INFO] [SendPacket] WSASend 요청 성공 - 컨텍스트: ServerPing, 보낸 크기: 11, 클라이언트 ID: 1
[12:29:20.077] [INFO] [SendPacket] WSASend 요청 성공 - 컨텍스트: ServerPing, 보낸 크기: 11, 클라이언트 ID: 1
[12:29:20.087] [INFO] [SendPacket] WSASend 요청 성공 - 컨텍스트: ServerPing, 보낸 크기: 11, 클라이언트 ID: 1
[12:29:20.095] [INFO] [SendPacket] WSASend 요청 성공 - 컨텍스트: ServerPing, 보낸 크기: 11, 클라이언트 ID: 1
[12:29:20.104] [INFO] [SendPacket] WSASend 요청 성공 - 컨텍스트: ServerPing, 보낸 크기: 11, 클라이언트 ID: 1
[12:29:20.112] [INFO] [SendPacket] WSASend 요청 성공 - 컨텍스트: ServerPing, 보낸 크기: 11, 클라이언트 ID: 1
[12:29:20.120] [INFO] [SendPacket] WSASend 요청 성공 - 컨텍스트: ServerPing, 보낸 크기: 11, 클라이언트 ID: 1
[12:29:20.129] [INFO] [SendPacket] WSASend 요청 성공 - 컨텍스트: ServerPing, 보낸 크기: 11, 클라이언트 ID: 1
[12:29:20.137] [INFO] [SendPacket] WSASend 요청 성공 - 컨텍스트: ServerPing, 보낸 크기: 11, 클라이언트 ID: 1
[12:29:20.148] [INFO] [SendPacket] WSASend 요청 성공 - 컨텍스트: ServerPing, 보낸 크기: 11, 클라이언트 ID: 1
[12:29:20.156] [INFO] [SendPacket] WSASend 요청 성공 - 컨텍스트: ServerPing, 보낸 크기: 11, 클라이언트 ID: 1
[12:29:20.164] [INFO] [SendPacket] WSASend 요청 성공 - 컨텍스트: ServerPing, 보낸 크기: 11, 클라이언트 ID: 1
[12:29:20.173] [INFO] [SendPacket] WSASend 요청 성공 - 컨텍스트: ServerPing, 보낸 크기: 11, 클라이언트 ID: 1
[12:29:20.181] [INFO] [SendPacket] WSASend 요청 성공 - 컨텍스트: ServerPing, 보낸 크기: 11, 클라이언트 ID: 1
[12:29:20.190] [INFO] [SendPacket] WSASend 요청 성공 - 컨텍스트: ServerPing, 보낸 크기: 11, 클라이언트 ID: 1
[12:29:20.198] [INFO] [SendPacket] WSASend 요청 성공 - 컨텍스트: ServerPing, 보낸 크기: 11, 클라이언트 ID: 1
[12:29:20.207] [INFO] [SendPacket] WSASend 요청 성공 - 컨텍스트: ServerPing, 보낸 크기: 11, 클라이언트 ID: 1
[12:29:20.217] [INFO] [SendPacket] WSASend 요청 성공 - 컨텍스트: ServerPing, 보낸 크기: 11, 클라이언트 ID: 1
[12:29:20.225] [INFO] [SendPacket] WSASend 요청 성공 - 컨텍스트: ServerPing, 보낸 크기: 11, 클라이언트 ID: 1
[12:29:20.234] [INFO] [SendPacket] WSASend 요청 성공 - 컨텍스트: ServerPing, 보낸 크기: 11, 클라이언트 ID: 1
[12:29:20.243] [INFO] [SendPacket] WSASend 요청 성공 - 컨텍스트: ServerPing, 보낸 크기: 11, 클라이언트 ID: 1
[12:29:20.252] [INFO] [SendPacket] WSASend 요청 성공 - 컨텍스트: ServerPing, 보낸 크기: 11, 클라이언트 ID: 1
[12:29:20.260] [INFO] [SendPacket] WSASend 요청 성공 - 컨텍스트: ServerPing, 보낸 크기: 11, 클라이언트 ID: 1
[12:29:20.269] [INFO] [SendPacket] WSASend 요청 성공 - 컨텍스트: ServerPing, 보낸 크기: 11, 클라이언트 ID: 1
[12:29:20.278] [INFO] [SendPacket] WSASend 요청 성공 - 컨텍스트: ServerPing, 보낸 크기: 11, 클라이언트 ID: 1
[12:29:20.287] [INFO] [SendPacket] WSASend 요청 성공 - 컨텍스트: ServerPing, 보낸 크기: 11, 클라이언트 ID: 1
[12:29:20.295] [INFO] [SendPacket] WSASend 요청 성공 - 컨텍스트: ServerPing, 보낸 크기: 11, 클라이언트 ID: 1
[12:29:20.306] [INFO] [SendPacket] WSASend 요청 성공 - 컨텍스트: ServerPing, 보낸 크기: 11, 클라이언트 ID: 1
[12:29:20.314] [INFO] [SendPacket] WSASend 요청 성공 - 컨텍스트: ServerPing, 보낸 크기: 11, 클라이언트 ID: 1
[12:29:20.322] [INFO] [SendPacket] WSASend 요청 성공 - 컨텍스트: ServerPing, 보낸 크기: 11, 클라이언트 ID: 1
[12:29:20.330] [INFO] [SendPacket] WSASend 요청 성공 - 컨텍스트: ServerPing, 보낸 크기: 11, 클라이언트 ID: 1
[12:29:20.339] [INFO] [SendPacket] WSASend 요청 성공 - 컨텍스트: ServerPing, 보낸 크기: 11, 클라이언트 ID: 1
[12:29:20.348] [INFO] [SendPacket] WSASend 요청 성공 - 컨텍스트: ServerPing, 보낸 크기: 11, 클라이언트 ID: 1
[12:29:20.356] [INFO] [SendPacket] WSASend 요청 성공 - 컨텍스트: ServerPing, 보낸 크기: 11, 클라이언트 ID: 1
[12:29:20.365] [INFO] [SendPacket] WSASend 요청 성공 - 컨텍스트: ServerPing, 보낸 크기: 11, 클라이언트 ID: 1
[12:29:20.373] [INFO] [SendPacket] WSASend 요청 성공 - 컨텍스트: ServerPing, 보낸 크기: 11, 클라이언트 ID: 1
[12:29:20.382] [INFO] [SendPacket] WSASend 요청 성공 - 컨텍스트: ServerPing, 보낸 크기: 11, 클라이언트 ID: 1
[12:29:20.391] [INFO] [SendPacket] WSASend 요청 성공 - 컨텍스트: ServerPing, 보낸 크기: 11, 클라이언트 ID: 1
[12:29:20.400] [INFO] [SendPacket] WSASend 요청 성공 - 컨텍스트: ServerPing, 보낸 크기: 11, 클라이언트 ID: 1
[12:29:20.409] [INFO] [SendPacket] WSASend 요청 성공 - 컨텍스트: ServerPing, 보낸 크기: 11, 클라이언트 ID: 1
[12:29:20.418] [INFO] [SendPacket] WSASend 요청 성공 - 컨텍스트: ServerPing, 보낸 크기: 11, 클라이언트 ID: 1
[12:29:20.426] [INFO] [SendPacket] WSASend 요청 성공 - 컨텍스트: ServerPing, 보낸 크기: 11, 클라이언트 ID: 1
[12:29:20.436] [INFO] [SendPacket] WSASend 요청 성공 - 컨텍스트: ServerPing, 보낸 크기: 11, 클라이언트 ID: 1
[12:29:20.444] [INFO] [SendPacket] WSASend 요청 성공 - 컨텍스트: ServerPing, 보낸 크기: 11, 클라이언트 ID: 1
[12:29:20.454] [INFO] [SendPacket] WSASend 요청 성공 - 컨텍스트: ServerPing, 보낸 크기: 11, 클라이언트 ID: 1
[12:29:20.463] [INFO] [SendPacket] WSASend 요청 성공 - 컨텍스트: ServerPing, 보낸 크기: 11, 클라이언트 ID: 1
[12:29:20.471] [INFO] [SendPacket] WSASend 요청 성공 - 컨텍스트: ServerPing, 보낸 크기: 11, 클라이언트 ID: 1
[12:29:20.479] [INFO] [SendPacket] WSASend 요청 성공 - 컨텍스트: ServerPing, 보낸 크기: 11, 클라이언트 ID: 1
[12:29:20.488] [INFO] [SendPacket] WSASend 요청 성공 - 컨텍스트: ServerPing, 보낸 크기: 11, 클라이언트 ID: 1
[12:29:20.497] [INFO] [SendPacket] WSASend 요청 성공 - 컨텍스트: ServerPing, 보낸 크기: 11, 클라이언트 ID: 1
[12:29:20.508] [INFO] [SendPacket] WSASend 요청 성공 - 컨텍스트: ServerPing, 보낸 크기: 11, 클라이언트 ID: 1
[12:29:20.516] [INFO] [SendPacket] WSASend 요청 성공 - 컨텍스트: ServerPing, 보낸 크기: 11, 클라이언트 ID: 1
[12:29:20.525] [INFO] [SendPacket] WSASend 요청 성공 - 컨텍스트: ServerPing, 보낸 크기: 11, 클라이언트 ID: 1
[12:29:20.533] [INFO] [SendPacket] WSASend 요청 성공 - 컨텍스트: ServerPing, 보낸 크기: 11, 클라이언트 ID: 1
[12:29:20.541] [INFO] [SendPacket] WSASend 요청 성공 - 컨텍스트: ServerPing, 보낸 크기: 11, 클라이언트 ID: 1
[12:29:20.550] [INFO] [SendPacket] WSASend 요청 성공 - 컨텍스트: ServerPing, 보낸 크기: 11, 클라이언트 ID: 1
[12:29:20.559] [INFO] [SendPacket] WSASend 요청 성공 - 컨텍스트: ServerPing, 보낸 크기: 11, 클라이언트 ID: 1
[12:29:20.567] [INFO] [SendPacket] WSASend 요청 성공 - 컨텍스트: ServerPing, 보낸 크기: 11, 클라이언트 ID: 1
[12:29:20.575] [INFO] [SendPacket] WSASend 요청 성공 - 컨텍스트: ServerPing, 보낸 크기: 11, 클라이언트 ID: 1
[12:29:20.584] [INFO] [SendPacket] WSASend 요청 성공 - 컨텍스트: ServerPing, 보낸 크기: 11, 클라이언트 ID: 1
[12:29:20.593] [INFO] [SendPacket] WSASend 요청 성공 - 컨텍스트: ServerPing, 보낸 크기: 11, 클라이언트 ID: 1
[12:29:20.601] [INFO] [SendPacket] WSASend 요청 성공 - 컨텍스트: ServerPing, 보낸 크기: 11, 클라이언트 ID: 1
[12:29:20.611] [INFO] [SendPacket] WSASend 요청 성공 - 컨텍스트: ServerPing, 보낸 크기: 11, 클라이언트 ID: 1
[12:29:20.620] [INFO] [SendPacket] WSASend 요청 성공 - 컨텍스트: ServerPing, 보낸 크기: 11, 클라이언트 ID: 1
[12:29:20.629] [INFO] [SendPacket] WSASend 요청 성공 - 컨텍스트: ServerPing, 보낸 크기: 11, 클라이언트 ID: 1
[12:29:20.637] [INFO] [SendPacket] WSASend 요청 성공 - 컨텍스트: ServerPing, 보낸 크기: 11, 클라이언트 ID: 1
[12:29:20.645] [INFO] [SendPacket] WSASend 요청 성공 - 컨텍스트: ServerPing, 보낸 크기: 11, 클라이언트 ID: 1
[12:29:20.654] [INFO] [SendPacket] WSASend 요청 성공 - 컨텍스트: ServerPing, 보낸 크기: 11, 클라이언트 ID: 1
[12:29:20.663] [INFO] [SendPacket] WSASend 요청 성공 - 컨텍스트: ServerPing, 보낸 크기: 11, 클라이언트 ID: 1
[12:29:20.671] [INFO] [SendPacket] WSASend 요청 성공 - 컨텍스트: ServerPing, 보낸 크기: 11, 클라이언트 ID: 1
[12:29:20.680] [INFO] [SendPacket] WSASend 요청 성공 - 컨텍스트: ServerPing, 보낸 크기: 11, 클라이언트 ID: 1
[12:29:20.691] [INFO] [SendPacket] WSASend 요청 성공 - 컨텍스트: ServerPing, 보낸 크기: 11, 클라이언트 ID: 1
[12:29:20.698] [INFO] [SendPacket] WSASend 요청 성공 - 컨텍스트: ServerPing, 보낸 크기: 11, 클라이언트 ID: 1
[12:29:20.707] [INFO] [SendPacket] WSASend 요청 성공 - 컨텍스트: ServerPing, 보낸 크기: 11, 클라이언트 ID: 1
[12:29:20.716] [INFO] [SendPacket] WSASend 요청 성공 - 컨텍스트: ServerPing, 보낸 크기: 11, 클라이언트 ID: 1
[12:29:20.724] [INFO] [SendPacket] WSASend 요청 성공 - 컨텍스트: ServerPing, 보낸 크기: 11, 클라이언트 ID: 1
[12:29:20.733] [INFO] [SendPacket] WSASend 요청 성공 - 컨텍스트: ServerPing, 보낸 크기: 11, 클라이언트 ID: 1
[12:29:20.741] [INFO] [SendPacket] WSASend 요청 성공 - 컨텍스트: ServerPing, 보낸 크기: 11, 클라이언트 ID: 1
[12:29:20.751] [INFO] [SendPacket] WSASend 요청 성공 - 컨텍스트: ServerPing, 보낸 크기: 11, 클라이언트 ID: 1
[12:29:20.759] [INFO] [SendPacket] WSASend 요청 성공 - 컨텍스트: ServerPing, 보낸 크기: 11, 클라이언트 ID: 1
[12:29:20.768] [INFO] [SendPacket] WSASend 요청 성공 - 컨텍스트: ServerPing, 보낸 크기: 11, 클라이언트 ID: 1
[12:29:20.777] [INFO] [SendPacket] WSASend 요청 성공 - 컨텍스트: ServerPing, 보낸 크기: 11, 클라이언트 ID: 1
[12:29:20.785] [INFO] [SendPacket] WSASend 요청 성공 - 컨텍스트: ServerPing, 보낸 크기: 11, 클라이언트 ID: 1
[12:29:20.794] [INFO] [SendPacket] WSASend 요청 성공 - 컨텍스트: ServerPing, 보낸 크기: 11, 클라이언트 ID: 1
[12:29:20.802] [INFO] [SendPacket] WSASend 요청 성공 - 컨텍스트: ServerPing, 보낸 크기: 11, 클라이언트 ID: 1
[12:29:20.812] [INFO] [SendPacket] WSASend 요청 성공 - 컨텍스트: ServerPing, 보낸 크기: 11, 클라이언트 ID: 1
[12:29:20.820] [INFO] [SendPacket] WSASend 요청 성공 - 컨텍스트: ServerPing, 보낸 크기: 11, 클라이언트 ID: 1
[12:29:20.831] [INFO] [SendPacket] WSASend 요청 성공 - 컨텍스트: ServerPing, 보낸 크기: 11, 클라이언트 ID: 1
[12:29:20.840] [INFO] [SendPacket] WSASend 요청 성공 - 컨텍스트: ServerPing, 보낸 크기: 11, 클라이언트 ID: 1
[12:29:20.848] [INFO] [SendPacket] WSASend 요청 성공 - 컨텍스트: ServerPing, 보낸 크기: 11, 클라이언트 ID: 1
[12:29:20.856] [INFO] [SendPacket] WSASend 요청 성공 - 컨텍스트: ServerPing, 보낸 크기: 11, 클라이언트 ID: 1
[12:29:20.865] [INFO] [SendPacket] WSASend 요청 성공 - 컨텍스트: ServerPing, 보낸 크기: 11, 클라이언트 ID: 1
[12:29:20.873] [INFO] [SendPacket] WSASend 요청 성공 - 컨텍스트: ServerPing, 보낸 크기: 11, 클라이언트 ID: 1
[12:29:20.882] [INFO] [SendPacket] WSASend 요청 성공 - 컨텍스트: ServerPing, 보낸 크기: 11, 클라이언트 ID: 1
[12:29:20.891] [INFO] [SendPacket] WSASend 요청 성공 - 컨텍스트: ServerPing, 보낸 크기: 11, 클라이언트 ID: 1
[12:29:20.900] [INFO] [SendPacket] WSASend 요청 성공 - 컨텍스트: ServerPing, 보낸 크기: 11, 클라이언트 ID: 1
[12:29:20.908] [INFO] [SendPacket] WSASend 요청 성공 - 컨텍스트: ServerPing, 보낸 크기: 11, 클라이언트 ID: 1
[12:29:20.916] [INFO] [SendPacket] WSASend 요청 성공 - 컨텍스트: ServerPing, 보낸 크기: 11, 클라이언트 ID: 1
[12:29:20.925] [INFO] [SendPacket] WSASend 요청 성공 - 컨텍스트: ServerPing, 보낸 크기: 11, 클라이언트 ID: 1
[12:29:20.933] [INFO] [SendPacket] WSASend 요청 성공 - 컨텍스트: ServerPing, 보낸 크기: 11, 클라이언트 ID: 1
[12:29:20.942] [INFO] [SendPacket] WSASend 요청 성공 - 컨텍스트: ServerPing, 보낸 크기: 11, 클라이언트 ID: 1
[12:29:20.950] [INFO] [SendPacket] WSASend 요청 성공 - 컨텍스트: ServerPing, 보낸 크기: 11, 클라이언트 ID: 1
[12:29:20.960] [INFO] [SendPacket] WSASend 요청 성공 - 컨텍스트: ServerPing, 보낸 크기: 11, 클라이언트 ID: 1
[12:29:20.968] [INFO] [SendPacket] WSASend 요청 성공 - 컨텍스트: ServerPing, 보낸 크기: 11, 클라이언트 ID: 1
[12:29:20.976] [INFO] [SendPacket] WSASend 요청 성공 - 컨텍스트: ServerPing, 보낸 크기: 11, 클라이언트 ID: 1
[12:29:20.984] [INFO] [SendPacket] WSASend 요청 성공 - 컨텍스트: ServerPing, 보낸 크기: 11, 클라이언트 ID: 1
[12:29:20.994] [INFO] [SendPacket] WSASend 요청 성공 - 컨텍스트: ServerPing, 보낸 크기: 11, 클라이언트 ID: 1
[12:29:21.003] [INFO] [SendPacket] WSASend 요청 성공 - 컨텍스트: ServerPing, 보낸 크기: 11, 클라이언트 ID: 1
[12:29:21.011] [INFO] [SendPacket] WSASend 요청 성공 - 컨텍스트: ServerPing, 보낸 크기: 11, 클라이언트 ID: 1
[12:29:21.020] [INFO] [SendPacket] WSASend 요청 성공 - 컨텍스트: ServerPing, 보낸 크기: 11, 클라이언트 ID: 1
[12:29:21.031] [INFO] [SendPacket] WSASend 요청 성공 - 컨텍스트: ServerPing, 보낸 크기: 11, 클라이언트 ID: 1
[12:29:21.039] [INFO] [SendPacket] WSASend 요청 성공 - 컨텍스트: ServerPing, 보낸 크기: 11, 클라이언트 ID: 1
[12:29:21.048] [INFO] [SendPacket] WSASend 요청 성공 - 컨텍스트: ServerPing, 보낸 크기: 11, 클라이언트 ID: 1
[12:29:21.056] [INFO] [SendPacket] WSASend 요청 성공 - 컨텍스트: ServerPing, 보낸 크기: 11, 클라이언트 ID: 1
[12:29:21.065] [INFO] [SendPacket] WSASend 요청 성공 - 컨텍스트: ServerPing, 보낸 크기: 11, 클라이언트 ID: 1
[12:29:21.073] [INFO] [SendPacket] WSASend 요청 성공 - 컨텍스트: ServerPing, 보낸 크기: 11, 클라이언트 ID: 1
[12:29:21.082] [INFO] [SendPacket] WSASend 요청 성공 - 컨텍스트: ServerPing, 보낸 크기: 11, 클라이언트 ID: 1
[12:29:21.091] [INFO] [SendPacket] WSASend 요청 성공 - 컨텍스트: ServerPing, 보낸 크기: 11, 클라이언트 ID: 1
[12:29:21.100] [INFO] [SendPacket] WSASend 요청 성공 - 컨텍스트: ServerPing, 보낸 크기: 11, 클라이언트 ID: 1
[12:29:21.110] [INFO] [SendPacket] WSASend 요청 성공 - 컨텍스트: ServerPing, 보낸 크기: 11, 클라이언트 ID: 1
[12:29:21.118] [INFO] [SendPacket] WSASend 요청 성공 - 컨텍스트: ServerPing, 보낸 크기: 11, 클라이언트 ID: 1
[12:29:21.127] [INFO] [SendPacket] WSASend 요청 성공 - 컨텍스트: ServerPing, 보낸 크기: 11, 클라이언트 ID: 1
[12:29:21.136] [INFO] [SendPacket] WSASend 요청 성공 - 컨텍스트: ServerPing, 보낸 크기: 11, 클라이언트 ID: 1
[12:29:21.146] [INFO] [SendPacket] WSASend 요청 성공 - 컨텍스트: ServerPing, 보낸 크기: 11, 클라이언트 ID: 1
[12:29:21.156] [INFO] [SendPacket] WSASend 요청 성공 - 컨텍스트: ServerPing, 보낸 크기: 11, 클라이언트 ID: 1
[12:29:21.165] [INFO] [SendPacket] WSASend 요청 성공 - 컨텍스트: ServerPing, 보낸 크기: 11, 클라이언트 ID: 1
[12:29:21.173] [INFO] [SendPacket] WSASend 요청 성공 - 컨텍스트: ServerPing, 보낸 크기: 11, 클라이언트 ID: 1
[12:29:21.181] [INFO] [SendPacket] WSASend 요청 성공 - 컨텍스트: ServerPing, 보낸 크기: 11, 클라이언트 ID: 1
[12:29:21.191] [INFO] [SendPacket] WSASend 요청 성공 - 컨텍스트: ServerPing, 보낸 크기: 11, 클라이언트 ID: 1
[12:29:21.200] [INFO] [SendPacket] WSASend 요청 성공 - 컨텍스트: ServerPing, 보낸 크기: 11, 클라이언트 ID: 1
[12:29:21.209] [INFO] [SendPacket] WSASend 요청 성공 - 컨텍스트: ServerPing, 보낸 크기: 11, 클라이언트 ID: 1
[12:29:21.218] [INFO] [SendPacket] WSASend 요청 성공 - 컨텍스트: ServerPing, 보낸 크기: 11, 클라이언트 ID: 1
[12:29:21.226] [INFO] [SendPacket] WSASend 요청 성공 - 컨텍스트: ServerPing, 보낸 크기: 11, 클라이언트 ID: 1
[12:29:21.234] [INFO] [SendPacket] WSASend 요청 성공 - 컨텍스트: ServerPing, 보낸 크기: 11, 클라이언트 ID: 1
[12:29:21.243] [INFO] [SendPacket] WSASend 요청 성공 - 컨텍스트: ServerPing, 보낸 크기: 11, 클라이언트 ID: 1
[12:29:21.251] [INFO] [SendPacket] WSASend 요청 성공 - 컨텍스트: ServerPing, 보낸 크기: 11, 클라이언트 ID: 1
[12:29:21.260] [INFO] [SendPacket] WSASend 요청 성공 - 컨텍스트: ServerPing, 보낸 크기: 11, 클라이언트 ID: 1
[12:29:21.269] [INFO] [SendPacket] WSASend 요청 성공 - 컨텍스트: ServerPing, 보낸 크기: 11, 클라이언트 ID: 1
[12:29:21.280] [INFO] [SendPacket] WSASend 요청 성공 - 컨텍스트: ServerPing, 보낸 크기: 11, 클라이언트 ID: 1
[12:29:21.290] [INFO] [SendPacket] WSASend 요청 성공 - 컨텍스트: ServerPing, 보낸 크기: 11, 클라이언트 ID: 1
[12:29:21.299] [INFO] [SendPacket] WSASend 요청 성공 - 컨텍스트: ServerPing, 보낸 크기: 11, 클라이언트 ID: 1
[12:29:21.307] [INFO] [SendPacket] WSASend 요청 성공 - 컨텍스트: ServerPing, 보낸 크기: 11, 클라이언트 ID: 1
[12:29:21.315] [INFO] [SendPacket] WSASend 요청 성공 - 컨텍스트: ServerPing, 보낸 크기: 11, 클라이언트 ID: 1
[12:29:21.324] [INFO] [SendPacket] WSASend 요청 성공 - 컨텍스트: ServerPing, 보낸 크기: 11, 클라이언트 ID: 1
[12:29:21.332] [INFO] [SendPacket] WSASend 요청 성공 - 컨텍스트: ServerPing, 보낸 크기: 11, 클라이언트 ID: 1
[12:29:21.341] [INFO] [SendPacket] WSASend 요청 성공 - 컨텍스트: ServerPing, 보낸 크기: 11, 클라이언트 ID: 1
[12:29:21.350] [INFO] [SendPacket] WSASend 요청 성공 - 컨텍스트: ServerPing, 보낸 크기: 11, 클라이언트 ID: 1
[12:29:21.359] [INFO] [SendPacket] WSASend 요청 성공 - 컨텍스트: ServerPing, 보낸 크기: 11, 클라이언트 ID: 1
[12:29:21.368] [INFO] [SendPacket] WSASend 요청 성공 - 컨텍스트: ServerPing, 보낸 크기: 11, 클라이언트 ID: 1
[12:29:21.376] [INFO] [SendPacket] WSASend 요청 성공 - 컨텍스트: ServerPing, 보낸 크기: 11, 클라이언트 ID: 1
[12:29:21.385] [INFO] [SendPacket] WSASend 요청 성공 - 컨텍스트: ServerPing, 보낸 크기: 11, 클라이언트 ID: 1
[12:29:21.394] [INFO] [SendPacket] WSASend 요청 성공 - 컨텍스트: ServerPing, 보낸 크기: 11, 클라이언트 ID: 1
[12:29:21.403] [INFO] [SendPacket] WSASend 요청 성공 - 컨텍스트: ServerPing, 보낸 크기: 11, 클라이언트 ID: 1
[12:29:21.411] [INFO] [SendPacket] WSASend 요청 성공 - 컨텍스트: ServerPing, 보낸 크기: 11, 클라이언트 ID: 1
[12:29:21.421] [INFO] [SendPacket] WSASend 요청 성공 - 컨텍스트: ServerPing, 보낸 크기: 11, 클라이언트 ID: 1
[12:29:21.429] [INFO] [SendPacket] WSASend 요청 성공 - 컨텍스트: ServerPing, 보낸 크기: 11, 클라이언트 ID: 1
[12:29:21.439] [INFO] [SendPacket] WSASend 요청 성공 - 컨텍스트: ServerPing, 보낸 크기: 11, 클라이언트 ID: 1
[12:29:21.447] [INFO] [SendPacket] WSASend 요청 성공 - 컨텍스트: ServerPing, 보낸 크기: 11, 클라이언트 ID: 1
[12:29:21.456] [INFO] [SendPacket] WSASend 요청 성공 - 컨텍스트: ServerPing, 보낸 크기: 11, 클라이언트 ID: 1
[12:29:21.467] [INFO] [SendPacket] WSASend 요청 성공 - 컨텍스트: ServerPing, 보낸 크기: 11, 클라이언트 ID: 1
[12:29:21.475] [INFO] [SendPacket] WSASend 요청 성공 - 컨텍스트: ServerPing, 보낸 크기: 11, 클라이언트 ID: 1
[12:29:21.484] [INFO] [SendPacket] WSASend 요청 성공 - 컨텍스트: ServerPing, 보낸 크기: 11, 클라이언트 ID: 1
[12:29:21.492] [INFO] [SendPacket] WSASend 요청 성공 - 컨텍스트: ServerPing, 보낸 크기: 11, 클라이언트 ID: 1
[12:29:21.503] [INFO] [SendPacket] WSASend 요청 성공 - 컨텍스트: ServerPing, 보낸 크기: 11, 클라이언트 ID: 1
[12:29:21.511] [INFO] [SendPacket] WSASend 요청 성공 - 컨텍스트: ServerPing, 보낸 크기: 11, 클라이언트 ID: 1
[12:29:21.519] [INFO] [SendPacket] WSASend 요청 성공 - 컨텍스트: ServerPing, 보낸 크기: 11, 클라이언트 ID: 1
[12:29:21.527] [INFO] [SendPacket] WSASend 요청 성공 - 컨텍스트: ServerPing, 보낸 크기: 11, 클라이언트 ID: 1
[12:29:21.537] [INFO] [SendPacket] WSASend 요청 성공 - 컨텍스트: ServerPing, 보낸 크기: 11, 클라이언트 ID: 1
[12:29:21.545] [INFO] [SendPacket] WSASend 요청 성공 - 컨텍스트: ServerPing, 보낸 크기: 11, 클라이언트 ID: 1
[12:29:21.553] [INFO] [SendPacket] WSASend 요청 성공 - 컨텍스트: ServerPing, 보낸 크기: 11, 클라이언트 ID: 1
[12:29:21.562] [INFO] [SendPacket] WSASend 요청 성공 - 컨텍스트: ServerPing, 보낸 크기: 11, 클라이언트 ID: 1
[12:29:21.571] [INFO] [SendPacket] WSASend 요청 성공 - 컨텍스트: ServerPing, 보낸 크기: 11, 클라이언트 ID: 1
[12:29:21.583] [INFO] [SendPacket] WSASend 요청 성공 - 컨텍스트: ServerPing, 보낸 크기: 11, 클라이언트 ID: 1
[12:29:21.591] [INFO] [SendPacket] WSASend 요청 성공 - 컨텍스트: ServerPing, 보낸 크기: 11, 클라이언트 ID: 1
[12:29:21.599] [INFO] [SendPacket] WSASend 요청 성공 - 컨텍스트: ServerPing, 보낸 크기: 11, 클라이언트 ID: 1
[12:29:21.608] [INFO] [SendPacket] WSASend 요청 성공 - 컨텍스트: ServerPing, 보낸 크기: 11, 클라이언트 ID: 1
[12:29:21.616] [INFO] [SendPacket] WSASend 요청 성공 - 컨텍스트: ServerPing, 보낸 크기: 11, 클라이언트 ID: 1
[12:29:21.625] [INFO] [SendPacket] WSASend 요청 성공 - 컨텍스트: ServerPing, 보낸 크기: 11, 클라이언트 ID: 1
[12:29:21.633] [INFO] [SendPacket] WSASend 요청 성공 - 컨텍스트: ServerPing, 보낸 크기: 11, 클라이언트 ID: 1
[12:29:21.641] [INFO] [SendPacket] WSASend 요청 성공 - 컨텍스트: ServerPing, 보낸 크기: 11, 클라이언트 ID: 1
[12:29:21.650] [INFO] [SendPacket] WSASend 요청 성공 - 컨텍스트: ServerPing, 보낸 크기: 11, 클라이언트 ID: 1
[12:29:21.658] [INFO] [SendPacket] WSASend 요청 성공 - 컨텍스트: ServerPing, 보낸 크기: 11, 클라이언트 ID: 1
[12:29:21.667] [INFO] [SendPacket] WSASend 요청 성공 - 컨텍스트: ServerPing, 보낸 크기: 11, 클라이언트 ID: 1
[12:29:21.675] [INFO] [SendPacket] WSASend 요청 성공 - 컨텍스트: ServerPing, 보낸 크기: 11, 클라이언트 ID: 1
[12:29:21.684] [INFO] [SendPacket] WSASend 요청 성공 - 컨텍스트: ServerPing, 보낸 크기: 11, 클라이언트 ID: 1
[12:29:21.693] [INFO] [SendPacket] WSASend 요청 성공 - 컨텍스트: ServerPing, 보낸 크기: 11, 클라이언트 ID: 1
[12:29:21.701] [INFO] [SendPacket] WSASend 요청 성공 - 컨텍스트: ServerPing, 보낸 크기: 11, 클라이언트 ID: 1
[12:29:21.711] [INFO] [SendPacket] WSASend 요청 성공 - 컨텍스트: ServerPing, 보낸 크기: 11, 클라이언트 ID: 1
[12:29:21.719] [INFO] [SendPacket] WSASend 요청 성공 - 컨텍스트: ServerPing, 보낸 크기: 11, 클라이언트 ID: 1
[12:29:21.728] [INFO] [SendPacket] WSASend 요청 성공 - 컨텍스트: ServerPing, 보낸 크기: 11, 클라이언트 ID: 1
[12:29:21.737] [INFO] [SendPacket] WSASend 요청 성공 - 컨텍스트: ServerPing, 보낸 크기: 11, 클라이언트 ID: 1
[12:29:21.745] [INFO] [SendPacket] WSASend 요청 성공 - 컨텍스트: ServerPing, 보낸 크기: 11, 클라이언트 ID: 1
[12:29:21.754] [INFO] [SendPacket] WSASend 요청 성공 - 컨텍스트: ServerPing, 보낸 크기: 11, 클라이언트 ID: 1
[12:29:21.762] [INFO] [SendPacket] WSASend 요청 성공 - 컨텍스트: ServerPing, 보낸 크기: 11, 클라이언트 ID: 1
[12:29:21.771] [INFO] [SendPacket] WSASend 요청 성공 - 컨텍스트: ServerPing, 보낸 크기: 11, 클라이언트 ID: 1
[12:29:21.779] [INFO] [SendPacket] WSASend 요청 성공 - 컨텍스트: ServerPing, 보낸 크기: 11, 클라이언트 ID: 1
[12:29:21.789] [INFO] [SendPacket] WSASend 요청 성공 - 컨텍스트: ServerPing, 보낸 크기: 11, 클라이언트 ID: 1
[12:29:21.797] [INFO] [SendPacket] WSASend 요청 성공 - 컨텍스트: ServerPing, 보낸 크기: 11, 클라이언트 ID: 1
[12:29:21.805] [INFO] [SendPacket] WSASend 요청 성공 - 컨텍스트: ServerPing, 보낸 크기: 11, 클라이언트 ID: 1
[12:29:21.814] [INFO] [SendPacket] WSASend 요청 성공 - 컨텍스트: ServerPing, 보낸 크기: 11, 클라이언트 ID: 1
[12:29:21.823] [INFO] [SendPacket] WSASend 요청 성공 - 컨텍스트: ServerPing, 보낸 크기: 11, 클라이언트 ID: 1
[12:29:21.832] [INFO] [SendPacket] WSASend 요청 성공 - 컨텍스트: ServerPing, 보낸 크기: 11, 클라이언트 ID: 1
[12:29:21.841] [INFO] [SendPacket] WSASend 요청 성공 - 컨텍스트: ServerPing, 보낸 크기: 11, 클라이언트 ID: 1
[12:29:21.849] [INFO] [SendPacket] WSASend 요청 성공 - 컨텍스트: ServerPing, 보낸 크기: 11, 클라이언트 ID: 1
[12:29:21.857] [INFO] [SendPacket] WSASend 요청 성공 - 컨텍스트: ServerPing, 보낸 크기: 11, 클라이언트 ID: 1
[12:29:21.867] [INFO] [SendPacket] WSASend 요청 성공 - 컨텍스트: ServerPing, 보낸 크기: 11, 클라이언트 ID: 1
[12:29:21.875] [INFO] [SendPacket] WSASend 요청 성공 - 컨텍스트: ServerPing, 보낸 크기: 11, 클라이언트 ID: 1
[12:29:21.884] [INFO] [SendPacket] WSASend 요청 성공 - 컨텍스트: ServerPing, 보낸 크기: 11, 클라이언트 ID: 1
[12:29:21.893] [INFO] [SendPacket] WSASend 요청 성공 - 컨텍스트: ServerPing, 보낸 크기: 11, 클라이언트 ID: 1
[12:29:21.902] [INFO] [SendPacket] WSASend 요청 성공 - 컨텍스트: ServerPing, 보낸 크기: 11, 클라이언트 ID: 1
[12:29:21.910] [INFO] [SendPacket] WSASend 요청 성공 - 컨텍스트: ServerPing, 보낸 크기: 11, 클라이언트 ID: 1
[12:29:21.919] [INFO] [SendPacket] WSASend 요청 성공 - 컨텍스트: ServerPing, 보낸 크기: 11, 클라이언트 ID: 1
[12:29:21.927] [INFO] [SendPacket] WSASend 요청 성공 - 컨텍스트: ServerPing, 보낸 크기: 11, 클라이언트 ID: 1
[12:29:21.935] [INFO] [SendPacket] WSASend 요청 성공 - 컨텍스트: ServerPing, 보낸 크기: 11, 클라이언트 ID: 1
[12:29:21.945] [INFO] [SendPacket] WSASend 요청 성공 - 컨텍스트: ServerPing, 보낸 크기: 11, 클라이언트 ID: 1
[12:29:21.953] [INFO] [SendPacket] WSASend 요청 성공 - 컨텍스트: ServerPing, 보낸 크기: 11, 클라이언트 ID: 1
[12:29:21.962] [INFO] [SendPacket] WSASend 요청 성공 - 컨텍스트: ServerPing, 보낸 크기: 11, 클라이언트 ID: 1
[12:29:21.970] [INFO] [SendPacket] WSASend 요청 성공 - 컨텍스트: ServerPing, 보낸 크기: 11, 클라이언트 ID: 1
[12:29:21.979] [INFO] [SendPacket] WSASend 요청 성공 - 컨텍스트: ServerPing, 보낸 크기: 11, 클라이언트 ID: 1
[12:29:22.313] [INFO] [SendPacket] WSASend 요청 성공 - 컨텍스트: ServerPing, 보낸 크기: 11, 클라이언트 ID: 1
[12:29:22.646] [INFO] [SendPacket] WSASend 요청 성공 - 컨텍스트: ServerPing, 보낸 크기: 11, 클라이언트 ID: 1
[12:29:22.980] [INFO] [SendPacket] WSASend 요청 성공 - 컨텍스트: ServerPing, 보낸 크기: 11, 클라이언트 ID: 1
[12:29:23.313] [INFO] [SendPacket] WSASend 요청 성공 - 컨텍스트: ServerPing, 보낸 크기: 11, 클라이언트 ID: 1
[12:29:23.647] [INFO] [SendPacket] WSASend 요청 성공 - 컨텍스트: ServerPing, 보낸 크기: 11, 클라이언트 ID: 1
[12:29:23.979] [INFO] [SendPacket] WSASend 요청 성공 - 컨텍스트: ServerPing, 보낸 크기: 11, 클라이언트 ID: 1
[12:29:24.312] [INFO] [SendPacket] WSASend 요청 성공 - 컨텍스트: ServerPing, 보낸 크기: 11, 클라이언트 ID: 1
[12:29:24.645] [INFO] [SendPacket] WSASend 요청 성공 - 컨텍스트: ServerPing, 보낸 크기: 11, 클라이언트 ID: 1
[12:29:24.979] [INFO] [SendPacket] WSASend 요청 성공 - 컨텍스트: ServerPing, 보낸 크기: 11, 클라이언트 ID: 1
[12:29:25.313] [INFO] [SendPacket] WSASend 요청 성공 - 컨텍스트: ServerPing, 보낸 크기: 11, 클라이언트 ID: 1
[12:29:25.646] [INFO] [SendPacket] WSASend 요청 성공 - 컨텍스트: ServerPing, 보낸 크기: 11, 클라이언트 ID: 1
[12:29:25.979] [INFO] [SendPacket] WSASend 요청 성공 - 컨텍스트: ServerPing, 보낸 크기: 11, 클라이언트 ID: 1
[12:29:26.313] [INFO] [SendPacket] WSASend 요청 성공 - 컨텍스트: ServerPing, 보낸 크기: 11, 클라이언트 ID: 1
[12:29:26.646] [INFO] [SendPacket] WSASend 요청 성공 - 컨텍스트: ServerPing, 보낸 크기: 11, 클라이언트 ID: 1
[12:29:26.979] [INFO] [SendPacket] WSASend 요청 성공 - 컨텍스트: ServerPing, 보낸 크기: 11, 클라이언트 ID: 1
[12:29:27.314] [INFO] [SendPacket] WSASend 요청 성공 - 컨텍스트: ServerPing, 보낸 크기: 11, 클라이언트 ID: 1
[12:29:27.647] [INFO] [SendPacket] WSASend 요청 성공 - 컨텍스트: ServerPing, 보낸 크기: 11, 클라이언트 ID: 1
[12:29:27.980] [INFO] [SendPacket] WSASend 요청 성공 - 컨텍스트: ServerPing, 보낸 크기: 11, 클라이언트 ID: 1
[12:29:28.313] [INFO] [SendPacket] WSASend 요청 성공 - 컨텍스트: ServerPing, 보낸 크기: 11, 클라이언트 ID: 1
[12:29:28.649] [INFO] [SendPacket] WSASend 요청 성공 - 컨텍스트: ServerPing, 보낸 크기: 11, 클라이언트 ID: 1
[12:29:28.980] [INFO] [SendPacket] WSASend 요청 성공 - 컨텍스트: ServerPing, 보낸 크기: 11, 클라이언트 ID: 1
[12:29:29.315] [INFO] [SendPacket] WSASend 요청 성공 - 컨텍스트: ServerPing, 보낸 크기: 11, 클라이언트 ID: 1
[12:29:29.647] [INFO] [SendPacket] WSASend 요청 성공 - 컨텍스트: ServerPing, 보낸 크기: 11, 클라이언트 ID: 1
[12:29:29.980] [INFO] [SendPacket] WSASend 요청 성공 - 컨텍스트: ServerPing, 보낸 크기: 11, 클라이언트 ID: 1
[12:29:30.314] [INFO] [SendPacket] WSASend 요청 성공 - 컨텍스트: ServerPing, 보낸 크기: 11, 클라이언트 ID: 1
[12:29:30.647] [INFO] [SendPacket] WSASend 요청 성공 - 컨텍스트: ServerPing, 보낸 크기: 11, 클라이언트 ID: 1
[12:29:30.981] [INFO] [SendPacket] WSASend 요청 성공 - 컨텍스트: ServerPing, 보낸 크기: 11, 클라이언트 ID: 1
