[23:11:18.039] [INFO] 로깅 시스템 초기화됨
[23:11:18.040] [INFO] 서버 인스턴스 생성됨
[23:11:18.040] [INFO] 서버 초기화 시작 (포트: 9000)
[23:11:18.041] [INFO] 윈속 초기화 성공
[23:11:18.041] [INFO] 리스닝 소켓 생성 성공
[23:11:18.042] [INFO] 소켓 바인딩 성공 (포트: 9000)
[23:11:18.042] [INFO] 리스닝 시작됨
[23:11:18.042] [INFO] IOCP 생성 성공
[23:11:18.042] [INFO] CPU 코어 수: 16, 생성할 작업자 스레드: 16
[23:11:18.043] [INFO] 작업자 스레드 #1 생성됨
[23:11:18.043] [INFO] 작업자 스레드 시작 (ThreadID: 7532)
[23:11:18.043] [INFO] 작업자 스레드 #2 생성됨
[23:11:18.043] [INFO] 작업자 스레드 시작 (ThreadID: 27092)
[23:11:18.044] [INFO] 작업자 스레드 #3 생성됨
[23:11:18.044] [INFO] 작업자 스레드 시작 (ThreadID: 3088)
[23:11:18.044] [INFO] 작업자 스레드 #4 생성됨
[23:11:18.044] [INFO] 작업자 스레드 시작 (ThreadID: 33668)
[23:11:18.044] [INFO] 작업자 스레드 #5 생성됨
[23:11:18.044] [INFO] 작업자 스레드 시작 (ThreadID: 22224)
[23:11:18.045] [INFO] 작업자 스레드 #6 생성됨
[23:11:18.045] [INFO] 작업자 스레드 시작 (ThreadID: 30100)
[23:11:18.045] [INFO] 작업자 스레드 #7 생성됨
[23:11:18.045] [INFO] 작업자 스레드 시작 (ThreadID: 22772)
[23:11:18.045] [INFO] 작업자 스레드 #8 생성됨
[23:11:18.046] [INFO] 작업자 스레드 시작 (ThreadID: 16416)
[23:11:18.046] [INFO] 작업자 스레드 #9 생성됨
[23:11:18.046] [INFO] 작업자 스레드 시작 (ThreadID: 23456)
[23:11:18.046] [INFO] 작업자 스레드 #10 생성됨
[23:11:18.046] [INFO] 작업자 스레드 시작 (ThreadID: 26164)
[23:11:18.046] [INFO] 작업자 스레드 #11 생성됨
[23:11:18.047] [INFO] 작업자 스레드 시작 (ThreadID: 28192)
[23:11:18.047] [INFO] 작업자 스레드 #12 생성됨
[23:11:18.047] [INFO] 작업자 스레드 시작 (ThreadID: 21356)
[23:11:18.047] [INFO] 작업자 스레드 #13 생성됨
[23:11:18.047] [INFO] 작업자 스레드 시작 (ThreadID: 10556)
[23:11:18.047] [INFO] 작업자 스레드 #14 생성됨
[23:11:18.048] [INFO] 작업자 스레드 시작 (ThreadID: 27520)
[23:11:18.048] [INFO] 작업자 스레드 #15 생성됨
[23:11:18.048] [INFO] 작업자 스레드 시작 (ThreadID: 27608)
[23:11:18.048] [INFO] 작업자 스레드 #16 생성됨
[23:11:18.048] [INFO] 작업자 스레드 시작 (ThreadID: 11504)
[23:11:18.049] [INFO] 서버 초기화 완료
[23:11:18.049] [INFO] 서버 실행. 포트 번호: 9000
[23:11:18.049] [INFO] IOCP 멀티플레이어 서버 시작됨...
[23:11:18.049] [INFO] 서버 실행 시작
[23:11:26.060] [INFO] 새 클라이언트에게 ID 1 전송됨
[23:11:26.061] [INFO] 초기 위치 정보 전송됨 - 클라이언트 ID: 1, 위치: X=0.000000, Y=0.000000, Z=90.000000
[23:11:26.061] [INFO] 새 플레이어 정보(ID: 1) 브로드캐스트 - 수신자 수: 0
[23:11:26.061] [INFO] 기존 플레이어 정보 0개가 새 클라이언트(ID: 1)에게 전송됨
[23:11:26.062] [INFO] 위치 업데이트 - 클라이언트 ID: 1, 위치: X=0.000000, Y=0.000000, Z=90.000000, 속도: X=0.000000, Y=0.000000, Z=0.000000
[23:11:26.062] [INFO] 서버 FPS: 0.249532, 평균 프레임 시간: 801.500000ms, 클라이언트 수: 1
