[17:56:09.997] [INFO] 로깅 시스템 초기화됨
[17:56:09.997] [INFO] 서버 인스턴스 생성됨
[17:56:09.998] [INFO] 서버 초기화 시작 (포트: 9000)
[17:56:09.998] [INFO] 윈속 초기화 성공
[17:56:09.999] [INFO] 리스닝 소켓 생성 성공
[17:56:09.999] [INFO] 소켓 바인딩 성공 (포트: 9000)
[17:56:09.999] [INFO] 리스닝 시작됨
[17:56:09.999] [INFO] IOCP 생성 성공
[17:56:10.000] [INFO] CPU 코어 수: 16, 생성할 작업자 스레드: 16
[17:56:10.000] [INFO] 작업자 스레드 #1 생성됨
[17:56:10.000] [INFO] 작업자 스레드 시작 (ThreadID: 34296)
[17:56:10.000] [INFO] 작업자 스레드 #2 생성됨
[17:56:10.000] [INFO] 작업자 스레드 시작 (ThreadID: 34104)
[17:56:10.001] [INFO] 작업자 스레드 #3 생성됨
[17:56:10.001] [INFO] 작업자 스레드 시작 (ThreadID: 19712)
[17:56:10.001] [INFO] 작업자 스레드 #4 생성됨
[17:56:10.001] [INFO] 작업자 스레드 시작 (ThreadID: 8864)
[17:56:10.001] [INFO] 작업자 스레드 #5 생성됨
[17:56:10.002] [INFO] 작업자 스레드 시작 (ThreadID: 5136)
[17:56:10.002] [INFO] 작업자 스레드 #6 생성됨
[17:56:10.002] [INFO] 작업자 스레드 시작 (ThreadID: 32668)
[17:56:10.002] [INFO] 작업자 스레드 #7 생성됨
[17:56:10.002] [INFO] 작업자 스레드 시작 (ThreadID: 12548)
[17:56:10.003] [INFO] 작업자 스레드 #8 생성됨
[17:56:10.003] [INFO] 작업자 스레드 시작 (ThreadID: 27660)
[17:56:10.003] [INFO] 작업자 스레드 #9 생성됨
[17:56:10.003] [INFO] 작업자 스레드 시작 (ThreadID: 28708)
[17:56:10.003] [INFO] 작업자 스레드 #10 생성됨
[17:56:10.004] [INFO] 작업자 스레드 시작 (ThreadID: 29928)
[17:56:10.004] [INFO] 작업자 스레드 #11 생성됨
[17:56:10.004] [INFO] 작업자 스레드 시작 (ThreadID: 33824)
[17:56:10.004] [INFO] 작업자 스레드 #12 생성됨
[17:56:10.004] [INFO] 작업자 스레드 시작 (ThreadID: 27264)
[17:56:10.004] [INFO] 작업자 스레드 #13 생성됨
[17:56:10.005] [INFO] 작업자 스레드 시작 (ThreadID: 26516)
[17:56:10.005] [INFO] 작업자 스레드 #14 생성됨
[17:56:10.005] [INFO] 작업자 스레드 시작 (ThreadID: 33548)
[17:56:10.005] [INFO] 작업자 스레드 #15 생성됨
[17:56:10.005] [INFO] 작업자 스레드 시작 (ThreadID: 10224)
[17:56:10.005] [INFO] 작업자 스레드 #16 생성됨
[17:56:10.005] [INFO] 작업자 스레드 시작 (ThreadID: 13108)
[17:56:10.006] [INFO] 서버 초기화 완료
[17:56:10.006] [INFO] 서버 실행. 포트 번호: 9000
[17:56:10.006] [INFO] IOCP 멀티플레이어 서버 시작됨...
[17:56:10.006] [INFO] 서버 실행 시작
