[03:26:04.905] [INFO] 로깅 시스템 초기화됨
[03:26:04.905] [INFO] 서버 인스턴스 생성됨
[03:26:04.905] [INFO] 서버 초기화 시작 (포트: 9000)
[03:26:04.906] [INFO] 윈속 초기화 성공
[03:26:04.907] [INFO] 리스닝 소켓 생성 성공
[03:26:04.907] [INFO] 소켓 바인딩 성공 (포트: 9000)
[03:26:04.908] [INFO] 리스닝 시작됨
[03:26:04.908] [INFO] IOCP 생성 성공
[03:26:04.908] [INFO] CPU 코어 수: 16, 생성할 작업자 스레드: 32
[03:26:04.909] [INFO] 작업자 스레드 #1 생성됨
[03:26:04.909] [INFO] 작업자 스레드 시작 (ThreadID: 27084)
[03:26:04.909] [INFO] 작업자 스레드 #2 생성됨
[03:26:04.910] [INFO] 작업자 스레드 시작 (ThreadID: 10756)
[03:26:04.910] [INFO] 작업자 스레드 #3 생성됨
[03:26:04.911] [INFO] 작업자 스레드 시작 (ThreadID: 22988)
[03:26:04.911] [INFO] 작업자 스레드 #4 생성됨
[03:26:04.911] [INFO] 작업자 스레드 시작 (ThreadID: 34504)
[03:26:04.912] [INFO] 작업자 스레드 #5 생성됨
[03:26:04.912] [INFO] 작업자 스레드 시작 (ThreadID: 36376)
[03:26:04.912] [INFO] 작업자 스레드 #6 생성됨
[03:26:04.912] [INFO] 작업자 스레드 시작 (ThreadID: 7344)
[03:26:04.913] [INFO] 작업자 스레드 #7 생성됨
[03:26:04.913] [INFO] 작업자 스레드 시작 (ThreadID: 36664)
[03:26:04.913] [INFO] 작업자 스레드 #8 생성됨
[03:26:04.913] [INFO] 작업자 스레드 시작 (ThreadID: 34152)
[03:26:04.914] [INFO] 작업자 스레드 #9 생성됨
[03:26:04.914] [INFO] 작업자 스레드 시작 (ThreadID: 24492)
[03:26:04.914] [INFO] 작업자 스레드 #10 생성됨
[03:26:04.914] [INFO] 작업자 스레드 시작 (ThreadID: 31632)
[03:26:04.914] [INFO] 작업자 스레드 #11 생성됨
[03:26:04.915] [INFO] 작업자 스레드 시작 (ThreadID: 29712)
[03:26:04.915] [INFO] 작업자 스레드 #12 생성됨
[03:26:04.915] [INFO] 작업자 스레드 시작 (ThreadID: 26340)
[03:26:04.915] [INFO] 작업자 스레드 #13 생성됨
[03:26:04.916] [INFO] 작업자 스레드 시작 (ThreadID: 31656)
[03:26:04.916] [INFO] 작업자 스레드 #14 생성됨
[03:26:04.916] [INFO] 작업자 스레드 시작 (ThreadID: 34804)
[03:26:04.917] [INFO] 작업자 스레드 #15 생성됨
[03:26:04.917] [INFO] 작업자 스레드 시작 (ThreadID: 25532)
[03:26:04.917] [INFO] 작업자 스레드 #16 생성됨
[03:26:04.918] [INFO] 작업자 스레드 시작 (ThreadID: 27500)
[03:26:04.918] [INFO] 작업자 스레드 #17 생성됨
[03:26:04.918] [INFO] 작업자 스레드 시작 (ThreadID: 31212)
[03:26:04.918] [INFO] 작업자 스레드 #18 생성됨
[03:26:04.918] [INFO] 작업자 스레드 시작 (ThreadID: 29052)
[03:26:04.919] [INFO] 작업자 스레드 #19 생성됨
[03:26:04.919] [INFO] 작업자 스레드 시작 (ThreadID: 33460)
[03:26:04.920] [INFO] 작업자 스레드 #20 생성됨
[03:26:04.920] [INFO] 작업자 스레드 시작 (ThreadID: 11800)
[03:26:04.920] [INFO] 작업자 스레드 #21 생성됨
[03:26:04.920] [INFO] 작업자 스레드 시작 (ThreadID: 30176)
[03:26:04.921] [INFO] 작업자 스레드 #22 생성됨
[03:26:04.921] [INFO] 작업자 스레드 시작 (ThreadID: 23812)
[03:26:04.921] [INFO] 작업자 스레드 #23 생성됨
[03:26:04.921] [INFO] 작업자 스레드 시작 (ThreadID: 32404)
[03:26:04.922] [INFO] 작업자 스레드 #24 생성됨
[03:26:04.922] [INFO] 작업자 스레드 시작 (ThreadID: 11752)
[03:26:04.922] [INFO] 작업자 스레드 #25 생성됨
[03:26:04.922] [INFO] 작업자 스레드 시작 (ThreadID: 8820)
[03:26:04.923] [INFO] 작업자 스레드 #26 생성됨
[03:26:04.923] [INFO] 작업자 스레드 시작 (ThreadID: 25220)
[03:26:04.923] [INFO] 작업자 스레드 #27 생성됨
[03:26:04.923] [INFO] 작업자 스레드 시작 (ThreadID: 36320)
[03:26:04.924] [INFO] 작업자 스레드 #28 생성됨
[03:26:04.924] [INFO] 작업자 스레드 시작 (ThreadID: 31816)
[03:26:04.924] [INFO] 작업자 스레드 #29 생성됨
[03:26:04.925] [INFO] 작업자 스레드 시작 (ThreadID: 36536)
[03:26:04.925] [INFO] 작업자 스레드 #30 생성됨
[03:26:04.925] [INFO] 작업자 스레드 시작 (ThreadID: 34128)
[03:26:04.926] [INFO] 작업자 스레드 #31 생성됨
[03:26:04.926] [INFO] 작업자 스레드 시작 (ThreadID: 29120)
[03:26:04.926] [INFO] 작업자 스레드 #32 생성됨
[03:26:04.926] [INFO] 작업자 스레드 시작 (ThreadID: 34112)
[03:26:04.926] [INFO] 서버 초기화 완료
[03:26:04.926] [INFO] 서버 실행. 포트 번호: 9000
[03:26:04.927] [INFO] IOCP 멀티플레이어 서버 시작됨...
[03:26:04.927] [INFO] 서버 실행 시작
[03:26:09.733] [INFO] 클라이언트 연결됨: 127.0.0.1:7344 (ID: 1)
[03:26:09.733] [INFO] 새 클라이언트에게 ID 1 전송됨
[03:26:09.733] [INFO] 새 플레이어 정보(ID: 1) 브로드캐스트 - 수신자 수: 0
[03:26:09.734] [INFO] 기존 플레이어 정보 0개가 새 클라이언트(ID: 1)에게 전송됨
[03:26:09.734] [WARNING] 클라이언트 Ping 타임아웃 발생 - ID: 1
