[14:53:42.148] [INFO] 로깅 시스템 초기화됨
[14:53:42.149] [INFO] 서버 인스턴스 생성됨
[14:53:42.149] [INFO] 서버 초기화 시작 (포트: 9000)
[14:53:42.149] [INFO] 윈속 초기화 성공
[14:53:42.150] [INFO] 리스닝 소켓 생성 성공
[14:53:42.150] [INFO] 소켓 바인딩 성공 (포트: 9000)
[14:53:42.150] [INFO] 리스닝 시작됨
[14:53:42.151] [INFO] IOCP 생성 성공
[14:53:42.151] [INFO] CPU 코어 수: 16, 생성할 작업자 스레드: 16
[14:53:42.151] [INFO] 작업자 스레드 #1 생성됨
[14:53:42.152] [INFO] 작업자 스레드 시작 (ThreadID: 16336)
[14:53:42.152] [INFO] 작업자 스레드 #2 생성됨
[14:53:42.152] [INFO] 작업자 스레드 시작 (ThreadID: 20172)
[14:53:42.152] [INFO] 작업자 스레드 #3 생성됨
[14:53:42.153] [INFO] 작업자 스레드 시작 (ThreadID: 1536)
[14:53:42.153] [INFO] 작업자 스레드 #4 생성됨
[14:53:42.153] [INFO] 작업자 스레드 시작 (ThreadID: 24256)
[14:53:42.153] [INFO] 작업자 스레드 #5 생성됨
[14:53:42.154] [INFO] 작업자 스레드 시작 (ThreadID: 19332)
[14:53:42.154] [INFO] 작업자 스레드 #6 생성됨
[14:53:42.154] [INFO] 작업자 스레드 시작 (ThreadID: 12916)
[14:53:42.154] [INFO] 작업자 스레드 #7 생성됨
[14:53:42.155] [INFO] 작업자 스레드 시작 (ThreadID: 28712)
[14:53:42.155] [INFO] 작업자 스레드 #8 생성됨
[14:53:42.155] [INFO] 작업자 스레드 시작 (ThreadID: 26116)
[14:53:42.155] [INFO] 작업자 스레드 #9 생성됨
[14:53:42.156] [INFO] 작업자 스레드 시작 (ThreadID: 37720)
[14:53:42.156] [INFO] 작업자 스레드 #10 생성됨
[14:53:42.156] [INFO] 작업자 스레드 시작 (ThreadID: 7152)
[14:53:42.156] [INFO] 작업자 스레드 #11 생성됨
[14:53:42.156] [INFO] 작업자 스레드 시작 (ThreadID: 27048)
[14:53:42.157] [INFO] 작업자 스레드 #12 생성됨
[14:53:42.157] [INFO] 작업자 스레드 시작 (ThreadID: 36692)
[14:53:42.157] [INFO] 작업자 스레드 #13 생성됨
[14:53:42.157] [INFO] 작업자 스레드 시작 (ThreadID: 30436)
[14:53:42.157] [INFO] 작업자 스레드 #14 생성됨
[14:53:42.158] [INFO] 작업자 스레드 시작 (ThreadID: 31332)
[14:53:42.158] [INFO] 작업자 스레드 #15 생성됨
[14:53:42.158] [INFO] 작업자 스레드 시작 (ThreadID: 26644)
[14:53:42.158] [INFO] 작업자 스레드 #16 생성됨
[14:53:42.158] [INFO] 작업자 스레드 시작 (ThreadID: 2656)
[14:53:42.159] [INFO] 서버 초기화 완료
[14:53:42.159] [INFO] 서버 실행. 포트 번호: 9000
[14:53:42.159] [INFO] IOCP 멀티플레이어 서버 시작됨...
[14:53:42.159] [INFO] 서버 실행 시작
[14:53:42.159] [INFO] listenSocket 논블로킹 설정 성공
[14:53:43.188] [INFO] 서버 FPS: 33.947624, 평균 프레임 시간: 0.000000ms, 클라이언트 수: 0
[14:53:44.209] [INFO] 서버 FPS: 32.480316, 평균 프레임 시간: 0.000000ms, 클라이언트 수: 0
[14:53:45.231] [INFO] 서버 FPS: 32.480316, 평균 프레임 시간: 0.000000ms, 클라이언트 수: 0
[14:53:46.245] [INFO] 서버 FPS: 32.512314, 평균 프레임 시간: 0.000000ms, 클라이언트 수: 0
[14:53:47.215] [INFO] 새 클라이언트에게 ID 1 전송됨
[14:53:47.215] [INFO] 새 플레이어 정보(ID: 1) 브로드캐스트 - 수신자 수: 0
[14:53:47.215] [INFO] 기존 플레이어 정보 0개가 새 클라이언트(ID: 1)에게 전송됨
[14:53:47.246] [INFO] 새 클라이언트에게 ID 2 전송됨
[14:53:47.247] [INFO] 새 플레이어 정보(ID: 2) 브로드캐스트 - 수신자 수: 1
[14:53:47.247] [INFO] 기존 플레이어 정보 1개가 새 클라이언트(ID: 2)에게 전송됨
[14:53:47.277] [INFO] 서버 FPS: 32.945736, 평균 프레임 시간: 0.000000ms, 클라이언트 수: 2
[14:53:48.286] [INFO] 서버 FPS: 32.512314, 평균 프레임 시간: 0.000000ms, 클라이언트 수: 2
[14:53:49.316] [INFO] 서버 FPS: 32.977692, 평균 프레임 시간: 0.000000ms, 클라이언트 수: 2
[14:53:50.329] [INFO] 서버 FPS: 32.480316, 평균 프레임 시간: 0.000000ms, 클라이언트 수: 2
[14:53:51.353] [INFO] 서버 FPS: 32.480316, 평균 프레임 시간: 0.000000ms, 클라이언트 수: 2
[14:53:52.379] [INFO] 서버 FPS: 32.007759, 평균 프레임 시간: 0.000000ms, 클라이언트 수: 2
[14:53:53.403] [INFO] 서버 FPS: 32.480316, 평균 프레임 시간: 0.000000ms, 클라이언트 수: 2
[14:53:54.426] [INFO] 서버 FPS: 32.007759, 평균 프레임 시간: 0.000000ms, 클라이언트 수: 2
[14:53:55.446] [INFO] 서버 FPS: 32.512314, 평균 프레임 시간: 0.000000ms, 클라이언트 수: 2
[14:53:56.467] [INFO] 서버 FPS: 32.480316, 평균 프레임 시간: 0.000000ms, 클라이언트 수: 2
[14:53:57.486] [INFO] 서버 FPS: 32.007759, 평균 프레임 시간: 0.000000ms, 클라이언트 수: 2
[14:53:58.504] [INFO] 서버 FPS: 32.480316, 평균 프레임 시간: 0.000000ms, 클라이언트 수: 2
[14:53:59.527] [INFO] 서버 FPS: 32.480316, 평균 프레임 시간: 0.000000ms, 클라이언트 수: 2
[14:54:00.548] [INFO] 서버 FPS: 32.007759, 평균 프레임 시간: 0.000000ms, 클라이언트 수: 2
[14:54:01.573] [INFO] 서버 FPS: 32.512314, 평균 프레임 시간: 0.000000ms, 클라이언트 수: 2
[14:54:02.595] [INFO] 서버 FPS: 31.976744, 평균 프레임 시간: 0.000000ms, 클라이언트 수: 2
[14:54:03.629] [INFO] 서버 FPS: 32.977692, 평균 프레임 시간: 0.000000ms, 클라이언트 수: 2
[14:54:04.648] [INFO] 서버 FPS: 32.480316, 평균 프레임 시간: 0.000000ms, 클라이언트 수: 2
[14:54:05.673] [INFO] 서버 FPS: 32.007759, 평균 프레임 시간: 0.000000ms, 클라이언트 수: 2
[14:54:06.713] [INFO] 서버 FPS: 32.977692, 평균 프레임 시간: 0.057228ms, 클라이언트 수: 2
[14:54:07.735] [INFO] 서버 FPS: 32.007759, 평균 프레임 시간: 0.001769ms, 클라이언트 수: 2
[14:54:08.761] [INFO] 서버 FPS: 32.480316, 평균 프레임 시간: 0.000055ms, 클라이언트 수: 2
[14:54:09.767] [INFO] 서버 FPS: 32.480316, 평균 프레임 시간: 0.000002ms, 클라이언트 수: 2
[14:54:10.794] [INFO] 서버 FPS: 32.512314, 평균 프레임 시간: 0.000000ms, 클라이언트 수: 2
[14:54:11.817] [INFO] 서버 FPS: 32.007759, 평균 프레임 시간: 0.000000ms, 클라이언트 수: 2
[14:54:12.842] [INFO] 서버 FPS: 32.480316, 평균 프레임 시간: 0.000000ms, 클라이언트 수: 2
[14:54:13.862] [INFO] 서버 FPS: 32.007759, 평균 프레임 시간: 0.000000ms, 클라이언트 수: 2
[14:54:14.883] [INFO] 서버 FPS: 32.480316, 평균 프레임 시간: 0.000000ms, 클라이언트 수: 2
[14:54:15.920] [INFO] 서버 FPS: 32.977692, 평균 프레임 시간: 0.423644ms, 클라이언트 수: 2
[14:54:16.943] [INFO] 서버 FPS: 32.007759, 평균 프레임 시간: 0.013092ms, 클라이언트 수: 2
[14:54:17.963] [INFO] 서버 FPS: 32.480316, 평균 프레임 시간: 0.000405ms, 클라이언트 수: 2
[14:54:18.971] [INFO] 서버 FPS: 32.480316, 평균 프레임 시간: 0.000013ms, 클라이언트 수: 2
[14:54:19.994] [INFO] 서버 FPS: 33.497536, 평균 프레임 시간: 0.114864ms, 클라이언트 수: 2
[14:54:21.017] [INFO] 서버 FPS: 31.976744, 평균 프레임 시간: 0.003550ms, 클라이언트 수: 2
[14:54:22.041] [INFO] 서버 FPS: 33.497536, 평균 프레임 시간: 0.061142ms, 클라이언트 수: 2
[14:54:23.065] [INFO] 서버 FPS: 32.007759, 평균 프레임 시간: 0.001889ms, 클라이언트 수: 2
[14:54:24.087] [INFO] 서버 FPS: 32.480316, 평균 프레임 시간: 0.000058ms, 클라이언트 수: 2
[14:54:25.112] [INFO] 서버 FPS: 32.007759, 평균 프레임 시간: 0.000002ms, 클라이언트 수: 2
[14:54:26.134] [INFO] 서버 FPS: 32.480316, 평균 프레임 시간: 0.000000ms, 클라이언트 수: 2
[14:54:27.159] [INFO] 서버 FPS: 32.007759, 평균 프레임 시간: 0.000000ms, 클라이언트 수: 2
[14:54:28.179] [INFO] 서버 FPS: 32.480316, 평균 프레임 시간: 0.000000ms, 클라이언트 수: 2
[14:54:29.203] [INFO] 서버 FPS: 32.512314, 평균 프레임 시간: 0.000000ms, 클라이언트 수: 2
[14:54:30.220] [INFO] 서버 FPS: 32.945736, 평균 프레임 시간: 0.049445ms, 클라이언트 수: 2
[14:54:31.239] [INFO] 서버 FPS: 32.512314, 평균 프레임 시간: 0.001528ms, 클라이언트 수: 2
[14:54:32.259] [INFO] 서버 FPS: 32.480316, 평균 프레임 시간: 0.000047ms, 클라이언트 수: 2
[14:54:33.284] [INFO] 서버 FPS: 32.007759, 평균 프레임 시간: 0.000001ms, 클라이언트 수: 2
[14:54:34.311] [INFO] 서버 FPS: 32.480316, 평균 프레임 시간: 0.000000ms, 클라이언트 수: 2
[14:54:35.327] [INFO] 서버 FPS: 32.512314, 평균 프레임 시간: 0.000000ms, 클라이언트 수: 2
[14:54:36.333] [INFO] 서버 FPS: 31.496063, 평균 프레임 시간: 0.000000ms, 클라이언트 수: 2
[14:54:37.353] [INFO] 서버 FPS: 32.480316, 평균 프레임 시간: 0.000000ms, 클라이언트 수: 2
[14:54:37.385] [WARNING] 클라이언트 Ping 타임아웃 발생 - ID: 1, 마지막 Ping 후 경과 시간: 5.031250초
[14:54:37.385] [WARNING] 클라이언트 Ping 타임아웃 발생 - ID: 2, 마지막 Ping 후 경과 시간: 5.031250초
[14:54:37.386] [INFO] 클라이언트 연결 끊김 (ID: 1)
[14:54:37.386] [INFO] 클라이언트가 정상적으로 연결 종료함 - ID: 1
[14:54:37.386] [INFO] 클라이언트 연결 끊김 알림(ID: 1) - 수신자 수: 1
[14:54:37.387] [INFO] 클라이언트 연결 끊김 (ID: 2)
[14:54:37.387] [INFO] 클라이언트 연결 끊김 알림(ID: 2) - 수신자 수: 0
[14:54:37.387] [INFO] 클라이언트가 정상적으로 연결 종료함 - ID: 2
[14:54:37.387] [WARNING] 존재하지 않는 클라이언트 ID를 제거하려고 시도: 1
[14:54:37.388] [WARNING] 존재하지 않는 클라이언트 ID를 제거하려고 시도: -572662307
[14:54:38.387] [INFO] 서버 FPS: 32.007759, 평균 프레임 시간: 0.000000ms, 클라이언트 수: 0
[14:54:39.418] [INFO] 서버 FPS: 32.007759, 평균 프레임 시간: 0.000000ms, 클라이언트 수: 0
[14:54:40.445] [INFO] 서버 FPS: 32.007759, 평균 프레임 시간: 0.000000ms, 클라이언트 수: 0
[14:54:41.461] [INFO] 서버 FPS: 32.480316, 평균 프레임 시간: 0.000000ms, 클라이언트 수: 0
[14:54:42.490] [INFO] 서버 FPS: 32.007759, 평균 프레임 시간: 0.000000ms, 클라이언트 수: 0
[14:54:43.504] [INFO] 서버 FPS: 32.480316, 평균 프레임 시간: 0.000000ms, 클라이언트 수: 0
[14:54:44.532] [INFO] 서버 FPS: 32.007759, 평균 프레임 시간: 0.000000ms, 클라이언트 수: 0
[14:54:45.575] [INFO] 서버 FPS: 33.947624, 평균 프레임 시간: 0.000000ms, 클라이언트 수: 0
[14:54:46.589] [INFO] 서버 FPS: 32.480316, 평균 프레임 시간: 0.000000ms, 클라이언트 수: 0
[14:54:47.604] [INFO] 서버 FPS: 33.464565, 평균 프레임 시간: 0.000000ms, 클라이언트 수: 0
[14:54:48.619] [INFO] 서버 FPS: 33.497536, 평균 프레임 시간: 0.000000ms, 클라이언트 수: 0
[14:54:49.632] [INFO] 서버 FPS: 32.480316, 평균 프레임 시간: 0.000000ms, 클라이언트 수: 0
[14:54:50.645] [INFO] 서버 FPS: 33.464565, 평균 프레임 시간: 0.000000ms, 클라이언트 수: 0
[14:54:51.681] [INFO] 서버 FPS: 33.947624, 평균 프레임 시간: 0.000000ms, 클라이언트 수: 0
[14:54:52.703] [INFO] 서버 FPS: 32.512314, 평균 프레임 시간: 0.000000ms, 클라이언트 수: 0
[14:54:53.715] [INFO] 서버 FPS: 33.464565, 평균 프레임 시간: 0.000000ms, 클라이언트 수: 0
[14:54:54.724] [INFO] 서버 FPS: 32.480316, 평균 프레임 시간: 0.000000ms, 클라이언트 수: 0
[14:54:55.752] [INFO] 서버 FPS: 33.947624, 평균 프레임 시간: 0.000000ms, 클라이언트 수: 0
[14:54:56.781] [INFO] 서버 FPS: 33.464565, 평균 프레임 시간: 0.000000ms, 클라이언트 수: 0
[14:54:57.795] [INFO] 서버 FPS: 32.512314, 평균 프레임 시간: 0.000000ms, 클라이언트 수: 0
[14:54:58.827] [INFO] 서버 FPS: 32.977692, 평균 프레임 시간: 0.000000ms, 클라이언트 수: 0
[14:54:59.851] [INFO] 서버 FPS: 31.976744, 평균 프레임 시간: 0.000000ms, 클라이언트 수: 0
[14:55:00.880] [INFO] 서버 FPS: 33.947624, 평균 프레임 시간: 0.000000ms, 클라이언트 수: 0
[14:55:01.895] [INFO] 서버 FPS: 33.464565, 평균 프레임 시간: 0.000000ms, 클라이언트 수: 0
[14:55:02.922] [INFO] 서버 FPS: 33.497536, 평균 프레임 시간: 0.000000ms, 클라이언트 수: 0
[14:55:03.948] [INFO] 서버 FPS: 32.007759, 평균 프레임 시간: 0.000000ms, 클라이언트 수: 0
[14:55:04.970] [INFO] 서버 FPS: 31.976744, 평균 프레임 시간: 0.000000ms, 클라이언트 수: 0
[14:55:06.013] [INFO] 서버 FPS: 32.977692, 평균 프레임 시간: 0.000000ms, 클라이언트 수: 0
[14:55:07.021] [INFO] 서버 FPS: 32.480316, 평균 프레임 시간: 0.000000ms, 클라이언트 수: 0
[14:55:08.050] [INFO] 서버 FPS: 32.977692, 평균 프레임 시간: 0.000000ms, 클라이언트 수: 0
[14:55:09.085] [INFO] 서버 FPS: 32.977692, 평균 프레임 시간: 0.000000ms, 클라이언트 수: 0
[14:55:10.118] [INFO] 서버 FPS: 32.977692, 평균 프레임 시간: 0.000000ms, 클라이언트 수: 0
[14:55:11.144] [INFO] 서버 FPS: 31.976744, 평균 프레임 시간: 0.000000ms, 클라이언트 수: 0
[14:55:12.158] [INFO] 서버 FPS: 33.497536, 평균 프레임 시간: 0.000000ms, 클라이언트 수: 0
[14:55:13.187] [INFO] 서버 FPS: 32.480316, 평균 프레임 시간: 0.000000ms, 클라이언트 수: 0
[14:55:14.217] [INFO] 서버 FPS: 32.007759, 평균 프레임 시간: 0.000000ms, 클라이언트 수: 0
[14:55:15.227] [INFO] 서버 FPS: 33.464565, 평균 프레임 시간: 0.000000ms, 클라이언트 수: 0
[14:55:16.255] [INFO] 서버 FPS: 32.007759, 평균 프레임 시간: 0.000000ms, 클라이언트 수: 0
[14:55:17.281] [INFO] 서버 FPS: 34.448818, 평균 프레임 시간: 0.000000ms, 클라이언트 수: 0
[14:55:18.307] [INFO] 서버 FPS: 32.007759, 평균 프레임 시간: 0.000000ms, 클라이언트 수: 0
[14:55:19.335] [INFO] 서버 FPS: 32.007759, 평균 프레임 시간: 0.000000ms, 클라이언트 수: 0
[14:55:20.363] [INFO] 서버 FPS: 32.007759, 평균 프레임 시간: 0.000000ms, 클라이언트 수: 0
