[11:23:34.050] [INFO] 로깅 시스템 초기화됨
[11:23:34.050] [INFO] 서버 인스턴스 생성됨
[11:23:34.050] [INFO] 서버 초기화 시작 (포트: 9000)
[11:23:34.051] [INFO] 윈속 초기화 성공
[11:23:34.052] [INFO] 리스닝 소켓 생성 성공
[11:23:34.052] [INFO] 소켓 바인딩 성공 (포트: 9000)
[11:23:34.053] [INFO] 리스닝 시작됨
[11:23:34.053] [INFO] IOCP 생성 성공
[11:23:34.053] [INFO] CPU 코어 수: 16, 생성할 작업자 스레드: 16
[11:23:34.053] [INFO] 작업자 스레드 #1 생성됨
[11:23:34.054] [INFO] 작업자 스레드 시작 (ThreadID: 23816)
[11:23:34.054] [INFO] 작업자 스레드 #2 생성됨
[11:23:34.054] [INFO] 작업자 스레드 시작 (ThreadID: 5500)
[11:23:34.054] [INFO] 작업자 스레드 #3 생성됨
[11:23:34.055] [INFO] 작업자 스레드 시작 (ThreadID: 16288)
[11:23:34.055] [INFO] 작업자 스레드 #4 생성됨
[11:23:34.055] [INFO] 작업자 스레드 시작 (ThreadID: 23432)
[11:23:34.055] [INFO] 작업자 스레드 #5 생성됨
[11:23:34.055] [INFO] 작업자 스레드 시작 (ThreadID: 20596)
[11:23:34.055] [INFO] 작업자 스레드 #6 생성됨
[11:23:34.056] [INFO] 작업자 스레드 시작 (ThreadID: 33328)
[11:23:34.056] [INFO] 작업자 스레드 #7 생성됨
[11:23:34.056] [INFO] 작업자 스레드 시작 (ThreadID: 30468)
[11:23:34.056] [INFO] 작업자 스레드 #8 생성됨
[11:23:34.057] [INFO] 작업자 스레드 시작 (ThreadID: 33552)
[11:23:34.057] [INFO] 작업자 스레드 #9 생성됨
[11:23:34.057] [INFO] 작업자 스레드 시작 (ThreadID: 23000)
[11:23:34.057] [INFO] 작업자 스레드 #10 생성됨
[11:23:34.057] [INFO] 작업자 스레드 시작 (ThreadID: 3012)
[11:23:34.058] [INFO] 작업자 스레드 #11 생성됨
[11:23:34.058] [INFO] 작업자 스레드 시작 (ThreadID: 30196)
[11:23:34.058] [INFO] 작업자 스레드 #12 생성됨
[11:23:34.058] [INFO] 작업자 스레드 시작 (ThreadID: 30284)
[11:23:34.058] [INFO] 작업자 스레드 #13 생성됨
[11:23:34.059] [INFO] 작업자 스레드 시작 (ThreadID: 19184)
[11:23:34.059] [INFO] 작업자 스레드 #14 생성됨
[11:23:34.059] [INFO] 작업자 스레드 시작 (ThreadID: 11868)
[11:23:34.059] [INFO] 작업자 스레드 #15 생성됨
[11:23:34.059] [INFO] 작업자 스레드 시작 (ThreadID: 24148)
[11:23:34.060] [INFO] 작업자 스레드 #16 생성됨
[11:23:34.060] [INFO] 서버 초기화 완료
[11:23:34.060] [INFO] 서버 실행. 포트 번호: 9000
[11:23:34.060] [INFO] IOCP 멀티플레이어 서버 시작됨...
[11:23:34.060] [INFO] 서버 실행 시작
[11:23:34.060] [INFO] 작업자 스레드 시작 (ThreadID: 27548)
[11:23:40.707] [INFO] [SendPacket] WSASend 요청 성공 - 컨텍스트: SendClientId, 보낸 크기: 7, 클라이언트 ID: 1
[11:23:40.708] [INFO] 새 클라이언트에게 ID 1 전송됨
[11:23:40.708] [INFO] [SendPacket] WSASend 요청 성공 - 컨텍스트: SendInitialPosition, 보낸 크기: 32, 클라이언트 ID: 1
[11:23:40.709] [INFO] 초기 위치 정보 전송됨 - 클라이언트 ID: 1, 위치: X=0.000000, Y=0.000000, Z=90.000000
[11:23:40.709] [INFO] 새 플레이어 정보(ID: 1) 브로드캐스트 - 수신자 수: 0
[11:23:40.710] [INFO] 기존 플레이어 정보 0개가 새 클라이언트(ID: 1)에게 전송됨
[11:23:40.710] [INFO] [SendPacket] WSASend 요청 성공 - 컨텍스트: ServerPing, 보낸 크기: 11, 클라이언트 ID: 1
[11:23:40.710] [INFO] [서버] Ping 전송 - ClientId: 1
[11:23:40.710] [WARNING] 클라이언트 Pong 타임아웃 발생 - ID: 1
[11:23:40.711] [INFO] 클라이언트 연결 끊김 (ID: 1)
[11:23:40.711] [INFO] 클라이언트 연결 끊김 알림(ID: 1) - 수신자 수: 0
[11:23:40.711] [INFO] 클라이언트가 정상적으로 연결 종료함 - ID: 1
[11:23:40.711] [WARNING] 존재하지 않는 클라이언트 ID를 제거하려고 시도: 1
[11:23:40.712] [INFO] 서버 FPS: 0.301159, 평균 프레임 시간: 664.100037ms, 클라이언트 수: 0
