[15:08:52.730] [INFO] 로깅 시스템 초기화됨
[15:08:52.730] [INFO] 서버 인스턴스 생성됨
[15:08:52.731] [INFO] 서버 초기화 시작 (포트: 9000)
[15:08:52.731] [INFO] 윈속 초기화 성공
[15:08:52.732] [INFO] 리스닝 소켓 생성 성공
[15:08:52.732] [INFO] 소켓 바인딩 성공 (포트: 9000)
[15:08:52.732] [INFO] 리스닝 시작됨
[15:08:52.733] [INFO] IOCP 생성 성공
[15:08:52.733] [INFO] CPU 코어 수: 16, 생성할 작업자 스레드: 16
[15:08:52.733] [INFO] 작업자 스레드 #1 생성됨
[15:08:52.733] [INFO] 작업자 스레드 시작 (ThreadID: 24560)
[15:08:52.733] [INFO] 작업자 스레드 #2 생성됨
[15:08:52.734] [INFO] 작업자 스레드 시작 (ThreadID: 6744)
[15:08:52.734] [INFO] 작업자 스레드 #3 생성됨
[15:08:52.734] [INFO] 작업자 스레드 시작 (ThreadID: 25704)
[15:08:52.734] [INFO] 작업자 스레드 #4 생성됨
[15:08:52.735] [INFO] 작업자 스레드 시작 (ThreadID: 16348)
[15:08:52.735] [INFO] 작업자 스레드 #5 생성됨
[15:08:52.735] [INFO] 작업자 스레드 시작 (ThreadID: 17928)
[15:08:52.735] [INFO] 작업자 스레드 #6 생성됨
[15:08:52.735] [INFO] 작업자 스레드 시작 (ThreadID: 30196)
[15:08:52.736] [INFO] 작업자 스레드 #7 생성됨
[15:08:52.736] [INFO] 작업자 스레드 시작 (ThreadID: 26100)
[15:08:52.736] [INFO] 작업자 스레드 #8 생성됨
[15:08:52.737] [INFO] 작업자 스레드 시작 (ThreadID: 17168)
[15:08:52.737] [INFO] 작업자 스레드 #9 생성됨
[15:08:52.737] [INFO] 작업자 스레드 시작 (ThreadID: 8376)
[15:08:52.737] [INFO] 작업자 스레드 #10 생성됨
[15:08:52.737] [INFO] 작업자 스레드 시작 (ThreadID: 8508)
[15:08:52.737] [INFO] 작업자 스레드 #11 생성됨
[15:08:52.738] [INFO] 작업자 스레드 시작 (ThreadID: 1224)
[15:08:52.738] [INFO] 작업자 스레드 #12 생성됨
[15:08:52.738] [INFO] 작업자 스레드 시작 (ThreadID: 25596)
[15:08:52.738] [INFO] 작업자 스레드 #13 생성됨
[15:08:52.738] [INFO] 작업자 스레드 시작 (ThreadID: 24000)
[15:08:52.738] [INFO] 작업자 스레드 #14 생성됨
[15:08:52.739] [INFO] 작업자 스레드 시작 (ThreadID: 30664)
[15:08:52.739] [INFO] 작업자 스레드 #15 생성됨
[15:08:52.739] [INFO] 작업자 스레드 시작 (ThreadID: 15000)
[15:08:52.739] [INFO] 작업자 스레드 #16 생성됨
[15:08:52.739] [INFO] 작업자 스레드 시작 (ThreadID: 13740)
[15:08:52.739] [INFO] 서버 초기화 완료
[15:08:52.740] [INFO] 서버 실행. 포트 번호: 9000
[15:08:52.740] [INFO] IOCP 멀티플레이어 서버 시작됨...
[15:08:52.740] [INFO] 서버 실행 시작
