[23:36:50.447] [INFO] 로깅 시스템 초기화됨
[23:36:50.447] [INFO] 서버 인스턴스 생성됨
[23:36:50.447] [INFO] 서버 초기화 시작 (포트: 9000)
[23:36:50.448] [INFO] 윈속 초기화 성공
[23:36:50.449] [INFO] 리스닝 소켓 생성 성공
[23:36:50.449] [INFO] 소켓 바인딩 성공 (포트: 9000)
[23:36:50.449] [INFO] 리스닝 시작됨
[23:36:50.449] [INFO] IOCP 생성 성공
[23:36:50.449] [INFO] CPU 코어 수: 16, 생성할 작업자 스레드: 16
[23:36:50.450] [INFO] 작업자 스레드 #1 생성됨
[23:36:50.450] [INFO] 작업자 스레드 시작 (ThreadID: 21744)
[23:36:50.450] [INFO] 작업자 스레드 #2 생성됨
[23:36:50.450] [INFO] 작업자 스레드 시작 (ThreadID: 34108)
[23:36:50.451] [INFO] 작업자 스레드 #3 생성됨
[23:36:50.451] [INFO] 작업자 스레드 시작 (ThreadID: 26200)
[23:36:50.451] [INFO] 작업자 스레드 #4 생성됨
[23:36:50.451] [INFO] 작업자 스레드 시작 (ThreadID: 24512)
[23:36:50.451] [INFO] 작업자 스레드 #5 생성됨
[23:36:50.452] [INFO] 작업자 스레드 시작 (ThreadID: 17948)
[23:36:50.452] [INFO] 작업자 스레드 #6 생성됨
[23:36:50.452] [INFO] 작업자 스레드 시작 (ThreadID: 25728)
[23:36:50.452] [INFO] 작업자 스레드 #7 생성됨
[23:36:50.452] [INFO] 작업자 스레드 시작 (ThreadID: 5836)
[23:36:50.453] [INFO] 작업자 스레드 #8 생성됨
[23:36:50.453] [INFO] 작업자 스레드 시작 (ThreadID: 12196)
[23:36:50.453] [INFO] 작업자 스레드 #9 생성됨
[23:36:50.453] [INFO] 작업자 스레드 시작 (ThreadID: 28516)
[23:36:50.453] [INFO] 작업자 스레드 #10 생성됨
[23:36:50.454] [INFO] 작업자 스레드 시작 (ThreadID: 3404)
[23:36:50.454] [INFO] 작업자 스레드 #11 생성됨
[23:36:50.454] [INFO] 작업자 스레드 시작 (ThreadID: 14596)
[23:36:50.454] [INFO] 작업자 스레드 #12 생성됨
[23:36:50.454] [INFO] 작업자 스레드 시작 (ThreadID: 25424)
[23:36:50.454] [INFO] 작업자 스레드 #13 생성됨
[23:36:50.455] [INFO] 작업자 스레드 시작 (ThreadID: 10092)
[23:36:50.455] [INFO] 작업자 스레드 #14 생성됨
[23:36:50.455] [INFO] 작업자 스레드 시작 (ThreadID: 34556)
[23:36:50.455] [INFO] 작업자 스레드 #15 생성됨
[23:36:50.455] [INFO] 작업자 스레드 시작 (ThreadID: 2800)
[23:36:50.455] [INFO] 작업자 스레드 #16 생성됨
[23:36:50.455] [INFO] 작업자 스레드 시작 (ThreadID: 22088)
[23:36:50.456] [INFO] 서버 초기화 완료
[23:36:50.456] [INFO] 서버 실행. 포트 번호: 9000
[23:36:50.456] [INFO] IOCP 멀티플레이어 서버 시작됨...
[23:36:50.456] [INFO] 서버 실행 시작
[23:37:17.870] [INFO] 새 클라이언트에게 ID 1 전송됨
[23:37:17.870] [INFO] 초기 위치 정보 전송됨 - 클라이언트 ID: 1, 위치: X=0.000000, Y=0.000000, Z=90.000000
[23:37:17.871] [INFO] 새 플레이어 정보(ID: 1) 브로드캐스트 - 수신자 수: 0
[23:37:17.871] [INFO] 기존 플레이어 정보 0개가 새 클라이언트(ID: 1)에게 전송됨
[23:37:17.871] [INFO] 위치 업데이트 - 클라이언트 ID: 1, 위치: X=0.000000, Y=0.000000, Z=90.000000, 속도: X=0.000000, Y=0.000000, Z=0.000000
[23:37:17.871] [INFO] 서버 FPS: 0.072977, 평균 프레임 시간: 2740.600098ms, 클라이언트 수: 1
[23:38:56.305] [INFO] 새 클라이언트에게 ID 2 전송됨
[23:38:56.305] [INFO] 초기 위치 정보 전송됨 - 클라이언트 ID: 2, 위치: X=300.000000, Y=0.000000, Z=90.000000
[23:38:56.306] [INFO] 새 플레이어 정보(ID: 2) 브로드캐스트 - 수신자 수: 1
[23:38:56.306] [INFO] 기존 플레이어 정보 1개가 새 클라이언트(ID: 2)에게 전송됨
[23:38:56.306] [WARNING] 비정상적으로 긴 델타 타임: 27.406000초
[23:38:56.307] [WARNING] 클라이언트 Ping 타임아웃 발생 - ID: 1
[23:38:56.307] [INFO] 위치 업데이트 - 클라이언트 ID: 2, 위치: X=300.000000, Y=0.000000, Z=90.000000, 속도: X=0.000000, Y=0.000000, Z=0.000000
[23:38:56.307] [INFO] 클라이언트 연결 끊김 (ID: 1)
[23:38:56.307] [INFO] 클라이언트가 정상적으로 연결 종료함 - ID: 1
[23:38:56.307] [INFO] 클라이언트 연결 끊김 알림(ID: 1) - 수신자 수: 1
[23:38:56.308] [WARNING] 존재하지 않는 클라이언트 ID를 제거하려고 시도: 1
[23:38:56.308] [INFO] 서버 FPS: 0.010159, 평균 프레임 시간: 12310.339844ms, 클라이언트 수: 1
[23:39:18.421] [INFO] 새 클라이언트에게 ID 3 전송됨
[23:39:18.421] [INFO] 초기 위치 정보 전송됨 - 클라이언트 ID: 3, 위치: X=-300.000000, Y=0.000000, Z=90.000000
[23:39:18.421] [INFO] 새 플레이어 정보(ID: 3) 브로드캐스트 - 수신자 수: 1
[23:39:18.422] [INFO] 기존 플레이어 정보 1개가 새 클라이언트(ID: 3)에게 전송됨
[23:39:18.422] [WARNING] 비정상적으로 긴 델타 타임: 98.438004초
[23:39:18.422] [WARNING] 클라이언트 Ping 타임아웃 발생 - ID: 2
[23:39:18.422] [INFO] 위치 업데이트 - 클라이언트 ID: 3, 위치: X=-300.000000, Y=0.000000, Z=90.000000, 속도: X=0.000000, Y=0.000000, Z=0.000000
[23:39:18.423] [INFO] 클라이언트 연결 끊김 (ID: 2)
[23:39:18.423] [INFO] 클라이언트가 정상적으로 연결 종료함 - ID: 2
[23:39:18.423] [INFO] 클라이언트 연결 끊김 알림(ID: 2) - 수신자 수: 1
[23:39:18.423] [WARNING] 존재하지 않는 클라이언트 ID를 제거하려고 시도: 2
[23:39:18.423] [INFO] 서버 FPS: 0.045198, 평균 프레임 시간: 13291.805664ms, 클라이언트 수: 1
[23:39:27.996] [INFO] 새 클라이언트에게 ID 4 전송됨
[23:39:27.996] [INFO] 초기 위치 정보 전송됨 - 클라이언트 ID: 4, 위치: X=0.000000, Y=300.000000, Z=90.000000
[23:39:27.996] [INFO] 새 플레이어 정보(ID: 4) 브로드캐스트 - 수신자 수: 1
[23:39:27.997] [INFO] 기존 플레이어 정보 1개가 새 클라이언트(ID: 4)에게 전송됨
[23:39:27.997] [WARNING] 비정상적으로 긴 델타 타임: 22.125000초
[23:39:27.997] [WARNING] 클라이언트 Ping 타임아웃 발생 - ID: 3
[23:39:27.997] [INFO] 위치 업데이트 - 클라이언트 ID: 4, 위치: X=0.000000, Y=300.000000, Z=90.000000, 속도: X=0.000000, Y=0.000000, Z=0.000000
[23:39:27.997] [INFO] 클라이언트 연결 끊김 (ID: 3)
[23:39:27.997] [INFO] 클라이언트가 정상적으로 연결 종료함 - ID: 3
[23:39:27.998] [INFO] 클라이언트 연결 끊김 알림(ID: 3) - 수신자 수: 1
[23:39:27.998] [WARNING] 존재하지 않는 클라이언트 ID를 제거하려고 시도: 3
[23:39:27.998] [INFO] 서버 FPS: 0.104406, 평균 프레임 시간: 12920.424805ms, 클라이언트 수: 1
[23:39:46.569] [INFO] 새 클라이언트에게 ID 5 전송됨
[23:39:46.569] [INFO] 초기 위치 정보 전송됨 - 클라이언트 ID: 5, 위치: X=0.000000, Y=-300.000000, Z=90.000000
[23:39:46.569] [INFO] 새 플레이어 정보(ID: 5) 브로드캐스트 - 수신자 수: 1
[23:39:46.570] [INFO] 기존 플레이어 정보 1개가 새 클라이언트(ID: 5)에게 전송됨
[23:39:46.570] [WARNING] 비정상적으로 긴 델타 타임: 9.578000초
[23:39:46.570] [WARNING] 클라이언트 Ping 타임아웃 발생 - ID: 4
[23:39:46.570] [INFO] 위치 업데이트 - 클라이언트 ID: 5, 위치: X=0.000000, Y=-300.000000, Z=90.000000, 속도: X=0.000000, Y=0.000000, Z=0.000000
[23:39:46.570] [INFO] 클라이언트 연결 끊김 (ID: 4)
[23:39:46.570] [INFO] 클라이언트가 정상적으로 연결 종료함 - ID: 4
[23:39:46.571] [INFO] 클라이언트 연결 끊김 알림(ID: 4) - 수신자 수: 1
[23:39:46.571] [WARNING] 존재하지 않는 클라이언트 ID를 제거하려고 시도: 4
[23:39:46.571] [INFO] 서버 FPS: 0.053874, 평균 프레임 시간: 13484.582031ms, 클라이언트 수: 1
[23:39:46.571] [INFO] 새 클라이언트에게 ID 6 전송됨
[23:39:46.571] [INFO] 초기 위치 정보 전송됨 - 클라이언트 ID: 6, 위치: X=0.000000, Y=0.000000, Z=90.000000
[23:39:46.572] [INFO] 새 플레이어 정보(ID: 6) 브로드캐스트 - 수신자 수: 1
[23:39:46.572] [INFO] 기존 플레이어 정보 1개가 새 클라이언트(ID: 6)에게 전송됨
[23:39:46.572] [WARNING] 비정상적으로 긴 델타 타임: 18.562000초
[23:39:46.572] [INFO] 위치 업데이트 - 클라이언트 ID: 5, 위치: X=0.000000, Y=-300.000000, Z=90.000000, 속도: X=0.000000, Y=0.000000, Z=0.000000
[23:39:46.572] [INFO] 위치 업데이트 - 클라이언트 ID: 6, 위치: X=0.000000, Y=0.000000, Z=90.000000, 속도: X=0.000000, Y=0.000000, Z=0.000000
