[03:37:41.372] [INFO] 로깅 시스템 초기화됨
[03:37:41.372] [INFO] 서버 인스턴스 생성됨
[03:37:41.372] [INFO] 서버 초기화 시작 (포트: 9000)
[03:37:41.373] [INFO] 윈속 초기화 성공
[03:37:41.374] [INFO] 리스닝 소켓 생성 성공
[03:37:41.374] [INFO] 소켓 바인딩 성공 (포트: 9000)
[03:37:41.375] [INFO] 리스닝 시작됨
[03:37:41.375] [INFO] IOCP 생성 성공
[03:37:41.375] [INFO] CPU 코어 수: 16, 생성할 작업자 스레드: 32
[03:37:41.376] [INFO] 작업자 스레드 #1 생성됨
[03:37:41.376] [INFO] 작업자 스레드 시작 (ThreadID: 37840)
[03:37:41.377] [INFO] 작업자 스레드 #2 생성됨
[03:37:41.377] [INFO] 작업자 스레드 시작 (ThreadID: 37324)
[03:37:41.378] [INFO] 작업자 스레드 #3 생성됨
[03:37:41.378] [INFO] 작업자 스레드 시작 (ThreadID: 21140)
[03:37:41.378] [INFO] 작업자 스레드 #4 생성됨
[03:37:41.378] [INFO] 작업자 스레드 시작 (ThreadID: 24980)
[03:37:41.379] [INFO] 작업자 스레드 #5 생성됨
[03:37:41.379] [INFO] 작업자 스레드 시작 (ThreadID: 9940)
[03:37:41.379] [INFO] 작업자 스레드 #6 생성됨
[03:37:41.380] [INFO] 작업자 스레드 시작 (ThreadID: 34924)
[03:37:41.381] [INFO] 작업자 스레드 #7 생성됨
[03:37:41.381] [INFO] 작업자 스레드 시작 (ThreadID: 6640)
[03:37:41.381] [INFO] 작업자 스레드 #8 생성됨
[03:37:41.381] [INFO] 작업자 스레드 시작 (ThreadID: 23096)
[03:37:41.382] [INFO] 작업자 스레드 #9 생성됨
[03:37:41.382] [INFO] 작업자 스레드 시작 (ThreadID: 31260)
[03:37:41.382] [INFO] 작업자 스레드 #10 생성됨
[03:37:41.382] [INFO] 작업자 스레드 시작 (ThreadID: 35188)
[03:37:41.383] [INFO] 작업자 스레드 #11 생성됨
[03:37:41.383] [INFO] 작업자 스레드 시작 (ThreadID: 16624)
[03:37:41.383] [INFO] 작업자 스레드 #12 생성됨
[03:37:41.383] [INFO] 작업자 스레드 시작 (ThreadID: 22052)
[03:37:41.384] [INFO] 작업자 스레드 #13 생성됨
[03:37:41.384] [INFO] 작업자 스레드 시작 (ThreadID: 31428)
[03:37:41.385] [INFO] 작업자 스레드 #14 생성됨
[03:37:41.385] [INFO] 작업자 스레드 시작 (ThreadID: 35688)
[03:37:41.385] [INFO] 작업자 스레드 #15 생성됨
[03:37:41.385] [INFO] 작업자 스레드 시작 (ThreadID: 26332)
[03:37:41.386] [INFO] 작업자 스레드 #16 생성됨
[03:37:41.386] [INFO] 작업자 스레드 시작 (ThreadID: 28412)
[03:37:41.386] [INFO] 작업자 스레드 #17 생성됨
[03:37:41.386] [INFO] 작업자 스레드 시작 (ThreadID: 26816)
[03:37:41.387] [INFO] 작업자 스레드 #18 생성됨
[03:37:41.387] [INFO] 작업자 스레드 시작 (ThreadID: 37220)
[03:37:41.387] [INFO] 작업자 스레드 #19 생성됨
[03:37:41.387] [INFO] 작업자 스레드 시작 (ThreadID: 25440)
[03:37:41.388] [INFO] 작업자 스레드 #20 생성됨
[03:37:41.388] [INFO] 작업자 스레드 시작 (ThreadID: 25200)
[03:37:41.388] [INFO] 작업자 스레드 #21 생성됨
[03:37:41.389] [INFO] 작업자 스레드 시작 (ThreadID: 37660)
[03:37:41.389] [INFO] 작업자 스레드 #22 생성됨
[03:37:41.389] [INFO] 작업자 스레드 시작 (ThreadID: 37152)
[03:37:41.389] [INFO] 작업자 스레드 #23 생성됨
[03:37:41.390] [INFO] 작업자 스레드 시작 (ThreadID: 28372)
[03:37:41.390] [INFO] 작업자 스레드 #24 생성됨
[03:37:41.390] [INFO] 작업자 스레드 시작 (ThreadID: 34152)
[03:37:41.391] [INFO] 작업자 스레드 #25 생성됨
[03:37:41.391] [INFO] 작업자 스레드 시작 (ThreadID: 36536)
[03:37:41.391] [INFO] 작업자 스레드 #26 생성됨
[03:37:41.391] [INFO] 작업자 스레드 시작 (ThreadID: 27508)
[03:37:41.391] [INFO] 작업자 스레드 #27 생성됨
[03:37:41.392] [INFO] 작업자 스레드 시작 (ThreadID: 24916)
[03:37:41.392] [INFO] 작업자 스레드 #28 생성됨
[03:37:41.392] [INFO] 작업자 스레드 시작 (ThreadID: 33984)
[03:37:41.392] [INFO] 작업자 스레드 #29 생성됨
[03:37:41.393] [INFO] 작업자 스레드 시작 (ThreadID: 22340)
[03:37:41.393] [INFO] 작업자 스레드 #30 생성됨
[03:37:41.393] [INFO] 작업자 스레드 시작 (ThreadID: 34964)
[03:37:41.393] [INFO] 작업자 스레드 #31 생성됨
[03:37:41.394] [INFO] 작업자 스레드 시작 (ThreadID: 37144)
[03:37:41.394] [INFO] 작업자 스레드 #32 생성됨
[03:37:41.394] [INFO] 작업자 스레드 시작 (ThreadID: 35816)
[03:37:41.394] [INFO] 서버 초기화 완료
[03:37:41.394] [INFO] 서버 실행. 포트 번호: 9000
[03:37:41.395] [INFO] IOCP 멀티플레이어 서버 시작됨...
[03:37:41.395] [INFO] 서버 실행 시작
[03:37:44.763] [INFO] 클라이언트 연결됨: 127.0.0.1:7412 (ID: 1)
[03:37:44.763] [INFO] 새 클라이언트에게 ID 1 전송됨
[03:37:44.764] [INFO] 새 플레이어 정보(ID: 1) 브로드캐스트 - 수신자 수: 0
[03:37:44.764] [INFO] 기존 플레이어 정보 0개가 새 클라이언트(ID: 1)에게 전송됨
[03:37:44.764] [INFO] [서버] BroadcastPosition 준비 완료 - ClientId: 1, distMoved: 90.000000, State: 0, TimeSinceLastUpdate: 0.000000
[03:37:44.765] [INFO] [서버] BroadcastPosition 호출 - ClientId: 1, Position: (0.000000, 0.000000, 90.000000)
[03:37:44.765] [INFO] 서버 FPS: 0.592593, 평균 프레임 시간: 337.500000ms, 클라이언트 수: 1
[03:37:44.765] [INFO] 클라이언트 연결됨: 127.0.0.1:7413 (ID: 2)
[03:37:44.765] [INFO] 새 클라이언트에게 ID 2 전송됨
[03:37:44.766] [INFO] 새 플레이어 정보(ID: 2) 브로드캐스트 - 수신자 수: 1
[03:37:44.766] [INFO] 기존 플레이어 정보 1개가 새 클라이언트(ID: 2)에게 전송됨
[03:37:44.766] [WARNING] 비정상적으로 긴 델타 타임: 3.375000초
[03:37:44.766] [INFO] [서버] BroadcastPosition 준비 완료 - ClientId: 2, distMoved: 90.000000, State: 0, TimeSinceLastUpdate: 0.000000
[03:37:44.766] [INFO] [서버] BroadcastPosition 호출 - ClientId: 2, Position: (0.000000, 0.000000, 90.000000)
[03:37:44.767] [INFO] [서버] PositionUpdatePacket 전송 - From ClientId: 2 To ClientId: 1
[03:37:44.772] [WARNING] 잘못된 패킷 타입: 5, 클라이언트 ID: 1
[03:37:44.773] [WARNING] 잘못된 패킷 타입: 5, 클라이언트 ID: 2
[03:37:44.782] [WARNING] 잘못된 패킷 타입: 5, 클라이언트 ID: 1
[03:37:44.783] [WARNING] 잘못된 패킷 타입: 5, 클라이언트 ID: 2
[03:37:44.792] [WARNING] 잘못된 패킷 타입: 5, 클라이언트 ID: 1
[03:37:44.793] [WARNING] 잘못된 패킷 타입: 5, 클라이언트 ID: 2
[03:37:44.808] [WARNING] 잘못된 패킷 타입: 5, 클라이언트 ID: 1
[03:37:44.808] [WARNING] 잘못된 패킷 타입: 5, 클라이언트 ID: 2
[03:37:44.820] [WARNING] 잘못된 패킷 타입: 5, 클라이언트 ID: 1
[03:37:44.821] [WARNING] 잘못된 패킷 타입: 5, 클라이언트 ID: 2
[03:37:44.828] [WARNING] 잘못된 패킷 타입: 5, 클라이언트 ID: 1
[03:37:44.828] [WARNING] 잘못된 패킷 타입: 5, 클라이언트 ID: 2
[03:37:44.836] [WARNING] 잘못된 패킷 타입: 5, 클라이언트 ID: 1
[03:37:44.837] [WARNING] 잘못된 패킷 타입: 5, 클라이언트 ID: 2
[03:37:44.848] [WARNING] 잘못된 패킷 타입: 5, 클라이언트 ID: 1
[03:37:44.848] [WARNING] 잘못된 패킷 타입: 5, 클라이언트 ID: 2
[03:37:44.857] [WARNING] 잘못된 패킷 타입: 5, 클라이언트 ID: 1
[03:37:44.858] [WARNING] 잘못된 패킷 타입: 5, 클라이언트 ID: 2
[03:37:44.868] [WARNING] 잘못된 패킷 타입: 5, 클라이언트 ID: 1
[03:37:44.869] [WARNING] 잘못된 패킷 타입: 5, 클라이언트 ID: 2
[03:37:44.878] [WARNING] 잘못된 패킷 타입: 5, 클라이언트 ID: 1
[03:37:44.879] [WARNING] 잘못된 패킷 타입: 5, 클라이언트 ID: 2
[03:37:44.889] [WARNING] 잘못된 패킷 타입: 5, 클라이언트 ID: 1
[03:37:44.890] [WARNING] 잘못된 패킷 타입: 5, 클라이언트 ID: 2
[03:37:44.899] [WARNING] 잘못된 패킷 타입: 5, 클라이언트 ID: 1
[03:37:44.899] [WARNING] 잘못된 패킷 타입: 5, 클라이언트 ID: 2
[03:37:44.910] [WARNING] 잘못된 패킷 타입: 5, 클라이언트 ID: 1
[03:37:44.911] [WARNING] 잘못된 패킷 타입: 5, 클라이언트 ID: 2
[03:37:44.920] [WARNING] 잘못된 패킷 타입: 5, 클라이언트 ID: 1
[03:37:44.921] [WARNING] 잘못된 패킷 타입: 5, 클라이언트 ID: 2
[03:37:44.931] [WARNING] 잘못된 패킷 타입: 5, 클라이언트 ID: 1
[03:37:44.931] [WARNING] 잘못된 패킷 타입: 5, 클라이언트 ID: 2
[03:37:44.941] [WARNING] 잘못된 패킷 타입: 5, 클라이언트 ID: 1
[03:37:44.942] [WARNING] 잘못된 패킷 타입: 5, 클라이언트 ID: 2
[03:37:44.952] [WARNING] 잘못된 패킷 타입: 5, 클라이언트 ID: 1
[03:37:44.952] [WARNING] 잘못된 패킷 타입: 5, 클라이언트 ID: 2
[03:37:44.961] [WARNING] 잘못된 패킷 타입: 5, 클라이언트 ID: 1
[03:37:44.962] [WARNING] 잘못된 패킷 타입: 5, 클라이언트 ID: 2
[03:37:44.972] [WARNING] 잘못된 패킷 타입: 5, 클라이언트 ID: 1
[03:37:44.973] [WARNING] 잘못된 패킷 타입: 5, 클라이언트 ID: 2
[03:37:44.982] [WARNING] 잘못된 패킷 타입: 5, 클라이언트 ID: 1
[03:37:44.983] [WARNING] 잘못된 패킷 타입: 5, 클라이언트 ID: 2
[03:37:44.994] [WARNING] 잘못된 패킷 타입: 5, 클라이언트 ID: 1
[03:37:44.994] [WARNING] 잘못된 패킷 타입: 5, 클라이언트 ID: 2
[03:37:45.029] [WARNING] 잘못된 패킷 타입: 5, 클라이언트 ID: 1
[03:37:45.030] [WARNING] 잘못된 패킷 타입: 5, 클라이언트 ID: 2
[03:37:45.038] [WARNING] 잘못된 패킷 타입: 5, 클라이언트 ID: 1
[03:37:45.039] [WARNING] 잘못된 패킷 타입: 5, 클라이언트 ID: 2
[03:37:45.047] [WARNING] 잘못된 패킷 타입: 5, 클라이언트 ID: 1
[03:37:45.048] [WARNING] 잘못된 패킷 타입: 5, 클라이언트 ID: 2
[03:37:45.055] [WARNING] 잘못된 패킷 타입: 5, 클라이언트 ID: 1
[03:37:45.056] [WARNING] 잘못된 패킷 타입: 5, 클라이언트 ID: 2
[03:37:45.063] [WARNING] 잘못된 패킷 타입: 5, 클라이언트 ID: 1
[03:37:45.064] [WARNING] 잘못된 패킷 타입: 5, 클라이언트 ID: 2
[03:37:45.074] [WARNING] 잘못된 패킷 타입: 5, 클라이언트 ID: 1
[03:37:45.075] [WARNING] 잘못된 패킷 타입: 5, 클라이언트 ID: 2
[03:37:45.083] [WARNING] 잘못된 패킷 타입: 5, 클라이언트 ID: 1
[03:37:45.084] [WARNING] 잘못된 패킷 타입: 5, 클라이언트 ID: 2
[03:37:45.092] [WARNING] 잘못된 패킷 타입: 5, 클라이언트 ID: 1
[03:37:45.093] [WARNING] 잘못된 패킷 타입: 5, 클라이언트 ID: 2
[03:37:45.102] [WARNING] 잘못된 패킷 타입: 5, 클라이언트 ID: 1
[03:37:45.103] [WARNING] 잘못된 패킷 타입: 5, 클라이언트 ID: 2
[03:37:45.112] [WARNING] 잘못된 패킷 타입: 5, 클라이언트 ID: 1
[03:37:45.112] [WARNING] 잘못된 패킷 타입: 5, 클라이언트 ID: 2
[03:37:45.123] [WARNING] 잘못된 패킷 타입: 5, 클라이언트 ID: 1
[03:37:45.124] [WARNING] 잘못된 패킷 타입: 5, 클라이언트 ID: 2
[03:37:45.139] [WARNING] 잘못된 패킷 타입: 5, 클라이언트 ID: 1
[03:37:45.140] [WARNING] 잘못된 패킷 타입: 5, 클라이언트 ID: 2
[03:37:45.148] [WARNING] 잘못된 패킷 타입: 5, 클라이언트 ID: 1
[03:37:45.148] [WARNING] 잘못된 패킷 타입: 5, 클라이언트 ID: 2
[03:37:45.156] [WARNING] 잘못된 패킷 타입: 5, 클라이언트 ID: 1
[03:37:45.157] [WARNING] 잘못된 패킷 타입: 5, 클라이언트 ID: 2
[03:37:45.167] [WARNING] 잘못된 패킷 타입: 5, 클라이언트 ID: 1
[03:37:45.167] [WARNING] 잘못된 패킷 타입: 5, 클라이언트 ID: 2
[03:37:45.177] [WARNING] 잘못된 패킷 타입: 5, 클라이언트 ID: 1
[03:37:45.178] [WARNING] 잘못된 패킷 타입: 5, 클라이언트 ID: 2
[03:37:45.188] [WARNING] 잘못된 패킷 타입: 5, 클라이언트 ID: 1
[03:37:45.188] [WARNING] 잘못된 패킷 타입: 5, 클라이언트 ID: 2
[03:37:45.199] [WARNING] 잘못된 패킷 타입: 5, 클라이언트 ID: 1
[03:37:45.200] [WARNING] 잘못된 패킷 타입: 5, 클라이언트 ID: 2
[03:37:45.209] [WARNING] 잘못된 패킷 타입: 5, 클라이언트 ID: 1
[03:37:45.210] [WARNING] 잘못된 패킷 타입: 5, 클라이언트 ID: 2
[03:37:45.220] [WARNING] 잘못된 패킷 타입: 5, 클라이언트 ID: 1
[03:37:45.220] [WARNING] 잘못된 패킷 타입: 5, 클라이언트 ID: 2
[03:37:45.230] [WARNING] 잘못된 패킷 타입: 5, 클라이언트 ID: 1
[03:37:45.231] [WARNING] 잘못된 패킷 타입: 5, 클라이언트 ID: 2
[03:37:45.241] [WARNING] 잘못된 패킷 타입: 5, 클라이언트 ID: 1
[03:37:45.242] [WARNING] 잘못된 패킷 타입: 5, 클라이언트 ID: 2
[03:37:45.251] [WARNING] 잘못된 패킷 타입: 5, 클라이언트 ID: 1
[03:37:45.252] [WARNING] 잘못된 패킷 타입: 5, 클라이언트 ID: 2
[03:37:45.267] [WARNING] 잘못된 패킷 타입: 5, 클라이언트 ID: 1
[03:37:45.268] [WARNING] 잘못된 패킷 타입: 5, 클라이언트 ID: 2
[03:37:45.276] [WARNING] 잘못된 패킷 타입: 5, 클라이언트 ID: 1
[03:37:45.277] [WARNING] 잘못된 패킷 타입: 5, 클라이언트 ID: 2
[03:37:45.285] [WARNING] 잘못된 패킷 타입: 5, 클라이언트 ID: 1
[03:37:45.285] [WARNING] 잘못된 패킷 타입: 5, 클라이언트 ID: 2
[03:37:45.294] [WARNING] 잘못된 패킷 타입: 5, 클라이언트 ID: 1
[03:37:45.295] [WARNING] 잘못된 패킷 타입: 5, 클라이언트 ID: 2
[03:37:45.305] [WARNING] 잘못된 패킷 타입: 5, 클라이언트 ID: 1
[03:37:45.305] [WARNING] 잘못된 패킷 타입: 5, 클라이언트 ID: 2
[03:37:45.316] [WARNING] 잘못된 패킷 타입: 5, 클라이언트 ID: 1
[03:37:45.317] [WARNING] 잘못된 패킷 타입: 5, 클라이언트 ID: 2
[03:37:45.326] [WARNING] 잘못된 패킷 타입: 5, 클라이언트 ID: 1
[03:37:45.326] [WARNING] 잘못된 패킷 타입: 5, 클라이언트 ID: 2
[03:37:45.336] [WARNING] 잘못된 패킷 타입: 5, 클라이언트 ID: 1
[03:37:45.336] [WARNING] 잘못된 패킷 타입: 5, 클라이언트 ID: 2
[03:37:45.346] [WARNING] 잘못된 패킷 타입: 5, 클라이언트 ID: 1
[03:37:45.347] [WARNING] 잘못된 패킷 타입: 5, 클라이언트 ID: 2
[03:37:45.357] [WARNING] 잘못된 패킷 타입: 5, 클라이언트 ID: 1
[03:37:45.358] [WARNING] 잘못된 패킷 타입: 5, 클라이언트 ID: 2
[03:37:45.367] [WARNING] 잘못된 패킷 타입: 5, 클라이언트 ID: 1
[03:37:45.368] [WARNING] 잘못된 패킷 타입: 5, 클라이언트 ID: 2
[03:37:45.378] [WARNING] 잘못된 패킷 타입: 5, 클라이언트 ID: 1
[03:37:45.378] [WARNING] 잘못된 패킷 타입: 5, 클라이언트 ID: 2
[03:37:45.395] [WARNING] 잘못된 패킷 타입: 5, 클라이언트 ID: 1
[03:37:45.396] [WARNING] 잘못된 패킷 타입: 5, 클라이언트 ID: 2
[03:37:45.403] [WARNING] 잘못된 패킷 타입: 5, 클라이언트 ID: 1
[03:37:45.404] [WARNING] 잘못된 패킷 타입: 5, 클라이언트 ID: 2
[03:37:45.413] [WARNING] 잘못된 패킷 타입: 5, 클라이언트 ID: 1
[03:37:45.414] [WARNING] 잘못된 패킷 타입: 5, 클라이언트 ID: 2
[03:37:45.424] [WARNING] 잘못된 패킷 타입: 5, 클라이언트 ID: 1
[03:37:45.425] [WARNING] 잘못된 패킷 타입: 5, 클라이언트 ID: 2
[03:37:45.435] [WARNING] 잘못된 패킷 타입: 5, 클라이언트 ID: 1
[03:37:45.435] [WARNING] 잘못된 패킷 타입: 5, 클라이언트 ID: 2
[03:37:45.445] [WARNING] 잘못된 패킷 타입: 5, 클라이언트 ID: 1
[03:37:45.446] [WARNING] 잘못된 패킷 타입: 5, 클라이언트 ID: 2
[03:37:45.455] [WARNING] 잘못된 패킷 타입: 5, 클라이언트 ID: 1
[03:37:45.456] [WARNING] 잘못된 패킷 타입: 5, 클라이언트 ID: 2
[03:37:45.466] [WARNING] 잘못된 패킷 타입: 5, 클라이언트 ID: 1
[03:37:45.467] [WARNING] 잘못된 패킷 타입: 5, 클라이언트 ID: 2
[03:37:45.476] [WARNING] 잘못된 패킷 타입: 5, 클라이언트 ID: 1
[03:37:45.477] [WARNING] 잘못된 패킷 타입: 5, 클라이언트 ID: 2
[03:37:45.488] [WARNING] 잘못된 패킷 타입: 5, 클라이언트 ID: 1
[03:37:45.488] [WARNING] 잘못된 패킷 타입: 5, 클라이언트 ID: 2
[03:37:45.497] [WARNING] 잘못된 패킷 타입: 5, 클라이언트 ID: 1
[03:37:45.498] [WARNING] 잘못된 패킷 타입: 5, 클라이언트 ID: 2
[03:37:45.507] [WARNING] 잘못된 패킷 타입: 5, 클라이언트 ID: 1
[03:37:45.508] [WARNING] 잘못된 패킷 타입: 5, 클라이언트 ID: 2
[03:37:45.518] [WARNING] 잘못된 패킷 타입: 5, 클라이언트 ID: 1
[03:37:45.519] [WARNING] 잘못된 패킷 타입: 5, 클라이언트 ID: 2
[03:37:45.534] [WARNING] 잘못된 패킷 타입: 5, 클라이언트 ID: 1
[03:37:45.535] [WARNING] 잘못된 패킷 타입: 5, 클라이언트 ID: 2
[03:37:45.543] [WARNING] 잘못된 패킷 타입: 5, 클라이언트 ID: 1
[03:37:45.544] [WARNING] 잘못된 패킷 타입: 5, 클라이언트 ID: 2
[03:37:45.552] [WARNING] 잘못된 패킷 타입: 5, 클라이언트 ID: 1
[03:37:45.552] [WARNING] 잘못된 패킷 타입: 5, 클라이언트 ID: 2
[03:37:45.562] [WARNING] 잘못된 패킷 타입: 5, 클라이언트 ID: 1
[03:37:45.563] [WARNING] 잘못된 패킷 타입: 5, 클라이언트 ID: 2
[03:37:45.573] [WARNING] 잘못된 패킷 타입: 5, 클라이언트 ID: 1
[03:37:45.574] [WARNING] 잘못된 패킷 타입: 5, 클라이언트 ID: 2
[03:37:45.585] [WARNING] 잘못된 패킷 타입: 5, 클라이언트 ID: 1
[03:37:45.586] [WARNING] 잘못된 패킷 타입: 5, 클라이언트 ID: 2
[03:37:45.594] [WARNING] 잘못된 패킷 타입: 5, 클라이언트 ID: 1
[03:37:45.595] [WARNING] 잘못된 패킷 타입: 5, 클라이언트 ID: 2
[03:37:45.605] [WARNING] 잘못된 패킷 타입: 5, 클라이언트 ID: 1
[03:37:45.605] [WARNING] 잘못된 패킷 타입: 5, 클라이언트 ID: 2
[03:37:45.621] [WARNING] 잘못된 패킷 타입: 5, 클라이언트 ID: 1
[03:37:45.622] [WARNING] 잘못된 패킷 타입: 5, 클라이언트 ID: 2
[03:37:45.634] [WARNING] 잘못된 패킷 타입: 5, 클라이언트 ID: 1
[03:37:45.634] [WARNING] 잘못된 패킷 타입: 5, 클라이언트 ID: 2
[03:37:45.642] [WARNING] 잘못된 패킷 타입: 5, 클라이언트 ID: 1
[03:37:45.643] [WARNING] 잘못된 패킷 타입: 5, 클라이언트 ID: 2
[03:37:45.651] [WARNING] 잘못된 패킷 타입: 5, 클라이언트 ID: 1
[03:37:45.652] [WARNING] 잘못된 패킷 타입: 5, 클라이언트 ID: 2
[03:37:45.661] [WARNING] 잘못된 패킷 타입: 5, 클라이언트 ID: 1
[03:37:45.662] [WARNING] 잘못된 패킷 타입: 5, 클라이언트 ID: 2
[03:37:45.673] [WARNING] 잘못된 패킷 타입: 5, 클라이언트 ID: 1
[03:37:45.674] [WARNING] 잘못된 패킷 타입: 5, 클라이언트 ID: 2
[03:37:45.682] [WARNING] 잘못된 패킷 타입: 5, 클라이언트 ID: 1
[03:37:45.683] [WARNING] 잘못된 패킷 타입: 5, 클라이언트 ID: 2
[03:37:45.694] [WARNING] 잘못된 패킷 타입: 5, 클라이언트 ID: 1
[03:37:45.694] [WARNING] 잘못된 패킷 타입: 5, 클라이언트 ID: 2
[03:37:45.703] [WARNING] 잘못된 패킷 타입: 5, 클라이언트 ID: 1
[03:37:45.704] [WARNING] 잘못된 패킷 타입: 5, 클라이언트 ID: 2
[03:37:45.714] [WARNING] 잘못된 패킷 타입: 5, 클라이언트 ID: 1
[03:37:45.714] [WARNING] 잘못된 패킷 타입: 5, 클라이언트 ID: 2
[03:37:45.724] [WARNING] 잘못된 패킷 타입: 5, 클라이언트 ID: 1
[03:37:45.725] [WARNING] 잘못된 패킷 타입: 5, 클라이언트 ID: 2
[03:37:45.735] [WARNING] 잘못된 패킷 타입: 5, 클라이언트 ID: 1
[03:37:45.735] [WARNING] 잘못된 패킷 타입: 5, 클라이언트 ID: 2
[03:37:45.746] [WARNING] 잘못된 패킷 타입: 5, 클라이언트 ID: 1
[03:37:45.746] [WARNING] 잘못된 패킷 타입: 5, 클라이언트 ID: 2
[03:37:45.756] [WARNING] 잘못된 패킷 타입: 5, 클라이언트 ID: 1
[03:37:45.757] [WARNING] 잘못된 패킷 타입: 5, 클라이언트 ID: 2
[03:37:45.767] [WARNING] 잘못된 패킷 타입: 5, 클라이언트 ID: 1
[03:37:45.768] [WARNING] 잘못된 패킷 타입: 5, 클라이언트 ID: 2
[03:37:45.778] [WARNING] 잘못된 패킷 타입: 5, 클라이언트 ID: 1
[03:37:45.778] [WARNING] 잘못된 패킷 타입: 5, 클라이언트 ID: 2
[03:37:45.788] [WARNING] 잘못된 패킷 타입: 5, 클라이언트 ID: 1
[03:37:45.789] [WARNING] 잘못된 패킷 타입: 5, 클라이언트 ID: 2
[03:37:45.799] [WARNING] 잘못된 패킷 타입: 5, 클라이언트 ID: 1
[03:37:45.800] [WARNING] 잘못된 패킷 타입: 5, 클라이언트 ID: 2
[03:37:45.809] [WARNING] 잘못된 패킷 타입: 5, 클라이언트 ID: 1
[03:37:45.809] [WARNING] 잘못된 패킷 타입: 5, 클라이언트 ID: 2
[03:37:45.820] [WARNING] 잘못된 패킷 타입: 5, 클라이언트 ID: 1
[03:37:45.821] [WARNING] 잘못된 패킷 타입: 5, 클라이언트 ID: 2
[03:37:45.830] [WARNING] 잘못된 패킷 타입: 5, 클라이언트 ID: 1
[03:37:45.831] [WARNING] 잘못된 패킷 타입: 5, 클라이언트 ID: 2
[03:37:45.840] [WARNING] 잘못된 패킷 타입: 5, 클라이언트 ID: 1
[03:37:45.841] [WARNING] 잘못된 패킷 타입: 5, 클라이언트 ID: 2
[03:37:45.851] [WARNING] 잘못된 패킷 타입: 5, 클라이언트 ID: 1
[03:37:45.851] [WARNING] 잘못된 패킷 타입: 5, 클라이언트 ID: 2
[03:37:45.862] [WARNING] 잘못된 패킷 타입: 5, 클라이언트 ID: 1
[03:37:45.863] [WARNING] 잘못된 패킷 타입: 5, 클라이언트 ID: 2
[03:37:45.872] [WARNING] 잘못된 패킷 타입: 5, 클라이언트 ID: 1
[03:37:45.872] [WARNING] 잘못된 패킷 타입: 5, 클라이언트 ID: 2
[03:37:45.884] [WARNING] 잘못된 패킷 타입: 5, 클라이언트 ID: 1
[03:37:45.884] [WARNING] 잘못된 패킷 타입: 5, 클라이언트 ID: 2
[03:37:45.893] [WARNING] 잘못된 패킷 타입: 5, 클라이언트 ID: 1
[03:37:45.894] [WARNING] 잘못된 패킷 타입: 5, 클라이언트 ID: 2
[03:37:45.911] [WARNING] 잘못된 패킷 타입: 5, 클라이언트 ID: 1
[03:37:45.911] [WARNING] 잘못된 패킷 타입: 5, 클라이언트 ID: 2
[03:37:45.924] [WARNING] 잘못된 패킷 타입: 5, 클라이언트 ID: 1
[03:37:45.924] [WARNING] 잘못된 패킷 타입: 5, 클라이언트 ID: 2
[03:37:45.936] [WARNING] 잘못된 패킷 타입: 5, 클라이언트 ID: 1
[03:37:45.937] [WARNING] 잘못된 패킷 타입: 5, 클라이언트 ID: 2
[03:37:45.944] [WARNING] 잘못된 패킷 타입: 5, 클라이언트 ID: 1
[03:37:45.945] [WARNING] 잘못된 패킷 타입: 5, 클라이언트 ID: 2
[03:37:45.953] [WARNING] 잘못된 패킷 타입: 5, 클라이언트 ID: 1
[03:37:45.954] [WARNING] 잘못된 패킷 타입: 5, 클라이언트 ID: 2
[03:37:45.964] [WARNING] 잘못된 패킷 타입: 5, 클라이언트 ID: 1
[03:37:45.965] [WARNING] 잘못된 패킷 타입: 5, 클라이언트 ID: 2
[03:37:45.975] [WARNING] 잘못된 패킷 타입: 5, 클라이언트 ID: 1
[03:37:45.976] [WARNING] 잘못된 패킷 타입: 5, 클라이언트 ID: 2
[03:37:45.986] [WARNING] 잘못된 패킷 타입: 5, 클라이언트 ID: 1
[03:37:45.986] [WARNING] 잘못된 패킷 타입: 5, 클라이언트 ID: 2
[03:37:46.002] [WARNING] 잘못된 패킷 타입: 5, 클라이언트 ID: 1
[03:37:46.002] [WARNING] 잘못된 패킷 타입: 5, 클라이언트 ID: 2
[03:37:46.015] [WARNING] 잘못된 패킷 타입: 5, 클라이언트 ID: 1
[03:37:46.015] [WARNING] 잘못된 패킷 타입: 5, 클라이언트 ID: 2
[03:37:46.023] [WARNING] 잘못된 패킷 타입: 5, 클라이언트 ID: 1
[03:37:46.023] [WARNING] 잘못된 패킷 타입: 5, 클라이언트 ID: 2
[03:37:46.032] [WARNING] 잘못된 패킷 타입: 5, 클라이언트 ID: 1
[03:37:46.033] [WARNING] 잘못된 패킷 타입: 5, 클라이언트 ID: 2
[03:37:46.041] [WARNING] 잘못된 패킷 타입: 5, 클라이언트 ID: 1
[03:37:46.042] [WARNING] 잘못된 패킷 타입: 5, 클라이언트 ID: 2
[03:37:46.052] [WARNING] 잘못된 패킷 타입: 5, 클라이언트 ID: 1
[03:37:46.053] [WARNING] 잘못된 패킷 타입: 5, 클라이언트 ID: 2
[03:37:46.070] [WARNING] 잘못된 패킷 타입: 5, 클라이언트 ID: 1
[03:37:46.070] [WARNING] 잘못된 패킷 타입: 5, 클라이언트 ID: 2
[03:37:46.078] [WARNING] 잘못된 패킷 타입: 5, 클라이언트 ID: 1
[03:37:46.078] [WARNING] 잘못된 패킷 타입: 5, 클라이언트 ID: 2
[03:37:46.087] [WARNING] 잘못된 패킷 타입: 5, 클라이언트 ID: 1
[03:37:46.088] [WARNING] 잘못된 패킷 타입: 5, 클라이언트 ID: 2
[03:37:46.098] [WARNING] 잘못된 패킷 타입: 5, 클라이언트 ID: 1
[03:37:46.098] [WARNING] 잘못된 패킷 타입: 5, 클라이언트 ID: 2
[03:37:46.108] [WARNING] 잘못된 패킷 타입: 5, 클라이언트 ID: 1
[03:37:46.109] [WARNING] 잘못된 패킷 타입: 5, 클라이언트 ID: 2
[03:37:46.120] [WARNING] 잘못된 패킷 타입: 5, 클라이언트 ID: 1
[03:37:46.120] [WARNING] 잘못된 패킷 타입: 5, 클라이언트 ID: 2
[03:37:46.129] [WARNING] 잘못된 패킷 타입: 5, 클라이언트 ID: 1
[03:37:46.130] [WARNING] 잘못된 패킷 타입: 5, 클라이언트 ID: 2
[03:37:46.147] [WARNING] 잘못된 패킷 타입: 5, 클라이언트 ID: 1
[03:37:46.147] [WARNING] 잘못된 패킷 타입: 5, 클라이언트 ID: 2
[03:37:46.155] [WARNING] 잘못된 패킷 타입: 5, 클라이언트 ID: 1
[03:37:46.156] [WARNING] 잘못된 패킷 타입: 5, 클라이언트 ID: 2
[03:37:46.165] [WARNING] 잘못된 패킷 타입: 5, 클라이언트 ID: 1
[03:37:46.165] [WARNING] 잘못된 패킷 타입: 5, 클라이언트 ID: 2
[03:37:46.175] [WARNING] 잘못된 패킷 타입: 5, 클라이언트 ID: 1
[03:37:46.176] [WARNING] 잘못된 패킷 타입: 5, 클라이언트 ID: 2
[03:37:46.186] [WARNING] 잘못된 패킷 타입: 5, 클라이언트 ID: 1
[03:37:46.186] [WARNING] 잘못된 패킷 타입: 5, 클라이언트 ID: 2
[03:37:46.196] [WARNING] 잘못된 패킷 타입: 5, 클라이언트 ID: 1
[03:37:46.197] [WARNING] 잘못된 패킷 타입: 5, 클라이언트 ID: 2
[03:37:46.207] [WARNING] 잘못된 패킷 타입: 5, 클라이언트 ID: 1
[03:37:46.208] [WARNING] 잘못된 패킷 타입: 5, 클라이언트 ID: 2
[03:37:46.218] [WARNING] 잘못된 패킷 타입: 5, 클라이언트 ID: 1
[03:37:46.218] [WARNING] 잘못된 패킷 타입: 5, 클라이언트 ID: 2
[03:37:46.228] [WARNING] 잘못된 패킷 타입: 5, 클라이언트 ID: 1
[03:37:46.229] [WARNING] 잘못된 패킷 타입: 5, 클라이언트 ID: 2
[03:37:46.240] [WARNING] 잘못된 패킷 타입: 5, 클라이언트 ID: 1
[03:37:46.241] [WARNING] 잘못된 패킷 타입: 5, 클라이언트 ID: 2
[03:37:46.249] [WARNING] 잘못된 패킷 타입: 5, 클라이언트 ID: 1
[03:37:46.250] [WARNING] 잘못된 패킷 타입: 5, 클라이언트 ID: 2
[03:37:46.260] [WARNING] 잘못된 패킷 타입: 5, 클라이언트 ID: 1
[03:37:46.261] [WARNING] 잘못된 패킷 타입: 5, 클라이언트 ID: 2
[03:37:46.272] [WARNING] 잘못된 패킷 타입: 5, 클라이언트 ID: 1
[03:37:46.273] [WARNING] 잘못된 패킷 타입: 5, 클라이언트 ID: 2
[03:37:46.284] [WARNING] 잘못된 패킷 타입: 5, 클라이언트 ID: 1
[03:37:46.284] [WARNING] 잘못된 패킷 타입: 5, 클라이언트 ID: 2
[03:37:46.296] [WARNING] 잘못된 패킷 타입: 5, 클라이언트 ID: 1
[03:37:46.296] [WARNING] 잘못된 패킷 타입: 5, 클라이언트 ID: 2
[03:37:46.308] [WARNING] 잘못된 패킷 타입: 5, 클라이언트 ID: 1
[03:37:46.309] [WARNING] 잘못된 패킷 타입: 5, 클라이언트 ID: 2
[03:37:46.320] [WARNING] 잘못된 패킷 타입: 5, 클라이언트 ID: 1
[03:37:46.321] [WARNING] 잘못된 패킷 타입: 5, 클라이언트 ID: 2
[03:37:46.332] [WARNING] 잘못된 패킷 타입: 5, 클라이언트 ID: 1
[03:37:46.334] [WARNING] 잘못된 패킷 타입: 5, 클라이언트 ID: 2
[03:37:46.344] [WARNING] 잘못된 패킷 타입: 5, 클라이언트 ID: 1
[03:37:46.344] [WARNING] 잘못된 패킷 타입: 5, 클라이언트 ID: 2
[03:37:46.358] [WARNING] 잘못된 패킷 타입: 5, 클라이언트 ID: 1
[03:37:46.359] [WARNING] 잘못된 패킷 타입: 5, 클라이언트 ID: 2
[03:37:46.367] [WARNING] 잘못된 패킷 타입: 5, 클라이언트 ID: 1
[03:37:46.368] [WARNING] 잘못된 패킷 타입: 5, 클라이언트 ID: 2
[03:37:46.378] [WARNING] 잘못된 패킷 타입: 5, 클라이언트 ID: 1
[03:37:46.379] [WARNING] 잘못된 패킷 타입: 5, 클라이언트 ID: 2
[03:37:46.390] [WARNING] 잘못된 패킷 타입: 5, 클라이언트 ID: 1
[03:37:46.391] [WARNING] 잘못된 패킷 타입: 5, 클라이언트 ID: 2
[03:37:46.401] [WARNING] 잘못된 패킷 타입: 5, 클라이언트 ID: 1
[03:37:46.402] [WARNING] 잘못된 패킷 타입: 5, 클라이언트 ID: 2
[03:37:46.414] [WARNING] 잘못된 패킷 타입: 5, 클라이언트 ID: 1
[03:37:46.415] [WARNING] 잘못된 패킷 타입: 5, 클라이언트 ID: 2
[03:37:46.425] [WARNING] 잘못된 패킷 타입: 5, 클라이언트 ID: 1
[03:37:46.426] [WARNING] 잘못된 패킷 타입: 5, 클라이언트 ID: 2
[03:37:46.438] [WARNING] 잘못된 패킷 타입: 5, 클라이언트 ID: 1
[03:37:46.439] [WARNING] 잘못된 패킷 타입: 5, 클라이언트 ID: 2
[03:37:46.449] [WARNING] 잘못된 패킷 타입: 5, 클라이언트 ID: 1
[03:37:46.450] [WARNING] 잘못된 패킷 타입: 5, 클라이언트 ID: 2
[03:37:46.461] [WARNING] 잘못된 패킷 타입: 5, 클라이언트 ID: 1
[03:37:46.462] [WARNING] 잘못된 패킷 타입: 5, 클라이언트 ID: 2
[03:37:46.474] [WARNING] 잘못된 패킷 타입: 5, 클라이언트 ID: 1
[03:37:46.475] [WARNING] 잘못된 패킷 타입: 5, 클라이언트 ID: 2
[03:37:46.484] [WARNING] 잘못된 패킷 타입: 5, 클라이언트 ID: 1
[03:37:46.485] [WARNING] 잘못된 패킷 타입: 5, 클라이언트 ID: 2
[03:37:46.496] [WARNING] 잘못된 패킷 타입: 5, 클라이언트 ID: 1
[03:37:46.497] [WARNING] 잘못된 패킷 타입: 5, 클라이언트 ID: 2
[03:37:46.508] [WARNING] 잘못된 패킷 타입: 5, 클라이언트 ID: 1
[03:37:46.509] [WARNING] 잘못된 패킷 타입: 5, 클라이언트 ID: 2
[03:37:46.520] [WARNING] 잘못된 패킷 타입: 5, 클라이언트 ID: 1
[03:37:46.521] [WARNING] 잘못된 패킷 타입: 5, 클라이언트 ID: 2
[03:37:46.532] [WARNING] 잘못된 패킷 타입: 5, 클라이언트 ID: 1
[03:37:46.532] [WARNING] 잘못된 패킷 타입: 5, 클라이언트 ID: 2
[03:37:46.544] [WARNING] 잘못된 패킷 타입: 5, 클라이언트 ID: 1
[03:37:46.544] [WARNING] 잘못된 패킷 타입: 5, 클라이언트 ID: 2
[03:37:46.556] [WARNING] 잘못된 패킷 타입: 5, 클라이언트 ID: 1
[03:37:46.557] [WARNING] 잘못된 패킷 타입: 5, 클라이언트 ID: 2
[03:37:46.567] [WARNING] 잘못된 패킷 타입: 5, 클라이언트 ID: 1
[03:37:46.567] [WARNING] 잘못된 패킷 타입: 5, 클라이언트 ID: 2
[03:37:46.586] [WARNING] 잘못된 패킷 타입: 5, 클라이언트 ID: 1
[03:37:46.587] [WARNING] 잘못된 패킷 타입: 5, 클라이언트 ID: 2
[03:37:46.596] [WARNING] 잘못된 패킷 타입: 5, 클라이언트 ID: 1
[03:37:46.596] [WARNING] 잘못된 패킷 타입: 5, 클라이언트 ID: 2
[03:37:46.605] [WARNING] 잘못된 패킷 타입: 5, 클라이언트 ID: 1
[03:37:46.605] [WARNING] 잘못된 패킷 타입: 5, 클라이언트 ID: 2
[03:37:46.616] [WARNING] 잘못된 패킷 타입: 5, 클라이언트 ID: 1
[03:37:46.617] [WARNING] 잘못된 패킷 타입: 5, 클라이언트 ID: 2
[03:37:46.628] [WARNING] 잘못된 패킷 타입: 5, 클라이언트 ID: 1
[03:37:46.628] [WARNING] 잘못된 패킷 타입: 5, 클라이언트 ID: 2
[03:37:46.640] [WARNING] 잘못된 패킷 타입: 5, 클라이언트 ID: 1
[03:37:46.640] [WARNING] 잘못된 패킷 타입: 5, 클라이언트 ID: 2
[03:37:46.652] [WARNING] 잘못된 패킷 타입: 5, 클라이언트 ID: 1
[03:37:46.652] [WARNING] 잘못된 패킷 타입: 5, 클라이언트 ID: 2
[03:37:46.664] [WARNING] 잘못된 패킷 타입: 5, 클라이언트 ID: 1
[03:37:46.665] [WARNING] 잘못된 패킷 타입: 5, 클라이언트 ID: 2
[03:37:46.676] [WARNING] 잘못된 패킷 타입: 5, 클라이언트 ID: 1
[03:37:46.676] [WARNING] 잘못된 패킷 타입: 5, 클라이언트 ID: 2
[03:37:46.688] [WARNING] 잘못된 패킷 타입: 5, 클라이언트 ID: 1
[03:37:46.689] [WARNING] 잘못된 패킷 타입: 5, 클라이언트 ID: 2
[03:37:46.699] [WARNING] 잘못된 패킷 타입: 5, 클라이언트 ID: 1
[03:37:46.700] [WARNING] 잘못된 패킷 타입: 5, 클라이언트 ID: 2
[03:37:46.712] [WARNING] 잘못된 패킷 타입: 5, 클라이언트 ID: 1
[03:37:46.712] [WARNING] 잘못된 패킷 타입: 5, 클라이언트 ID: 2
[03:37:46.724] [WARNING] 잘못된 패킷 타입: 5, 클라이언트 ID: 1
[03:37:46.724] [WARNING] 잘못된 패킷 타입: 5, 클라이언트 ID: 2
[03:37:46.737] [WARNING] 잘못된 패킷 타입: 5, 클라이언트 ID: 1
[03:37:46.737] [WARNING] 잘못된 패킷 타입: 5, 클라이언트 ID: 2
[03:37:46.748] [WARNING] 잘못된 패킷 타입: 5, 클라이언트 ID: 1
[03:37:46.748] [WARNING] 잘못된 패킷 타입: 5, 클라이언트 ID: 2
[03:37:46.761] [WARNING] 잘못된 패킷 타입: 5, 클라이언트 ID: 1
[03:37:46.761] [WARNING] 잘못된 패킷 타입: 5, 클라이언트 ID: 2
[03:37:46.772] [WARNING] 잘못된 패킷 타입: 5, 클라이언트 ID: 1
[03:37:46.773] [WARNING] 잘못된 패킷 타입: 5, 클라이언트 ID: 2
[03:37:46.784] [WARNING] 잘못된 패킷 타입: 5, 클라이언트 ID: 1
[03:37:46.784] [WARNING] 잘못된 패킷 타입: 5, 클라이언트 ID: 2
[03:37:46.795] [WARNING] 잘못된 패킷 타입: 5, 클라이언트 ID: 1
[03:37:46.796] [WARNING] 잘못된 패킷 타입: 5, 클라이언트 ID: 2
[03:37:46.808] [WARNING] 잘못된 패킷 타입: 5, 클라이언트 ID: 1
[03:37:46.808] [WARNING] 잘못된 패킷 타입: 5, 클라이언트 ID: 2
[03:37:46.819] [WARNING] 잘못된 패킷 타입: 5, 클라이언트 ID: 1
[03:37:46.820] [WARNING] 잘못된 패킷 타입: 5, 클라이언트 ID: 2
[03:37:46.831] [WARNING] 잘못된 패킷 타입: 5, 클라이언트 ID: 1
[03:37:46.831] [WARNING] 잘못된 패킷 타입: 5, 클라이언트 ID: 2
[03:37:46.842] [WARNING] 잘못된 패킷 타입: 5, 클라이언트 ID: 1
[03:37:46.843] [WARNING] 잘못된 패킷 타입: 5, 클라이언트 ID: 2
[03:37:46.856] [WARNING] 잘못된 패킷 타입: 5, 클라이언트 ID: 1
[03:37:46.856] [WARNING] 잘못된 패킷 타입: 5, 클라이언트 ID: 2
[03:37:46.867] [WARNING] 잘못된 패킷 타입: 5, 클라이언트 ID: 1
[03:37:46.869] [WARNING] 잘못된 패킷 타입: 5, 클라이언트 ID: 2
[03:37:46.879] [WARNING] 잘못된 패킷 타입: 5, 클라이언트 ID: 1
[03:37:46.880] [WARNING] 잘못된 패킷 타입: 5, 클라이언트 ID: 2
[03:37:46.892] [WARNING] 잘못된 패킷 타입: 5, 클라이언트 ID: 1
[03:37:46.893] [WARNING] 잘못된 패킷 타입: 5, 클라이언트 ID: 2
[03:37:46.904] [WARNING] 잘못된 패킷 타입: 5, 클라이언트 ID: 1
[03:37:46.905] [WARNING] 잘못된 패킷 타입: 5, 클라이언트 ID: 2
[03:37:46.916] [WARNING] 잘못된 패킷 타입: 5, 클라이언트 ID: 1
[03:37:46.916] [WARNING] 잘못된 패킷 타입: 5, 클라이언트 ID: 2
[03:37:46.928] [WARNING] 잘못된 패킷 타입: 5, 클라이언트 ID: 1
[03:37:46.928] [WARNING] 잘못된 패킷 타입: 5, 클라이언트 ID: 2
[03:37:46.940] [WARNING] 잘못된 패킷 타입: 5, 클라이언트 ID: 1
[03:37:46.941] [WARNING] 잘못된 패킷 타입: 5, 클라이언트 ID: 2
[03:37:46.952] [WARNING] 잘못된 패킷 타입: 5, 클라이언트 ID: 1
[03:37:46.952] [WARNING] 잘못된 패킷 타입: 5, 클라이언트 ID: 2
[03:37:46.963] [WARNING] 잘못된 패킷 타입: 5, 클라이언트 ID: 1
[03:37:46.964] [WARNING] 잘못된 패킷 타입: 5, 클라이언트 ID: 2
[03:37:46.975] [WARNING] 잘못된 패킷 타입: 5, 클라이언트 ID: 1
[03:37:46.976] [WARNING] 잘못된 패킷 타입: 5, 클라이언트 ID: 2
[03:37:46.987] [WARNING] 잘못된 패킷 타입: 5, 클라이언트 ID: 1
[03:37:46.988] [WARNING] 잘못된 패킷 타입: 5, 클라이언트 ID: 2
[03:37:47.000] [WARNING] 잘못된 패킷 타입: 5, 클라이언트 ID: 1
[03:37:47.001] [WARNING] 잘못된 패킷 타입: 5, 클라이언트 ID: 2
[03:37:47.011] [WARNING] 잘못된 패킷 타입: 5, 클라이언트 ID: 1
[03:37:47.012] [WARNING] 잘못된 패킷 타입: 5, 클라이언트 ID: 2
[03:37:47.024] [WARNING] 잘못된 패킷 타입: 5, 클라이언트 ID: 1
[03:37:47.025] [WARNING] 잘못된 패킷 타입: 5, 클라이언트 ID: 2
[03:37:47.036] [WARNING] 잘못된 패킷 타입: 5, 클라이언트 ID: 1
[03:37:47.037] [WARNING] 잘못된 패킷 타입: 5, 클라이언트 ID: 2
[03:37:47.049] [WARNING] 잘못된 패킷 타입: 5, 클라이언트 ID: 1
[03:37:47.050] [WARNING] 잘못된 패킷 타입: 5, 클라이언트 ID: 2
[03:37:47.061] [WARNING] 잘못된 패킷 타입: 5, 클라이언트 ID: 1
[03:37:47.061] [WARNING] 잘못된 패킷 타입: 5, 클라이언트 ID: 2
[03:37:47.072] [WARNING] 잘못된 패킷 타입: 5, 클라이언트 ID: 1
[03:37:47.073] [WARNING] 잘못된 패킷 타입: 5, 클라이언트 ID: 2
[03:37:47.083] [WARNING] 잘못된 패킷 타입: 5, 클라이언트 ID: 1
[03:37:47.083] [WARNING] 잘못된 패킷 타입: 5, 클라이언트 ID: 2
[03:37:47.094] [WARNING] 잘못된 패킷 타입: 5, 클라이언트 ID: 1
[03:37:47.095] [WARNING] 잘못된 패킷 타입: 5, 클라이언트 ID: 2
[03:37:47.106] [WARNING] 잘못된 패킷 타입: 5, 클라이언트 ID: 1
[03:37:47.107] [WARNING] 잘못된 패킷 타입: 5, 클라이언트 ID: 2
[03:37:47.117] [WARNING] 잘못된 패킷 타입: 5, 클라이언트 ID: 1
[03:37:47.118] [WARNING] 잘못된 패킷 타입: 5, 클라이언트 ID: 2
[03:37:47.129] [WARNING] 잘못된 패킷 타입: 5, 클라이언트 ID: 1
[03:37:47.130] [WARNING] 잘못된 패킷 타입: 5, 클라이언트 ID: 2
[03:37:47.141] [WARNING] 잘못된 패킷 타입: 5, 클라이언트 ID: 1
[03:37:47.142] [WARNING] 잘못된 패킷 타입: 5, 클라이언트 ID: 2
[03:37:47.152] [WARNING] 잘못된 패킷 타입: 5, 클라이언트 ID: 1
[03:37:47.152] [WARNING] 잘못된 패킷 타입: 5, 클라이언트 ID: 2
[03:37:47.162] [WARNING] 잘못된 패킷 타입: 5, 클라이언트 ID: 1
[03:37:47.164] [WARNING] 잘못된 패킷 타입: 5, 클라이언트 ID: 2
[03:37:47.174] [WARNING] 잘못된 패킷 타입: 5, 클라이언트 ID: 1
[03:37:47.175] [WARNING] 잘못된 패킷 타입: 5, 클라이언트 ID: 2
[03:37:47.184] [WARNING] 잘못된 패킷 타입: 5, 클라이언트 ID: 1
[03:37:47.185] [WARNING] 잘못된 패킷 타입: 5, 클라이언트 ID: 2
[03:37:47.195] [WARNING] 잘못된 패킷 타입: 5, 클라이언트 ID: 1
[03:37:47.195] [WARNING] 잘못된 패킷 타입: 5, 클라이언트 ID: 2
[03:37:47.205] [WARNING] 잘못된 패킷 타입: 5, 클라이언트 ID: 1
[03:37:47.206] [WARNING] 잘못된 패킷 타입: 5, 클라이언트 ID: 2
[03:37:47.217] [WARNING] 잘못된 패킷 타입: 5, 클라이언트 ID: 1
[03:37:47.218] [WARNING] 잘못된 패킷 타입: 5, 클라이언트 ID: 2
[03:37:47.228] [WARNING] 잘못된 패킷 타입: 5, 클라이언트 ID: 1
[03:37:47.228] [WARNING] 잘못된 패킷 타입: 5, 클라이언트 ID: 2
[03:37:47.238] [WARNING] 잘못된 패킷 타입: 5, 클라이언트 ID: 1
[03:37:47.239] [WARNING] 잘못된 패킷 타입: 5, 클라이언트 ID: 2
[03:37:47.249] [WARNING] 잘못된 패킷 타입: 5, 클라이언트 ID: 1
[03:37:47.251] [WARNING] 잘못된 패킷 타입: 5, 클라이언트 ID: 2
[03:37:47.260] [WARNING] 잘못된 패킷 타입: 5, 클라이언트 ID: 1
[03:37:47.261] [WARNING] 잘못된 패킷 타입: 5, 클라이언트 ID: 2
[03:37:47.272] [WARNING] 잘못된 패킷 타입: 5, 클라이언트 ID: 1
[03:37:47.272] [WARNING] 잘못된 패킷 타입: 5, 클라이언트 ID: 2
[03:37:47.283] [WARNING] 잘못된 패킷 타입: 5, 클라이언트 ID: 1
[03:37:47.283] [WARNING] 잘못된 패킷 타입: 5, 클라이언트 ID: 2
[03:37:47.293] [WARNING] 잘못된 패킷 타입: 5, 클라이언트 ID: 1
[03:37:47.294] [WARNING] 잘못된 패킷 타입: 5, 클라이언트 ID: 2
[03:37:47.304] [WARNING] 잘못된 패킷 타입: 5, 클라이언트 ID: 1
[03:37:47.304] [WARNING] 잘못된 패킷 타입: 5, 클라이언트 ID: 2
[03:37:47.315] [WARNING] 잘못된 패킷 타입: 5, 클라이언트 ID: 1
[03:37:47.315] [WARNING] 잘못된 패킷 타입: 5, 클라이언트 ID: 2
[03:37:47.326] [WARNING] 잘못된 패킷 타입: 5, 클라이언트 ID: 1
[03:37:47.326] [WARNING] 잘못된 패킷 타입: 5, 클라이언트 ID: 2
[03:37:47.338] [WARNING] 잘못된 패킷 타입: 5, 클라이언트 ID: 1
[03:37:47.338] [WARNING] 잘못된 패킷 타입: 5, 클라이언트 ID: 2
[03:37:47.347] [WARNING] 잘못된 패킷 타입: 5, 클라이언트 ID: 1
[03:37:47.348] [WARNING] 잘못된 패킷 타입: 5, 클라이언트 ID: 2
[03:37:47.359] [WARNING] 잘못된 패킷 타입: 5, 클라이언트 ID: 1
[03:37:47.359] [WARNING] 잘못된 패킷 타입: 5, 클라이언트 ID: 2
[03:37:47.369] [WARNING] 잘못된 패킷 타입: 5, 클라이언트 ID: 1
[03:37:47.370] [WARNING] 잘못된 패킷 타입: 5, 클라이언트 ID: 2
[03:37:47.380] [WARNING] 잘못된 패킷 타입: 5, 클라이언트 ID: 1
[03:37:47.381] [WARNING] 잘못된 패킷 타입: 5, 클라이언트 ID: 2
[03:37:47.391] [WARNING] 잘못된 패킷 타입: 5, 클라이언트 ID: 1
[03:37:47.392] [WARNING] 잘못된 패킷 타입: 5, 클라이언트 ID: 2
[03:37:47.402] [WARNING] 잘못된 패킷 타입: 5, 클라이언트 ID: 1
[03:37:47.403] [WARNING] 잘못된 패킷 타입: 5, 클라이언트 ID: 2
[03:37:47.413] [WARNING] 잘못된 패킷 타입: 5, 클라이언트 ID: 1
[03:37:47.414] [WARNING] 잘못된 패킷 타입: 5, 클라이언트 ID: 2
[03:37:47.424] [WARNING] 잘못된 패킷 타입: 5, 클라이언트 ID: 1
[03:37:47.425] [WARNING] 잘못된 패킷 타입: 5, 클라이언트 ID: 2
[03:37:47.436] [WARNING] 잘못된 패킷 타입: 5, 클라이언트 ID: 1
[03:37:47.436] [WARNING] 잘못된 패킷 타입: 5, 클라이언트 ID: 2
[03:37:47.446] [WARNING] 잘못된 패킷 타입: 5, 클라이언트 ID: 1
[03:37:47.447] [WARNING] 잘못된 패킷 타입: 5, 클라이언트 ID: 2
[03:37:47.457] [WARNING] 잘못된 패킷 타입: 5, 클라이언트 ID: 1
[03:37:47.458] [WARNING] 잘못된 패킷 타입: 5, 클라이언트 ID: 2
[03:37:47.474] [WARNING] 잘못된 패킷 타입: 5, 클라이언트 ID: 1
[03:37:47.475] [WARNING] 잘못된 패킷 타입: 5, 클라이언트 ID: 2
[03:37:47.488] [WARNING] 잘못된 패킷 타입: 5, 클라이언트 ID: 1
[03:37:47.489] [WARNING] 잘못된 패킷 타입: 5, 클라이언트 ID: 2
[03:37:47.501] [WARNING] 잘못된 패킷 타입: 5, 클라이언트 ID: 1
[03:37:47.502] [WARNING] 잘못된 패킷 타입: 5, 클라이언트 ID: 2
[03:37:47.515] [WARNING] 잘못된 패킷 타입: 5, 클라이언트 ID: 1
[03:37:47.515] [WARNING] 잘못된 패킷 타입: 5, 클라이언트 ID: 2
[03:37:47.526] [WARNING] 잘못된 패킷 타입: 5, 클라이언트 ID: 1
[03:37:47.526] [WARNING] 잘못된 패킷 타입: 5, 클라이언트 ID: 2
[03:37:47.539] [WARNING] 잘못된 패킷 타입: 5, 클라이언트 ID: 1
[03:37:47.540] [WARNING] 잘못된 패킷 타입: 5, 클라이언트 ID: 2
[03:37:47.552] [WARNING] 잘못된 패킷 타입: 5, 클라이언트 ID: 1
[03:37:47.552] [WARNING] 잘못된 패킷 타입: 5, 클라이언트 ID: 2
[03:37:47.565] [WARNING] 잘못된 패킷 타입: 5, 클라이언트 ID: 1
[03:37:47.566] [WARNING] 잘못된 패킷 타입: 5, 클라이언트 ID: 2
[03:37:47.573] [WARNING] 잘못된 패킷 타입: 5, 클라이언트 ID: 1
[03:37:47.574] [WARNING] 잘못된 패킷 타입: 5, 클라이언트 ID: 2
[03:37:47.583] [WARNING] 잘못된 패킷 타입: 5, 클라이언트 ID: 1
[03:37:47.584] [WARNING] 잘못된 패킷 타입: 5, 클라이언트 ID: 2
[03:37:47.593] [WARNING] 잘못된 패킷 타입: 5, 클라이언트 ID: 1
[03:37:47.594] [WARNING] 잘못된 패킷 타입: 5, 클라이언트 ID: 2
[03:37:47.605] [WARNING] 잘못된 패킷 타입: 5, 클라이언트 ID: 1
[03:37:47.606] [WARNING] 잘못된 패킷 타입: 5, 클라이언트 ID: 2
[03:37:47.622] [WARNING] 잘못된 패킷 타입: 5, 클라이언트 ID: 1
[03:37:47.622] [WARNING] 잘못된 패킷 타입: 5, 클라이언트 ID: 2
[03:37:47.634] [WARNING] 잘못된 패킷 타입: 5, 클라이언트 ID: 1
[03:37:47.635] [WARNING] 잘못된 패킷 타입: 5, 클라이언트 ID: 2
[03:37:47.648] [WARNING] 잘못된 패킷 타입: 5, 클라이언트 ID: 1
[03:37:47.648] [WARNING] 잘못된 패킷 타입: 5, 클라이언트 ID: 2
[03:37:47.661] [WARNING] 잘못된 패킷 타입: 5, 클라이언트 ID: 1
[03:37:47.662] [WARNING] 잘못된 패킷 타입: 5, 클라이언트 ID: 2
[03:37:47.674] [WARNING] 잘못된 패킷 타입: 5, 클라이언트 ID: 1
[03:37:47.675] [WARNING] 잘못된 패킷 타입: 5, 클라이언트 ID: 2
