[13:00:46.410] [INFO] 로깅 시스템 초기화됨
[13:00:46.411] [INFO] 서버 인스턴스 생성됨
[13:00:46.411] [INFO] 서버 초기화 시작 (포트: 9000)
[13:00:46.412] [INFO] 윈속 초기화 성공
[13:00:46.414] [INFO] 리스닝 소켓 생성 성공
[13:00:46.414] [INFO] 소켓 바인딩 성공 (포트: 9000)
[13:00:46.414] [INFO] 리스닝 시작됨
[13:00:46.414] [INFO] IOCP 생성 성공
[13:00:46.415] [INFO] CPU 코어 수: 16, 생성할 작업자 스레드: 16
[13:00:46.415] [INFO] 작업자 스레드 #1 생성됨
[13:00:46.416] [INFO] 작업자 스레드 시작 (ThreadID: 36592)
[13:00:46.416] [INFO] 작업자 스레드 #2 생성됨
[13:00:46.416] [INFO] 작업자 스레드 시작 (ThreadID: 34948)
[13:00:46.417] [INFO] 작업자 스레드 #3 생성됨
[13:00:46.417] [INFO] 작업자 스레드 시작 (ThreadID: 31184)
[13:00:46.417] [INFO] 작업자 스레드 #4 생성됨
[13:00:46.417] [INFO] 작업자 스레드 시작 (ThreadID: 2088)
[13:00:46.418] [INFO] 작업자 스레드 #5 생성됨
[13:00:46.418] [INFO] 작업자 스레드 시작 (ThreadID: 8504)
[13:00:46.418] [INFO] 작업자 스레드 #6 생성됨
[13:00:46.419] [INFO] 작업자 스레드 시작 (ThreadID: 35768)
[13:00:46.419] [INFO] 작업자 스레드 #7 생성됨
[13:00:46.419] [INFO] 작업자 스레드 시작 (ThreadID: 27668)
[13:00:46.420] [INFO] 작업자 스레드 #8 생성됨
[13:00:46.420] [INFO] 작업자 스레드 시작 (ThreadID: 9008)
[13:00:46.420] [INFO] 작업자 스레드 #9 생성됨
[13:00:46.420] [INFO] 작업자 스레드 시작 (ThreadID: 39672)
[13:00:46.421] [INFO] 작업자 스레드 #10 생성됨
[13:00:46.421] [INFO] 작업자 스레드 시작 (ThreadID: 41852)
[13:00:46.422] [INFO] 작업자 스레드 #11 생성됨
[13:00:46.422] [INFO] 작업자 스레드 시작 (ThreadID: 20228)
[13:00:46.422] [INFO] 작업자 스레드 #12 생성됨
[13:00:46.423] [INFO] 작업자 스레드 시작 (ThreadID: 41844)
[13:00:46.424] [INFO] 작업자 스레드 #13 생성됨
[13:00:46.424] [INFO] 작업자 스레드 시작 (ThreadID: 19712)
[13:00:46.424] [INFO] 작업자 스레드 #14 생성됨
[13:00:46.424] [INFO] 작업자 스레드 시작 (ThreadID: 41856)
[13:00:46.425] [INFO] 작업자 스레드 #15 생성됨
[13:00:46.425] [INFO] 작업자 스레드 시작 (ThreadID: 5820)
[13:00:46.426] [INFO] 작업자 스레드 #16 생성됨
[13:00:46.426] [INFO] 작업자 스레드 시작 (ThreadID: 15676)
[13:00:46.426] [INFO] 서버 초기화 완료
[13:00:46.426] [INFO] 서버 실행. 포트 번호: 9000
[13:00:46.426] [INFO] IOCP 멀티플레이어 서버 시작됨...
[13:00:46.427] [INFO] 서버 실행 시작
[13:00:48.947] [INFO] 새 클라이언트에게 ID 1 전송됨
[13:00:48.948] [INFO] 초기 위치 정보 전송됨 - 클라이언트 ID: 1, 위치: X=0.000000, Y=0.000000, Z=90.000000
[13:00:48.948] [INFO] 새 플레이어 정보(ID: 1) 브로드캐스트 - 수신자 수: 0
[13:00:48.948] [INFO] 기존 플레이어 정보 0개가 새 클라이언트(ID: 1)에게 전송됨
[13:00:48.948] [INFO] [서버] Ping 전송 - ClientId: 1
[13:00:48.949] [INFO] 위치 업데이트 - 클라이언트 ID: 1, 위치: X=0.000000, Y=0.000000, Z=90.000000, 속도: X=0.000000, Y=0.000000, Z=0.000000
[13:00:48.949] [INFO] 서버 FPS: 0.795229, 평균 프레임 시간: 251.500000ms, 클라이언트 수: 1
[13:00:49.281] [INFO] [서버] Ping 전송 - ClientId: 1
[13:00:49.613] [INFO] [서버] Ping 전송 - ClientId: 1
[13:00:49.946] [INFO] [서버] Ping 전송 - ClientId: 1
[13:00:50.279] [INFO] [서버] Ping 전송 - ClientId: 1
[13:00:50.613] [INFO] [서버] Ping 전송 - ClientId: 1
[13:00:50.946] [INFO] [서버] Ping 전송 - ClientId: 1
[13:00:51.279] [INFO] [서버] Ping 전송 - ClientId: 1
[13:00:51.614] [INFO] [서버] Ping 전송 - ClientId: 1
[13:00:51.947] [INFO] [서버] Ping 전송 - ClientId: 1
[13:00:52.280] [INFO] [서버] Ping 전송 - ClientId: 1
[13:00:52.613] [INFO] [서버] Ping 전송 - ClientId: 1
[13:00:52.947] [INFO] [서버] Ping 전송 - ClientId: 1
[13:00:53.280] [INFO] [서버] Ping 전송 - ClientId: 1
[13:00:53.615] [INFO] [서버] Ping 전송 - ClientId: 1
[13:00:53.947] [INFO] [서버] Ping 전송 - ClientId: 1
[13:00:54.281] [INFO] [서버] Ping 전송 - ClientId: 1
[13:00:54.616] [INFO] [서버] Ping 전송 - ClientId: 1
[13:00:54.948] [INFO] [서버] Ping 전송 - ClientId: 1
[13:00:54.958] [INFO] [서버] Ping 전송 - ClientId: 1
[13:00:54.966] [INFO] [서버] Ping 전송 - ClientId: 1
[13:00:54.974] [INFO] [서버] Ping 전송 - ClientId: 1
[13:00:55.150] [INFO] [서버] Ping 전송 - ClientId: 1
[13:00:55.162] [INFO] [서버] Ping 전송 - ClientId: 1
[13:00:55.175] [INFO] [서버] Ping 전송 - ClientId: 1
[13:00:55.187] [INFO] [서버] Ping 전송 - ClientId: 1
[13:00:55.201] [INFO] [서버] Ping 전송 - ClientId: 1
[13:00:55.212] [INFO] [서버] Ping 전송 - ClientId: 1
[13:00:55.224] [INFO] [서버] Ping 전송 - ClientId: 1
[13:00:55.236] [INFO] [서버] Ping 전송 - ClientId: 1
[13:00:55.248] [INFO] [서버] Ping 전송 - ClientId: 1
[13:00:55.261] [INFO] [서버] Ping 전송 - ClientId: 1
[13:00:55.272] [INFO] [서버] Ping 전송 - ClientId: 1
[13:00:55.284] [INFO] [서버] Ping 전송 - ClientId: 1
[13:00:55.296] [INFO] [서버] Ping 전송 - ClientId: 1
[13:00:55.308] [INFO] [서버] Ping 전송 - ClientId: 1
[13:00:55.320] [INFO] [서버] Ping 전송 - ClientId: 1
[13:00:55.333] [INFO] [서버] Ping 전송 - ClientId: 1
[13:00:55.345] [INFO] [서버] Ping 전송 - ClientId: 1
[13:00:55.357] [INFO] [서버] Ping 전송 - ClientId: 1
[13:00:55.369] [INFO] [서버] Ping 전송 - ClientId: 1
[13:00:55.380] [INFO] [서버] Ping 전송 - ClientId: 1
[13:00:55.391] [INFO] [서버] Ping 전송 - ClientId: 1
[13:00:55.410] [INFO] [서버] Ping 전송 - ClientId: 1
[13:00:55.423] [INFO] [서버] Ping 전송 - ClientId: 1
[13:00:55.434] [INFO] [서버] Ping 전송 - ClientId: 1
[13:00:55.445] [INFO] [서버] Ping 전송 - ClientId: 1
[13:00:55.456] [INFO] [서버] Ping 전송 - ClientId: 1
[13:00:55.467] [INFO] [서버] Ping 전송 - ClientId: 1
[13:00:55.478] [INFO] [서버] Ping 전송 - ClientId: 1
[13:00:55.490] [INFO] [서버] Ping 전송 - ClientId: 1
[13:00:55.501] [INFO] [서버] Ping 전송 - ClientId: 1
[13:00:55.554] [INFO] [서버] Ping 전송 - ClientId: 1
[13:00:55.564] [INFO] [서버] Ping 전송 - ClientId: 1
[13:00:55.574] [INFO] [서버] Ping 전송 - ClientId: 1
[13:00:55.584] [INFO] [서버] Ping 전송 - ClientId: 1
[13:00:55.595] [INFO] [서버] Ping 전송 - ClientId: 1
[13:00:55.606] [INFO] [서버] Ping 전송 - ClientId: 1
[13:00:55.617] [INFO] [서버] Ping 전송 - ClientId: 1
[13:00:55.629] [INFO] [서버] Ping 전송 - ClientId: 1
[13:00:55.640] [INFO] [서버] Ping 전송 - ClientId: 1
[13:00:55.652] [INFO] [서버] Ping 전송 - ClientId: 1
[13:00:55.663] [INFO] [서버] Ping 전송 - ClientId: 1
[13:00:55.674] [INFO] [서버] Ping 전송 - ClientId: 1
[13:00:55.685] [INFO] [서버] Ping 전송 - ClientId: 1
[13:00:55.696] [INFO] [서버] Ping 전송 - ClientId: 1
[13:00:55.707] [INFO] [서버] Ping 전송 - ClientId: 1
[13:00:55.719] [INFO] [서버] Ping 전송 - ClientId: 1
[13:00:55.730] [INFO] [서버] Ping 전송 - ClientId: 1
[13:00:55.741] [INFO] [서버] Ping 전송 - ClientId: 1
[13:00:55.752] [INFO] [서버] Ping 전송 - ClientId: 1
[13:00:55.764] [INFO] [서버] Ping 전송 - ClientId: 1
[13:00:55.775] [INFO] [서버] Ping 전송 - ClientId: 1
[13:00:55.786] [INFO] [서버] Ping 전송 - ClientId: 1
[13:00:55.797] [INFO] [서버] Ping 전송 - ClientId: 1
[13:00:55.809] [INFO] [서버] Ping 전송 - ClientId: 1
[13:00:55.820] [INFO] [서버] Ping 전송 - ClientId: 1
[13:00:55.832] [INFO] [서버] Ping 전송 - ClientId: 1
[13:00:55.843] [INFO] [서버] Ping 전송 - ClientId: 1
[13:00:55.855] [INFO] [서버] Ping 전송 - ClientId: 1
[13:00:55.865] [INFO] [서버] Ping 전송 - ClientId: 1
[13:00:55.876] [INFO] [서버] Ping 전송 - ClientId: 1
[13:00:55.887] [INFO] [서버] Ping 전송 - ClientId: 1
[13:00:55.898] [INFO] [서버] Ping 전송 - ClientId: 1
[13:00:55.909] [INFO] [서버] Ping 전송 - ClientId: 1
[13:00:55.922] [INFO] [서버] Ping 전송 - ClientId: 1
[13:00:55.933] [INFO] [서버] Ping 전송 - ClientId: 1
[13:00:55.944] [INFO] [서버] Ping 전송 - ClientId: 1
[13:00:55.956] [INFO] [서버] Ping 전송 - ClientId: 1
[13:00:55.966] [INFO] [서버] Ping 전송 - ClientId: 1
[13:00:55.977] [INFO] [서버] Ping 전송 - ClientId: 1
[13:00:55.989] [INFO] [서버] Ping 전송 - ClientId: 1
[13:00:56.000] [INFO] [서버] Ping 전송 - ClientId: 1
[13:00:56.012] [INFO] [서버] Ping 전송 - ClientId: 1
[13:00:56.023] [INFO] [서버] Ping 전송 - ClientId: 1
[13:00:56.033] [INFO] [서버] Ping 전송 - ClientId: 1
[13:00:56.045] [INFO] [서버] Ping 전송 - ClientId: 1
[13:00:56.057] [INFO] [서버] Ping 전송 - ClientId: 1
[13:00:56.068] [INFO] [서버] Ping 전송 - ClientId: 1
[13:00:56.080] [INFO] [서버] Ping 전송 - ClientId: 1
[13:00:56.091] [INFO] [서버] Ping 전송 - ClientId: 1
[13:00:56.103] [INFO] [서버] Ping 전송 - ClientId: 1
[13:00:56.113] [INFO] [서버] Ping 전송 - ClientId: 1
[13:00:56.125] [INFO] [서버] Ping 전송 - ClientId: 1
[13:00:56.135] [INFO] [서버] Ping 전송 - ClientId: 1
[13:00:56.147] [INFO] [서버] Ping 전송 - ClientId: 1
[13:00:56.158] [INFO] [서버] Ping 전송 - ClientId: 1
[13:00:56.169] [INFO] [서버] Ping 전송 - ClientId: 1
[13:00:56.181] [INFO] [서버] Ping 전송 - ClientId: 1
[13:00:56.193] [INFO] [서버] Ping 전송 - ClientId: 1
[13:00:56.204] [INFO] [서버] Ping 전송 - ClientId: 1
[13:00:56.216] [INFO] [서버] Ping 전송 - ClientId: 1
[13:00:56.227] [INFO] [서버] Ping 전송 - ClientId: 1
[13:00:56.240] [INFO] [서버] Ping 전송 - ClientId: 1
[13:00:56.251] [INFO] [서버] Ping 전송 - ClientId: 1
[13:00:56.263] [INFO] [서버] Ping 전송 - ClientId: 1
[13:00:56.273] [INFO] [서버] Ping 전송 - ClientId: 1
[13:00:56.286] [INFO] [서버] Ping 전송 - ClientId: 1
[13:00:56.297] [INFO] [서버] Ping 전송 - ClientId: 1
[13:00:56.308] [INFO] [서버] Ping 전송 - ClientId: 1
[13:00:56.319] [INFO] [서버] Ping 전송 - ClientId: 1
[13:00:56.331] [INFO] [서버] Ping 전송 - ClientId: 1
[13:00:56.342] [INFO] [서버] Ping 전송 - ClientId: 1
[13:00:56.354] [INFO] [서버] Ping 전송 - ClientId: 1
[13:00:56.365] [INFO] [서버] Ping 전송 - ClientId: 1
[13:00:56.377] [INFO] [서버] Ping 전송 - ClientId: 1
[13:00:56.389] [INFO] [서버] Ping 전송 - ClientId: 1
[13:00:56.400] [INFO] [서버] Ping 전송 - ClientId: 1
[13:00:56.411] [INFO] [서버] Ping 전송 - ClientId: 1
[13:00:56.423] [INFO] [서버] Ping 전송 - ClientId: 1
[13:00:56.434] [INFO] [서버] Ping 전송 - ClientId: 1
[13:00:56.445] [INFO] [서버] Ping 전송 - ClientId: 1
[13:00:56.457] [INFO] [서버] Ping 전송 - ClientId: 1
[13:00:56.469] [INFO] [서버] Ping 전송 - ClientId: 1
[13:00:56.480] [INFO] [서버] Ping 전송 - ClientId: 1
[13:00:56.492] [INFO] [서버] Ping 전송 - ClientId: 1
[13:00:56.503] [INFO] [서버] Ping 전송 - ClientId: 1
[13:00:56.515] [INFO] [서버] Ping 전송 - ClientId: 1
[13:00:56.526] [INFO] [서버] Ping 전송 - ClientId: 1
[13:00:56.537] [INFO] [서버] Ping 전송 - ClientId: 1
[13:00:56.549] [INFO] [서버] Ping 전송 - ClientId: 1
[13:00:56.559] [INFO] [서버] Ping 전송 - ClientId: 1
[13:00:56.571] [INFO] [서버] Ping 전송 - ClientId: 1
[13:00:56.583] [INFO] [서버] Ping 전송 - ClientId: 1
[13:00:56.594] [INFO] [서버] Ping 전송 - ClientId: 1
[13:00:56.607] [INFO] [서버] Ping 전송 - ClientId: 1
[13:00:56.618] [INFO] [서버] Ping 전송 - ClientId: 1
[13:00:56.629] [INFO] [서버] Ping 전송 - ClientId: 1
[13:00:56.641] [INFO] [서버] Ping 전송 - ClientId: 1
[13:00:56.652] [INFO] [서버] Ping 전송 - ClientId: 1
[13:00:56.663] [INFO] [서버] Ping 전송 - ClientId: 1
[13:00:56.674] [INFO] [서버] Ping 전송 - ClientId: 1
[13:00:56.686] [INFO] [서버] Ping 전송 - ClientId: 1
[13:00:56.696] [INFO] [서버] Ping 전송 - ClientId: 1
[13:00:56.708] [INFO] [서버] Ping 전송 - ClientId: 1
[13:00:56.720] [INFO] [서버] Ping 전송 - ClientId: 1
[13:00:56.731] [INFO] [서버] Ping 전송 - ClientId: 1
[13:00:56.742] [INFO] [서버] Ping 전송 - ClientId: 1
[13:00:56.753] [INFO] [서버] Ping 전송 - ClientId: 1
[13:00:56.765] [INFO] [서버] Ping 전송 - ClientId: 1
[13:00:56.776] [INFO] [서버] Ping 전송 - ClientId: 1
[13:00:56.786] [INFO] [서버] Ping 전송 - ClientId: 1
[13:00:56.798] [INFO] [서버] Ping 전송 - ClientId: 1
[13:00:56.809] [INFO] [서버] Ping 전송 - ClientId: 1
[13:00:56.820] [INFO] [서버] Ping 전송 - ClientId: 1
[13:00:56.832] [INFO] [서버] Ping 전송 - ClientId: 1
[13:00:56.843] [INFO] [서버] Ping 전송 - ClientId: 1
[13:00:56.854] [INFO] [서버] Ping 전송 - ClientId: 1
[13:00:56.866] [INFO] [서버] Ping 전송 - ClientId: 1
[13:00:56.877] [INFO] [서버] Ping 전송 - ClientId: 1
[13:00:56.888] [INFO] [서버] Ping 전송 - ClientId: 1
[13:00:56.899] [INFO] [서버] Ping 전송 - ClientId: 1
[13:00:56.911] [INFO] [서버] Ping 전송 - ClientId: 1
[13:00:56.924] [INFO] [서버] Ping 전송 - ClientId: 1
[13:00:56.933] [INFO] [서버] Ping 전송 - ClientId: 1
[13:00:56.944] [INFO] [서버] Ping 전송 - ClientId: 1
[13:00:56.956] [INFO] [서버] Ping 전송 - ClientId: 1
[13:00:56.966] [INFO] [서버] Ping 전송 - ClientId: 1
[13:00:56.978] [INFO] [서버] Ping 전송 - ClientId: 1
[13:00:56.989] [INFO] [서버] Ping 전송 - ClientId: 1
[13:00:57.000] [INFO] [서버] Ping 전송 - ClientId: 1
[13:00:57.012] [INFO] [서버] Ping 전송 - ClientId: 1
[13:00:57.023] [INFO] [서버] Ping 전송 - ClientId: 1
[13:00:57.034] [INFO] [서버] Ping 전송 - ClientId: 1
[13:00:57.046] [INFO] [서버] Ping 전송 - ClientId: 1
[13:00:57.058] [INFO] [서버] Ping 전송 - ClientId: 1
[13:00:57.068] [INFO] [서버] Ping 전송 - ClientId: 1
[13:00:57.080] [INFO] [서버] Ping 전송 - ClientId: 1
[13:00:57.090] [INFO] [서버] Ping 전송 - ClientId: 1
[13:00:57.101] [INFO] [서버] Ping 전송 - ClientId: 1
[13:00:57.112] [INFO] [서버] Ping 전송 - ClientId: 1
[13:00:57.126] [INFO] [서버] Ping 전송 - ClientId: 1
[13:00:57.135] [INFO] [서버] Ping 전송 - ClientId: 1
[13:00:57.146] [INFO] [서버] Ping 전송 - ClientId: 1
[13:00:57.158] [INFO] [서버] Ping 전송 - ClientId: 1
[13:00:57.169] [INFO] [서버] Ping 전송 - ClientId: 1
[13:00:57.180] [INFO] [서버] Ping 전송 - ClientId: 1
[13:00:57.191] [INFO] [서버] Ping 전송 - ClientId: 1
[13:00:57.203] [INFO] [서버] Ping 전송 - ClientId: 1
[13:00:57.214] [INFO] [서버] Ping 전송 - ClientId: 1
[13:00:57.225] [INFO] [서버] Ping 전송 - ClientId: 1
[13:00:57.237] [INFO] [서버] Ping 전송 - ClientId: 1
[13:00:57.249] [INFO] [서버] Ping 전송 - ClientId: 1
[13:00:57.260] [INFO] [서버] Ping 전송 - ClientId: 1
[13:00:57.270] [INFO] [서버] Ping 전송 - ClientId: 1
[13:00:57.282] [INFO] [서버] Ping 전송 - ClientId: 1
[13:00:57.293] [INFO] [서버] Ping 전송 - ClientId: 1
[13:00:57.305] [INFO] [서버] Ping 전송 - ClientId: 1
[13:00:57.317] [INFO] [서버] Ping 전송 - ClientId: 1
[13:00:57.329] [INFO] [서버] Ping 전송 - ClientId: 1
[13:00:57.340] [INFO] [서버] Ping 전송 - ClientId: 1
[13:00:57.351] [INFO] [서버] Ping 전송 - ClientId: 1
[13:00:57.362] [INFO] [서버] Ping 전송 - ClientId: 1
[13:00:57.373] [INFO] [서버] Ping 전송 - ClientId: 1
[13:00:57.386] [INFO] [서버] Ping 전송 - ClientId: 1
[13:00:57.397] [INFO] [서버] Ping 전송 - ClientId: 1
[13:00:57.409] [INFO] [서버] Ping 전송 - ClientId: 1
[13:00:57.421] [INFO] [서버] Ping 전송 - ClientId: 1
[13:00:57.432] [INFO] [서버] Ping 전송 - ClientId: 1
[13:00:57.443] [INFO] [서버] Ping 전송 - ClientId: 1
[13:00:57.455] [INFO] [서버] Ping 전송 - ClientId: 1
[13:00:57.467] [INFO] [서버] Ping 전송 - ClientId: 1
[13:00:57.478] [INFO] [서버] Ping 전송 - ClientId: 1
[13:00:57.490] [INFO] [서버] Ping 전송 - ClientId: 1
[13:00:57.501] [INFO] [서버] Ping 전송 - ClientId: 1
[13:00:57.512] [INFO] [서버] Ping 전송 - ClientId: 1
[13:00:57.525] [INFO] [서버] Ping 전송 - ClientId: 1
[13:00:57.536] [INFO] [서버] Ping 전송 - ClientId: 1
[13:00:57.548] [INFO] [서버] Ping 전송 - ClientId: 1
[13:00:57.560] [INFO] [서버] Ping 전송 - ClientId: 1
[13:00:57.571] [INFO] [서버] Ping 전송 - ClientId: 1
[13:00:57.581] [INFO] [서버] Ping 전송 - ClientId: 1
[13:00:57.594] [INFO] [서버] Ping 전송 - ClientId: 1
[13:00:57.605] [INFO] [서버] Ping 전송 - ClientId: 1
[13:00:57.617] [INFO] [서버] Ping 전송 - ClientId: 1
[13:00:57.628] [INFO] [서버] Ping 전송 - ClientId: 1
[13:00:57.641] [INFO] [서버] Ping 전송 - ClientId: 1
[13:00:57.651] [INFO] [서버] Ping 전송 - ClientId: 1
[13:00:57.662] [INFO] [서버] Ping 전송 - ClientId: 1
[13:00:57.673] [INFO] [서버] Ping 전송 - ClientId: 1
[13:00:57.684] [INFO] [서버] Ping 전송 - ClientId: 1
[13:00:57.696] [INFO] [서버] Ping 전송 - ClientId: 1
[13:00:57.707] [INFO] [서버] Ping 전송 - ClientId: 1
[13:00:57.719] [INFO] [서버] Ping 전송 - ClientId: 1
[13:00:57.731] [INFO] [서버] Ping 전송 - ClientId: 1
[13:00:57.742] [INFO] [서버] Ping 전송 - ClientId: 1
[13:00:57.753] [INFO] [서버] Ping 전송 - ClientId: 1
[13:00:57.765] [INFO] [서버] Ping 전송 - ClientId: 1
[13:00:57.776] [INFO] [서버] Ping 전송 - ClientId: 1
[13:00:57.788] [INFO] [서버] Ping 전송 - ClientId: 1
[13:00:57.799] [INFO] [서버] Ping 전송 - ClientId: 1
[13:00:57.810] [INFO] [서버] Ping 전송 - ClientId: 1
[13:00:57.820] [INFO] [서버] Ping 전송 - ClientId: 1
[13:00:57.832] [INFO] [서버] Ping 전송 - ClientId: 1
[13:00:57.843] [INFO] [서버] Ping 전송 - ClientId: 1
[13:00:57.855] [INFO] [서버] Ping 전송 - ClientId: 1
[13:00:57.867] [INFO] [서버] Ping 전송 - ClientId: 1
[13:00:57.878] [INFO] [서버] Ping 전송 - ClientId: 1
[13:00:57.889] [INFO] [서버] Ping 전송 - ClientId: 1
[13:00:57.900] [INFO] [서버] Ping 전송 - ClientId: 1
[13:00:57.911] [INFO] [서버] Ping 전송 - ClientId: 1
[13:00:57.922] [INFO] [서버] Ping 전송 - ClientId: 1
[13:00:57.933] [INFO] [서버] Ping 전송 - ClientId: 1
[13:00:57.944] [INFO] [서버] Ping 전송 - ClientId: 1
[13:00:57.956] [INFO] [서버] Ping 전송 - ClientId: 1
[13:00:57.967] [INFO] [서버] Ping 전송 - ClientId: 1
[13:00:57.978] [INFO] [서버] Ping 전송 - ClientId: 1
[13:00:57.989] [INFO] [서버] Ping 전송 - ClientId: 1
[13:00:58.000] [INFO] [서버] Ping 전송 - ClientId: 1
[13:00:58.012] [INFO] [서버] Ping 전송 - ClientId: 1
[13:00:58.023] [INFO] [서버] Ping 전송 - ClientId: 1
[13:00:58.033] [INFO] [서버] Ping 전송 - ClientId: 1
[13:00:58.045] [INFO] [서버] Ping 전송 - ClientId: 1
[13:00:58.055] [INFO] [서버] Ping 전송 - ClientId: 1
[13:00:58.068] [INFO] [서버] Ping 전송 - ClientId: 1
[13:00:58.078] [INFO] [서버] Ping 전송 - ClientId: 1
[13:00:58.089] [INFO] [서버] Ping 전송 - ClientId: 1
[13:00:58.101] [INFO] [서버] Ping 전송 - ClientId: 1
[13:00:58.113] [INFO] [서버] Ping 전송 - ClientId: 1
[13:00:58.125] [INFO] [서버] Ping 전송 - ClientId: 1
[13:00:58.135] [INFO] [서버] Ping 전송 - ClientId: 1
[13:00:58.148] [INFO] [서버] Ping 전송 - ClientId: 1
[13:00:58.159] [INFO] [서버] Ping 전송 - ClientId: 1
[13:00:58.170] [INFO] [서버] Ping 전송 - ClientId: 1
[13:00:58.182] [INFO] [서버] Ping 전송 - ClientId: 1
[13:00:58.192] [INFO] [서버] Ping 전송 - ClientId: 1
[13:00:58.203] [INFO] [서버] Ping 전송 - ClientId: 1
[13:00:58.215] [INFO] [서버] Ping 전송 - ClientId: 1
[13:00:58.226] [INFO] [서버] Ping 전송 - ClientId: 1
[13:00:58.237] [INFO] [서버] Ping 전송 - ClientId: 1
[13:00:58.248] [INFO] [서버] Ping 전송 - ClientId: 1
[13:00:58.261] [INFO] [서버] Ping 전송 - ClientId: 1
[13:00:58.272] [INFO] [서버] Ping 전송 - ClientId: 1
[13:00:58.283] [INFO] [서버] Ping 전송 - ClientId: 1
[13:00:58.294] [INFO] [서버] Ping 전송 - ClientId: 1
[13:00:58.305] [INFO] [서버] Ping 전송 - ClientId: 1
[13:00:58.316] [INFO] [서버] Ping 전송 - ClientId: 1
[13:00:58.328] [INFO] [서버] Ping 전송 - ClientId: 1
[13:00:58.339] [INFO] [서버] Ping 전송 - ClientId: 1
[13:00:58.352] [INFO] [서버] Ping 전송 - ClientId: 1
[13:00:58.363] [INFO] [서버] Ping 전송 - ClientId: 1
[13:00:58.375] [INFO] [서버] Ping 전송 - ClientId: 1
[13:00:58.385] [INFO] [서버] Ping 전송 - ClientId: 1
[13:00:58.397] [INFO] [서버] Ping 전송 - ClientId: 1
[13:00:58.409] [INFO] [서버] Ping 전송 - ClientId: 1
[13:00:58.420] [INFO] [서버] Ping 전송 - ClientId: 1
[13:00:58.431] [INFO] [서버] Ping 전송 - ClientId: 1
[13:00:58.443] [INFO] [서버] Ping 전송 - ClientId: 1
[13:00:58.454] [INFO] [서버] Ping 전송 - ClientId: 1
[13:00:58.466] [INFO] [서버] Ping 전송 - ClientId: 1
[13:00:58.477] [INFO] [서버] Ping 전송 - ClientId: 1
[13:00:58.489] [INFO] [서버] Ping 전송 - ClientId: 1
[13:00:58.500] [INFO] [서버] Ping 전송 - ClientId: 1
[13:00:58.512] [INFO] [서버] Ping 전송 - ClientId: 1
[13:00:58.524] [INFO] [서버] Ping 전송 - ClientId: 1
[13:00:58.535] [INFO] [서버] Ping 전송 - ClientId: 1
[13:00:58.546] [INFO] [서버] Ping 전송 - ClientId: 1
[13:00:58.559] [INFO] [서버] Ping 전송 - ClientId: 1
[13:00:58.570] [INFO] [서버] Ping 전송 - ClientId: 1
[13:00:58.581] [INFO] [서버] Ping 전송 - ClientId: 1
[13:00:58.592] [INFO] [서버] Ping 전송 - ClientId: 1
[13:00:58.603] [INFO] [서버] Ping 전송 - ClientId: 1
[13:00:58.615] [INFO] [서버] Ping 전송 - ClientId: 1
[13:00:58.626] [INFO] [서버] Ping 전송 - ClientId: 1
[13:00:58.637] [INFO] [서버] Ping 전송 - ClientId: 1
[13:00:58.648] [INFO] [서버] Ping 전송 - ClientId: 1
[13:00:58.660] [INFO] [서버] Ping 전송 - ClientId: 1
[13:00:58.673] [INFO] [서버] Ping 전송 - ClientId: 1
[13:00:58.683] [INFO] [서버] Ping 전송 - ClientId: 1
[13:00:58.695] [INFO] [서버] Ping 전송 - ClientId: 1
[13:00:58.707] [INFO] [서버] Ping 전송 - ClientId: 1
[13:00:58.718] [INFO] [서버] Ping 전송 - ClientId: 1
[13:00:58.729] [INFO] [서버] Ping 전송 - ClientId: 1
[13:00:58.740] [INFO] [서버] Ping 전송 - ClientId: 1
[13:00:58.752] [INFO] [서버] Ping 전송 - ClientId: 1
[13:00:58.766] [INFO] [서버] Ping 전송 - ClientId: 1
[13:00:58.766] [INFO] 입력 패킷 수신 - 클라이언트 ID: 1, Forward: 0.000000, Right: 0.000000, Yaw: 0.000000, Jump: false, Attack: true
[13:00:58.774] [INFO] [서버] Ping 전송 - ClientId: 1
[13:00:58.775] [INFO] 입력 패킷 수신 - 클라이언트 ID: 1, Forward: 0.000000, Right: 0.000000, Yaw: 0.000000, Jump: false, Attack: true
[13:00:58.786] [INFO] [서버] Ping 전송 - ClientId: 1
[13:00:58.787] [INFO] 입력 패킷 수신 - 클라이언트 ID: 1, Forward: 0.000000, Right: 0.000000, Yaw: 0.000000, Jump: false, Attack: true
[13:00:58.798] [INFO] [서버] Ping 전송 - ClientId: 1
[13:00:58.798] [INFO] 입력 패킷 수신 - 클라이언트 ID: 1, Forward: 0.000000, Right: 0.000000, Yaw: 0.000000, Jump: false, Attack: true
[13:00:58.808] [INFO] [서버] Ping 전송 - ClientId: 1
[13:00:58.809] [INFO] 입력 패킷 수신 - 클라이언트 ID: 1, Forward: 0.000000, Right: 0.000000, Yaw: 0.000000, Jump: false, Attack: true
[13:00:58.820] [INFO] [서버] Ping 전송 - ClientId: 1
[13:00:58.832] [INFO] [서버] Ping 전송 - ClientId: 1
[13:00:58.843] [INFO] [서버] Ping 전송 - ClientId: 1
[13:00:58.854] [INFO] [서버] Ping 전송 - ClientId: 1
[13:00:58.866] [INFO] [서버] Ping 전송 - ClientId: 1
[13:00:58.877] [INFO] [서버] Ping 전송 - ClientId: 1
[13:00:58.888] [INFO] [서버] Ping 전송 - ClientId: 1
[13:00:58.900] [INFO] [서버] Ping 전송 - ClientId: 1
[13:00:58.913] [INFO] [서버] Ping 전송 - ClientId: 1
[13:00:58.923] [INFO] [서버] Ping 전송 - ClientId: 1
[13:00:58.934] [INFO] [서버] Ping 전송 - ClientId: 1
[13:00:58.946] [INFO] [서버] Ping 전송 - ClientId: 1
[13:00:58.958] [INFO] [서버] Ping 전송 - ClientId: 1
[13:00:58.970] [INFO] [서버] Ping 전송 - ClientId: 1
[13:00:58.983] [INFO] [서버] Ping 전송 - ClientId: 1
[13:00:58.995] [INFO] [서버] Ping 전송 - ClientId: 1
[13:00:59.006] [INFO] [서버] Ping 전송 - ClientId: 1
[13:00:59.018] [INFO] [서버] Ping 전송 - ClientId: 1
[13:00:59.018] [INFO] 입력 패킷 수신 - 클라이언트 ID: 1, Forward: 1.000000, Right: 0.000000, Yaw: 152.442902, Jump: false, Attack: false
[13:00:59.029] [INFO] [서버] Ping 전송 - ClientId: 1
[13:00:59.030] [INFO] 입력 패킷 수신 - 클라이언트 ID: 1, Forward: 1.000000, Right: 0.000000, Yaw: 154.017899, Jump: false, Attack: false
[13:00:59.041] [INFO] [서버] Ping 전송 - ClientId: 1
[13:00:59.041] [INFO] 입력 패킷 수신 - 클라이언트 ID: 1, Forward: 1.000000, Right: 0.000000, Yaw: 154.892899, Jump: false, Attack: false
[13:00:59.052] [INFO] [서버] Ping 전송 - ClientId: 1
[13:00:59.053] [INFO] 입력 패킷 수신 - 클라이언트 ID: 1, Forward: 1.000000, Right: 0.000000, Yaw: 156.467911, Jump: false, Attack: false
[13:00:59.066] [INFO] [서버] Ping 전송 - ClientId: 1
[13:00:59.066] [INFO] 입력 패킷 수신 - 클라이언트 ID: 1, Forward: 1.000000, Right: 0.000000, Yaw: 157.167908, Jump: false, Attack: false
[13:00:59.077] [INFO] [서버] Ping 전송 - ClientId: 1
[13:00:59.078] [INFO] 입력 패킷 수신 - 클라이언트 ID: 1, Forward: 1.000000, Right: 0.000000, Yaw: 158.217911, Jump: false, Attack: false
[13:00:59.088] [INFO] [서버] Ping 전송 - ClientId: 1
[13:00:59.089] [INFO] 입력 패킷 수신 - 클라이언트 ID: 1, Forward: 1.000000, Right: 0.000000, Yaw: 159.092911, Jump: false, Attack: false
[13:00:59.100] [INFO] [서버] Ping 전송 - ClientId: 1
[13:00:59.101] [INFO] 입력 패킷 수신 - 클라이언트 ID: 1, Forward: 1.000000, Right: 0.000000, Yaw: 159.267899, Jump: false, Attack: false
[13:00:59.111] [INFO] [서버] Ping 전송 - ClientId: 1
[13:00:59.112] [INFO] 입력 패킷 수신 - 클라이언트 ID: 1, Forward: 1.000000, Right: 0.000000, Yaw: 159.267899, Jump: false, Attack: false
[13:00:59.123] [INFO] [서버] Ping 전송 - ClientId: 1
[13:00:59.124] [INFO] 입력 패킷 수신 - 클라이언트 ID: 1, Forward: 1.000000, Right: 0.000000, Yaw: 159.267899, Jump: false, Attack: false
[13:00:59.135] [INFO] [서버] Ping 전송 - ClientId: 1
[13:00:59.135] [INFO] 입력 패킷 수신 - 클라이언트 ID: 1, Forward: 1.000000, Right: 0.000000, Yaw: 159.267899, Jump: false, Attack: false
[13:00:59.146] [INFO] [서버] Ping 전송 - ClientId: 1
[13:00:59.146] [INFO] 입력 패킷 수신 - 클라이언트 ID: 1, Forward: 1.000000, Right: 0.000000, Yaw: 159.267899, Jump: false, Attack: false
[13:00:59.158] [INFO] [서버] Ping 전송 - ClientId: 1
[13:00:59.159] [INFO] 입력 패킷 수신 - 클라이언트 ID: 1, Forward: 1.000000, Right: 0.000000, Yaw: 159.267899, Jump: false, Attack: false
[13:00:59.170] [INFO] [서버] Ping 전송 - ClientId: 1
[13:00:59.170] [INFO] 입력 패킷 수신 - 클라이언트 ID: 1, Forward: 1.000000, Right: 0.000000, Yaw: 159.267899, Jump: false, Attack: false
[13:00:59.183] [INFO] [서버] Ping 전송 - ClientId: 1
[13:00:59.184] [INFO] 입력 패킷 수신 - 클라이언트 ID: 1, Forward: 1.000000, Right: 0.000000, Yaw: 159.267899, Jump: false, Attack: false
[13:00:59.194] [INFO] [서버] Ping 전송 - ClientId: 1
[13:00:59.195] [INFO] 입력 패킷 수신 - 클라이언트 ID: 1, Forward: 1.000000, Right: 0.000000, Yaw: 159.267899, Jump: false, Attack: false
[13:00:59.206] [INFO] [서버] Ping 전송 - ClientId: 1
[13:00:59.206] [INFO] 입력 패킷 수신 - 클라이언트 ID: 1, Forward: 1.000000, Right: 0.000000, Yaw: 159.267899, Jump: false, Attack: false
[13:00:59.218] [INFO] [서버] Ping 전송 - ClientId: 1
[13:00:59.218] [INFO] 입력 패킷 수신 - 클라이언트 ID: 1, Forward: 1.000000, Right: 0.000000, Yaw: 159.267899, Jump: false, Attack: false
[13:00:59.229] [INFO] [서버] Ping 전송 - ClientId: 1
[13:00:59.230] [INFO] 입력 패킷 수신 - 클라이언트 ID: 1, Forward: 1.000000, Right: 0.000000, Yaw: 159.267899, Jump: false, Attack: false
[13:00:59.241] [INFO] [서버] Ping 전송 - ClientId: 1
[13:00:59.241] [INFO] 입력 패킷 수신 - 클라이언트 ID: 1, Forward: 1.000000, Right: 0.000000, Yaw: 159.267899, Jump: false, Attack: false
[13:00:59.253] [INFO] [서버] Ping 전송 - ClientId: 1
[13:00:59.253] [INFO] 입력 패킷 수신 - 클라이언트 ID: 1, Forward: 1.000000, Right: 0.000000, Yaw: 159.267899, Jump: false, Attack: false
[13:00:59.264] [INFO] [서버] Ping 전송 - ClientId: 1
[13:00:59.265] [INFO] 입력 패킷 수신 - 클라이언트 ID: 1, Forward: 1.000000, Right: 0.000000, Yaw: 159.267899, Jump: false, Attack: false
[13:00:59.276] [INFO] [서버] Ping 전송 - ClientId: 1
[13:00:59.276] [INFO] 입력 패킷 수신 - 클라이언트 ID: 1, Forward: 1.000000, Right: 0.000000, Yaw: 159.267899, Jump: false, Attack: false
[13:00:59.288] [INFO] [서버] Ping 전송 - ClientId: 1
[13:00:59.289] [INFO] 입력 패킷 수신 - 클라이언트 ID: 1, Forward: 1.000000, Right: 0.000000, Yaw: 159.267899, Jump: false, Attack: false
[13:00:59.301] [INFO] [서버] Ping 전송 - ClientId: 1
[13:00:59.301] [INFO] 입력 패킷 수신 - 클라이언트 ID: 1, Forward: 1.000000, Right: 0.000000, Yaw: 159.267899, Jump: false, Attack: false
[13:00:59.312] [INFO] [서버] Ping 전송 - ClientId: 1
[13:00:59.312] [INFO] 입력 패킷 수신 - 클라이언트 ID: 1, Forward: 1.000000, Right: 0.000000, Yaw: 159.267899, Jump: false, Attack: false
[13:00:59.324] [INFO] [서버] Ping 전송 - ClientId: 1
[13:00:59.325] [INFO] 입력 패킷 수신 - 클라이언트 ID: 1, Forward: 1.000000, Right: 0.000000, Yaw: 159.267899, Jump: false, Attack: false
[13:00:59.336] [INFO] [서버] Ping 전송 - ClientId: 1
[13:00:59.337] [INFO] 입력 패킷 수신 - 클라이언트 ID: 1, Forward: 1.000000, Right: 0.000000, Yaw: 159.267899, Jump: false, Attack: false
[13:00:59.347] [INFO] [서버] Ping 전송 - ClientId: 1
[13:00:59.348] [INFO] 입력 패킷 수신 - 클라이언트 ID: 1, Forward: 1.000000, Right: 0.000000, Yaw: 159.267899, Jump: false, Attack: false
[13:00:59.359] [INFO] [서버] Ping 전송 - ClientId: 1
[13:00:59.360] [INFO] 입력 패킷 수신 - 클라이언트 ID: 1, Forward: 1.000000, Right: 0.000000, Yaw: 159.267899, Jump: false, Attack: false
[13:00:59.371] [INFO] [서버] Ping 전송 - ClientId: 1
[13:00:59.372] [INFO] 입력 패킷 수신 - 클라이언트 ID: 1, Forward: 1.000000, Right: 0.000000, Yaw: 159.267899, Jump: false, Attack: false
[13:00:59.384] [INFO] [서버] Ping 전송 - ClientId: 1
[13:00:59.384] [INFO] 입력 패킷 수신 - 클라이언트 ID: 1, Forward: 1.000000, Right: 0.000000, Yaw: 159.267899, Jump: false, Attack: false
[13:00:59.396] [INFO] [서버] Ping 전송 - ClientId: 1
[13:00:59.396] [INFO] 입력 패킷 수신 - 클라이언트 ID: 1, Forward: 1.000000, Right: 0.000000, Yaw: 159.267899, Jump: false, Attack: false
[13:00:59.407] [INFO] [서버] Ping 전송 - ClientId: 1
[13:00:59.408] [INFO] 입력 패킷 수신 - 클라이언트 ID: 1, Forward: 1.000000, Right: 0.000000, Yaw: 159.267899, Jump: false, Attack: false
[13:00:59.419] [INFO] [서버] Ping 전송 - ClientId: 1
[13:00:59.420] [INFO] 입력 패킷 수신 - 클라이언트 ID: 1, Forward: 1.000000, Right: 0.000000, Yaw: 159.267899, Jump: false, Attack: false
[13:00:59.431] [INFO] [서버] Ping 전송 - ClientId: 1
[13:00:59.431] [INFO] 입력 패킷 수신 - 클라이언트 ID: 1, Forward: 1.000000, Right: 0.000000, Yaw: 159.267899, Jump: false, Attack: false
[13:00:59.443] [INFO] [서버] Ping 전송 - ClientId: 1
[13:00:59.444] [INFO] 입력 패킷 수신 - 클라이언트 ID: 1, Forward: 1.000000, Right: 0.000000, Yaw: 159.267899, Jump: false, Attack: false
[13:00:59.455] [INFO] [서버] Ping 전송 - ClientId: 1
[13:00:59.456] [INFO] 입력 패킷 수신 - 클라이언트 ID: 1, Forward: 1.000000, Right: 0.000000, Yaw: 159.442902, Jump: false, Attack: false
[13:00:59.466] [INFO] [서버] Ping 전송 - ClientId: 1
[13:00:59.467] [INFO] 입력 패킷 수신 - 클라이언트 ID: 1, Forward: 1.000000, Right: 0.000000, Yaw: 159.442902, Jump: false, Attack: false
[13:00:59.478] [INFO] [서버] Ping 전송 - ClientId: 1
[13:00:59.478] [INFO] 입력 패킷 수신 - 클라이언트 ID: 1, Forward: 1.000000, Right: 0.000000, Yaw: 159.792908, Jump: false, Attack: false
[13:00:59.490] [INFO] [서버] Ping 전송 - ClientId: 1
[13:00:59.490] [INFO] 입력 패킷 수신 - 클라이언트 ID: 1, Forward: 1.000000, Right: 0.000000, Yaw: 160.142899, Jump: false, Attack: false
[13:00:59.502] [INFO] [서버] Ping 전송 - ClientId: 1
[13:00:59.502] [INFO] 입력 패킷 수신 - 클라이언트 ID: 1, Forward: 1.000000, Right: 0.000000, Yaw: 160.492905, Jump: false, Attack: false
[13:00:59.514] [INFO] [서버] Ping 전송 - ClientId: 1
[13:00:59.515] [INFO] 입력 패킷 수신 - 클라이언트 ID: 1, Forward: 1.000000, Right: 0.000000, Yaw: 160.842911, Jump: false, Attack: false
[13:00:59.526] [INFO] [서버] Ping 전송 - ClientId: 1
[13:00:59.527] [INFO] 입력 패킷 수신 - 클라이언트 ID: 1, Forward: 1.000000, Right: 0.000000, Yaw: 161.367905, Jump: false, Attack: false
[13:00:59.537] [INFO] [서버] Ping 전송 - ClientId: 1
[13:00:59.538] [INFO] 입력 패킷 수신 - 클라이언트 ID: 1, Forward: 1.000000, Right: 0.000000, Yaw: 161.892899, Jump: false, Attack: false
[13:00:59.550] [INFO] [서버] Ping 전송 - ClientId: 1
[13:00:59.550] [INFO] 입력 패킷 수신 - 클라이언트 ID: 1, Forward: 1.000000, Right: 0.000000, Yaw: 162.067902, Jump: false, Attack: false
[13:00:59.562] [INFO] [서버] Ping 전송 - ClientId: 1
[13:00:59.562] [INFO] 입력 패킷 수신 - 클라이언트 ID: 1, Forward: 1.000000, Right: 0.000000, Yaw: 162.592911, Jump: false, Attack: false
[13:00:59.574] [INFO] [서버] Ping 전송 - ClientId: 1
[13:00:59.574] [INFO] 입력 패킷 수신 - 클라이언트 ID: 1, Forward: 1.000000, Right: 0.000000, Yaw: 162.767899, Jump: false, Attack: false
[13:00:59.585] [INFO] [서버] Ping 전송 - ClientId: 1
[13:00:59.585] [INFO] 입력 패킷 수신 - 클라이언트 ID: 1, Forward: 1.000000, Right: 0.000000, Yaw: 162.767899, Jump: false, Attack: false
[13:00:59.597] [INFO] [서버] Ping 전송 - ClientId: 1
[13:00:59.598] [INFO] 입력 패킷 수신 - 클라이언트 ID: 1, Forward: 1.000000, Right: 0.000000, Yaw: 162.767899, Jump: false, Attack: false
[13:00:59.611] [INFO] [서버] Ping 전송 - ClientId: 1
[13:00:59.611] [INFO] 입력 패킷 수신 - 클라이언트 ID: 1, Forward: 1.000000, Right: 0.000000, Yaw: 162.767899, Jump: false, Attack: true
[13:00:59.622] [INFO] [서버] Ping 전송 - ClientId: 1
[13:00:59.622] [INFO] 입력 패킷 수신 - 클라이언트 ID: 1, Forward: 1.000000, Right: 0.000000, Yaw: 162.767899, Jump: false, Attack: true
[13:00:59.633] [INFO] [서버] Ping 전송 - ClientId: 1
[13:00:59.634] [INFO] 입력 패킷 수신 - 클라이언트 ID: 1, Forward: 1.000000, Right: 0.000000, Yaw: 162.767899, Jump: false, Attack: true
[13:00:59.645] [INFO] [서버] Ping 전송 - ClientId: 1
[13:00:59.646] [INFO] 입력 패킷 수신 - 클라이언트 ID: 1, Forward: 1.000000, Right: 0.000000, Yaw: 162.767899, Jump: false, Attack: true
[13:00:59.656] [INFO] [서버] Ping 전송 - ClientId: 1
[13:00:59.657] [INFO] 입력 패킷 수신 - 클라이언트 ID: 1, Forward: 1.000000, Right: 0.000000, Yaw: 162.767899, Jump: false, Attack: true
[13:00:59.669] [INFO] [서버] Ping 전송 - ClientId: 1
[13:00:59.669] [INFO] 입력 패킷 수신 - 클라이언트 ID: 1, Forward: 1.000000, Right: 0.000000, Yaw: 162.767899, Jump: false, Attack: true
[13:00:59.681] [INFO] [서버] Ping 전송 - ClientId: 1
[13:00:59.681] [INFO] 입력 패킷 수신 - 클라이언트 ID: 1, Forward: 1.000000, Right: 0.000000, Yaw: 162.767899, Jump: false, Attack: true
[13:00:59.694] [INFO] [서버] Ping 전송 - ClientId: 1
[13:00:59.695] [INFO] 입력 패킷 수신 - 클라이언트 ID: 1, Forward: 1.000000, Right: 0.000000, Yaw: 162.767899, Jump: false, Attack: false
[13:00:59.707] [INFO] [서버] Ping 전송 - ClientId: 1
[13:00:59.707] [INFO] 입력 패킷 수신 - 클라이언트 ID: 1, Forward: 1.000000, Right: 0.000000, Yaw: 163.117905, Jump: false, Attack: false
[13:00:59.718] [INFO] [서버] Ping 전송 - ClientId: 1
[13:00:59.719] [INFO] 입력 패킷 수신 - 클라이언트 ID: 1, Forward: 1.000000, Right: 0.000000, Yaw: 164.342911, Jump: false, Attack: false
[13:00:59.730] [INFO] [서버] Ping 전송 - ClientId: 1
[13:00:59.730] [INFO] 입력 패킷 수신 - 클라이언트 ID: 1, Forward: 1.000000, Right: 0.000000, Yaw: 165.217911, Jump: false, Attack: false
[13:00:59.742] [INFO] [서버] Ping 전송 - ClientId: 1
[13:00:59.742] [INFO] 입력 패킷 수신 - 클라이언트 ID: 1, Forward: 1.000000, Right: 0.000000, Yaw: 167.667908, Jump: false, Attack: false
[13:00:59.755] [INFO] [서버] Ping 전송 - ClientId: 1
[13:00:59.755] [INFO] 입력 패킷 수신 - 클라이언트 ID: 1, Forward: 1.000000, Right: 0.000000, Yaw: 168.542908, Jump: false, Attack: false
[13:00:59.767] [INFO] [서버] Ping 전송 - ClientId: 1
[13:00:59.767] [INFO] 입력 패킷 수신 - 클라이언트 ID: 1, Forward: 1.000000, Right: 0.000000, Yaw: 172.042908, Jump: false, Attack: false
[13:00:59.779] [INFO] [서버] Ping 전송 - ClientId: 1
[13:00:59.779] [INFO] 입력 패킷 수신 - 클라이언트 ID: 1, Forward: 1.000000, Right: 0.000000, Yaw: 174.492905, Jump: false, Attack: false
[13:00:59.791] [INFO] [서버] Ping 전송 - ClientId: 1
[13:00:59.791] [INFO] 입력 패킷 수신 - 클라이언트 ID: 1, Forward: 1.000000, Right: 0.000000, Yaw: 175.542908, Jump: false, Attack: false
[13:00:59.803] [INFO] [서버] Ping 전송 - ClientId: 1
[13:00:59.803] [INFO] 입력 패킷 수신 - 클라이언트 ID: 1, Forward: 1.000000, Right: 0.000000, Yaw: 177.467911, Jump: false, Attack: false
[13:00:59.815] [INFO] [서버] Ping 전송 - ClientId: 1
[13:00:59.815] [INFO] 입력 패킷 수신 - 클라이언트 ID: 1, Forward: 1.000000, Right: 0.000000, Yaw: 178.692902, Jump: false, Attack: false
[13:00:59.828] [INFO] [서버] Ping 전송 - ClientId: 1
[13:00:59.829] [INFO] 입력 패킷 수신 - 클라이언트 ID: 1, Forward: 1.000000, Right: 0.000000, Yaw: 179.042908, Jump: false, Attack: true
[13:00:59.839] [INFO] [서버] Ping 전송 - ClientId: 1
[13:00:59.839] [INFO] 입력 패킷 수신 - 클라이언트 ID: 1, Forward: 1.000000, Right: 0.000000, Yaw: 179.042908, Jump: false, Attack: true
[13:00:59.850] [INFO] [서버] Ping 전송 - ClientId: 1
[13:00:59.851] [INFO] 입력 패킷 수신 - 클라이언트 ID: 1, Forward: 1.000000, Right: 0.000000, Yaw: 179.042908, Jump: false, Attack: true
[13:00:59.862] [INFO] [서버] Ping 전송 - ClientId: 1
[13:00:59.863] [INFO] 입력 패킷 수신 - 클라이언트 ID: 1, Forward: 1.000000, Right: 0.000000, Yaw: 179.042908, Jump: false, Attack: true
[13:00:59.875] [INFO] [서버] Ping 전송 - ClientId: 1
[13:00:59.876] [INFO] 입력 패킷 수신 - 클라이언트 ID: 1, Forward: 1.000000, Right: 0.000000, Yaw: 179.042908, Jump: false, Attack: true
[13:00:59.887] [INFO] [서버] Ping 전송 - ClientId: 1
[13:00:59.887] [INFO] 입력 패킷 수신 - 클라이언트 ID: 1, Forward: 1.000000, Right: 0.000000, Yaw: 179.042908, Jump: false, Attack: true
[13:00:59.900] [INFO] [서버] Ping 전송 - ClientId: 1
[13:00:59.900] [INFO] 입력 패킷 수신 - 클라이언트 ID: 1, Forward: 1.000000, Right: 0.000000, Yaw: 179.042908, Jump: false, Attack: false
[13:00:59.910] [INFO] [서버] Ping 전송 - ClientId: 1
[13:00:59.911] [INFO] 입력 패킷 수신 - 클라이언트 ID: 1, Forward: 1.000000, Right: 0.000000, Yaw: 179.042908, Jump: false, Attack: false
[13:00:59.923] [INFO] [서버] Ping 전송 - ClientId: 1
[13:00:59.924] [INFO] 입력 패킷 수신 - 클라이언트 ID: 1, Forward: 1.000000, Right: 0.000000, Yaw: 179.042908, Jump: false, Attack: false
[13:00:59.935] [INFO] [서버] Ping 전송 - ClientId: 1
[13:00:59.935] [INFO] 입력 패킷 수신 - 클라이언트 ID: 1, Forward: 1.000000, Right: 0.000000, Yaw: 179.042908, Jump: false, Attack: false
[13:00:59.948] [INFO] [서버] Ping 전송 - ClientId: 1
[13:00:59.948] [INFO] 입력 패킷 수신 - 클라이언트 ID: 1, Forward: 1.000000, Right: 0.000000, Yaw: 179.567902, Jump: false, Attack: false
[13:00:59.960] [INFO] [서버] Ping 전송 - ClientId: 1
[13:00:59.960] [INFO] 입력 패킷 수신 - 클라이언트 ID: 1, Forward: 1.000000, Right: 0.000000, Yaw: 179.917908, Jump: false, Attack: false
[13:00:59.971] [INFO] [서버] Ping 전송 - ClientId: 1
[13:00:59.971] [INFO] 입력 패킷 수신 - 클라이언트 ID: 1, Forward: 1.000000, Right: 0.000000, Yaw: 180.267899, Jump: false, Attack: false
[13:00:59.983] [INFO] [서버] Ping 전송 - ClientId: 1
[13:00:59.984] [INFO] 입력 패킷 수신 - 클라이언트 ID: 1, Forward: 1.000000, Right: 0.000000, Yaw: 180.617905, Jump: false, Attack: false
[13:00:59.995] [INFO] [서버] Ping 전송 - ClientId: 1
[13:00:59.995] [INFO] 입력 패킷 수신 - 클라이언트 ID: 1, Forward: 1.000000, Right: 0.000000, Yaw: 180.792908, Jump: false, Attack: false
[13:01:00.006] [INFO] [서버] Ping 전송 - ClientId: 1
[13:01:00.007] [INFO] 입력 패킷 수신 - 클라이언트 ID: 1, Forward: 1.000000, Right: 0.000000, Yaw: 181.317902, Jump: false, Attack: false
[13:01:00.019] [INFO] [서버] Ping 전송 - ClientId: 1
[13:01:00.020] [INFO] 입력 패킷 수신 - 클라이언트 ID: 1, Forward: 1.000000, Right: 0.000000, Yaw: 181.667908, Jump: false, Attack: false
[13:01:00.030] [INFO] [서버] Ping 전송 - ClientId: 1
[13:01:00.031] [INFO] 입력 패킷 수신 - 클라이언트 ID: 1, Forward: 1.000000, Right: 0.000000, Yaw: 181.667908, Jump: false, Attack: false
[13:01:00.042] [INFO] [서버] Ping 전송 - ClientId: 1
[13:01:00.043] [INFO] 입력 패킷 수신 - 클라이언트 ID: 1, Forward: 1.000000, Right: 0.000000, Yaw: 181.842911, Jump: false, Attack: false
[13:01:00.054] [INFO] [서버] Ping 전송 - ClientId: 1
[13:01:00.054] [INFO] 입력 패킷 수신 - 클라이언트 ID: 1, Forward: 1.000000, Right: 0.000000, Yaw: 182.017899, Jump: false, Attack: false
[13:01:00.065] [INFO] [서버] Ping 전송 - ClientId: 1
[13:01:00.065] [INFO] 입력 패킷 수신 - 클라이언트 ID: 1, Forward: 1.000000, Right: 0.000000, Yaw: 182.192902, Jump: false, Attack: false
[13:01:00.076] [INFO] [서버] Ping 전송 - ClientId: 1
[13:01:00.077] [INFO] 입력 패킷 수신 - 클라이언트 ID: 1, Forward: 1.000000, Right: 0.000000, Yaw: 182.367905, Jump: false, Attack: false
[13:01:00.089] [INFO] [서버] Ping 전송 - ClientId: 1
[13:01:00.089] [INFO] 입력 패킷 수신 - 클라이언트 ID: 1, Forward: 1.000000, Right: 0.000000, Yaw: 182.542908, Jump: false, Attack: false
[13:01:00.100] [INFO] [서버] Ping 전송 - ClientId: 1
[13:01:00.101] [INFO] 입력 패킷 수신 - 클라이언트 ID: 1, Forward: 1.000000, Right: 0.000000, Yaw: 182.717911, Jump: false, Attack: false
[13:01:00.112] [INFO] [서버] Ping 전송 - ClientId: 1
[13:01:00.113] [INFO] 입력 패킷 수신 - 클라이언트 ID: 1, Forward: 1.000000, Right: 0.000000, Yaw: 183.067902, Jump: false, Attack: false
[13:01:00.124] [INFO] [서버] Ping 전송 - ClientId: 1
[13:01:00.125] [INFO] 입력 패킷 수신 - 클라이언트 ID: 1, Forward: 1.000000, Right: 0.000000, Yaw: 183.417908, Jump: false, Attack: false
[13:01:00.137] [INFO] [서버] Ping 전송 - ClientId: 1
[13:01:00.138] [INFO] 입력 패킷 수신 - 클라이언트 ID: 1, Forward: 1.000000, Right: 0.000000, Yaw: 183.417908, Jump: false, Attack: false
[13:01:00.150] [INFO] [서버] Ping 전송 - ClientId: 1
[13:01:00.151] [INFO] 입력 패킷 수신 - 클라이언트 ID: 1, Forward: 1.000000, Right: 0.000000, Yaw: 183.592911, Jump: false, Attack: false
[13:01:00.161] [INFO] [서버] Ping 전송 - ClientId: 1
[13:01:00.162] [INFO] 입력 패킷 수신 - 클라이언트 ID: 1, Forward: 1.000000, Right: 0.000000, Yaw: 183.767899, Jump: false, Attack: false
[13:01:00.174] [INFO] [서버] Ping 전송 - ClientId: 1
[13:01:00.175] [INFO] 입력 패킷 수신 - 클라이언트 ID: 1, Forward: 1.000000, Right: 0.000000, Yaw: 183.767899, Jump: false, Attack: false
[13:01:00.185] [INFO] [서버] Ping 전송 - ClientId: 1
[13:01:00.186] [INFO] 입력 패킷 수신 - 클라이언트 ID: 1, Forward: 1.000000, Right: 0.000000, Yaw: 183.942902, Jump: false, Attack: false
[13:01:00.197] [INFO] [서버] Ping 전송 - ClientId: 1
[13:01:00.198] [INFO] 입력 패킷 수신 - 클라이언트 ID: 1, Forward: 1.000000, Right: 0.000000, Yaw: 184.117905, Jump: false, Attack: false
[13:01:00.208] [INFO] [서버] Ping 전송 - ClientId: 1
[13:01:00.209] [INFO] 입력 패킷 수신 - 클라이언트 ID: 1, Forward: 1.000000, Right: 0.000000, Yaw: 184.117905, Jump: false, Attack: false
[13:01:00.221] [INFO] [서버] Ping 전송 - ClientId: 1
[13:01:00.222] [INFO] 입력 패킷 수신 - 클라이언트 ID: 1, Forward: 1.000000, Right: 0.000000, Yaw: 184.117905, Jump: false, Attack: false
[13:01:00.232] [INFO] [서버] Ping 전송 - ClientId: 1
[13:01:00.233] [INFO] 입력 패킷 수신 - 클라이언트 ID: 1, Forward: 1.000000, Right: 0.000000, Yaw: 184.292908, Jump: false, Attack: false
[13:01:00.244] [INFO] [서버] Ping 전송 - ClientId: 1
[13:01:00.245] [INFO] 입력 패킷 수신 - 클라이언트 ID: 1, Forward: 1.000000, Right: 0.000000, Yaw: 184.467911, Jump: false, Attack: false
[13:01:00.256] [INFO] [서버] Ping 전송 - ClientId: 1
[13:01:00.256] [INFO] 입력 패킷 수신 - 클라이언트 ID: 1, Forward: 1.000000, Right: 0.000000, Yaw: 184.467911, Jump: false, Attack: false
[13:01:00.267] [INFO] [서버] Ping 전송 - ClientId: 1
[13:01:00.268] [INFO] 입력 패킷 수신 - 클라이언트 ID: 1, Forward: 1.000000, Right: 0.000000, Yaw: 184.467911, Jump: false, Attack: false
[13:01:00.279] [INFO] [서버] Ping 전송 - ClientId: 1
[13:01:00.280] [INFO] 입력 패킷 수신 - 클라이언트 ID: 1, Forward: 1.000000, Right: 0.000000, Yaw: 184.467911, Jump: false, Attack: false
[13:01:00.290] [INFO] [서버] Ping 전송 - ClientId: 1
[13:01:00.291] [INFO] 입력 패킷 수신 - 클라이언트 ID: 1, Forward: 1.000000, Right: 0.000000, Yaw: 184.467911, Jump: false, Attack: false
[13:01:00.303] [INFO] [서버] Ping 전송 - ClientId: 1
[13:01:00.304] [INFO] 입력 패킷 수신 - 클라이언트 ID: 1, Forward: 1.000000, Right: 0.000000, Yaw: 184.467911, Jump: false, Attack: false
[13:01:00.315] [INFO] [서버] Ping 전송 - ClientId: 1
[13:01:00.316] [INFO] 입력 패킷 수신 - 클라이언트 ID: 1, Forward: 1.000000, Right: 0.000000, Yaw: 184.467911, Jump: false, Attack: false
[13:01:00.327] [INFO] [서버] Ping 전송 - ClientId: 1
[13:01:00.327] [INFO] 입력 패킷 수신 - 클라이언트 ID: 1, Forward: 1.000000, Right: 0.000000, Yaw: 184.467911, Jump: false, Attack: false
[13:01:00.339] [INFO] [서버] Ping 전송 - ClientId: 1
[13:01:00.339] [INFO] 입력 패킷 수신 - 클라이언트 ID: 1, Forward: 1.000000, Right: 0.000000, Yaw: 184.467911, Jump: false, Attack: false
[13:01:00.352] [INFO] [서버] Ping 전송 - ClientId: 1
[13:01:00.353] [INFO] 입력 패킷 수신 - 클라이언트 ID: 1, Forward: 1.000000, Right: 0.000000, Yaw: 184.467911, Jump: false, Attack: false
[13:01:00.363] [INFO] [서버] Ping 전송 - ClientId: 1
[13:01:00.364] [INFO] 입력 패킷 수신 - 클라이언트 ID: 1, Forward: 1.000000, Right: 0.000000, Yaw: 184.467911, Jump: false, Attack: false
[13:01:00.374] [INFO] [서버] Ping 전송 - ClientId: 1
[13:01:00.375] [INFO] 입력 패킷 수신 - 클라이언트 ID: 1, Forward: 1.000000, Right: 0.000000, Yaw: 184.467911, Jump: false, Attack: false
[13:01:00.387] [INFO] [서버] Ping 전송 - ClientId: 1
[13:01:00.388] [INFO] 입력 패킷 수신 - 클라이언트 ID: 1, Forward: 1.000000, Right: 0.000000, Yaw: 184.467911, Jump: false, Attack: false
[13:01:00.399] [INFO] [서버] Ping 전송 - ClientId: 1
[13:01:00.399] [INFO] 입력 패킷 수신 - 클라이언트 ID: 1, Forward: 1.000000, Right: 0.000000, Yaw: 184.467911, Jump: false, Attack: false
[13:01:00.412] [INFO] [서버] Ping 전송 - ClientId: 1
[13:01:00.412] [INFO] 입력 패킷 수신 - 클라이언트 ID: 1, Forward: 1.000000, Right: 0.000000, Yaw: 184.467911, Jump: false, Attack: false
[13:01:00.423] [INFO] [서버] Ping 전송 - ClientId: 1
[13:01:00.424] [INFO] 입력 패킷 수신 - 클라이언트 ID: 1, Forward: 1.000000, Right: 0.000000, Yaw: 184.467911, Jump: false, Attack: false
[13:01:00.435] [INFO] [서버] Ping 전송 - ClientId: 1
[13:01:00.435] [INFO] 입력 패킷 수신 - 클라이언트 ID: 1, Forward: 1.000000, Right: 0.000000, Yaw: 184.467911, Jump: false, Attack: false
[13:01:00.447] [INFO] [서버] Ping 전송 - ClientId: 1
[13:01:00.448] [INFO] 입력 패킷 수신 - 클라이언트 ID: 1, Forward: 1.000000, Right: 0.000000, Yaw: 184.467911, Jump: false, Attack: false
[13:01:00.460] [INFO] [서버] Ping 전송 - ClientId: 1
[13:01:00.460] [INFO] 입력 패킷 수신 - 클라이언트 ID: 1, Forward: 1.000000, Right: 0.000000, Yaw: 184.467911, Jump: false, Attack: false
[13:01:00.472] [INFO] [서버] Ping 전송 - ClientId: 1
[13:01:00.472] [INFO] 입력 패킷 수신 - 클라이언트 ID: 1, Forward: 1.000000, Right: 0.000000, Yaw: 184.467911, Jump: false, Attack: false
[13:01:00.483] [INFO] [서버] Ping 전송 - ClientId: 1
[13:01:00.484] [INFO] 입력 패킷 수신 - 클라이언트 ID: 1, Forward: 1.000000, Right: 0.000000, Yaw: 184.467911, Jump: false, Attack: false
[13:01:00.495] [INFO] [서버] Ping 전송 - ClientId: 1
[13:01:00.495] [INFO] 입력 패킷 수신 - 클라이언트 ID: 1, Forward: 1.000000, Right: 0.000000, Yaw: 184.467911, Jump: false, Attack: false
[13:01:00.507] [INFO] [서버] Ping 전송 - ClientId: 1
[13:01:00.507] [INFO] 입력 패킷 수신 - 클라이언트 ID: 1, Forward: 1.000000, Right: 0.000000, Yaw: 184.467911, Jump: false, Attack: false
[13:01:00.518] [INFO] [서버] Ping 전송 - ClientId: 1
[13:01:00.519] [INFO] 입력 패킷 수신 - 클라이언트 ID: 1, Forward: 1.000000, Right: 0.000000, Yaw: 184.467911, Jump: false, Attack: false
[13:01:00.531] [INFO] [서버] Ping 전송 - ClientId: 1
[13:01:00.532] [INFO] 입력 패킷 수신 - 클라이언트 ID: 1, Forward: 1.000000, Right: 0.000000, Yaw: 184.467911, Jump: false, Attack: false
[13:01:00.543] [INFO] [서버] Ping 전송 - ClientId: 1
[13:01:00.543] [INFO] 입력 패킷 수신 - 클라이언트 ID: 1, Forward: 1.000000, Right: 0.000000, Yaw: 184.467911, Jump: false, Attack: false
[13:01:00.555] [INFO] [서버] Ping 전송 - ClientId: 1
[13:01:00.556] [INFO] 입력 패킷 수신 - 클라이언트 ID: 1, Forward: 1.000000, Right: 0.000000, Yaw: 184.467911, Jump: false, Attack: false
[13:01:00.567] [INFO] [서버] Ping 전송 - ClientId: 1
[13:01:00.567] [INFO] 입력 패킷 수신 - 클라이언트 ID: 1, Forward: 1.000000, Right: 0.000000, Yaw: 184.467911, Jump: false, Attack: false
[13:01:00.579] [INFO] [서버] Ping 전송 - ClientId: 1
[13:01:00.579] [INFO] 입력 패킷 수신 - 클라이언트 ID: 1, Forward: 1.000000, Right: 0.000000, Yaw: 184.467911, Jump: false, Attack: false
[13:01:00.591] [INFO] [서버] Ping 전송 - ClientId: 1
[13:01:00.602] [INFO] [서버] Ping 전송 - ClientId: 1
[13:01:00.614] [INFO] [서버] Ping 전송 - ClientId: 1
[13:01:00.626] [INFO] [서버] Ping 전송 - ClientId: 1
[13:01:00.638] [INFO] [서버] Ping 전송 - ClientId: 1
[13:01:00.651] [INFO] [서버] Ping 전송 - ClientId: 1
[13:01:00.662] [INFO] [서버] Ping 전송 - ClientId: 1
[13:01:00.674] [INFO] [서버] Ping 전송 - ClientId: 1
[13:01:00.687] [INFO] [서버] Ping 전송 - ClientId: 1
[13:01:00.697] [INFO] [서버] Ping 전송 - ClientId: 1
[13:01:00.708] [INFO] [서버] Ping 전송 - ClientId: 1
[13:01:00.721] [INFO] [서버] Ping 전송 - ClientId: 1
[13:01:00.733] [INFO] [서버] Ping 전송 - ClientId: 1
[13:01:00.745] [INFO] [서버] Ping 전송 - ClientId: 1
[13:01:00.756] [INFO] [서버] Ping 전송 - ClientId: 1
[13:01:00.769] [INFO] [서버] Ping 전송 - ClientId: 1
[13:01:00.782] [INFO] [서버] Ping 전송 - ClientId: 1
[13:01:00.792] [INFO] [서버] Ping 전송 - ClientId: 1
[13:01:00.804] [INFO] [서버] Ping 전송 - ClientId: 1
[13:01:00.815] [INFO] [서버] Ping 전송 - ClientId: 1
[13:01:00.828] [INFO] [서버] Ping 전송 - ClientId: 1
[13:01:00.839] [INFO] [서버] Ping 전송 - ClientId: 1
[13:01:00.850] [INFO] [서버] Ping 전송 - ClientId: 1
[13:01:00.862] [INFO] [서버] Ping 전송 - ClientId: 1
[13:01:00.874] [INFO] [서버] Ping 전송 - ClientId: 1
[13:01:00.886] [INFO] [서버] Ping 전송 - ClientId: 1
[13:01:00.898] [INFO] [서버] Ping 전송 - ClientId: 1
[13:01:00.909] [INFO] [서버] Ping 전송 - ClientId: 1
[13:01:00.921] [INFO] [서버] Ping 전송 - ClientId: 1
[13:01:00.933] [INFO] [서버] Ping 전송 - ClientId: 1
[13:01:00.944] [INFO] [서버] Ping 전송 - ClientId: 1
[13:01:00.956] [INFO] [서버] Ping 전송 - ClientId: 1
[13:01:00.967] [INFO] [서버] Ping 전송 - ClientId: 1
[13:01:00.979] [INFO] [서버] Ping 전송 - ClientId: 1
[13:01:00.990] [INFO] [서버] Ping 전송 - ClientId: 1
[13:01:01.003] [INFO] [서버] Ping 전송 - ClientId: 1
[13:01:01.014] [INFO] [서버] Ping 전송 - ClientId: 1
[13:01:01.026] [INFO] [서버] Ping 전송 - ClientId: 1
[13:01:01.037] [INFO] [서버] Ping 전송 - ClientId: 1
[13:01:01.049] [INFO] [서버] Ping 전송 - ClientId: 1
[13:01:01.062] [INFO] [서버] Ping 전송 - ClientId: 1
[13:01:01.074] [INFO] [서버] Ping 전송 - ClientId: 1
[13:01:01.085] [INFO] [서버] Ping 전송 - ClientId: 1
[13:01:01.098] [INFO] [서버] Ping 전송 - ClientId: 1
[13:01:01.110] [INFO] [서버] Ping 전송 - ClientId: 1
[13:01:01.121] [INFO] [서버] Ping 전송 - ClientId: 1
[13:01:01.133] [INFO] [서버] Ping 전송 - ClientId: 1
[13:01:01.144] [INFO] [서버] Ping 전송 - ClientId: 1
[13:01:01.156] [INFO] [서버] Ping 전송 - ClientId: 1
[13:01:01.167] [INFO] [서버] Ping 전송 - ClientId: 1
[13:01:01.179] [INFO] [서버] Ping 전송 - ClientId: 1
[13:01:01.191] [INFO] [서버] Ping 전송 - ClientId: 1
[13:01:01.203] [INFO] [서버] Ping 전송 - ClientId: 1
[13:01:01.215] [INFO] [서버] Ping 전송 - ClientId: 1
[13:01:01.226] [INFO] [서버] Ping 전송 - ClientId: 1
[13:01:01.237] [INFO] [서버] Ping 전송 - ClientId: 1
[13:01:01.248] [INFO] [서버] Ping 전송 - ClientId: 1
[13:01:01.260] [INFO] [서버] Ping 전송 - ClientId: 1
[13:01:01.272] [INFO] [서버] Ping 전송 - ClientId: 1
[13:01:01.283] [INFO] [서버] Ping 전송 - ClientId: 1
[13:01:01.296] [INFO] [서버] Ping 전송 - ClientId: 1
[13:01:01.308] [INFO] [서버] Ping 전송 - ClientId: 1
[13:01:01.319] [INFO] [서버] Ping 전송 - ClientId: 1
[13:01:01.331] [INFO] [서버] Ping 전송 - ClientId: 1
[13:01:01.342] [INFO] [서버] Ping 전송 - ClientId: 1
[13:01:01.355] [INFO] [서버] Ping 전송 - ClientId: 1
[13:01:01.366] [INFO] [서버] Ping 전송 - ClientId: 1
[13:01:01.377] [INFO] [서버] Ping 전송 - ClientId: 1
[13:01:01.390] [INFO] [서버] Ping 전송 - ClientId: 1
[13:01:01.401] [INFO] [서버] Ping 전송 - ClientId: 1
[13:01:01.412] [INFO] [서버] Ping 전송 - ClientId: 1
[13:01:01.424] [INFO] [서버] Ping 전송 - ClientId: 1
[13:01:01.436] [INFO] [서버] Ping 전송 - ClientId: 1
[13:01:01.447] [INFO] [서버] Ping 전송 - ClientId: 1
[13:01:01.459] [INFO] [서버] Ping 전송 - ClientId: 1
[13:01:01.470] [INFO] [서버] Ping 전송 - ClientId: 1
[13:01:01.482] [INFO] [서버] Ping 전송 - ClientId: 1
[13:01:01.494] [INFO] [서버] Ping 전송 - ClientId: 1
[13:01:01.505] [INFO] [서버] Ping 전송 - ClientId: 1
[13:01:01.517] [INFO] [서버] Ping 전송 - ClientId: 1
[13:01:01.528] [INFO] [서버] Ping 전송 - ClientId: 1
[13:01:01.540] [INFO] [서버] Ping 전송 - ClientId: 1
[13:01:01.551] [INFO] [서버] Ping 전송 - ClientId: 1
[13:01:01.563] [INFO] [서버] Ping 전송 - ClientId: 1
[13:01:01.576] [INFO] [서버] Ping 전송 - ClientId: 1
[13:01:01.587] [INFO] [서버] Ping 전송 - ClientId: 1
[13:01:01.598] [INFO] [서버] Ping 전송 - ClientId: 1
[13:01:01.609] [INFO] [서버] Ping 전송 - ClientId: 1
[13:01:01.622] [INFO] [서버] Ping 전송 - ClientId: 1
[13:01:01.633] [INFO] [서버] Ping 전송 - ClientId: 1
[13:01:01.644] [INFO] [서버] Ping 전송 - ClientId: 1
[13:01:01.656] [INFO] [서버] Ping 전송 - ClientId: 1
[13:01:01.667] [INFO] [서버] Ping 전송 - ClientId: 1
[13:01:01.679] [INFO] [서버] Ping 전송 - ClientId: 1
[13:01:01.690] [INFO] [서버] Ping 전송 - ClientId: 1
[13:01:01.703] [INFO] [서버] Ping 전송 - ClientId: 1
[13:01:01.714] [INFO] [서버] Ping 전송 - ClientId: 1
[13:01:01.724] [INFO] [서버] Ping 전송 - ClientId: 1
[13:01:01.737] [INFO] [서버] Ping 전송 - ClientId: 1
[13:01:01.748] [INFO] [서버] Ping 전송 - ClientId: 1
[13:01:01.760] [INFO] [서버] Ping 전송 - ClientId: 1
[13:01:01.771] [INFO] [서버] Ping 전송 - ClientId: 1
[13:01:01.783] [INFO] [서버] Ping 전송 - ClientId: 1
[13:01:01.794] [INFO] [서버] Ping 전송 - ClientId: 1
[13:01:01.806] [INFO] [서버] Ping 전송 - ClientId: 1
[13:01:01.817] [INFO] [서버] Ping 전송 - ClientId: 1
[13:01:01.829] [INFO] [서버] Ping 전송 - ClientId: 1
[13:01:01.841] [INFO] [서버] Ping 전송 - ClientId: 1
[13:01:01.852] [INFO] [서버] Ping 전송 - ClientId: 1
[13:01:01.863] [INFO] [서버] Ping 전송 - ClientId: 1
[13:01:01.874] [INFO] [서버] Ping 전송 - ClientId: 1
[13:01:01.886] [INFO] [서버] Ping 전송 - ClientId: 1
[13:01:01.899] [INFO] [서버] Ping 전송 - ClientId: 1
[13:01:01.910] [INFO] [서버] Ping 전송 - ClientId: 1
[13:01:01.922] [INFO] [서버] Ping 전송 - ClientId: 1
[13:01:01.933] [INFO] [서버] Ping 전송 - ClientId: 1
[13:01:01.945] [INFO] [서버] Ping 전송 - ClientId: 1
[13:01:01.956] [INFO] [서버] Ping 전송 - ClientId: 1
[13:01:01.968] [INFO] [서버] Ping 전송 - ClientId: 1
[13:01:01.979] [INFO] [서버] Ping 전송 - ClientId: 1
[13:01:01.991] [INFO] [서버] Ping 전송 - ClientId: 1
[13:01:02.002] [INFO] [서버] Ping 전송 - ClientId: 1
[13:01:02.014] [INFO] [서버] Ping 전송 - ClientId: 1
[13:01:02.025] [INFO] [서버] Ping 전송 - ClientId: 1
[13:01:02.037] [INFO] [서버] Ping 전송 - ClientId: 1
[13:01:02.048] [INFO] [서버] Ping 전송 - ClientId: 1
[13:01:02.059] [INFO] [서버] Ping 전송 - ClientId: 1
[13:01:02.072] [INFO] [서버] Ping 전송 - ClientId: 1
[13:01:02.083] [INFO] [서버] Ping 전송 - ClientId: 1
[13:01:02.094] [INFO] [서버] Ping 전송 - ClientId: 1
[13:01:02.106] [INFO] [서버] Ping 전송 - ClientId: 1
[13:01:02.118] [INFO] [서버] Ping 전송 - ClientId: 1
[13:01:02.129] [INFO] [서버] Ping 전송 - ClientId: 1
[13:01:02.140] [INFO] [서버] Ping 전송 - ClientId: 1
[13:01:02.152] [INFO] [서버] Ping 전송 - ClientId: 1
[13:01:02.164] [INFO] [서버] Ping 전송 - ClientId: 1
[13:01:02.176] [INFO] [서버] Ping 전송 - ClientId: 1
[13:01:02.187] [INFO] [서버] Ping 전송 - ClientId: 1
[13:01:02.199] [INFO] [서버] Ping 전송 - ClientId: 1
[13:01:02.210] [INFO] [서버] Ping 전송 - ClientId: 1
[13:01:02.222] [INFO] [서버] Ping 전송 - ClientId: 1
[13:01:02.233] [INFO] [서버] Ping 전송 - ClientId: 1
[13:01:02.245] [INFO] [서버] Ping 전송 - ClientId: 1
[13:01:02.257] [INFO] [서버] Ping 전송 - ClientId: 1
[13:01:02.268] [INFO] [서버] Ping 전송 - ClientId: 1
[13:01:02.280] [INFO] [서버] Ping 전송 - ClientId: 1
[13:01:02.292] [INFO] [서버] Ping 전송 - ClientId: 1
[13:01:02.303] [INFO] [서버] Ping 전송 - ClientId: 1
[13:01:02.314] [INFO] [서버] Ping 전송 - ClientId: 1
[13:01:02.326] [INFO] [서버] Ping 전송 - ClientId: 1
[13:01:02.336] [INFO] [서버] Ping 전송 - ClientId: 1
[13:01:02.349] [INFO] [서버] Ping 전송 - ClientId: 1
[13:01:02.360] [INFO] [서버] Ping 전송 - ClientId: 1
[13:01:02.372] [INFO] [서버] Ping 전송 - ClientId: 1
[13:01:02.382] [INFO] [서버] Ping 전송 - ClientId: 1
[13:01:02.393] [INFO] [서버] Ping 전송 - ClientId: 1
[13:01:02.405] [INFO] [서버] Ping 전송 - ClientId: 1
[13:01:02.416] [INFO] [서버] Ping 전송 - ClientId: 1
[13:01:02.428] [INFO] [서버] Ping 전송 - ClientId: 1
[13:01:02.439] [INFO] [서버] Ping 전송 - ClientId: 1
[13:01:02.451] [INFO] [서버] Ping 전송 - ClientId: 1
[13:01:02.463] [INFO] [서버] Ping 전송 - ClientId: 1
[13:01:02.474] [INFO] [서버] Ping 전송 - ClientId: 1
[13:01:02.486] [INFO] [서버] Ping 전송 - ClientId: 1
[13:01:02.499] [INFO] [서버] Ping 전송 - ClientId: 1
[13:01:02.509] [INFO] [서버] Ping 전송 - ClientId: 1
[13:01:02.521] [INFO] [서버] Ping 전송 - ClientId: 1
[13:01:02.532] [INFO] [서버] Ping 전송 - ClientId: 1
[13:01:02.544] [INFO] [서버] Ping 전송 - ClientId: 1
[13:01:02.556] [INFO] [서버] Ping 전송 - ClientId: 1
[13:01:02.567] [INFO] [서버] Ping 전송 - ClientId: 1
[13:01:02.579] [INFO] [서버] Ping 전송 - ClientId: 1
[13:01:02.591] [INFO] [서버] Ping 전송 - ClientId: 1
[13:01:02.602] [INFO] [서버] Ping 전송 - ClientId: 1
[13:01:02.614] [INFO] [서버] Ping 전송 - ClientId: 1
[13:01:02.625] [INFO] [서버] Ping 전송 - ClientId: 1
[13:01:02.636] [INFO] [서버] Ping 전송 - ClientId: 1
[13:01:02.648] [INFO] [서버] Ping 전송 - ClientId: 1
[13:01:02.661] [INFO] [서버] Ping 전송 - ClientId: 1
[13:01:02.672] [INFO] [서버] Ping 전송 - ClientId: 1
[13:01:02.682] [INFO] [서버] Ping 전송 - ClientId: 1
[13:01:02.694] [INFO] [서버] Ping 전송 - ClientId: 1
[13:01:02.707] [INFO] [서버] Ping 전송 - ClientId: 1
[13:01:02.719] [INFO] [서버] Ping 전송 - ClientId: 1
[13:01:02.730] [INFO] [서버] Ping 전송 - ClientId: 1
[13:01:02.741] [INFO] [서버] Ping 전송 - ClientId: 1
[13:01:02.752] [INFO] [서버] Ping 전송 - ClientId: 1
[13:01:02.764] [INFO] [서버] Ping 전송 - ClientId: 1
[13:01:02.775] [INFO] [서버] Ping 전송 - ClientId: 1
[13:01:02.787] [INFO] [서버] Ping 전송 - ClientId: 1
[13:01:02.800] [INFO] [서버] Ping 전송 - ClientId: 1
[13:01:02.811] [INFO] [서버] Ping 전송 - ClientId: 1
[13:01:02.822] [INFO] [서버] Ping 전송 - ClientId: 1
[13:01:02.833] [INFO] [서버] Ping 전송 - ClientId: 1
[13:01:02.846] [INFO] [서버] Ping 전송 - ClientId: 1
[13:01:02.856] [INFO] [서버] Ping 전송 - ClientId: 1
[13:01:02.868] [INFO] [서버] Ping 전송 - ClientId: 1
[13:01:02.879] [INFO] [서버] Ping 전송 - ClientId: 1
[13:01:02.891] [INFO] [서버] Ping 전송 - ClientId: 1
[13:01:02.903] [INFO] [서버] Ping 전송 - ClientId: 1
[13:01:02.915] [INFO] [서버] Ping 전송 - ClientId: 1
[13:01:02.926] [INFO] [서버] Ping 전송 - ClientId: 1
[13:01:02.938] [INFO] [서버] Ping 전송 - ClientId: 1
[13:01:02.950] [INFO] [서버] Ping 전송 - ClientId: 1
[13:01:02.961] [INFO] [서버] Ping 전송 - ClientId: 1
[13:01:02.972] [INFO] [서버] Ping 전송 - ClientId: 1
[13:01:02.984] [INFO] [서버] Ping 전송 - ClientId: 1
[13:01:02.995] [INFO] [서버] Ping 전송 - ClientId: 1
[13:01:03.007] [INFO] [서버] Ping 전송 - ClientId: 1
[13:01:03.019] [INFO] [서버] Ping 전송 - ClientId: 1
[13:01:03.030] [INFO] [서버] Ping 전송 - ClientId: 1
[13:01:03.041] [INFO] [서버] Ping 전송 - ClientId: 1
[13:01:03.053] [INFO] [서버] Ping 전송 - ClientId: 1
[13:01:03.064] [INFO] [서버] Ping 전송 - ClientId: 1
[13:01:03.077] [INFO] [서버] Ping 전송 - ClientId: 1
[13:01:03.089] [INFO] [서버] Ping 전송 - ClientId: 1
[13:01:03.099] [INFO] [서버] Ping 전송 - ClientId: 1
[13:01:03.111] [INFO] [서버] Ping 전송 - ClientId: 1
[13:01:03.122] [INFO] [서버] Ping 전송 - ClientId: 1
[13:01:03.134] [INFO] [서버] Ping 전송 - ClientId: 1
[13:01:03.148] [INFO] [서버] Ping 전송 - ClientId: 1
[13:01:03.158] [INFO] [서버] Ping 전송 - ClientId: 1
[13:01:03.169] [INFO] [서버] Ping 전송 - ClientId: 1
[13:01:03.180] [INFO] [서버] Ping 전송 - ClientId: 1
[13:01:03.192] [INFO] [서버] Ping 전송 - ClientId: 1
[13:01:03.204] [INFO] [서버] Ping 전송 - ClientId: 1
[13:01:03.217] [INFO] [서버] Ping 전송 - ClientId: 1
[13:01:03.228] [INFO] [서버] Ping 전송 - ClientId: 1
[13:01:03.240] [INFO] [서버] Ping 전송 - ClientId: 1
[13:01:03.252] [INFO] [서버] Ping 전송 - ClientId: 1
[13:01:03.262] [INFO] [서버] Ping 전송 - ClientId: 1
[13:01:03.273] [INFO] [서버] Ping 전송 - ClientId: 1
[13:01:03.285] [INFO] [서버] Ping 전송 - ClientId: 1
[13:01:03.297] [INFO] [서버] Ping 전송 - ClientId: 1
[13:01:03.309] [INFO] [서버] Ping 전송 - ClientId: 1
[13:01:03.319] [INFO] [서버] Ping 전송 - ClientId: 1
[13:01:03.331] [INFO] [서버] Ping 전송 - ClientId: 1
[13:01:03.349] [INFO] [서버] Ping 전송 - ClientId: 1
[13:01:03.358] [INFO] [서버] Ping 전송 - ClientId: 1
[13:01:03.371] [INFO] [서버] Ping 전송 - ClientId: 1
[13:01:03.382] [INFO] [서버] Ping 전송 - ClientId: 1
[13:01:03.393] [INFO] [서버] Ping 전송 - ClientId: 1
[13:01:03.404] [INFO] [서버] Ping 전송 - ClientId: 1
[13:01:03.415] [INFO] [서버] Ping 전송 - ClientId: 1
[13:01:03.428] [INFO] [서버] Ping 전송 - ClientId: 1
[13:01:03.439] [INFO] [서버] Ping 전송 - ClientId: 1
[13:01:03.451] [INFO] [서버] Ping 전송 - ClientId: 1
[13:01:03.462] [INFO] [서버] Ping 전송 - ClientId: 1
[13:01:03.474] [INFO] [서버] Ping 전송 - ClientId: 1
[13:01:03.485] [INFO] [서버] Ping 전송 - ClientId: 1
[13:01:03.496] [INFO] [서버] Ping 전송 - ClientId: 1
[13:01:03.509] [INFO] [서버] Ping 전송 - ClientId: 1
[13:01:03.520] [INFO] [서버] Ping 전송 - ClientId: 1
[13:01:03.531] [INFO] [서버] Ping 전송 - ClientId: 1
[13:01:03.542] [INFO] [서버] Ping 전송 - ClientId: 1
[13:01:03.554] [INFO] [서버] Ping 전송 - ClientId: 1
[13:01:03.566] [INFO] [서버] Ping 전송 - ClientId: 1
[13:01:03.577] [INFO] [서버] Ping 전송 - ClientId: 1
[13:01:03.588] [INFO] [서버] Ping 전송 - ClientId: 1
[13:01:03.600] [INFO] [서버] Ping 전송 - ClientId: 1
[13:01:03.611] [INFO] [서버] Ping 전송 - ClientId: 1
[13:01:03.625] [INFO] [서버] Ping 전송 - ClientId: 1
[13:01:03.636] [INFO] [서버] Ping 전송 - ClientId: 1
[13:01:03.646] [INFO] [서버] Ping 전송 - ClientId: 1
[13:01:03.657] [INFO] [서버] Ping 전송 - ClientId: 1
[13:01:03.669] [INFO] [서버] Ping 전송 - ClientId: 1
[13:01:03.682] [INFO] [서버] Ping 전송 - ClientId: 1
[13:01:03.692] [INFO] [서버] Ping 전송 - ClientId: 1
[13:01:03.704] [INFO] [서버] Ping 전송 - ClientId: 1
[13:01:03.716] [INFO] [서버] Ping 전송 - ClientId: 1
[13:01:03.728] [INFO] [서버] Ping 전송 - ClientId: 1
[13:01:03.739] [INFO] [서버] Ping 전송 - ClientId: 1
[13:01:04.075] [INFO] [서버] Ping 전송 - ClientId: 1
[13:01:04.409] [INFO] [서버] Ping 전송 - ClientId: 1
[13:01:04.421] [INFO] [서버] Ping 전송 - ClientId: 1
[13:01:04.430] [INFO] [서버] Ping 전송 - ClientId: 1
[13:01:04.439] [INFO] [서버] Ping 전송 - ClientId: 1
[13:01:04.450] [INFO] [서버] Ping 전송 - ClientId: 1
[13:01:04.459] [INFO] [서버] Ping 전송 - ClientId: 1
[13:01:04.468] [INFO] [서버] Ping 전송 - ClientId: 1
[13:01:04.477] [INFO] [서버] Ping 전송 - ClientId: 1
[13:01:04.490] [INFO] [서버] Ping 전송 - ClientId: 1
[13:01:04.499] [INFO] [서버] Ping 전송 - ClientId: 1
[13:01:04.509] [INFO] [서버] Ping 전송 - ClientId: 1
[13:01:04.520] [INFO] [서버] Ping 전송 - ClientId: 1
[13:01:04.530] [INFO] [서버] Ping 전송 - ClientId: 1
[13:01:04.541] [INFO] [서버] Ping 전송 - ClientId: 1
[13:01:04.554] [INFO] [서버] Ping 전송 - ClientId: 1
[13:01:04.565] [INFO] [서버] Ping 전송 - ClientId: 1
[13:01:04.575] [INFO] [서버] Ping 전송 - ClientId: 1
[13:01:04.588] [INFO] [서버] Ping 전송 - ClientId: 1
[13:01:04.598] [INFO] [서버] Ping 전송 - ClientId: 1
[13:01:04.610] [INFO] [서버] Ping 전송 - ClientId: 1
[13:01:04.621] [INFO] [서버] Ping 전송 - ClientId: 1
[13:01:04.633] [INFO] [서버] Ping 전송 - ClientId: 1
[13:01:04.644] [INFO] [서버] Ping 전송 - ClientId: 1
[13:01:04.655] [INFO] [서버] Ping 전송 - ClientId: 1
[13:01:04.666] [INFO] [서버] Ping 전송 - ClientId: 1
[13:01:04.999] [INFO] [서버] Ping 전송 - ClientId: 1
[13:01:05.333] [INFO] [서버] Ping 전송 - ClientId: 1
[13:01:05.666] [INFO] [서버] Ping 전송 - ClientId: 1
[13:01:05.999] [INFO] [서버] Ping 전송 - ClientId: 1
[13:01:06.333] [INFO] [서버] Ping 전송 - ClientId: 1
[13:01:06.666] [INFO] [서버] Ping 전송 - ClientId: 1
[13:01:07.001] [INFO] [서버] Ping 전송 - ClientId: 1
[13:01:07.332] [INFO] [서버] Ping 전송 - ClientId: 1
[13:01:07.667] [INFO] [서버] Ping 전송 - ClientId: 1
[13:01:07.999] [INFO] [서버] Ping 전송 - ClientId: 1
[13:01:08.333] [INFO] [서버] Ping 전송 - ClientId: 1
[13:01:08.666] [INFO] [서버] Ping 전송 - ClientId: 1
[13:01:09.000] [INFO] [서버] Ping 전송 - ClientId: 1
[13:01:09.333] [INFO] [서버] Ping 전송 - ClientId: 1
[13:01:09.666] [INFO] [서버] Ping 전송 - ClientId: 1
[13:01:10.000] [INFO] [서버] Ping 전송 - ClientId: 1
[13:01:10.344] [INFO] [서버] Ping 전송 - ClientId: 1
[13:01:10.666] [INFO] [서버] Ping 전송 - ClientId: 1
[13:01:11.004] [INFO] [서버] Ping 전송 - ClientId: 1
[13:01:11.335] [INFO] [서버] Ping 전송 - ClientId: 1
[13:01:11.668] [INFO] [서버] Ping 전송 - ClientId: 1
[13:01:11.999] [INFO] [서버] Ping 전송 - ClientId: 1
[13:01:12.333] [INFO] [서버] Ping 전송 - ClientId: 1
[13:01:12.666] [INFO] [서버] Ping 전송 - ClientId: 1
[13:01:13.000] [INFO] [서버] Ping 전송 - ClientId: 1
[13:01:13.333] [INFO] [서버] Ping 전송 - ClientId: 1
[13:01:13.666] [INFO] [서버] Ping 전송 - ClientId: 1
[13:01:14.001] [INFO] [서버] Ping 전송 - ClientId: 1
[13:01:14.334] [INFO] [서버] Ping 전송 - ClientId: 1
[13:01:14.667] [INFO] [서버] Ping 전송 - ClientId: 1
[13:01:15.000] [INFO] [서버] Ping 전송 - ClientId: 1
[13:01:15.334] [INFO] [서버] Ping 전송 - ClientId: 1
[13:01:15.666] [INFO] [서버] Ping 전송 - ClientId: 1
[13:01:16.000] [INFO] [서버] Ping 전송 - ClientId: 1
[13:01:16.334] [INFO] [서버] Ping 전송 - ClientId: 1
[13:01:16.666] [INFO] [서버] Ping 전송 - ClientId: 1
[13:01:17.000] [INFO] [서버] Ping 전송 - ClientId: 1
[13:01:17.333] [INFO] [서버] Ping 전송 - ClientId: 1
[13:01:17.666] [INFO] [서버] Ping 전송 - ClientId: 1
[13:01:18.000] [INFO] [서버] Ping 전송 - ClientId: 1
[13:01:18.334] [INFO] [서버] Ping 전송 - ClientId: 1
[13:01:18.667] [INFO] [서버] Ping 전송 - ClientId: 1
[13:01:19.001] [INFO] [서버] Ping 전송 - ClientId: 1
[13:01:19.333] [INFO] [서버] Ping 전송 - ClientId: 1
[13:01:19.667] [INFO] [서버] Ping 전송 - ClientId: 1
[13:01:20.001] [INFO] [서버] Ping 전송 - ClientId: 1
[13:01:20.333] [INFO] [서버] Ping 전송 - ClientId: 1
[13:01:20.666] [INFO] [서버] Ping 전송 - ClientId: 1
[13:01:21.000] [INFO] [서버] Ping 전송 - ClientId: 1
[13:01:21.333] [INFO] [서버] Ping 전송 - ClientId: 1
[13:01:21.666] [INFO] [서버] Ping 전송 - ClientId: 1
[13:01:22.000] [INFO] [서버] Ping 전송 - ClientId: 1
[13:01:22.333] [INFO] [서버] Ping 전송 - ClientId: 1
[13:01:22.667] [INFO] [서버] Ping 전송 - ClientId: 1
[13:01:23.001] [INFO] [서버] Ping 전송 - ClientId: 1
[13:01:23.333] [INFO] [서버] Ping 전송 - ClientId: 1
[13:01:23.667] [INFO] [서버] Ping 전송 - ClientId: 1
[13:01:24.001] [INFO] [서버] Ping 전송 - ClientId: 1
[13:01:24.333] [INFO] [서버] Ping 전송 - ClientId: 1
[13:01:24.668] [INFO] [서버] Ping 전송 - ClientId: 1
[13:01:25.001] [INFO] [서버] Ping 전송 - ClientId: 1
[13:01:25.334] [INFO] [서버] Ping 전송 - ClientId: 1
[13:01:25.668] [INFO] [서버] Ping 전송 - ClientId: 1
[13:01:26.000] [INFO] [서버] Ping 전송 - ClientId: 1
[13:01:26.335] [INFO] [서버] Ping 전송 - ClientId: 1
[13:01:26.668] [INFO] [서버] Ping 전송 - ClientId: 1
[13:01:27.001] [INFO] [서버] Ping 전송 - ClientId: 1
[13:01:27.335] [INFO] [서버] Ping 전송 - ClientId: 1
[13:01:27.667] [INFO] [서버] Ping 전송 - ClientId: 1
[13:01:28.000] [INFO] [서버] Ping 전송 - ClientId: 1
[13:01:28.334] [INFO] [서버] Ping 전송 - ClientId: 1
[13:01:28.668] [INFO] [서버] Ping 전송 - ClientId: 1
[13:01:29.002] [INFO] [서버] Ping 전송 - ClientId: 1
[13:01:29.335] [INFO] [서버] Ping 전송 - ClientId: 1
[13:01:29.668] [INFO] [서버] Ping 전송 - ClientId: 1
[13:01:30.001] [INFO] [서버] Ping 전송 - ClientId: 1
[13:01:30.335] [INFO] [서버] Ping 전송 - ClientId: 1
[13:01:30.667] [INFO] [서버] Ping 전송 - ClientId: 1
[13:01:31.001] [INFO] [서버] Ping 전송 - ClientId: 1
[13:01:31.334] [INFO] [서버] Ping 전송 - ClientId: 1
[13:01:31.668] [INFO] [서버] Ping 전송 - ClientId: 1
[13:01:32.001] [INFO] [서버] Ping 전송 - ClientId: 1
[13:01:32.334] [INFO] [서버] Ping 전송 - ClientId: 1
[13:01:32.667] [INFO] [서버] Ping 전송 - ClientId: 1
[13:01:33.001] [INFO] [서버] Ping 전송 - ClientId: 1
[13:01:33.335] [INFO] [서버] Ping 전송 - ClientId: 1
[13:01:33.668] [INFO] [서버] Ping 전송 - ClientId: 1
[13:01:34.001] [INFO] [서버] Ping 전송 - ClientId: 1
[13:01:34.334] [INFO] [서버] Ping 전송 - ClientId: 1
[13:01:34.667] [INFO] [서버] Ping 전송 - ClientId: 1
[13:01:35.000] [INFO] [서버] Ping 전송 - ClientId: 1
[13:01:35.334] [INFO] [서버] Ping 전송 - ClientId: 1
[13:01:35.668] [INFO] [서버] Ping 전송 - ClientId: 1
[13:01:36.000] [INFO] [서버] Ping 전송 - ClientId: 1
[13:01:36.334] [INFO] [서버] Ping 전송 - ClientId: 1
[13:01:36.668] [INFO] [서버] Ping 전송 - ClientId: 1
