[21:01:41.641] [INFO] 로깅 시스템 초기화됨
[21:01:41.642] [INFO] 서버 인스턴스 생성됨
[21:01:41.642] [INFO] 서버 초기화 시작 (포트: 9000)
[21:01:41.643] [INFO] 윈속 초기화 성공
[21:01:41.644] [INFO] 리스닝 소켓 생성 성공
[21:01:41.644] [INFO] 소켓 바인딩 성공 (포트: 9000)
[21:01:41.644] [INFO] 리스닝 시작됨
[21:01:41.644] [INFO] IOCP 생성 성공
[21:01:41.645] [INFO] CPU 코어 수: 16, 생성할 작업자 스레드: 32
[21:01:41.645] [INFO] 작업자 스레드 #1 생성됨
[21:01:41.645] [INFO] 작업자 스레드 시작 (ThreadID: 34656)
[21:01:41.645] [INFO] 작업자 스레드 #2 생성됨
[21:01:41.646] [INFO] 작업자 스레드 #3 생성됨
[21:01:41.646] [INFO] 작업자 스레드 시작 (ThreadID: 14016)
[21:01:41.646] [INFO] 작업자 스레드 시작 (ThreadID: 28616)
[21:01:41.647] [INFO] 작업자 스레드 #4 생성됨
[21:01:41.647] [INFO] 작업자 스레드 시작 (ThreadID: 6244)
[21:01:41.647] [INFO] 작업자 스레드 #5 생성됨
[21:01:41.647] [INFO] 작업자 스레드 #6 생성됨
[21:01:41.648] [INFO] 작업자 스레드 시작 (ThreadID: 26008)
[21:01:41.648] [INFO] 작업자 스레드 #7 생성됨
[21:01:41.648] [INFO] 작업자 스레드 시작 (ThreadID: 24760)
[21:01:41.649] [INFO] 작업자 스레드 #8 생성됨
[21:01:41.649] [INFO] 작업자 스레드 시작 (ThreadID: 29220)
[21:01:41.649] [INFO] 작업자 스레드 시작 (ThreadID: 27168)
[21:01:41.650] [INFO] 작업자 스레드 #9 생성됨
[21:01:41.650] [INFO] 작업자 스레드 시작 (ThreadID: 30020)
[21:01:41.650] [INFO] 작업자 스레드 #10 생성됨
[21:01:41.650] [INFO] 작업자 스레드 시작 (ThreadID: 8356)
[21:01:41.651] [INFO] 작업자 스레드 #11 생성됨
[21:01:41.651] [INFO] 작업자 스레드 시작 (ThreadID: 31724)
[21:01:41.651] [INFO] 작업자 스레드 #12 생성됨
[21:01:41.651] [INFO] 작업자 스레드 시작 (ThreadID: 16492)
[21:01:41.652] [INFO] 작업자 스레드 #13 생성됨
[21:01:41.652] [INFO] 작업자 스레드 #14 생성됨
[21:01:41.652] [INFO] 작업자 스레드 시작 (ThreadID: 24676)
[21:01:41.652] [INFO] 작업자 스레드 시작 (ThreadID: 28376)
[21:01:41.653] [INFO] 작업자 스레드 #15 생성됨
[21:01:41.653] [INFO] 작업자 스레드 시작 (ThreadID: 21952)
[21:01:41.653] [INFO] 작업자 스레드 #16 생성됨
[21:01:41.653] [INFO] 작업자 스레드 시작 (ThreadID: 28128)
[21:01:41.653] [INFO] 작업자 스레드 #17 생성됨
[21:01:41.654] [INFO] 작업자 스레드 시작 (ThreadID: 20324)
[21:01:41.654] [INFO] 작업자 스레드 #18 생성됨
[21:01:41.654] [INFO] 작업자 스레드 시작 (ThreadID: 32284)
[21:01:41.654] [INFO] 작업자 스레드 #19 생성됨
[21:01:41.654] [INFO] 작업자 스레드 시작 (ThreadID: 23572)
[21:01:41.655] [INFO] 작업자 스레드 #20 생성됨
[21:01:41.655] [INFO] 작업자 스레드 시작 (ThreadID: 34808)
[21:01:41.655] [INFO] 작업자 스레드 #21 생성됨
[21:01:41.655] [INFO] 작업자 스레드 시작 (ThreadID: 24108)
[21:01:41.656] [INFO] 작업자 스레드 #22 생성됨
[21:01:41.656] [INFO] 작업자 스레드 시작 (ThreadID: 34912)
[21:01:41.656] [INFO] 작업자 스레드 #23 생성됨
[21:01:41.656] [INFO] 작업자 스레드 시작 (ThreadID: 28976)
[21:01:41.656] [INFO] 작업자 스레드 #24 생성됨
[21:01:41.657] [INFO] 작업자 스레드 시작 (ThreadID: 28444)
[21:01:41.657] [INFO] 작업자 스레드 #25 생성됨
[21:01:41.657] [INFO] 작업자 스레드 시작 (ThreadID: 23612)
[21:01:41.657] [INFO] 작업자 스레드 #26 생성됨
[21:01:41.657] [INFO] 작업자 스레드 시작 (ThreadID: 26400)
[21:01:41.658] [INFO] 작업자 스레드 #27 생성됨
[21:01:41.658] [INFO] 작업자 스레드 시작 (ThreadID: 23776)
[21:01:41.658] [INFO] 작업자 스레드 #28 생성됨
[21:01:41.659] [INFO] 작업자 스레드 시작 (ThreadID: 23200)
[21:01:41.659] [INFO] 작업자 스레드 #29 생성됨
[21:01:41.659] [INFO] 작업자 스레드 시작 (ThreadID: 15900)
[21:01:41.659] [INFO] 작업자 스레드 #30 생성됨
[21:01:41.660] [INFO] 작업자 스레드 시작 (ThreadID: 5628)
[21:01:41.660] [INFO] 작업자 스레드 #31 생성됨
[21:01:41.660] [INFO] 작업자 스레드 시작 (ThreadID: 31992)
[21:01:41.660] [INFO] 작업자 스레드 #32 생성됨
[21:01:41.660] [INFO] 작업자 스레드 시작 (ThreadID: 35400)
[21:01:41.661] [INFO] 서버 초기화 완료
[21:01:41.661] [INFO] 서버 실행. 포트 번호: 9000
[21:01:41.661] [INFO] IOCP 멀티플레이어 서버 시작됨...
[21:01:41.661] [INFO] 서버 실행 시작
[21:02:26.177] [INFO] 클라이언트 연결됨: 127.0.0.1:8336 (ID: 1)
[21:02:26.177] [INFO] 새 클라이언트에게 ID 1 전송됨
[21:02:26.178] [INFO] 새 플레이어 정보(ID: 1) 브로드캐스트 - 수신자 수: 0
[21:02:26.178] [INFO] 기존 플레이어 정보 0개가 새 클라이언트(ID: 1)에게 전송됨
[21:02:26.178] [INFO] 서버 FPS: 0.044928, 평균 프레임 시간: 4451.600098ms, 클라이언트 수: 1
[21:02:26.178] [INFO] 클라이언트 연결됨: 127.0.0.1:8337 (ID: 2)
[21:02:26.179] [INFO] 새 클라이언트에게 ID 2 전송됨
[21:02:26.179] [INFO] 새 플레이어 정보(ID: 2) 브로드캐스트 - 수신자 수: 1
[21:02:26.179] [INFO] 기존 플레이어 정보 1개가 새 클라이언트(ID: 2)에게 전송됨
[21:02:26.180] [WARNING] 비정상적으로 긴 델타 타임: 44.515999초
[21:02:46.844] [INFO] 클라이언트가 정상적으로 연결 종료 - ID: 2
[21:02:46.845] [INFO] 클라이언트 연결 끊김 (ID: 2)
[21:02:46.845] [INFO] 클라이언트 연결 끊김 알림(ID: 2) - 수신자 수: 1
[21:02:46.861] [INFO] 클라이언트 연결 중단 - ID: 1, 오류: 알 수 없는 오류: 64
[21:02:46.862] [INFO] 클라이언트 연결 끊김 (ID: 1)
[21:02:46.862] [INFO] 클라이언트 연결 끊김 알림(ID: 1) - 수신자 수: 0
