[15:06:44.783] [INFO] 로깅 시스템 초기화됨
[15:06:44.783] [INFO] 서버 인스턴스 생성됨
[15:06:44.784] [INFO] 서버 초기화 시작 (포트: 9000)
[15:06:44.785] [INFO] 윈속 초기화 성공
[15:06:44.786] [INFO] 리스닝 소켓 생성 성공
[15:06:44.786] [INFO] 소켓 바인딩 성공 (포트: 9000)
[15:06:44.786] [INFO] 리스닝 시작됨
[15:06:44.787] [INFO] IOCP 생성 성공
[15:06:44.787] [INFO] CPU 코어 수: 16, 생성할 작업자 스레드: 16
[15:06:44.787] [INFO] 작업자 스레드 #1 생성됨
[15:06:44.788] [INFO] 작업자 스레드 시작 (ThreadID: 13996)
[15:06:44.788] [INFO] 작업자 스레드 #2 생성됨
[15:06:44.788] [INFO] 작업자 스레드 시작 (ThreadID: 33340)
[15:06:44.789] [INFO] 작업자 스레드 #3 생성됨
[15:06:44.789] [INFO] 작업자 스레드 시작 (ThreadID: 24392)
[15:06:44.789] [INFO] 작업자 스레드 #4 생성됨
[15:06:44.790] [INFO] 작업자 스레드 시작 (ThreadID: 21056)
[15:06:44.790] [INFO] 작업자 스레드 #5 생성됨
[15:06:44.790] [INFO] 작업자 스레드 시작 (ThreadID: 24936)
[15:06:44.791] [INFO] 작업자 스레드 #6 생성됨
[15:06:44.791] [INFO] 작업자 스레드 시작 (ThreadID: 12000)
[15:06:44.791] [INFO] 작업자 스레드 #7 생성됨
[15:06:44.791] [INFO] 작업자 스레드 시작 (ThreadID: 20604)
[15:06:44.792] [INFO] 작업자 스레드 #8 생성됨
[15:06:44.792] [INFO] 작업자 스레드 시작 (ThreadID: 36380)
[15:06:44.792] [INFO] 작업자 스레드 #9 생성됨
[15:06:44.792] [INFO] 작업자 스레드 시작 (ThreadID: 10060)
[15:06:44.793] [INFO] 작업자 스레드 #10 생성됨
[15:06:44.793] [INFO] 작업자 스레드 시작 (ThreadID: 36316)
[15:06:44.793] [INFO] 작업자 스레드 #11 생성됨
[15:06:44.793] [INFO] 작업자 스레드 시작 (ThreadID: 7344)
[15:06:44.794] [INFO] 작업자 스레드 #12 생성됨
[15:06:44.794] [INFO] 작업자 스레드 시작 (ThreadID: 27684)
[15:06:44.794] [INFO] 작업자 스레드 #13 생성됨
[15:06:44.794] [INFO] 작업자 스레드 시작 (ThreadID: 10876)
[15:06:44.795] [INFO] 작업자 스레드 #14 생성됨
[15:06:44.795] [INFO] 작업자 스레드 시작 (ThreadID: 34568)
[15:06:44.795] [INFO] 작업자 스레드 #15 생성됨
[15:06:44.795] [INFO] 작업자 스레드 시작 (ThreadID: 30652)
[15:06:44.796] [INFO] 작업자 스레드 #16 생성됨
[15:06:44.796] [INFO] 작업자 스레드 시작 (ThreadID: 5512)
[15:06:44.796] [INFO] 서버 초기화 완료
[15:06:44.796] [INFO] 서버 실행. 포트 번호: 9000
[15:06:44.797] [INFO] IOCP 멀티플레이어 서버 시작됨...
[15:06:44.797] [INFO] 서버 실행 시작
[15:06:44.797] [INFO] listenSocket 논블로킹 설정 성공
[15:06:45.812] [INFO] 서버 FPS: 35.433071, 평균 프레임 시간: 0.000000ms, 클라이언트 수: 0
[15:06:46.836] [INFO] 서버 FPS: 32.007759, 평균 프레임 시간: 0.000000ms, 클라이언트 수: 0
[15:06:47.862] [INFO] 서버 FPS: 32.977692, 평균 프레임 시간: 0.000000ms, 클라이언트 수: 0
[15:06:48.887] [INFO] 서버 FPS: 33.464565, 평균 프레임 시간: 0.000000ms, 클라이언트 수: 0
[15:06:49.247] [INFO] 새 클라이언트에게 ID 1 전송됨
[15:06:49.248] [INFO] 새 플레이어 정보(ID: 1) 브로드캐스트 - 수신자 수: 0
[15:06:49.248] [INFO] 기존 플레이어 정보 0개가 새 클라이언트(ID: 1)에게 전송됨
[15:06:49.278] [INFO] 새 클라이언트에게 ID 2 전송됨
[15:06:49.279] [INFO] 새 플레이어 정보(ID: 2) 브로드캐스트 - 수신자 수: 1
[15:06:49.279] [INFO] 기존 플레이어 정보 1개가 새 클라이언트(ID: 2)에게 전송됨
[15:06:49.898] [INFO] 서버 FPS: 32.480316, 평균 프레임 시간: 0.000000ms, 클라이언트 수: 2
[15:06:50.910] [INFO] 서버 FPS: 32.512314, 평균 프레임 시간: 0.000000ms, 클라이언트 수: 2
[15:06:51.947] [INFO] 서버 FPS: 32.977692, 평균 프레임 시간: 0.000000ms, 클라이언트 수: 2
[15:06:52.977] [INFO] 서버 FPS: 31.976744, 평균 프레임 시간: 0.000000ms, 클라이언트 수: 2
[15:06:54.001] [INFO] 서버 FPS: 32.007759, 평균 프레임 시간: 0.000000ms, 클라이언트 수: 2
[15:06:55.028] [INFO] 서버 FPS: 32.480316, 평균 프레임 시간: 0.000000ms, 클라이언트 수: 2
[15:06:56.047] [INFO] 서버 FPS: 32.512314, 평균 프레임 시간: 0.000000ms, 클라이언트 수: 2
[15:06:57.075] [INFO] 서버 FPS: 32.007759, 평균 프레임 시간: 0.000000ms, 클라이언트 수: 2
[15:06:58.101] [INFO] 서버 FPS: 31.976744, 평균 프레임 시간: 0.000000ms, 클라이언트 수: 2
[15:06:59.133] [INFO] 서버 FPS: 32.007759, 평균 프레임 시간: 0.000000ms, 클라이언트 수: 2
[15:07:00.164] [INFO] 서버 FPS: 32.977692, 평균 프레임 시간: 0.000000ms, 클라이언트 수: 2
[15:07:01.187] [INFO] 서버 FPS: 32.480316, 평균 프레임 시간: 0.000000ms, 클라이언트 수: 2
[15:07:02.208] [INFO] 서버 FPS: 32.007759, 평균 프레임 시간: 0.000000ms, 클라이언트 수: 2
[15:07:03.223] [INFO] 서버 FPS: 32.480316, 평균 프레임 시간: 0.000000ms, 클라이언트 수: 2
[15:07:04.241] [INFO] 서버 FPS: 32.512314, 평균 프레임 시간: 0.000000ms, 클라이언트 수: 2
[15:07:05.260] [INFO] 서버 FPS: 32.480316, 평균 프레임 시간: 0.000000ms, 클라이언트 수: 2
[15:07:06.280] [INFO] 서버 FPS: 33.464565, 평균 프레임 시간: 0.619873ms, 클라이언트 수: 2
[15:07:07.307] [INFO] 서버 FPS: 32.007759, 평균 프레임 시간: 0.019156ms, 클라이언트 수: 2
[15:07:08.336] [INFO] 서버 FPS: 32.007759, 평균 프레임 시간: 0.000592ms, 클라이언트 수: 2
[15:07:09.361] [INFO] 서버 FPS: 32.007759, 평균 프레임 시간: 0.000018ms, 클라이언트 수: 2
[15:07:10.385] [INFO] 서버 FPS: 33.464565, 평균 프레임 시간: 0.093040ms, 클라이언트 수: 2
[15:07:11.402] [INFO] 서버 FPS: 32.480316, 평균 프레임 시간: 0.002875ms, 클라이언트 수: 2
[15:07:12.423] [INFO] 서버 FPS: 32.007759, 평균 프레임 시간: 0.000089ms, 클라이언트 수: 2
[15:07:13.460] [INFO] 서버 FPS: 32.977692, 평균 프레임 시간: 0.000002ms, 클라이언트 수: 2
[15:07:14.480] [INFO] 서버 FPS: 32.480316, 평균 프레임 시간: 0.000000ms, 클라이언트 수: 2
[15:07:15.504] [INFO] 서버 FPS: 32.007759, 평균 프레임 시간: 0.000000ms, 클라이언트 수: 2
[15:07:16.531] [INFO] 서버 FPS: 32.480316, 평균 프레임 시간: 0.000000ms, 클라이언트 수: 2
[15:07:17.557] [INFO] 서버 FPS: 32.007759, 평균 프레임 시간: 0.000000ms, 클라이언트 수: 2
[15:07:18.588] [INFO] 서버 FPS: 32.007759, 평균 프레임 시간: 0.000000ms, 클라이언트 수: 2
[15:07:19.611] [INFO] 서버 FPS: 32.007759, 평균 프레임 시간: 0.000000ms, 클라이언트 수: 2
[15:07:20.631] [INFO] 서버 FPS: 32.480316, 평균 프레임 시간: 0.000000ms, 클라이언트 수: 2
[15:07:21.651] [INFO] 서버 FPS: 32.480316, 평균 프레임 시간: 0.000000ms, 클라이언트 수: 2
[15:07:22.659] [INFO] 서버 FPS: 32.512314, 평균 프레임 시간: 0.000000ms, 클라이언트 수: 2
[15:07:23.678] [INFO] 서버 FPS: 32.480316, 평균 프레임 시간: 0.000000ms, 클라이언트 수: 2
[15:07:24.696] [INFO] 서버 FPS: 32.512314, 평균 프레임 시간: 0.000000ms, 클라이언트 수: 2
[15:07:25.719] [INFO] 서버 FPS: 32.480316, 평균 프레임 시간: 0.000000ms, 클라이언트 수: 2
[15:07:26.729] [INFO] 서버 FPS: 32.480316, 평균 프레임 시간: 0.000000ms, 클라이언트 수: 2
[15:07:27.758] [INFO] 서버 FPS: 32.007759, 평균 프레임 시간: 0.000000ms, 클라이언트 수: 2
[15:07:28.786] [INFO] 서버 FPS: 32.007759, 평균 프레임 시간: 0.000000ms, 클라이언트 수: 2
[15:07:29.798] [INFO] 서버 FPS: 32.480316, 평균 프레임 시간: 0.000000ms, 클라이언트 수: 2
[15:07:30.815] [INFO] 서버 FPS: 32.512314, 평균 프레임 시간: 0.000000ms, 클라이언트 수: 2
[15:07:31.851] [INFO] 서버 FPS: 32.945736, 평균 프레임 시간: 0.000000ms, 클라이언트 수: 2
[15:07:32.888] [INFO] 서버 FPS: 32.977692, 평균 프레임 시간: 0.000000ms, 클라이언트 수: 2
[15:07:33.913] [INFO] 서버 FPS: 32.007759, 평균 프레임 시간: 0.000000ms, 클라이언트 수: 2
[15:07:34.941] [INFO] 서버 FPS: 32.007759, 평균 프레임 시간: 0.000000ms, 클라이언트 수: 2
[15:07:35.973] [INFO] 서버 FPS: 31.976744, 평균 프레임 시간: 0.000000ms, 클라이언트 수: 2
[15:07:37.001] [INFO] 서버 FPS: 33.497536, 평균 프레임 시간: 0.000000ms, 클라이언트 수: 2
[15:07:38.029] [INFO] 서버 FPS: 32.945736, 평균 프레임 시간: 0.049445ms, 클라이언트 수: 2
[15:07:39.057] [INFO] 서버 FPS: 32.007759, 평균 프레임 시간: 0.001528ms, 클라이언트 수: 2
[15:07:40.077] [INFO] 서버 FPS: 32.512314, 평균 프레임 시간: 0.000047ms, 클라이언트 수: 2
[15:07:41.099] [INFO] 서버 FPS: 31.976744, 평균 프레임 시간: 0.000001ms, 클라이언트 수: 2
[15:07:42.120] [INFO] 서버 FPS: 32.512314, 평균 프레임 시간: 0.000000ms, 클라이언트 수: 2
[15:07:43.141] [INFO] 서버 FPS: 31.976744, 평균 프레임 시간: 0.000000ms, 클라이언트 수: 2
[15:07:44.165] [INFO] 서버 FPS: 32.512314, 평균 프레임 시간: 0.000000ms, 클라이언트 수: 2
[15:07:45.189] [INFO] 서버 FPS: 32.007759, 평균 프레임 시간: 0.000000ms, 클라이언트 수: 2
[15:07:45.220] [WARNING] 클라이언트 Ping 타임아웃 발생 - ID: 1, 마지막 Ping 후 경과 시간: 5.015625초
[15:07:45.221] [WARNING] 클라이언트 Ping 타임아웃 발생 - ID: 2, 마지막 Ping 후 경과 시간: 5.015625초
[15:07:45.221] [INFO] 클라이언트 연결 끊김 (ID: 1)
[15:07:45.221] [INFO] 클라이언트가 정상적으로 연결 종료함 - ID: 1
[15:07:45.222] [INFO] 클라이언트 연결 끊김 알림(ID: 1) - 수신자 수: 1
[15:07:45.222] [INFO] 클라이언트 연결 끊김 (ID: 2)
[15:07:45.222] [INFO] 클라이언트 연결 끊김 알림(ID: 2) - 수신자 수: 0
[15:07:45.222] [INFO] 클라이언트가 정상적으로 연결 종료함 - ID: 2
[15:07:45.222] [WARNING] 존재하지 않는 클라이언트 ID를 제거하려고 시도: 1
[15:07:45.222] [WARNING] 존재하지 않는 클라이언트 ID를 제거하려고 시도: -572662307
[15:07:46.217] [INFO] 서버 FPS: 34.448818, 평균 프레임 시간: 0.000000ms, 클라이언트 수: 0
[15:07:47.236] [INFO] 서버 FPS: 32.007759, 평균 프레임 시간: 0.000000ms, 클라이언트 수: 0
[15:07:48.252] [INFO] 서버 FPS: 32.480316, 평균 프레임 시간: 0.000000ms, 클라이언트 수: 0
[15:07:49.282] [INFO] 서버 FPS: 32.480316, 평균 프레임 시간: 0.000000ms, 클라이언트 수: 0
[15:07:50.286] [INFO] 서버 FPS: 31.527094, 평균 프레임 시간: 0.000000ms, 클라이언트 수: 0
[15:07:51.310] [INFO] 서버 FPS: 32.480316, 평균 프레임 시간: 0.000000ms, 클라이언트 수: 0
[15:07:52.320] [INFO] 서버 FPS: 32.512314, 평균 프레임 시간: 0.000000ms, 클라이언트 수: 0
[15:07:53.346] [INFO] 서버 FPS: 31.976744, 평균 프레임 시간: 0.000000ms, 클라이언트 수: 0
[15:07:54.368] [INFO] 서버 FPS: 33.497536, 평균 프레임 시간: 0.000000ms, 클라이언트 수: 0
[15:07:55.404] [INFO] 서버 FPS: 32.945736, 평균 프레임 시간: 0.000000ms, 클라이언트 수: 0
[15:07:56.424] [INFO] 서버 FPS: 32.007759, 평균 프레임 시간: 0.000000ms, 클라이언트 수: 0
[15:07:57.449] [INFO] 서버 FPS: 32.512314, 평균 프레임 시간: 0.000000ms, 클라이언트 수: 0
[15:07:58.478] [INFO] 서버 FPS: 31.976744, 평균 프레임 시간: 0.000000ms, 클라이언트 수: 0
[15:07:59.492] [INFO] 서버 FPS: 32.512314, 평균 프레임 시간: 0.000000ms, 클라이언트 수: 0
[15:08:00.518] [INFO] 서버 FPS: 31.976744, 평균 프레임 시간: 0.000000ms, 클라이언트 수: 0
[15:08:01.556] [INFO] 서버 FPS: 32.977692, 평균 프레임 시간: 0.000000ms, 클라이언트 수: 0
[15:08:02.586] [INFO] 서버 FPS: 33.947624, 평균 프레임 시간: 0.000000ms, 클라이언트 수: 0
[15:08:03.611] [INFO] 서버 FPS: 32.977692, 평균 프레임 시간: 0.000000ms, 클라이언트 수: 0
[15:08:04.638] [INFO] 서버 FPS: 33.464565, 평균 프레임 시간: 0.000000ms, 클라이언트 수: 0
[15:08:05.647] [INFO] 서버 FPS: 32.480316, 평균 프레임 시간: 0.000000ms, 클라이언트 수: 0
[15:08:06.677] [INFO] 서버 FPS: 32.007759, 평균 프레임 시간: 0.000000ms, 클라이언트 수: 0
[15:08:07.707] [INFO] 서버 FPS: 32.007759, 평균 프레임 시간: 0.000000ms, 클라이언트 수: 0
[15:08:08.741] [INFO] 서버 FPS: 32.007759, 평균 프레임 시간: 0.000000ms, 클라이언트 수: 0
[15:08:09.776] [INFO] 서버 FPS: 32.945736, 평균 프레임 시간: 0.000000ms, 클라이언트 수: 0
[15:08:10.789] [INFO] 서버 FPS: 32.512314, 평균 프레임 시간: 0.000000ms, 클라이언트 수: 0
[15:08:11.800] [INFO] 서버 FPS: 32.480316, 평균 프레임 시간: 0.000000ms, 클라이언트 수: 0
[15:08:12.819] [INFO] 서버 FPS: 32.512314, 평균 프레임 시간: 0.000000ms, 클라이언트 수: 0
[15:08:13.838] [INFO] 서버 FPS: 32.480316, 평균 프레임 시간: 0.000000ms, 클라이언트 수: 0
[15:08:14.845] [INFO] 서버 FPS: 31.496063, 평균 프레임 시간: 0.000000ms, 클라이언트 수: 0
[15:08:15.863] [INFO] 서버 FPS: 32.512314, 평균 프레임 시간: 0.000000ms, 클라이언트 수: 0
[15:08:16.892] [INFO] 서버 FPS: 32.945736, 평균 프레임 시간: 0.000000ms, 클라이언트 수: 0
[15:08:17.923] [INFO] 서버 FPS: 32.977692, 평균 프레임 시간: 0.000000ms, 클라이언트 수: 0
[15:08:18.954] [INFO] 서버 FPS: 32.007759, 평균 프레임 시간: 0.000000ms, 클라이언트 수: 0
[15:08:19.980] [INFO] 서버 FPS: 32.480316, 평균 프레임 시간: 0.000000ms, 클라이언트 수: 0
[15:08:21.014] [INFO] 서버 FPS: 32.007759, 평균 프레임 시간: 0.000000ms, 클라이언트 수: 0
[15:08:22.034] [INFO] 서버 FPS: 32.007759, 평균 프레임 시간: 0.000000ms, 클라이언트 수: 0
[15:08:23.049] [INFO] 서버 FPS: 32.480316, 평균 프레임 시간: 0.000000ms, 클라이언트 수: 0
[15:08:24.082] [INFO] 서버 FPS: 32.977692, 평균 프레임 시간: 0.000000ms, 클라이언트 수: 0
[15:08:25.105] [INFO] 서버 FPS: 33.464565, 평균 프레임 시간: 0.000000ms, 클라이언트 수: 0
[15:08:26.138] [INFO] 서버 FPS: 32.977692, 평균 프레임 시간: 0.000000ms, 클라이언트 수: 0
[15:08:27.168] [INFO] 서버 FPS: 32.007759, 평균 프레임 시간: 0.000000ms, 클라이언트 수: 0
[15:08:28.195] [INFO] 서버 FPS: 32.007759, 평균 프레임 시간: 0.000000ms, 클라이언트 수: 0
[15:08:29.223] [INFO] 서버 FPS: 31.976744, 평균 프레임 시간: 0.000000ms, 클라이언트 수: 0
[15:08:30.239] [INFO] 서버 FPS: 32.512314, 평균 프레임 시간: 0.000000ms, 클라이언트 수: 0
[15:08:31.274] [INFO] 서버 FPS: 32.945736, 평균 프레임 시간: 0.000000ms, 클라이언트 수: 0
[15:08:32.311] [INFO] 서버 FPS: 32.007759, 평균 프레임 시간: 0.000000ms, 클라이언트 수: 0
[15:08:33.331] [INFO] 서버 FPS: 32.007759, 평균 프레임 시간: 0.000000ms, 클라이언트 수: 0
[15:08:34.364] [INFO] 서버 FPS: 32.007759, 평균 프레임 시간: 0.000000ms, 클라이언트 수: 0
[15:08:35.382] [INFO] 서버 FPS: 32.480316, 평균 프레임 시간: 0.000000ms, 클라이언트 수: 0
[15:08:36.413] [INFO] 서버 FPS: 32.007759, 평균 프레임 시간: 0.000000ms, 클라이언트 수: 0
[15:08:37.427] [INFO] 서버 FPS: 32.480316, 평균 프레임 시간: 0.000000ms, 클라이언트 수: 0
[15:08:38.443] [INFO] 서버 FPS: 32.512314, 평균 프레임 시간: 0.000000ms, 클라이언트 수: 0
[15:08:39.458] [INFO] 서버 FPS: 32.480316, 평균 프레임 시간: 0.000000ms, 클라이언트 수: 0
[15:08:40.488] [INFO] 서버 FPS: 32.007759, 평균 프레임 시간: 0.000000ms, 클라이언트 수: 0
[15:08:41.518] [INFO] 서버 FPS: 32.945736, 평균 프레임 시간: 0.000000ms, 클라이언트 수: 0
[15:08:42.549] [INFO] 서버 FPS: 32.007759, 평균 프레임 시간: 0.000000ms, 클라이언트 수: 0
[15:08:43.563] [INFO] 서버 FPS: 32.512314, 평균 프레임 시간: 0.000000ms, 클라이언트 수: 0
[15:08:44.598] [INFO] 서버 FPS: 31.976744, 평균 프레임 시간: 0.000000ms, 클라이언트 수: 0
[15:08:45.627] [INFO] 서버 FPS: 32.007759, 평균 프레임 시간: 0.000000ms, 클라이언트 수: 0
[15:08:46.647] [INFO] 서버 FPS: 32.480316, 평균 프레임 시간: 0.000000ms, 클라이언트 수: 0
[15:08:47.676] [INFO] 서버 FPS: 32.007759, 평균 프레임 시간: 0.000000ms, 클라이언트 수: 0
[15:08:48.704] [INFO] 서버 FPS: 32.512314, 평균 프레임 시간: 0.000000ms, 클라이언트 수: 0
[15:08:49.731] [INFO] 서버 FPS: 32.945736, 평균 프레임 시간: 0.000000ms, 클라이언트 수: 0
[15:08:50.757] [INFO] 서버 FPS: 32.977692, 평균 프레임 시간: 0.000000ms, 클라이언트 수: 0
