[13:47:39.632] [INFO] 로깅 시스템 초기화됨
[13:47:39.632] [INFO] 서버 인스턴스 생성됨
[13:47:39.632] [INFO] 서버 초기화 시작 (포트: 9000)
[13:47:39.633] [INFO] 윈속 초기화 성공
[13:47:39.634] [INFO] 리스닝 소켓 생성 성공
[13:47:39.634] [INFO] 소켓 바인딩 성공 (포트: 9000)
[13:47:39.635] [INFO] 리스닝 시작됨
[13:47:39.635] [INFO] IOCP 생성 성공
[13:47:39.635] [INFO] CPU 코어 수: 16, 생성할 작업자 스레드: 16
[13:47:39.635] [INFO] 작업자 스레드 #1 생성됨
[13:47:39.635] [INFO] 작업자 스레드 시작 (ThreadID: 36836)
[13:47:39.636] [INFO] 작업자 스레드 #2 생성됨
[13:47:39.636] [INFO] 작업자 스레드 시작 (ThreadID: 32428)
[13:47:39.636] [INFO] 작업자 스레드 #3 생성됨
[13:47:39.636] [INFO] 작업자 스레드 시작 (ThreadID: 3464)
[13:47:39.637] [INFO] 작업자 스레드 #4 생성됨
[13:47:39.637] [INFO] 작업자 스레드 시작 (ThreadID: 8912)
[13:47:39.637] [INFO] 작업자 스레드 #5 생성됨
[13:47:39.637] [INFO] 작업자 스레드 시작 (ThreadID: 3056)
[13:47:39.637] [INFO] 작업자 스레드 #6 생성됨
[13:47:39.638] [INFO] 작업자 스레드 시작 (ThreadID: 10344)
[13:47:39.638] [INFO] 작업자 스레드 #7 생성됨
[13:47:39.638] [INFO] 작업자 스레드 시작 (ThreadID: 34536)
[13:47:39.638] [INFO] 작업자 스레드 #8 생성됨
[13:47:39.638] [INFO] 작업자 스레드 시작 (ThreadID: 24052)
[13:47:39.638] [INFO] 작업자 스레드 #9 생성됨
[13:47:39.639] [INFO] 작업자 스레드 시작 (ThreadID: 35500)
[13:47:39.639] [INFO] 작업자 스레드 #10 생성됨
[13:47:39.639] [INFO] 작업자 스레드 시작 (ThreadID: 31836)
[13:47:39.639] [INFO] 작업자 스레드 #11 생성됨
[13:47:39.639] [INFO] 작업자 스레드 시작 (ThreadID: 23876)
[13:47:39.640] [INFO] 작업자 스레드 #12 생성됨
[13:47:39.640] [INFO] 작업자 스레드 시작 (ThreadID: 29200)
[13:47:39.640] [INFO] 작업자 스레드 #13 생성됨
[13:47:39.640] [INFO] 작업자 스레드 시작 (ThreadID: 29348)
[13:47:39.640] [INFO] 작업자 스레드 #14 생성됨
[13:47:39.640] [INFO] 작업자 스레드 시작 (ThreadID: 1980)
[13:47:39.641] [INFO] 작업자 스레드 #15 생성됨
[13:47:39.641] [INFO] 작업자 스레드 시작 (ThreadID: 12416)
[13:47:39.641] [INFO] 작업자 스레드 #16 생성됨
[13:47:39.641] [INFO] 서버 초기화 완료
[13:47:39.641] [INFO] 서버 실행. 포트 번호: 9000
[13:47:39.642] [INFO] IOCP 멀티플레이어 서버 시작됨...
[13:47:39.642] [INFO] 서버 실행 시작
[13:47:39.642] [INFO] 작업자 스레드 시작 (ThreadID: 28916)
[13:47:39.642] [INFO] listenSocket 논블로킹 설정 성공
[13:47:40.642] [INFO] 서버 FPS: 34.448818, 평균 프레임 시간: 0.000000ms, 클라이언트 수: 0
[13:47:41.683] [INFO] 서버 FPS: 34.917557, 평균 프레임 시간: 0.000000ms, 클라이언트 수: 0
[13:47:42.417] [INFO] 새 클라이언트에게 ID 1 전송됨
[13:47:42.418] [INFO] 새 플레이어 정보(ID: 1) 브로드캐스트 - 수신자 수: 0
[13:47:42.418] [INFO] 기존 플레이어 정보 0개가 새 클라이언트(ID: 1)에게 전송됨
[13:47:42.574] [INFO] 새 클라이언트에게 ID 2 전송됨
[13:47:42.575] [INFO] 새 플레이어 정보(ID: 2) 브로드캐스트 - 수신자 수: 1
[13:47:42.575] [INFO] 기존 플레이어 정보 1개가 새 클라이언트(ID: 2)에게 전송됨
[13:47:42.697] [INFO] 서버 FPS: 32.512314, 평균 프레임 시간: 0.000000ms, 클라이언트 수: 2
[13:47:43.726] [INFO] 서버 FPS: 32.945736, 평균 프레임 시간: 0.000000ms, 클라이언트 수: 2
[13:47:44.749] [INFO] 서버 FPS: 32.512314, 평균 프레임 시간: 0.000000ms, 클라이언트 수: 2
[13:47:44.765] [INFO] [Packet] Pong 전송 - ClientId: 1
[13:47:44.793] [INFO] [Packet] Pong 전송 - ClientId: 2
[13:47:45.709] [INFO] [Packet] Pong 전송 - ClientId: 1
[13:47:45.710] [INFO] [Packet] Pong 전송 - ClientId: 2
[13:47:45.760] [INFO] 서버 FPS: 33.464565, 평균 프레임 시간: 0.049445ms, 클라이언트 수: 2
[13:47:46.737] [INFO] [Packet] Pong 전송 - ClientId: 1
[13:47:46.738] [INFO] [Packet] Pong 전송 - ClientId: 2
[13:47:46.772] [INFO] 서버 FPS: 33.464565, 평균 프레임 시간: 0.001375ms, 클라이언트 수: 2
[13:47:47.012] [INFO] 입력 패킷 수신 - 클라이언트 ID: 2, Forward: 0.000000, Right: 0.000000, Yaw: 0.000000, Jump: false, Attack: true
[13:47:47.337] [INFO] 입력 패킷 수신 - 클라이언트 ID: 2, Forward: 0.000000, Right: 0.000000, Yaw: 0.175000, Jump: false, Attack: true
[13:47:47.405] [INFO] 입력 패킷 수신 - 클라이언트 ID: 2, Forward: 0.000000, Right: 0.000000, Yaw: 0.700000, Jump: false, Attack: true
[13:47:47.502] [INFO] 입력 패킷 수신 - 클라이언트 ID: 2, Forward: 0.000000, Right: 0.000000, Yaw: 1.050000, Jump: false, Attack: true
[13:47:47.673] [INFO] [Packet] Pong 전송 - ClientId: 1
[13:47:47.674] [INFO] [Packet] Pong 전송 - ClientId: 2
[13:47:47.794] [INFO] 서버 FPS: 32.512314, 평균 프레임 시간: 0.000042ms, 클라이언트 수: 2
[13:47:47.880] [INFO] 입력 패킷 수신 - 클라이언트 ID: 2, Forward: 1.000000, Right: 0.000000, Yaw: 1.050000, Jump: false, Attack: true
[13:47:48.080] [INFO] 입력 패킷 수신 - 클라이언트 ID: 2, Forward: 1.000000, Right: 0.000000, Yaw: 1.050000, Jump: false, Attack: false
[13:47:48.426] [INFO] 입력 패킷 수신 - 클라이언트 ID: 2, Forward: 0.000000, Right: 0.000000, Yaw: 1.050000, Jump: false, Attack: false
[13:47:48.426] [INFO] 입력 패킷 수신 - 클라이언트 ID: 2, Forward: 0.000000, Right: 0.000000, Yaw: 1.225000, Jump: false, Attack: false
[13:47:48.497] [INFO] 입력 패킷 수신 - 클라이언트 ID: 2, Forward: 0.000000, Right: 0.000000, Yaw: 1.400000, Jump: false, Attack: false
[13:47:48.567] [INFO] 입력 패킷 수신 - 클라이언트 ID: 2, Forward: 0.000000, Right: 0.000000, Yaw: 1.575000, Jump: false, Attack: false
[13:47:48.636] [INFO] 입력 패킷 수신 - 클라이언트 ID: 2, Forward: 0.000000, Right: 0.000000, Yaw: 1.750000, Jump: false, Attack: false
[13:47:48.704] [INFO] [Packet] Pong 전송 - ClientId: 1
[13:47:48.705] [INFO] [Packet] Pong 전송 - ClientId: 2
[13:47:48.800] [INFO] 서버 FPS: 32.480316, 평균 프레임 시간: 0.000001ms, 클라이언트 수: 2
[13:47:49.719] [INFO] [Packet] Pong 전송 - ClientId: 1
[13:47:49.720] [INFO] [Packet] Pong 전송 - ClientId: 2
[13:47:49.823] [INFO] 서버 FPS: 32.512314, 평균 프레임 시간: 0.000000ms, 클라이언트 수: 2
[13:47:49.853] [INFO] 입력 패킷 수신 - 클라이언트 ID: 2, Forward: 0.000000, Right: 0.000000, Yaw: 1.925000, Jump: false, Attack: false
[13:47:50.119] [INFO] 입력 패킷 수신 - 클라이언트 ID: 2, Forward: 0.000000, Right: 0.000000, Yaw: 2.100000, Jump: false, Attack: false
[13:47:50.386] [INFO] 입력 패킷 수신 - 클라이언트 ID: 2, Forward: 0.000000, Right: 0.000000, Yaw: 2.275000, Jump: false, Attack: false
[13:47:50.715] [INFO] [Packet] Pong 전송 - ClientId: 1
[13:47:50.716] [INFO] 입력 패킷 수신 - 클라이언트 ID: 2, Forward: -1.000000, Right: -0.000000, Yaw: 2.275000, Jump: false, Attack: false
[13:47:50.716] [INFO] [Packet] Pong 전송 - ClientId: 2
[13:47:50.847] [INFO] 서버 FPS: 31.976744, 평균 프레임 시간: 0.000000ms, 클라이언트 수: 2
[13:47:50.853] [INFO] 입력 패킷 수신 - 클라이언트 ID: 2, Forward: -1.000000, Right: -0.000000, Yaw: 2.450000, Jump: false, Attack: false
[13:47:51.118] [INFO] 입력 패킷 수신 - 클라이언트 ID: 2, Forward: -1.000000, Right: -0.000000, Yaw: 2.625000, Jump: false, Attack: false
[13:47:51.253] [INFO] 입력 패킷 수신 - 클라이언트 ID: 2, Forward: 0.000000, Right: 0.000000, Yaw: 2.625000, Jump: false, Attack: false
[13:47:51.521] [INFO] 입력 패킷 수신 - 클라이언트 ID: 2, Forward: 0.000000, Right: 0.000000, Yaw: 2.800000, Jump: false, Attack: false
[13:47:51.720] [INFO] [Packet] Pong 전송 - ClientId: 1
[13:47:51.721] [INFO] [Packet] Pong 전송 - ClientId: 2
[13:47:51.721] [INFO] 입력 패킷 수신 - 클라이언트 ID: 2, Forward: 0.000000, Right: 0.000000, Yaw: 2.975000, Jump: false, Attack: false
[13:47:51.888] [INFO] 서버 FPS: 32.977692, 평균 프레임 시간: 0.000000ms, 클라이언트 수: 2
[13:47:52.194] [INFO] 입력 패킷 수신 - 클라이언트 ID: 2, Forward: 0.000000, Right: 0.000000, Yaw: 3.150000, Jump: false, Attack: false
[13:47:52.458] [INFO] 입력 패킷 수신 - 클라이언트 ID: 2, Forward: -1.000000, Right: -0.000000, Yaw: 3.150000, Jump: false, Attack: false
[13:47:52.720] [INFO] [Packet] Pong 전송 - ClientId: 1
[13:47:52.721] [INFO] [Packet] Pong 전송 - ClientId: 2
[13:47:52.859] [INFO] 입력 패킷 수신 - 클라이언트 ID: 2, Forward: -1.000000, Right: -0.000000, Yaw: 3.325000, Jump: false, Attack: false
[13:47:52.911] [INFO] 서버 FPS: 32.007759, 평균 프레임 시간: 0.000000ms, 클라이언트 수: 2
[13:47:53.067] [INFO] 입력 패킷 수신 - 클라이언트 ID: 2, Forward: 0.000000, Right: 0.000000, Yaw: 3.325000, Jump: false, Attack: false
[13:47:53.068] [INFO] 입력 패킷 수신 - 클라이언트 ID: 2, Forward: 0.000000, Right: 0.000000, Yaw: 3.500000, Jump: false, Attack: false
[13:47:53.139] [INFO] 입력 패킷 수신 - 클라이언트 ID: 2, Forward: 0.000000, Right: 0.000000, Yaw: 3.675000, Jump: false, Attack: false
[13:47:53.408] [INFO] 입력 패킷 수신 - 클라이언트 ID: 2, Forward: 0.000000, Right: 0.000000, Yaw: 3.850000, Jump: false, Attack: false
[13:47:53.728] [INFO] [Packet] Pong 전송 - ClientId: 1
[13:47:53.730] [INFO] [Packet] Pong 전송 - ClientId: 2
[13:47:53.931] [INFO] 서버 FPS: 32.480316, 평균 프레임 시간: 0.000000ms, 클라이언트 수: 2
[13:47:53.989] [INFO] 입력 패킷 수신 - 클라이언트 ID: 2, Forward: 0.000000, Right: 1.000000, Yaw: 3.850000, Jump: false, Attack: false
[13:47:54.316] [INFO] 입력 패킷 수신 - 클라이언트 ID: 2, Forward: 0.000000, Right: 1.000000, Yaw: 4.025000, Jump: false, Attack: false
[13:47:54.715] [INFO] [Packet] Pong 전송 - ClientId: 1
[13:47:54.716] [INFO] [Packet] Pong 전송 - ClientId: 2
[13:47:54.783] [INFO] 입력 패킷 수신 - 클라이언트 ID: 2, Forward: 0.000000, Right: 0.000000, Yaw: 4.025000, Jump: false, Attack: false
[13:47:54.921] [INFO] 입력 패킷 수신 - 클라이언트 ID: 2, Forward: 1.000000, Right: 0.000000, Yaw: 4.025000, Jump: false, Attack: false
[13:47:54.955] [INFO] 서버 FPS: 32.007759, 평균 프레임 시간: 0.000000ms, 클라이언트 수: 2
[13:47:55.258] [INFO] 입력 패킷 수신 - 클라이언트 ID: 2, Forward: 1.000000, Right: 0.000000, Yaw: 357.549988, Jump: false, Attack: false
[13:47:55.325] [INFO] 입력 패킷 수신 - 클라이언트 ID: 2, Forward: 1.000000, Right: 0.000000, Yaw: 345.825012, Jump: false, Attack: false
[13:47:55.394] [INFO] 입력 패킷 수신 - 클라이언트 ID: 2, Forward: 1.000000, Right: 0.000000, Yaw: 334.450012, Jump: false, Attack: false
[13:47:55.463] [INFO] 입력 패킷 수신 - 클라이언트 ID: 2, Forward: 1.000000, Right: 0.000000, Yaw: 327.799988, Jump: false, Attack: false
[13:47:55.531] [INFO] 입력 패킷 수신 - 클라이언트 ID: 2, Forward: 1.000000, Right: 0.000000, Yaw: 320.799988, Jump: false, Attack: false
[13:47:55.605] [INFO] 입력 패킷 수신 - 클라이언트 ID: 2, Forward: 1.000000, Right: 0.000000, Yaw: 307.850006, Jump: false, Attack: false
[13:47:55.673] [INFO] [Packet] Pong 전송 - ClientId: 1
[13:47:55.674] [INFO] 입력 패킷 수신 - 클라이언트 ID: 2, Forward: 1.000000, Right: 0.000000, Yaw: 294.725006, Jump: false, Attack: false
[13:47:55.675] [INFO] [Packet] Pong 전송 - ClientId: 2
[13:47:55.760] [INFO] 입력 패킷 수신 - 클라이언트 ID: 2, Forward: 1.000000, Right: 1.000000, Yaw: 294.725006, Jump: false, Attack: false
[13:47:55.761] [INFO] 입력 패킷 수신 - 클라이언트 ID: 2, Forward: 1.000000, Right: 1.000000, Yaw: 282.825012, Jump: false, Attack: false
[13:47:55.833] [INFO] 입력 패킷 수신 - 클라이언트 ID: 2, Forward: 1.000000, Right: 1.000000, Yaw: 280.725006, Jump: false, Attack: false
[13:47:55.929] [INFO] 입력 패킷 수신 - 클라이언트 ID: 2, Forward: 0.000000, Right: 1.000000, Yaw: 280.725006, Jump: false, Attack: false
[13:47:55.929] [INFO] 입력 패킷 수신 - 클라이언트 ID: 2, Forward: 0.000000, Right: 1.000000, Yaw: 273.375000, Jump: false, Attack: false
[13:47:55.980] [INFO] 서버 FPS: 32.480316, 평균 프레임 시간: 0.000000ms, 클라이언트 수: 2
[13:47:56.004] [INFO] 입력 패킷 수신 - 클라이언트 ID: 2, Forward: 0.000000, Right: 1.000000, Yaw: 261.299988, Jump: false, Attack: false
[13:47:56.075] [INFO] 입력 패킷 수신 - 클라이언트 ID: 2, Forward: 0.000000, Right: 1.000000, Yaw: 246.774994, Jump: false, Attack: false
[13:47:56.150] [INFO] 입력 패킷 수신 - 클라이언트 ID: 2, Forward: 0.000000, Right: 1.000000, Yaw: 229.274994, Jump: false, Attack: false
[13:47:56.222] [INFO] 입력 패킷 수신 - 클라이언트 ID: 2, Forward: 0.000000, Right: 1.000000, Yaw: 217.375000, Jump: false, Attack: false
[13:47:56.295] [INFO] 입력 패킷 수신 - 클라이언트 ID: 2, Forward: 0.000000, Right: 1.000000, Yaw: 209.675003, Jump: false, Attack: false
[13:47:56.375] [INFO] 입력 패킷 수신 - 클라이언트 ID: 2, Forward: 0.000000, Right: 1.000000, Yaw: 198.649994, Jump: false, Attack: false
[13:47:56.461] [INFO] 입력 패킷 수신 - 클라이언트 ID: 2, Forward: 0.000000, Right: 1.000000, Yaw: 186.050003, Jump: false, Attack: false
[13:47:56.534] [INFO] 입력 패킷 수신 - 클라이언트 ID: 2, Forward: -1.000000, Right: -0.000000, Yaw: 186.050003, Jump: false, Attack: false
[13:47:56.534] [INFO] 입력 패킷 수신 - 클라이언트 ID: 2, Forward: -1.000000, Right: -0.000000, Yaw: 180.274994, Jump: false, Attack: false
[13:47:56.607] [INFO] 입력 패킷 수신 - 클라이언트 ID: 2, Forward: -1.000000, Right: -0.000000, Yaw: 178.875000, Jump: false, Attack: false
[13:47:56.678] [INFO] [Packet] Pong 전송 - ClientId: 1
[13:47:56.679] [INFO] 입력 패킷 수신 - 클라이언트 ID: 2, Forward: -1.000000, Right: -0.000000, Yaw: 177.300003, Jump: false, Attack: false
[13:47:56.679] [INFO] [Packet] Pong 전송 - ClientId: 2
[13:47:56.750] [INFO] 입력 패킷 수신 - 클라이언트 ID: 2, Forward: -1.000000, Right: -0.000000, Yaw: 176.250000, Jump: false, Attack: false
[13:47:56.819] [INFO] 입력 패킷 수신 - 클라이언트 ID: 2, Forward: -1.000000, Right: -0.000000, Yaw: 176.074997, Jump: false, Attack: false
[13:47:56.888] [INFO] 입력 패킷 수신 - 클라이언트 ID: 2, Forward: -1.000000, Right: -0.000000, Yaw: 175.899994, Jump: false, Attack: false
[13:47:56.959] [INFO] 입력 패킷 수신 - 클라이언트 ID: 2, Forward: -1.000000, Right: -0.000000, Yaw: 175.199997, Jump: false, Attack: false
[13:47:56.989] [INFO] 서버 FPS: 32.512314, 평균 프레임 시간: 0.000000ms, 클라이언트 수: 2
[13:47:57.102] [INFO] 입력 패킷 수신 - 클라이언트 ID: 2, Forward: 0.000000, Right: 0.000000, Yaw: 175.199997, Jump: false, Attack: false
[13:47:57.717] [INFO] [Packet] Pong 전송 - ClientId: 1
[13:47:57.718] [INFO] [Packet] Pong 전송 - ClientId: 2
[13:47:57.910] [INFO] 입력 패킷 수신 - 클라이언트 ID: 2, Forward: 1.000000, Right: 0.000000, Yaw: 175.199997, Jump: false, Attack: false
[13:47:58.015] [INFO] 서버 FPS: 32.480316, 평균 프레임 시간: 0.000000ms, 클라이언트 수: 2
[13:47:58.615] [INFO] 입력 패킷 수신 - 클라이언트 ID: 2, Forward: 0.000000, Right: 0.000000, Yaw: 175.199997, Jump: false, Attack: false
[13:47:58.676] [INFO] [Packet] Pong 전송 - ClientId: 1
[13:47:58.678] [INFO] [Packet] Pong 전송 - ClientId: 2
[13:47:59.030] [INFO] 서버 FPS: 32.480316, 평균 프레임 시간: 0.000000ms, 클라이언트 수: 2
[13:47:59.487] [INFO] 입력 패킷 수신 - 클라이언트 ID: 2, Forward: -0.000000, Right: -1.000000, Yaw: 175.199997, Jump: false, Attack: false
[13:47:59.679] [INFO] [Packet] Pong 전송 - ClientId: 1
[13:47:59.679] [INFO] 입력 패킷 수신 - 클라이언트 ID: 2, Forward: 1.000000, Right: -1.000000, Yaw: 175.199997, Jump: false, Attack: false
[13:47:59.680] [INFO] [Packet] Pong 전송 - ClientId: 2
[13:47:59.743] [INFO] 입력 패킷 수신 - 클라이언트 ID: 2, Forward: 1.000000, Right: 0.000000, Yaw: 175.199997, Jump: false, Attack: false
[13:47:59.936] [INFO] 입력 패킷 수신 - 클라이언트 ID: 2, Forward: 0.000000, Right: 0.000000, Yaw: 175.199997, Jump: false, Attack: false
[13:48:00.055] [INFO] 서버 FPS: 32.007759, 평균 프레임 시간: 0.000000ms, 클라이언트 수: 2
[13:48:00.323] [INFO] 입력 패킷 수신 - 클라이언트 ID: 2, Forward: 0.000000, Right: 0.000000, Yaw: 175.375000, Jump: false, Attack: false
[13:48:00.387] [INFO] 입력 패킷 수신 - 클라이언트 ID: 2, Forward: 0.000000, Right: 0.000000, Yaw: 175.550003, Jump: false, Attack: false
[13:48:00.516] [INFO] 입력 패킷 수신 - 클라이언트 ID: 2, Forward: 0.000000, Right: 0.000000, Yaw: 175.725006, Jump: false, Attack: false
[13:48:00.579] [INFO] 입력 패킷 수신 - 클라이언트 ID: 2, Forward: 0.000000, Right: 0.000000, Yaw: 175.899994, Jump: false, Attack: false
[13:48:00.642] [INFO] 입력 패킷 수신 - 클라이언트 ID: 2, Forward: 0.000000, Right: 0.000000, Yaw: 176.250000, Jump: false, Attack: false
[13:48:00.704] [INFO] [Packet] Pong 전송 - ClientId: 1
[13:48:00.705] [INFO] [Packet] Pong 전송 - ClientId: 2
[13:48:01.081] [INFO] 서버 FPS: 32.007759, 평균 프레임 시간: 0.000000ms, 클라이언트 수: 2
[13:48:01.644] [INFO] 입력 패킷 수신 - 클라이언트 ID: 1, Forward: 0.000000, Right: 0.000000, Yaw: 0.000000, Jump: false, Attack: true
[13:48:01.704] [INFO] [Packet] Pong 전송 - ClientId: 1
[13:48:01.705] [INFO] 입력 패킷 수신 - 클라이언트 ID: 1, Forward: 0.000000, Right: 0.000000, Yaw: 359.299988, Jump: false, Attack: true
[13:48:01.706] [INFO] [Packet] Pong 전송 - ClientId: 2
[13:48:01.768] [INFO] 입력 패킷 수신 - 클라이언트 ID: 1, Forward: 0.000000, Right: 0.000000, Yaw: 358.424988, Jump: false, Attack: true
[13:48:01.902] [INFO] 입력 패킷 수신 - 클라이언트 ID: 1, Forward: 0.000000, Right: 0.000000, Yaw: 357.024994, Jump: false, Attack: true
[13:48:01.970] [INFO] 입력 패킷 수신 - 클라이언트 ID: 1, Forward: 0.000000, Right: 0.000000, Yaw: 353.875000, Jump: false, Attack: true
[13:48:02.035] [INFO] 입력 패킷 수신 - 클라이언트 ID: 1, Forward: 0.000000, Right: 0.000000, Yaw: 352.825012, Jump: false, Attack: true
[13:48:02.107] [INFO] 입력 패킷 수신 - 클라이언트 ID: 1, Forward: 0.000000, Right: 0.000000, Yaw: 350.725006, Jump: false, Attack: true
[13:48:02.108] [INFO] 서버 FPS: 33.464565, 평균 프레임 시간: 0.000000ms, 클라이언트 수: 2
[13:48:02.173] [INFO] 입력 패킷 수신 - 클라이언트 ID: 1, Forward: 0.000000, Right: 0.000000, Yaw: 351.075012, Jump: false, Attack: true
[13:48:02.238] [INFO] 입력 패킷 수신 - 클라이언트 ID: 1, Forward: -0.000000, Right: -1.000000, Yaw: 351.075012, Jump: false, Attack: true
[13:48:02.239] [INFO] 입력 패킷 수신 - 클라이언트 ID: 1, Forward: -0.000000, Right: -1.000000, Yaw: 6.825000, Jump: false, Attack: true
[13:48:02.304] [INFO] 입력 패킷 수신 - 클라이언트 ID: 1, Forward: -0.000000, Right: -1.000000, Yaw: 48.649998, Jump: false, Attack: true
[13:48:02.370] [INFO] 입력 패킷 수신 - 클라이언트 ID: 1, Forward: -0.000000, Right: -1.000000, Yaw: 88.375000, Jump: false, Attack: true
[13:48:02.438] [INFO] 입력 패킷 수신 - 클라이언트 ID: 1, Forward: -0.000000, Right: -1.000000, Yaw: 117.250000, Jump: false, Attack: true
[13:48:02.510] [INFO] 입력 패킷 수신 - 클라이언트 ID: 1, Forward: -0.000000, Right: -1.000000, Yaw: 150.850006, Jump: false, Attack: true
[13:48:02.596] [INFO] 입력 패킷 수신 - 클라이언트 ID: 1, Forward: -0.000000, Right: -1.000000, Yaw: 198.625000, Jump: false, Attack: true
[13:48:02.677] [INFO] 입력 패킷 수신 - 클라이언트 ID: 1, Forward: -0.000000, Right: -1.000000, Yaw: 213.850006, Jump: false, Attack: true
[13:48:02.677] [INFO] [Packet] Pong 전송 - ClientId: 1
[13:48:02.678] [INFO] [Packet] Pong 전송 - ClientId: 2
[13:48:02.779] [INFO] 입력 패킷 수신 - 클라이언트 ID: 1, Forward: -1.000000, Right: -1.000000, Yaw: 213.850006, Jump: false, Attack: false
[13:48:02.780] [INFO] 입력 패킷 수신 - 클라이언트 ID: 1, Forward: -1.000000, Right: -1.000000, Yaw: 225.574997, Jump: false, Attack: false
[13:48:02.853] [INFO] 입력 패킷 수신 - 클라이언트 ID: 1, Forward: -1.000000, Right: -1.000000, Yaw: 226.975006, Jump: false, Attack: false
[13:48:02.916] [INFO] 입력 패킷 수신 - 클라이언트 ID: 1, Forward: -1.000000, Right: -0.000000, Yaw: 226.975006, Jump: false, Attack: false
[13:48:02.917] [INFO] 입력 패킷 수신 - 클라이언트 ID: 1, Forward: -1.000000, Right: -0.000000, Yaw: 227.150009, Jump: false, Attack: false
[13:48:03.037] [INFO] 입력 패킷 수신 - 클라이언트 ID: 1, Forward: -1.000000, Right: 1.000000, Yaw: 227.150009, Jump: false, Attack: false
[13:48:03.099] [INFO] 입력 패킷 수신 - 클라이언트 ID: 1, Forward: 0.000000, Right: 1.000000, Yaw: 227.150009, Jump: false, Attack: false
[13:48:03.099] [INFO] 입력 패킷 수신 - 클라이언트 ID: 1, Forward: 0.000000, Right: 1.000000, Yaw: 226.975006, Jump: false, Attack: false
[13:48:03.132] [INFO] 서버 FPS: 32.007759, 평균 프레임 시간: 0.000000ms, 클라이언트 수: 2
[13:48:03.157] [INFO] 입력 패킷 수신 - 클라이언트 ID: 1, Forward: 0.000000, Right: 1.000000, Yaw: 225.225006, Jump: false, Attack: false
[13:48:03.224] [INFO] 입력 패킷 수신 - 클라이언트 ID: 1, Forward: 0.000000, Right: 1.000000, Yaw: 220.324997, Jump: false, Attack: false
[13:48:03.282] [INFO] 입력 패킷 수신 - 클라이언트 ID: 1, Forward: 0.000000, Right: 1.000000, Yaw: 218.225006, Jump: false, Attack: false
[13:48:03.344] [INFO] 입력 패킷 수신 - 클라이언트 ID: 1, Forward: 1.000000, Right: 1.000000, Yaw: 218.225006, Jump: false, Attack: false
[13:48:03.344] [INFO] 입력 패킷 수신 - 클라이언트 ID: 1, Forward: 1.000000, Right: 1.000000, Yaw: 217.000000, Jump: false, Attack: false
[13:48:03.408] [INFO] 입력 패킷 수신 - 클라이언트 ID: 1, Forward: 1.000000, Right: 1.000000, Yaw: 211.574997, Jump: false, Attack: false
[13:48:03.470] [INFO] 입력 패킷 수신 - 클라이언트 ID: 1, Forward: 1.000000, Right: 1.000000, Yaw: 205.449997, Jump: false, Attack: false
[13:48:03.529] [INFO] 입력 패킷 수신 - 클라이언트 ID: 1, Forward: 1.000000, Right: 1.000000, Yaw: 197.750000, Jump: false, Attack: false
[13:48:03.599] [INFO] 입력 패킷 수신 - 클라이언트 ID: 1, Forward: 1.000000, Right: 1.000000, Yaw: 190.400009, Jump: false, Attack: false
[13:48:03.669] [INFO] 입력 패킷 수신 - 클라이언트 ID: 1, Forward: 1.000000, Right: 1.000000, Yaw: 184.800003, Jump: false, Attack: false
[13:48:03.736] [INFO] [Packet] Pong 전송 - ClientId: 1
[13:48:03.737] [INFO] 입력 패킷 수신 - 클라이언트 ID: 1, Forward: 1.000000, Right: 1.000000, Yaw: 180.775009, Jump: false, Attack: false
[13:48:03.737] [INFO] [Packet] Pong 전송 - ClientId: 2
[13:48:03.804] [INFO] 입력 패킷 수신 - 클라이언트 ID: 1, Forward: 1.000000, Right: 0.000000, Yaw: 180.775009, Jump: false, Attack: false
[13:48:03.805] [INFO] 입력 패킷 수신 - 클라이언트 ID: 1, Forward: 1.000000, Right: 0.000000, Yaw: 174.300003, Jump: false, Attack: false
[13:48:03.868] [INFO] 입력 패킷 수신 - 클라이언트 ID: 1, Forward: 1.000000, Right: 0.000000, Yaw: 168.525009, Jump: false, Attack: false
[13:48:03.932] [INFO] 입력 패킷 수신 - 클라이언트 ID: 1, Forward: 1.000000, Right: 0.000000, Yaw: 168.000000, Jump: false, Attack: false
[13:48:04.010] [INFO] 입력 패킷 수신 - 클라이언트 ID: 1, Forward: 1.000000, Right: 0.000000, Yaw: 167.125000, Jump: false, Attack: false
[13:48:04.072] [INFO] 입력 패킷 수신 - 클라이언트 ID: 1, Forward: 1.000000, Right: 0.000000, Yaw: 166.074997, Jump: false, Attack: false
[13:48:04.148] [INFO] 입력 패킷 수신 - 클라이언트 ID: 1, Forward: 1.000000, Right: 0.000000, Yaw: 165.025009, Jump: false, Attack: false
[13:48:04.156] [INFO] 서버 FPS: 33.464565, 평균 프레임 시간: 0.000000ms, 클라이언트 수: 2
[13:48:04.212] [INFO] 입력 패킷 수신 - 클라이언트 ID: 1, Forward: 1.000000, Right: 0.000000, Yaw: 163.800003, Jump: false, Attack: false
[13:48:04.275] [INFO] 입력 패킷 수신 - 클라이언트 ID: 1, Forward: 1.000000, Right: 0.000000, Yaw: 163.625000, Jump: false, Attack: false
[13:48:04.482] [INFO] 입력 패킷 수신 - 클라이언트 ID: 1, Forward: 1.000000, Right: 0.000000, Yaw: 162.225006, Jump: false, Attack: false
[13:48:04.575] [INFO] 입력 패킷 수신 - 클라이언트 ID: 1, Forward: 1.000000, Right: 0.000000, Yaw: 162.225006, Jump: true, Attack: false
[13:48:04.576] [INFO] 입력 패킷 수신 - 클라이언트 ID: 1, Forward: 1.000000, Right: 0.000000, Yaw: 161.699997, Jump: true, Attack: false
[13:48:04.703] [INFO] [Packet] Pong 전송 - ClientId: 1
[13:48:04.703] [INFO] 입력 패킷 수신 - 클라이언트 ID: 1, Forward: 1.000000, Right: 0.000000, Yaw: 161.525009, Jump: true, Attack: false
[13:48:04.704] [INFO] [Packet] Pong 전송 - ClientId: 2
[13:48:04.782] [INFO] 입력 패킷 수신 - 클라이언트 ID: 1, Forward: 0.000000, Right: 0.000000, Yaw: 161.525009, Jump: true, Attack: false
[13:48:04.920] [INFO] 입력 패킷 수신 - 클라이언트 ID: 1, Forward: -1.000000, Right: -0.000000, Yaw: 161.525009, Jump: true, Attack: false
[13:48:05.000] [INFO] 입력 패킷 수신 - 클라이언트 ID: 1, Forward: -1.000000, Right: 1.000000, Yaw: 161.525009, Jump: true, Attack: false
[13:48:05.134] [INFO] 입력 패킷 수신 - 클라이언트 ID: 1, Forward: -1.000000, Right: 1.000000, Yaw: 161.525009, Jump: false, Attack: true
[13:48:05.178] [INFO] 서버 FPS: 32.007759, 평균 프레임 시간: 0.000000ms, 클라이언트 수: 2
[13:48:05.292] [INFO] 입력 패킷 수신 - 클라이언트 ID: 1, Forward: -1.000000, Right: 1.000000, Yaw: 160.824997, Jump: false, Attack: true
[13:48:05.386] [INFO] 입력 패킷 수신 - 클라이언트 ID: 1, Forward: -1.000000, Right: 1.000000, Yaw: 160.475006, Jump: false, Attack: true
[13:48:05.451] [INFO] 입력 패킷 수신 - 클라이언트 ID: 1, Forward: -1.000000, Right: -0.000000, Yaw: 160.475006, Jump: false, Attack: true
[13:48:05.452] [INFO] 입력 패킷 수신 - 클라이언트 ID: 1, Forward: -1.000000, Right: -0.000000, Yaw: 160.300003, Jump: false, Attack: true
[13:48:05.517] [INFO] 입력 패킷 수신 - 클라이언트 ID: 1, Forward: -1.000000, Right: -0.000000, Yaw: 160.125000, Jump: false, Attack: true
[13:48:05.581] [INFO] 입력 패킷 수신 - 클라이언트 ID: 1, Forward: -1.000000, Right: -0.000000, Yaw: 159.949997, Jump: false, Attack: true
[13:48:05.728] [INFO] [Packet] Pong 전송 - ClientId: 1
[13:48:05.729] [INFO] [Packet] Pong 전송 - ClientId: 2
[13:48:05.926] [INFO] 입력 패킷 수신 - 클라이언트 ID: 1, Forward: -1.000000, Right: -0.000000, Yaw: 155.925003, Jump: false, Attack: true
[13:48:05.987] [INFO] 입력 패킷 수신 - 클라이언트 ID: 1, Forward: -1.000000, Right: -0.000000, Yaw: 131.775009, Jump: false, Attack: true
[13:48:06.052] [INFO] 입력 패킷 수신 - 클라이언트 ID: 1, Forward: -1.000000, Right: -0.000000, Yaw: 91.875000, Jump: false, Attack: true
[13:48:06.122] [INFO] 입력 패킷 수신 - 클라이언트 ID: 1, Forward: 0.000000, Right: 0.000000, Yaw: 91.875000, Jump: false, Attack: true
[13:48:06.123] [INFO] 입력 패킷 수신 - 클라이언트 ID: 1, Forward: 0.000000, Right: 0.000000, Yaw: 34.650005, Jump: false, Attack: true
[13:48:06.186] [INFO] 입력 패킷 수신 - 클라이언트 ID: 1, Forward: 0.000000, Right: 0.000000, Yaw: 5.950003, Jump: false, Attack: true
[13:48:06.205] [INFO] 서버 FPS: 32.007759, 평균 프레임 시간: 0.000000ms, 클라이언트 수: 2
[13:48:06.250] [INFO] 입력 패킷 수신 - 클라이언트 ID: 1, Forward: 0.000000, Right: 0.000000, Yaw: 5.950003, Jump: false, Attack: false
[13:48:06.250] [INFO] 입력 패킷 수신 - 클라이언트 ID: 1, Forward: 0.000000, Right: 0.000000, Yaw: 347.925018, Jump: false, Attack: false
[13:48:06.322] [INFO] 입력 패킷 수신 - 클라이언트 ID: 1, Forward: 0.000000, Right: 0.000000, Yaw: 339.524994, Jump: false, Attack: false
[13:48:06.391] [INFO] 입력 패킷 수신 - 클라이언트 ID: 1, Forward: 0.000000, Right: 0.000000, Yaw: 341.625000, Jump: false, Attack: false
[13:48:06.682] [INFO] [Packet] Pong 전송 - ClientId: 1
[13:48:06.684] [INFO] [Packet] Pong 전송 - ClientId: 2
[13:48:06.975] [INFO] 입력 패킷 수신 - 클라이언트 ID: 1, Forward: 0.000000, Right: 0.000000, Yaw: 340.575012, Jump: false, Attack: false
[13:48:07.206] [INFO] 클라이언트가 정상적으로 연결 종료함 - ID: 2
[13:48:07.207] [INFO] 클라이언트 연결 끊김 (ID: 2)
[13:48:07.207] [INFO] 클라이언트 연결 끊김 알림(ID: 2) - 수신자 수: 1
[13:48:07.219] [INFO] 클라이언트가 정상적으로 연결 종료함 - ID: 1
[13:48:07.219] [INFO] 클라이언트 연결 끊김 (ID: 1)
[13:48:07.220] [INFO] 클라이언트 연결 끊김 알림(ID: 1) - 수신자 수: 0
[13:48:07.226] [INFO] 서버 FPS: 32.480316, 평균 프레임 시간: 0.000000ms, 클라이언트 수: 0
[13:48:08.238] [INFO] 서버 FPS: 33.497536, 평균 프레임 시간: 0.000000ms, 클라이언트 수: 0
[13:48:09.259] [INFO] 서버 FPS: 33.464565, 평균 프레임 시간: 0.000000ms, 클라이언트 수: 0
[13:48:10.287] [INFO] 서버 FPS: 33.947624, 평균 프레임 시간: 0.000000ms, 클라이언트 수: 0
[13:48:11.327] [INFO] 서버 FPS: 32.977692, 평균 프레임 시간: 0.000000ms, 클라이언트 수: 0
[13:48:12.340] [INFO] 서버 FPS: 34.448818, 평균 프레임 시간: 0.000000ms, 클라이언트 수: 0
[13:48:13.369] [INFO] 서버 FPS: 33.947624, 평균 프레임 시간: 0.000000ms, 클라이언트 수: 0
[13:48:14.395] [INFO] 서버 FPS: 31.976744, 평균 프레임 시간: 0.000000ms, 클라이언트 수: 0
[13:48:15.419] [INFO] 서버 FPS: 33.497536, 평균 프레임 시간: 0.000000ms, 클라이언트 수: 0
[13:48:16.447] [INFO] 서버 FPS: 34.917557, 평균 프레임 시간: 0.000000ms, 클라이언트 수: 0
[13:48:17.460] [INFO] 서버 FPS: 33.464565, 평균 프레임 시간: 0.000000ms, 클라이언트 수: 0
[13:48:18.499] [INFO] 서버 FPS: 32.977692, 평균 프레임 시간: 0.000000ms, 클라이언트 수: 0
[13:48:19.520] [INFO] 서버 FPS: 31.976744, 평균 프레임 시간: 0.000000ms, 클라이언트 수: 0
[13:48:20.546] [INFO] 서버 FPS: 33.497536, 평균 프레임 시간: 0.000000ms, 클라이언트 수: 0
[13:48:21.574] [INFO] 서버 FPS: 32.977692, 평균 프레임 시간: 0.000000ms, 클라이언트 수: 0
[13:48:22.582] [INFO] 서버 FPS: 32.480316, 평균 프레임 시간: 0.000000ms, 클라이언트 수: 0
[13:48:23.626] [INFO] 서버 FPS: 33.947624, 평균 프레임 시간: 0.000000ms, 클라이언트 수: 0
[13:48:24.650] [INFO] 서버 FPS: 32.945736, 평균 프레임 시간: 0.000000ms, 클라이언트 수: 0
[13:48:25.686] [INFO] 서버 FPS: 32.977692, 평균 프레임 시간: 0.000000ms, 클라이언트 수: 0
[13:48:26.714] [INFO] 서버 FPS: 33.947624, 평균 프레임 시간: 0.000000ms, 클라이언트 수: 0
[13:48:27.740] [INFO] 서버 FPS: 32.977692, 평균 프레임 시간: 0.000000ms, 클라이언트 수: 0
[13:48:28.780] [INFO] 서버 FPS: 32.945736, 평균 프레임 시간: 0.000000ms, 클라이언트 수: 0
[13:48:29.808] [INFO] 서버 FPS: 32.007759, 평균 프레임 시간: 0.000000ms, 클라이언트 수: 0
[13:48:30.817] [INFO] 서버 FPS: 33.497536, 평균 프레임 시간: 0.000000ms, 클라이언트 수: 0
[13:48:31.842] [INFO] 서버 FPS: 32.480316, 평균 프레임 시간: 0.000000ms, 클라이언트 수: 0
[13:48:32.854] [INFO] 서버 FPS: 32.480316, 평균 프레임 시간: 0.000000ms, 클라이언트 수: 0
[13:48:33.869] [INFO] 서버 FPS: 32.512314, 평균 프레임 시간: 0.000000ms, 클라이언트 수: 0
[13:48:34.879] [INFO] 서버 FPS: 33.464565, 평균 프레임 시간: 0.000000ms, 클라이언트 수: 0
[13:48:35.903] [INFO] 서버 FPS: 33.464565, 평균 프레임 시간: 0.000000ms, 클라이언트 수: 0
[13:48:36.930] [INFO] 서버 FPS: 32.007759, 평균 프레임 시간: 0.000000ms, 클라이언트 수: 0
[13:48:37.956] [INFO] 서버 FPS: 32.977692, 평균 프레임 시간: 0.000000ms, 클라이언트 수: 0
[13:48:38.984] [INFO] 서버 FPS: 33.464565, 평균 프레임 시간: 0.000000ms, 클라이언트 수: 0
[13:48:40.013] [INFO] 서버 FPS: 32.007759, 평균 프레임 시간: 0.000000ms, 클라이언트 수: 0
[13:48:41.024] [INFO] 서버 FPS: 33.464565, 평균 프레임 시간: 0.000000ms, 클라이언트 수: 0
[13:48:42.037] [INFO] 서버 FPS: 33.497536, 평균 프레임 시간: 0.000000ms, 클라이언트 수: 0
[13:48:43.064] [INFO] 서버 FPS: 33.947624, 평균 프레임 시간: 0.000000ms, 클라이언트 수: 0
[13:48:44.089] [INFO] 서버 FPS: 33.464565, 평균 프레임 시간: 0.000000ms, 클라이언트 수: 0
[13:48:45.101] [INFO] 서버 FPS: 33.464565, 평균 프레임 시간: 0.000000ms, 클라이언트 수: 0
[13:48:46.111] [INFO] 서버 FPS: 32.512314, 평균 프레임 시간: 0.000000ms, 클라이언트 수: 0
[13:48:47.151] [INFO] 서버 FPS: 32.945736, 평균 프레임 시간: 0.000000ms, 클라이언트 수: 0
[13:48:48.176] [INFO] 서버 FPS: 32.007759, 평균 프레임 시간: 0.000000ms, 클라이언트 수: 0
[13:48:49.189] [INFO] 서버 FPS: 32.512314, 평균 프레임 시간: 0.000000ms, 클라이언트 수: 0
[13:48:50.217] [INFO] 서버 FPS: 32.480316, 평균 프레임 시간: 0.000000ms, 클라이언트 수: 0
[13:48:51.234] [INFO] 서버 FPS: 32.480316, 평균 프레임 시간: 0.000000ms, 클라이언트 수: 0
[13:48:52.243] [INFO] 서버 FPS: 33.497536, 평균 프레임 시간: 0.000000ms, 클라이언트 수: 0
[13:48:53.270] [INFO] 서버 FPS: 31.976744, 평균 프레임 시간: 0.000000ms, 클라이언트 수: 0
[13:48:54.291] [INFO] 서버 FPS: 32.512314, 평균 프레임 시간: 0.000000ms, 클라이언트 수: 0
[13:48:55.327] [INFO] 서버 FPS: 32.977692, 평균 프레임 시간: 0.000000ms, 클라이언트 수: 0
[13:48:56.339] [INFO] 서버 FPS: 33.464565, 평균 프레임 시간: 0.000000ms, 클라이언트 수: 0
[13:48:57.374] [INFO] 서버 FPS: 32.977692, 평균 프레임 시간: 0.000000ms, 클라이언트 수: 0
[13:48:58.400] [INFO] 서버 FPS: 32.945736, 평균 프레임 시간: 0.000000ms, 클라이언트 수: 0
[13:48:59.408] [INFO] 서버 FPS: 33.497536, 평균 프레임 시간: 0.000000ms, 클라이언트 수: 0
[13:49:00.433] [INFO] 서버 FPS: 34.448818, 평균 프레임 시간: 0.000000ms, 클라이언트 수: 0
[13:49:01.459] [INFO] 서버 FPS: 33.947624, 평균 프레임 시간: 0.000000ms, 클라이언트 수: 0
[13:49:02.471] [INFO] 서버 FPS: 34.448818, 평균 프레임 시간: 0.000000ms, 클라이언트 수: 0
[13:49:03.495] [INFO] 서버 FPS: 33.497536, 평균 프레임 시간: 0.000000ms, 클라이언트 수: 0
[13:49:04.508] [INFO] 서버 FPS: 33.464565, 평균 프레임 시간: 0.000000ms, 클라이언트 수: 0
[13:49:05.520] [INFO] 서버 FPS: 33.464565, 평균 프레임 시간: 0.000000ms, 클라이언트 수: 0
[13:49:06.533] [INFO] 서버 FPS: 33.497536, 평균 프레임 시간: 0.000000ms, 클라이언트 수: 0
[13:49:07.560] [INFO] 서버 FPS: 35.433071, 평균 프레임 시간: 0.000000ms, 클라이언트 수: 0
[13:49:08.585] [INFO] 서버 FPS: 32.977692, 평균 프레임 시간: 0.000000ms, 클라이언트 수: 0
[13:49:09.600] [INFO] 서버 FPS: 34.448818, 평균 프레임 시간: 0.000000ms, 클라이언트 수: 0
[13:49:10.625] [INFO] 서버 FPS: 34.482758, 평균 프레임 시간: 0.000000ms, 클라이언트 수: 0
[13:49:11.653] [INFO] 서버 FPS: 33.914730, 평균 프레임 시간: 0.000000ms, 클라이언트 수: 0
[13:49:12.661] [INFO] 서버 FPS: 35.467979, 평균 프레임 시간: 0.000000ms, 클라이언트 수: 0
[13:49:13.675] [INFO] 서버 FPS: 34.448818, 평균 프레임 시간: 0.000000ms, 클라이언트 수: 0
[13:49:14.703] [INFO] 서버 FPS: 32.512314, 평균 프레임 시간: 0.000000ms, 클라이언트 수: 0
[13:49:15.714] [INFO] 서버 FPS: 33.464565, 평균 프레임 시간: 0.000000ms, 클라이언트 수: 0
[13:49:16.727] [INFO] 서버 FPS: 33.464565, 평균 프레임 시간: 0.000000ms, 클라이언트 수: 0
[13:49:17.738] [INFO] 서버 FPS: 32.512314, 평균 프레임 시간: 0.000000ms, 클라이언트 수: 0
[13:49:18.753] [INFO] 서버 FPS: 32.480316, 평균 프레임 시간: 0.000000ms, 클라이언트 수: 0
[13:49:19.782] [INFO] 서버 FPS: 33.464565, 평균 프레임 시간: 0.000000ms, 클라이언트 수: 0
[13:49:20.808] [INFO] 서버 FPS: 32.007759, 평균 프레임 시간: 0.000000ms, 클라이언트 수: 0
[13:49:21.833] [INFO] 서버 FPS: 32.007759, 평균 프레임 시간: 0.000000ms, 클라이언트 수: 0
[13:49:22.858] [INFO] 서버 FPS: 32.480316, 평균 프레임 시간: 0.000000ms, 클라이언트 수: 0
[13:49:23.879] [INFO] 서버 FPS: 32.007759, 평균 프레임 시간: 0.000000ms, 클라이언트 수: 0
[13:49:24.898] [INFO] 서버 FPS: 32.480316, 평균 프레임 시간: 0.000000ms, 클라이언트 수: 0
[13:49:25.938] [INFO] 서버 FPS: 32.977692, 평균 프레임 시간: 0.000000ms, 클라이언트 수: 0
[13:49:26.952] [INFO] 서버 FPS: 32.512314, 평균 프레임 시간: 0.000000ms, 클라이언트 수: 0
[13:49:27.964] [INFO] 서버 FPS: 33.464565, 평균 프레임 시간: 0.000000ms, 클라이언트 수: 0
[13:49:28.995] [INFO] 서버 FPS: 32.007759, 평균 프레임 시간: 0.000000ms, 클라이언트 수: 0
[13:49:30.024] [INFO] 서버 FPS: 31.976744, 평균 프레임 시간: 0.000000ms, 클라이언트 수: 0
[13:49:31.054] [INFO] 서버 FPS: 32.007759, 평균 프레임 시간: 0.000000ms, 클라이언트 수: 0
[13:49:32.082] [INFO] 서버 FPS: 32.977692, 평균 프레임 시간: 0.000000ms, 클라이언트 수: 0
[13:49:33.110] [INFO] 서버 FPS: 32.480316, 평균 프레임 시간: 0.000000ms, 클라이언트 수: 0
[13:49:34.111] [INFO] 서버 FPS: 32.512314, 평균 프레임 시간: 0.000000ms, 클라이언트 수: 0
[13:49:35.128] [INFO] 서버 FPS: 32.480316, 평균 프레임 시간: 0.000000ms, 클라이언트 수: 0
[13:49:36.142] [INFO] 서버 FPS: 32.480316, 평균 프레임 시간: 0.000000ms, 클라이언트 수: 0
[13:49:37.168] [INFO] 서버 FPS: 32.512314, 평균 프레임 시간: 0.000000ms, 클라이언트 수: 0
[13:49:38.186] [INFO] 서버 FPS: 32.480316, 평균 프레임 시간: 0.000000ms, 클라이언트 수: 0
[13:49:39.196] [INFO] 서버 FPS: 32.512314, 평균 프레임 시간: 0.000000ms, 클라이언트 수: 0
[13:49:40.205] [INFO] 서버 FPS: 32.480316, 평균 프레임 시간: 0.000000ms, 클라이언트 수: 0
[13:49:41.231] [INFO] 서버 FPS: 32.480316, 평균 프레임 시간: 0.000000ms, 클라이언트 수: 0
[13:49:42.242] [INFO] 서버 FPS: 33.497536, 평균 프레임 시간: 0.000000ms, 클라이언트 수: 0
[13:49:43.252] [INFO] 서버 FPS: 32.480316, 평균 프레임 시간: 0.000000ms, 클라이언트 수: 0
[13:49:44.272] [INFO] 서버 FPS: 32.480316, 평균 프레임 시간: 0.000000ms, 클라이언트 수: 0
[13:49:45.310] [INFO] 서버 FPS: 32.977692, 평균 프레임 시간: 0.000000ms, 클라이언트 수: 0
[13:49:46.334] [INFO] 서버 FPS: 32.977692, 평균 프레임 시간: 0.000000ms, 클라이언트 수: 0
[13:49:47.355] [INFO] 서버 FPS: 34.448818, 평균 프레임 시간: 0.000000ms, 클라이언트 수: 0
[13:49:48.378] [INFO] 서버 FPS: 32.977692, 평균 프레임 시간: 0.000000ms, 클라이언트 수: 0
[13:49:49.420] [INFO] 서버 FPS: 32.977692, 평균 프레임 시간: 0.000000ms, 클라이언트 수: 0
[13:49:50.447] [INFO] 서버 FPS: 32.007759, 평균 프레임 시간: 0.000000ms, 클라이언트 수: 0
[13:49:51.484] [INFO] 서버 FPS: 32.945736, 평균 프레임 시간: 0.000000ms, 클라이언트 수: 0
[13:49:52.500] [INFO] 서버 FPS: 33.497536, 평균 프레임 시간: 0.000000ms, 클라이언트 수: 0
[13:49:53.506] [INFO] 서버 FPS: 32.480316, 평균 프레임 시간: 0.000000ms, 클라이언트 수: 0
[13:49:54.535] [INFO] 서버 FPS: 33.947624, 평균 프레임 시간: 0.000000ms, 클라이언트 수: 0
[13:49:55.561] [INFO] 서버 FPS: 32.480316, 평균 프레임 시간: 0.000000ms, 클라이언트 수: 0
[13:49:56.568] [INFO] 서버 FPS: 32.512314, 평균 프레임 시간: 0.000000ms, 클라이언트 수: 0
[13:49:57.580] [INFO] 서버 FPS: 32.480316, 평균 프레임 시간: 0.000000ms, 클라이언트 수: 0
[13:49:58.601] [INFO] 서버 FPS: 32.480316, 평균 프레임 시간: 0.000000ms, 클라이언트 수: 0
[13:49:59.627] [INFO] 서버 FPS: 32.007759, 평균 프레임 시간: 0.000000ms, 클라이언트 수: 0
[13:50:00.671] [INFO] 서버 FPS: 33.947624, 평균 프레임 시간: 0.000000ms, 클라이언트 수: 0
[13:50:01.696] [INFO] 서버 FPS: 32.977692, 평균 프레임 시간: 0.000000ms, 클라이언트 수: 0
[13:50:02.709] [INFO] 서버 FPS: 32.480316, 평균 프레임 시간: 0.000000ms, 클라이언트 수: 0
[13:50:03.735] [INFO] 서버 FPS: 32.480316, 평균 프레임 시간: 0.000000ms, 클라이언트 수: 0
[13:50:04.759] [INFO] 서버 FPS: 32.977692, 평균 프레임 시간: 0.000000ms, 클라이언트 수: 0
[13:50:05.772] [INFO] 서버 FPS: 33.464565, 평균 프레임 시간: 0.000000ms, 클라이언트 수: 0
[13:50:06.797] [INFO] 서버 FPS: 33.497536, 평균 프레임 시간: 0.000000ms, 클라이언트 수: 0
[13:50:07.808] [INFO] 서버 FPS: 32.480316, 평균 프레임 시간: 0.000000ms, 클라이언트 수: 0
[13:50:08.815] [INFO] 서버 FPS: 32.512314, 평균 프레임 시간: 0.000000ms, 클라이언트 수: 0
[13:50:09.833] [INFO] 서버 FPS: 32.480316, 평균 프레임 시간: 0.000000ms, 클라이언트 수: 0
[13:50:10.872] [INFO] 서버 FPS: 32.977692, 평균 프레임 시간: 0.000000ms, 클라이언트 수: 0
[13:50:11.885] [INFO] 서버 FPS: 32.480316, 평균 프레임 시간: 0.000000ms, 클라이언트 수: 0
[13:50:12.913] [INFO] 서버 FPS: 32.977692, 평균 프레임 시간: 0.000000ms, 클라이언트 수: 0
[13:50:13.935] [INFO] 서버 FPS: 32.480316, 평균 프레임 시간: 0.000000ms, 클라이언트 수: 0
[13:50:14.959] [INFO] 서버 FPS: 32.977692, 평균 프레임 시간: 0.000000ms, 클라이언트 수: 0
[13:50:15.981] [INFO] 서버 FPS: 33.464565, 평균 프레임 시간: 0.000000ms, 클라이언트 수: 0
[13:50:17.001] [INFO] 서버 FPS: 32.007759, 평균 프레임 시간: 0.000000ms, 클라이언트 수: 0
[13:50:18.021] [INFO] 서버 FPS: 33.464565, 평균 프레임 시간: 0.000000ms, 클라이언트 수: 0
[13:50:19.059] [INFO] 서버 FPS: 33.947624, 평균 프레임 시간: 0.000000ms, 클라이언트 수: 0
[13:50:20.066] [INFO] 서버 FPS: 32.512314, 평균 프레임 시간: 0.000000ms, 클라이언트 수: 0
[13:50:21.089] [INFO] 서버 FPS: 34.448818, 평균 프레임 시간: 0.000000ms, 클라이언트 수: 0
[13:50:22.112] [INFO] 서버 FPS: 32.977692, 평균 프레임 시간: 0.000000ms, 클라이언트 수: 0
[13:50:23.132] [INFO] 서버 FPS: 33.464565, 평균 프레임 시간: 0.000000ms, 클라이언트 수: 0
[13:50:24.154] [INFO] 서버 FPS: 33.464565, 평균 프레임 시간: 0.000000ms, 클라이언트 수: 0
[13:50:25.182] [INFO] 서버 FPS: 32.007759, 평균 프레임 시간: 0.000000ms, 클라이언트 수: 0
[13:50:26.198] [INFO] 서버 FPS: 33.497536, 평균 프레임 시간: 0.000000ms, 클라이언트 수: 0
[13:50:27.209] [INFO] 서버 FPS: 32.480316, 평균 프레임 시간: 0.000000ms, 클라이언트 수: 0
[13:50:28.239] [INFO] 서버 FPS: 32.977692, 평균 프레임 시간: 0.000000ms, 클라이언트 수: 0
[13:50:29.252] [INFO] 서버 FPS: 32.480316, 평균 프레임 시간: 0.000000ms, 클라이언트 수: 0
[13:50:30.283] [INFO] 서버 FPS: 33.947624, 평균 프레임 시간: 0.000000ms, 클라이언트 수: 0
[13:50:31.327] [INFO] 서버 FPS: 32.977692, 평균 프레임 시간: 0.000000ms, 클라이언트 수: 0
[13:50:32.355] [INFO] 서버 FPS: 32.945736, 평균 프레임 시간: 0.000000ms, 클라이언트 수: 0
[13:50:33.370] [INFO] 서버 FPS: 32.512314, 평균 프레임 시간: 0.000000ms, 클라이언트 수: 0
[13:50:34.398] [INFO] 서버 FPS: 31.976744, 평균 프레임 시간: 0.000000ms, 클라이언트 수: 0
[13:50:35.414] [INFO] 서버 FPS: 32.512314, 평균 프레임 시간: 0.000000ms, 클라이언트 수: 0
[13:50:36.428] [INFO] 서버 FPS: 32.480316, 평균 프레임 시간: 0.000000ms, 클라이언트 수: 0
[13:50:37.445] [INFO] 서버 FPS: 33.497536, 평균 프레임 시간: 0.000000ms, 클라이언트 수: 0
[13:50:38.477] [INFO] 서버 FPS: 31.976744, 평균 프레임 시간: 0.000000ms, 클라이언트 수: 0
[13:50:39.512] [INFO] 서버 FPS: 32.977692, 평균 프레임 시간: 0.000000ms, 클라이언트 수: 0
[13:50:40.540] [INFO] 서버 FPS: 32.007759, 평균 프레임 시간: 0.000000ms, 클라이언트 수: 0
[13:50:41.571] [INFO] 서버 FPS: 32.007759, 평균 프레임 시간: 0.000000ms, 클라이언트 수: 0
[13:50:42.600] [INFO] 서버 FPS: 31.976744, 평균 프레임 시간: 0.000000ms, 클라이언트 수: 0
[13:50:43.630] [INFO] 서버 FPS: 32.007759, 평균 프레임 시간: 0.000000ms, 클라이언트 수: 0
[13:50:44.660] [INFO] 서버 FPS: 32.977692, 평균 프레임 시간: 0.000000ms, 클라이언트 수: 0
[13:50:45.674] [INFO] 서버 FPS: 32.480316, 평균 프레임 시간: 0.000000ms, 클라이언트 수: 0
[13:50:46.690] [INFO] 서버 FPS: 33.497536, 평균 프레임 시간: 0.000000ms, 클라이언트 수: 0
[13:50:47.723] [INFO] 서버 FPS: 32.945736, 평균 프레임 시간: 0.000000ms, 클라이언트 수: 0
[13:50:48.752] [INFO] 서버 FPS: 32.007759, 평균 프레임 시간: 0.000000ms, 클라이언트 수: 0
[13:50:49.767] [INFO] 서버 FPS: 32.480316, 평균 프레임 시간: 0.000000ms, 클라이언트 수: 0
[13:50:50.811] [INFO] 서버 FPS: 32.977692, 평균 프레임 시간: 0.000000ms, 클라이언트 수: 0
[13:50:51.842] [INFO] 서버 FPS: 33.947624, 평균 프레임 시간: 0.000000ms, 클라이언트 수: 0
[13:50:52.856] [INFO] 서버 FPS: 34.448818, 평균 프레임 시간: 0.000000ms, 클라이언트 수: 0
[13:50:53.881] [INFO] 서버 FPS: 32.007759, 평균 프레임 시간: 0.000000ms, 클라이언트 수: 0
[13:50:54.909] [INFO] 서버 FPS: 32.007759, 평균 프레임 시간: 0.000000ms, 클라이언트 수: 0
[13:50:55.930] [INFO] 서버 FPS: 32.480316, 평균 프레임 시간: 0.000000ms, 클라이언트 수: 0
[13:50:56.959] [INFO] 서버 FPS: 32.977692, 평균 프레임 시간: 0.000000ms, 클라이언트 수: 0
[13:50:57.985] [INFO] 서버 FPS: 33.464565, 평균 프레임 시간: 0.000000ms, 클라이언트 수: 0
[13:50:59.011] [INFO] 서버 FPS: 32.007759, 평균 프레임 시간: 0.000000ms, 클라이언트 수: 0
[13:51:00.040] [INFO] 서버 FPS: 32.007759, 평균 프레임 시간: 0.000000ms, 클라이언트 수: 0
[13:51:01.067] [INFO] 서버 FPS: 32.007759, 평균 프레임 시간: 0.000000ms, 클라이언트 수: 0
[13:51:02.082] [INFO] 서버 FPS: 33.464565, 평균 프레임 시간: 0.000000ms, 클라이언트 수: 0
[13:51:03.097] [INFO] 서버 FPS: 33.464565, 평균 프레임 시간: 0.000000ms, 클라이언트 수: 0
[13:51:04.126] [INFO] 서버 FPS: 32.007759, 평균 프레임 시간: 0.000000ms, 클라이언트 수: 0
[13:51:05.172] [INFO] 서버 FPS: 32.977692, 평균 프레임 시간: 0.000000ms, 클라이언트 수: 0
[13:51:06.202] [INFO] 서버 FPS: 32.007759, 평균 프레임 시간: 0.000000ms, 클라이언트 수: 0
[13:51:07.212] [INFO] 서버 FPS: 32.480316, 평균 프레임 시간: 0.000000ms, 클라이언트 수: 0
[13:51:08.225] [INFO] 서버 FPS: 32.480316, 평균 프레임 시간: 0.000000ms, 클라이언트 수: 0
[13:51:09.241] [INFO] 서버 FPS: 32.512314, 평균 프레임 시간: 0.000000ms, 클라이언트 수: 0
[13:51:10.270] [INFO] 서버 FPS: 31.976744, 평균 프레임 시간: 0.000000ms, 클라이언트 수: 0
[13:51:11.298] [INFO] 서버 FPS: 32.007759, 평균 프레임 시간: 0.000000ms, 클라이언트 수: 0
[13:51:12.331] [INFO] 서버 FPS: 32.977692, 평균 프레임 시간: 0.000000ms, 클라이언트 수: 0
[13:51:13.375] [INFO] 서버 FPS: 32.977692, 평균 프레임 시간: 0.000000ms, 클라이언트 수: 0
[13:51:14.401] [INFO] 서버 FPS: 31.976744, 평균 프레임 시간: 0.000000ms, 클라이언트 수: 0
[13:51:15.429] [INFO] 서버 FPS: 32.977692, 평균 프레임 시간: 0.000000ms, 클라이언트 수: 0
[13:51:16.459] [INFO] 서버 FPS: 32.007759, 평균 프레임 시간: 0.000000ms, 클라이언트 수: 0
[13:51:17.485] [INFO] 서버 FPS: 33.464565, 평균 프레임 시간: 0.000000ms, 클라이언트 수: 0
[13:51:18.497] [INFO] 서버 FPS: 33.497536, 평균 프레임 시간: 0.000000ms, 클라이언트 수: 0
[13:51:19.526] [INFO] 서버 FPS: 32.945736, 평균 프레임 시간: 0.000000ms, 클라이언트 수: 0
[13:51:20.557] [INFO] 서버 FPS: 32.007759, 평균 프레임 시간: 0.000000ms, 클라이언트 수: 0
[13:51:21.585] [INFO] 서버 FPS: 32.007759, 평균 프레임 시간: 0.000000ms, 클라이언트 수: 0
[13:51:22.599] [INFO] 서버 FPS: 32.480316, 평균 프레임 시간: 0.000000ms, 클라이언트 수: 0
[13:51:23.628] [INFO] 서버 FPS: 32.007759, 평균 프레임 시간: 0.000000ms, 클라이언트 수: 0
[13:51:24.665] [INFO] 서버 FPS: 32.007759, 평균 프레임 시간: 0.000000ms, 클라이언트 수: 0
[13:51:25.700] [INFO] 서버 FPS: 32.007759, 평균 프레임 시간: 0.000000ms, 클라이언트 수: 0
[13:51:26.718] [INFO] 서버 FPS: 32.480316, 평균 프레임 시간: 0.000000ms, 클라이언트 수: 0
[13:51:27.730] [INFO] 서버 FPS: 32.480316, 평균 프레임 시간: 0.000000ms, 클라이언트 수: 0
[13:51:28.744] [INFO] 서버 FPS: 32.512314, 평균 프레임 시간: 0.000000ms, 클라이언트 수: 0
[13:51:29.768] [INFO] 서버 FPS: 32.945736, 평균 프레임 시간: 0.000000ms, 클라이언트 수: 0
[13:51:30.798] [INFO] 서버 FPS: 32.977692, 평균 프레임 시간: 0.000000ms, 클라이언트 수: 0
[13:51:31.817] [INFO] 서버 FPS: 33.497536, 평균 프레임 시간: 0.000000ms, 클라이언트 수: 0
[13:51:32.860] [INFO] 서버 FPS: 32.945736, 평균 프레임 시간: 0.000000ms, 클라이언트 수: 0
[13:51:33.877] [INFO] 서버 FPS: 32.007759, 평균 프레임 시간: 0.000000ms, 클라이언트 수: 0
[13:51:34.910] [INFO] 서버 FPS: 32.007759, 평균 프레임 시간: 0.000000ms, 클라이언트 수: 0
[13:51:35.939] [INFO] 서버 FPS: 32.007759, 평균 프레임 시간: 0.000000ms, 클라이언트 수: 0
[13:51:36.969] [INFO] 서버 FPS: 32.480316, 평균 프레임 시간: 0.000000ms, 클라이언트 수: 0
[13:51:37.998] [INFO] 서버 FPS: 32.977692, 평균 프레임 시간: 0.000000ms, 클라이언트 수: 0
[13:51:39.027] [INFO] 서버 FPS: 32.945736, 평균 프레임 시간: 0.000000ms, 클라이언트 수: 0
[13:51:40.036] [INFO] 서버 FPS: 32.512314, 평균 프레임 시간: 0.000000ms, 클라이언트 수: 0
[13:51:41.050] [INFO] 서버 FPS: 32.480316, 평균 프레임 시간: 0.000000ms, 클라이언트 수: 0
[13:51:42.067] [INFO] 서버 FPS: 32.512314, 평균 프레임 시간: 0.000000ms, 클라이언트 수: 0
[13:51:43.080] [INFO] 서버 FPS: 33.464565, 평균 프레임 시간: 0.000000ms, 클라이언트 수: 0
[13:51:44.095] [INFO] 서버 FPS: 33.464565, 평균 프레임 시간: 0.000000ms, 클라이언트 수: 0
[13:51:45.137] [INFO] 서버 FPS: 32.977692, 평균 프레임 시간: 0.000000ms, 클라이언트 수: 0
[13:51:46.163] [INFO] 서버 FPS: 32.007759, 평균 프레임 시간: 0.000000ms, 클라이언트 수: 0
[13:51:47.176] [INFO] 서버 FPS: 33.464565, 평균 프레임 시간: 0.000000ms, 클라이언트 수: 0
[13:51:48.218] [INFO] 서버 FPS: 32.977692, 평균 프레임 시간: 0.000000ms, 클라이언트 수: 0
[13:51:49.227] [INFO] 서버 FPS: 32.480316, 평균 프레임 시간: 0.000000ms, 클라이언트 수: 0
[13:51:50.258] [INFO] 서버 FPS: 33.947624, 평균 프레임 시간: 0.000000ms, 클라이언트 수: 0
[13:51:51.269] [INFO] 서버 FPS: 32.480316, 평균 프레임 시간: 0.000000ms, 클라이언트 수: 0
[13:51:52.311] [INFO] 서버 FPS: 33.947624, 평균 프레임 시간: 0.000000ms, 클라이언트 수: 0
[13:51:53.337] [INFO] 서버 FPS: 32.007759, 평균 프레임 시간: 0.000000ms, 클라이언트 수: 0
[13:51:54.345] [INFO] 서버 FPS: 32.480316, 평균 프레임 시간: 0.000000ms, 클라이언트 수: 0
[13:51:55.376] [INFO] 서버 FPS: 32.512314, 평균 프레임 시간: 0.000000ms, 클라이언트 수: 0
[13:51:56.386] [INFO] 서버 FPS: 32.480316, 평균 프레임 시간: 0.000000ms, 클라이언트 수: 0
[13:51:57.399] [INFO] 서버 FPS: 33.464565, 평균 프레임 시간: 0.000000ms, 클라이언트 수: 0
[13:51:58.435] [INFO] 서버 FPS: 33.947624, 평균 프레임 시간: 0.000000ms, 클라이언트 수: 0
[13:51:59.461] [INFO] 서버 FPS: 33.947624, 평균 프레임 시간: 0.000000ms, 클라이언트 수: 0
[13:52:00.486] [INFO] 서버 FPS: 32.977692, 평균 프레임 시간: 0.000000ms, 클라이언트 수: 0
[13:52:01.512] [INFO] 서버 FPS: 33.464565, 평균 프레임 시간: 0.000000ms, 클라이언트 수: 0
[13:52:02.535] [INFO] 서버 FPS: 32.977692, 평균 프레임 시간: 0.000000ms, 클라이언트 수: 0
[13:52:03.579] [INFO] 서버 FPS: 34.917557, 평균 프레임 시간: 0.000000ms, 클라이언트 수: 0
[13:52:04.601] [INFO] 서버 FPS: 32.945736, 평균 프레임 시간: 0.000000ms, 클라이언트 수: 0
[13:52:05.627] [INFO] 서버 FPS: 32.977692, 평균 프레임 시간: 0.000000ms, 클라이언트 수: 0
[13:52:06.651] [INFO] 서버 FPS: 33.464565, 평균 프레임 시간: 0.000000ms, 클라이언트 수: 0
[13:52:07.661] [INFO] 서버 FPS: 32.512314, 평균 프레임 시간: 0.000000ms, 클라이언트 수: 0
[13:52:08.686] [INFO] 서버 FPS: 33.464565, 평균 프레임 시간: 0.000000ms, 클라이언트 수: 0
[13:52:09.694] [INFO] 서버 FPS: 32.512314, 평균 프레임 시간: 0.000000ms, 클라이언트 수: 0
[13:52:10.722] [INFO] 서버 FPS: 33.914730, 평균 프레임 시간: 0.000000ms, 클라이언트 수: 0
[13:52:11.764] [INFO] 서버 FPS: 33.947624, 평균 프레임 시간: 0.000000ms, 클라이언트 수: 0
[13:52:12.793] [INFO] 서버 FPS: 33.947624, 평균 프레임 시간: 0.000000ms, 클라이언트 수: 0
[13:52:13.799] [INFO] 서버 FPS: 33.464565, 평균 프레임 시간: 0.000000ms, 클라이언트 수: 0
[13:52:14.842] [INFO] 서버 FPS: 33.947624, 평균 프레임 시간: 0.000000ms, 클라이언트 수: 0
[13:52:15.853] [INFO] 서버 FPS: 32.480316, 평균 프레임 시간: 0.000000ms, 클라이언트 수: 0
[13:52:16.891] [INFO] 서버 FPS: 33.947624, 평균 프레임 시간: 0.000000ms, 클라이언트 수: 0
[13:52:17.916] [INFO] 서버 FPS: 32.977692, 평균 프레임 시간: 0.000000ms, 클라이언트 수: 0
[13:52:18.942] [INFO] 서버 FPS: 34.917557, 평균 프레임 시간: 0.000000ms, 클라이언트 수: 0
[13:52:19.968] [INFO] 서버 FPS: 33.464565, 평균 프레임 시간: 0.000000ms, 클라이언트 수: 0
[13:52:20.991] [INFO] 서버 FPS: 33.947624, 평균 프레임 시간: 0.000000ms, 클라이언트 수: 0
[13:52:22.016] [INFO] 서버 FPS: 33.464565, 평균 프레임 시간: 0.000000ms, 클라이언트 수: 0
[13:52:23.027] [INFO] 서버 FPS: 33.464565, 평균 프레임 시간: 0.000000ms, 클라이언트 수: 0
[13:52:24.054] [INFO] 서버 FPS: 33.947624, 평균 프레임 시간: 0.000000ms, 클라이언트 수: 0
[13:52:25.094] [INFO] 서버 FPS: 32.977692, 평균 프레임 시간: 0.000000ms, 클라이언트 수: 0
[13:52:26.103] [INFO] 서버 FPS: 32.480316, 평균 프레임 시간: 0.000000ms, 클라이언트 수: 0
[13:52:27.121] [INFO] 서버 FPS: 33.497536, 평균 프레임 시간: 0.000000ms, 클라이언트 수: 0
[13:52:28.146] [INFO] 서버 FPS: 33.914730, 평균 프레임 시간: 0.000000ms, 클라이언트 수: 0
[13:52:29.187] [INFO] 서버 FPS: 34.917557, 평균 프레임 시간: 0.000000ms, 클라이언트 수: 0
[13:52:30.198] [INFO] 서버 FPS: 32.512314, 평균 프레임 시간: 0.000000ms, 클라이언트 수: 0
[13:52:31.207] [INFO] 서버 FPS: 33.464565, 평균 프레임 시간: 0.000000ms, 클라이언트 수: 0
[13:52:32.249] [INFO] 서버 FPS: 32.977692, 평균 프레임 시간: 0.000000ms, 클라이언트 수: 0
[13:52:33.259] [INFO] 서버 FPS: 32.480316, 평균 프레임 시간: 0.000000ms, 클라이언트 수: 0
[13:52:34.273] [INFO] 서버 FPS: 34.448818, 평균 프레임 시간: 0.000000ms, 클라이언트 수: 0
[13:52:35.300] [INFO] 서버 FPS: 33.947624, 평균 프레임 시간: 0.000000ms, 클라이언트 수: 0
[13:52:36.340] [INFO] 서버 FPS: 33.947624, 평균 프레임 시간: 0.000000ms, 클라이언트 수: 0
[13:52:37.354] [INFO] 서버 FPS: 33.464565, 평균 프레임 시간: 0.000000ms, 클라이언트 수: 0
[13:52:38.382] [INFO] 서버 FPS: 33.947624, 평균 프레임 시간: 0.000000ms, 클라이언트 수: 0
[13:52:39.408] [INFO] 서버 FPS: 32.977692, 평균 프레임 시간: 0.000000ms, 클라이언트 수: 0
[13:52:40.423] [INFO] 서버 FPS: 34.448818, 평균 프레임 시간: 0.000000ms, 클라이언트 수: 0
[13:52:41.465] [INFO] 서버 FPS: 32.977692, 평균 프레임 시간: 0.000000ms, 클라이언트 수: 0
[13:52:42.496] [INFO] 서버 FPS: 32.007759, 평균 프레임 시간: 0.000000ms, 클라이언트 수: 0
[13:52:43.505] [INFO] 서버 FPS: 32.480316, 평균 프레임 시간: 0.000000ms, 클라이언트 수: 0
[13:52:44.528] [INFO] 서버 FPS: 34.448818, 평균 프레임 시간: 0.000000ms, 클라이언트 수: 0
[13:52:45.549] [INFO] 서버 FPS: 32.007759, 평균 프레임 시간: 0.000000ms, 클라이언트 수: 0
[13:52:46.360] [INFO] 새 클라이언트에게 ID 3 전송됨
[13:52:46.360] [INFO] 새 플레이어 정보(ID: 3) 브로드캐스트 - 수신자 수: 0
[13:52:46.361] [INFO] 기존 플레이어 정보 0개가 새 클라이언트(ID: 3)에게 전송됨
[13:52:46.532] [INFO] 새 클라이언트에게 ID 4 전송됨
[13:52:46.532] [INFO] 새 플레이어 정보(ID: 4) 브로드캐스트 - 수신자 수: 1
[13:52:46.533] [INFO] 기존 플레이어 정보 1개가 새 클라이언트(ID: 4)에게 전송됨
[13:52:46.579] [INFO] 서버 FPS: 33.947624, 평균 프레임 시간: 2.067445ms, 클라이언트 수: 2
[13:52:47.623] [INFO] 서버 FPS: 32.977692, 평균 프레임 시간: 0.057501ms, 클라이언트 수: 2
[13:52:48.631] [INFO] 서버 FPS: 33.464565, 평균 프레임 시간: 0.001599ms, 클라이언트 수: 2
[13:52:48.762] [INFO] [Packet] Pong 전송 - ClientId: 3
[13:52:48.763] [INFO] [Packet] Pong 전송 - ClientId: 4
[13:52:49.544] [INFO] 입력 패킷 수신 - 클라이언트 ID: 4, Forward: 0.000000, Right: 0.000000, Yaw: 0.000000, Jump: false, Attack: true
[13:52:49.642] [INFO] 서버 FPS: 32.480316, 평균 프레임 시간: 0.000049ms, 클라이언트 수: 2
[13:52:49.680] [INFO] [Packet] Pong 전송 - ClientId: 3
[13:52:49.681] [INFO] [Packet] Pong 전송 - ClientId: 4
[13:52:49.888] [INFO] 입력 패킷 수신 - 클라이언트 ID: 4, Forward: 1.000000, Right: 0.000000, Yaw: 0.000000, Jump: false, Attack: true
[13:52:49.889] [INFO] 입력 패킷 수신 - 클라이언트 ID: 4, Forward: 1.000000, Right: 0.000000, Yaw: 0.175000, Jump: false, Attack: true
[13:52:49.958] [INFO] 입력 패킷 수신 - 클라이언트 ID: 4, Forward: 1.000000, Right: 0.000000, Yaw: 0.700000, Jump: false, Attack: true
[13:52:50.024] [INFO] 입력 패킷 수신 - 클라이언트 ID: 4, Forward: 1.000000, Right: 0.000000, Yaw: 1.575000, Jump: false, Attack: true
[13:52:50.091] [INFO] 입력 패킷 수신 - 클라이언트 ID: 4, Forward: 1.000000, Right: 0.000000, Yaw: 3.150000, Jump: false, Attack: true
[13:52:50.161] [INFO] 입력 패킷 수신 - 클라이언트 ID: 4, Forward: 1.000000, Right: 0.000000, Yaw: 7.350000, Jump: false, Attack: true
[13:52:50.234] [INFO] 입력 패킷 수신 - 클라이언트 ID: 4, Forward: 1.000000, Right: 0.000000, Yaw: 11.900001, Jump: false, Attack: true
[13:52:50.302] [INFO] 입력 패킷 수신 - 클라이언트 ID: 4, Forward: 1.000000, Right: 0.000000, Yaw: 12.250001, Jump: false, Attack: true
[13:52:50.375] [INFO] 입력 패킷 수신 - 클라이언트 ID: 4, Forward: 1.000000, Right: 0.000000, Yaw: 13.475000, Jump: false, Attack: true
[13:52:50.445] [INFO] 입력 패킷 수신 - 클라이언트 ID: 4, Forward: 1.000000, Right: 0.000000, Yaw: 20.300001, Jump: false, Attack: true
[13:52:50.517] [INFO] 입력 패킷 수신 - 클라이언트 ID: 4, Forward: 1.000000, Right: 0.000000, Yaw: 50.924999, Jump: false, Attack: true
[13:52:50.588] [INFO] 입력 패킷 수신 - 클라이언트 ID: 4, Forward: 0.000000, Right: 0.000000, Yaw: 50.924999, Jump: false, Attack: true
[13:52:50.589] [INFO] 입력 패킷 수신 - 클라이언트 ID: 4, Forward: 0.000000, Right: 0.000000, Yaw: 71.224998, Jump: false, Attack: false
[13:52:50.660] [INFO] [Packet] Pong 전송 - ClientId: 3
[13:52:50.661] [INFO] 입력 패킷 수신 - 클라이언트 ID: 4, Forward: 0.000000, Right: 0.000000, Yaw: 98.349998, Jump: false, Attack: false
[13:52:50.661] [INFO] [Packet] Pong 전송 - ClientId: 4
[13:52:50.687] [INFO] 서버 FPS: 32.977692, 평균 프레임 시간: 0.000001ms, 클라이언트 수: 2
[13:52:50.745] [INFO] 입력 패킷 수신 - 클라이언트 ID: 4, Forward: 0.000000, Right: 0.000000, Yaw: 114.974998, Jump: false, Attack: false
[13:52:50.821] [INFO] 입력 패킷 수신 - 클라이언트 ID: 4, Forward: -0.000000, Right: -1.000000, Yaw: 114.974998, Jump: false, Attack: false
[13:52:50.821] [INFO] 입력 패킷 수신 - 클라이언트 ID: 4, Forward: -0.000000, Right: -1.000000, Yaw: 122.675003, Jump: false, Attack: false
[13:52:50.909] [INFO] 입력 패킷 수신 - 클라이언트 ID: 4, Forward: -0.000000, Right: -1.000000, Yaw: 135.100006, Jump: false, Attack: false
[13:52:50.986] [INFO] 입력 패킷 수신 - 클라이언트 ID: 4, Forward: -0.000000, Right: -1.000000, Yaw: 148.399994, Jump: false, Attack: false
[13:52:51.059] [INFO] 입력 패킷 수신 - 클라이언트 ID: 4, Forward: -0.000000, Right: -1.000000, Yaw: 157.675003, Jump: false, Attack: false
[13:52:51.133] [INFO] 입력 패킷 수신 - 클라이언트 ID: 4, Forward: -0.000000, Right: -1.000000, Yaw: 160.824997, Jump: false, Attack: false
[13:52:51.212] [INFO] 입력 패킷 수신 - 클라이언트 ID: 4, Forward: 0.000000, Right: 0.000000, Yaw: 160.824997, Jump: false, Attack: false
[13:52:51.293] [INFO] 입력 패킷 수신 - 클라이언트 ID: 4, Forward: 1.000000, Right: 0.000000, Yaw: 160.824997, Jump: false, Attack: false
[13:52:51.445] [INFO] 입력 패킷 수신 - 클라이언트 ID: 4, Forward: 0.000000, Right: 1.000000, Yaw: 160.824997, Jump: false, Attack: false
[13:52:51.660] [INFO] [Packet] Pong 전송 - ClientId: 3
[13:52:51.661] [INFO] 입력 패킷 수신 - 클라이언트 ID: 4, Forward: 1.000000, Right: 1.000000, Yaw: 160.824997, Jump: false, Attack: false
[13:52:51.662] [INFO] [Packet] Pong 전송 - ClientId: 4
[13:52:51.719] [INFO] 서버 FPS: 32.977692, 평균 프레임 시간: 0.000000ms, 클라이언트 수: 2
[13:52:51.730] [INFO] 입력 패킷 수신 - 클라이언트 ID: 4, Forward: 1.000000, Right: 0.000000, Yaw: 160.824997, Jump: false, Attack: false
[13:52:51.730] [INFO] 입력 패킷 수신 - 클라이언트 ID: 4, Forward: 1.000000, Right: 0.000000, Yaw: 160.649994, Jump: false, Attack: false
[13:52:51.864] [INFO] 입력 패킷 수신 - 클라이언트 ID: 4, Forward: 1.000000, Right: 0.000000, Yaw: 160.475006, Jump: false, Attack: false
[13:52:51.938] [INFO] 입력 패킷 수신 - 클라이언트 ID: 4, Forward: 1.000000, Right: 0.000000, Yaw: 160.300003, Jump: false, Attack: false
[13:52:52.006] [INFO] 입력 패킷 수신 - 클라이언트 ID: 4, Forward: 1.000000, Right: 0.000000, Yaw: 160.125000, Jump: false, Attack: false
[13:52:52.076] [INFO] 입력 패킷 수신 - 클라이언트 ID: 4, Forward: 1.000000, Right: 0.000000, Yaw: 159.949997, Jump: false, Attack: false
[13:52:52.145] [INFO] 입력 패킷 수신 - 클라이언트 ID: 4, Forward: 1.000000, Right: 0.000000, Yaw: 159.774994, Jump: false, Attack: false
[13:52:52.215] [INFO] 입력 패킷 수신 - 클라이언트 ID: 4, Forward: 1.000000, Right: 0.000000, Yaw: 159.600006, Jump: false, Attack: false
[13:52:52.678] [INFO] [Packet] Pong 전송 - ClientId: 3
[13:52:52.678] [INFO] 입력 패킷 수신 - 클라이언트 ID: 4, Forward: 1.000000, Right: 1.000000, Yaw: 159.600006, Jump: false, Attack: false
[13:52:52.679] [INFO] [Packet] Pong 전송 - ClientId: 4
[13:52:52.737] [INFO] 서버 FPS: 32.007759, 평균 프레임 시간: 0.000000ms, 클라이언트 수: 2
[13:52:52.818] [INFO] 입력 패킷 수신 - 클라이언트 ID: 4, Forward: 0.000000, Right: 1.000000, Yaw: 159.600006, Jump: false, Attack: false
[13:52:53.035] [INFO] 입력 패킷 수신 - 클라이언트 ID: 4, Forward: 0.000000, Right: 1.000000, Yaw: 159.074997, Jump: false, Attack: false
[13:52:53.104] [INFO] 입력 패킷 수신 - 클라이언트 ID: 4, Forward: 0.000000, Right: 1.000000, Yaw: 158.550003, Jump: false, Attack: false
[13:52:53.181] [INFO] 입력 패킷 수신 - 클라이언트 ID: 4, Forward: -1.000000, Right: 1.000000, Yaw: 158.550003, Jump: false, Attack: false
[13:52:53.182] [INFO] 입력 패킷 수신 - 클라이언트 ID: 4, Forward: -1.000000, Right: 1.000000, Yaw: 158.199997, Jump: false, Attack: false
[13:52:53.253] [INFO] 입력 패킷 수신 - 클라이언트 ID: 4, Forward: -1.000000, Right: 1.000000, Yaw: 156.800003, Jump: false, Attack: false
[13:52:53.328] [INFO] 입력 패킷 수신 - 클라이언트 ID: 4, Forward: -1.000000, Right: -0.000000, Yaw: 156.800003, Jump: false, Attack: false
[13:52:53.329] [INFO] 입력 패킷 수신 - 클라이언트 ID: 4, Forward: -1.000000, Right: -0.000000, Yaw: 154.524994, Jump: false, Attack: false
[13:52:53.399] [INFO] 입력 패킷 수신 - 클라이언트 ID: 4, Forward: -1.000000, Right: -0.000000, Yaw: 152.600006, Jump: false, Attack: false
[13:52:53.466] [INFO] 입력 패킷 수신 - 클라이언트 ID: 4, Forward: -1.000000, Right: -0.000000, Yaw: 149.449997, Jump: false, Attack: false
[13:52:53.540] [INFO] 입력 패킷 수신 - 클라이언트 ID: 4, Forward: -1.000000, Right: -0.000000, Yaw: 144.199997, Jump: false, Attack: false
[13:52:53.610] [INFO] 입력 패킷 수신 - 클라이언트 ID: 4, Forward: -1.000000, Right: -1.000000, Yaw: 144.199997, Jump: false, Attack: false
[13:52:53.610] [INFO] 입력 패킷 수신 - 클라이언트 ID: 4, Forward: -1.000000, Right: -1.000000, Yaw: 135.449997, Jump: false, Attack: false
[13:52:53.691] [INFO] [Packet] Pong 전송 - ClientId: 3
[13:52:53.692] [INFO] [Packet] Pong 전송 - ClientId: 4
[13:52:53.692] [INFO] 입력 패킷 수신 - 클라이언트 ID: 4, Forward: -1.000000, Right: -1.000000, Yaw: 115.324997, Jump: false, Attack: false
[13:52:53.754] [INFO] 서버 FPS: 32.480316, 평균 프레임 시간: 0.000000ms, 클라이언트 수: 2
[13:52:53.761] [INFO] 입력 패킷 수신 - 클라이언트 ID: 4, Forward: -1.000000, Right: -1.000000, Yaw: 96.949997, Jump: false, Attack: false
[13:52:53.838] [INFO] 입력 패킷 수신 - 클라이언트 ID: 4, Forward: -0.000000, Right: -1.000000, Yaw: 96.949997, Jump: false, Attack: false
[13:52:53.838] [INFO] 입력 패킷 수신 - 클라이언트 ID: 4, Forward: -0.000000, Right: -1.000000, Yaw: 74.724998, Jump: false, Attack: false
[13:52:53.902] [INFO] 입력 패킷 수신 - 클라이언트 ID: 4, Forward: -0.000000, Right: -1.000000, Yaw: 63.699997, Jump: false, Attack: false
[13:52:53.968] [INFO] 입력 패킷 수신 - 클라이언트 ID: 4, Forward: -0.000000, Right: -1.000000, Yaw: 56.524998, Jump: false, Attack: false
[13:52:54.043] [INFO] 입력 패킷 수신 - 클라이언트 ID: 4, Forward: -0.000000, Right: -1.000000, Yaw: 54.949997, Jump: false, Attack: false
[13:52:54.117] [INFO] 입력 패킷 수신 - 클라이언트 ID: 4, Forward: 1.000000, Right: -1.000000, Yaw: 54.949997, Jump: false, Attack: false
[13:52:54.117] [INFO] 입력 패킷 수신 - 클라이언트 ID: 4, Forward: 1.000000, Right: -1.000000, Yaw: 54.599998, Jump: false, Attack: false
[13:52:54.184] [INFO] 입력 패킷 수신 - 클라이언트 ID: 4, Forward: 1.000000, Right: 0.000000, Yaw: 54.599998, Jump: false, Attack: false
[13:52:54.332] [INFO] 입력 패킷 수신 - 클라이언트 ID: 4, Forward: 1.000000, Right: 0.000000, Yaw: 54.774998, Jump: false, Attack: false
[13:52:54.400] [INFO] 입력 패킷 수신 - 클라이언트 ID: 4, Forward: 1.000000, Right: 0.000000, Yaw: 56.000000, Jump: false, Attack: false
[13:52:54.476] [INFO] 입력 패킷 수신 - 클라이언트 ID: 4, Forward: 1.000000, Right: 0.000000, Yaw: 58.449997, Jump: false, Attack: false
[13:52:54.547] [INFO] 입력 패킷 수신 - 클라이언트 ID: 4, Forward: 1.000000, Right: 0.000000, Yaw: 59.500000, Jump: false, Attack: false
[13:52:54.617] [INFO] 입력 패킷 수신 - 클라이언트 ID: 4, Forward: 1.000000, Right: 0.000000, Yaw: 64.224998, Jump: false, Attack: false
[13:52:54.687] [INFO] [Packet] Pong 전송 - ClientId: 3
[13:52:54.687] [INFO] 입력 패킷 수신 - 클라이언트 ID: 4, Forward: 0.000000, Right: 1.000000, Yaw: 64.224998, Jump: false, Attack: false
[13:52:54.688] [INFO] [Packet] Pong 전송 - ClientId: 4
[13:52:54.688] [INFO] 입력 패킷 수신 - 클라이언트 ID: 4, Forward: 0.000000, Right: 1.000000, Yaw: 68.074997, Jump: false, Attack: false
[13:52:54.755] [INFO] 입력 패킷 수신 - 클라이언트 ID: 4, Forward: 0.000000, Right: 1.000000, Yaw: 89.599998, Jump: false, Attack: false
[13:52:54.772] [INFO] 서버 FPS: 32.480316, 평균 프레임 시간: 0.000000ms, 클라이언트 수: 2
[13:52:54.826] [INFO] 입력 패킷 수신 - 클라이언트 ID: 4, Forward: 0.000000, Right: 1.000000, Yaw: 90.474998, Jump: false, Attack: false
[13:52:54.896] [INFO] 입력 패킷 수신 - 클라이언트 ID: 4, Forward: -1.000000, Right: -0.000000, Yaw: 90.474998, Jump: false, Attack: false
[13:52:54.896] [INFO] 입력 패킷 수신 - 클라이언트 ID: 4, Forward: -1.000000, Right: -0.000000, Yaw: 102.375000, Jump: false, Attack: false
[13:52:54.967] [INFO] 입력 패킷 수신 - 클라이언트 ID: 4, Forward: -1.000000, Right: -0.000000, Yaw: 133.000000, Jump: false, Attack: false
[13:52:55.035] [INFO] 입력 패킷 수신 - 클라이언트 ID: 4, Forward: -1.000000, Right: -1.000000, Yaw: 133.000000, Jump: false, Attack: false
[13:52:55.035] [INFO] 입력 패킷 수신 - 클라이언트 ID: 4, Forward: -1.000000, Right: -1.000000, Yaw: 142.625000, Jump: false, Attack: false
[13:52:55.126] [INFO] 입력 패킷 수신 - 클라이언트 ID: 4, Forward: -1.000000, Right: -1.000000, Yaw: 148.050003, Jump: false, Attack: false
[13:52:55.195] [INFO] 입력 패킷 수신 - 클라이언트 ID: 4, Forward: -1.000000, Right: -0.000000, Yaw: 148.050003, Jump: false, Attack: false
[13:52:55.195] [INFO] 입력 패킷 수신 - 클라이언트 ID: 4, Forward: -1.000000, Right: -0.000000, Yaw: 148.925003, Jump: false, Attack: false
[13:52:55.287] [INFO] 입력 패킷 수신 - 클라이언트 ID: 4, Forward: -1.000000, Right: -0.000000, Yaw: 151.899994, Jump: false, Attack: false
[13:52:55.366] [INFO] 입력 패킷 수신 - 클라이언트 ID: 4, Forward: 0.000000, Right: 0.000000, Yaw: 151.899994, Jump: false, Attack: false
[13:52:55.366] [INFO] 입력 패킷 수신 - 클라이언트 ID: 4, Forward: 0.000000, Right: 0.000000, Yaw: 158.724991, Jump: false, Attack: false
[13:52:55.647] [INFO] [Packet] Pong 전송 - ClientId: 3
[13:52:55.648] [INFO] 입력 패킷 수신 - 클라이언트 ID: 4, Forward: -0.000000, Right: -1.000000, Yaw: 158.724991, Jump: false, Attack: false
[13:52:55.648] [INFO] 입력 패킷 수신 - 클라이언트 ID: 4, Forward: -0.000000, Right: -1.000000, Yaw: 158.024994, Jump: false, Attack: false
[13:52:55.648] [INFO] [Packet] Pong 전송 - ClientId: 4
[13:52:55.781] [INFO] 입력 패킷 수신 - 클라이언트 ID: 4, Forward: 0.000000, Right: 0.000000, Yaw: 158.024994, Jump: false, Attack: false
[13:52:55.793] [INFO] 서버 FPS: 33.497536, 평균 프레임 시간: 0.000000ms, 클라이언트 수: 2
[13:52:55.948] [INFO] 입력 패킷 수신 - 클라이언트 ID: 4, Forward: 1.000000, Right: 0.000000, Yaw: 158.024994, Jump: false, Attack: false
[13:52:56.013] [INFO] 입력 패킷 수신 - 클라이언트 ID: 4, Forward: 0.000000, Right: 0.000000, Yaw: 158.024994, Jump: false, Attack: false
[13:52:56.467] [INFO] 입력 패킷 수신 - 클라이언트 ID: 4, Forward: 0.000000, Right: 0.000000, Yaw: 154.349991, Jump: false, Attack: false
[13:52:56.530] [INFO] 입력 패킷 수신 - 클라이언트 ID: 4, Forward: 0.000000, Right: 0.000000, Yaw: 153.300003, Jump: false, Attack: false
[13:52:56.658] [INFO] [Packet] Pong 전송 - ClientId: 3
[13:52:56.659] [INFO] [Packet] Pong 전송 - ClientId: 4
[13:52:56.788] [INFO] 입력 패킷 수신 - 클라이언트 ID: 4, Forward: 0.000000, Right: 0.000000, Yaw: 153.125000, Jump: false, Attack: false
[13:52:56.828] [INFO] 서버 FPS: 32.977692, 평균 프레임 시간: 0.000000ms, 클라이언트 수: 2
[13:52:57.121] [INFO] 입력 패킷 수신 - 클라이언트 ID: 4, Forward: 0.000000, Right: 0.000000, Yaw: 154.175003, Jump: false, Attack: false
[13:52:57.428] [INFO] 입력 패킷 수신 - 클라이언트 ID: 3, Forward: 0.000000, Right: 0.000000, Yaw: 0.000000, Jump: false, Attack: true
[13:52:57.614] [INFO] 입력 패킷 수신 - 클라이언트 ID: 3, Forward: 0.000000, Right: 0.000000, Yaw: 359.825012, Jump: false, Attack: true
[13:52:57.680] [INFO] [Packet] Pong 전송 - ClientId: 3
[13:52:57.680] [INFO] 입력 패킷 수신 - 클라이언트 ID: 3, Forward: 0.000000, Right: 0.000000, Yaw: 359.649994, Jump: false, Attack: true
[13:52:57.681] [INFO] [Packet] Pong 전송 - ClientId: 4
[13:52:57.745] [INFO] 입력 패킷 수신 - 클라이언트 ID: 3, Forward: 0.000000, Right: 0.000000, Yaw: 357.200012, Jump: false, Attack: true
[13:52:57.809] [INFO] 입력 패킷 수신 - 클라이언트 ID: 3, Forward: 0.000000, Right: 0.000000, Yaw: 356.325012, Jump: false, Attack: true
[13:52:57.853] [INFO] 서버 FPS: 32.945736, 평균 프레임 시간: 0.000000ms, 클라이언트 수: 2
[13:52:57.944] [INFO] 입력 패킷 수신 - 클라이언트 ID: 3, Forward: 1.000000, Right: 0.000000, Yaw: 356.325012, Jump: false, Attack: true
[13:52:57.944] [INFO] 입력 패킷 수신 - 클라이언트 ID: 3, Forward: 1.000000, Right: 0.000000, Yaw: 354.750000, Jump: false, Attack: true
[13:52:58.010] [INFO] 입력 패킷 수신 - 클라이언트 ID: 3, Forward: 1.000000, Right: 0.000000, Yaw: 349.500000, Jump: false, Attack: true
[13:52:58.073] [INFO] 입력 패킷 수신 - 클라이언트 ID: 3, Forward: 1.000000, Right: 0.000000, Yaw: 342.850006, Jump: false, Attack: true
[13:52:58.140] [INFO] 입력 패킷 수신 - 클라이언트 ID: 3, Forward: 1.000000, Right: 0.000000, Yaw: 323.774994, Jump: false, Attack: true
[13:52:58.207] [INFO] 입력 패킷 수신 - 클라이언트 ID: 3, Forward: 1.000000, Right: 0.000000, Yaw: 287.725006, Jump: false, Attack: true
[13:52:58.275] [INFO] 입력 패킷 수신 - 클라이언트 ID: 3, Forward: 0.000000, Right: 1.000000, Yaw: 287.725006, Jump: false, Attack: true
[13:52:58.276] [INFO] 입력 패킷 수신 - 클라이언트 ID: 3, Forward: 0.000000, Right: 1.000000, Yaw: 248.524994, Jump: false, Attack: true
[13:52:58.344] [INFO] 입력 패킷 수신 - 클라이언트 ID: 3, Forward: 0.000000, Right: 1.000000, Yaw: 218.074997, Jump: false, Attack: true
[13:52:58.421] [INFO] 입력 패킷 수신 - 클라이언트 ID: 3, Forward: 0.000000, Right: 1.000000, Yaw: 183.425003, Jump: false, Attack: true
[13:52:58.527] [INFO] 입력 패킷 수신 - 클라이언트 ID: 3, Forward: -1.000000, Right: -0.000000, Yaw: 183.425003, Jump: false, Attack: false
[13:52:58.527] [INFO] 입력 패킷 수신 - 클라이언트 ID: 3, Forward: -1.000000, Right: -0.000000, Yaw: 154.375000, Jump: false, Attack: false
[13:52:58.632] [INFO] 입력 패킷 수신 - 클라이언트 ID: 3, Forward: -1.000000, Right: -1.000000, Yaw: 154.375000, Jump: false, Attack: false
[13:52:58.632] [INFO] 입력 패킷 수신 - 클라이언트 ID: 3, Forward: -1.000000, Right: -1.000000, Yaw: 151.399994, Jump: false, Attack: false
[13:52:58.715] [INFO] 입력 패킷 수신 - 클라이언트 ID: 3, Forward: -0.000000, Right: -1.000000, Yaw: 151.399994, Jump: false, Attack: false
[13:52:58.716] [INFO] [Packet] Pong 전송 - ClientId: 3
[13:52:58.717] [INFO] [Packet] Pong 전송 - ClientId: 4
[13:52:58.792] [INFO] 입력 패킷 수신 - 클라이언트 ID: 3, Forward: -0.000000, Right: -1.000000, Yaw: 150.350006, Jump: false, Attack: false
[13:52:58.856] [INFO] 입력 패킷 수신 - 클라이언트 ID: 3, Forward: -0.000000, Right: -1.000000, Yaw: 150.175003, Jump: false, Attack: false
[13:52:58.874] [INFO] 서버 FPS: 32.512314, 평균 프레임 시간: 0.000000ms, 클라이언트 수: 2
[13:52:58.917] [INFO] 입력 패킷 수신 - 클라이언트 ID: 3, Forward: 0.000000, Right: 0.000000, Yaw: 150.175003, Jump: false, Attack: false
[13:52:58.982] [INFO] 입력 패킷 수신 - 클라이언트 ID: 3, Forward: 0.000000, Right: 1.000000, Yaw: 150.175003, Jump: false, Attack: false
[13:52:59.105] [INFO] 입력 패킷 수신 - 클라이언트 ID: 3, Forward: 1.000000, Right: 1.000000, Yaw: 150.175003, Jump: false, Attack: false
[13:52:59.226] [INFO] 입력 패킷 수신 - 클라이언트 ID: 3, Forward: 1.000000, Right: 1.000000, Yaw: 150.350006, Jump: false, Attack: false
[13:52:59.285] [INFO] 입력 패킷 수신 - 클라이언트 ID: 3, Forward: 1.000000, Right: 1.000000, Yaw: 150.524994, Jump: false, Attack: false
[13:52:59.346] [INFO] 입력 패킷 수신 - 클라이언트 ID: 3, Forward: 1.000000, Right: 0.000000, Yaw: 150.524994, Jump: false, Attack: false
[13:52:59.346] [INFO] 입력 패킷 수신 - 클라이언트 ID: 3, Forward: 1.000000, Right: 0.000000, Yaw: 151.399994, Jump: false, Attack: false
[13:52:59.413] [INFO] 입력 패킷 수신 - 클라이언트 ID: 3, Forward: 1.000000, Right: 0.000000, Yaw: 155.774994, Jump: false, Attack: false
[13:52:59.485] [INFO] 입력 패킷 수신 - 클라이언트 ID: 3, Forward: 0.000000, Right: 0.000000, Yaw: 155.774994, Jump: false, Attack: false
[13:52:59.486] [INFO] 입력 패킷 수신 - 클라이언트 ID: 3, Forward: 0.000000, Right: 0.000000, Yaw: 159.449997, Jump: false, Attack: false
[13:52:59.547] [INFO] 입력 패킷 수신 - 클라이언트 ID: 3, Forward: 0.000000, Right: 0.000000, Yaw: 159.625000, Jump: false, Attack: false
[13:52:59.608] [INFO] 입력 패킷 수신 - 클라이언트 ID: 3, Forward: 0.000000, Right: 0.000000, Yaw: 159.800003, Jump: false, Attack: false
[13:52:59.669] [INFO] [Packet] Pong 전송 - ClientId: 3
[13:52:59.670] [INFO] [Packet] Pong 전송 - ClientId: 4
[13:52:59.864] [INFO] 클라이언트가 정상적으로 연결 종료함 - ID: 4
[13:52:59.865] [INFO] 클라이언트 연결 끊김 (ID: 4)
[13:52:59.865] [INFO] 클라이언트 연결 끊김 알림(ID: 4) - 수신자 수: 1
[13:52:59.875] [INFO] 클라이언트가 정상적으로 연결 종료함 - ID: 3
[13:52:59.875] [INFO] 클라이언트 연결 끊김 (ID: 3)
[13:52:59.875] [INFO] 클라이언트 연결 끊김 알림(ID: 3) - 수신자 수: 0
[13:52:59.880] [INFO] 서버 FPS: 32.480316, 평균 프레임 시간: 0.000000ms, 클라이언트 수: 0
[13:53:00.903] [INFO] 서버 FPS: 32.480316, 평균 프레임 시간: 0.000000ms, 클라이언트 수: 0
[13:53:01.931] [INFO] 서버 FPS: 32.007759, 평균 프레임 시간: 0.000000ms, 클라이언트 수: 0
[13:53:02.959] [INFO] 서버 FPS: 32.977692, 평균 프레임 시간: 0.000000ms, 클라이언트 수: 0
[13:53:03.973] [INFO] 서버 FPS: 32.480316, 평균 프레임 시간: 0.000000ms, 클라이언트 수: 0
[13:53:05.005] [INFO] 서버 FPS: 32.977692, 평균 프레임 시간: 0.000000ms, 클라이언트 수: 0
[13:53:06.032] [INFO] 서버 FPS: 32.480316, 평균 프레임 시간: 0.000000ms, 클라이언트 수: 0
[13:53:07.059] [INFO] 서버 FPS: 32.007759, 평균 프레임 시간: 0.000000ms, 클라이언트 수: 0
[13:53:08.069] [INFO] 서버 FPS: 32.512314, 평균 프레임 시간: 0.000000ms, 클라이언트 수: 0
[13:53:09.098] [INFO] 서버 FPS: 31.976744, 평균 프레임 시간: 0.000000ms, 클라이언트 수: 0
[13:53:10.126] [INFO] 서버 FPS: 32.007759, 평균 프레임 시간: 0.000000ms, 클라이언트 수: 0
[13:53:11.142] [INFO] 서버 FPS: 32.480316, 평균 프레임 시간: 0.000000ms, 클라이언트 수: 0
[13:53:12.172] [INFO] 서버 FPS: 32.512314, 평균 프레임 시간: 0.000000ms, 클라이언트 수: 0
[13:53:13.202] [INFO] 서버 FPS: 32.007759, 평균 프레임 시간: 0.000000ms, 클라이언트 수: 0
[13:53:14.232] [INFO] 서버 FPS: 31.976744, 평균 프레임 시간: 0.000000ms, 클라이언트 수: 0
[13:53:15.248] [INFO] 서버 FPS: 32.512314, 평균 프레임 시간: 0.000000ms, 클라이언트 수: 0
[13:53:16.260] [INFO] 서버 FPS: 32.480316, 평균 프레임 시간: 0.000000ms, 클라이언트 수: 0
[13:53:17.285] [INFO] 서버 FPS: 32.007759, 평균 프레임 시간: 0.000000ms, 클라이언트 수: 0
[13:53:18.314] [INFO] 서버 FPS: 32.007759, 평균 프레임 시간: 0.000000ms, 클라이언트 수: 0
[13:53:19.359] [INFO] 서버 FPS: 32.945736, 평균 프레임 시간: 0.000000ms, 클라이언트 수: 0
[13:53:20.372] [INFO] 서버 FPS: 32.512314, 평균 프레임 시간: 0.000000ms, 클라이언트 수: 0
