[15:09:31.090] [INFO] 로깅 시스템 초기화됨
[15:09:31.090] [INFO] 서버 인스턴스 생성됨
[15:09:31.090] [INFO] 서버 초기화 시작 (포트: 9000)
[15:09:31.091] [INFO] 윈속 초기화 성공
[15:09:31.092] [INFO] 리스닝 소켓 생성 성공
[15:09:31.092] [INFO] 소켓 바인딩 성공 (포트: 9000)
[15:09:31.092] [INFO] 리스닝 시작됨
[15:09:31.093] [INFO] IOCP 생성 성공
[15:09:31.093] [INFO] CPU 코어 수: 16, 생성할 작업자 스레드: 16
[15:09:31.093] [INFO] 작업자 스레드 #1 생성됨
[15:09:31.093] [INFO] 작업자 스레드 시작 (ThreadID: 5564)
[15:09:31.093] [INFO] 작업자 스레드 #2 생성됨
[15:09:31.094] [INFO] 작업자 스레드 시작 (ThreadID: 8232)
[15:09:31.101] [INFO] 작업자 스레드 #3 생성됨
[15:09:31.101] [INFO] 작업자 스레드 시작 (ThreadID: 4308)
[15:09:31.102] [INFO] 작업자 스레드 #4 생성됨
[15:09:31.102] [INFO] 작업자 스레드 시작 (ThreadID: 26092)
[15:09:31.102] [INFO] 작업자 스레드 #5 생성됨
[15:09:31.102] [INFO] 작업자 스레드 시작 (ThreadID: 20880)
[15:09:31.102] [INFO] 작업자 스레드 #6 생성됨
[15:09:31.102] [INFO] 작업자 스레드 시작 (ThreadID: 26392)
[15:09:31.103] [INFO] 작업자 스레드 #7 생성됨
[15:09:31.103] [INFO] 작업자 스레드 시작 (ThreadID: 28452)
[15:09:31.103] [INFO] 작업자 스레드 #8 생성됨
[15:09:31.103] [INFO] 작업자 스레드 시작 (ThreadID: 7480)
[15:09:31.103] [INFO] 작업자 스레드 #9 생성됨
[15:09:31.103] [INFO] 작업자 스레드 시작 (ThreadID: 25616)
[15:09:31.104] [INFO] 작업자 스레드 #10 생성됨
[15:09:31.104] [INFO] 작업자 스레드 시작 (ThreadID: 32572)
[15:09:31.104] [INFO] 작업자 스레드 #11 생성됨
[15:09:31.104] [INFO] 작업자 스레드 시작 (ThreadID: 24504)
[15:09:31.104] [INFO] 작업자 스레드 #12 생성됨
[15:09:31.105] [INFO] 작업자 스레드 시작 (ThreadID: 29380)
[15:09:31.105] [INFO] 작업자 스레드 #13 생성됨
[15:09:31.105] [INFO] 작업자 스레드 시작 (ThreadID: 8316)
[15:09:31.105] [INFO] 작업자 스레드 #14 생성됨
[15:09:31.105] [INFO] 작업자 스레드 시작 (ThreadID: 28420)
[15:09:31.106] [INFO] 작업자 스레드 #15 생성됨
[15:09:31.106] [INFO] 작업자 스레드 시작 (ThreadID: 28616)
[15:09:31.106] [INFO] 작업자 스레드 #16 생성됨
[15:09:31.106] [INFO] 작업자 스레드 시작 (ThreadID: 440)
[15:09:31.106] [INFO] 서버 초기화 완료
[15:09:31.106] [INFO] 서버 실행. 포트 번호: 9000
[15:09:31.107] [INFO] IOCP 멀티플레이어 서버 시작됨...
[15:09:31.107] [INFO] 서버 실행 시작
