[21:20:19.689] [INFO] 로깅 시스템 초기화됨
[21:20:19.689] [INFO] 서버 인스턴스 생성됨
[21:20:19.690] [INFO] 서버 초기화 시작 (포트: 9000)
[21:20:19.690] [INFO] 윈속 초기화 성공
[21:20:19.691] [INFO] 리스닝 소켓 생성 성공
[21:20:19.691] [INFO] 소켓 바인딩 성공 (포트: 9000)
[21:20:19.691] [INFO] 리스닝 시작됨
[21:20:19.692] [INFO] IOCP 생성 성공
[21:20:19.692] [INFO] CPU 코어 수: 16, 생성할 작업자 스레드: 32
[21:20:19.692] [INFO] 작업자 스레드 #1 생성됨
[21:20:19.692] [INFO] 작업자 스레드 시작 (ThreadID: 31184)
[21:20:19.692] [INFO] 작업자 스레드 #2 생성됨
[21:20:19.693] [INFO] 작업자 스레드 시작 (ThreadID: 32000)
[21:20:19.700] [INFO] 작업자 스레드 #3 생성됨
[21:20:19.701] [INFO] 작업자 스레드 시작 (ThreadID: 19108)
[21:20:19.701] [INFO] 작업자 스레드 #4 생성됨
[21:20:19.701] [INFO] 작업자 스레드 시작 (ThreadID: 35684)
[21:20:19.701] [INFO] 작업자 스레드 #5 생성됨
[21:20:19.701] [INFO] 작업자 스레드 시작 (ThreadID: 34136)
[21:20:19.702] [INFO] 작업자 스레드 #6 생성됨
[21:20:19.702] [INFO] 작업자 스레드 시작 (ThreadID: 34256)
[21:20:19.702] [INFO] 작업자 스레드 #7 생성됨
[21:20:19.702] [INFO] 작업자 스레드 시작 (ThreadID: 26864)
[21:20:19.702] [INFO] 작업자 스레드 #8 생성됨
[21:20:19.703] [INFO] 작업자 스레드 시작 (ThreadID: 22608)
[21:20:19.703] [INFO] 작업자 스레드 #9 생성됨
[21:20:19.703] [INFO] 작업자 스레드 시작 (ThreadID: 28520)
[21:20:19.703] [INFO] 작업자 스레드 #10 생성됨
[21:20:19.703] [INFO] 작업자 스레드 시작 (ThreadID: 23616)
[21:20:19.703] [INFO] 작업자 스레드 #11 생성됨
[21:20:19.704] [INFO] 작업자 스레드 시작 (ThreadID: 27976)
[21:20:19.704] [INFO] 작업자 스레드 #12 생성됨
[21:20:19.704] [INFO] 작업자 스레드 시작 (ThreadID: 29472)
[21:20:19.704] [INFO] 작업자 스레드 #13 생성됨
[21:20:19.704] [INFO] 작업자 스레드 시작 (ThreadID: 26092)
[21:20:19.704] [INFO] 작업자 스레드 #14 생성됨
[21:20:19.705] [INFO] 작업자 스레드 시작 (ThreadID: 8860)
[21:20:19.705] [INFO] 작업자 스레드 #15 생성됨
[21:20:19.705] [INFO] 작업자 스레드 시작 (ThreadID: 34940)
[21:20:19.705] [INFO] 작업자 스레드 #16 생성됨
[21:20:19.705] [INFO] 작업자 스레드 시작 (ThreadID: 30868)
[21:20:19.705] [INFO] 작업자 스레드 #17 생성됨
[21:20:19.706] [INFO] 작업자 스레드 시작 (ThreadID: 32188)
[21:20:19.706] [INFO] 작업자 스레드 #18 생성됨
[21:20:19.706] [INFO] 작업자 스레드 시작 (ThreadID: 31880)
[21:20:19.706] [INFO] 작업자 스레드 #19 생성됨
[21:20:19.706] [INFO] 작업자 스레드 시작 (ThreadID: 24652)
[21:20:19.706] [INFO] 작업자 스레드 #20 생성됨
[21:20:19.706] [INFO] 작업자 스레드 시작 (ThreadID: 7072)
[21:20:19.707] [INFO] 작업자 스레드 #21 생성됨
[21:20:19.707] [INFO] 작업자 스레드 시작 (ThreadID: 33476)
[21:20:19.707] [INFO] 작업자 스레드 #22 생성됨
[21:20:19.707] [INFO] 작업자 스레드 시작 (ThreadID: 10132)
[21:20:19.707] [INFO] 작업자 스레드 #23 생성됨
[21:20:19.707] [INFO] 작업자 스레드 시작 (ThreadID: 6304)
[21:20:19.708] [INFO] 작업자 스레드 #24 생성됨
[21:20:19.708] [INFO] 작업자 스레드 시작 (ThreadID: 35236)
[21:20:19.708] [INFO] 작업자 스레드 #25 생성됨
[21:20:19.708] [INFO] 작업자 스레드 시작 (ThreadID: 7812)
[21:20:19.708] [INFO] 작업자 스레드 #26 생성됨
[21:20:19.709] [INFO] 작업자 스레드 시작 (ThreadID: 28744)
[21:20:19.709] [INFO] 작업자 스레드 #27 생성됨
[21:20:19.709] [INFO] 작업자 스레드 시작 (ThreadID: 30320)
[21:20:19.709] [INFO] 작업자 스레드 #28 생성됨
[21:20:19.709] [INFO] 작업자 스레드 시작 (ThreadID: 26600)
[21:20:19.710] [INFO] 작업자 스레드 #29 생성됨
[21:20:19.710] [INFO] 작업자 스레드 시작 (ThreadID: 22680)
[21:20:19.710] [INFO] 작업자 스레드 #30 생성됨
[21:20:19.710] [INFO] 작업자 스레드 시작 (ThreadID: 2132)
[21:20:19.710] [INFO] 작업자 스레드 #31 생성됨
[21:20:19.710] [INFO] 작업자 스레드 시작 (ThreadID: 25776)
[21:20:19.711] [INFO] 작업자 스레드 #32 생성됨
[21:20:19.711] [INFO] 작업자 스레드 시작 (ThreadID: 33084)
[21:20:19.711] [INFO] 서버 초기화 완료
[21:20:19.711] [INFO] 서버 실행. 포트 번호: 9000
[21:20:19.711] [INFO] IOCP 멀티플레이어 서버 시작됨...
[21:20:19.711] [INFO] 서버 실행 시작
[21:20:32.438] [INFO] 클라이언트 연결됨: 127.0.0.1:8541 (ID: 1)
[21:20:32.439] [INFO] 새 클라이언트에게 ID 1 전송됨
[21:20:32.439] [INFO] 새 플레이어 정보(ID: 1) 브로드캐스트 - 수신자 수: 0
[21:20:32.439] [INFO] 기존 플레이어 정보 0개가 새 클라이언트(ID: 1)에게 전송됨
[21:20:32.439] [INFO] 서버 FPS: 0.157060, 평균 프레임 시간: 1273.400024ms, 클라이언트 수: 1
[21:20:32.441] [INFO] 클라이언트 연결됨: 127.0.0.1:8542 (ID: 2)
[21:20:32.441] [INFO] 새 클라이언트에게 ID 2 전송됨
[21:20:32.441] [INFO] 새 플레이어 정보(ID: 2) 브로드캐스트 - 수신자 수: 1
[21:20:32.441] [INFO] 기존 플레이어 정보 1개가 새 클라이언트(ID: 2)에게 전송됨
[21:20:32.442] [WARNING] 비정상적으로 긴 델타 타임: 12.734000초
[21:20:37.108] [INFO] 클라이언트가 정상적으로 연결 종료 - ID: 2
[21:20:37.108] [INFO] 클라이언트 연결 끊김 (ID: 2)
[21:20:37.109] [INFO] 클라이언트 연결 끊김 알림(ID: 2) - 수신자 수: 1
[21:20:37.125] [INFO] 클라이언트 연결 중단 - ID: 1, 오류: 알 수 없는 오류: 64
[21:20:37.125] [INFO] 클라이언트 연결 끊김 (ID: 1)
[21:20:37.125] [INFO] 클라이언트 연결 끊김 알림(ID: 1) - 수신자 수: 0
