[00:42:32.730] [INFO] 로깅 시스템 초기화됨
[00:42:32.731] [INFO] 서버 인스턴스 생성됨
[00:42:32.731] [INFO] 서버 초기화 시작 (포트: 9000)
[00:42:32.732] [INFO] 윈속 초기화 성공
[00:42:32.732] [INFO] 리스닝 소켓 생성 성공
[00:42:32.733] [INFO] 소켓 바인딩 성공 (포트: 9000)
[00:42:32.733] [INFO] 리스닝 시작됨
[00:42:32.733] [INFO] IOCP 생성 성공
[00:42:32.733] [INFO] CPU 코어 수: 16, 생성할 작업자 스레드: 16
[00:42:32.733] [INFO] 작업자 스레드 #1 생성됨
[00:42:32.733] [INFO] 작업자 스레드 시작 (ThreadID: 1732)
[00:42:32.734] [INFO] 작업자 스레드 #2 생성됨
[00:42:32.734] [INFO] 작업자 스레드 시작 (ThreadID: 32672)
[00:42:32.734] [INFO] 작업자 스레드 #3 생성됨
[00:42:32.734] [INFO] 작업자 스레드 시작 (ThreadID: 33516)
[00:42:32.734] [INFO] 작업자 스레드 #4 생성됨
[00:42:32.735] [INFO] 작업자 스레드 시작 (ThreadID: 3172)
[00:42:32.735] [INFO] 작업자 스레드 #5 생성됨
[00:42:32.735] [INFO] 작업자 스레드 시작 (ThreadID: 2852)
[00:42:32.735] [INFO] 작업자 스레드 #6 생성됨
[00:42:32.735] [INFO] 작업자 스레드 시작 (ThreadID: 6756)
[00:42:32.735] [INFO] 작업자 스레드 #7 생성됨
[00:42:32.736] [INFO] 작업자 스레드 시작 (ThreadID: 28192)
[00:42:32.736] [INFO] 작업자 스레드 #8 생성됨
[00:42:32.736] [INFO] 작업자 스레드 시작 (ThreadID: 15012)
[00:42:32.736] [INFO] 작업자 스레드 #9 생성됨
[00:42:32.736] [INFO] 작업자 스레드 시작 (ThreadID: 29744)
[00:42:32.737] [INFO] 작업자 스레드 #10 생성됨
[00:42:32.737] [INFO] 작업자 스레드 시작 (ThreadID: 27072)
[00:42:32.737] [INFO] 작업자 스레드 #11 생성됨
[00:42:32.737] [INFO] 작업자 스레드 시작 (ThreadID: 31796)
[00:42:32.737] [INFO] 작업자 스레드 #12 생성됨
[00:42:32.737] [INFO] 작업자 스레드 시작 (ThreadID: 30784)
[00:42:32.738] [INFO] 작업자 스레드 #13 생성됨
[00:42:32.738] [INFO] 작업자 스레드 시작 (ThreadID: 33288)
[00:42:32.738] [INFO] 작업자 스레드 #14 생성됨
[00:42:32.738] [INFO] 작업자 스레드 시작 (ThreadID: 18404)
[00:42:32.738] [INFO] 작업자 스레드 #15 생성됨
[00:42:32.739] [INFO] 작업자 스레드 시작 (ThreadID: 10632)
[00:42:32.739] [INFO] 작업자 스레드 #16 생성됨
[00:42:32.739] [INFO] 작업자 스레드 시작 (ThreadID: 27540)
[00:42:32.739] [INFO] 서버 초기화 완료
[00:42:32.739] [INFO] 서버 실행. 포트 번호: 9000
[00:42:32.739] [INFO] IOCP 멀티플레이어 서버 시작됨...
[00:42:32.739] [INFO] 서버 실행 시작
[00:42:35.703] [INFO] [SendPacket] WSASend 요청 성공 - 컨텍스트: SendClientId, 보낸 크기: 7, 클라이언트 ID: 1
[00:42:35.703] [INFO] 새 클라이언트에게 ID 1 전송됨
[00:42:35.703] [INFO] [SendPacket] WSASend 요청 성공 - 컨텍스트: SendInitialPosition, 보낸 크기: 32, 클라이언트 ID: 1
[00:42:35.703] [INFO] 초기 위치 정보 전송됨 - 클라이언트 ID: 1, 위치: X=0.000000, Y=0.000000, Z=90.000000
[00:42:35.704] [INFO] 새 플레이어 정보(ID: 1) 브로드캐스트 - 수신자 수: 0
[00:42:35.704] [INFO] 기존 플레이어 정보 0개가 새 클라이언트(ID: 1)에게 전송됨
[00:42:35.704] [INFO] 위치 업데이트 - 클라이언트 ID: 1, 위치: X=0.000000, Y=0.000000, Z=90.000000, 속도: X=0.000000, Y=0.000000, Z=0.000000
[00:42:35.704] [INFO] 서버 FPS: 0.673627, 평균 프레임 시간: 296.899994ms, 클라이언트 수: 1
[00:42:36.704] [INFO] [SendPacket] WSASend 요청 성공 - 컨텍스트: SendPong, 보낸 크기: 11, 클라이언트 ID: 1
[00:42:37.704] [INFO] [SendPacket] WSASend 요청 성공 - 컨텍스트: SendPong, 보낸 크기: 11, 클라이언트 ID: 1
[00:42:38.706] [INFO] [SendPacket] WSASend 요청 성공 - 컨텍스트: SendPong, 보낸 크기: 11, 클라이언트 ID: 1
[00:42:39.708] [INFO] [SendPacket] WSASend 요청 성공 - 컨텍스트: SendPong, 보낸 크기: 11, 클라이언트 ID: 1
[00:42:40.708] [INFO] [SendPacket] WSASend 요청 성공 - 컨텍스트: SendPong, 보낸 크기: 11, 클라이언트 ID: 1
[00:42:41.710] [INFO] [SendPacket] WSASend 요청 성공 - 컨텍스트: SendPong, 보낸 크기: 11, 클라이언트 ID: 1
[00:42:42.710] [INFO] [SendPacket] WSASend 요청 성공 - 컨텍스트: SendPong, 보낸 크기: 11, 클라이언트 ID: 1
