[17:48:01.124] [INFO] 로깅 시스템 초기화됨
[17:48:01.124] [INFO] 서버 인스턴스 생성됨
[17:48:01.125] [INFO] 서버 초기화 시작 (포트: 9000)
[17:48:01.125] [INFO] 윈속 초기화 성공
[17:48:01.126] [INFO] 리스닝 소켓 생성 성공
[17:48:01.127] [INFO] 소켓 바인딩 성공 (포트: 9000)
[17:48:01.127] [INFO] 리스닝 시작됨
[17:48:01.127] [INFO] IOCP 생성 성공
[17:48:01.127] [INFO] CPU 코어 수: 16, 생성할 작업자 스레드: 16
[17:48:01.127] [INFO] 작업자 스레드 #1 생성됨
[17:48:01.128] [INFO] 작업자 스레드 시작 (ThreadID: 21816)
[17:48:01.128] [INFO] 작업자 스레드 #2 생성됨
[17:48:01.128] [INFO] 작업자 스레드 시작 (ThreadID: 32340)
[17:48:01.129] [INFO] 작업자 스레드 #3 생성됨
[17:48:01.129] [INFO] 작업자 스레드 시작 (ThreadID: 27960)
[17:48:01.129] [INFO] 작업자 스레드 #4 생성됨
[17:48:01.129] [INFO] 작업자 스레드 시작 (ThreadID: 33680)
[17:48:01.130] [INFO] 작업자 스레드 #5 생성됨
[17:48:01.130] [INFO] 작업자 스레드 시작 (ThreadID: 21212)
[17:48:01.130] [INFO] 작업자 스레드 #6 생성됨
[17:48:01.130] [INFO] 작업자 스레드 시작 (ThreadID: 34572)
[17:48:01.131] [INFO] 작업자 스레드 #7 생성됨
[17:48:01.131] [INFO] 작업자 스레드 시작 (ThreadID: 31832)
[17:48:01.131] [INFO] 작업자 스레드 #8 생성됨
[17:48:01.131] [INFO] 작업자 스레드 시작 (ThreadID: 33520)
[17:48:01.132] [INFO] 작업자 스레드 #9 생성됨
[17:48:01.132] [INFO] 작업자 스레드 시작 (ThreadID: 25480)
[17:48:01.132] [INFO] 작업자 스레드 #10 생성됨
[17:48:01.132] [INFO] 작업자 스레드 시작 (ThreadID: 29304)
[17:48:01.132] [INFO] 작업자 스레드 #11 생성됨
[17:48:01.133] [INFO] 작업자 스레드 시작 (ThreadID: 17296)
[17:48:01.133] [INFO] 작업자 스레드 #12 생성됨
[17:48:01.133] [INFO] 작업자 스레드 시작 (ThreadID: 13764)
[17:48:01.133] [INFO] 작업자 스레드 #13 생성됨
[17:48:01.134] [INFO] 작업자 스레드 시작 (ThreadID: 26380)
[17:48:01.134] [INFO] 작업자 스레드 #14 생성됨
[17:48:01.134] [INFO] 작업자 스레드 시작 (ThreadID: 14976)
[17:48:01.134] [INFO] 작업자 스레드 #15 생성됨
[17:48:01.134] [INFO] 작업자 스레드 시작 (ThreadID: 4640)
[17:48:01.135] [INFO] 작업자 스레드 #16 생성됨
[17:48:01.135] [INFO] 작업자 스레드 시작 (ThreadID: 7092)
[17:48:01.135] [INFO] 서버 초기화 완료
[17:48:01.135] [INFO] 서버 실행. 포트 번호: 9000
[17:48:01.135] [INFO] IOCP 멀티플레이어 서버 시작됨...
[17:48:01.136] [INFO] 서버 실행 시작
[17:48:04.945] [INFO] 클라이언트 연결됨: 127.0.0.1:9858 (ID: 1)
[17:48:04.946] [INFO] 새 클라이언트에게 ID 1 전송됨
[17:48:04.946] [INFO] 새 플레이어 정보(ID: 1) 브로드캐스트 - 수신자 수: 0
[17:48:04.946] [INFO] 새 클라이언트에게 ID 1 전송됨, 초기 위치: X=0.000000, Y=0.000000, Z=90.000000
[17:48:04.946] [INFO] 기존 플레이어 정보 0개가 새 클라이언트(ID: 1)에게 전송됨
[17:48:04.968] [INFO] 서버 FPS: 0.520291, 평균 프레임 시간: 384.399994ms, 클라이언트 수: 1
[17:48:04.968] [INFO] 클라이언트 연결됨: 127.0.0.1:9859 (ID: 2)
[17:48:04.968] [INFO] 새 클라이언트에게 ID 2 전송됨
[17:48:04.968] [INFO] 새 플레이어 정보(ID: 2) 브로드캐스트 - 수신자 수: 1
[17:48:04.969] [INFO] 새 클라이언트에게 ID 2 전송됨, 초기 위치: X=300.000000, Y=0.000000, Z=90.000000
[17:48:04.969] [INFO] 기존 플레이어 정보 1개가 새 클라이언트(ID: 2)에게 전송됨
[17:48:04.969] [WARNING] 비정상적으로 긴 델타 타임: 3.844000초
[17:48:06.228] [INFO] [서버] PingPacket 수신 - ClientId: 1
[17:48:06.229] [INFO] [서버] PingPacket 수신 - ClientId: 2
[17:48:07.228] [INFO] [서버] PingPacket 수신 - ClientId: 1
[17:48:07.229] [INFO] [서버] PingPacket 수신 - ClientId: 2
[17:48:08.228] [INFO] [서버] PingPacket 수신 - ClientId: 1
[17:48:08.229] [INFO] [서버] PingPacket 수신 - ClientId: 2
[17:48:09.239] [INFO] [서버] PingPacket 수신 - ClientId: 1
[17:48:09.240] [INFO] [서버] PingPacket 수신 - ClientId: 2
[17:48:10.425] [INFO] [서버] PingPacket 수신 - ClientId: 1
[17:48:10.426] [INFO] [서버] PingPacket 수신 - ClientId: 2
[17:48:11.433] [INFO] [서버] PingPacket 수신 - ClientId: 1
[17:48:11.434] [INFO] [서버] PingPacket 수신 - ClientId: 2
