[20:39:23.856] [INFO] 로깅 시스템 초기화됨
[20:39:23.857] [INFO] 서버 인스턴스 생성됨
[20:39:23.857] [INFO] 서버 초기화 시작 (포트: 9000)
[20:39:23.858] [INFO] 윈속 초기화 성공
[20:39:23.859] [INFO] 리스닝 소켓 생성 성공
[20:39:23.859] [INFO] 소켓 바인딩 성공 (포트: 9000)
[20:39:23.859] [INFO] 리스닝 시작됨
[20:39:23.860] [INFO] IOCP 생성 성공
[20:39:23.860] [INFO] CPU 코어 수: 16, 생성할 작업자 스레드: 16
[20:39:23.860] [INFO] 작업자 스레드 #1 생성됨
[20:39:23.860] [INFO] 작업자 스레드 시작 (ThreadID: 7340)
[20:39:23.861] [INFO] 작업자 스레드 #2 생성됨
[20:39:23.861] [INFO] 작업자 스레드 시작 (ThreadID: 34504)
[20:39:23.861] [INFO] 작업자 스레드 #3 생성됨
[20:39:23.861] [INFO] 작업자 스레드 시작 (ThreadID: 33780)
[20:39:23.861] [INFO] 작업자 스레드 #4 생성됨
[20:39:23.862] [INFO] 작업자 스레드 시작 (ThreadID: 26616)
[20:39:23.862] [INFO] 작업자 스레드 #5 생성됨
[20:39:23.862] [INFO] 작업자 스레드 시작 (ThreadID: 34640)
[20:39:23.862] [INFO] 작업자 스레드 #6 생성됨
[20:39:23.862] [INFO] 작업자 스레드 시작 (ThreadID: 13604)
[20:39:23.863] [INFO] 작업자 스레드 #7 생성됨
[20:39:23.863] [INFO] 작업자 스레드 시작 (ThreadID: 34672)
[20:39:23.863] [INFO] 작업자 스레드 #8 생성됨
[20:39:23.863] [INFO] 작업자 스레드 시작 (ThreadID: 15944)
[20:39:23.863] [INFO] 작업자 스레드 #9 생성됨
[20:39:23.863] [INFO] 작업자 스레드 시작 (ThreadID: 5628)
[20:39:23.864] [INFO] 작업자 스레드 #10 생성됨
[20:39:23.864] [INFO] 작업자 스레드 시작 (ThreadID: 33936)
[20:39:23.864] [INFO] 작업자 스레드 #11 생성됨
[20:39:23.864] [INFO] 작업자 스레드 시작 (ThreadID: 30960)
[20:39:23.864] [INFO] 작업자 스레드 #12 생성됨
[20:39:23.865] [INFO] 작업자 스레드 시작 (ThreadID: 21996)
[20:39:23.865] [INFO] 작업자 스레드 #13 생성됨
[20:39:23.865] [INFO] 작업자 스레드 시작 (ThreadID: 736)
[20:39:23.865] [INFO] 작업자 스레드 #14 생성됨
[20:39:23.865] [INFO] 작업자 스레드 시작 (ThreadID: 24000)
[20:39:23.865] [INFO] 작업자 스레드 #15 생성됨
[20:39:23.866] [INFO] 작업자 스레드 시작 (ThreadID: 13780)
[20:39:23.866] [INFO] 작업자 스레드 #16 생성됨
[20:39:23.866] [INFO] 작업자 스레드 시작 (ThreadID: 12652)
[20:39:23.866] [INFO] 서버 초기화 완료
[20:39:23.866] [INFO] 서버 실행. 포트 번호: 9000
[20:39:23.866] [INFO] IOCP 멀티플레이어 서버 시작됨...
[20:39:23.867] [INFO] 서버 실행 시작
[20:39:27.586] [INFO] 클라이언트 연결됨: 127.0.0.1:11313 (ID: 1)
[20:39:27.587] [INFO] 새 클라이언트에게 ID 1 전송됨
[20:39:27.587] [INFO] 초기 위치 정보 전송됨 - 클라이언트 ID: 1, 위치: X=0.000000, Y=0.000000, Z=90.000000
[20:39:27.587] [INFO] 새 플레이어 정보(ID: 1) 브로드캐스트 - 수신자 수: 0
[20:39:27.587] [INFO] 기존 플레이어 정보 0개가 새 클라이언트(ID: 1)에게 전송됨
[20:39:27.588] [INFO] 위치 업데이트 - 클라이언트 ID: 1, 위치: X=0.000000, Y=0.000000, Z=90.000000, 속도: X=0.000000, Y=0.000000, Z=0.000000
[20:39:27.588] [INFO] 서버 FPS: 0.537779, 평균 프레임 시간: 371.899994ms, 클라이언트 수: 1
