[10:47:46.992] [INFO] 로깅 시스템 초기화됨
[10:47:46.993] [INFO] 서버 인스턴스 생성됨
[10:47:46.993] [INFO] 서버 초기화 시작 (포트: 9000)
[10:47:46.995] [INFO] 윈속 초기화 성공
[10:47:46.996] [INFO] 리스닝 소켓 생성 성공
[10:47:46.997] [INFO] 소켓 바인딩 성공 (포트: 9000)
[10:47:46.997] [INFO] 리스닝 시작됨
[10:47:46.997] [INFO] IOCP 생성 성공
[10:47:46.997] [INFO] CPU 코어 수: 16, 생성할 작업자 스레드: 16
[10:47:46.998] [INFO] 작업자 스레드 #1 생성됨
[10:47:46.998] [INFO] 작업자 스레드 시작 (ThreadID: 29928)
[10:47:46.998] [INFO] 작업자 스레드 #2 생성됨
[10:47:46.999] [INFO] 작업자 스레드 시작 (ThreadID: 4444)
[10:47:46.999] [INFO] 작업자 스레드 #3 생성됨
[10:47:46.999] [INFO] 작업자 스레드 시작 (ThreadID: 3912)
[10:47:46.999] [INFO] 작업자 스레드 #4 생성됨
[10:47:47.000] [INFO] 작업자 스레드 시작 (ThreadID: 5860)
[10:47:47.000] [INFO] 작업자 스레드 #5 생성됨
[10:47:47.001] [INFO] 작업자 스레드 시작 (ThreadID: 12660)
[10:47:47.001] [INFO] 작업자 스레드 #6 생성됨
[10:47:47.001] [INFO] 작업자 스레드 시작 (ThreadID: 7972)
[10:47:47.002] [INFO] 작업자 스레드 #7 생성됨
[10:47:47.002] [INFO] 작업자 스레드 시작 (ThreadID: 5140)
[10:47:47.002] [INFO] 작업자 스레드 #8 생성됨
[10:47:47.003] [INFO] 작업자 스레드 시작 (ThreadID: 18916)
[10:47:47.003] [INFO] 작업자 스레드 #9 생성됨
[10:47:47.003] [INFO] 작업자 스레드 시작 (ThreadID: 10900)
[10:47:47.004] [INFO] 작업자 스레드 #10 생성됨
[10:47:47.004] [INFO] 작업자 스레드 시작 (ThreadID: 30704)
[10:47:47.004] [INFO] 작업자 스레드 #11 생성됨
[10:47:47.005] [INFO] 작업자 스레드 시작 (ThreadID: 18208)
[10:47:47.005] [INFO] 작업자 스레드 #12 생성됨
[10:47:47.005] [INFO] 작업자 스레드 시작 (ThreadID: 12552)
[10:47:47.006] [INFO] 작업자 스레드 #13 생성됨
[10:47:47.006] [INFO] 작업자 스레드 시작 (ThreadID: 19884)
[10:47:47.006] [INFO] 작업자 스레드 #14 생성됨
[10:47:47.007] [INFO] 작업자 스레드 시작 (ThreadID: 30680)
[10:47:47.007] [INFO] 작업자 스레드 #15 생성됨
[10:47:47.007] [INFO] 작업자 스레드 시작 (ThreadID: 29644)
[10:47:47.008] [INFO] 작업자 스레드 #16 생성됨
[10:47:47.008] [INFO] 서버 초기화 완료
[10:47:47.008] [INFO] 서버 실행. 포트 번호: 9000
[10:47:47.008] [INFO] IOCP 멀티플레이어 서버 시작됨...
[10:47:47.008] [INFO] 서버 실행 시작
[10:47:47.009] [INFO] 작업자 스레드 시작 (ThreadID: 29556)
[10:52:39.655] [INFO] [SendPacket] WSASend 요청 성공 - 컨텍스트: SendClientId, 보낸 크기: 7, 클라이언트 ID: 1
[10:52:39.656] [INFO] 새 클라이언트에게 ID 1 전송됨
[10:52:39.656] [INFO] [SendPacket] WSASend 요청 성공 - 컨텍스트: SendInitialPosition, 보낸 크기: 32, 클라이언트 ID: 1
[10:52:39.656] [INFO] 초기 위치 정보 전송됨 - 클라이언트 ID: 1, 위치: X=0.000000, Y=0.000000, Z=90.000000
[10:52:39.657] [INFO] 새 플레이어 정보(ID: 1) 브로드캐스트 - 수신자 수: 0
[10:52:39.657] [INFO] 기존 플레이어 정보 0개가 새 클라이언트(ID: 1)에게 전송됨
[10:52:39.657] [INFO] 위치 업데이트 - 클라이언트 ID: 1, 위치: X=0.000000, Y=0.000000, Z=90.000000, 속도: X=0.000000, Y=0.000000, Z=0.000000
[10:52:39.657] [INFO] 서버 FPS: 0.006834, 평균 프레임 시간: 29265.599609ms, 클라이언트 수: 1
[10:52:40.648] [INFO] [SendPacket] WSASend 요청 성공 - 컨텍스트: SendPong, 보낸 크기: 11, 클라이언트 ID: 1
[10:52:41.649] [INFO] [SendPacket] WSASend 요청 성공 - 컨텍스트: SendPong, 보낸 크기: 11, 클라이언트 ID: 1
[10:52:42.648] [INFO] [SendPacket] WSASend 요청 성공 - 컨텍스트: SendPong, 보낸 크기: 11, 클라이언트 ID: 1
[10:52:43.648] [INFO] [SendPacket] WSASend 요청 성공 - 컨텍스트: SendPong, 보낸 크기: 11, 클라이언트 ID: 1
[10:52:44.649] [INFO] [SendPacket] WSASend 요청 성공 - 컨텍스트: SendPong, 보낸 크기: 11, 클라이언트 ID: 1
[10:52:45.649] [INFO] [SendPacket] WSASend 요청 성공 - 컨텍스트: SendPong, 보낸 크기: 11, 클라이언트 ID: 1
[10:52:46.648] [INFO] [SendPacket] WSASend 요청 성공 - 컨텍스트: SendPong, 보낸 크기: 11, 클라이언트 ID: 1
[10:52:47.649] [INFO] [SendPacket] WSASend 요청 성공 - 컨텍스트: SendPong, 보낸 크기: 11, 클라이언트 ID: 1
[10:52:48.662] [INFO] [SendPacket] WSASend 요청 성공 - 컨텍스트: SendPong, 보낸 크기: 11, 클라이언트 ID: 1
[10:52:49.751] [INFO] [SendPacket] WSASend 요청 성공 - 컨텍스트: SendPong, 보낸 크기: 11, 클라이언트 ID: 1
[10:52:50.751] [INFO] [SendPacket] WSASend 요청 성공 - 컨텍스트: SendPong, 보낸 크기: 11, 클라이언트 ID: 1
[10:52:51.751] [INFO] [SendPacket] WSASend 요청 성공 - 컨텍스트: SendPong, 보낸 크기: 11, 클라이언트 ID: 1
[10:52:52.751] [INFO] [SendPacket] WSASend 요청 성공 - 컨텍스트: SendPong, 보낸 크기: 11, 클라이언트 ID: 1
[10:52:53.751] [INFO] [SendPacket] WSASend 요청 성공 - 컨텍스트: SendPong, 보낸 크기: 11, 클라이언트 ID: 1
[10:52:54.751] [INFO] [SendPacket] WSASend 요청 성공 - 컨텍스트: SendPong, 보낸 크기: 11, 클라이언트 ID: 1
[10:52:55.751] [INFO] [SendPacket] WSASend 요청 성공 - 컨텍스트: SendPong, 보낸 크기: 11, 클라이언트 ID: 1
[10:52:56.751] [INFO] [SendPacket] WSASend 요청 성공 - 컨텍스트: SendPong, 보낸 크기: 11, 클라이언트 ID: 1
[10:52:57.751] [INFO] [SendPacket] WSASend 요청 성공 - 컨텍스트: SendPong, 보낸 크기: 11, 클라이언트 ID: 1
[10:52:58.751] [INFO] [SendPacket] WSASend 요청 성공 - 컨텍스트: SendPong, 보낸 크기: 11, 클라이언트 ID: 1
[10:52:59.751] [INFO] [SendPacket] WSASend 요청 성공 - 컨텍스트: SendPong, 보낸 크기: 11, 클라이언트 ID: 1
[10:53:00.751] [INFO] [SendPacket] WSASend 요청 성공 - 컨텍스트: SendPong, 보낸 크기: 11, 클라이언트 ID: 1
[10:53:01.751] [INFO] [SendPacket] WSASend 요청 성공 - 컨텍스트: SendPong, 보낸 크기: 11, 클라이언트 ID: 1
[10:53:02.751] [INFO] [SendPacket] WSASend 요청 성공 - 컨텍스트: SendPong, 보낸 크기: 11, 클라이언트 ID: 1
[10:53:03.751] [INFO] [SendPacket] WSASend 요청 성공 - 컨텍스트: SendPong, 보낸 크기: 11, 클라이언트 ID: 1
[10:53:04.751] [INFO] [SendPacket] WSASend 요청 성공 - 컨텍스트: SendPong, 보낸 크기: 11, 클라이언트 ID: 1
[10:53:05.751] [INFO] [SendPacket] WSASend 요청 성공 - 컨텍스트: SendPong, 보낸 크기: 11, 클라이언트 ID: 1
[10:53:06.751] [INFO] [SendPacket] WSASend 요청 성공 - 컨텍스트: SendPong, 보낸 크기: 11, 클라이언트 ID: 1
[10:53:07.751] [INFO] [SendPacket] WSASend 요청 성공 - 컨텍스트: SendPong, 보낸 크기: 11, 클라이언트 ID: 1
[10:53:08.751] [INFO] [SendPacket] WSASend 요청 성공 - 컨텍스트: SendPong, 보낸 크기: 11, 클라이언트 ID: 1
[10:53:09.751] [INFO] [SendPacket] WSASend 요청 성공 - 컨텍스트: SendPong, 보낸 크기: 11, 클라이언트 ID: 1
[10:53:10.751] [INFO] [SendPacket] WSASend 요청 성공 - 컨텍스트: SendPong, 보낸 크기: 11, 클라이언트 ID: 1
[10:53:11.751] [INFO] [SendPacket] WSASend 요청 성공 - 컨텍스트: SendPong, 보낸 크기: 11, 클라이언트 ID: 1
[10:53:12.751] [INFO] [SendPacket] WSASend 요청 성공 - 컨텍스트: SendPong, 보낸 크기: 11, 클라이언트 ID: 1
[10:53:25.912] [INFO] [SendPacket] WSASend 요청 성공 - 컨텍스트: SendClientId, 보낸 크기: 7, 클라이언트 ID: 2
[10:53:25.912] [INFO] 새 클라이언트에게 ID 2 전송됨
[10:53:25.913] [INFO] [SendPacket] WSASend 요청 성공 - 컨텍스트: SendInitialPosition, 보낸 크기: 32, 클라이언트 ID: 2
[10:53:25.913] [INFO] 초기 위치 정보 전송됨 - 클라이언트 ID: 2, 위치: X=300.000000, Y=0.000000, Z=90.000000
[10:53:25.913] [INFO] [SendPacket] WSASend 요청 성공 - 컨텍스트: BroadcastNewPlayer, 보낸 크기: 32, 클라이언트 ID: 1
[10:53:25.913] [INFO] 새 플레이어 정보(ID: 2) 브로드캐스트 - 수신자 수: 1
[10:53:25.914] [INFO] [SendPacket] WSASend 요청 성공 - 컨텍스트: SendExistingPlayers, 보낸 크기: 32, 클라이언트 ID: 2
[10:53:25.914] [INFO] 기존 플레이어 정보 1개가 새 클라이언트(ID: 2)에게 전송됨
[10:53:25.914] [WARNING] 비정상적으로 긴 델타 타임: 292.656006초
[10:53:25.914] [WARNING] 클라이언트 Ping 타임아웃 발생 - ID: 1
[10:53:25.915] [INFO] 위치 업데이트 - 클라이언트 ID: 2, 위치: X=300.000000, Y=0.000000, Z=90.000000, 속도: X=0.000000, Y=0.000000, Z=0.000000
[10:53:25.915] [INFO] 클라이언트 연결 끊김 (ID: 1)
[10:53:25.915] [INFO] 클라이언트가 정상적으로 연결 종료함 - ID: 1
[10:53:25.915] [INFO] [SendPacket] WSASend 요청 성공 - 컨텍스트: NotifyClientDisconnect, 보낸 크기: 32, 클라이언트 ID: 2
[10:53:25.915] [INFO] 클라이언트 연결 끊김 알림(ID: 1) - 수신자 수: 1
[10:53:25.915] [WARNING] 존재하지 않는 클라이언트 ID를 제거하려고 시도: 1
[10:53:25.915] [INFO] 서버 FPS: 0.021622, 평균 프레임 시간: 30964.039062ms, 클라이언트 수: 1
[10:53:26.909] [INFO] [SendPacket] WSASend 요청 성공 - 컨텍스트: SendPong, 보낸 크기: 11, 클라이언트 ID: 2
[10:53:27.910] [INFO] [SendPacket] WSASend 요청 성공 - 컨텍스트: SendPong, 보낸 크기: 11, 클라이언트 ID: 2
[10:53:28.909] [INFO] [SendPacket] WSASend 요청 성공 - 컨텍스트: SendPong, 보낸 크기: 11, 클라이언트 ID: 2
[10:53:29.910] [INFO] [SendPacket] WSASend 요청 성공 - 컨텍스트: SendPong, 보낸 크기: 11, 클라이언트 ID: 2
[10:53:30.912] [INFO] [SendPacket] WSASend 요청 성공 - 컨텍스트: SendPong, 보낸 크기: 11, 클라이언트 ID: 2
[10:53:31.910] [INFO] [SendPacket] WSASend 요청 성공 - 컨텍스트: SendPong, 보낸 크기: 11, 클라이언트 ID: 2
[10:53:32.914] [INFO] [SendPacket] WSASend 요청 성공 - 컨텍스트: SendPong, 보낸 크기: 11, 클라이언트 ID: 2
[10:53:33.914] [INFO] [SendPacket] WSASend 요청 성공 - 컨텍스트: SendPong, 보낸 크기: 11, 클라이언트 ID: 2
[10:53:34.914] [INFO] [SendPacket] WSASend 요청 성공 - 컨텍스트: SendPong, 보낸 크기: 11, 클라이언트 ID: 2
[10:53:35.914] [INFO] [SendPacket] WSASend 요청 성공 - 컨텍스트: SendPong, 보낸 크기: 11, 클라이언트 ID: 2
[10:53:36.913] [INFO] [SendPacket] WSASend 요청 성공 - 컨텍스트: SendPong, 보낸 크기: 11, 클라이언트 ID: 2
[10:53:37.913] [INFO] [SendPacket] WSASend 요청 성공 - 컨텍스트: SendPong, 보낸 크기: 11, 클라이언트 ID: 2
[10:53:38.914] [INFO] [SendPacket] WSASend 요청 성공 - 컨텍스트: SendPong, 보낸 크기: 11, 클라이언트 ID: 2
[10:53:39.913] [INFO] [SendPacket] WSASend 요청 성공 - 컨텍스트: SendPong, 보낸 크기: 11, 클라이언트 ID: 2
[10:53:40.914] [INFO] [SendPacket] WSASend 요청 성공 - 컨텍스트: SendPong, 보낸 크기: 11, 클라이언트 ID: 2
[10:53:41.913] [INFO] [SendPacket] WSASend 요청 성공 - 컨텍스트: SendPong, 보낸 크기: 11, 클라이언트 ID: 2
[10:53:42.913] [INFO] [SendPacket] WSASend 요청 성공 - 컨텍스트: SendPong, 보낸 크기: 11, 클라이언트 ID: 2
[10:53:43.914] [INFO] [SendPacket] WSASend 요청 성공 - 컨텍스트: SendPong, 보낸 크기: 11, 클라이언트 ID: 2
[10:53:44.913] [INFO] [SendPacket] WSASend 요청 성공 - 컨텍스트: SendPong, 보낸 크기: 11, 클라이언트 ID: 2
[10:53:45.913] [INFO] [SendPacket] WSASend 요청 성공 - 컨텍스트: SendPong, 보낸 크기: 11, 클라이언트 ID: 2
[10:53:46.914] [INFO] [SendPacket] WSASend 요청 성공 - 컨텍스트: SendPong, 보낸 크기: 11, 클라이언트 ID: 2
[10:53:47.914] [INFO] [SendPacket] WSASend 요청 성공 - 컨텍스트: SendPong, 보낸 크기: 11, 클라이언트 ID: 2
[10:53:48.914] [INFO] [SendPacket] WSASend 요청 성공 - 컨텍스트: SendPong, 보낸 크기: 11, 클라이언트 ID: 2
[10:53:49.914] [INFO] [SendPacket] WSASend 요청 성공 - 컨텍스트: SendPong, 보낸 크기: 11, 클라이언트 ID: 2
[10:53:50.914] [INFO] [SendPacket] WSASend 요청 성공 - 컨텍스트: SendPong, 보낸 크기: 11, 클라이언트 ID: 2
[10:53:51.913] [INFO] [SendPacket] WSASend 요청 성공 - 컨텍스트: SendPong, 보낸 크기: 11, 클라이언트 ID: 2
[10:53:52.913] [INFO] [SendPacket] WSASend 요청 성공 - 컨텍스트: SendPong, 보낸 크기: 11, 클라이언트 ID: 2
[10:53:53.914] [INFO] [SendPacket] WSASend 요청 성공 - 컨텍스트: SendPong, 보낸 크기: 11, 클라이언트 ID: 2
[10:53:54.914] [INFO] [SendPacket] WSASend 요청 성공 - 컨텍스트: SendPong, 보낸 크기: 11, 클라이언트 ID: 2
[10:53:55.914] [INFO] [SendPacket] WSASend 요청 성공 - 컨텍스트: SendPong, 보낸 크기: 11, 클라이언트 ID: 2
[10:53:56.914] [INFO] [SendPacket] WSASend 요청 성공 - 컨텍스트: SendPong, 보낸 크기: 11, 클라이언트 ID: 2
[10:53:57.914] [INFO] [SendPacket] WSASend 요청 성공 - 컨텍스트: SendPong, 보낸 크기: 11, 클라이언트 ID: 2
[10:53:58.914] [INFO] [SendPacket] WSASend 요청 성공 - 컨텍스트: SendPong, 보낸 크기: 11, 클라이언트 ID: 2
[10:53:59.915] [INFO] [SendPacket] WSASend 요청 성공 - 컨텍스트: SendPong, 보낸 크기: 11, 클라이언트 ID: 2
[10:54:00.914] [INFO] [SendPacket] WSASend 요청 성공 - 컨텍스트: SendPong, 보낸 크기: 11, 클라이언트 ID: 2
[10:54:01.914] [INFO] [SendPacket] WSASend 요청 성공 - 컨텍스트: SendPong, 보낸 크기: 11, 클라이언트 ID: 2
[10:54:02.914] [INFO] [SendPacket] WSASend 요청 성공 - 컨텍스트: SendPong, 보낸 크기: 11, 클라이언트 ID: 2
[10:54:03.915] [INFO] [SendPacket] WSASend 요청 성공 - 컨텍스트: SendPong, 보낸 크기: 11, 클라이언트 ID: 2
[10:54:04.914] [INFO] [SendPacket] WSASend 요청 성공 - 컨텍스트: SendPong, 보낸 크기: 11, 클라이언트 ID: 2
[10:54:05.914] [INFO] [SendPacket] WSASend 요청 성공 - 컨텍스트: SendPong, 보낸 크기: 11, 클라이언트 ID: 2
[10:54:06.916] [INFO] [SendPacket] WSASend 요청 성공 - 컨텍스트: SendPong, 보낸 크기: 11, 클라이언트 ID: 2
[10:54:07.914] [INFO] [SendPacket] WSASend 요청 성공 - 컨텍스트: SendPong, 보낸 크기: 11, 클라이언트 ID: 2
[10:54:08.914] [INFO] [SendPacket] WSASend 요청 성공 - 컨텍스트: SendPong, 보낸 크기: 11, 클라이언트 ID: 2
[10:54:09.914] [INFO] [SendPacket] WSASend 요청 성공 - 컨텍스트: SendPong, 보낸 크기: 11, 클라이언트 ID: 2
[10:54:10.914] [INFO] [SendPacket] WSASend 요청 성공 - 컨텍스트: SendPong, 보낸 크기: 11, 클라이언트 ID: 2
[10:54:11.914] [INFO] [SendPacket] WSASend 요청 성공 - 컨텍스트: SendPong, 보낸 크기: 11, 클라이언트 ID: 2
[10:54:22.091] [INFO] [SendPacket] WSASend 요청 성공 - 컨텍스트: SendClientId, 보낸 크기: 7, 클라이언트 ID: 3
[10:54:22.092] [INFO] 새 클라이언트에게 ID 3 전송됨
[10:54:22.092] [INFO] [SendPacket] WSASend 요청 성공 - 컨텍스트: SendInitialPosition, 보낸 크기: 32, 클라이언트 ID: 3
[10:54:22.092] [INFO] 초기 위치 정보 전송됨 - 클라이언트 ID: 3, 위치: X=-300.000000, Y=0.000000, Z=90.000000
[10:54:22.093] [INFO] [SendPacket] WSASend 요청 성공 - 컨텍스트: BroadcastNewPlayer, 보낸 크기: 32, 클라이언트 ID: 2
[10:54:22.093] [INFO] 새 플레이어 정보(ID: 3) 브로드캐스트 - 수신자 수: 1
[10:54:22.094] [INFO] [SendPacket] WSASend 요청 성공 - 컨텍스트: SendExistingPlayers, 보낸 크기: 32, 클라이언트 ID: 3
[10:54:22.094] [INFO] 기존 플레이어 정보 1개가 새 클라이언트(ID: 3)에게 전송됨
[10:54:22.094] [WARNING] 비정상적으로 긴 델타 타임: 46.250000초
[10:54:22.094] [WARNING] 클라이언트 Ping 타임아웃 발생 - ID: 2
[10:54:22.094] [INFO] 위치 업데이트 - 클라이언트 ID: 3, 위치: X=-300.000000, Y=0.000000, Z=90.000000, 속도: X=0.000000, Y=0.000000, Z=0.000000
[10:54:22.094] [INFO] 클라이언트 연결 끊김 (ID: 2)
[10:54:22.095] [INFO] 클라이언트가 정상적으로 연결 종료함 - ID: 2
[10:54:22.095] [INFO] [SendPacket] WSASend 요청 성공 - 컨텍스트: NotifyClientDisconnect, 보낸 크기: 32, 클라이언트 ID: 3
[10:54:22.095] [INFO] 클라이언트 연결 끊김 알림(ID: 2) - 수신자 수: 1
[10:54:22.095] [WARNING] 존재하지 않는 클라이언트 ID를 제거하려고 시도: 2
[10:54:22.095] [INFO] 서버 FPS: 0.017797, 평균 프레임 시간: 33486.433594ms, 클라이언트 수: 1
[10:54:23.090] [INFO] [SendPacket] WSASend 요청 성공 - 컨텍스트: SendPong, 보낸 크기: 11, 클라이언트 ID: 3
[10:54:24.090] [INFO] [SendPacket] WSASend 요청 성공 - 컨텍스트: SendPong, 보낸 크기: 11, 클라이언트 ID: 3
[10:54:25.090] [INFO] [SendPacket] WSASend 요청 성공 - 컨텍스트: SendPong, 보낸 크기: 11, 클라이언트 ID: 3
[10:54:26.089] [INFO] [SendPacket] WSASend 요청 성공 - 컨텍스트: SendPong, 보낸 크기: 11, 클라이언트 ID: 3
[10:54:27.091] [INFO] [SendPacket] WSASend 요청 성공 - 컨텍스트: SendPong, 보낸 크기: 11, 클라이언트 ID: 3
[10:54:28.091] [INFO] [SendPacket] WSASend 요청 성공 - 컨텍스트: SendPong, 보낸 크기: 11, 클라이언트 ID: 3
[10:54:29.091] [INFO] [SendPacket] WSASend 요청 성공 - 컨텍스트: SendPong, 보낸 크기: 11, 클라이언트 ID: 3
[10:54:30.090] [INFO] [SendPacket] WSASend 요청 성공 - 컨텍스트: SendPong, 보낸 크기: 11, 클라이언트 ID: 3
[10:54:31.091] [INFO] [SendPacket] WSASend 요청 성공 - 컨텍스트: SendPong, 보낸 크기: 11, 클라이언트 ID: 3
[10:54:32.092] [INFO] [SendPacket] WSASend 요청 성공 - 컨텍스트: SendPong, 보낸 크기: 11, 클라이언트 ID: 3
[10:54:33.092] [INFO] [SendPacket] WSASend 요청 성공 - 컨텍스트: SendPong, 보낸 크기: 11, 클라이언트 ID: 3
[10:54:34.091] [INFO] [SendPacket] WSASend 요청 성공 - 컨텍스트: SendPong, 보낸 크기: 11, 클라이언트 ID: 3
[10:54:35.091] [INFO] [SendPacket] WSASend 요청 성공 - 컨텍스트: SendPong, 보낸 크기: 11, 클라이언트 ID: 3
[10:54:36.091] [INFO] [SendPacket] WSASend 요청 성공 - 컨텍스트: SendPong, 보낸 크기: 11, 클라이언트 ID: 3
[10:54:37.092] [INFO] [SendPacket] WSASend 요청 성공 - 컨텍스트: SendPong, 보낸 크기: 11, 클라이언트 ID: 3
[10:54:38.091] [INFO] [SendPacket] WSASend 요청 성공 - 컨텍스트: SendPong, 보낸 크기: 11, 클라이언트 ID: 3
[10:54:39.091] [INFO] [SendPacket] WSASend 요청 성공 - 컨텍스트: SendPong, 보낸 크기: 11, 클라이언트 ID: 3
[10:54:40.092] [INFO] [SendPacket] WSASend 요청 성공 - 컨텍스트: SendPong, 보낸 크기: 11, 클라이언트 ID: 3
[10:54:41.091] [INFO] [SendPacket] WSASend 요청 성공 - 컨텍스트: SendPong, 보낸 크기: 11, 클라이언트 ID: 3
[10:54:42.092] [INFO] [SendPacket] WSASend 요청 성공 - 컨텍스트: SendPong, 보낸 크기: 11, 클라이언트 ID: 3
[10:54:43.091] [INFO] [SendPacket] WSASend 요청 성공 - 컨텍스트: SendPong, 보낸 크기: 11, 클라이언트 ID: 3
[10:54:44.091] [INFO] [SendPacket] WSASend 요청 성공 - 컨텍스트: SendPong, 보낸 크기: 11, 클라이언트 ID: 3
[10:54:45.091] [INFO] [SendPacket] WSASend 요청 성공 - 컨텍스트: SendPong, 보낸 크기: 11, 클라이언트 ID: 3
[10:54:46.092] [INFO] [SendPacket] WSASend 요청 성공 - 컨텍스트: SendPong, 보낸 크기: 11, 클라이언트 ID: 3
[10:54:47.092] [INFO] [SendPacket] WSASend 요청 성공 - 컨텍스트: SendPong, 보낸 크기: 11, 클라이언트 ID: 3
[10:54:48.091] [INFO] [SendPacket] WSASend 요청 성공 - 컨텍스트: SendPong, 보낸 크기: 11, 클라이언트 ID: 3
[10:54:49.091] [INFO] [SendPacket] WSASend 요청 성공 - 컨텍스트: SendPong, 보낸 크기: 11, 클라이언트 ID: 3
[10:54:50.091] [INFO] [SendPacket] WSASend 요청 성공 - 컨텍스트: SendPong, 보낸 크기: 11, 클라이언트 ID: 3
[10:54:51.092] [INFO] [SendPacket] WSASend 요청 성공 - 컨텍스트: SendPong, 보낸 크기: 11, 클라이언트 ID: 3
[10:54:52.093] [INFO] [SendPacket] WSASend 요청 성공 - 컨텍스트: SendPong, 보낸 크기: 11, 클라이언트 ID: 3
[10:54:53.092] [INFO] [SendPacket] WSASend 요청 성공 - 컨텍스트: SendPong, 보낸 크기: 11, 클라이언트 ID: 3
[10:54:54.092] [INFO] [SendPacket] WSASend 요청 성공 - 컨텍스트: SendPong, 보낸 크기: 11, 클라이언트 ID: 3
[10:54:55.092] [INFO] [SendPacket] WSASend 요청 성공 - 컨텍스트: SendPong, 보낸 크기: 11, 클라이언트 ID: 3
[10:54:56.093] [INFO] [SendPacket] WSASend 요청 성공 - 컨텍스트: SendPong, 보낸 크기: 11, 클라이언트 ID: 3
[10:54:57.093] [INFO] [SendPacket] WSASend 요청 성공 - 컨텍스트: SendPong, 보낸 크기: 11, 클라이언트 ID: 3
[10:54:58.092] [INFO] [SendPacket] WSASend 요청 성공 - 컨텍스트: SendPong, 보낸 크기: 11, 클라이언트 ID: 3
[10:54:59.093] [INFO] [SendPacket] WSASend 요청 성공 - 컨텍스트: SendPong, 보낸 크기: 11, 클라이언트 ID: 3
[10:55:00.093] [INFO] [SendPacket] WSASend 요청 성공 - 컨텍스트: SendPong, 보낸 크기: 11, 클라이언트 ID: 3
[10:55:01.093] [INFO] [SendPacket] WSASend 요청 성공 - 컨텍스트: SendPong, 보낸 크기: 11, 클라이언트 ID: 3
[10:55:02.095] [INFO] [SendPacket] WSASend 요청 성공 - 컨텍스트: SendPong, 보낸 크기: 11, 클라이언트 ID: 3
[10:55:03.094] [INFO] [SendPacket] WSASend 요청 성공 - 컨텍스트: SendPong, 보낸 크기: 11, 클라이언트 ID: 3
[10:55:04.093] [INFO] [SendPacket] WSASend 요청 성공 - 컨텍스트: SendPong, 보낸 크기: 11, 클라이언트 ID: 3
[10:55:05.094] [INFO] [SendPacket] WSASend 요청 성공 - 컨텍스트: SendPong, 보낸 크기: 11, 클라이언트 ID: 3
[10:55:06.093] [INFO] [SendPacket] WSASend 요청 성공 - 컨텍스트: SendPong, 보낸 크기: 11, 클라이언트 ID: 3
[10:55:07.094] [INFO] [SendPacket] WSASend 요청 성공 - 컨텍스트: SendPong, 보낸 크기: 11, 클라이언트 ID: 3
[10:55:08.094] [INFO] [SendPacket] WSASend 요청 성공 - 컨텍스트: SendPong, 보낸 크기: 11, 클라이언트 ID: 3
[10:55:09.094] [INFO] [SendPacket] WSASend 요청 성공 - 컨텍스트: SendPong, 보낸 크기: 11, 클라이언트 ID: 3
[10:55:10.094] [INFO] [SendPacket] WSASend 요청 성공 - 컨텍스트: SendPong, 보낸 크기: 11, 클라이언트 ID: 3
[10:55:11.095] [INFO] [SendPacket] WSASend 요청 성공 - 컨텍스트: SendPong, 보낸 크기: 11, 클라이언트 ID: 3
[10:55:12.096] [INFO] [SendPacket] WSASend 요청 성공 - 컨텍스트: SendPong, 보낸 크기: 11, 클라이언트 ID: 3
[10:55:13.095] [INFO] [SendPacket] WSASend 요청 성공 - 컨텍스트: SendPong, 보낸 크기: 11, 클라이언트 ID: 3
[10:55:14.096] [INFO] [SendPacket] WSASend 요청 성공 - 컨텍스트: SendPong, 보낸 크기: 11, 클라이언트 ID: 3
[10:55:15.095] [INFO] [SendPacket] WSASend 요청 성공 - 컨텍스트: SendPong, 보낸 크기: 11, 클라이언트 ID: 3
[10:55:16.095] [INFO] [SendPacket] WSASend 요청 성공 - 컨텍스트: SendPong, 보낸 크기: 11, 클라이언트 ID: 3
[10:55:17.096] [INFO] [SendPacket] WSASend 요청 성공 - 컨텍스트: SendPong, 보낸 크기: 11, 클라이언트 ID: 3
[10:55:18.095] [INFO] [SendPacket] WSASend 요청 성공 - 컨텍스트: SendPong, 보낸 크기: 11, 클라이언트 ID: 3
[10:55:19.096] [INFO] [SendPacket] WSASend 요청 성공 - 컨텍스트: SendPong, 보낸 크기: 11, 클라이언트 ID: 3
[10:55:20.095] [INFO] [SendPacket] WSASend 요청 성공 - 컨텍스트: SendPong, 보낸 크기: 11, 클라이언트 ID: 3
[10:55:21.095] [INFO] [SendPacket] WSASend 요청 성공 - 컨텍스트: SendPong, 보낸 크기: 11, 클라이언트 ID: 3
[10:55:22.095] [INFO] [SendPacket] WSASend 요청 성공 - 컨텍스트: SendPong, 보낸 크기: 11, 클라이언트 ID: 3
[10:55:23.097] [INFO] [SendPacket] WSASend 요청 성공 - 컨텍스트: SendPong, 보낸 크기: 11, 클라이언트 ID: 3
[10:55:24.096] [INFO] [SendPacket] WSASend 요청 성공 - 컨텍스트: SendPong, 보낸 크기: 11, 클라이언트 ID: 3
[10:55:25.098] [INFO] [SendPacket] WSASend 요청 성공 - 컨텍스트: SendPong, 보낸 크기: 11, 클라이언트 ID: 3
[10:55:26.096] [INFO] [SendPacket] WSASend 요청 성공 - 컨텍스트: SendPong, 보낸 크기: 11, 클라이언트 ID: 3
[10:55:27.097] [INFO] [SendPacket] WSASend 요청 성공 - 컨텍스트: SendPong, 보낸 크기: 11, 클라이언트 ID: 3
[10:55:28.096] [INFO] [SendPacket] WSASend 요청 성공 - 컨텍스트: SendPong, 보낸 크기: 11, 클라이언트 ID: 3
[10:55:29.097] [INFO] [SendPacket] WSASend 요청 성공 - 컨텍스트: SendPong, 보낸 크기: 11, 클라이언트 ID: 3
[10:55:30.098] [INFO] [SendPacket] WSASend 요청 성공 - 컨텍스트: SendPong, 보낸 크기: 11, 클라이언트 ID: 3
[10:55:31.097] [INFO] [SendPacket] WSASend 요청 성공 - 컨텍스트: SendPong, 보낸 크기: 11, 클라이언트 ID: 3
[10:55:32.097] [INFO] [SendPacket] WSASend 요청 성공 - 컨텍스트: SendPong, 보낸 크기: 11, 클라이언트 ID: 3
[10:55:33.098] [INFO] [SendPacket] WSASend 요청 성공 - 컨텍스트: SendPong, 보낸 크기: 11, 클라이언트 ID: 3
[10:55:34.098] [INFO] [SendPacket] WSASend 요청 성공 - 컨텍스트: SendPong, 보낸 크기: 11, 클라이언트 ID: 3
[10:55:35.098] [INFO] [SendPacket] WSASend 요청 성공 - 컨텍스트: SendPong, 보낸 크기: 11, 클라이언트 ID: 3
[10:55:36.097] [INFO] [SendPacket] WSASend 요청 성공 - 컨텍스트: SendPong, 보낸 크기: 11, 클라이언트 ID: 3
[10:55:37.097] [INFO] [SendPacket] WSASend 요청 성공 - 컨텍스트: SendPong, 보낸 크기: 11, 클라이언트 ID: 3
[10:55:38.097] [INFO] [SendPacket] WSASend 요청 성공 - 컨텍스트: SendPong, 보낸 크기: 11, 클라이언트 ID: 3
[10:55:39.097] [INFO] [SendPacket] WSASend 요청 성공 - 컨텍스트: SendPong, 보낸 크기: 11, 클라이언트 ID: 3
[10:55:40.098] [INFO] [SendPacket] WSASend 요청 성공 - 컨텍스트: SendPong, 보낸 크기: 11, 클라이언트 ID: 3
[10:55:41.098] [INFO] [SendPacket] WSASend 요청 성공 - 컨텍스트: SendPong, 보낸 크기: 11, 클라이언트 ID: 3
[10:55:42.098] [INFO] [SendPacket] WSASend 요청 성공 - 컨텍스트: SendPong, 보낸 크기: 11, 클라이언트 ID: 3
[10:55:43.098] [INFO] [SendPacket] WSASend 요청 성공 - 컨텍스트: SendPong, 보낸 크기: 11, 클라이언트 ID: 3
[10:55:44.097] [INFO] [SendPacket] WSASend 요청 성공 - 컨텍스트: SendPong, 보낸 크기: 11, 클라이언트 ID: 3
[10:55:45.097] [INFO] [SendPacket] WSASend 요청 성공 - 컨텍스트: SendPong, 보낸 크기: 11, 클라이언트 ID: 3
[10:55:46.097] [INFO] [SendPacket] WSASend 요청 성공 - 컨텍스트: SendPong, 보낸 크기: 11, 클라이언트 ID: 3
[10:55:47.098] [INFO] [SendPacket] WSASend 요청 성공 - 컨텍스트: SendPong, 보낸 크기: 11, 클라이언트 ID: 3
[10:55:48.098] [INFO] [SendPacket] WSASend 요청 성공 - 컨텍스트: SendPong, 보낸 크기: 11, 클라이언트 ID: 3
[10:55:49.097] [INFO] [SendPacket] WSASend 요청 성공 - 컨텍스트: SendPong, 보낸 크기: 11, 클라이언트 ID: 3
[10:55:50.099] [INFO] [SendPacket] WSASend 요청 성공 - 컨텍스트: SendPong, 보낸 크기: 11, 클라이언트 ID: 3
[10:55:51.097] [INFO] [SendPacket] WSASend 요청 성공 - 컨텍스트: SendPong, 보낸 크기: 11, 클라이언트 ID: 3
[10:55:52.099] [INFO] [SendPacket] WSASend 요청 성공 - 컨텍스트: SendPong, 보낸 크기: 11, 클라이언트 ID: 3
[10:55:53.098] [INFO] [SendPacket] WSASend 요청 성공 - 컨텍스트: SendPong, 보낸 크기: 11, 클라이언트 ID: 3
[10:55:54.097] [INFO] [SendPacket] WSASend 요청 성공 - 컨텍스트: SendPong, 보낸 크기: 11, 클라이언트 ID: 3
[10:55:55.099] [INFO] [SendPacket] WSASend 요청 성공 - 컨텍스트: SendPong, 보낸 크기: 11, 클라이언트 ID: 3
[10:55:56.099] [INFO] [SendPacket] WSASend 요청 성공 - 컨텍스트: SendPong, 보낸 크기: 11, 클라이언트 ID: 3
[10:55:57.098] [INFO] [SendPacket] WSASend 요청 성공 - 컨텍스트: SendPong, 보낸 크기: 11, 클라이언트 ID: 3
[10:55:58.099] [INFO] [SendPacket] WSASend 요청 성공 - 컨텍스트: SendPong, 보낸 크기: 11, 클라이언트 ID: 3
[10:55:59.101] [INFO] [SendPacket] WSASend 요청 성공 - 컨텍스트: SendPong, 보낸 크기: 11, 클라이언트 ID: 3
[10:56:00.100] [INFO] [SendPacket] WSASend 요청 성공 - 컨텍스트: SendPong, 보낸 크기: 11, 클라이언트 ID: 3
[10:56:01.100] [INFO] [SendPacket] WSASend 요청 성공 - 컨텍스트: SendPong, 보낸 크기: 11, 클라이언트 ID: 3
[10:56:02.100] [INFO] [SendPacket] WSASend 요청 성공 - 컨텍스트: SendPong, 보낸 크기: 11, 클라이언트 ID: 3
[10:56:03.100] [INFO] [SendPacket] WSASend 요청 성공 - 컨텍스트: SendPong, 보낸 크기: 11, 클라이언트 ID: 3
[10:56:04.101] [INFO] [SendPacket] WSASend 요청 성공 - 컨텍스트: SendPong, 보낸 크기: 11, 클라이언트 ID: 3
[10:56:05.101] [INFO] [SendPacket] WSASend 요청 성공 - 컨텍스트: SendPong, 보낸 크기: 11, 클라이언트 ID: 3
[10:56:06.100] [INFO] [SendPacket] WSASend 요청 성공 - 컨텍스트: SendPong, 보낸 크기: 11, 클라이언트 ID: 3
[10:56:07.101] [INFO] [SendPacket] WSASend 요청 성공 - 컨텍스트: SendPong, 보낸 크기: 11, 클라이언트 ID: 3
[10:56:08.101] [INFO] [SendPacket] WSASend 요청 성공 - 컨텍스트: SendPong, 보낸 크기: 11, 클라이언트 ID: 3
[10:56:09.100] [INFO] [SendPacket] WSASend 요청 성공 - 컨텍스트: SendPong, 보낸 크기: 11, 클라이언트 ID: 3
[10:56:10.102] [INFO] [SendPacket] WSASend 요청 성공 - 컨텍스트: SendPong, 보낸 크기: 11, 클라이언트 ID: 3
[10:56:11.103] [INFO] [SendPacket] WSASend 요청 성공 - 컨텍스트: SendPong, 보낸 크기: 11, 클라이언트 ID: 3
[10:56:12.103] [INFO] [SendPacket] WSASend 요청 성공 - 컨텍스트: SendPong, 보낸 크기: 11, 클라이언트 ID: 3
[10:56:13.104] [INFO] [SendPacket] WSASend 요청 성공 - 컨텍스트: SendPong, 보낸 크기: 11, 클라이언트 ID: 3
[10:56:14.104] [INFO] [SendPacket] WSASend 요청 성공 - 컨텍스트: SendPong, 보낸 크기: 11, 클라이언트 ID: 3
[10:56:15.104] [INFO] [SendPacket] WSASend 요청 성공 - 컨텍스트: SendPong, 보낸 크기: 11, 클라이언트 ID: 3
[10:56:16.105] [INFO] [SendPacket] WSASend 요청 성공 - 컨텍스트: SendPong, 보낸 크기: 11, 클라이언트 ID: 3
[10:56:17.104] [INFO] [SendPacket] WSASend 요청 성공 - 컨텍스트: SendPong, 보낸 크기: 11, 클라이언트 ID: 3
[10:56:18.105] [INFO] [SendPacket] WSASend 요청 성공 - 컨텍스트: SendPong, 보낸 크기: 11, 클라이언트 ID: 3
[10:56:19.104] [INFO] [SendPacket] WSASend 요청 성공 - 컨텍스트: SendPong, 보낸 크기: 11, 클라이언트 ID: 3
[10:56:20.105] [INFO] [SendPacket] WSASend 요청 성공 - 컨텍스트: SendPong, 보낸 크기: 11, 클라이언트 ID: 3
[10:56:21.105] [INFO] [SendPacket] WSASend 요청 성공 - 컨텍스트: SendPong, 보낸 크기: 11, 클라이언트 ID: 3
[10:56:22.105] [INFO] [SendPacket] WSASend 요청 성공 - 컨텍스트: SendPong, 보낸 크기: 11, 클라이언트 ID: 3
[10:56:23.104] [INFO] [SendPacket] WSASend 요청 성공 - 컨텍스트: SendPong, 보낸 크기: 11, 클라이언트 ID: 3
[10:56:24.104] [INFO] [SendPacket] WSASend 요청 성공 - 컨텍스트: SendPong, 보낸 크기: 11, 클라이언트 ID: 3
[10:56:25.106] [INFO] [SendPacket] WSASend 요청 성공 - 컨텍스트: SendPong, 보낸 크기: 11, 클라이언트 ID: 3
[10:56:26.106] [INFO] [SendPacket] WSASend 요청 성공 - 컨텍스트: SendPong, 보낸 크기: 11, 클라이언트 ID: 3
[10:56:27.107] [INFO] [SendPacket] WSASend 요청 성공 - 컨텍스트: SendPong, 보낸 크기: 11, 클라이언트 ID: 3
[10:56:28.107] [INFO] [SendPacket] WSASend 요청 성공 - 컨텍스트: SendPong, 보낸 크기: 11, 클라이언트 ID: 3
[10:56:29.107] [INFO] [SendPacket] WSASend 요청 성공 - 컨텍스트: SendPong, 보낸 크기: 11, 클라이언트 ID: 3
[10:56:30.108] [INFO] [SendPacket] WSASend 요청 성공 - 컨텍스트: SendPong, 보낸 크기: 11, 클라이언트 ID: 3
[10:56:31.107] [INFO] [SendPacket] WSASend 요청 성공 - 컨텍스트: SendPong, 보낸 크기: 11, 클라이언트 ID: 3
[10:56:32.108] [INFO] [SendPacket] WSASend 요청 성공 - 컨텍스트: SendPong, 보낸 크기: 11, 클라이언트 ID: 3
[10:56:33.108] [INFO] [SendPacket] WSASend 요청 성공 - 컨텍스트: SendPong, 보낸 크기: 11, 클라이언트 ID: 3
[10:56:34.108] [INFO] [SendPacket] WSASend 요청 성공 - 컨텍스트: SendPong, 보낸 크기: 11, 클라이언트 ID: 3
[10:56:35.107] [INFO] [SendPacket] WSASend 요청 성공 - 컨텍스트: SendPong, 보낸 크기: 11, 클라이언트 ID: 3
[10:56:36.107] [INFO] [SendPacket] WSASend 요청 성공 - 컨텍스트: SendPong, 보낸 크기: 11, 클라이언트 ID: 3
[10:56:37.108] [INFO] [SendPacket] WSASend 요청 성공 - 컨텍스트: SendPong, 보낸 크기: 11, 클라이언트 ID: 3
[10:56:38.107] [INFO] [SendPacket] WSASend 요청 성공 - 컨텍스트: SendPong, 보낸 크기: 11, 클라이언트 ID: 3
[10:56:39.108] [INFO] [SendPacket] WSASend 요청 성공 - 컨텍스트: SendPong, 보낸 크기: 11, 클라이언트 ID: 3
[10:56:40.108] [INFO] [SendPacket] WSASend 요청 성공 - 컨텍스트: SendPong, 보낸 크기: 11, 클라이언트 ID: 3
[10:56:41.109] [INFO] [SendPacket] WSASend 요청 성공 - 컨텍스트: SendPong, 보낸 크기: 11, 클라이언트 ID: 3
[10:56:42.108] [INFO] [SendPacket] WSASend 요청 성공 - 컨텍스트: SendPong, 보낸 크기: 11, 클라이언트 ID: 3
[10:56:43.110] [INFO] [SendPacket] WSASend 요청 성공 - 컨텍스트: SendPong, 보낸 크기: 11, 클라이언트 ID: 3
[10:56:44.109] [INFO] [SendPacket] WSASend 요청 성공 - 컨텍스트: SendPong, 보낸 크기: 11, 클라이언트 ID: 3
[10:56:45.110] [INFO] [SendPacket] WSASend 요청 성공 - 컨텍스트: SendPong, 보낸 크기: 11, 클라이언트 ID: 3
[10:56:46.110] [INFO] [SendPacket] WSASend 요청 성공 - 컨텍스트: SendPong, 보낸 크기: 11, 클라이언트 ID: 3
[10:56:47.128] [INFO] [SendPacket] WSASend 요청 성공 - 컨텍스트: SendPong, 보낸 크기: 11, 클라이언트 ID: 3
[10:56:48.128] [INFO] [SendPacket] WSASend 요청 성공 - 컨텍스트: SendPong, 보낸 크기: 11, 클라이언트 ID: 3
[10:56:49.127] [INFO] [SendPacket] WSASend 요청 성공 - 컨텍스트: SendPong, 보낸 크기: 11, 클라이언트 ID: 3
[10:56:50.128] [INFO] [SendPacket] WSASend 요청 성공 - 컨텍스트: SendPong, 보낸 크기: 11, 클라이언트 ID: 3
[10:56:51.128] [INFO] [SendPacket] WSASend 요청 성공 - 컨텍스트: SendPong, 보낸 크기: 11, 클라이언트 ID: 3
[10:56:52.128] [INFO] [SendPacket] WSASend 요청 성공 - 컨텍스트: SendPong, 보낸 크기: 11, 클라이언트 ID: 3
[10:56:53.128] [INFO] [SendPacket] WSASend 요청 성공 - 컨텍스트: SendPong, 보낸 크기: 11, 클라이언트 ID: 3
[10:56:54.127] [INFO] [SendPacket] WSASend 요청 성공 - 컨텍스트: SendPong, 보낸 크기: 11, 클라이언트 ID: 3
[10:56:55.129] [INFO] [SendPacket] WSASend 요청 성공 - 컨텍스트: SendPong, 보낸 크기: 11, 클라이언트 ID: 3
[10:56:56.128] [INFO] [SendPacket] WSASend 요청 성공 - 컨텍스트: SendPong, 보낸 크기: 11, 클라이언트 ID: 3
[10:56:57.128] [INFO] [SendPacket] WSASend 요청 성공 - 컨텍스트: SendPong, 보낸 크기: 11, 클라이언트 ID: 3
[10:56:58.128] [INFO] [SendPacket] WSASend 요청 성공 - 컨텍스트: SendPong, 보낸 크기: 11, 클라이언트 ID: 3
[10:56:59.142] [INFO] [SendPacket] WSASend 요청 성공 - 컨텍스트: SendPong, 보낸 크기: 11, 클라이언트 ID: 3
[10:57:00.128] [INFO] [SendPacket] WSASend 요청 성공 - 컨텍스트: SendPong, 보낸 크기: 11, 클라이언트 ID: 3
[10:57:01.128] [INFO] [SendPacket] WSASend 요청 성공 - 컨텍스트: SendPong, 보낸 크기: 11, 클라이언트 ID: 3
[10:57:02.128] [INFO] [SendPacket] WSASend 요청 성공 - 컨텍스트: SendPong, 보낸 크기: 11, 클라이언트 ID: 3
[10:57:03.129] [INFO] [SendPacket] WSASend 요청 성공 - 컨텍스트: SendPong, 보낸 크기: 11, 클라이언트 ID: 3
[10:57:04.129] [INFO] [SendPacket] WSASend 요청 성공 - 컨텍스트: SendPong, 보낸 크기: 11, 클라이언트 ID: 3
[10:57:05.129] [INFO] [SendPacket] WSASend 요청 성공 - 컨텍스트: SendPong, 보낸 크기: 11, 클라이언트 ID: 3
[10:57:06.129] [INFO] [SendPacket] WSASend 요청 성공 - 컨텍스트: SendPong, 보낸 크기: 11, 클라이언트 ID: 3
[10:57:07.130] [INFO] [SendPacket] WSASend 요청 성공 - 컨텍스트: SendPong, 보낸 크기: 11, 클라이언트 ID: 3
[10:57:08.130] [INFO] [SendPacket] WSASend 요청 성공 - 컨텍스트: SendPong, 보낸 크기: 11, 클라이언트 ID: 3
[10:57:09.130] [INFO] [SendPacket] WSASend 요청 성공 - 컨텍스트: SendPong, 보낸 크기: 11, 클라이언트 ID: 3
[10:57:10.129] [INFO] [SendPacket] WSASend 요청 성공 - 컨텍스트: SendPong, 보낸 크기: 11, 클라이언트 ID: 3
[10:57:11.130] [INFO] [SendPacket] WSASend 요청 성공 - 컨텍스트: SendPong, 보낸 크기: 11, 클라이언트 ID: 3
[10:57:12.130] [INFO] [SendPacket] WSASend 요청 성공 - 컨텍스트: SendPong, 보낸 크기: 11, 클라이언트 ID: 3
[10:57:13.130] [INFO] [SendPacket] WSASend 요청 성공 - 컨텍스트: SendPong, 보낸 크기: 11, 클라이언트 ID: 3
[10:57:14.130] [INFO] [SendPacket] WSASend 요청 성공 - 컨텍스트: SendPong, 보낸 크기: 11, 클라이언트 ID: 3
[10:57:15.130] [INFO] [SendPacket] WSASend 요청 성공 - 컨텍스트: SendPong, 보낸 크기: 11, 클라이언트 ID: 3
[10:57:16.130] [INFO] [SendPacket] WSASend 요청 성공 - 컨텍스트: SendPong, 보낸 크기: 11, 클라이언트 ID: 3
[10:57:17.130] [INFO] [SendPacket] WSASend 요청 성공 - 컨텍스트: SendPong, 보낸 크기: 11, 클라이언트 ID: 3
[10:57:18.131] [INFO] [SendPacket] WSASend 요청 성공 - 컨텍스트: SendPong, 보낸 크기: 11, 클라이언트 ID: 3
[10:57:19.132] [INFO] [SendPacket] WSASend 요청 성공 - 컨텍스트: SendPong, 보낸 크기: 11, 클라이언트 ID: 3
[10:57:20.130] [INFO] [SendPacket] WSASend 요청 성공 - 컨텍스트: SendPong, 보낸 크기: 11, 클라이언트 ID: 3
[10:57:21.132] [INFO] [SendPacket] WSASend 요청 성공 - 컨텍스트: SendPong, 보낸 크기: 11, 클라이언트 ID: 3
[10:57:22.130] [INFO] [SendPacket] WSASend 요청 성공 - 컨텍스트: SendPong, 보낸 크기: 11, 클라이언트 ID: 3
[10:57:23.131] [INFO] [SendPacket] WSASend 요청 성공 - 컨텍스트: SendPong, 보낸 크기: 11, 클라이언트 ID: 3
[10:57:24.131] [INFO] [SendPacket] WSASend 요청 성공 - 컨텍스트: SendPong, 보낸 크기: 11, 클라이언트 ID: 3
[10:57:25.131] [INFO] [SendPacket] WSASend 요청 성공 - 컨텍스트: SendPong, 보낸 크기: 11, 클라이언트 ID: 3
[10:57:26.130] [INFO] [SendPacket] WSASend 요청 성공 - 컨텍스트: SendPong, 보낸 크기: 11, 클라이언트 ID: 3
[10:57:27.131] [INFO] [SendPacket] WSASend 요청 성공 - 컨텍스트: SendPong, 보낸 크기: 11, 클라이언트 ID: 3
[10:57:28.131] [INFO] [SendPacket] WSASend 요청 성공 - 컨텍스트: SendPong, 보낸 크기: 11, 클라이언트 ID: 3
[10:57:29.130] [INFO] [SendPacket] WSASend 요청 성공 - 컨텍스트: SendPong, 보낸 크기: 11, 클라이언트 ID: 3
[10:57:30.130] [INFO] [SendPacket] WSASend 요청 성공 - 컨텍스트: SendPong, 보낸 크기: 11, 클라이언트 ID: 3
[10:57:31.131] [INFO] [SendPacket] WSASend 요청 성공 - 컨텍스트: SendPong, 보낸 크기: 11, 클라이언트 ID: 3
[10:57:32.132] [INFO] [SendPacket] WSASend 요청 성공 - 컨텍스트: SendPong, 보낸 크기: 11, 클라이언트 ID: 3
[10:57:33.130] [INFO] [SendPacket] WSASend 요청 성공 - 컨텍스트: SendPong, 보낸 크기: 11, 클라이언트 ID: 3
[10:57:34.131] [INFO] [SendPacket] WSASend 요청 성공 - 컨텍스트: SendPong, 보낸 크기: 11, 클라이언트 ID: 3
[10:57:35.130] [INFO] [SendPacket] WSASend 요청 성공 - 컨텍스트: SendPong, 보낸 크기: 11, 클라이언트 ID: 3
[10:57:36.132] [INFO] [SendPacket] WSASend 요청 성공 - 컨텍스트: SendPong, 보낸 크기: 11, 클라이언트 ID: 3
[10:57:37.131] [INFO] [SendPacket] WSASend 요청 성공 - 컨텍스트: SendPong, 보낸 크기: 11, 클라이언트 ID: 3
[10:57:38.131] [INFO] [SendPacket] WSASend 요청 성공 - 컨텍스트: SendPong, 보낸 크기: 11, 클라이언트 ID: 3
[10:57:39.132] [INFO] [SendPacket] WSASend 요청 성공 - 컨텍스트: SendPong, 보낸 크기: 11, 클라이언트 ID: 3
[10:57:40.131] [INFO] [SendPacket] WSASend 요청 성공 - 컨텍스트: SendPong, 보낸 크기: 11, 클라이언트 ID: 3
[10:57:41.131] [INFO] [SendPacket] WSASend 요청 성공 - 컨텍스트: SendPong, 보낸 크기: 11, 클라이언트 ID: 3
[10:57:42.131] [INFO] [SendPacket] WSASend 요청 성공 - 컨텍스트: SendPong, 보낸 크기: 11, 클라이언트 ID: 3
[10:57:43.130] [INFO] [SendPacket] WSASend 요청 성공 - 컨텍스트: SendPong, 보낸 크기: 11, 클라이언트 ID: 3
[10:57:44.131] [INFO] [SendPacket] WSASend 요청 성공 - 컨텍스트: SendPong, 보낸 크기: 11, 클라이언트 ID: 3
[10:57:45.131] [INFO] [SendPacket] WSASend 요청 성공 - 컨텍스트: SendPong, 보낸 크기: 11, 클라이언트 ID: 3
[10:57:46.131] [INFO] [SendPacket] WSASend 요청 성공 - 컨텍스트: SendPong, 보낸 크기: 11, 클라이언트 ID: 3
[10:57:47.131] [INFO] [SendPacket] WSASend 요청 성공 - 컨텍스트: SendPong, 보낸 크기: 11, 클라이언트 ID: 3
[10:57:48.132] [INFO] [SendPacket] WSASend 요청 성공 - 컨텍스트: SendPong, 보낸 크기: 11, 클라이언트 ID: 3
[10:57:49.132] [INFO] [SendPacket] WSASend 요청 성공 - 컨텍스트: SendPong, 보낸 크기: 11, 클라이언트 ID: 3
[10:57:50.132] [INFO] [SendPacket] WSASend 요청 성공 - 컨텍스트: SendPong, 보낸 크기: 11, 클라이언트 ID: 3
[10:57:51.133] [INFO] [SendPacket] WSASend 요청 성공 - 컨텍스트: SendPong, 보낸 크기: 11, 클라이언트 ID: 3
[10:57:52.133] [INFO] [SendPacket] WSASend 요청 성공 - 컨텍스트: SendPong, 보낸 크기: 11, 클라이언트 ID: 3
[10:57:53.133] [INFO] [SendPacket] WSASend 요청 성공 - 컨텍스트: SendPong, 보낸 크기: 11, 클라이언트 ID: 3
[10:57:54.133] [INFO] [SendPacket] WSASend 요청 성공 - 컨텍스트: SendPong, 보낸 크기: 11, 클라이언트 ID: 3
[10:57:55.134] [INFO] [SendPacket] WSASend 요청 성공 - 컨텍스트: SendPong, 보낸 크기: 11, 클라이언트 ID: 3
[10:57:56.134] [INFO] [SendPacket] WSASend 요청 성공 - 컨텍스트: SendPong, 보낸 크기: 11, 클라이언트 ID: 3
[10:57:57.133] [INFO] [SendPacket] WSASend 요청 성공 - 컨텍스트: SendPong, 보낸 크기: 11, 클라이언트 ID: 3
[10:57:58.133] [INFO] [SendPacket] WSASend 요청 성공 - 컨텍스트: SendPong, 보낸 크기: 11, 클라이언트 ID: 3
[10:57:59.134] [INFO] [SendPacket] WSASend 요청 성공 - 컨텍스트: SendPong, 보낸 크기: 11, 클라이언트 ID: 3
[10:58:00.133] [INFO] [SendPacket] WSASend 요청 성공 - 컨텍스트: SendPong, 보낸 크기: 11, 클라이언트 ID: 3
[10:58:01.134] [INFO] [SendPacket] WSASend 요청 성공 - 컨텍스트: SendPong, 보낸 크기: 11, 클라이언트 ID: 3
[10:58:02.133] [INFO] [SendPacket] WSASend 요청 성공 - 컨텍스트: SendPong, 보낸 크기: 11, 클라이언트 ID: 3
[10:58:03.134] [INFO] [SendPacket] WSASend 요청 성공 - 컨텍스트: SendPong, 보낸 크기: 11, 클라이언트 ID: 3
[10:58:04.134] [INFO] [SendPacket] WSASend 요청 성공 - 컨텍스트: SendPong, 보낸 크기: 11, 클라이언트 ID: 3
[10:58:05.135] [INFO] [SendPacket] WSASend 요청 성공 - 컨텍스트: SendPong, 보낸 크기: 11, 클라이언트 ID: 3
[10:58:06.135] [INFO] [SendPacket] WSASend 요청 성공 - 컨텍스트: SendPong, 보낸 크기: 11, 클라이언트 ID: 3
[10:58:07.135] [INFO] [SendPacket] WSASend 요청 성공 - 컨텍스트: SendPong, 보낸 크기: 11, 클라이언트 ID: 3
[10:58:08.135] [INFO] [SendPacket] WSASend 요청 성공 - 컨텍스트: SendPong, 보낸 크기: 11, 클라이언트 ID: 3
[10:58:09.136] [INFO] [SendPacket] WSASend 요청 성공 - 컨텍스트: SendPong, 보낸 크기: 11, 클라이언트 ID: 3
[10:58:10.136] [INFO] [SendPacket] WSASend 요청 성공 - 컨텍스트: SendPong, 보낸 크기: 11, 클라이언트 ID: 3
[10:58:11.136] [INFO] [SendPacket] WSASend 요청 성공 - 컨텍스트: SendPong, 보낸 크기: 11, 클라이언트 ID: 3
[10:58:12.136] [INFO] [SendPacket] WSASend 요청 성공 - 컨텍스트: SendPong, 보낸 크기: 11, 클라이언트 ID: 3
[10:58:13.136] [INFO] [SendPacket] WSASend 요청 성공 - 컨텍스트: SendPong, 보낸 크기: 11, 클라이언트 ID: 3
[10:58:14.136] [INFO] [SendPacket] WSASend 요청 성공 - 컨텍스트: SendPong, 보낸 크기: 11, 클라이언트 ID: 3
[10:58:15.137] [INFO] [SendPacket] WSASend 요청 성공 - 컨텍스트: SendPong, 보낸 크기: 11, 클라이언트 ID: 3
[10:58:16.137] [INFO] [SendPacket] WSASend 요청 성공 - 컨텍스트: SendPong, 보낸 크기: 11, 클라이언트 ID: 3
[10:58:17.138] [INFO] [SendPacket] WSASend 요청 성공 - 컨텍스트: SendPong, 보낸 크기: 11, 클라이언트 ID: 3
[10:58:18.137] [INFO] [SendPacket] WSASend 요청 성공 - 컨텍스트: SendPong, 보낸 크기: 11, 클라이언트 ID: 3
[10:58:19.139] [INFO] [SendPacket] WSASend 요청 성공 - 컨텍스트: SendPong, 보낸 크기: 11, 클라이언트 ID: 3
[10:58:20.138] [INFO] [SendPacket] WSASend 요청 성공 - 컨텍스트: SendPong, 보낸 크기: 11, 클라이언트 ID: 3
[10:58:21.138] [INFO] [SendPacket] WSASend 요청 성공 - 컨텍스트: SendPong, 보낸 크기: 11, 클라이언트 ID: 3
[10:58:22.138] [INFO] [SendPacket] WSASend 요청 성공 - 컨텍스트: SendPong, 보낸 크기: 11, 클라이언트 ID: 3
[10:58:23.139] [INFO] [SendPacket] WSASend 요청 성공 - 컨텍스트: SendPong, 보낸 크기: 11, 클라이언트 ID: 3
[10:58:24.140] [INFO] [SendPacket] WSASend 요청 성공 - 컨텍스트: SendPong, 보낸 크기: 11, 클라이언트 ID: 3
[10:58:25.139] [INFO] [SendPacket] WSASend 요청 성공 - 컨텍스트: SendPong, 보낸 크기: 11, 클라이언트 ID: 3
[10:58:26.139] [INFO] [SendPacket] WSASend 요청 성공 - 컨텍스트: SendPong, 보낸 크기: 11, 클라이언트 ID: 3
[10:58:27.140] [INFO] [SendPacket] WSASend 요청 성공 - 컨텍스트: SendPong, 보낸 크기: 11, 클라이언트 ID: 3
[10:58:28.140] [INFO] [SendPacket] WSASend 요청 성공 - 컨텍스트: SendPong, 보낸 크기: 11, 클라이언트 ID: 3
[10:58:29.139] [INFO] [SendPacket] WSASend 요청 성공 - 컨텍스트: SendPong, 보낸 크기: 11, 클라이언트 ID: 3
[10:58:30.140] [INFO] [SendPacket] WSASend 요청 성공 - 컨텍스트: SendPong, 보낸 크기: 11, 클라이언트 ID: 3
[10:58:31.140] [INFO] [SendPacket] WSASend 요청 성공 - 컨텍스트: SendPong, 보낸 크기: 11, 클라이언트 ID: 3
[10:58:32.139] [INFO] [SendPacket] WSASend 요청 성공 - 컨텍스트: SendPong, 보낸 크기: 11, 클라이언트 ID: 3
[10:58:33.139] [INFO] [SendPacket] WSASend 요청 성공 - 컨텍스트: SendPong, 보낸 크기: 11, 클라이언트 ID: 3
[10:58:34.139] [INFO] [SendPacket] WSASend 요청 성공 - 컨텍스트: SendPong, 보낸 크기: 11, 클라이언트 ID: 3
[10:58:35.139] [INFO] [SendPacket] WSASend 요청 성공 - 컨텍스트: SendPong, 보낸 크기: 11, 클라이언트 ID: 3
[10:58:36.139] [INFO] [SendPacket] WSASend 요청 성공 - 컨텍스트: SendPong, 보낸 크기: 11, 클라이언트 ID: 3
[10:58:37.139] [INFO] [SendPacket] WSASend 요청 성공 - 컨텍스트: SendPong, 보낸 크기: 11, 클라이언트 ID: 3
[10:58:38.142] [INFO] [SendPacket] WSASend 요청 성공 - 컨텍스트: SendPong, 보낸 크기: 11, 클라이언트 ID: 3
[10:58:39.141] [INFO] [SendPacket] WSASend 요청 성공 - 컨텍스트: SendPong, 보낸 크기: 11, 클라이언트 ID: 3
[10:58:40.142] [INFO] [SendPacket] WSASend 요청 성공 - 컨텍스트: SendPong, 보낸 크기: 11, 클라이언트 ID: 3
[10:58:41.142] [INFO] [SendPacket] WSASend 요청 성공 - 컨텍스트: SendPong, 보낸 크기: 11, 클라이언트 ID: 3
[10:58:42.142] [INFO] [SendPacket] WSASend 요청 성공 - 컨텍스트: SendPong, 보낸 크기: 11, 클라이언트 ID: 3
[10:58:43.142] [INFO] [SendPacket] WSASend 요청 성공 - 컨텍스트: SendPong, 보낸 크기: 11, 클라이언트 ID: 3
[10:58:44.142] [INFO] [SendPacket] WSASend 요청 성공 - 컨텍스트: SendPong, 보낸 크기: 11, 클라이언트 ID: 3
[10:58:45.142] [INFO] [SendPacket] WSASend 요청 성공 - 컨텍스트: SendPong, 보낸 크기: 11, 클라이언트 ID: 3
[10:58:46.143] [INFO] [SendPacket] WSASend 요청 성공 - 컨텍스트: SendPong, 보낸 크기: 11, 클라이언트 ID: 3
[10:58:47.143] [INFO] [SendPacket] WSASend 요청 성공 - 컨텍스트: SendPong, 보낸 크기: 11, 클라이언트 ID: 3
[10:58:48.143] [INFO] [SendPacket] WSASend 요청 성공 - 컨텍스트: SendPong, 보낸 크기: 11, 클라이언트 ID: 3
[10:58:49.142] [INFO] [SendPacket] WSASend 요청 성공 - 컨텍스트: SendPong, 보낸 크기: 11, 클라이언트 ID: 3
[10:58:50.143] [INFO] [SendPacket] WSASend 요청 성공 - 컨텍스트: SendPong, 보낸 크기: 11, 클라이언트 ID: 3
[10:58:51.144] [INFO] [SendPacket] WSASend 요청 성공 - 컨텍스트: SendPong, 보낸 크기: 11, 클라이언트 ID: 3
[10:58:52.143] [INFO] [SendPacket] WSASend 요청 성공 - 컨텍스트: SendPong, 보낸 크기: 11, 클라이언트 ID: 3
[10:58:53.143] [INFO] [SendPacket] WSASend 요청 성공 - 컨텍스트: SendPong, 보낸 크기: 11, 클라이언트 ID: 3
[10:58:54.143] [INFO] [SendPacket] WSASend 요청 성공 - 컨텍스트: SendPong, 보낸 크기: 11, 클라이언트 ID: 3
[10:58:55.143] [INFO] [SendPacket] WSASend 요청 성공 - 컨텍스트: SendPong, 보낸 크기: 11, 클라이언트 ID: 3
[10:58:56.144] [INFO] [SendPacket] WSASend 요청 성공 - 컨텍스트: SendPong, 보낸 크기: 11, 클라이언트 ID: 3
[10:58:57.143] [INFO] [SendPacket] WSASend 요청 성공 - 컨텍스트: SendPong, 보낸 크기: 11, 클라이언트 ID: 3
[10:58:58.142] [INFO] [SendPacket] WSASend 요청 성공 - 컨텍스트: SendPong, 보낸 크기: 11, 클라이언트 ID: 3
[10:58:59.143] [INFO] [SendPacket] WSASend 요청 성공 - 컨텍스트: SendPong, 보낸 크기: 11, 클라이언트 ID: 3
[10:59:00.144] [INFO] [SendPacket] WSASend 요청 성공 - 컨텍스트: SendPong, 보낸 크기: 11, 클라이언트 ID: 3
[10:59:01.143] [INFO] [SendPacket] WSASend 요청 성공 - 컨텍스트: SendPong, 보낸 크기: 11, 클라이언트 ID: 3
[10:59:02.143] [INFO] [SendPacket] WSASend 요청 성공 - 컨텍스트: SendPong, 보낸 크기: 11, 클라이언트 ID: 3
[10:59:03.142] [INFO] [SendPacket] WSASend 요청 성공 - 컨텍스트: SendPong, 보낸 크기: 11, 클라이언트 ID: 3
[10:59:04.144] [INFO] [SendPacket] WSASend 요청 성공 - 컨텍스트: SendPong, 보낸 크기: 11, 클라이언트 ID: 3
[10:59:05.144] [INFO] [SendPacket] WSASend 요청 성공 - 컨텍스트: SendPong, 보낸 크기: 11, 클라이언트 ID: 3
[10:59:06.143] [INFO] [SendPacket] WSASend 요청 성공 - 컨텍스트: SendPong, 보낸 크기: 11, 클라이언트 ID: 3
[10:59:07.143] [INFO] [SendPacket] WSASend 요청 성공 - 컨텍스트: SendPong, 보낸 크기: 11, 클라이언트 ID: 3
[10:59:08.144] [INFO] [SendPacket] WSASend 요청 성공 - 컨텍스트: SendPong, 보낸 크기: 11, 클라이언트 ID: 3
[10:59:09.145] [INFO] [SendPacket] WSASend 요청 성공 - 컨텍스트: SendPong, 보낸 크기: 11, 클라이언트 ID: 3
[10:59:10.146] [INFO] [SendPacket] WSASend 요청 성공 - 컨텍스트: SendPong, 보낸 크기: 11, 클라이언트 ID: 3
[10:59:11.144] [INFO] [SendPacket] WSASend 요청 성공 - 컨텍스트: SendPong, 보낸 크기: 11, 클라이언트 ID: 3
[10:59:12.144] [INFO] [SendPacket] WSASend 요청 성공 - 컨텍스트: SendPong, 보낸 크기: 11, 클라이언트 ID: 3
[10:59:13.144] [INFO] [SendPacket] WSASend 요청 성공 - 컨텍스트: SendPong, 보낸 크기: 11, 클라이언트 ID: 3
[10:59:14.145] [INFO] [SendPacket] WSASend 요청 성공 - 컨텍스트: SendPong, 보낸 크기: 11, 클라이언트 ID: 3
[10:59:15.145] [INFO] [SendPacket] WSASend 요청 성공 - 컨텍스트: SendPong, 보낸 크기: 11, 클라이언트 ID: 3
[10:59:16.145] [INFO] [SendPacket] WSASend 요청 성공 - 컨텍스트: SendPong, 보낸 크기: 11, 클라이언트 ID: 3
[10:59:17.146] [INFO] [SendPacket] WSASend 요청 성공 - 컨텍스트: SendPong, 보낸 크기: 11, 클라이언트 ID: 3
[10:59:18.145] [INFO] [SendPacket] WSASend 요청 성공 - 컨텍스트: SendPong, 보낸 크기: 11, 클라이언트 ID: 3
[10:59:19.145] [INFO] [SendPacket] WSASend 요청 성공 - 컨텍스트: SendPong, 보낸 크기: 11, 클라이언트 ID: 3
[10:59:20.147] [INFO] [SendPacket] WSASend 요청 성공 - 컨텍스트: SendPong, 보낸 크기: 11, 클라이언트 ID: 3
[10:59:21.147] [INFO] [SendPacket] WSASend 요청 성공 - 컨텍스트: SendPong, 보낸 크기: 11, 클라이언트 ID: 3
[10:59:22.147] [INFO] [SendPacket] WSASend 요청 성공 - 컨텍스트: SendPong, 보낸 크기: 11, 클라이언트 ID: 3
[10:59:23.147] [INFO] [SendPacket] WSASend 요청 성공 - 컨텍스트: SendPong, 보낸 크기: 11, 클라이언트 ID: 3
[10:59:24.147] [INFO] [SendPacket] WSASend 요청 성공 - 컨텍스트: SendPong, 보낸 크기: 11, 클라이언트 ID: 3
[10:59:25.147] [INFO] [SendPacket] WSASend 요청 성공 - 컨텍스트: SendPong, 보낸 크기: 11, 클라이언트 ID: 3
[10:59:26.148] [INFO] [SendPacket] WSASend 요청 성공 - 컨텍스트: SendPong, 보낸 크기: 11, 클라이언트 ID: 3
[10:59:27.148] [INFO] [SendPacket] WSASend 요청 성공 - 컨텍스트: SendPong, 보낸 크기: 11, 클라이언트 ID: 3
[10:59:28.148] [INFO] [SendPacket] WSASend 요청 성공 - 컨텍스트: SendPong, 보낸 크기: 11, 클라이언트 ID: 3
[10:59:29.149] [INFO] [SendPacket] WSASend 요청 성공 - 컨텍스트: SendPong, 보낸 크기: 11, 클라이언트 ID: 3
[10:59:30.148] [INFO] [SendPacket] WSASend 요청 성공 - 컨텍스트: SendPong, 보낸 크기: 11, 클라이언트 ID: 3
[10:59:31.148] [INFO] [SendPacket] WSASend 요청 성공 - 컨텍스트: SendPong, 보낸 크기: 11, 클라이언트 ID: 3
[10:59:32.148] [INFO] [SendPacket] WSASend 요청 성공 - 컨텍스트: SendPong, 보낸 크기: 11, 클라이언트 ID: 3
[10:59:33.148] [INFO] [SendPacket] WSASend 요청 성공 - 컨텍스트: SendPong, 보낸 크기: 11, 클라이언트 ID: 3
[10:59:34.149] [INFO] [SendPacket] WSASend 요청 성공 - 컨텍스트: SendPong, 보낸 크기: 11, 클라이언트 ID: 3
[10:59:35.148] [INFO] [SendPacket] WSASend 요청 성공 - 컨텍스트: SendPong, 보낸 크기: 11, 클라이언트 ID: 3
[10:59:36.148] [INFO] [SendPacket] WSASend 요청 성공 - 컨텍스트: SendPong, 보낸 크기: 11, 클라이언트 ID: 3
[10:59:37.150] [INFO] [SendPacket] WSASend 요청 성공 - 컨텍스트: SendPong, 보낸 크기: 11, 클라이언트 ID: 3
[10:59:38.149] [INFO] [SendPacket] WSASend 요청 성공 - 컨텍스트: SendPong, 보낸 크기: 11, 클라이언트 ID: 3
[10:59:39.150] [INFO] [SendPacket] WSASend 요청 성공 - 컨텍스트: SendPong, 보낸 크기: 11, 클라이언트 ID: 3
[10:59:40.150] [INFO] [SendPacket] WSASend 요청 성공 - 컨텍스트: SendPong, 보낸 크기: 11, 클라이언트 ID: 3
[10:59:41.150] [INFO] [SendPacket] WSASend 요청 성공 - 컨텍스트: SendPong, 보낸 크기: 11, 클라이언트 ID: 3
[10:59:42.151] [INFO] [SendPacket] WSASend 요청 성공 - 컨텍스트: SendPong, 보낸 크기: 11, 클라이언트 ID: 3
[10:59:43.150] [INFO] [SendPacket] WSASend 요청 성공 - 컨텍스트: SendPong, 보낸 크기: 11, 클라이언트 ID: 3
[10:59:44.150] [INFO] [SendPacket] WSASend 요청 성공 - 컨텍스트: SendPong, 보낸 크기: 11, 클라이언트 ID: 3
[10:59:45.150] [INFO] [SendPacket] WSASend 요청 성공 - 컨텍스트: SendPong, 보낸 크기: 11, 클라이언트 ID: 3
[10:59:46.150] [INFO] [SendPacket] WSASend 요청 성공 - 컨텍스트: SendPong, 보낸 크기: 11, 클라이언트 ID: 3
[10:59:47.150] [INFO] [SendPacket] WSASend 요청 성공 - 컨텍스트: SendPong, 보낸 크기: 11, 클라이언트 ID: 3
[10:59:48.151] [INFO] [SendPacket] WSASend 요청 성공 - 컨텍스트: SendPong, 보낸 크기: 11, 클라이언트 ID: 3
[10:59:49.151] [INFO] [SendPacket] WSASend 요청 성공 - 컨텍스트: SendPong, 보낸 크기: 11, 클라이언트 ID: 3
[10:59:50.150] [INFO] [SendPacket] WSASend 요청 성공 - 컨텍스트: SendPong, 보낸 크기: 11, 클라이언트 ID: 3
[10:59:51.152] [INFO] [SendPacket] WSASend 요청 성공 - 컨텍스트: SendPong, 보낸 크기: 11, 클라이언트 ID: 3
[10:59:52.152] [INFO] [SendPacket] WSASend 요청 성공 - 컨텍스트: SendPong, 보낸 크기: 11, 클라이언트 ID: 3
[10:59:53.153] [INFO] [SendPacket] WSASend 요청 성공 - 컨텍스트: SendPong, 보낸 크기: 11, 클라이언트 ID: 3
[10:59:54.151] [INFO] [SendPacket] WSASend 요청 성공 - 컨텍스트: SendPong, 보낸 크기: 11, 클라이언트 ID: 3
[10:59:55.153] [INFO] [SendPacket] WSASend 요청 성공 - 컨텍스트: SendPong, 보낸 크기: 11, 클라이언트 ID: 3
[10:59:56.152] [INFO] [SendPacket] WSASend 요청 성공 - 컨텍스트: SendPong, 보낸 크기: 11, 클라이언트 ID: 3
[10:59:57.152] [INFO] [SendPacket] WSASend 요청 성공 - 컨텍스트: SendPong, 보낸 크기: 11, 클라이언트 ID: 3
[10:59:58.151] [INFO] [SendPacket] WSASend 요청 성공 - 컨텍스트: SendPong, 보낸 크기: 11, 클라이언트 ID: 3
[10:59:59.152] [INFO] [SendPacket] WSASend 요청 성공 - 컨텍스트: SendPong, 보낸 크기: 11, 클라이언트 ID: 3
[11:00:00.152] [INFO] [SendPacket] WSASend 요청 성공 - 컨텍스트: SendPong, 보낸 크기: 11, 클라이언트 ID: 3
[11:00:01.152] [INFO] [SendPacket] WSASend 요청 성공 - 컨텍스트: SendPong, 보낸 크기: 11, 클라이언트 ID: 3
[11:00:02.152] [INFO] [SendPacket] WSASend 요청 성공 - 컨텍스트: SendPong, 보낸 크기: 11, 클라이언트 ID: 3
[11:00:03.161] [INFO] [SendPacket] WSASend 요청 성공 - 컨텍스트: SendPong, 보낸 크기: 11, 클라이언트 ID: 3
[11:00:04.154] [INFO] [SendPacket] WSASend 요청 성공 - 컨텍스트: SendPong, 보낸 크기: 11, 클라이언트 ID: 3
[11:00:05.153] [INFO] [SendPacket] WSASend 요청 성공 - 컨텍스트: SendPong, 보낸 크기: 11, 클라이언트 ID: 3
[11:00:06.154] [INFO] [SendPacket] WSASend 요청 성공 - 컨텍스트: SendPong, 보낸 크기: 11, 클라이언트 ID: 3
[11:00:07.153] [INFO] [SendPacket] WSASend 요청 성공 - 컨텍스트: SendPong, 보낸 크기: 11, 클라이언트 ID: 3
[11:00:08.153] [INFO] [SendPacket] WSASend 요청 성공 - 컨텍스트: SendPong, 보낸 크기: 11, 클라이언트 ID: 3
[11:00:09.154] [INFO] [SendPacket] WSASend 요청 성공 - 컨텍스트: SendPong, 보낸 크기: 11, 클라이언트 ID: 3
[11:00:10.153] [INFO] [SendPacket] WSASend 요청 성공 - 컨텍스트: SendPong, 보낸 크기: 11, 클라이언트 ID: 3
[11:00:11.152] [INFO] [SendPacket] WSASend 요청 성공 - 컨텍스트: SendPong, 보낸 크기: 11, 클라이언트 ID: 3
[11:00:12.153] [INFO] [SendPacket] WSASend 요청 성공 - 컨텍스트: SendPong, 보낸 크기: 11, 클라이언트 ID: 3
[11:00:13.153] [INFO] [SendPacket] WSASend 요청 성공 - 컨텍스트: SendPong, 보낸 크기: 11, 클라이언트 ID: 3
[11:00:14.153] [INFO] [SendPacket] WSASend 요청 성공 - 컨텍스트: SendPong, 보낸 크기: 11, 클라이언트 ID: 3
[11:00:15.153] [INFO] [SendPacket] WSASend 요청 성공 - 컨텍스트: SendPong, 보낸 크기: 11, 클라이언트 ID: 3
[11:00:16.153] [INFO] [SendPacket] WSASend 요청 성공 - 컨텍스트: SendPong, 보낸 크기: 11, 클라이언트 ID: 3
[11:00:17.153] [INFO] [SendPacket] WSASend 요청 성공 - 컨텍스트: SendPong, 보낸 크기: 11, 클라이언트 ID: 3
[11:00:18.154] [INFO] [SendPacket] WSASend 요청 성공 - 컨텍스트: SendPong, 보낸 크기: 11, 클라이언트 ID: 3
[11:00:19.155] [INFO] [SendPacket] WSASend 요청 성공 - 컨텍스트: SendPong, 보낸 크기: 11, 클라이언트 ID: 3
[11:00:20.154] [INFO] [SendPacket] WSASend 요청 성공 - 컨텍스트: SendPong, 보낸 크기: 11, 클라이언트 ID: 3
[11:00:21.154] [INFO] [SendPacket] WSASend 요청 성공 - 컨텍스트: SendPong, 보낸 크기: 11, 클라이언트 ID: 3
[11:00:22.154] [INFO] [SendPacket] WSASend 요청 성공 - 컨텍스트: SendPong, 보낸 크기: 11, 클라이언트 ID: 3
[11:00:23.155] [INFO] [SendPacket] WSASend 요청 성공 - 컨텍스트: SendPong, 보낸 크기: 11, 클라이언트 ID: 3
[11:00:24.154] [INFO] [SendPacket] WSASend 요청 성공 - 컨텍스트: SendPong, 보낸 크기: 11, 클라이언트 ID: 3
[11:00:25.154] [INFO] [SendPacket] WSASend 요청 성공 - 컨텍스트: SendPong, 보낸 크기: 11, 클라이언트 ID: 3
[11:00:26.155] [INFO] [SendPacket] WSASend 요청 성공 - 컨텍스트: SendPong, 보낸 크기: 11, 클라이언트 ID: 3
[11:00:27.155] [INFO] [SendPacket] WSASend 요청 성공 - 컨텍스트: SendPong, 보낸 크기: 11, 클라이언트 ID: 3
[11:00:28.156] [INFO] [SendPacket] WSASend 요청 성공 - 컨텍스트: SendPong, 보낸 크기: 11, 클라이언트 ID: 3
[11:00:29.155] [INFO] [SendPacket] WSASend 요청 성공 - 컨텍스트: SendPong, 보낸 크기: 11, 클라이언트 ID: 3
[11:00:30.156] [INFO] [SendPacket] WSASend 요청 성공 - 컨텍스트: SendPong, 보낸 크기: 11, 클라이언트 ID: 3
[11:00:31.156] [INFO] [SendPacket] WSASend 요청 성공 - 컨텍스트: SendPong, 보낸 크기: 11, 클라이언트 ID: 3
[11:00:32.156] [INFO] [SendPacket] WSASend 요청 성공 - 컨텍스트: SendPong, 보낸 크기: 11, 클라이언트 ID: 3
[11:00:33.155] [INFO] [SendPacket] WSASend 요청 성공 - 컨텍스트: SendPong, 보낸 크기: 11, 클라이언트 ID: 3
[11:00:34.155] [INFO] [SendPacket] WSASend 요청 성공 - 컨텍스트: SendPong, 보낸 크기: 11, 클라이언트 ID: 3
[11:00:35.156] [INFO] [SendPacket] WSASend 요청 성공 - 컨텍스트: SendPong, 보낸 크기: 11, 클라이언트 ID: 3
[11:00:36.155] [INFO] [SendPacket] WSASend 요청 성공 - 컨텍스트: SendPong, 보낸 크기: 11, 클라이언트 ID: 3
[11:00:37.155] [INFO] [SendPacket] WSASend 요청 성공 - 컨텍스트: SendPong, 보낸 크기: 11, 클라이언트 ID: 3
[11:00:38.155] [INFO] [SendPacket] WSASend 요청 성공 - 컨텍스트: SendPong, 보낸 크기: 11, 클라이언트 ID: 3
[11:00:39.155] [INFO] [SendPacket] WSASend 요청 성공 - 컨텍스트: SendPong, 보낸 크기: 11, 클라이언트 ID: 3
[11:00:40.155] [INFO] [SendPacket] WSASend 요청 성공 - 컨텍스트: SendPong, 보낸 크기: 11, 클라이언트 ID: 3
[11:00:41.155] [INFO] [SendPacket] WSASend 요청 성공 - 컨텍스트: SendPong, 보낸 크기: 11, 클라이언트 ID: 3
[11:00:42.156] [INFO] [SendPacket] WSASend 요청 성공 - 컨텍스트: SendPong, 보낸 크기: 11, 클라이언트 ID: 3
[11:00:43.155] [INFO] [SendPacket] WSASend 요청 성공 - 컨텍스트: SendPong, 보낸 크기: 11, 클라이언트 ID: 3
[11:00:44.156] [INFO] [SendPacket] WSASend 요청 성공 - 컨텍스트: SendPong, 보낸 크기: 11, 클라이언트 ID: 3
[11:00:45.155] [INFO] [SendPacket] WSASend 요청 성공 - 컨텍스트: SendPong, 보낸 크기: 11, 클라이언트 ID: 3
[11:00:46.155] [INFO] [SendPacket] WSASend 요청 성공 - 컨텍스트: SendPong, 보낸 크기: 11, 클라이언트 ID: 3
[11:00:47.156] [INFO] [SendPacket] WSASend 요청 성공 - 컨텍스트: SendPong, 보낸 크기: 11, 클라이언트 ID: 3
[11:00:48.156] [INFO] [SendPacket] WSASend 요청 성공 - 컨텍스트: SendPong, 보낸 크기: 11, 클라이언트 ID: 3
[11:00:49.157] [INFO] [SendPacket] WSASend 요청 성공 - 컨텍스트: SendPong, 보낸 크기: 11, 클라이언트 ID: 3
[11:00:50.157] [INFO] [SendPacket] WSASend 요청 성공 - 컨텍스트: SendPong, 보낸 크기: 11, 클라이언트 ID: 3
[11:00:51.157] [INFO] [SendPacket] WSASend 요청 성공 - 컨텍스트: SendPong, 보낸 크기: 11, 클라이언트 ID: 3
[11:00:52.159] [INFO] [SendPacket] WSASend 요청 성공 - 컨텍스트: SendPong, 보낸 크기: 11, 클라이언트 ID: 3
[11:00:53.159] [INFO] [SendPacket] WSASend 요청 성공 - 컨텍스트: SendPong, 보낸 크기: 11, 클라이언트 ID: 3
[11:00:54.159] [INFO] [SendPacket] WSASend 요청 성공 - 컨텍스트: SendPong, 보낸 크기: 11, 클라이언트 ID: 3
[11:00:55.158] [INFO] [SendPacket] WSASend 요청 성공 - 컨텍스트: SendPong, 보낸 크기: 11, 클라이언트 ID: 3
[11:00:56.159] [INFO] [SendPacket] WSASend 요청 성공 - 컨텍스트: SendPong, 보낸 크기: 11, 클라이언트 ID: 3
[11:00:57.159] [INFO] [SendPacket] WSASend 요청 성공 - 컨텍스트: SendPong, 보낸 크기: 11, 클라이언트 ID: 3
[11:00:58.160] [INFO] [SendPacket] WSASend 요청 성공 - 컨텍스트: SendPong, 보낸 크기: 11, 클라이언트 ID: 3
[11:00:59.160] [INFO] [SendPacket] WSASend 요청 성공 - 컨텍스트: SendPong, 보낸 크기: 11, 클라이언트 ID: 3
[11:01:00.394] [INFO] [SendPacket] WSASend 요청 성공 - 컨텍스트: SendPong, 보낸 크기: 11, 클라이언트 ID: 3
[11:01:01.397] [INFO] [SendPacket] WSASend 요청 성공 - 컨텍스트: SendPong, 보낸 크기: 11, 클라이언트 ID: 3
[11:01:02.721] [INFO] [SendPacket] WSASend 요청 성공 - 컨텍스트: SendPong, 보낸 크기: 11, 클라이언트 ID: 3
[11:01:03.721] [INFO] [SendPacket] WSASend 요청 성공 - 컨텍스트: SendPong, 보낸 크기: 11, 클라이언트 ID: 3
[11:01:04.722] [INFO] [SendPacket] WSASend 요청 성공 - 컨텍스트: SendPong, 보낸 크기: 11, 클라이언트 ID: 3
[11:01:05.722] [INFO] [SendPacket] WSASend 요청 성공 - 컨텍스트: SendPong, 보낸 크기: 11, 클라이언트 ID: 3
