[14:59:01.230] [INFO] 로깅 시스템 초기화됨
[14:59:01.230] [INFO] 서버 인스턴스 생성됨
[14:59:01.231] [INFO] 서버 초기화 시작 (포트: 9000)
[14:59:01.232] [INFO] 윈속 초기화 성공
[14:59:01.233] [INFO] 리스닝 소켓 생성 성공
[14:59:01.234] [INFO] 소켓 바인딩 성공 (포트: 9000)
[14:59:01.234] [INFO] 리스닝 시작됨
[14:59:01.234] [INFO] IOCP 생성 성공
[14:59:01.234] [INFO] CPU 코어 수: 16, 생성할 작업자 스레드: 16
[14:59:01.235] [INFO] 작업자 스레드 #1 생성됨
[14:59:01.235] [INFO] 작업자 스레드 시작 (ThreadID: 20228)
[14:59:01.236] [INFO] 작업자 스레드 #2 생성됨
[14:59:01.236] [INFO] 작업자 스레드 시작 (ThreadID: 4476)
[14:59:01.237] [INFO] 작업자 스레드 #3 생성됨
[14:59:01.237] [INFO] 작업자 스레드 시작 (ThreadID: 16356)
[14:59:01.237] [INFO] 작업자 스레드 #4 생성됨
[14:59:01.238] [INFO] 작업자 스레드 시작 (ThreadID: 43760)
[14:59:01.238] [INFO] 작업자 스레드 #5 생성됨
[14:59:01.238] [INFO] 작업자 스레드 시작 (ThreadID: 22064)
[14:59:01.238] [INFO] 작업자 스레드 #6 생성됨
[14:59:01.239] [INFO] 작업자 스레드 시작 (ThreadID: 40692)
[14:59:01.241] [INFO] 작업자 스레드 #7 생성됨
[14:59:01.241] [INFO] 작업자 스레드 시작 (ThreadID: 41376)
[14:59:01.241] [INFO] 작업자 스레드 #8 생성됨
[14:59:01.242] [INFO] 작업자 스레드 시작 (ThreadID: 24244)
[14:59:01.242] [INFO] 작업자 스레드 #9 생성됨
[14:59:01.243] [INFO] 작업자 스레드 시작 (ThreadID: 23504)
[14:59:01.244] [INFO] 작업자 스레드 #10 생성됨
[14:59:01.244] [INFO] 작업자 스레드 시작 (ThreadID: 16756)
[14:59:01.245] [INFO] 작업자 스레드 #11 생성됨
[14:59:01.245] [INFO] 작업자 스레드 시작 (ThreadID: 35500)
[14:59:01.246] [INFO] 작업자 스레드 #12 생성됨
[14:59:01.246] [INFO] 작업자 스레드 시작 (ThreadID: 16784)
[14:59:01.246] [INFO] 작업자 스레드 #13 생성됨
[14:59:01.247] [INFO] 작업자 스레드 시작 (ThreadID: 23836)
[14:59:01.247] [INFO] 작업자 스레드 #14 생성됨
[14:59:01.247] [INFO] 작업자 스레드 시작 (ThreadID: 42880)
[14:59:01.248] [INFO] 작업자 스레드 #15 생성됨
[14:59:01.248] [INFO] 작업자 스레드 시작 (ThreadID: 36312)
[14:59:01.248] [INFO] 작업자 스레드 #16 생성됨
[14:59:01.248] [INFO] 작업자 스레드 시작 (ThreadID: 17220)
[14:59:01.248] [INFO] 서버 초기화 완료
[14:59:01.249] [INFO] 서버 실행. 포트 번호: 9000
[14:59:01.249] [INFO] IOCP 멀티플레이어 서버 시작됨...
[14:59:01.249] [INFO] 서버 실행 시작
[14:59:08.166] [DEBUG] [SendPacket] WSASend 요청 성공 - 컨텍스트: SendClientId, 보낸 크기: 7, 클라이언트 ID: 1
[14:59:08.166] [INFO] 새 클라이언트에게 ID 1 전송됨
[14:59:08.166] [DEBUG] [SendPacket] WSASend 요청 성공 - 컨텍스트: SendInitialPosition, 보낸 크기: 32, 클라이언트 ID: 1
[14:59:08.167] [INFO] 초기 위치 정보 전송됨 - 클라이언트 ID: 1, 위치: X=0.000000, Y=0.000000, Z=90.000000
[14:59:08.167] [INFO] 새 플레이어 정보(ID: 1) 브로드캐스트 - 수신자 수: 0
[14:59:08.167] [INFO] 기존 플레이어 정보 0개가 새 클라이언트(ID: 1)에게 전송됨
[14:59:08.167] [INFO] 위치 업데이트 - 클라이언트 ID: 1, 위치: X=0.000000, Y=0.000000, Z=90.000000, 속도: X=0.000000, Y=0.000000, Z=0.000000
[14:59:08.168] [INFO] 서버 FPS: 0.289603, 평균 프레임 시간: 690.600037ms, 클라이언트 수: 1
[14:59:08.168] [DEBUG] [SendPacket] WSASend 요청 성공 - 컨텍스트: SendClientId, 보낸 크기: 7, 클라이언트 ID: 2
[14:59:08.168] [INFO] 새 클라이언트에게 ID 2 전송됨
[14:59:08.168] [DEBUG] [SendPacket] WSASend 요청 성공 - 컨텍스트: SendInitialPosition, 보낸 크기: 32, 클라이언트 ID: 2
[14:59:08.169] [INFO] 초기 위치 정보 전송됨 - 클라이언트 ID: 2, 위치: X=300.000000, Y=0.000000, Z=90.000000
[14:59:08.169] [DEBUG] [SendPacket] WSASend 요청 성공 - 컨텍스트: BroadcastNewPlayer, 보낸 크기: 32, 클라이언트 ID: 1
[14:59:08.169] [INFO] 새 플레이어 정보(ID: 2) 브로드캐스트 - 수신자 수: 1
[14:59:08.170] [DEBUG] [SendPacket] WSASend 요청 성공 - 컨텍스트: SendExistingPlayers, 보낸 크기: 32, 클라이언트 ID: 2
[14:59:08.170] [INFO] 기존 플레이어 정보 1개가 새 클라이언트(ID: 2)에게 전송됨
[14:59:08.170] [WARNING] 비정상적으로 긴 델타 타임: 6.906000초
[14:59:08.170] [INFO] 위치 업데이트 - 클라이언트 ID: 1, 위치: X=0.000000, Y=0.000000, Z=90.000000, 속도: X=0.000000, Y=0.000000, Z=0.000000
[14:59:08.170] [INFO] 위치 업데이트 - 클라이언트 ID: 2, 위치: X=300.000000, Y=0.000000, Z=90.000000, 속도: X=0.000000, Y=0.000000, Z=0.000000
[14:59:08.930] [DEBUG] 데이터 수신: 11 바이트, 클라이언트 ID: 1
[14:59:08.931] [DEBUG] [ProcessPacket] Ping 수신, ClientId: 1
[14:59:08.931] [DEBUG] [SendPacket] WSASend 요청 성공 - 컨텍스트: ServerPong, 보낸 크기: 11, 클라이언트 ID: 1
[14:59:08.931] [INFO] [Packet] Pong 전송 - ClientId: 1
[14:59:08.932] [DEBUG] 데이터 수신: 11 바이트, 클라이언트 ID: 2
[14:59:08.932] [DEBUG] [ProcessPacket] Ping 수신, ClientId: 2
[14:59:08.933] [DEBUG] [SendPacket] WSASend 요청 성공 - 컨텍스트: ServerPong, 보낸 크기: 11, 클라이언트 ID: 2
[14:59:08.933] [INFO] [Packet] Pong 전송 - ClientId: 2
[14:59:08.995] [DEBUG] 데이터 수신: 21 바이트, 클라이언트 ID: 1
[14:59:08.995] [INFO] 입력 패킷 수신 - 클라이언트 ID: 1, Forward: 0.000000, Right: 0.000000, Yaw: 0.000000, Jump: false, Attack: true
[14:59:09.044] [DEBUG] 데이터 수신: 21 바이트, 클라이언트 ID: 1
[14:59:09.045] [INFO] 입력 패킷 수신 - 클라이언트 ID: 1, Forward: 0.000000, Right: 0.000000, Yaw: 0.000000, Jump: false, Attack: true
[14:59:09.940] [DEBUG] 데이터 수신: 11 바이트, 클라이언트 ID: 1
[14:59:09.940] [DEBUG] [ProcessPacket] Ping 수신, ClientId: 1
[14:59:09.941] [DEBUG] [SendPacket] WSASend 요청 성공 - 컨텍스트: ServerPong, 보낸 크기: 11, 클라이언트 ID: 1
[14:59:09.941] [INFO] [Packet] Pong 전송 - ClientId: 1
[14:59:09.941] [DEBUG] 데이터 수신: 11 바이트, 클라이언트 ID: 2
[14:59:09.942] [DEBUG] [ProcessPacket] Ping 수신, ClientId: 2
[14:59:09.942] [DEBUG] [SendPacket] WSASend 요청 성공 - 컨텍스트: ServerPong, 보낸 크기: 11, 클라이언트 ID: 2
[14:59:09.942] [INFO] [Packet] Pong 전송 - ClientId: 2
