[15:05:18.039] [INFO] 로깅 시스템 초기화됨
[15:05:18.040] [INFO] 서버 인스턴스 생성됨
[15:05:18.040] [INFO] 서버 초기화 시작 (포트: 9000)
[15:05:18.041] [INFO] 윈속 초기화 성공
[15:05:18.042] [INFO] 리스닝 소켓 생성 성공
[15:05:18.043] [INFO] 소켓 바인딩 성공 (포트: 9000)
[15:05:18.043] [INFO] 리스닝 시작됨
[15:05:18.043] [INFO] IOCP 생성 성공
[15:05:18.043] [INFO] CPU 코어 수: 16, 생성할 작업자 스레드: 16
[15:05:18.044] [INFO] 작업자 스레드 #1 생성됨
[15:05:18.044] [INFO] 작업자 스레드 시작 (ThreadID: 44832)
[15:05:18.045] [INFO] 작업자 스레드 #2 생성됨
[15:05:18.045] [INFO] 작업자 스레드 시작 (ThreadID: 41648)
[15:05:18.046] [INFO] 작업자 스레드 #3 생성됨
[15:05:18.046] [INFO] 작업자 스레드 시작 (ThreadID: 38736)
[15:05:18.046] [INFO] 작업자 스레드 #4 생성됨
[15:05:18.047] [INFO] 작업자 스레드 시작 (ThreadID: 16192)
[15:05:18.047] [INFO] 작업자 스레드 #5 생성됨
[15:05:18.047] [INFO] 작업자 스레드 시작 (ThreadID: 27404)
[15:05:18.048] [INFO] 작업자 스레드 #6 생성됨
[15:05:18.048] [INFO] 작업자 스레드 시작 (ThreadID: 26048)
[15:05:18.048] [INFO] 작업자 스레드 #7 생성됨
[15:05:18.048] [INFO] 작업자 스레드 시작 (ThreadID: 42652)
[15:05:18.049] [INFO] 작업자 스레드 #8 생성됨
[15:05:18.049] [INFO] 작업자 스레드 시작 (ThreadID: 14148)
[15:05:18.050] [INFO] 작업자 스레드 #9 생성됨
[15:05:18.050] [INFO] 작업자 스레드 시작 (ThreadID: 44288)
[15:05:18.050] [INFO] 작업자 스레드 #10 생성됨
[15:05:18.051] [INFO] 작업자 스레드 시작 (ThreadID: 13580)
[15:05:18.051] [INFO] 작업자 스레드 #11 생성됨
[15:05:18.051] [INFO] 작업자 스레드 시작 (ThreadID: 10864)
[15:05:18.052] [INFO] 작업자 스레드 #12 생성됨
[15:05:18.052] [INFO] 작업자 스레드 시작 (ThreadID: 40252)
[15:05:18.052] [INFO] 작업자 스레드 #13 생성됨
[15:05:18.053] [INFO] 작업자 스레드 시작 (ThreadID: 33944)
[15:05:18.053] [INFO] 작업자 스레드 #14 생성됨
[15:05:18.054] [INFO] 작업자 스레드 시작 (ThreadID: 39756)
[15:05:18.054] [INFO] 작업자 스레드 #15 생성됨
[15:05:18.054] [INFO] 작업자 스레드 시작 (ThreadID: 32536)
[15:05:18.055] [INFO] 작업자 스레드 #16 생성됨
[15:05:18.055] [INFO] 서버 초기화 완료
[15:05:18.055] [INFO] 작업자 스레드 시작 (ThreadID: 17596)
[15:05:18.056] [INFO] 서버 실행. 포트 번호: 9000
[15:05:18.056] [INFO] IOCP 멀티플레이어 서버 시작됨...
[15:05:18.056] [INFO] 서버 실행 시작
