[15:06:21.479] [INFO] 로깅 시스템 초기화됨
[15:06:21.479] [INFO] 서버 인스턴스 생성됨
[15:06:21.480] [INFO] 서버 초기화 시작 (포트: 9000)
[15:06:21.481] [INFO] 윈속 초기화 성공
[15:06:21.483] [INFO] 리스닝 소켓 생성 성공
[15:06:21.484] [INFO] 소켓 바인딩 성공 (포트: 9000)
[15:06:21.484] [INFO] 리스닝 시작됨
[15:06:21.484] [INFO] IOCP 생성 성공
[15:06:21.485] [INFO] CPU 코어 수: 16, 생성할 작업자 스레드: 16
[15:06:21.485] [INFO] 작업자 스레드 #1 생성됨
[15:06:21.485] [INFO] 작업자 스레드 시작 (ThreadID: 23832)
[15:06:21.486] [INFO] 작업자 스레드 #2 생성됨
[15:06:21.486] [INFO] 작업자 스레드 시작 (ThreadID: 39532)
[15:06:21.487] [INFO] 작업자 스레드 #3 생성됨
[15:06:21.487] [INFO] 작업자 스레드 시작 (ThreadID: 32552)
[15:06:21.487] [INFO] 작업자 스레드 #4 생성됨
[15:06:21.488] [INFO] 작업자 스레드 시작 (ThreadID: 35192)
[15:06:21.488] [INFO] 작업자 스레드 #5 생성됨
[15:06:21.488] [INFO] 작업자 스레드 시작 (ThreadID: 31032)
[15:06:21.489] [INFO] 작업자 스레드 #6 생성됨
[15:06:21.489] [INFO] 작업자 스레드 시작 (ThreadID: 35072)
[15:06:21.490] [INFO] 작업자 스레드 #7 생성됨
[15:06:21.490] [INFO] 작업자 스레드 시작 (ThreadID: 43864)
[15:06:21.490] [INFO] 작업자 스레드 #8 생성됨
[15:06:21.491] [INFO] 작업자 스레드 시작 (ThreadID: 27600)
[15:06:21.491] [INFO] 작업자 스레드 #9 생성됨
[15:06:21.491] [INFO] 작업자 스레드 시작 (ThreadID: 32268)
[15:06:21.492] [INFO] 작업자 스레드 #10 생성됨
[15:06:21.492] [INFO] 작업자 스레드 시작 (ThreadID: 28028)
[15:06:21.493] [INFO] 작업자 스레드 #11 생성됨
[15:06:21.493] [INFO] 작업자 스레드 시작 (ThreadID: 14096)
[15:06:21.494] [INFO] 작업자 스레드 #12 생성됨
[15:06:21.494] [INFO] 작업자 스레드 시작 (ThreadID: 14516)
[15:06:21.495] [INFO] 작업자 스레드 #13 생성됨
[15:06:21.495] [INFO] 작업자 스레드 시작 (ThreadID: 26852)
[15:06:21.495] [INFO] 작업자 스레드 #14 생성됨
[15:06:21.496] [INFO] 작업자 스레드 시작 (ThreadID: 30668)
[15:06:21.496] [INFO] 작업자 스레드 #15 생성됨
[15:06:21.496] [INFO] 작업자 스레드 시작 (ThreadID: 12892)
[15:06:21.497] [INFO] 작업자 스레드 #16 생성됨
[15:06:21.497] [INFO] 작업자 스레드 시작 (ThreadID: 7728)
[15:06:21.497] [INFO] 서버 초기화 완료
[15:06:21.497] [INFO] 서버 실행. 포트 번호: 9000
[15:06:21.497] [INFO] IOCP 멀티플레이어 서버 시작됨...
[15:06:21.498] [INFO] 서버 실행 시작
[15:06:26.436] [DEBUG] [SendPacket] WSASend 요청 성공 - 컨텍스트: SendClientId, 보낸 크기: 7, 클라이언트 ID: 1
[15:06:26.437] [INFO] 새 클라이언트에게 ID 1 전송됨
[15:06:26.437] [DEBUG] [SendPacket] WSASend 요청 성공 - 컨텍스트: SendInitialPosition, 보낸 크기: 32, 클라이언트 ID: 1
[15:06:26.437] [INFO] 초기 위치 정보 전송됨 - 클라이언트 ID: 1, 위치: X=0.000000, Y=0.000000, Z=90.000000
[15:06:26.438] [INFO] 새 플레이어 정보(ID: 1) 브로드캐스트 - 수신자 수: 0
[15:06:26.438] [INFO] 기존 플레이어 정보 0개가 새 클라이언트(ID: 1)에게 전송됨
[15:06:26.438] [WARNING] UPDATE MUTEX START
[15:06:26.438] [INFO] 위치 업데이트 - 클라이언트 ID: 1, 위치: X=0.000000, Y=0.000000, Z=90.000000, 속도: X=0.000000, Y=0.000000, Z=0.000000
[15:06:26.439] [INFO] 서버 FPS: 0.403796, 평균 프레임 시간: 495.300018ms, 클라이언트 수: 1
[15:06:27.589] [DEBUG] 데이터 수신: 11 바이트, 클라이언트 ID: 1
[15:06:27.590] [DEBUG] [ProcessPacket] Ping 수신, ClientId: 1
[15:06:27.590] [DEBUG] [SendPacket] WSASend 요청 성공 - 컨텍스트: ServerPong, 보낸 크기: 11, 클라이언트 ID: 1
[15:06:27.591] [INFO] [Packet] Pong 전송 - ClientId: 1
[15:06:28.588] [DEBUG] 데이터 수신: 11 바이트, 클라이언트 ID: 1
[15:06:28.588] [DEBUG] [ProcessPacket] Ping 수신, ClientId: 1
[15:06:28.589] [DEBUG] [SendPacket] WSASend 요청 성공 - 컨텍스트: ServerPong, 보낸 크기: 11, 클라이언트 ID: 1
[15:06:28.589] [INFO] [Packet] Pong 전송 - ClientId: 1
[15:06:29.589] [DEBUG] 데이터 수신: 11 바이트, 클라이언트 ID: 1
[15:06:29.590] [DEBUG] [ProcessPacket] Ping 수신, ClientId: 1
[15:06:29.591] [DEBUG] [SendPacket] WSASend 요청 성공 - 컨텍스트: ServerPong, 보낸 크기: 11, 클라이언트 ID: 1
[15:06:29.591] [INFO] [Packet] Pong 전송 - ClientId: 1
[15:06:30.590] [DEBUG] 데이터 수신: 11 바이트, 클라이언트 ID: 1
[15:06:30.590] [DEBUG] [ProcessPacket] Ping 수신, ClientId: 1
[15:06:30.591] [DEBUG] [SendPacket] WSASend 요청 성공 - 컨텍스트: ServerPong, 보낸 크기: 11, 클라이언트 ID: 1
[15:06:30.591] [INFO] [Packet] Pong 전송 - ClientId: 1
[15:06:31.589] [DEBUG] 데이터 수신: 11 바이트, 클라이언트 ID: 1
[15:06:31.589] [DEBUG] [ProcessPacket] Ping 수신, ClientId: 1
[15:06:31.589] [DEBUG] [SendPacket] WSASend 요청 성공 - 컨텍스트: ServerPong, 보낸 크기: 11, 클라이언트 ID: 1
[15:06:31.590] [INFO] [Packet] Pong 전송 - ClientId: 1
[15:06:32.589] [DEBUG] 데이터 수신: 11 바이트, 클라이언트 ID: 1
[15:06:32.589] [DEBUG] [ProcessPacket] Ping 수신, ClientId: 1
[15:06:32.590] [DEBUG] [SendPacket] WSASend 요청 성공 - 컨텍스트: ServerPong, 보낸 크기: 11, 클라이언트 ID: 1
[15:06:32.590] [INFO] [Packet] Pong 전송 - ClientId: 1
[15:06:33.589] [DEBUG] 데이터 수신: 11 바이트, 클라이언트 ID: 1
[15:06:33.589] [DEBUG] [ProcessPacket] Ping 수신, ClientId: 1
[15:06:33.589] [DEBUG] [SendPacket] WSASend 요청 성공 - 컨텍스트: ServerPong, 보낸 크기: 11, 클라이언트 ID: 1
[15:06:33.590] [INFO] [Packet] Pong 전송 - ClientId: 1
[15:06:34.590] [DEBUG] 데이터 수신: 11 바이트, 클라이언트 ID: 1
[15:06:34.590] [DEBUG] [ProcessPacket] Ping 수신, ClientId: 1
[15:06:34.591] [DEBUG] [SendPacket] WSASend 요청 성공 - 컨텍스트: ServerPong, 보낸 크기: 11, 클라이언트 ID: 1
[15:06:34.591] [INFO] [Packet] Pong 전송 - ClientId: 1
[15:06:35.195] [DEBUG] 데이터 수신: 21 바이트, 클라이언트 ID: 1
[15:06:35.196] [INFO] 입력 패킷 수신 - 클라이언트 ID: 1, Forward: 0.000000, Right: 0.000000, Yaw: 0.000000, Jump: false, Attack: true
[15:06:35.224] [DEBUG] 데이터 수신: 21 바이트, 클라이언트 ID: 1
[15:06:35.225] [INFO] 입력 패킷 수신 - 클라이언트 ID: 1, Forward: 0.000000, Right: 0.000000, Yaw: 180.000000, Jump: false, Attack: true
[15:06:35.595] [DEBUG] 데이터 수신: 11 바이트, 클라이언트 ID: 1
[15:06:35.596] [DEBUG] [ProcessPacket] Ping 수신, ClientId: 1
[15:06:35.596] [DEBUG] [SendPacket] WSASend 요청 성공 - 컨텍스트: ServerPong, 보낸 크기: 11, 클라이언트 ID: 1
[15:06:35.596] [INFO] [Packet] Pong 전송 - ClientId: 1
[15:06:36.602] [DEBUG] 데이터 수신: 11 바이트, 클라이언트 ID: 1
[15:06:36.602] [DEBUG] [ProcessPacket] Ping 수신, ClientId: 1
[15:06:36.603] [DEBUG] [SendPacket] WSASend 요청 성공 - 컨텍스트: ServerPong, 보낸 크기: 11, 클라이언트 ID: 1
[15:06:36.603] [INFO] [Packet] Pong 전송 - ClientId: 1
[15:06:37.611] [DEBUG] 데이터 수신: 11 바이트, 클라이언트 ID: 1
[15:06:37.611] [DEBUG] [ProcessPacket] Ping 수신, ClientId: 1
[15:06:37.612] [DEBUG] [SendPacket] WSASend 요청 성공 - 컨텍스트: ServerPong, 보낸 크기: 11, 클라이언트 ID: 1
[15:06:37.612] [INFO] [Packet] Pong 전송 - ClientId: 1
[15:06:38.633] [DEBUG] 데이터 수신: 11 바이트, 클라이언트 ID: 1
[15:06:38.634] [DEBUG] [ProcessPacket] Ping 수신, ClientId: 1
[15:06:38.634] [DEBUG] [SendPacket] WSASend 요청 성공 - 컨텍스트: ServerPong, 보낸 크기: 11, 클라이언트 ID: 1
[15:06:38.634] [INFO] [Packet] Pong 전송 - ClientId: 1
[15:06:38.811] [DEBUG] 데이터 수신: 21 바이트, 클라이언트 ID: 1
[15:06:38.812] [INFO] 입력 패킷 수신 - 클라이언트 ID: 1, Forward: 1.000000, Right: 0.000000, Yaw: 173.000000, Jump: false, Attack: false
[15:06:38.853] [DEBUG] 데이터 수신: 21 바이트, 클라이언트 ID: 1
[15:06:38.853] [INFO] 입력 패킷 수신 - 클라이언트 ID: 1, Forward: 1.000000, Right: 0.000000, Yaw: 169.324997, Jump: false, Attack: false
[15:06:38.892] [DEBUG] 데이터 수신: 21 바이트, 클라이언트 ID: 1
[15:06:38.893] [INFO] 입력 패킷 수신 - 클라이언트 ID: 1, Forward: 1.000000, Right: 0.000000, Yaw: 162.500000, Jump: false, Attack: false
[15:06:38.928] [DEBUG] 데이터 수신: 21 바이트, 클라이언트 ID: 1
[15:06:38.928] [INFO] 입력 패킷 수신 - 클라이언트 ID: 1, Forward: 1.000000, Right: 0.000000, Yaw: 158.300003, Jump: false, Attack: false
[15:06:38.963] [DEBUG] 데이터 수신: 21 바이트, 클라이언트 ID: 1
[15:06:38.963] [INFO] 입력 패킷 수신 - 클라이언트 ID: 1, Forward: 1.000000, Right: 0.000000, Yaw: 156.199997, Jump: false, Attack: false
[15:06:38.999] [DEBUG] 데이터 수신: 21 바이트, 클라이언트 ID: 1
[15:06:38.999] [INFO] 입력 패킷 수신 - 클라이언트 ID: 1, Forward: 1.000000, Right: 0.000000, Yaw: 155.500000, Jump: false, Attack: false
[15:06:39.032] [DEBUG] 데이터 수신: 21 바이트, 클라이언트 ID: 1
[15:06:39.032] [INFO] 입력 패킷 수신 - 클라이언트 ID: 1, Forward: 1.000000, Right: 0.000000, Yaw: 154.274994, Jump: false, Attack: false
[15:06:39.065] [DEBUG] 데이터 수신: 21 바이트, 클라이언트 ID: 1
[15:06:39.065] [INFO] 입력 패킷 수신 - 클라이언트 ID: 1, Forward: 1.000000, Right: 0.000000, Yaw: 152.350006, Jump: false, Attack: false
[15:06:39.100] [DEBUG] 데이터 수신: 21 바이트, 클라이언트 ID: 1
[15:06:39.100] [INFO] 입력 패킷 수신 - 클라이언트 ID: 1, Forward: 1.000000, Right: 0.000000, Yaw: 150.774994, Jump: false, Attack: false
[15:06:39.133] [DEBUG] 데이터 수신: 21 바이트, 클라이언트 ID: 1
[15:06:39.133] [INFO] 입력 패킷 수신 - 클라이언트 ID: 1, Forward: 1.000000, Right: 0.000000, Yaw: 148.850006, Jump: false, Attack: false
[15:06:39.166] [DEBUG] 데이터 수신: 21 바이트, 클라이언트 ID: 1
[15:06:39.166] [INFO] 입력 패킷 수신 - 클라이언트 ID: 1, Forward: 1.000000, Right: 0.000000, Yaw: 146.574997, Jump: false, Attack: false
[15:06:39.641] [DEBUG] 데이터 수신: 11 바이트, 클라이언트 ID: 1
[15:06:39.642] [DEBUG] [ProcessPacket] Ping 수신, ClientId: 1
[15:06:39.642] [DEBUG] [SendPacket] WSASend 요청 성공 - 컨텍스트: ServerPong, 보낸 크기: 11, 클라이언트 ID: 1
[15:06:39.642] [INFO] [Packet] Pong 전송 - ClientId: 1
[15:06:39.673] [DEBUG] 데이터 수신: 21 바이트, 클라이언트 ID: 1
[15:06:39.673] [INFO] 입력 패킷 수신 - 클라이언트 ID: 1, Forward: -1.000000, Right: 0.000000, Yaw: 138.699997, Jump: false, Attack: false
[15:06:39.706] [DEBUG] 데이터 수신: 21 바이트, 클라이언트 ID: 1
[15:06:39.707] [INFO] 입력 패킷 수신 - 클라이언트 ID: 1, Forward: -1.000000, Right: 0.000000, Yaw: 138.875000, Jump: false, Attack: false
[15:06:39.739] [DEBUG] 데이터 수신: 21 바이트, 클라이언트 ID: 1
[15:06:39.740] [INFO] 입력 패킷 수신 - 클라이언트 ID: 1, Forward: -1.000000, Right: 0.000000, Yaw: 139.050003, Jump: false, Attack: false
[15:06:39.769] [DEBUG] 데이터 수신: 21 바이트, 클라이언트 ID: 1
[15:06:39.769] [INFO] 입력 패킷 수신 - 클라이언트 ID: 1, Forward: -1.000000, Right: 0.000000, Yaw: 139.050003, Jump: false, Attack: false
[15:06:39.799] [DEBUG] 데이터 수신: 21 바이트, 클라이언트 ID: 1
[15:06:39.799] [INFO] 입력 패킷 수신 - 클라이언트 ID: 1, Forward: -1.000000, Right: 0.000000, Yaw: 139.050003, Jump: false, Attack: false
[15:06:39.830] [DEBUG] 데이터 수신: 21 바이트, 클라이언트 ID: 1
[15:06:39.831] [INFO] 입력 패킷 수신 - 클라이언트 ID: 1, Forward: -1.000000, Right: 0.000000, Yaw: 139.050003, Jump: false, Attack: false
[15:06:39.867] [DEBUG] 데이터 수신: 21 바이트, 클라이언트 ID: 1
[15:06:39.867] [INFO] 입력 패킷 수신 - 클라이언트 ID: 1, Forward: -1.000000, Right: 0.000000, Yaw: 139.050003, Jump: false, Attack: false
[15:06:39.898] [DEBUG] 데이터 수신: 21 바이트, 클라이언트 ID: 1
[15:06:39.899] [INFO] 입력 패킷 수신 - 클라이언트 ID: 1, Forward: -1.000000, Right: 0.000000, Yaw: 139.050003, Jump: false, Attack: false
[15:06:39.930] [DEBUG] 데이터 수신: 21 바이트, 클라이언트 ID: 1
[15:06:39.931] [INFO] 입력 패킷 수신 - 클라이언트 ID: 1, Forward: -1.000000, Right: 0.000000, Yaw: 139.050003, Jump: false, Attack: false
[15:06:39.962] [DEBUG] 데이터 수신: 21 바이트, 클라이언트 ID: 1
[15:06:39.962] [INFO] 입력 패킷 수신 - 클라이언트 ID: 1, Forward: -1.000000, Right: 0.000000, Yaw: 139.050003, Jump: false, Attack: false
[15:06:39.994] [DEBUG] 데이터 수신: 21 바이트, 클라이언트 ID: 1
[15:06:39.994] [INFO] 입력 패킷 수신 - 클라이언트 ID: 1, Forward: -1.000000, Right: 0.000000, Yaw: 139.050003, Jump: false, Attack: false
[15:06:40.027] [DEBUG] 데이터 수신: 21 바이트, 클라이언트 ID: 1
[15:06:40.027] [INFO] 입력 패킷 수신 - 클라이언트 ID: 1, Forward: -1.000000, Right: 0.000000, Yaw: 139.050003, Jump: false, Attack: false
[15:06:40.060] [DEBUG] 데이터 수신: 21 바이트, 클라이언트 ID: 1
[15:06:40.061] [INFO] 입력 패킷 수신 - 클라이언트 ID: 1, Forward: -1.000000, Right: 0.000000, Yaw: 139.050003, Jump: false, Attack: false
[15:06:40.091] [DEBUG] 데이터 수신: 21 바이트, 클라이언트 ID: 1
[15:06:40.092] [INFO] 입력 패킷 수신 - 클라이언트 ID: 1, Forward: -1.000000, Right: 0.000000, Yaw: 139.050003, Jump: false, Attack: false
[15:06:40.123] [DEBUG] 데이터 수신: 21 바이트, 클라이언트 ID: 1
[15:06:40.124] [INFO] 입력 패킷 수신 - 클라이언트 ID: 1, Forward: -1.000000, Right: 0.000000, Yaw: 139.050003, Jump: false, Attack: false
[15:06:40.154] [DEBUG] 데이터 수신: 21 바이트, 클라이언트 ID: 1
[15:06:40.155] [INFO] 입력 패킷 수신 - 클라이언트 ID: 1, Forward: -1.000000, Right: 0.000000, Yaw: 139.050003, Jump: false, Attack: false
[15:06:40.659] [DEBUG] 데이터 수신: 11 바이트, 클라이언트 ID: 1
[15:06:40.659] [DEBUG] [ProcessPacket] Ping 수신, ClientId: 1
[15:06:40.659] [DEBUG] [SendPacket] WSASend 요청 성공 - 컨텍스트: ServerPong, 보낸 크기: 11, 클라이언트 ID: 1
[15:06:40.660] [INFO] [Packet] Pong 전송 - ClientId: 1
[15:06:40.718] [DEBUG] 데이터 수신: 21 바이트, 클라이언트 ID: 1
[15:06:40.718] [INFO] 입력 패킷 수신 - 클라이언트 ID: 1, Forward: 0.000000, Right: -1.000000, Yaw: 139.050003, Jump: false, Attack: false
[15:06:40.749] [DEBUG] 데이터 수신: 21 바이트, 클라이언트 ID: 1
[15:06:40.749] [INFO] 입력 패킷 수신 - 클라이언트 ID: 1, Forward: 0.000000, Right: -1.000000, Yaw: 139.050003, Jump: false, Attack: false
[15:06:40.779] [DEBUG] 데이터 수신: 21 바이트, 클라이언트 ID: 1
[15:06:40.779] [INFO] 입력 패킷 수신 - 클라이언트 ID: 1, Forward: 0.000000, Right: -1.000000, Yaw: 139.050003, Jump: false, Attack: false
[15:06:40.810] [DEBUG] 데이터 수신: 21 바이트, 클라이언트 ID: 1
[15:06:40.810] [INFO] 입력 패킷 수신 - 클라이언트 ID: 1, Forward: 0.000000, Right: -1.000000, Yaw: 139.050003, Jump: false, Attack: false
[15:06:40.841] [DEBUG] 데이터 수신: 21 바이트, 클라이언트 ID: 1
[15:06:40.841] [INFO] 입력 패킷 수신 - 클라이언트 ID: 1, Forward: 0.000000, Right: -1.000000, Yaw: 139.050003, Jump: false, Attack: false
[15:06:40.872] [DEBUG] 데이터 수신: 21 바이트, 클라이언트 ID: 1
[15:06:40.873] [INFO] 입력 패킷 수신 - 클라이언트 ID: 1, Forward: 0.000000, Right: -1.000000, Yaw: 139.050003, Jump: false, Attack: false
[15:06:40.903] [DEBUG] 데이터 수신: 21 바이트, 클라이언트 ID: 1
[15:06:40.903] [INFO] 입력 패킷 수신 - 클라이언트 ID: 1, Forward: 0.000000, Right: -1.000000, Yaw: 139.050003, Jump: false, Attack: false
[15:06:40.933] [DEBUG] 데이터 수신: 21 바이트, 클라이언트 ID: 1
[15:06:40.934] [INFO] 입력 패킷 수신 - 클라이언트 ID: 1, Forward: 0.000000, Right: -1.000000, Yaw: 139.050003, Jump: false, Attack: false
[15:06:40.966] [DEBUG] 데이터 수신: 21 바이트, 클라이언트 ID: 1
[15:06:40.966] [INFO] 입력 패킷 수신 - 클라이언트 ID: 1, Forward: 0.000000, Right: -1.000000, Yaw: 139.050003, Jump: false, Attack: false
[15:06:40.998] [DEBUG] 데이터 수신: 21 바이트, 클라이언트 ID: 1
[15:06:40.998] [INFO] 입력 패킷 수신 - 클라이언트 ID: 1, Forward: 1.000000, Right: -1.000000, Yaw: 139.050003, Jump: false, Attack: false
[15:06:41.028] [DEBUG] 데이터 수신: 21 바이트, 클라이언트 ID: 1
[15:06:41.028] [INFO] 입력 패킷 수신 - 클라이언트 ID: 1, Forward: 1.000000, Right: -1.000000, Yaw: 139.050003, Jump: false, Attack: false
[15:06:41.060] [DEBUG] 데이터 수신: 21 바이트, 클라이언트 ID: 1
[15:06:41.060] [INFO] 입력 패킷 수신 - 클라이언트 ID: 1, Forward: 1.000000, Right: -1.000000, Yaw: 139.050003, Jump: false, Attack: false
[15:06:41.090] [DEBUG] 데이터 수신: 21 바이트, 클라이언트 ID: 1
[15:06:41.091] [INFO] 입력 패킷 수신 - 클라이언트 ID: 1, Forward: 1.000000, Right: 0.000000, Yaw: 139.050003, Jump: false, Attack: false
[15:06:41.123] [DEBUG] 데이터 수신: 21 바이트, 클라이언트 ID: 1
[15:06:41.124] [INFO] 입력 패킷 수신 - 클라이언트 ID: 1, Forward: 1.000000, Right: 0.000000, Yaw: 139.050003, Jump: false, Attack: false
[15:06:41.153] [DEBUG] 데이터 수신: 21 바이트, 클라이언트 ID: 1
[15:06:41.154] [INFO] 입력 패킷 수신 - 클라이언트 ID: 1, Forward: 1.000000, Right: 0.000000, Yaw: 139.050003, Jump: false, Attack: false
[15:06:41.186] [DEBUG] 데이터 수신: 21 바이트, 클라이언트 ID: 1
[15:06:41.186] [INFO] 입력 패킷 수신 - 클라이언트 ID: 1, Forward: 1.000000, Right: 1.000000, Yaw: 139.050003, Jump: false, Attack: false
[15:06:41.217] [DEBUG] 데이터 수신: 21 바이트, 클라이언트 ID: 1
[15:06:41.218] [INFO] 입력 패킷 수신 - 클라이언트 ID: 1, Forward: 1.000000, Right: 1.000000, Yaw: 139.050003, Jump: false, Attack: false
[15:06:41.248] [DEBUG] 데이터 수신: 21 바이트, 클라이언트 ID: 1
[15:06:41.249] [INFO] 입력 패킷 수신 - 클라이언트 ID: 1, Forward: 1.000000, Right: 1.000000, Yaw: 139.050003, Jump: false, Attack: false
[15:06:41.281] [DEBUG] 데이터 수신: 21 바이트, 클라이언트 ID: 1
[15:06:41.281] [INFO] 입력 패킷 수신 - 클라이언트 ID: 1, Forward: 0.000000, Right: 1.000000, Yaw: 139.050003, Jump: false, Attack: false
[15:06:41.312] [DEBUG] 데이터 수신: 21 바이트, 클라이언트 ID: 1
[15:06:41.312] [INFO] 입력 패킷 수신 - 클라이언트 ID: 1, Forward: 0.000000, Right: 1.000000, Yaw: 139.050003, Jump: false, Attack: false
[15:06:41.343] [DEBUG] 데이터 수신: 21 바이트, 클라이언트 ID: 1
[15:06:41.343] [INFO] 입력 패킷 수신 - 클라이언트 ID: 1, Forward: 0.000000, Right: 1.000000, Yaw: 139.050003, Jump: false, Attack: false
[15:06:41.374] [DEBUG] 데이터 수신: 21 바이트, 클라이언트 ID: 1
[15:06:41.374] [INFO] 입력 패킷 수신 - 클라이언트 ID: 1, Forward: 0.000000, Right: 1.000000, Yaw: 139.050003, Jump: false, Attack: false
[15:06:41.407] [DEBUG] 데이터 수신: 21 바이트, 클라이언트 ID: 1
[15:06:41.407] [INFO] 입력 패킷 수신 - 클라이언트 ID: 1, Forward: 0.000000, Right: 1.000000, Yaw: 139.050003, Jump: false, Attack: false
[15:06:41.439] [DEBUG] 데이터 수신: 21 바이트, 클라이언트 ID: 1
[15:06:41.439] [INFO] 입력 패킷 수신 - 클라이언트 ID: 1, Forward: 0.000000, Right: 1.000000, Yaw: 139.050003, Jump: false, Attack: false
[15:06:41.471] [DEBUG] 데이터 수신: 21 바이트, 클라이언트 ID: 1
[15:06:41.472] [INFO] 입력 패킷 수신 - 클라이언트 ID: 1, Forward: 0.000000, Right: 1.000000, Yaw: 139.050003, Jump: false, Attack: false
[15:06:41.503] [DEBUG] 데이터 수신: 21 바이트, 클라이언트 ID: 1
[15:06:41.503] [INFO] 입력 패킷 수신 - 클라이언트 ID: 1, Forward: 0.000000, Right: 1.000000, Yaw: 139.050003, Jump: false, Attack: false
[15:06:41.534] [DEBUG] 데이터 수신: 21 바이트, 클라이언트 ID: 1
[15:06:41.535] [INFO] 입력 패킷 수신 - 클라이언트 ID: 1, Forward: -1.000000, Right: 1.000000, Yaw: 139.050003, Jump: false, Attack: false
[15:06:41.565] [DEBUG] 데이터 수신: 21 바이트, 클라이언트 ID: 1
[15:06:41.566] [INFO] 입력 패킷 수신 - 클라이언트 ID: 1, Forward: -1.000000, Right: 1.000000, Yaw: 139.050003, Jump: false, Attack: false
[15:06:41.596] [DEBUG] 데이터 수신: 21 바이트, 클라이언트 ID: 1
[15:06:41.597] [INFO] 입력 패킷 수신 - 클라이언트 ID: 1, Forward: -1.000000, Right: 1.000000, Yaw: 139.050003, Jump: false, Attack: false
[15:06:41.627] [DEBUG] 데이터 수신: 21 바이트, 클라이언트 ID: 1
[15:06:41.628] [INFO] 입력 패킷 수신 - 클라이언트 ID: 1, Forward: -1.000000, Right: 1.000000, Yaw: 139.050003, Jump: false, Attack: false
[15:06:41.659] [DEBUG] 데이터 수신: 11 바이트, 클라이언트 ID: 1
[15:06:41.660] [DEBUG] [ProcessPacket] Ping 수신, ClientId: 1
[15:06:41.660] [DEBUG] [SendPacket] WSASend 요청 성공 - 컨텍스트: ServerPong, 보낸 크기: 11, 클라이언트 ID: 1
[15:06:41.660] [INFO] [Packet] Pong 전송 - ClientId: 1
[15:06:41.661] [DEBUG] 데이터 수신: 21 바이트, 클라이언트 ID: 1
[15:06:41.661] [INFO] 입력 패킷 수신 - 클라이언트 ID: 1, Forward: -1.000000, Right: 0.000000, Yaw: 139.050003, Jump: false, Attack: false
[15:06:41.691] [DEBUG] 데이터 수신: 21 바이트, 클라이언트 ID: 1
[15:06:41.692] [INFO] 입력 패킷 수신 - 클라이언트 ID: 1, Forward: -1.000000, Right: 0.000000, Yaw: 139.050003, Jump: false, Attack: false
[15:06:41.729] [DEBUG] 데이터 수신: 21 바이트, 클라이언트 ID: 1
[15:06:41.730] [INFO] 입력 패킷 수신 - 클라이언트 ID: 1, Forward: -1.000000, Right: 0.000000, Yaw: 139.050003, Jump: false, Attack: false
[15:06:41.762] [DEBUG] 데이터 수신: 21 바이트, 클라이언트 ID: 1
[15:06:41.763] [INFO] 입력 패킷 수신 - 클라이언트 ID: 1, Forward: -1.000000, Right: 0.000000, Yaw: 139.050003, Jump: false, Attack: false
[15:06:41.795] [DEBUG] 데이터 수신: 21 바이트, 클라이언트 ID: 1
[15:06:41.795] [INFO] 입력 패킷 수신 - 클라이언트 ID: 1, Forward: -1.000000, Right: -1.000000, Yaw: 139.050003, Jump: false, Attack: false
[15:06:41.829] [DEBUG] 데이터 수신: 21 바이트, 클라이언트 ID: 1
[15:06:41.829] [INFO] 입력 패킷 수신 - 클라이언트 ID: 1, Forward: 0.000000, Right: -1.000000, Yaw: 139.050003, Jump: false, Attack: false
[15:06:41.860] [DEBUG] 데이터 수신: 21 바이트, 클라이언트 ID: 1
[15:06:41.860] [INFO] 입력 패킷 수신 - 클라이언트 ID: 1, Forward: 0.000000, Right: -1.000000, Yaw: 139.050003, Jump: false, Attack: false
[15:06:41.895] [DEBUG] 데이터 수신: 21 바이트, 클라이언트 ID: 1
[15:06:41.896] [INFO] 입력 패킷 수신 - 클라이언트 ID: 1, Forward: 0.000000, Right: -1.000000, Yaw: 139.050003, Jump: false, Attack: false
[15:06:41.931] [DEBUG] 데이터 수신: 21 바이트, 클라이언트 ID: 1
[15:06:41.931] [INFO] 입력 패킷 수신 - 클라이언트 ID: 1, Forward: 0.000000, Right: -1.000000, Yaw: 139.050003, Jump: false, Attack: false
[15:06:41.963] [DEBUG] 데이터 수신: 21 바이트, 클라이언트 ID: 1
[15:06:41.964] [INFO] 입력 패킷 수신 - 클라이언트 ID: 1, Forward: 0.000000, Right: -1.000000, Yaw: 139.050003, Jump: false, Attack: false
[15:06:41.996] [DEBUG] 데이터 수신: 21 바이트, 클라이언트 ID: 1
[15:06:41.997] [INFO] 입력 패킷 수신 - 클라이언트 ID: 1, Forward: 0.000000, Right: -1.000000, Yaw: 139.050003, Jump: false, Attack: false
[15:06:42.030] [DEBUG] 데이터 수신: 21 바이트, 클라이언트 ID: 1
[15:06:42.031] [INFO] 입력 패킷 수신 - 클라이언트 ID: 1, Forward: 1.000000, Right: -1.000000, Yaw: 139.050003, Jump: false, Attack: false
[15:06:42.063] [DEBUG] 데이터 수신: 21 바이트, 클라이언트 ID: 1
[15:06:42.064] [INFO] 입력 패킷 수신 - 클라이언트 ID: 1, Forward: 1.000000, Right: -1.000000, Yaw: 139.050003, Jump: false, Attack: false
[15:06:42.094] [DEBUG] 데이터 수신: 21 바이트, 클라이언트 ID: 1
[15:06:42.095] [INFO] 입력 패킷 수신 - 클라이언트 ID: 1, Forward: 1.000000, Right: -1.000000, Yaw: 139.225006, Jump: false, Attack: false
[15:06:42.128] [DEBUG] 데이터 수신: 21 바이트, 클라이언트 ID: 1
[15:06:42.128] [INFO] 입력 패킷 수신 - 클라이언트 ID: 1, Forward: 1.000000, Right: -1.000000, Yaw: 139.399994, Jump: false, Attack: false
[15:06:42.160] [DEBUG] 데이터 수신: 21 바이트, 클라이언트 ID: 1
[15:06:42.160] [INFO] 입력 패킷 수신 - 클라이언트 ID: 1, Forward: 1.000000, Right: 0.000000, Yaw: 139.399994, Jump: false, Attack: false
[15:06:42.193] [DEBUG] 데이터 수신: 21 바이트, 클라이언트 ID: 1
[15:06:42.193] [INFO] 입력 패킷 수신 - 클라이언트 ID: 1, Forward: 1.000000, Right: 0.000000, Yaw: 139.399994, Jump: false, Attack: false
[15:06:42.225] [DEBUG] 데이터 수신: 21 바이트, 클라이언트 ID: 1
[15:06:42.226] [INFO] 입력 패킷 수신 - 클라이언트 ID: 1, Forward: 1.000000, Right: 0.000000, Yaw: 139.574997, Jump: false, Attack: false
[15:06:42.259] [DEBUG] 데이터 수신: 21 바이트, 클라이언트 ID: 1
[15:06:42.259] [INFO] 입력 패킷 수신 - 클라이언트 ID: 1, Forward: 1.000000, Right: 1.000000, Yaw: 139.574997, Jump: false, Attack: false
[15:06:42.292] [DEBUG] 데이터 수신: 21 바이트, 클라이언트 ID: 1
[15:06:42.292] [INFO] 입력 패킷 수신 - 클라이언트 ID: 1, Forward: 1.000000, Right: 1.000000, Yaw: 139.574997, Jump: false, Attack: false
[15:06:42.326] [DEBUG] 데이터 수신: 21 바이트, 클라이언트 ID: 1
[15:06:42.327] [INFO] 입력 패킷 수신 - 클라이언트 ID: 1, Forward: 0.000000, Right: 1.000000, Yaw: 139.574997, Jump: false, Attack: false
[15:06:42.355] [DEBUG] 데이터 수신: 21 바이트, 클라이언트 ID: 1
[15:06:42.356] [INFO] 입력 패킷 수신 - 클라이언트 ID: 1, Forward: 0.000000, Right: 1.000000, Yaw: 139.750000, Jump: false, Attack: false
[15:06:42.387] [DEBUG] 데이터 수신: 21 바이트, 클라이언트 ID: 1
[15:06:42.388] [INFO] 입력 패킷 수신 - 클라이언트 ID: 1, Forward: 0.000000, Right: 1.000000, Yaw: 139.750000, Jump: false, Attack: false
[15:06:42.420] [DEBUG] 데이터 수신: 21 바이트, 클라이언트 ID: 1
[15:06:42.420] [INFO] 입력 패킷 수신 - 클라이언트 ID: 1, Forward: 0.000000, Right: 1.000000, Yaw: 139.750000, Jump: false, Attack: false
[15:06:42.451] [DEBUG] 데이터 수신: 21 바이트, 클라이언트 ID: 1
[15:06:42.452] [INFO] 입력 패킷 수신 - 클라이언트 ID: 1, Forward: 0.000000, Right: 1.000000, Yaw: 139.750000, Jump: false, Attack: false
[15:06:42.483] [DEBUG] 데이터 수신: 21 바이트, 클라이언트 ID: 1
[15:06:42.483] [INFO] 입력 패킷 수신 - 클라이언트 ID: 1, Forward: -1.000000, Right: 1.000000, Yaw: 139.750000, Jump: false, Attack: false
[15:06:42.518] [DEBUG] 데이터 수신: 21 바이트, 클라이언트 ID: 1
[15:06:42.518] [INFO] 입력 패킷 수신 - 클라이언트 ID: 1, Forward: -1.000000, Right: 0.000000, Yaw: 139.750000, Jump: false, Attack: false
[15:06:42.549] [DEBUG] 데이터 수신: 21 바이트, 클라이언트 ID: 1
[15:06:42.549] [INFO] 입력 패킷 수신 - 클라이언트 ID: 1, Forward: -1.000000, Right: 0.000000, Yaw: 139.925003, Jump: false, Attack: false
[15:06:42.581] [DEBUG] 데이터 수신: 21 바이트, 클라이언트 ID: 1
[15:06:42.581] [INFO] 입력 패킷 수신 - 클라이언트 ID: 1, Forward: -1.000000, Right: 0.000000, Yaw: 140.100006, Jump: false, Attack: false
[15:06:42.613] [DEBUG] 데이터 수신: 21 바이트, 클라이언트 ID: 1
[15:06:42.613] [INFO] 입력 패킷 수신 - 클라이언트 ID: 1, Forward: -1.000000, Right: 0.000000, Yaw: 140.274994, Jump: false, Attack: false
[15:06:42.644] [DEBUG] 데이터 수신: 21 바이트, 클라이언트 ID: 1
[15:06:42.644] [INFO] 입력 패킷 수신 - 클라이언트 ID: 1, Forward: 0.000000, Right: -1.000000, Yaw: 140.274994, Jump: false, Attack: false
[15:06:42.677] [DEBUG] 데이터 수신: 11 바이트, 클라이언트 ID: 1
[15:06:42.678] [DEBUG] [ProcessPacket] Ping 수신, ClientId: 1
[15:06:42.678] [DEBUG] [SendPacket] WSASend 요청 성공 - 컨텍스트: ServerPong, 보낸 크기: 11, 클라이언트 ID: 1
[15:06:42.678] [INFO] [Packet] Pong 전송 - ClientId: 1
[15:06:42.678] [DEBUG] 데이터 수신: 21 바이트, 클라이언트 ID: 1
[15:06:42.679] [INFO] 입력 패킷 수신 - 클라이언트 ID: 1, Forward: 0.000000, Right: -1.000000, Yaw: 140.449997, Jump: false, Attack: false
[15:06:42.709] [DEBUG] 데이터 수신: 21 바이트, 클라이언트 ID: 1
[15:06:42.709] [INFO] 입력 패킷 수신 - 클라이언트 ID: 1, Forward: 0.000000, Right: -1.000000, Yaw: 140.449997, Jump: false, Attack: false
[15:06:42.741] [DEBUG] 데이터 수신: 21 바이트, 클라이언트 ID: 1
[15:06:42.742] [INFO] 입력 패킷 수신 - 클라이언트 ID: 1, Forward: 0.000000, Right: -1.000000, Yaw: 140.449997, Jump: false, Attack: false
[15:06:42.772] [DEBUG] 데이터 수신: 21 바이트, 클라이언트 ID: 1
[15:06:42.773] [INFO] 입력 패킷 수신 - 클라이언트 ID: 1, Forward: 0.000000, Right: -1.000000, Yaw: 140.449997, Jump: false, Attack: false
[15:06:42.804] [DEBUG] 데이터 수신: 21 바이트, 클라이언트 ID: 1
[15:06:42.804] [INFO] 입력 패킷 수신 - 클라이언트 ID: 1, Forward: 0.000000, Right: -1.000000, Yaw: 140.449997, Jump: false, Attack: false
[15:06:42.837] [DEBUG] 데이터 수신: 21 바이트, 클라이언트 ID: 1
[15:06:42.837] [INFO] 입력 패킷 수신 - 클라이언트 ID: 1, Forward: 0.000000, Right: -1.000000, Yaw: 140.625000, Jump: false, Attack: false
[15:06:42.868] [DEBUG] 데이터 수신: 21 바이트, 클라이언트 ID: 1
[15:06:42.869] [INFO] 입력 패킷 수신 - 클라이언트 ID: 1, Forward: 1.000000, Right: -1.000000, Yaw: 140.625000, Jump: false, Attack: false
[15:06:42.898] [DEBUG] 데이터 수신: 21 바이트, 클라이언트 ID: 1
[15:06:42.899] [INFO] 입력 패킷 수신 - 클라이언트 ID: 1, Forward: 1.000000, Right: -1.000000, Yaw: 140.625000, Jump: false, Attack: false
[15:06:42.930] [DEBUG] 데이터 수신: 21 바이트, 클라이언트 ID: 1
[15:06:42.931] [INFO] 입력 패킷 수신 - 클라이언트 ID: 1, Forward: 1.000000, Right: -1.000000, Yaw: 140.625000, Jump: false, Attack: false
[15:06:42.962] [DEBUG] 데이터 수신: 21 바이트, 클라이언트 ID: 1
[15:06:42.963] [INFO] 입력 패킷 수신 - 클라이언트 ID: 1, Forward: 1.000000, Right: -1.000000, Yaw: 140.625000, Jump: false, Attack: false
[15:06:42.994] [DEBUG] 데이터 수신: 21 바이트, 클라이언트 ID: 1
[15:06:42.995] [INFO] 입력 패킷 수신 - 클라이언트 ID: 1, Forward: 1.000000, Right: 0.000000, Yaw: 140.625000, Jump: false, Attack: false
[15:06:43.026] [DEBUG] 데이터 수신: 21 바이트, 클라이언트 ID: 1
[15:06:43.026] [INFO] 입력 패킷 수신 - 클라이언트 ID: 1, Forward: 1.000000, Right: 0.000000, Yaw: 140.625000, Jump: false, Attack: false
[15:06:43.059] [DEBUG] 데이터 수신: 21 바이트, 클라이언트 ID: 1
[15:06:43.060] [INFO] 입력 패킷 수신 - 클라이언트 ID: 1, Forward: 1.000000, Right: 0.000000, Yaw: 140.625000, Jump: false, Attack: false
[15:06:43.091] [DEBUG] 데이터 수신: 21 바이트, 클라이언트 ID: 1
[15:06:43.092] [INFO] 입력 패킷 수신 - 클라이언트 ID: 1, Forward: 1.000000, Right: 1.000000, Yaw: 140.625000, Jump: false, Attack: false
[15:06:43.124] [DEBUG] 데이터 수신: 21 바이트, 클라이언트 ID: 1
[15:06:43.125] [INFO] 입력 패킷 수신 - 클라이언트 ID: 1, Forward: 1.000000, Right: 1.000000, Yaw: 140.800003, Jump: false, Attack: false
[15:06:43.155] [DEBUG] 데이터 수신: 21 바이트, 클라이언트 ID: 1
[15:06:43.155] [INFO] 입력 패킷 수신 - 클라이언트 ID: 1, Forward: 0.000000, Right: 1.000000, Yaw: 140.975006, Jump: false, Attack: false
[15:06:43.188] [DEBUG] 데이터 수신: 21 바이트, 클라이언트 ID: 1
[15:06:43.188] [INFO] 입력 패킷 수신 - 클라이언트 ID: 1, Forward: 0.000000, Right: 1.000000, Yaw: 140.975006, Jump: false, Attack: false
[15:06:43.220] [DEBUG] 데이터 수신: 21 바이트, 클라이언트 ID: 1
[15:06:43.220] [INFO] 입력 패킷 수신 - 클라이언트 ID: 1, Forward: 0.000000, Right: 1.000000, Yaw: 140.975006, Jump: false, Attack: false
[15:06:43.254] [DEBUG] 데이터 수신: 21 바이트, 클라이언트 ID: 1
[15:06:43.254] [INFO] 입력 패킷 수신 - 클라이언트 ID: 1, Forward: 0.000000, Right: 1.000000, Yaw: 140.975006, Jump: false, Attack: false
[15:06:43.285] [DEBUG] 데이터 수신: 21 바이트, 클라이언트 ID: 1
[15:06:43.285] [INFO] 입력 패킷 수신 - 클라이언트 ID: 1, Forward: 0.000000, Right: 1.000000, Yaw: 140.975006, Jump: false, Attack: false
[15:06:43.318] [DEBUG] 데이터 수신: 21 바이트, 클라이언트 ID: 1
[15:06:43.318] [INFO] 입력 패킷 수신 - 클라이언트 ID: 1, Forward: -1.000000, Right: 1.000000, Yaw: 140.975006, Jump: false, Attack: false
[15:06:43.349] [DEBUG] 데이터 수신: 21 바이트, 클라이언트 ID: 1
[15:06:43.349] [INFO] 입력 패킷 수신 - 클라이언트 ID: 1, Forward: -1.000000, Right: 1.000000, Yaw: 140.975006, Jump: false, Attack: false
[15:06:43.381] [DEBUG] 데이터 수신: 21 바이트, 클라이언트 ID: 1
[15:06:43.382] [INFO] 입력 패킷 수신 - 클라이언트 ID: 1, Forward: -1.000000, Right: 0.000000, Yaw: 140.975006, Jump: false, Attack: false
[15:06:43.419] [DEBUG] 데이터 수신: 21 바이트, 클라이언트 ID: 1
[15:06:43.419] [INFO] 입력 패킷 수신 - 클라이언트 ID: 1, Forward: -1.000000, Right: 0.000000, Yaw: 140.975006, Jump: false, Attack: false
[15:06:43.490] [DEBUG] 데이터 수신: 21 바이트, 클라이언트 ID: 1
[15:06:43.490] [INFO] 입력 패킷 수신 - 클라이언트 ID: 1, Forward: 0.000000, Right: -1.000000, Yaw: 141.149994, Jump: false, Attack: false
[15:06:43.522] [DEBUG] 데이터 수신: 21 바이트, 클라이언트 ID: 1
[15:06:43.523] [INFO] 입력 패킷 수신 - 클라이언트 ID: 1, Forward: 0.000000, Right: -1.000000, Yaw: 140.975006, Jump: false, Attack: false
[15:06:43.554] [DEBUG] 데이터 수신: 21 바이트, 클라이언트 ID: 1
[15:06:43.554] [INFO] 입력 패킷 수신 - 클라이언트 ID: 1, Forward: 0.000000, Right: -1.000000, Yaw: 138.350006, Jump: false, Attack: false
[15:06:43.585] [DEBUG] 데이터 수신: 21 바이트, 클라이언트 ID: 1
[15:06:43.586] [INFO] 입력 패킷 수신 - 클라이언트 ID: 1, Forward: 0.000000, Right: -1.000000, Yaw: 136.074997, Jump: false, Attack: false
[15:06:43.619] [DEBUG] 데이터 수신: 21 바이트, 클라이언트 ID: 1
[15:06:43.620] [INFO] 입력 패킷 수신 - 클라이언트 ID: 1, Forward: 0.000000, Right: -1.000000, Yaw: 133.449997, Jump: false, Attack: false
[15:06:43.652] [DEBUG] 데이터 수신: 21 바이트, 클라이언트 ID: 1
[15:06:43.653] [INFO] 입력 패킷 수신 - 클라이언트 ID: 1, Forward: 0.000000, Right: -1.000000, Yaw: 129.425003, Jump: false, Attack: false
[15:06:43.687] [DEBUG] 데이터 수신: 11 바이트, 클라이언트 ID: 1
[15:06:43.687] [DEBUG] [ProcessPacket] Ping 수신, ClientId: 1
[15:06:43.688] [DEBUG] [SendPacket] WSASend 요청 성공 - 컨텍스트: ServerPong, 보낸 크기: 11, 클라이언트 ID: 1
[15:06:43.688] [INFO] [Packet] Pong 전송 - ClientId: 1
[15:06:43.688] [DEBUG] 데이터 수신: 21 바이트, 클라이언트 ID: 1
[15:06:43.688] [INFO] 입력 패킷 수신 - 클라이언트 ID: 1, Forward: 0.000000, Right: -1.000000, Yaw: 123.824997, Jump: false, Attack: false
[15:06:43.718] [DEBUG] 데이터 수신: 21 바이트, 클라이언트 ID: 1
[15:06:43.719] [INFO] 입력 패킷 수신 - 클라이언트 ID: 1, Forward: 0.000000, Right: -1.000000, Yaw: 117.174995, Jump: false, Attack: false
[15:06:44.706] [DEBUG] 데이터 수신: 11 바이트, 클라이언트 ID: 1
[15:06:44.707] [DEBUG] [ProcessPacket] Ping 수신, ClientId: 1
[15:06:44.707] [DEBUG] [SendPacket] WSASend 요청 성공 - 컨텍스트: ServerPong, 보낸 크기: 11, 클라이언트 ID: 1
[15:06:44.707] [INFO] [Packet] Pong 전송 - ClientId: 1
[15:06:45.707] [DEBUG] 데이터 수신: 11 바이트, 클라이언트 ID: 1
[15:06:45.708] [DEBUG] [ProcessPacket] Ping 수신, ClientId: 1
[15:06:45.708] [DEBUG] [SendPacket] WSASend 요청 성공 - 컨텍스트: ServerPong, 보낸 크기: 11, 클라이언트 ID: 1
[15:06:45.708] [INFO] [Packet] Pong 전송 - ClientId: 1
[15:06:47.029] [DEBUG] 데이터 수신: 11 바이트, 클라이언트 ID: 1
[15:06:47.030] [DEBUG] [ProcessPacket] Ping 수신, ClientId: 1
[15:06:47.030] [DEBUG] [SendPacket] WSASend 요청 성공 - 컨텍스트: ServerPong, 보낸 크기: 11, 클라이언트 ID: 1
[15:06:47.030] [INFO] [Packet] Pong 전송 - ClientId: 1
[15:06:48.337] [DEBUG] 데이터 수신: 11 바이트, 클라이언트 ID: 1
[15:06:48.337] [DEBUG] [ProcessPacket] Ping 수신, ClientId: 1
[15:06:48.337] [DEBUG] [SendPacket] WSASend 요청 성공 - 컨텍스트: ServerPong, 보낸 크기: 11, 클라이언트 ID: 1
[15:06:48.338] [INFO] [Packet] Pong 전송 - ClientId: 1
[15:06:49.622] [DEBUG] 데이터 수신: 11 바이트, 클라이언트 ID: 1
[15:06:49.622] [DEBUG] [ProcessPacket] Ping 수신, ClientId: 1
[15:06:49.622] [DEBUG] [SendPacket] WSASend 요청 성공 - 컨텍스트: ServerPong, 보낸 크기: 11, 클라이언트 ID: 1
[15:06:49.622] [INFO] [Packet] Pong 전송 - ClientId: 1
[15:06:50.411] [DEBUG] 데이터 수신: 21 바이트, 클라이언트 ID: 1
[15:06:50.412] [INFO] 입력 패킷 수신 - 클라이언트 ID: 1, Forward: 0.000000, Right: 0.000000, Yaw: 106.325005, Jump: false, Attack: true
[15:06:50.443] [DEBUG] 데이터 수신: 21 바이트, 클라이언트 ID: 1
[15:06:50.443] [INFO] 입력 패킷 수신 - 클라이언트 ID: 1, Forward: 0.000000, Right: 0.000000, Yaw: 106.325005, Jump: false, Attack: true
