[14:53:40.009] [INFO] 로깅 시스템 초기화됨
[14:53:40.010] [INFO] 서버 인스턴스 생성됨
[14:53:40.010] [INFO] 서버 초기화 시작 (포트: 9000)
[14:53:40.011] [INFO] 윈속 초기화 성공
[14:53:40.012] [INFO] 리스닝 소켓 생성 성공
[14:53:40.012] [INFO] 소켓 바인딩 성공 (포트: 9000)
[14:53:40.012] [INFO] 리스닝 시작됨
[14:53:40.012] [INFO] IOCP 생성 성공
[14:53:40.013] [INFO] CPU 코어 수: 16, 생성할 작업자 스레드: 16
[14:53:40.013] [INFO] 작업자 스레드 #1 생성됨
[14:53:40.013] [INFO] 작업자 스레드 시작 (ThreadID: 23488)
[14:53:40.013] [INFO] 작업자 스레드 #2 생성됨
[14:53:40.013] [INFO] 작업자 스레드 시작 (ThreadID: 42284)
[14:53:40.014] [INFO] 작업자 스레드 #3 생성됨
[14:53:40.014] [INFO] 작업자 스레드 시작 (ThreadID: 40956)
[14:53:40.014] [INFO] 작업자 스레드 #4 생성됨
[14:53:40.015] [INFO] 작업자 스레드 시작 (ThreadID: 11296)
[14:53:40.015] [INFO] 작업자 스레드 #5 생성됨
[14:53:40.015] [INFO] 작업자 스레드 시작 (ThreadID: 10820)
[14:53:40.015] [INFO] 작업자 스레드 #6 생성됨
[14:53:40.016] [INFO] 작업자 스레드 시작 (ThreadID: 29408)
[14:53:40.016] [INFO] 작업자 스레드 #7 생성됨
[14:53:40.016] [INFO] 작업자 스레드 시작 (ThreadID: 43700)
[14:53:40.016] [INFO] 작업자 스레드 #8 생성됨
[14:53:40.016] [INFO] 작업자 스레드 시작 (ThreadID: 16848)
[14:53:40.017] [INFO] 작업자 스레드 #9 생성됨
[14:53:40.017] [INFO] 작업자 스레드 시작 (ThreadID: 44148)
[14:53:40.017] [INFO] 작업자 스레드 #10 생성됨
[14:53:40.017] [INFO] 작업자 스레드 시작 (ThreadID: 4080)
[14:53:40.017] [INFO] 작업자 스레드 #11 생성됨
[14:53:40.018] [INFO] 작업자 스레드 시작 (ThreadID: 43416)
[14:53:40.018] [INFO] 작업자 스레드 #12 생성됨
[14:53:40.018] [INFO] 작업자 스레드 시작 (ThreadID: 31592)
[14:53:40.018] [INFO] 작업자 스레드 #13 생성됨
[14:53:40.018] [INFO] 작업자 스레드 시작 (ThreadID: 20668)
[14:53:40.019] [INFO] 작업자 스레드 #14 생성됨
[14:53:40.019] [INFO] 작업자 스레드 시작 (ThreadID: 28748)
[14:53:40.019] [INFO] 작업자 스레드 #15 생성됨
[14:53:40.019] [INFO] 작업자 스레드 시작 (ThreadID: 25052)
[14:53:40.019] [INFO] 작업자 스레드 #16 생성됨
[14:53:40.020] [INFO] 작업자 스레드 시작 (ThreadID: 44968)
[14:53:40.020] [INFO] 서버 초기화 완료
[14:53:40.020] [INFO] 서버 실행. 포트 번호: 9000
[14:53:40.020] [INFO] IOCP 멀티플레이어 서버 시작됨...
[14:53:40.020] [INFO] 서버 실행 시작
[14:53:42.515] [DEBUG] [SendPacket] WSASend 요청 성공 - 컨텍스트: SendClientId, 보낸 크기: 7, 클라이언트 ID: 1
[14:53:42.515] [INFO] 새 클라이언트에게 ID 1 전송됨
[14:53:42.515] [DEBUG] [SendPacket] WSASend 요청 성공 - 컨텍스트: SendInitialPosition, 보낸 크기: 32, 클라이언트 ID: 1
[14:53:42.516] [INFO] 초기 위치 정보 전송됨 - 클라이언트 ID: 1, 위치: X=0.000000, Y=0.000000, Z=90.000000
[14:53:42.516] [INFO] 새 플레이어 정보(ID: 1) 브로드캐스트 - 수신자 수: 0
[14:53:42.516] [INFO] 기존 플레이어 정보 0개가 새 클라이언트(ID: 1)에게 전송됨
[14:53:42.516] [INFO] 위치 업데이트 - 클라이언트 ID: 1, 위치: X=0.000000, Y=0.000000, Z=90.000000, 속도: X=0.000000, Y=0.000000, Z=0.000000
[14:53:42.517] [INFO] 서버 FPS: 0.800000, 평균 프레임 시간: 250.000000ms, 클라이언트 수: 1
[14:53:42.517] [DEBUG] [SendPacket] WSASend 요청 성공 - 컨텍스트: SendClientId, 보낸 크기: 7, 클라이언트 ID: 2
[14:53:42.517] [INFO] 새 클라이언트에게 ID 2 전송됨
[14:53:42.517] [DEBUG] [SendPacket] WSASend 요청 성공 - 컨텍스트: SendInitialPosition, 보낸 크기: 32, 클라이언트 ID: 2
[14:53:42.517] [INFO] 초기 위치 정보 전송됨 - 클라이언트 ID: 2, 위치: X=300.000000, Y=0.000000, Z=90.000000
[14:53:42.518] [DEBUG] [SendPacket] WSASend 요청 성공 - 컨텍스트: BroadcastNewPlayer, 보낸 크기: 32, 클라이언트 ID: 1
[14:53:42.518] [INFO] 새 플레이어 정보(ID: 2) 브로드캐스트 - 수신자 수: 1
[14:53:42.518] [DEBUG] [SendPacket] WSASend 요청 성공 - 컨텍스트: SendExistingPlayers, 보낸 크기: 32, 클라이언트 ID: 2
[14:53:42.518] [INFO] 기존 플레이어 정보 1개가 새 클라이언트(ID: 2)에게 전송됨
[14:53:42.518] [WARNING] 비정상적으로 긴 델타 타임: 2.500000초
[14:53:42.519] [INFO] 위치 업데이트 - 클라이언트 ID: 1, 위치: X=0.000000, Y=0.000000, Z=90.000000, 속도: X=0.000000, Y=0.000000, Z=0.000000
[14:53:42.519] [INFO] 위치 업데이트 - 클라이언트 ID: 2, 위치: X=300.000000, Y=0.000000, Z=90.000000, 속도: X=0.000000, Y=0.000000, Z=0.000000
[14:53:43.522] [DEBUG] 데이터 수신: 11 바이트, 클라이언트 ID: 1
[14:53:43.522] [DEBUG] [ProcessPacket] Ping 수신, ClientId: 1
[14:53:43.523] [DEBUG] [SendPacket] WSASend 요청 성공 - 컨텍스트: ServerPong, 보낸 크기: 11, 클라이언트 ID: 1
[14:53:43.523] [INFO] [Packet] Pong 전송 - ClientId: 1
[14:53:43.523] [DEBUG] 데이터 수신: 11 바이트, 클라이언트 ID: 2
[14:53:43.524] [DEBUG] [ProcessPacket] Ping 수신, ClientId: 2
[14:53:43.524] [DEBUG] [SendPacket] WSASend 요청 성공 - 컨텍스트: ServerPong, 보낸 크기: 11, 클라이언트 ID: 2
[14:53:43.524] [INFO] [Packet] Pong 전송 - ClientId: 2
[14:53:44.537] [DEBUG] 데이터 수신: 11 바이트, 클라이언트 ID: 1
[14:53:44.537] [DEBUG] [ProcessPacket] Ping 수신, ClientId: 1
[14:53:44.538] [DEBUG] [SendPacket] WSASend 요청 성공 - 컨텍스트: ServerPong, 보낸 크기: 11, 클라이언트 ID: 1
[14:53:44.538] [INFO] [Packet] Pong 전송 - ClientId: 1
[14:53:44.538] [DEBUG] 데이터 수신: 11 바이트, 클라이언트 ID: 2
[14:53:44.538] [DEBUG] [ProcessPacket] Ping 수신, ClientId: 2
[14:53:44.539] [DEBUG] [SendPacket] WSASend 요청 성공 - 컨텍스트: ServerPong, 보낸 크기: 11, 클라이언트 ID: 2
[14:53:44.539] [INFO] [Packet] Pong 전송 - ClientId: 2
[14:53:45.570] [DEBUG] 데이터 수신: 11 바이트, 클라이언트 ID: 1
[14:53:45.570] [DEBUG] [ProcessPacket] Ping 수신, ClientId: 1
[14:53:45.571] [DEBUG] [SendPacket] WSASend 요청 성공 - 컨텍스트: ServerPong, 보낸 크기: 11, 클라이언트 ID: 1
[14:53:45.571] [INFO] [Packet] Pong 전송 - ClientId: 1
[14:53:45.571] [DEBUG] 데이터 수신: 11 바이트, 클라이언트 ID: 2
[14:53:45.572] [DEBUG] [ProcessPacket] Ping 수신, ClientId: 2
[14:53:45.572] [DEBUG] [SendPacket] WSASend 요청 성공 - 컨텍스트: ServerPong, 보낸 크기: 11, 클라이언트 ID: 2
[14:53:45.572] [INFO] [Packet] Pong 전송 - ClientId: 2
[14:53:46.612] [DEBUG] 데이터 수신: 11 바이트, 클라이언트 ID: 1
[14:53:46.612] [DEBUG] [ProcessPacket] Ping 수신, ClientId: 1
[14:53:46.612] [DEBUG] [SendPacket] WSASend 요청 성공 - 컨텍스트: ServerPong, 보낸 크기: 11, 클라이언트 ID: 1
[14:53:46.613] [INFO] [Packet] Pong 전송 - ClientId: 1
[14:53:46.613] [DEBUG] 데이터 수신: 11 바이트, 클라이언트 ID: 2
[14:53:46.613] [DEBUG] [ProcessPacket] Ping 수신, ClientId: 2
[14:53:46.614] [DEBUG] [SendPacket] WSASend 요청 성공 - 컨텍스트: ServerPong, 보낸 크기: 11, 클라이언트 ID: 2
[14:53:46.614] [INFO] [Packet] Pong 전송 - ClientId: 2
[14:53:47.639] [DEBUG] 데이터 수신: 11 바이트, 클라이언트 ID: 1
[14:53:47.640] [DEBUG] [ProcessPacket] Ping 수신, ClientId: 1
[14:53:47.640] [DEBUG] [SendPacket] WSASend 요청 성공 - 컨텍스트: ServerPong, 보낸 크기: 11, 클라이언트 ID: 1
[14:53:47.640] [INFO] [Packet] Pong 전송 - ClientId: 1
[14:53:47.641] [DEBUG] 데이터 수신: 11 바이트, 클라이언트 ID: 2
[14:53:47.641] [DEBUG] [ProcessPacket] Ping 수신, ClientId: 2
[14:53:47.641] [DEBUG] [SendPacket] WSASend 요청 성공 - 컨텍스트: ServerPong, 보낸 크기: 11, 클라이언트 ID: 2
[14:53:47.641] [INFO] [Packet] Pong 전송 - ClientId: 2
[14:53:48.685] [DEBUG] 데이터 수신: 11 바이트, 클라이언트 ID: 1
[14:53:48.686] [DEBUG] [ProcessPacket] Ping 수신, ClientId: 1
[14:53:48.686] [DEBUG] [SendPacket] WSASend 요청 성공 - 컨텍스트: ServerPong, 보낸 크기: 11, 클라이언트 ID: 1
[14:53:48.686] [INFO] [Packet] Pong 전송 - ClientId: 1
[14:53:48.686] [DEBUG] 데이터 수신: 11 바이트, 클라이언트 ID: 2
[14:53:48.687] [DEBUG] [ProcessPacket] Ping 수신, ClientId: 2
[14:53:48.687] [DEBUG] [SendPacket] WSASend 요청 성공 - 컨텍스트: ServerPong, 보낸 크기: 11, 클라이언트 ID: 2
[14:53:48.687] [INFO] [Packet] Pong 전송 - ClientId: 2
[14:53:49.645] [DEBUG] 데이터 수신: 21 바이트, 클라이언트 ID: 1
[14:53:49.646] [INFO] 입력 패킷 수신 - 클라이언트 ID: 1, Forward: 0.000000, Right: 1.000000, Yaw: 336.975006, Jump: false, Attack: false
[14:53:49.694] [DEBUG] 데이터 수신: 11 바이트, 클라이언트 ID: 1
[14:53:49.694] [DEBUG] [ProcessPacket] Ping 수신, ClientId: 1
[14:53:49.695] [DEBUG] [SendPacket] WSASend 요청 성공 - 컨텍스트: ServerPong, 보낸 크기: 11, 클라이언트 ID: 1
[14:53:49.695] [INFO] [Packet] Pong 전송 - ClientId: 1
[14:53:49.695] [DEBUG] 데이터 수신: 21 바이트, 클라이언트 ID: 1
[14:53:49.695] [DEBUG] 데이터 수신: 11 바이트, 클라이언트 ID: 2
[14:53:49.696] [INFO] 입력 패킷 수신 - 클라이언트 ID: 1, Forward: 0.000000, Right: 1.000000, Yaw: 336.975006, Jump: false, Attack: false
[14:53:49.696] [DEBUG] [ProcessPacket] Ping 수신, ClientId: 2
[14:53:49.696] [DEBUG] [SendPacket] WSASend 요청 성공 - 컨텍스트: ServerPong, 보낸 크기: 11, 클라이언트 ID: 2
[14:53:49.696] [INFO] [Packet] Pong 전송 - ClientId: 2
[14:53:49.746] [DEBUG] 데이터 수신: 21 바이트, 클라이언트 ID: 1
[14:53:49.747] [INFO] 입력 패킷 수신 - 클라이언트 ID: 1, Forward: 0.000000, Right: 1.000000, Yaw: 336.975006, Jump: false, Attack: false
[14:53:49.800] [DEBUG] 데이터 수신: 21 바이트, 클라이언트 ID: 1
[14:53:49.801] [INFO] 입력 패킷 수신 - 클라이언트 ID: 1, Forward: 0.000000, Right: 1.000000, Yaw: 336.975006, Jump: false, Attack: false
[14:53:50.303] [DEBUG] 데이터 수신: 21 바이트, 클라이언트 ID: 1
[14:53:50.303] [INFO] 입력 패킷 수신 - 클라이언트 ID: 1, Forward: 0.000000, Right: -1.000000, Yaw: 336.975006, Jump: false, Attack: false
[14:53:50.354] [DEBUG] 데이터 수신: 21 바이트, 클라이언트 ID: 1
[14:53:50.354] [INFO] 입력 패킷 수신 - 클라이언트 ID: 1, Forward: 0.000000, Right: -1.000000, Yaw: 336.975006, Jump: false, Attack: false
[14:53:50.408] [DEBUG] 데이터 수신: 21 바이트, 클라이언트 ID: 1
[14:53:50.409] [INFO] 입력 패킷 수신 - 클라이언트 ID: 1, Forward: 0.000000, Right: -1.000000, Yaw: 336.975006, Jump: false, Attack: false
[14:53:50.459] [DEBUG] 데이터 수신: 21 바이트, 클라이언트 ID: 1
[14:53:50.460] [INFO] 입력 패킷 수신 - 클라이언트 ID: 1, Forward: 0.000000, Right: -1.000000, Yaw: 336.975006, Jump: false, Attack: false
[14:53:50.613] [DEBUG] 데이터 수신: 21 바이트, 클라이언트 ID: 1
[14:53:50.613] [INFO] 입력 패킷 수신 - 클라이언트 ID: 1, Forward: 0.000000, Right: -1.000000, Yaw: 337.500000, Jump: false, Attack: false
[14:53:50.664] [DEBUG] 데이터 수신: 21 바이트, 클라이언트 ID: 1
[14:53:50.665] [INFO] 입력 패킷 수신 - 클라이언트 ID: 1, Forward: 0.000000, Right: -1.000000, Yaw: 337.500000, Jump: false, Attack: false
[14:53:50.721] [DEBUG] 데이터 수신: 11 바이트, 클라이언트 ID: 1
[14:53:50.721] [DEBUG] [ProcessPacket] Ping 수신, ClientId: 1
[14:53:50.722] [DEBUG] [SendPacket] WSASend 요청 성공 - 컨텍스트: ServerPong, 보낸 크기: 11, 클라이언트 ID: 1
[14:53:50.722] [INFO] [Packet] Pong 전송 - ClientId: 1
[14:53:50.722] [DEBUG] 데이터 수신: 21 바이트, 클라이언트 ID: 1
[14:53:50.722] [INFO] 입력 패킷 수신 - 클라이언트 ID: 1, Forward: 0.000000, Right: -1.000000, Yaw: 337.500000, Jump: false, Attack: false
[14:53:50.722] [DEBUG] 데이터 수신: 11 바이트, 클라이언트 ID: 2
[14:53:50.723] [DEBUG] [ProcessPacket] Ping 수신, ClientId: 2
[14:53:50.723] [DEBUG] [SendPacket] WSASend 요청 성공 - 컨텍스트: ServerPong, 보낸 크기: 11, 클라이언트 ID: 2
[14:53:50.723] [INFO] [Packet] Pong 전송 - ClientId: 2
[14:53:50.775] [DEBUG] 데이터 수신: 21 바이트, 클라이언트 ID: 1
[14:53:50.775] [INFO] 입력 패킷 수신 - 클라이언트 ID: 1, Forward: 0.000000, Right: -1.000000, Yaw: 337.674988, Jump: false, Attack: false
[14:53:50.825] [DEBUG] 데이터 수신: 21 바이트, 클라이언트 ID: 1
[14:53:50.825] [INFO] 입력 패킷 수신 - 클라이언트 ID: 1, Forward: 1.000000, Right: -1.000000, Yaw: 337.674988, Jump: false, Attack: false
[14:53:50.875] [DEBUG] 데이터 수신: 21 바이트, 클라이언트 ID: 1
[14:53:50.876] [INFO] 입력 패킷 수신 - 클라이언트 ID: 1, Forward: 1.000000, Right: -1.000000, Yaw: 337.674988, Jump: false, Attack: false
[14:53:50.926] [DEBUG] 데이터 수신: 21 바이트, 클라이언트 ID: 1
[14:53:50.927] [INFO] 입력 패킷 수신 - 클라이언트 ID: 1, Forward: 1.000000, Right: -1.000000, Yaw: 337.674988, Jump: false, Attack: false
[14:53:50.984] [DEBUG] 데이터 수신: 21 바이트, 클라이언트 ID: 1
[14:53:50.984] [INFO] 입력 패킷 수신 - 클라이언트 ID: 1, Forward: 1.000000, Right: 0.000000, Yaw: 337.850006, Jump: false, Attack: false
[14:53:51.037] [DEBUG] 데이터 수신: 21 바이트, 클라이언트 ID: 1
[14:53:51.037] [INFO] 입력 패킷 수신 - 클라이언트 ID: 1, Forward: 1.000000, Right: 0.000000, Yaw: 337.850006, Jump: false, Attack: false
[14:53:51.089] [DEBUG] 데이터 수신: 21 바이트, 클라이언트 ID: 1
[14:53:51.090] [INFO] 입력 패킷 수신 - 클라이언트 ID: 1, Forward: 1.000000, Right: 0.000000, Yaw: 337.850006, Jump: false, Attack: false
[14:53:51.139] [DEBUG] 데이터 수신: 21 바이트, 클라이언트 ID: 1
[14:53:51.140] [INFO] 입력 패킷 수신 - 클라이언트 ID: 1, Forward: 1.000000, Right: 0.000000, Yaw: 337.850006, Jump: false, Attack: false
[14:53:51.190] [DEBUG] 데이터 수신: 21 바이트, 클라이언트 ID: 1
[14:53:51.190] [INFO] 입력 패킷 수신 - 클라이언트 ID: 1, Forward: 1.000000, Right: 1.000000, Yaw: 337.850006, Jump: false, Attack: false
[14:53:51.241] [DEBUG] 데이터 수신: 21 바이트, 클라이언트 ID: 1
[14:53:51.241] [INFO] 입력 패킷 수신 - 클라이언트 ID: 1, Forward: 1.000000, Right: 1.000000, Yaw: 337.850006, Jump: false, Attack: false
[14:53:51.291] [DEBUG] 데이터 수신: 21 바이트, 클라이언트 ID: 1
[14:53:51.291] [INFO] 입력 패킷 수신 - 클라이언트 ID: 1, Forward: 1.000000, Right: 1.000000, Yaw: 337.850006, Jump: false, Attack: false
[14:53:51.342] [DEBUG] 데이터 수신: 21 바이트, 클라이언트 ID: 1
[14:53:51.343] [INFO] 입력 패킷 수신 - 클라이언트 ID: 1, Forward: 1.000000, Right: 1.000000, Yaw: 337.850006, Jump: false, Attack: false
[14:53:51.393] [DEBUG] 데이터 수신: 21 바이트, 클라이언트 ID: 1
[14:53:51.393] [INFO] 입력 패킷 수신 - 클라이언트 ID: 1, Forward: 1.000000, Right: 1.000000, Yaw: 337.850006, Jump: false, Attack: false
[14:53:51.443] [DEBUG] 데이터 수신: 21 바이트, 클라이언트 ID: 1
[14:53:51.444] [INFO] 입력 패킷 수신 - 클라이언트 ID: 1, Forward: 1.000000, Right: 1.000000, Yaw: 337.850006, Jump: false, Attack: false
[14:53:51.496] [DEBUG] 데이터 수신: 21 바이트, 클라이언트 ID: 1
[14:53:51.496] [INFO] 입력 패킷 수신 - 클라이언트 ID: 1, Forward: 1.000000, Right: 1.000000, Yaw: 337.850006, Jump: false, Attack: false
[14:53:51.547] [DEBUG] 데이터 수신: 21 바이트, 클라이언트 ID: 1
[14:53:51.548] [INFO] 입력 패킷 수신 - 클라이언트 ID: 1, Forward: 0.000000, Right: 1.000000, Yaw: 337.850006, Jump: false, Attack: false
[14:53:51.603] [DEBUG] 데이터 수신: 21 바이트, 클라이언트 ID: 1
[14:53:51.603] [INFO] 입력 패킷 수신 - 클라이언트 ID: 1, Forward: 0.000000, Right: 1.000000, Yaw: 337.850006, Jump: false, Attack: false
[14:53:51.658] [DEBUG] 데이터 수신: 21 바이트, 클라이언트 ID: 1
[14:53:51.659] [INFO] 입력 패킷 수신 - 클라이언트 ID: 1, Forward: 0.000000, Right: 1.000000, Yaw: 337.850006, Jump: false, Attack: false
[14:53:51.711] [DEBUG] 데이터 수신: 21 바이트, 클라이언트 ID: 1
[14:53:51.711] [INFO] 입력 패킷 수신 - 클라이언트 ID: 1, Forward: 0.000000, Right: 1.000000, Yaw: 337.850006, Jump: false, Attack: false
[14:53:51.767] [DEBUG] 데이터 수신: 11 바이트, 클라이언트 ID: 1
[14:53:51.767] [DEBUG] [ProcessPacket] Ping 수신, ClientId: 1
[14:53:51.768] [DEBUG] [SendPacket] WSASend 요청 성공 - 컨텍스트: ServerPong, 보낸 크기: 11, 클라이언트 ID: 1
[14:53:51.768] [INFO] [Packet] Pong 전송 - ClientId: 1
[14:53:51.768] [DEBUG] 데이터 수신: 21 바이트, 클라이언트 ID: 1
[14:53:51.769] [DEBUG] 데이터 수신: 11 바이트, 클라이언트 ID: 2
[14:53:51.769] [DEBUG] [ProcessPacket] Ping 수신, ClientId: 2
[14:53:51.769] [INFO] 입력 패킷 수신 - 클라이언트 ID: 1, Forward: 0.000000, Right: 1.000000, Yaw: 337.850006, Jump: false, Attack: false
[14:53:51.769] [DEBUG] [SendPacket] WSASend 요청 성공 - 컨텍스트: ServerPong, 보낸 크기: 11, 클라이언트 ID: 2
[14:53:51.770] [INFO] [Packet] Pong 전송 - ClientId: 2
[14:53:51.818] [DEBUG] 데이터 수신: 21 바이트, 클라이언트 ID: 1
[14:53:51.819] [INFO] 입력 패킷 수신 - 클라이언트 ID: 1, Forward: 0.000000, Right: 1.000000, Yaw: 337.850006, Jump: false, Attack: false
[14:53:51.869] [DEBUG] 데이터 수신: 21 바이트, 클라이언트 ID: 1
[14:53:51.870] [INFO] 입력 패킷 수신 - 클라이언트 ID: 1, Forward: 0.000000, Right: 1.000000, Yaw: 337.850006, Jump: false, Attack: false
[14:53:51.921] [DEBUG] 데이터 수신: 21 바이트, 클라이언트 ID: 1
[14:53:51.921] [INFO] 입력 패킷 수신 - 클라이언트 ID: 1, Forward: 0.000000, Right: 1.000000, Yaw: 337.850006, Jump: false, Attack: false
[14:53:51.975] [DEBUG] 데이터 수신: 21 바이트, 클라이언트 ID: 1
[14:53:51.975] [INFO] 입력 패킷 수신 - 클라이언트 ID: 1, Forward: 0.000000, Right: 1.000000, Yaw: 337.850006, Jump: false, Attack: false
[14:53:52.024] [DEBUG] 데이터 수신: 21 바이트, 클라이언트 ID: 1
[14:53:52.024] [INFO] 입력 패킷 수신 - 클라이언트 ID: 1, Forward: 0.000000, Right: 1.000000, Yaw: 337.850006, Jump: false, Attack: false
[14:53:52.077] [DEBUG] 데이터 수신: 21 바이트, 클라이언트 ID: 1
[14:53:52.078] [INFO] 입력 패킷 수신 - 클라이언트 ID: 1, Forward: 0.000000, Right: 1.000000, Yaw: 337.850006, Jump: false, Attack: false
[14:53:52.128] [DEBUG] 데이터 수신: 21 바이트, 클라이언트 ID: 1
[14:53:52.129] [INFO] 입력 패킷 수신 - 클라이언트 ID: 1, Forward: 0.000000, Right: 1.000000, Yaw: 337.850006, Jump: false, Attack: false
[14:53:52.184] [DEBUG] 데이터 수신: 21 바이트, 클라이언트 ID: 1
[14:53:52.185] [INFO] 입력 패킷 수신 - 클라이언트 ID: 1, Forward: -1.000000, Right: 1.000000, Yaw: 337.850006, Jump: false, Attack: false
[14:53:52.241] [DEBUG] 데이터 수신: 21 바이트, 클라이언트 ID: 1
[14:53:52.241] [INFO] 입력 패킷 수신 - 클라이언트 ID: 1, Forward: -1.000000, Right: 1.000000, Yaw: 337.850006, Jump: false, Attack: false
[14:53:52.300] [DEBUG] 데이터 수신: 21 바이트, 클라이언트 ID: 1
[14:53:52.301] [INFO] 입력 패킷 수신 - 클라이언트 ID: 1, Forward: -1.000000, Right: 0.000000, Yaw: 337.850006, Jump: false, Attack: false
[14:53:52.352] [DEBUG] 데이터 수신: 21 바이트, 클라이언트 ID: 1
[14:53:52.353] [INFO] 입력 패킷 수신 - 클라이언트 ID: 1, Forward: -1.000000, Right: 0.000000, Yaw: 337.850006, Jump: false, Attack: false
[14:53:52.406] [DEBUG] 데이터 수신: 21 바이트, 클라이언트 ID: 1
[14:53:52.407] [INFO] 입력 패킷 수신 - 클라이언트 ID: 1, Forward: -1.000000, Right: 0.000000, Yaw: 337.850006, Jump: false, Attack: false
[14:53:52.459] [DEBUG] 데이터 수신: 21 바이트, 클라이언트 ID: 1
[14:53:52.460] [INFO] 입력 패킷 수신 - 클라이언트 ID: 1, Forward: -1.000000, Right: 0.000000, Yaw: 337.850006, Jump: false, Attack: false
[14:53:52.510] [DEBUG] 데이터 수신: 21 바이트, 클라이언트 ID: 1
[14:53:52.510] [INFO] 입력 패킷 수신 - 클라이언트 ID: 1, Forward: -1.000000, Right: 0.000000, Yaw: 337.850006, Jump: false, Attack: false
[14:53:52.563] [DEBUG] 데이터 수신: 21 바이트, 클라이언트 ID: 1
[14:53:52.563] [INFO] 입력 패킷 수신 - 클라이언트 ID: 1, Forward: -1.000000, Right: 0.000000, Yaw: 337.850006, Jump: false, Attack: false
[14:53:52.615] [DEBUG] 데이터 수신: 21 바이트, 클라이언트 ID: 1
[14:53:52.616] [INFO] 입력 패킷 수신 - 클라이언트 ID: 1, Forward: -1.000000, Right: 0.000000, Yaw: 337.850006, Jump: false, Attack: false
[14:53:52.669] [DEBUG] 데이터 수신: 21 바이트, 클라이언트 ID: 1
[14:53:52.670] [INFO] 입력 패킷 수신 - 클라이언트 ID: 1, Forward: -1.000000, Right: 0.000000, Yaw: 337.850006, Jump: false, Attack: false
[14:53:52.720] [DEBUG] 데이터 수신: 21 바이트, 클라이언트 ID: 1
[14:53:52.720] [INFO] 입력 패킷 수신 - 클라이언트 ID: 1, Forward: -1.000000, Right: 0.000000, Yaw: 338.200012, Jump: false, Attack: false
[14:53:52.770] [DEBUG] 데이터 수신: 11 바이트, 클라이언트 ID: 1
[14:53:52.771] [DEBUG] [ProcessPacket] Ping 수신, ClientId: 1
[14:53:52.771] [DEBUG] [SendPacket] WSASend 요청 성공 - 컨텍스트: ServerPong, 보낸 크기: 11, 클라이언트 ID: 1
[14:53:52.771] [INFO] [Packet] Pong 전송 - ClientId: 1
[14:53:52.772] [DEBUG] 데이터 수신: 11 바이트, 클라이언트 ID: 2
[14:53:52.772] [DEBUG] [ProcessPacket] Ping 수신, ClientId: 2
[14:53:52.772] [DEBUG] [SendPacket] WSASend 요청 성공 - 컨텍스트: ServerPong, 보낸 크기: 11, 클라이언트 ID: 2
[14:53:52.772] [INFO] [Packet] Pong 전송 - ClientId: 2
[14:53:52.825] [DEBUG] 데이터 수신: 21 바이트, 클라이언트 ID: 1
[14:53:52.825] [INFO] 입력 패킷 수신 - 클라이언트 ID: 1, Forward: 0.000000, Right: 0.000000, Yaw: 338.200012, Jump: false, Attack: true
[14:53:52.876] [DEBUG] 데이터 수신: 21 바이트, 클라이언트 ID: 1
[14:53:52.876] [INFO] 입력 패킷 수신 - 클라이언트 ID: 1, Forward: 0.000000, Right: 0.000000, Yaw: 338.200012, Jump: false, Attack: true
[14:53:52.929] [DEBUG] 데이터 수신: 21 바이트, 클라이언트 ID: 1
[14:53:52.929] [INFO] 입력 패킷 수신 - 클라이언트 ID: 1, Forward: 1.000000, Right: 0.000000, Yaw: 338.200012, Jump: false, Attack: false
[14:53:52.979] [DEBUG] 데이터 수신: 21 바이트, 클라이언트 ID: 1
[14:53:52.979] [INFO] 입력 패킷 수신 - 클라이언트 ID: 1, Forward: 1.000000, Right: 0.000000, Yaw: 338.200012, Jump: false, Attack: false
[14:53:53.030] [DEBUG] 데이터 수신: 21 바이트, 클라이언트 ID: 1
[14:53:53.030] [INFO] 입력 패킷 수신 - 클라이언트 ID: 1, Forward: 1.000000, Right: 0.000000, Yaw: 338.200012, Jump: false, Attack: false
[14:53:53.080] [DEBUG] 데이터 수신: 21 바이트, 클라이언트 ID: 1
[14:53:53.080] [INFO] 입력 패킷 수신 - 클라이언트 ID: 1, Forward: 1.000000, Right: 0.000000, Yaw: 338.200012, Jump: false, Attack: false
[14:53:53.131] [DEBUG] 데이터 수신: 21 바이트, 클라이언트 ID: 1
[14:53:53.132] [INFO] 입력 패킷 수신 - 클라이언트 ID: 1, Forward: 1.000000, Right: 0.000000, Yaw: 338.200012, Jump: false, Attack: false
[14:53:53.181] [DEBUG] 데이터 수신: 21 바이트, 클라이언트 ID: 1
[14:53:53.181] [INFO] 입력 패킷 수신 - 클라이언트 ID: 1, Forward: 1.000000, Right: 0.000000, Yaw: 338.200012, Jump: false, Attack: false
[14:53:53.231] [DEBUG] 데이터 수신: 21 바이트, 클라이언트 ID: 1
[14:53:53.232] [INFO] 입력 패킷 수신 - 클라이언트 ID: 1, Forward: 1.000000, Right: 0.000000, Yaw: 338.200012, Jump: false, Attack: false
[14:53:53.814] [DEBUG] 데이터 수신: 11 바이트, 클라이언트 ID: 1
[14:53:53.814] [DEBUG] [ProcessPacket] Ping 수신, ClientId: 1
[14:53:53.815] [DEBUG] [SendPacket] WSASend 요청 성공 - 컨텍스트: ServerPong, 보낸 크기: 11, 클라이언트 ID: 1
[14:53:53.815] [INFO] [Packet] Pong 전송 - ClientId: 1
[14:53:53.815] [DEBUG] 데이터 수신: 11 바이트, 클라이언트 ID: 2
[14:53:53.816] [DEBUG] [ProcessPacket] Ping 수신, ClientId: 2
[14:53:53.816] [DEBUG] [SendPacket] WSASend 요청 성공 - 컨텍스트: ServerPong, 보낸 크기: 11, 클라이언트 ID: 2
[14:53:53.816] [INFO] [Packet] Pong 전송 - ClientId: 2
