[20:20:48.318] [INFO] 로깅 시스템 초기화됨
[20:20:48.319] [INFO] 서버 인스턴스 생성됨
[20:20:48.319] [INFO] 서버 초기화 시작 (포트: 9000)
[20:20:48.320] [INFO] 윈속 초기화 성공
[20:20:48.320] [INFO] 리스닝 소켓 생성 성공
[20:20:48.321] [INFO] 소켓 바인딩 성공 (포트: 9000)
[20:20:48.321] [INFO] 리스닝 시작됨
[20:20:48.321] [INFO] IOCP 생성 성공
[20:20:48.321] [INFO] CPU 코어 수: 16, 생성할 작업자 스레드: 16
[20:20:48.321] [INFO] 작업자 스레드 #1 생성됨
[20:20:48.322] [INFO] 작업자 스레드 시작 (ThreadID: 26360)
[20:20:48.322] [INFO] 작업자 스레드 #2 생성됨
[20:20:48.322] [INFO] 작업자 스레드 시작 (ThreadID: 26544)
[20:20:48.331] [INFO] 작업자 스레드 #3 생성됨
[20:20:48.332] [INFO] 작업자 스레드 시작 (ThreadID: 30768)
[20:20:48.332] [INFO] 작업자 스레드 #4 생성됨
[20:20:48.332] [INFO] 작업자 스레드 시작 (ThreadID: 29648)
[20:20:48.332] [INFO] 작업자 스레드 #5 생성됨
[20:20:48.332] [INFO] 작업자 스레드 시작 (ThreadID: 34544)
[20:20:48.333] [INFO] 작업자 스레드 #6 생성됨
[20:20:48.333] [INFO] 작업자 스레드 시작 (ThreadID: 7424)
[20:20:48.333] [INFO] 작업자 스레드 #7 생성됨
[20:20:48.333] [INFO] 작업자 스레드 시작 (ThreadID: 30284)
[20:20:48.333] [INFO] 작업자 스레드 #8 생성됨
[20:20:48.334] [INFO] 작업자 스레드 시작 (ThreadID: 32660)
[20:20:48.334] [INFO] 작업자 스레드 #9 생성됨
[20:20:48.334] [INFO] 작업자 스레드 시작 (ThreadID: 14696)
[20:20:48.334] [INFO] 작업자 스레드 #10 생성됨
[20:20:48.334] [INFO] 작업자 스레드 시작 (ThreadID: 22560)
[20:20:48.334] [INFO] 작업자 스레드 #11 생성됨
[20:20:48.335] [INFO] 작업자 스레드 시작 (ThreadID: 9720)
[20:20:48.335] [INFO] 작업자 스레드 #12 생성됨
[20:20:48.335] [INFO] 작업자 스레드 시작 (ThreadID: 23368)
[20:20:48.335] [INFO] 작업자 스레드 #13 생성됨
[20:20:48.335] [INFO] 작업자 스레드 시작 (ThreadID: 33864)
[20:20:48.335] [INFO] 작업자 스레드 #14 생성됨
[20:20:48.336] [INFO] 작업자 스레드 시작 (ThreadID: 16236)
[20:20:48.336] [INFO] 작업자 스레드 #15 생성됨
[20:20:48.336] [INFO] 작업자 스레드 시작 (ThreadID: 300)
[20:20:48.336] [INFO] 작업자 스레드 #16 생성됨
[20:20:48.336] [INFO] 작업자 스레드 시작 (ThreadID: 33832)
[20:20:48.336] [INFO] 서버 초기화 완료
[20:20:48.337] [INFO] 서버 실행. 포트 번호: 9000
[20:20:48.337] [INFO] IOCP 멀티플레이어 서버 시작됨...
[20:20:48.337] [INFO] 서버 실행 시작
[20:20:51.363] [INFO] 클라이언트 연결됨: 127.0.0.1:11143 (ID: 1)
[20:20:51.364] [INFO] 새 클라이언트에게 ID 1 전송됨
[20:20:51.364] [INFO] 초기 위치 정보 전송됨 - 클라이언트 ID: 1, 위치: X=0.000000, Y=0.000000, Z=90.000000
[20:20:51.364] [INFO] 새 플레이어 정보(ID: 1) 브로드캐스트 - 수신자 수: 0
[20:20:51.364] [INFO] 기존 플레이어 정보 0개가 새 클라이언트(ID: 1)에게 전송됨
[20:20:51.365] [INFO] 서버 FPS: 0.659848, 평균 프레임 시간: 303.100006ms, 클라이언트 수: 1
[20:20:51.365] [INFO] 클라이언트 연결됨: 127.0.0.1:11144 (ID: 2)
[20:20:51.365] [INFO] 새 클라이언트에게 ID 2 전송됨
[20:20:51.365] [INFO] 초기 위치 정보 전송됨 - 클라이언트 ID: 2, 위치: X=300.000000, Y=0.000000, Z=90.000000
[20:20:51.366] [INFO] 새 플레이어 정보(ID: 2) 브로드캐스트 - 수신자 수: 1
[20:20:51.366] [INFO] 기존 플레이어 정보 1개가 새 클라이언트(ID: 2)에게 전송됨
[20:20:51.366] [WARNING] 비정상적으로 긴 델타 타임: 3.031000초
[20:21:04.527] [INFO] 클라이언트 연결됨: 127.0.0.1:11146 (ID: 3)
[20:21:04.527] [INFO] 새 클라이언트에게 ID 3 전송됨
[20:21:04.528] [INFO] 초기 위치 정보 전송됨 - 클라이언트 ID: 3, 위치: X=-300.000000, Y=0.000000, Z=90.000000
[20:21:04.528] [INFO] 새 플레이어 정보(ID: 3) 브로드캐스트 - 수신자 수: 2
[20:21:04.528] [INFO] 기존 플레이어 정보 2개가 새 클라이언트(ID: 3)에게 전송됨
[20:21:04.528] [WARNING] 클라이언트 Ping 타임아웃 발생 - ID: 1
[20:21:04.528] [WARNING] 클라이언트 Ping 타임아웃 발생 - ID: 2
[20:21:04.528] [INFO] 클라이언트 연결 끊김 (ID: 1)
[20:21:04.529] [INFO] 클라이언트가 정상적으로 연결 종료함 - ID: 1
[20:21:04.529] [INFO] 클라이언트 연결 끊김 알림(ID: 1) - 수신자 수: 2
[20:21:04.529] [INFO] 클라이언트 연결 끊김 (ID: 2)
[20:21:04.529] [INFO] 클라이언트가 정상적으로 연결 종료함 - ID: 2
[20:21:04.529] [INFO] 클라이언트 연결 끊김 알림(ID: 2) - 수신자 수: 1
[20:21:04.529] [WARNING] 존재하지 않는 클라이언트 ID를 제거하려고 시도: 1
[20:21:04.530] [WARNING] 존재하지 않는 클라이언트 ID를 제거하려고 시도: 2
[20:21:04.530] [INFO] 서버 FPS: 0.151837, 평균 프레임 시간: 1559.510986ms, 클라이언트 수: 1
[20:21:04.530] [INFO] 클라이언트 연결됨: 127.0.0.1:11147 (ID: 4)
[20:21:04.530] [INFO] 새 클라이언트에게 ID 4 전송됨
[20:21:04.531] [INFO] 초기 위치 정보 전송됨 - 클라이언트 ID: 4, 위치: X=0.000000, Y=300.000000, Z=90.000000
[20:21:04.531] [INFO] 새 플레이어 정보(ID: 4) 브로드캐스트 - 수신자 수: 1
[20:21:04.531] [INFO] 기존 플레이어 정보 1개가 새 클라이언트(ID: 4)에게 전송됨
[20:21:04.531] [WARNING] 비정상적으로 긴 델타 타임: 13.140000초
[20:21:12.760] [INFO] 클라이언트 연결됨: 127.0.0.1:11148 (ID: 5)
[20:21:12.761] [INFO] 새 클라이언트에게 ID 5 전송됨
[20:21:12.761] [INFO] 초기 위치 정보 전송됨 - 클라이언트 ID: 5, 위치: X=0.000000, Y=-300.000000, Z=90.000000
[20:21:12.761] [INFO] 새 플레이어 정보(ID: 5) 브로드캐스트 - 수신자 수: 2
[20:21:12.761] [INFO] 기존 플레이어 정보 2개가 새 클라이언트(ID: 5)에게 전송됨
[20:21:12.762] [WARNING] 클라이언트 Ping 타임아웃 발생 - ID: 3
[20:21:12.762] [WARNING] 클라이언트 Ping 타임아웃 발생 - ID: 4
[20:21:12.762] [INFO] 클라이언트 연결 끊김 (ID: 3)
[20:21:12.762] [INFO] 클라이언트가 정상적으로 연결 종료함 - ID: 3
[20:21:12.762] [INFO] 클라이언트 연결 끊김 알림(ID: 3) - 수신자 수: 2
[20:21:12.763] [INFO] 클라이언트 연결 끊김 (ID: 4)
[20:21:12.763] [INFO] 클라이언트가 정상적으로 연결 종료함 - ID: 4
[20:21:12.763] [INFO] 클라이언트 연결 끊김 알림(ID: 4) - 수신자 수: 1
[20:21:12.763] [WARNING] 존재하지 않는 클라이언트 ID를 제거하려고 시도: 3
[20:21:12.763] [WARNING] 존재하지 않는 클라이언트 ID를 제거하려고 시도: 4
[20:21:12.763] [INFO] 서버 FPS: 0.243339, 평균 프레임 시간: 2083.503906ms, 클라이언트 수: 1
[20:21:12.764] [INFO] 클라이언트 연결됨: 127.0.0.1:11149 (ID: 6)
[20:21:12.764] [INFO] 새 클라이언트에게 ID 6 전송됨
[20:21:12.764] [INFO] 초기 위치 정보 전송됨 - 클라이언트 ID: 6, 위치: X=0.000000, Y=0.000000, Z=90.000000
[20:21:12.764] [INFO] 새 플레이어 정보(ID: 6) 브로드캐스트 - 수신자 수: 1
[20:21:12.764] [INFO] 기존 플레이어 정보 1개가 새 클라이언트(ID: 6)에게 전송됨
[20:21:12.764] [WARNING] 비정상적으로 긴 델타 타임: 8.203000초
