[14:44:27.762] [INFO] 로깅 시스템 초기화됨
[14:44:27.763] [INFO] 서버 인스턴스 생성됨
[14:44:27.763] [INFO] 서버 초기화 시작 (포트: 9000)
[14:44:27.764] [INFO] 윈속 초기화 성공
[14:44:27.765] [INFO] 리스닝 소켓 생성 성공
[14:44:27.765] [INFO] 소켓 바인딩 성공 (포트: 9000)
[14:44:27.766] [INFO] 리스닝 시작됨
[14:44:27.766] [INFO] IOCP 생성 성공
[14:44:27.766] [INFO] CPU 코어 수: 16, 생성할 작업자 스레드: 16
[14:44:27.766] [INFO] 작업자 스레드 #1 생성됨
[14:44:27.767] [INFO] 작업자 스레드 시작 (ThreadID: 27808)
[14:44:27.767] [INFO] 작업자 스레드 #2 생성됨
[14:44:27.767] [INFO] 작업자 스레드 시작 (ThreadID: 36700)
[14:44:27.768] [INFO] 작업자 스레드 #3 생성됨
[14:44:27.768] [INFO] 작업자 스레드 시작 (ThreadID: 16892)
[14:44:27.768] [INFO] 작업자 스레드 #4 생성됨
[14:44:27.768] [INFO] 작업자 스레드 시작 (ThreadID: 42276)
[14:44:27.769] [INFO] 작업자 스레드 #5 생성됨
[14:44:27.769] [INFO] 작업자 스레드 시작 (ThreadID: 30980)
[14:44:27.769] [INFO] 작업자 스레드 #6 생성됨
[14:44:27.769] [INFO] 작업자 스레드 시작 (ThreadID: 13768)
[14:44:27.770] [INFO] 작업자 스레드 #7 생성됨
[14:44:27.770] [INFO] 작업자 스레드 시작 (ThreadID: 29836)
[14:44:27.770] [INFO] 작업자 스레드 #8 생성됨
[14:44:27.770] [INFO] 작업자 스레드 시작 (ThreadID: 10552)
[14:44:27.771] [INFO] 작업자 스레드 #9 생성됨
[14:44:27.771] [INFO] 작업자 스레드 시작 (ThreadID: 31260)
[14:44:27.771] [INFO] 작업자 스레드 #10 생성됨
[14:44:27.771] [INFO] 작업자 스레드 시작 (ThreadID: 38300)
[14:44:27.772] [INFO] 작업자 스레드 #11 생성됨
[14:44:27.772] [INFO] 작업자 스레드 시작 (ThreadID: 40868)
[14:44:27.772] [INFO] 작업자 스레드 #12 생성됨
[14:44:27.772] [INFO] 작업자 스레드 시작 (ThreadID: 27520)
[14:44:27.772] [INFO] 작업자 스레드 #13 생성됨
[14:44:27.773] [INFO] 작업자 스레드 시작 (ThreadID: 456)
[14:44:27.773] [INFO] 작업자 스레드 #14 생성됨
[14:44:27.773] [INFO] 작업자 스레드 시작 (ThreadID: 28396)
[14:44:27.773] [INFO] 작업자 스레드 #15 생성됨
[14:44:27.773] [INFO] 작업자 스레드 시작 (ThreadID: 18896)
[14:44:27.774] [INFO] 작업자 스레드 #16 생성됨
[14:44:27.774] [INFO] 작업자 스레드 시작 (ThreadID: 30460)
[14:44:27.774] [INFO] 서버 초기화 완료
[14:44:27.774] [INFO] 서버 실행. 포트 번호: 9000
[14:44:27.775] [INFO] IOCP 멀티플레이어 서버 시작됨...
[14:44:27.775] [INFO] 서버 실행 시작
[14:44:27.775] [INFO] listenSocket 논블로킹 설정 성공
[14:44:28.788] [INFO] 서버 FPS: 34.482758, 평균 프레임 시간: 0.000000ms, 클라이언트 수: 0
[14:44:29.799] [INFO] 서버 FPS: 32.480316, 평균 프레임 시간: 0.000000ms, 클라이언트 수: 0
[14:44:30.841] [INFO] 서버 FPS: 32.977692, 평균 프레임 시간: 0.000000ms, 클라이언트 수: 0
[14:44:31.853] [INFO] 서버 FPS: 32.480316, 평균 프레임 시간: 0.000000ms, 클라이언트 수: 0
[14:44:32.690] [INFO] 새 클라이언트에게 ID 1 전송됨
[14:44:32.690] [INFO] 새 플레이어 정보(ID: 1) 브로드캐스트 - 수신자 수: 0
[14:44:32.690] [INFO] 기존 플레이어 정보 0개가 새 클라이언트(ID: 1)에게 전송됨
[14:44:32.719] [INFO] 새 클라이언트에게 ID 2 전송됨
[14:44:32.720] [INFO] 새 플레이어 정보(ID: 2) 브로드캐스트 - 수신자 수: 1
[14:44:32.720] [INFO] 기존 플레이어 정보 1개가 새 클라이언트(ID: 2)에게 전송됨
[14:44:32.873] [INFO] 서버 FPS: 33.497536, 평균 프레임 시간: 0.944784ms, 클라이언트 수: 2
[14:44:33.898] [INFO] 서버 FPS: 31.976744, 평균 프레임 시간: 0.029197ms, 클라이언트 수: 2
[14:44:34.934] [INFO] 서버 FPS: 32.977692, 평균 프레임 시간: 0.000812ms, 클라이언트 수: 2
[14:44:35.959] [INFO] 서버 FPS: 32.977692, 평균 프레임 시간: 0.000023ms, 클라이언트 수: 2
[14:44:36.981] [INFO] 서버 FPS: 32.480316, 평균 프레임 시간: 0.000001ms, 클라이언트 수: 2
[14:44:38.005] [INFO] 서버 FPS: 32.007759, 평균 프레임 시간: 0.000000ms, 클라이언트 수: 2
[14:44:39.033] [INFO] 서버 FPS: 32.007759, 평균 프레임 시간: 0.000000ms, 클라이언트 수: 2
[14:44:40.057] [INFO] 서버 FPS: 32.480316, 평균 프레임 시간: 0.000000ms, 클라이언트 수: 2
[14:44:41.080] [INFO] 서버 FPS: 32.007759, 평균 프레임 시간: 0.000000ms, 클라이언트 수: 2
[14:44:42.103] [INFO] 서버 FPS: 32.480316, 평균 프레임 시간: 0.000000ms, 클라이언트 수: 2
[14:44:43.126] [INFO] 서버 FPS: 32.512314, 평균 프레임 시간: 0.000000ms, 클라이언트 수: 2
[14:44:44.149] [INFO] 서버 FPS: 31.976744, 평균 프레임 시간: 0.000000ms, 클라이언트 수: 2
[14:44:45.173] [INFO] 서버 FPS: 32.007759, 평균 프레임 시간: 0.000000ms, 클라이언트 수: 2
[14:44:46.201] [INFO] 서버 FPS: 32.512314, 평균 프레임 시간: 0.000000ms, 클라이언트 수: 2
[14:44:47.211] [INFO] 서버 FPS: 32.480316, 평균 프레임 시간: 0.000000ms, 클라이언트 수: 2
[14:44:48.220] [INFO] 서버 FPS: 32.480316, 평균 프레임 시간: 0.000000ms, 클라이언트 수: 2
[14:44:49.238] [INFO] 서버 FPS: 32.512314, 평균 프레임 시간: 0.000000ms, 클라이언트 수: 2
[14:44:50.261] [INFO] 서버 FPS: 32.480316, 평균 프레임 시간: 0.000000ms, 클라이언트 수: 2
[14:44:51.277] [INFO] 서버 FPS: 32.480316, 평균 프레임 시간: 0.000000ms, 클라이언트 수: 2
[14:44:52.299] [INFO] 서버 FPS: 32.007759, 평균 프레임 시간: 0.000000ms, 클라이언트 수: 2
[14:44:53.324] [INFO] 서버 FPS: 32.512314, 평균 프레임 시간: 0.000000ms, 클라이언트 수: 2
[14:44:54.010] [WARNING] 클라이언트 Ping 타임아웃 발생 - ID: 1, 마지막 Ping 후 경과 시간: 5.031250초
[14:44:54.011] [WARNING] 클라이언트 Ping 타임아웃 발생 - ID: 2, 마지막 Ping 후 경과 시간: 5.031250초
[14:44:54.012] [INFO] 클라이언트 연결 끊김 (ID: 1)
[14:44:54.012] [INFO] 클라이언트가 정상적으로 연결 종료함 - ID: 1
[14:44:54.012] [INFO] 클라이언트 연결 끊김 알림(ID: 1) - 수신자 수: 1
[14:44:54.012] [INFO] 클라이언트 연결 끊김 (ID: 2)
[14:44:54.012] [INFO] 클라이언트가 정상적으로 연결 종료함 - ID: 2
[14:44:54.012] [INFO] 클라이언트 연결 끊김 알림(ID: 2) - 수신자 수: 0
[14:44:54.013] [WARNING] 존재하지 않는 클라이언트 ID를 제거하려고 시도: 1
[14:44:54.013] [WARNING] 존재하지 않는 클라이언트 ID를 제거하려고 시도: 2
[14:44:54.349] [INFO] 서버 FPS: 31.976744, 평균 프레임 시간: 0.000000ms, 클라이언트 수: 0
[14:44:55.375] [INFO] 서버 FPS: 32.512314, 평균 프레임 시간: 0.000000ms, 클라이언트 수: 0
[14:44:56.385] [INFO] 서버 FPS: 33.464565, 평균 프레임 시간: 0.000000ms, 클라이언트 수: 0
[14:44:57.414] [INFO] 서버 FPS: 32.977692, 평균 프레임 시간: 0.000000ms, 클라이언트 수: 0
[14:44:58.451] [INFO] 서버 FPS: 33.947624, 평균 프레임 시간: 0.000000ms, 클라이언트 수: 0
[14:44:59.460] [INFO] 서버 FPS: 32.480316, 평균 프레임 시간: 0.000000ms, 클라이언트 수: 0
[14:45:00.483] [INFO] 서버 FPS: 33.464565, 평균 프레임 시간: 0.000000ms, 클라이언트 수: 0
[14:45:01.512] [INFO] 서버 FPS: 32.977692, 평균 프레임 시간: 0.000000ms, 클라이언트 수: 0
[14:45:02.541] [INFO] 서버 FPS: 33.947624, 평균 프레임 시간: 0.000000ms, 클라이언트 수: 0
[14:45:03.565] [INFO] 서버 FPS: 32.977692, 평균 프레임 시간: 0.000000ms, 클라이언트 수: 0
[14:45:04.589] [INFO] 서버 FPS: 32.480316, 평균 프레임 시간: 0.000000ms, 클라이언트 수: 0
[14:45:05.602] [INFO] 서버 FPS: 34.448818, 평균 프레임 시간: 0.000000ms, 클라이언트 수: 0
[14:45:06.638] [INFO] 서버 FPS: 32.977692, 평균 프레임 시간: 0.000000ms, 클라이언트 수: 0
[14:45:07.660] [INFO] 서버 FPS: 32.977692, 평균 프레임 시간: 0.000000ms, 클라이언트 수: 0
[14:45:08.690] [INFO] 서버 FPS: 33.947624, 평균 프레임 시간: 0.000000ms, 클라이언트 수: 0
[14:45:09.732] [INFO] 서버 FPS: 32.945736, 평균 프레임 시간: 0.000000ms, 클라이언트 수: 0
[14:45:10.742] [INFO] 서버 FPS: 33.497536, 평균 프레임 시간: 0.000000ms, 클라이언트 수: 0
[14:45:11.768] [INFO] 서버 FPS: 32.945736, 평균 프레임 시간: 0.000000ms, 클라이언트 수: 0
[14:45:12.812] [INFO] 서버 FPS: 32.977692, 평균 프레임 시간: 0.000000ms, 클라이언트 수: 0
[14:45:13.839] [INFO] 서버 FPS: 32.977692, 평균 프레임 시간: 0.000000ms, 클라이언트 수: 0
[14:45:14.864] [INFO] 서버 FPS: 32.007759, 평균 프레임 시간: 0.000000ms, 클라이언트 수: 0
[14:45:15.891] [INFO] 서버 FPS: 33.464565, 평균 프레임 시간: 0.000000ms, 클라이언트 수: 0
[14:45:16.916] [INFO] 서버 FPS: 32.977692, 평균 프레임 시간: 0.000000ms, 클라이언트 수: 0
[14:45:17.923] [INFO] 서버 FPS: 33.464565, 평균 프레임 시간: 0.000000ms, 클라이언트 수: 0
[14:45:18.951] [INFO] 서버 FPS: 32.512314, 평균 프레임 시간: 0.000000ms, 클라이언트 수: 0
[14:45:19.967] [INFO] 서버 FPS: 32.480316, 평균 프레임 시간: 0.000000ms, 클라이언트 수: 0
[14:45:21.000] [INFO] 서버 FPS: 32.007759, 평균 프레임 시간: 0.000000ms, 클라이언트 수: 0
[14:45:22.011] [INFO] 서버 FPS: 32.480316, 평균 프레임 시간: 0.000000ms, 클라이언트 수: 0
[14:45:23.041] [INFO] 서버 FPS: 32.977692, 평균 프레임 시간: 0.000000ms, 클라이언트 수: 0
[14:45:24.065] [INFO] 서버 FPS: 32.007759, 평균 프레임 시간: 0.000000ms, 클라이언트 수: 0
[14:45:25.095] [INFO] 서버 FPS: 31.976744, 평균 프레임 시간: 0.000000ms, 클라이언트 수: 0
[14:45:26.123] [INFO] 서버 FPS: 32.512314, 평균 프레임 시간: 0.000000ms, 클라이언트 수: 0
[14:45:27.147] [INFO] 서버 FPS: 31.976744, 평균 프레임 시간: 0.000000ms, 클라이언트 수: 0
[14:45:28.177] [INFO] 서버 FPS: 32.007759, 평균 프레임 시간: 0.000000ms, 클라이언트 수: 0
[14:45:29.218] [INFO] 서버 FPS: 33.947624, 평균 프레임 시간: 0.000000ms, 클라이언트 수: 0
[14:45:30.246] [INFO] 서버 FPS: 32.007759, 평균 프레임 시간: 0.000000ms, 클라이언트 수: 0
[14:45:31.276] [INFO] 서버 FPS: 31.976744, 평균 프레임 시간: 0.000000ms, 클라이언트 수: 0
[14:45:32.303] [INFO] 서버 FPS: 32.977692, 평균 프레임 시간: 0.000000ms, 클라이언트 수: 0
[14:45:33.341] [INFO] 서버 FPS: 32.977692, 평균 프레임 시간: 0.000000ms, 클라이언트 수: 0
[14:45:34.370] [INFO] 서버 FPS: 32.007759, 평균 프레임 시간: 0.000000ms, 클라이언트 수: 0
[14:45:35.399] [INFO] 서버 FPS: 32.945736, 평균 프레임 시간: 0.000000ms, 클라이언트 수: 0
[14:45:36.410] [INFO] 서버 FPS: 32.512314, 평균 프레임 시간: 0.000000ms, 클라이언트 수: 0
[14:45:37.439] [INFO] 서버 FPS: 32.007759, 평균 프레임 시간: 0.000000ms, 클라이언트 수: 0
[14:45:38.481] [INFO] 서버 FPS: 33.914730, 평균 프레임 시간: 0.000000ms, 클라이언트 수: 0
[14:45:39.489] [INFO] 서버 FPS: 33.497536, 평균 프레임 시간: 0.000000ms, 클라이언트 수: 0
[14:45:40.526] [INFO] 서버 FPS: 33.914730, 평균 프레임 시간: 0.000000ms, 클라이언트 수: 0
[14:45:41.538] [INFO] 서버 FPS: 33.497536, 평균 프레임 시간: 0.000000ms, 클라이언트 수: 0
[14:45:42.574] [INFO] 서버 FPS: 32.977692, 평균 프레임 시간: 0.000000ms, 클라이언트 수: 0
[14:45:43.581] [INFO] 서버 FPS: 32.480316, 평균 프레임 시간: 0.000000ms, 클라이언트 수: 0
[14:45:44.607] [INFO] 서버 FPS: 33.464565, 평균 프레임 시간: 0.000000ms, 클라이언트 수: 0
[14:45:45.614] [INFO] 서버 FPS: 32.512314, 평균 프레임 시간: 0.000000ms, 클라이언트 수: 0
[14:45:46.640] [INFO] 서버 FPS: 33.464565, 평균 프레임 시간: 0.000000ms, 클라이언트 수: 0
[14:45:47.665] [INFO] 서버 FPS: 32.007759, 평균 프레임 시간: 0.000000ms, 클라이언트 수: 0
[14:45:48.690] [INFO] 서버 FPS: 32.977692, 평균 프레임 시간: 0.000000ms, 클라이언트 수: 0
[14:45:49.710] [INFO] 서버 FPS: 32.480316, 평균 프레임 시간: 0.000000ms, 클라이언트 수: 0
[14:45:50.721] [INFO] 서버 FPS: 32.480316, 평균 프레임 시간: 0.000000ms, 클라이언트 수: 0
[14:45:51.764] [INFO] 서버 FPS: 33.947624, 평균 프레임 시간: 0.000000ms, 클라이언트 수: 0
[14:45:52.793] [INFO] 서버 FPS: 32.007759, 평균 프레임 시간: 0.000000ms, 클라이언트 수: 0
[14:45:53.819] [INFO] 서버 FPS: 32.007759, 평균 프레임 시간: 0.000000ms, 클라이언트 수: 0
[14:45:54.831] [INFO] 서버 FPS: 33.464565, 평균 프레임 시간: 0.000000ms, 클라이언트 수: 0
[14:45:55.859] [INFO] 서버 FPS: 32.480316, 평균 프레임 시간: 0.000000ms, 클라이언트 수: 0
[14:45:56.867] [INFO] 서버 FPS: 32.512314, 평균 프레임 시간: 0.000000ms, 클라이언트 수: 0
[14:45:57.895] [INFO] 서버 FPS: 32.945736, 평균 프레임 시간: 0.000000ms, 클라이언트 수: 0
[14:45:58.938] [INFO] 서버 FPS: 32.504780, 평균 프레임 시간: 0.000000ms, 클라이언트 수: 0
[14:45:59.967] [INFO] 서버 FPS: 32.480316, 평균 프레임 시간: 0.000000ms, 클라이언트 수: 0
[14:46:00.980] [INFO] 서버 FPS: 32.480316, 평균 프레임 시간: 0.000000ms, 클라이언트 수: 0
[14:46:01.992] [INFO] 서버 FPS: 32.512314, 평균 프레임 시간: 0.000000ms, 클라이언트 수: 0
[14:46:03.006] [INFO] 서버 FPS: 32.480316, 평균 프레임 시간: 0.000000ms, 클라이언트 수: 0
[14:46:04.034] [INFO] 서버 FPS: 32.007759, 평균 프레임 시간: 0.000000ms, 클라이언트 수: 0
[14:46:05.077] [INFO] 서버 FPS: 32.977692, 평균 프레임 시간: 0.000000ms, 클라이언트 수: 0
[14:46:06.093] [INFO] 서버 FPS: 32.480316, 평균 프레임 시간: 0.000000ms, 클라이언트 수: 0
[14:46:07.122] [INFO] 서버 FPS: 32.977692, 평균 프레임 시간: 0.000000ms, 클라이언트 수: 0
[14:46:08.149] [INFO] 서버 FPS: 31.976744, 평균 프레임 시간: 0.000000ms, 클라이언트 수: 0
