[13:55:44.451] [INFO] 로깅 시스템 초기화됨
[13:55:44.452] [INFO] 서버 인스턴스 생성됨
[13:55:44.452] [INFO] 서버 초기화 시작 (포트: 9000)
[13:55:44.453] [INFO] 윈속 초기화 성공
[13:55:44.454] [INFO] 리스닝 소켓 생성 성공
[13:55:44.455] [INFO] 소켓 바인딩 성공 (포트: 9000)
[13:55:44.455] [INFO] 리스닝 시작됨
[13:55:44.455] [INFO] IOCP 생성 성공
[13:55:44.455] [INFO] CPU 코어 수: 16, 생성할 작업자 스레드: 16
[13:55:44.455] [INFO] 작업자 스레드 #1 생성됨
[13:55:44.456] [INFO] 작업자 스레드 시작 (ThreadID: 5020)
[13:55:44.456] [INFO] 작업자 스레드 #2 생성됨
[13:55:44.456] [INFO] 작업자 스레드 시작 (ThreadID: 17664)
[13:55:44.456] [INFO] 작업자 스레드 #3 생성됨
[13:55:44.456] [INFO] 작업자 스레드 시작 (ThreadID: 35360)
[13:55:44.457] [INFO] 작업자 스레드 #4 생성됨
[13:55:44.457] [INFO] 작업자 스레드 시작 (ThreadID: 31864)
[13:55:44.457] [INFO] 작업자 스레드 #5 생성됨
[13:55:44.457] [INFO] 작업자 스레드 시작 (ThreadID: 10736)
[13:55:44.457] [INFO] 작업자 스레드 #6 생성됨
[13:55:44.458] [INFO] 작업자 스레드 시작 (ThreadID: 34760)
[13:55:44.458] [INFO] 작업자 스레드 #7 생성됨
[13:55:44.458] [INFO] 작업자 스레드 시작 (ThreadID: 24928)
[13:55:44.458] [INFO] 작업자 스레드 #8 생성됨
[13:55:44.458] [INFO] 작업자 스레드 시작 (ThreadID: 35604)
[13:55:44.458] [INFO] 작업자 스레드 #9 생성됨
[13:55:44.458] [INFO] 작업자 스레드 시작 (ThreadID: 35632)
[13:55:44.459] [INFO] 작업자 스레드 #10 생성됨
[13:55:44.459] [INFO] 작업자 스레드 시작 (ThreadID: 26492)
[13:55:44.459] [INFO] 작업자 스레드 #11 생성됨
[13:55:44.459] [INFO] 작업자 스레드 시작 (ThreadID: 30996)
[13:55:44.459] [INFO] 작업자 스레드 #12 생성됨
[13:55:44.460] [INFO] 작업자 스레드 시작 (ThreadID: 36044)
[13:55:44.460] [INFO] 작업자 스레드 #13 생성됨
[13:55:44.460] [INFO] 작업자 스레드 시작 (ThreadID: 3288)
[13:55:44.460] [INFO] 작업자 스레드 #14 생성됨
[13:55:44.460] [INFO] 작업자 스레드 시작 (ThreadID: 16036)
[13:55:44.460] [INFO] 작업자 스레드 #15 생성됨
[13:55:44.461] [INFO] 작업자 스레드 시작 (ThreadID: 32264)
[13:55:44.461] [INFO] 작업자 스레드 #16 생성됨
[13:55:44.461] [INFO] 서버 초기화 완료
[13:55:44.461] [INFO] 서버 실행. 포트 번호: 9000
[13:55:44.461] [INFO] IOCP 멀티플레이어 서버 시작됨...
[13:55:44.461] [INFO] 서버 실행 시작
[13:55:44.462] [INFO] 작업자 스레드 시작 (ThreadID: 11108)
[13:55:44.462] [INFO] listenSocket 논블로킹 설정 성공
[13:55:45.495] [INFO] 서버 FPS: 33.947624, 평균 프레임 시간: 0.000000ms, 클라이언트 수: 0
[13:55:46.518] [INFO] 서버 FPS: 31.976744, 평균 프레임 시간: 0.000000ms, 클라이언트 수: 0
[13:55:47.111] [INFO] 새 클라이언트에게 ID 1 전송됨
[13:55:47.111] [INFO] 새 플레이어 정보(ID: 1) 브로드캐스트 - 수신자 수: 0
[13:55:47.111] [INFO] 기존 플레이어 정보 0개가 새 클라이언트(ID: 1)에게 전송됨
[13:55:47.281] [INFO] 새 클라이언트에게 ID 2 전송됨
[13:55:47.282] [INFO] 새 플레이어 정보(ID: 2) 브로드캐스트 - 수신자 수: 1
[13:55:47.282] [INFO] 기존 플레이어 정보 1개가 새 클라이언트(ID: 2)에게 전송됨
[13:55:47.562] [INFO] 서버 FPS: 33.947624, 평균 프레임 시간: 0.343152ms, 클라이언트 수: 2
[13:55:48.576] [INFO] 서버 FPS: 32.512314, 평균 프레임 시간: 0.010604ms, 클라이언트 수: 2
[13:55:49.527] [INFO] [Packet] Pong 전송 - ClientId: 1
[13:55:49.528] [INFO] [Packet] Pong 전송 - ClientId: 2
[13:55:49.588] [INFO] 서버 FPS: 32.480316, 평균 프레임 시간: 0.000328ms, 클라이언트 수: 2
[13:55:50.582] [INFO] 클라이언트가 정상적으로 연결 종료함 - ID: 2
[13:55:50.582] [INFO] 클라이언트 연결 끊김 (ID: 2)
[13:55:50.583] [INFO] 클라이언트 연결 끊김 알림(ID: 2) - 수신자 수: 1
[13:55:50.593] [INFO] 클라이언트가 정상적으로 연결 종료함 - ID: 1
[13:55:50.594] [INFO] 클라이언트 연결 끊김 (ID: 1)
[13:55:50.594] [INFO] 클라이언트 연결 끊김 알림(ID: 1) - 수신자 수: 0
[13:55:50.613] [INFO] 서버 FPS: 32.007759, 평균 프레임 시간: 0.000010ms, 클라이언트 수: 0
[13:55:51.653] [INFO] 서버 FPS: 33.914730, 평균 프레임 시간: 0.000000ms, 클라이언트 수: 0
[13:55:52.679] [INFO] 서버 FPS: 33.947624, 평균 프레임 시간: 0.000000ms, 클라이언트 수: 0
[13:55:53.707] [INFO] 서버 FPS: 34.917557, 평균 프레임 시간: 0.000000ms, 클라이언트 수: 0
[13:55:54.750] [INFO] 서버 FPS: 34.917557, 평균 프레임 시간: 0.000000ms, 클라이언트 수: 0
[13:55:55.776] [INFO] 서버 FPS: 32.945736, 평균 프레임 시간: 0.000000ms, 클라이언트 수: 0
[13:55:56.804] [INFO] 서버 FPS: 32.977692, 평균 프레임 시간: 0.000000ms, 클라이언트 수: 0
[13:55:57.817] [INFO] 서버 FPS: 33.497536, 평균 프레임 시간: 0.000000ms, 클라이언트 수: 0
[13:55:58.859] [INFO] 서버 FPS: 33.914730, 평균 프레임 시간: 0.000000ms, 클라이언트 수: 0
[13:55:59.868] [INFO] 서버 FPS: 33.497536, 평균 프레임 시간: 0.000000ms, 클라이언트 수: 0
[13:56:00.891] [INFO] 서버 FPS: 33.464565, 평균 프레임 시간: 0.000000ms, 클라이언트 수: 0
[13:56:01.901] [INFO] 서버 FPS: 32.480316, 평균 프레임 시간: 0.000000ms, 클라이언트 수: 0
[13:56:02.916] [INFO] 서버 FPS: 34.482758, 평균 프레임 시간: 0.000000ms, 클라이언트 수: 0
[13:56:03.941] [INFO] 서버 FPS: 32.977692, 평균 프레임 시간: 0.000000ms, 클라이언트 수: 0
[13:56:04.968] [INFO] 서버 FPS: 33.464565, 평균 프레임 시간: 0.000000ms, 클라이언트 수: 0
[13:56:05.977] [INFO] 서버 FPS: 33.464565, 평균 프레임 시간: 0.000000ms, 클라이언트 수: 0
[13:56:07.006] [INFO] 서버 FPS: 32.977692, 평균 프레임 시간: 0.000000ms, 클라이언트 수: 0
[13:56:08.019] [INFO] 서버 FPS: 33.464565, 평균 프레임 시간: 0.000000ms, 클라이언트 수: 0
[13:56:09.040] [INFO] 서버 FPS: 33.497536, 평균 프레임 시간: 0.000000ms, 클라이언트 수: 0
[13:56:10.063] [INFO] 서버 FPS: 33.464565, 평균 프레임 시간: 0.000000ms, 클라이언트 수: 0
[13:56:11.070] [INFO] 서버 FPS: 33.497536, 평균 프레임 시간: 0.000000ms, 클라이언트 수: 0
[13:56:12.082] [INFO] 서버 FPS: 33.464565, 평균 프레임 시간: 0.000000ms, 클라이언트 수: 0
[13:56:13.104] [INFO] 서버 FPS: 33.464565, 평균 프레임 시간: 0.000000ms, 클라이언트 수: 0
[13:56:14.114] [INFO] 서버 FPS: 32.512314, 평균 프레임 시간: 0.000000ms, 클라이언트 수: 0
[13:56:15.155] [INFO] 서버 FPS: 33.914730, 평균 프레임 시간: 0.000000ms, 클라이언트 수: 0
[13:56:16.168] [INFO] 서버 FPS: 32.512314, 평균 프레임 시간: 0.000000ms, 클라이언트 수: 0
[13:56:17.178] [INFO] 서버 FPS: 32.480316, 평균 프레임 시간: 0.000000ms, 클라이언트 수: 0
[13:56:18.189] [INFO] 서버 FPS: 32.512314, 평균 프레임 시간: 0.000000ms, 클라이언트 수: 0
[13:56:19.215] [INFO] 서버 FPS: 34.448818, 평균 프레임 시간: 0.000000ms, 클라이언트 수: 0
[13:56:20.226] [INFO] 서버 FPS: 32.480316, 평균 프레임 시간: 0.000000ms, 클라이언트 수: 0
[13:56:21.266] [INFO] 서버 FPS: 32.977692, 평균 프레임 시간: 0.000000ms, 클라이언트 수: 0
[13:56:22.290] [INFO] 서버 FPS: 32.977692, 평균 프레임 시간: 0.000000ms, 클라이언트 수: 0
[13:56:23.302] [INFO] 서버 FPS: 33.464565, 평균 프레임 시간: 0.000000ms, 클라이언트 수: 0
[13:56:24.328] [INFO] 서버 FPS: 32.512314, 평균 프레임 시간: 0.000000ms, 클라이언트 수: 0
[13:56:25.341] [INFO] 서버 FPS: 32.480316, 평균 프레임 시간: 0.000000ms, 클라이언트 수: 0
[13:56:26.355] [INFO] 서버 FPS: 33.464565, 평균 프레임 시간: 0.000000ms, 클라이언트 수: 0
[13:56:27.384] [INFO] 서버 FPS: 32.977692, 평균 프레임 시간: 0.000000ms, 클라이언트 수: 0
[13:56:28.395] [INFO] 서버 FPS: 32.480316, 평균 프레임 시간: 0.000000ms, 클라이언트 수: 0
[13:56:29.408] [INFO] 서버 FPS: 32.512314, 평균 프레임 시간: 0.000000ms, 클라이언트 수: 0
[13:56:30.424] [INFO] 서버 FPS: 32.480316, 평균 프레임 시간: 0.000000ms, 클라이언트 수: 0
[13:56:31.448] [INFO] 서버 FPS: 32.512314, 평균 프레임 시간: 0.000000ms, 클라이언트 수: 0
[13:56:32.459] [INFO] 서버 FPS: 32.480316, 평균 프레임 시간: 0.000000ms, 클라이언트 수: 0
[13:56:33.472] [INFO] 서버 FPS: 32.480316, 평균 프레임 시간: 0.000000ms, 클라이언트 수: 0
[13:56:34.501] [INFO] 서버 FPS: 33.497536, 평균 프레임 시간: 0.000000ms, 클라이언트 수: 0
[13:56:35.531] [INFO] 서버 FPS: 32.945736, 평균 프레임 시간: 0.000000ms, 클라이언트 수: 0
[13:56:36.539] [INFO] 서버 FPS: 32.512314, 평균 프레임 시간: 0.000000ms, 클라이언트 수: 0
[13:56:37.551] [INFO] 서버 FPS: 32.480316, 평균 프레임 시간: 0.000000ms, 클라이언트 수: 0
[13:56:38.571] [INFO] 서버 FPS: 33.497536, 평균 프레임 시간: 0.000000ms, 클라이언트 수: 0
[13:56:39.582] [INFO] 서버 FPS: 33.464565, 평균 프레임 시간: 0.000000ms, 클라이언트 수: 0
[13:56:40.611] [INFO] 서버 FPS: 34.917557, 평균 프레임 시간: 0.000000ms, 클라이언트 수: 0
[13:56:41.635] [INFO] 서버 FPS: 33.464565, 평균 프레임 시간: 0.000000ms, 클라이언트 수: 0
[13:56:42.665] [INFO] 서버 FPS: 34.917557, 평균 프레임 시간: 0.000000ms, 클라이언트 수: 0
[13:56:43.675] [INFO] 서버 FPS: 33.464565, 평균 프레임 시간: 0.000000ms, 클라이언트 수: 0
[13:56:44.717] [INFO] 서버 FPS: 32.977692, 평균 프레임 시간: 0.000000ms, 클라이언트 수: 0
[13:56:45.746] [INFO] 서버 FPS: 33.947624, 평균 프레임 시간: 0.000000ms, 클라이언트 수: 0
[13:56:46.776] [INFO] 서버 FPS: 34.883720, 평균 프레임 시간: 0.000000ms, 클라이언트 수: 0
[13:56:47.805] [INFO] 서버 FPS: 32.007759, 평균 프레임 시간: 0.000000ms, 클라이언트 수: 0
[13:56:48.816] [INFO] 서버 FPS: 33.497536, 평균 프레임 시간: 0.000000ms, 클라이언트 수: 0
[13:56:49.841] [INFO] 서버 FPS: 33.464565, 평균 프레임 시간: 0.000000ms, 클라이언트 수: 0
[13:56:50.853] [INFO] 서버 FPS: 32.480316, 평균 프레임 시간: 0.000000ms, 클라이언트 수: 0
[13:56:51.865] [INFO] 서버 FPS: 33.497536, 평균 프레임 시간: 0.000000ms, 클라이언트 수: 0
[13:56:52.905] [INFO] 서버 FPS: 32.945736, 평균 프레임 시간: 0.000000ms, 클라이언트 수: 0
[13:56:53.918] [INFO] 서버 FPS: 32.512314, 평균 프레임 시간: 0.000000ms, 클라이언트 수: 0
[13:56:54.947] [INFO] 서버 FPS: 34.917557, 평균 프레임 시간: 0.000000ms, 클라이언트 수: 0
[13:56:55.973] [INFO] 서버 FPS: 32.945736, 평균 프레임 시간: 0.000000ms, 클라이언트 수: 0
[13:56:56.997] [INFO] 서버 FPS: 33.497536, 평균 프레임 시간: 0.000000ms, 클라이언트 수: 0
[13:56:58.025] [INFO] 서버 FPS: 32.945736, 평균 프레임 시간: 0.000000ms, 클라이언트 수: 0
[13:56:59.049] [INFO] 서버 FPS: 32.007759, 평균 프레임 시간: 0.000000ms, 클라이언트 수: 0
[13:57:00.090] [INFO] 서버 FPS: 32.977692, 평균 프레임 시간: 0.000000ms, 클라이언트 수: 0
[13:57:01.102] [INFO] 서버 FPS: 34.448818, 평균 프레임 시간: 0.000000ms, 클라이언트 수: 0
[13:57:02.111] [INFO] 서버 FPS: 32.512314, 평균 프레임 시간: 0.000000ms, 클라이언트 수: 0
[13:57:03.154] [INFO] 서버 FPS: 33.914730, 평균 프레임 시간: 0.000000ms, 클라이언트 수: 0
[13:57:04.181] [INFO] 서버 FPS: 32.977692, 평균 프레임 시간: 0.000000ms, 클라이언트 수: 0
[13:57:05.204] [INFO] 서버 FPS: 32.512314, 평균 프레임 시간: 0.000000ms, 클라이언트 수: 0
[13:57:06.210] [INFO] 서버 FPS: 32.480316, 평균 프레임 시간: 0.000000ms, 클라이언트 수: 0
[13:57:07.237] [INFO] 서버 FPS: 32.977692, 평균 프레임 시간: 0.000000ms, 클라이언트 수: 0
[13:57:08.260] [INFO] 서버 FPS: 32.480316, 평균 프레임 시간: 0.000000ms, 클라이언트 수: 0
[13:57:09.281] [INFO] 서버 FPS: 32.480316, 평균 프레임 시간: 0.000000ms, 클라이언트 수: 0
[13:57:10.295] [INFO] 서버 FPS: 32.512314, 평균 프레임 시간: 0.000000ms, 클라이언트 수: 0
[13:57:11.319] [INFO] 서버 FPS: 32.007759, 평균 프레임 시간: 0.000000ms, 클라이언트 수: 0
[13:57:12.331] [INFO] 서버 FPS: 32.480316, 평균 프레임 시간: 0.000000ms, 클라이언트 수: 0
[13:57:13.370] [INFO] 서버 FPS: 32.977692, 평균 프레임 시간: 0.000000ms, 클라이언트 수: 0
[13:57:14.393] [INFO] 서버 FPS: 32.945736, 평균 프레임 시간: 0.000000ms, 클라이언트 수: 0
[13:57:15.433] [INFO] 서버 FPS: 32.977692, 평균 프레임 시간: 0.000000ms, 클라이언트 수: 0
[13:57:16.449] [INFO] 서버 FPS: 33.497536, 평균 프레임 시간: 0.000000ms, 클라이언트 수: 0
[13:57:17.473] [INFO] 서버 FPS: 32.945736, 평균 프레임 시간: 0.000000ms, 클라이언트 수: 0
[13:57:18.500] [INFO] 서버 FPS: 33.497536, 평균 프레임 시간: 0.000000ms, 클라이언트 수: 0
[13:57:19.510] [INFO] 서버 FPS: 33.464565, 평균 프레임 시간: 0.000000ms, 클라이언트 수: 0
[13:57:20.521] [INFO] 서버 FPS: 32.480316, 평균 프레임 시간: 0.000000ms, 클라이언트 수: 0
[13:57:21.550] [INFO] 서버 FPS: 33.947624, 평균 프레임 시간: 0.000000ms, 클라이언트 수: 0
[13:57:22.591] [INFO] 서버 FPS: 33.947624, 평균 프레임 시간: 0.000000ms, 클라이언트 수: 0
[13:57:23.604] [INFO] 서버 FPS: 33.464565, 평균 프레임 시간: 0.000000ms, 클라이언트 수: 0
[13:57:24.617] [INFO] 서버 FPS: 33.497536, 평균 프레임 시간: 0.000000ms, 클라이언트 수: 0
[13:57:25.642] [INFO] 서버 FPS: 32.945736, 평균 프레임 시간: 0.000000ms, 클라이언트 수: 0
[13:57:26.687] [INFO] 서버 FPS: 34.917557, 평균 프레임 시간: 0.000000ms, 클라이언트 수: 0
[13:57:27.716] [INFO] 서버 FPS: 33.947624, 평균 프레임 시간: 0.000000ms, 클라이언트 수: 0
[13:57:28.728] [INFO] 서버 FPS: 35.433071, 평균 프레임 시간: 0.000000ms, 클라이언트 수: 0
[13:57:29.741] [INFO] 서버 FPS: 33.497536, 평균 프레임 시간: 0.000000ms, 클라이언트 수: 0
[13:57:30.781] [INFO] 서버 FPS: 32.945736, 평균 프레임 시간: 0.000000ms, 클라이언트 수: 0
[13:57:31.808] [INFO] 서버 FPS: 32.977692, 평균 프레임 시간: 0.000000ms, 클라이언트 수: 0
[13:57:32.833] [INFO] 서버 FPS: 33.947624, 평균 프레임 시간: 0.000000ms, 클라이언트 수: 0
[13:57:33.864] [INFO] 서버 FPS: 32.977692, 평균 프레임 시간: 0.000000ms, 클라이언트 수: 0
[13:57:34.893] [INFO] 서버 FPS: 33.914730, 평균 프레임 시간: 0.000000ms, 클라이언트 수: 0
[13:57:35.936] [INFO] 서버 FPS: 33.947624, 평균 프레임 시간: 0.000000ms, 클라이언트 수: 0
[13:57:36.947] [INFO] 서버 FPS: 33.497536, 평균 프레임 시간: 0.000000ms, 클라이언트 수: 0
[13:57:37.958] [INFO] 서버 FPS: 33.464565, 평균 프레임 시간: 0.000000ms, 클라이언트 수: 0
[13:57:38.980] [INFO] 서버 FPS: 33.464565, 평균 프레임 시간: 0.000000ms, 클라이언트 수: 0
[13:57:40.008] [INFO] 서버 FPS: 32.977692, 평균 프레임 시간: 0.000000ms, 클라이언트 수: 0
[13:57:41.018] [INFO] 서버 FPS: 34.448818, 평균 프레임 시간: 0.000000ms, 클라이언트 수: 0
[13:57:42.060] [INFO] 서버 FPS: 33.947624, 평균 프레임 시간: 0.000000ms, 클라이언트 수: 0
[13:57:43.087] [INFO] 서버 FPS: 33.947624, 평균 프레임 시간: 0.000000ms, 클라이언트 수: 0
[13:57:44.099] [INFO] 서버 FPS: 32.480316, 평균 프레임 시간: 0.000000ms, 클라이언트 수: 0
[13:57:45.127] [INFO] 서버 FPS: 32.977692, 평균 프레임 시간: 0.000000ms, 클라이언트 수: 0
[13:57:46.170] [INFO] 서버 FPS: 33.947624, 평균 프레임 시간: 0.000000ms, 클라이언트 수: 0
[13:57:47.179] [INFO] 서버 FPS: 32.480316, 평균 프레임 시간: 0.000000ms, 클라이언트 수: 0
[13:57:48.190] [INFO] 서버 FPS: 32.512314, 평균 프레임 시간: 0.000000ms, 클라이언트 수: 0
[13:57:49.232] [INFO] 서버 FPS: 34.883720, 평균 프레임 시간: 0.000000ms, 클라이언트 수: 0
[13:57:50.244] [INFO] 서버 FPS: 33.497536, 평균 프레임 시간: 0.000000ms, 클라이언트 수: 0
[13:57:51.269] [INFO] 서버 FPS: 32.945736, 평균 프레임 시간: 0.000000ms, 클라이언트 수: 0
[13:57:52.309] [INFO] 서버 FPS: 32.977692, 평균 프레임 시간: 0.000000ms, 클라이언트 수: 0
[13:57:53.335] [INFO] 서버 FPS: 32.977692, 평균 프레임 시간: 0.000000ms, 클라이언트 수: 0
[13:57:54.351] [INFO] 서버 FPS: 33.464565, 평균 프레임 시간: 0.000000ms, 클라이언트 수: 0
[13:57:55.380] [INFO] 서버 FPS: 33.947624, 평균 프레임 시간: 0.000000ms, 클라이언트 수: 0
[13:57:56.422] [INFO] 서버 FPS: 33.947624, 평균 프레임 시간: 0.000000ms, 클라이언트 수: 0
[13:57:57.446] [INFO] 서버 FPS: 32.977692, 평균 프레임 시간: 0.000000ms, 클라이언트 수: 0
[13:57:58.458] [INFO] 서버 FPS: 32.480316, 평균 프레임 시간: 0.000000ms, 클라이언트 수: 0
[13:57:59.485] [INFO] 서버 FPS: 33.464565, 평균 프레임 시간: 0.000000ms, 클라이언트 수: 0
[13:58:00.516] [INFO] 서버 FPS: 32.977692, 평균 프레임 시간: 0.000000ms, 클라이언트 수: 0
[13:58:01.544] [INFO] 서버 FPS: 32.007759, 평균 프레임 시간: 0.000000ms, 클라이언트 수: 0
[13:58:02.571] [INFO] 서버 FPS: 33.947624, 평균 프레임 시간: 0.000000ms, 클라이언트 수: 0
[13:58:03.594] [INFO] 서버 FPS: 34.448818, 평균 프레임 시간: 0.000000ms, 클라이언트 수: 0
[13:58:04.600] [INFO] 서버 FPS: 32.480316, 평균 프레임 시간: 0.000000ms, 클라이언트 수: 0
[13:58:05.638] [INFO] 서버 FPS: 32.977692, 평균 프레임 시간: 0.000000ms, 클라이언트 수: 0
[13:58:06.646] [INFO] 서버 FPS: 33.464565, 평균 프레임 시간: 0.000000ms, 클라이언트 수: 0
[13:58:07.658] [INFO] 서버 FPS: 32.512314, 평균 프레임 시간: 0.000000ms, 클라이언트 수: 0
[13:58:08.694] [INFO] 서버 FPS: 32.977692, 평균 프레임 시간: 0.000000ms, 클라이언트 수: 0
[13:58:09.715] [INFO] 서버 FPS: 33.464565, 평균 프레임 시간: 0.000000ms, 클라이언트 수: 0
[13:58:10.722] [INFO] 서버 FPS: 32.480316, 평균 프레임 시간: 0.000000ms, 클라이언트 수: 0
[13:58:11.760] [INFO] 서버 FPS: 33.947624, 평균 프레임 시간: 0.000000ms, 클라이언트 수: 0
[13:58:12.786] [INFO] 서버 FPS: 33.947624, 평균 프레임 시간: 0.000000ms, 클라이언트 수: 0
[13:58:13.824] [INFO] 서버 FPS: 33.947624, 평균 프레임 시간: 0.000000ms, 클라이언트 수: 0
[13:58:14.832] [INFO] 서버 FPS: 33.464565, 평균 프레임 시간: 0.000000ms, 클라이언트 수: 0
[13:58:15.854] [INFO] 서버 FPS: 33.464565, 평균 프레임 시간: 0.000000ms, 클라이언트 수: 0
[13:58:16.890] [INFO] 서버 FPS: 33.947624, 평균 프레임 시간: 0.000000ms, 클라이언트 수: 0
[13:58:17.900] [INFO] 서버 FPS: 32.480316, 평균 프레임 시간: 0.000000ms, 클라이언트 수: 0
[13:58:18.920] [INFO] 서버 FPS: 33.497536, 평균 프레임 시간: 0.000000ms, 클라이언트 수: 0
[13:58:19.948] [INFO] 서버 FPS: 32.007759, 평균 프레임 시간: 0.000000ms, 클라이언트 수: 0
[13:58:20.958] [INFO] 서버 FPS: 32.480316, 평균 프레임 시간: 0.000000ms, 클라이언트 수: 0
[13:58:21.998] [INFO] 서버 FPS: 32.977692, 평균 프레임 시간: 0.000000ms, 클라이언트 수: 0
[13:58:23.012] [INFO] 서버 FPS: 33.464565, 평균 프레임 시간: 0.000000ms, 클라이언트 수: 0
[13:58:24.021] [INFO] 서버 FPS: 32.480316, 평균 프레임 시간: 0.000000ms, 클라이언트 수: 0
[13:58:25.060] [INFO] 서버 FPS: 33.947624, 평균 프레임 시간: 0.000000ms, 클라이언트 수: 0
[13:58:26.068] [INFO] 서버 FPS: 32.512314, 평균 프레임 시간: 0.000000ms, 클라이언트 수: 0
[13:58:27.094] [INFO] 서버 FPS: 32.480316, 평균 프레임 시간: 0.000000ms, 클라이언트 수: 0
[13:58:28.102] [INFO] 서버 FPS: 32.480316, 평균 프레임 시간: 0.000000ms, 클라이언트 수: 0
[13:58:29.140] [INFO] 서버 FPS: 33.947624, 평균 프레임 시간: 0.000000ms, 클라이언트 수: 0
[13:58:30.168] [INFO] 서버 FPS: 32.007759, 평균 프레임 시간: 0.000000ms, 클라이언트 수: 0
[13:58:31.179] [INFO] 서버 FPS: 33.464565, 평균 프레임 시간: 0.000000ms, 클라이언트 수: 0
[13:58:32.212] [INFO] 서버 FPS: 32.977692, 평균 프레임 시간: 0.000000ms, 클라이언트 수: 0
[13:58:33.223] [INFO] 서버 FPS: 32.480316, 평균 프레임 시간: 0.000000ms, 클라이언트 수: 0
[13:58:34.243] [INFO] 서버 FPS: 32.512314, 평균 프레임 시간: 0.000000ms, 클라이언트 수: 0
[13:58:35.252] [INFO] 서버 FPS: 33.464565, 평균 프레임 시간: 0.000000ms, 클라이언트 수: 0
[13:58:36.273] [INFO] 서버 FPS: 32.480316, 평균 프레임 시간: 0.000000ms, 클라이언트 수: 0
[13:58:37.285] [INFO] 서버 FPS: 34.482758, 평균 프레임 시간: 0.000000ms, 클라이언트 수: 0
[13:58:38.301] [INFO] 서버 FPS: 32.480316, 평균 프레임 시간: 0.000000ms, 클라이언트 수: 0
[13:58:39.335] [INFO] 서버 FPS: 32.977692, 평균 프레임 시간: 0.000000ms, 클라이언트 수: 0
[13:58:40.362] [INFO] 서버 FPS: 33.947624, 평균 프레임 시간: 0.000000ms, 클라이언트 수: 0
[13:58:41.400] [INFO] 서버 FPS: 32.945736, 평균 프레임 시간: 0.000000ms, 클라이언트 수: 0
[13:58:42.410] [INFO] 서버 FPS: 32.512314, 평균 프레임 시간: 0.000000ms, 클라이언트 수: 0
[13:58:43.446] [INFO] 서버 FPS: 32.977692, 평균 프레임 시간: 0.000000ms, 클라이언트 수: 0
[13:58:44.470] [INFO] 서버 FPS: 33.914730, 평균 프레임 시간: 0.000000ms, 클라이언트 수: 0
[13:58:45.493] [INFO] 서버 FPS: 33.497536, 평균 프레임 시간: 0.000000ms, 클라이언트 수: 0
[13:58:46.514] [INFO] 서버 FPS: 33.464565, 평균 프레임 시간: 0.000000ms, 클라이언트 수: 0
[13:58:47.537] [INFO] 서버 FPS: 32.977692, 평균 프레임 시간: 0.000000ms, 클라이언트 수: 0
[13:58:48.563] [INFO] 서버 FPS: 33.464565, 평균 프레임 시간: 0.000000ms, 클라이언트 수: 0
[13:58:49.588] [INFO] 서버 FPS: 32.007759, 평균 프레임 시간: 0.000000ms, 클라이언트 수: 0
[13:58:50.596] [INFO] 서버 FPS: 32.480316, 평균 프레임 시간: 0.000000ms, 클라이언트 수: 0
[13:58:51.630] [INFO] 서버 FPS: 32.977692, 평균 프레임 시간: 0.000000ms, 클라이언트 수: 0
[13:58:52.649] [INFO] 서버 FPS: 32.480316, 평균 프레임 시간: 0.000000ms, 클라이언트 수: 0
[13:58:53.658] [INFO] 서버 FPS: 33.497536, 평균 프레임 시간: 0.000000ms, 클라이언트 수: 0
[13:58:54.681] [INFO] 서버 FPS: 33.464565, 평균 프레임 시간: 0.000000ms, 클라이언트 수: 0
[13:58:55.716] [INFO] 서버 FPS: 32.977692, 평균 프레임 시간: 0.000000ms, 클라이언트 수: 0
[13:58:56.739] [INFO] 서버 FPS: 32.977692, 평균 프레임 시간: 0.000000ms, 클라이언트 수: 0
[13:58:57.760] [INFO] 서버 FPS: 34.448818, 평균 프레임 시간: 0.000000ms, 클라이언트 수: 0
[13:58:58.770] [INFO] 서버 FPS: 32.480316, 평균 프레임 시간: 0.000000ms, 클라이언트 수: 0
[13:58:59.796] [INFO] 서버 FPS: 33.497536, 평균 프레임 시간: 0.000000ms, 클라이언트 수: 0
[13:59:00.824] [INFO] 서버 FPS: 33.947624, 평균 프레임 시간: 0.000000ms, 클라이언트 수: 0
[13:59:01.831] [INFO] 서버 FPS: 34.448818, 평균 프레임 시간: 0.000000ms, 클라이언트 수: 0
[13:59:02.861] [INFO] 서버 FPS: 32.977692, 평균 프레임 시간: 0.000000ms, 클라이언트 수: 0
[13:59:03.881] [INFO] 서버 FPS: 33.464565, 평균 프레임 시간: 0.000000ms, 클라이언트 수: 0
[13:59:04.921] [INFO] 서버 FPS: 33.947624, 평균 프레임 시간: 0.000000ms, 클라이언트 수: 0
[13:59:05.935] [INFO] 서버 FPS: 33.464565, 평균 프레임 시간: 0.000000ms, 클라이언트 수: 0
[13:59:06.948] [INFO] 서버 FPS: 34.482758, 평균 프레임 시간: 0.000000ms, 클라이언트 수: 0
[13:59:07.960] [INFO] 서버 FPS: 32.480316, 평균 프레임 시간: 0.000000ms, 클라이언트 수: 0
[13:59:08.982] [INFO] 서버 FPS: 32.480316, 평균 프레임 시간: 0.000000ms, 클라이언트 수: 0
[13:59:09.989] [INFO] 서버 FPS: 33.497536, 평균 프레임 시간: 0.000000ms, 클라이언트 수: 0
[13:59:11.011] [INFO] 서버 FPS: 34.448818, 평균 프레임 시간: 0.000000ms, 클라이언트 수: 0
[13:59:12.025] [INFO] 서버 FPS: 35.433071, 평균 프레임 시간: 0.000000ms, 클라이언트 수: 0
[13:59:13.051] [INFO] 서버 FPS: 32.977692, 평균 프레임 시간: 0.000000ms, 클라이언트 수: 0
[13:59:14.093] [INFO] 서버 FPS: 33.947624, 평균 프레임 시간: 0.000000ms, 클라이언트 수: 0
[13:59:15.102] [INFO] 서버 FPS: 32.480316, 평균 프레임 시간: 0.000000ms, 클라이언트 수: 0
[13:59:16.118] [INFO] 서버 FPS: 33.497536, 평균 프레임 시간: 0.000000ms, 클라이언트 수: 0
[13:59:17.130] [INFO] 서버 FPS: 34.448818, 평균 프레임 시간: 0.000000ms, 클라이언트 수: 0
[13:59:18.158] [INFO] 서버 FPS: 32.977692, 평균 프레임 시간: 0.000000ms, 클라이언트 수: 0
[13:59:19.195] [INFO] 서버 FPS: 32.977692, 평균 프레임 시간: 0.000000ms, 클라이언트 수: 0
[13:59:20.221] [INFO] 서버 FPS: 32.945736, 평균 프레임 시간: 0.000000ms, 클라이언트 수: 0
[13:59:21.260] [INFO] 서버 FPS: 33.947624, 평균 프레임 시간: 0.000000ms, 클라이언트 수: 0
[13:59:22.289] [INFO] 서버 FPS: 33.947624, 평균 프레임 시간: 0.000000ms, 클라이언트 수: 0
[13:59:23.303] [INFO] 서버 FPS: 32.480316, 평균 프레임 시간: 0.000000ms, 클라이언트 수: 0
[13:59:24.316] [INFO] 서버 FPS: 33.497536, 평균 프레임 시간: 0.000000ms, 클라이언트 수: 0
[13:59:25.356] [INFO] 서버 FPS: 32.945736, 평균 프레임 시간: 0.000000ms, 클라이언트 수: 0
[13:59:26.367] [INFO] 서버 FPS: 32.512314, 평균 프레임 시간: 0.000000ms, 클라이언트 수: 0
[13:59:27.389] [INFO] 서버 FPS: 33.464565, 평균 프레임 시간: 0.000000ms, 클라이언트 수: 0
[13:59:28.415] [INFO] 서버 FPS: 33.947624, 평균 프레임 시간: 0.000000ms, 클라이언트 수: 0
[13:59:29.424] [INFO] 서버 FPS: 33.464565, 평균 프레임 시간: 0.000000ms, 클라이언트 수: 0
[13:59:30.469] [INFO] 서버 FPS: 35.887489, 평균 프레임 시간: 0.000000ms, 클라이언트 수: 0
[13:59:31.495] [INFO] 서버 FPS: 32.977692, 평균 프레임 시간: 0.000000ms, 클라이언트 수: 0
[13:59:32.506] [INFO] 서버 FPS: 33.464565, 평균 프레임 시간: 0.000000ms, 클라이언트 수: 0
[13:59:33.546] [INFO] 서버 FPS: 33.947624, 평균 프레임 시간: 0.000000ms, 클라이언트 수: 0
[13:59:34.557] [INFO] 서버 FPS: 33.464565, 평균 프레임 시간: 0.000000ms, 클라이언트 수: 0
[13:59:35.569] [INFO] 서버 FPS: 33.497536, 평균 프레임 시간: 0.000000ms, 클라이언트 수: 0
[13:59:36.590] [INFO] 서버 FPS: 34.448818, 평균 프레임 시간: 0.000000ms, 클라이언트 수: 0
[13:59:37.617] [INFO] 서버 FPS: 33.947624, 평균 프레임 시간: 0.000000ms, 클라이언트 수: 0
[13:59:38.655] [INFO] 서버 FPS: 32.945736, 평균 프레임 시간: 0.000000ms, 클라이언트 수: 0
[13:59:39.681] [INFO] 서버 FPS: 32.977692, 평균 프레임 시간: 0.000000ms, 클라이언트 수: 0
[13:59:40.706] [INFO] 서버 FPS: 32.977692, 평균 프레임 시간: 0.000000ms, 클라이언트 수: 0
[13:59:41.732] [INFO] 서버 FPS: 33.464565, 평균 프레임 시간: 0.000000ms, 클라이언트 수: 0
[13:59:42.759] [INFO] 서버 FPS: 32.977692, 평균 프레임 시간: 0.000000ms, 클라이언트 수: 0
[13:59:43.771] [INFO] 서버 FPS: 34.448818, 평균 프레임 시간: 0.000000ms, 클라이언트 수: 0
[13:59:44.783] [INFO] 서버 FPS: 32.512314, 평균 프레임 시간: 0.000000ms, 클라이언트 수: 0
[13:59:45.813] [INFO] 서버 FPS: 33.464565, 평균 프레임 시간: 0.000000ms, 클라이언트 수: 0
[13:59:46.837] [INFO] 서버 FPS: 32.007759, 평균 프레임 시간: 0.000000ms, 클라이언트 수: 0
[13:59:47.866] [INFO] 서버 FPS: 32.007759, 평균 프레임 시간: 0.000000ms, 클라이언트 수: 0
[13:59:48.879] [INFO] 서버 FPS: 32.480316, 평균 프레임 시간: 0.000000ms, 클라이언트 수: 0
[13:59:49.919] [INFO] 서버 FPS: 32.977692, 평균 프레임 시간: 0.000000ms, 클라이언트 수: 0
[13:59:50.949] [INFO] 서버 FPS: 32.977692, 평균 프레임 시간: 0.000000ms, 클라이언트 수: 0
[13:59:51.974] [INFO] 서버 FPS: 32.945736, 평균 프레임 시간: 0.000000ms, 클라이언트 수: 0
[13:59:52.997] [INFO] 서버 FPS: 32.512314, 평균 프레임 시간: 0.000000ms, 클라이언트 수: 0
[13:59:54.006] [INFO] 서버 FPS: 33.464565, 평균 프레임 시간: 0.000000ms, 클라이언트 수: 0
[13:59:55.032] [INFO] 서버 FPS: 34.448818, 평균 프레임 시간: 0.000000ms, 클라이언트 수: 0
[13:59:56.042] [INFO] 서버 FPS: 32.512314, 평균 프레임 시간: 0.000000ms, 클라이언트 수: 0
[13:59:57.051] [INFO] 서버 FPS: 34.448818, 평균 프레임 시간: 0.000000ms, 클라이언트 수: 0
[13:59:58.094] [INFO] 서버 FPS: 32.977692, 평균 프레임 시간: 0.000000ms, 클라이언트 수: 0
[13:59:59.120] [INFO] 서버 FPS: 33.947624, 평균 프레임 시간: 0.000000ms, 클라이언트 수: 0
[14:00:00.131] [INFO] 서버 FPS: 33.464565, 평균 프레임 시간: 0.000000ms, 클라이언트 수: 0
[14:00:01.158] [INFO] 서버 FPS: 33.947624, 평균 프레임 시간: 0.000000ms, 클라이언트 수: 0
[14:00:02.184] [INFO] 서버 FPS: 33.464565, 평균 프레임 시간: 0.000000ms, 클라이언트 수: 0
[14:00:03.209] [INFO] 서버 FPS: 32.977692, 평균 프레임 시간: 0.000000ms, 클라이언트 수: 0
[14:00:04.220] [INFO] 서버 FPS: 33.464565, 평균 프레임 시간: 0.000000ms, 클라이언트 수: 0
[14:00:05.259] [INFO] 서버 FPS: 32.977692, 평균 프레임 시간: 0.000000ms, 클라이언트 수: 0
[14:00:06.289] [INFO] 서버 FPS: 34.917557, 평균 프레임 시간: 0.000000ms, 클라이언트 수: 0
[14:00:07.298] [INFO] 서버 FPS: 33.464565, 평균 프레임 시간: 0.000000ms, 클라이언트 수: 0
[14:00:08.321] [INFO] 서버 FPS: 33.497536, 평균 프레임 시간: 0.000000ms, 클라이언트 수: 0
[14:00:09.358] [INFO] 서버 FPS: 32.945736, 평균 프레임 시간: 0.000000ms, 클라이언트 수: 0
[14:00:10.369] [INFO] 서버 FPS: 33.497536, 평균 프레임 시간: 0.000000ms, 클라이언트 수: 0
[14:00:11.398] [INFO] 서버 FPS: 32.945736, 평균 프레임 시간: 0.000000ms, 클라이언트 수: 0
[14:00:12.408] [INFO] 서버 FPS: 33.497536, 평균 프레임 시간: 0.000000ms, 클라이언트 수: 0
[14:00:13.448] [INFO] 서버 FPS: 33.947624, 평균 프레임 시간: 0.000000ms, 클라이언트 수: 0
[14:00:14.455] [INFO] 서버 FPS: 32.480316, 평균 프레임 시간: 0.000000ms, 클라이언트 수: 0
[14:00:15.481] [INFO] 서버 FPS: 33.464565, 평균 프레임 시간: 0.000000ms, 클라이언트 수: 0
[14:00:16.487] [INFO] 서버 FPS: 32.512314, 평균 프레임 시간: 0.000000ms, 클라이언트 수: 0
[14:00:17.517] [INFO] 서버 FPS: 32.945736, 평균 프레임 시간: 0.000000ms, 클라이언트 수: 0
[14:00:18.543] [INFO] 서버 FPS: 33.497536, 평균 프레임 시간: 0.000000ms, 클라이언트 수: 0
[14:00:19.569] [INFO] 서버 FPS: 32.977692, 평균 프레임 시간: 0.000000ms, 클라이언트 수: 0
[14:00:20.610] [INFO] 서버 FPS: 32.473736, 평균 프레임 시간: 0.000000ms, 클라이언트 수: 0
[14:00:21.637] [INFO] 서버 FPS: 33.464565, 평균 프레임 시간: 0.000000ms, 클라이언트 수: 0
[14:00:22.647] [INFO] 서버 FPS: 32.480316, 평균 프레임 시간: 0.000000ms, 클라이언트 수: 0
[14:00:23.669] [INFO] 서버 FPS: 34.482758, 평균 프레임 시간: 0.000000ms, 클라이언트 수: 0
[14:00:24.679] [INFO] 서버 FPS: 33.464565, 평균 프레임 시간: 0.000000ms, 클라이언트 수: 0
[14:00:25.692] [INFO] 서버 FPS: 34.482758, 평균 프레임 시간: 0.000000ms, 클라이언트 수: 0
[14:00:26.717] [INFO] 서버 FPS: 32.480316, 평균 프레임 시간: 0.000000ms, 클라이언트 수: 0
[14:00:27.743] [INFO] 서버 FPS: 32.977692, 평균 프레임 시간: 0.000000ms, 클라이언트 수: 0
[14:00:28.769] [INFO] 서버 FPS: 31.976744, 평균 프레임 시간: 0.000000ms, 클라이언트 수: 0
[14:00:29.800] [INFO] 서버 FPS: 32.007759, 평균 프레임 시간: 0.000000ms, 클라이언트 수: 0
[14:00:30.844] [INFO] 서버 FPS: 33.947624, 평균 프레임 시간: 0.000000ms, 클라이언트 수: 0
[14:00:31.858] [INFO] 서버 FPS: 32.480316, 평균 프레임 시간: 0.000000ms, 클라이언트 수: 0
[14:00:32.881] [INFO] 서버 FPS: 32.007759, 평균 프레임 시간: 0.000000ms, 클라이언트 수: 0
[14:00:33.907] [INFO] 서버 FPS: 32.480316, 평균 프레임 시간: 0.000000ms, 클라이언트 수: 0
[14:00:34.909] [INFO] 서버 FPS: 32.512314, 평균 프레임 시간: 0.000000ms, 클라이언트 수: 0
[14:00:35.924] [INFO] 서버 FPS: 32.480316, 평균 프레임 시간: 0.000000ms, 클라이언트 수: 0
[14:00:36.951] [INFO] 서버 FPS: 33.497536, 평균 프레임 시간: 0.000000ms, 클라이언트 수: 0
[14:00:37.960] [INFO] 서버 FPS: 32.480316, 평균 프레임 시간: 0.000000ms, 클라이언트 수: 0
[14:00:38.974] [INFO] 서버 FPS: 32.480316, 평균 프레임 시간: 0.000000ms, 클라이언트 수: 0
[14:00:39.999] [INFO] 서버 FPS: 32.512314, 평균 프레임 시간: 0.000000ms, 클라이언트 수: 0
[14:00:41.007] [INFO] 서버 FPS: 32.480316, 평균 프레임 시간: 0.000000ms, 클라이언트 수: 0
[14:00:42.032] [INFO] 서버 FPS: 33.464565, 평균 프레임 시간: 0.000000ms, 클라이언트 수: 0
[14:00:43.057] [INFO] 서버 FPS: 33.947624, 평균 프레임 시간: 0.000000ms, 클라이언트 수: 0
[14:00:44.085] [INFO] 서버 FPS: 33.947624, 평균 프레임 시간: 0.000000ms, 클라이언트 수: 0
[14:00:45.100] [INFO] 서버 FPS: 35.433071, 평균 프레임 시간: 0.000000ms, 클라이언트 수: 0
[14:00:46.127] [INFO] 서버 FPS: 32.977692, 평균 프레임 시간: 0.000000ms, 클라이언트 수: 0
[14:00:47.171] [INFO] 서버 FPS: 33.947624, 평균 프레임 시간: 0.000000ms, 클라이언트 수: 0
[14:00:48.182] [INFO] 서버 FPS: 35.433071, 평균 프레임 시간: 0.000000ms, 클라이언트 수: 0
[14:00:49.210] [INFO] 서버 FPS: 33.947624, 평균 프레임 시간: 0.000000ms, 클라이언트 수: 0
[14:00:50.235] [INFO] 서버 FPS: 34.448818, 평균 프레임 시간: 0.000000ms, 클라이언트 수: 0
[14:00:51.260] [INFO] 서버 FPS: 32.007759, 평균 프레임 시간: 0.000000ms, 클라이언트 수: 0
[14:00:52.291] [INFO] 서버 FPS: 33.947624, 평균 프레임 시간: 0.000000ms, 클라이언트 수: 0
[14:00:53.317] [INFO] 서버 FPS: 34.917557, 평균 프레임 시간: 0.000000ms, 클라이언트 수: 0
[14:00:54.356] [INFO] 서버 FPS: 33.914730, 평균 프레임 시간: 0.000000ms, 클라이언트 수: 0
[14:00:55.366] [INFO] 서버 FPS: 32.512314, 평균 프레임 시간: 0.000000ms, 클라이언트 수: 0
[14:00:56.377] [INFO] 서버 FPS: 34.448818, 평균 프레임 시간: 0.000000ms, 클라이언트 수: 0
[14:00:57.405] [INFO] 서버 FPS: 34.448818, 평균 프레임 시간: 0.000000ms, 클라이언트 수: 0
[14:00:58.415] [INFO] 서버 FPS: 33.497536, 평균 프레임 시간: 0.000000ms, 클라이언트 수: 0
[14:00:59.440] [INFO] 서버 FPS: 32.977692, 평균 프레임 시간: 0.000000ms, 클라이언트 수: 0
[14:01:00.481] [INFO] 서버 FPS: 32.945736, 평균 프레임 시간: 0.000000ms, 클라이언트 수: 0
[14:01:01.486] [INFO] 서버 FPS: 32.512314, 평균 프레임 시간: 0.000000ms, 클라이언트 수: 0
[14:01:02.515] [INFO] 서버 FPS: 34.448818, 평균 프레임 시간: 0.000000ms, 클라이언트 수: 0
[14:01:03.534] [INFO] 서버 FPS: 32.977692, 평균 프레임 시간: 0.000000ms, 클라이언트 수: 0
[14:01:04.578] [INFO] 서버 FPS: 32.977692, 평균 프레임 시간: 0.000000ms, 클라이언트 수: 0
[14:01:05.590] [INFO] 서버 FPS: 34.448818, 평균 프레임 시간: 0.000000ms, 클라이언트 수: 0
[14:01:06.613] [INFO] 서버 FPS: 32.007759, 평균 프레임 시간: 0.000000ms, 클라이언트 수: 0
[14:01:07.639] [INFO] 서버 FPS: 34.448818, 평균 프레임 시간: 0.000000ms, 클라이언트 수: 0
[14:01:08.647] [INFO] 서버 FPS: 33.464565, 평균 프레임 시간: 0.000000ms, 클라이언트 수: 0
[14:01:09.684] [INFO] 서버 FPS: 32.977692, 평균 프레임 시간: 0.000000ms, 클라이언트 수: 0
[14:01:10.714] [INFO] 서버 FPS: 32.977692, 평균 프레임 시간: 0.000000ms, 클라이언트 수: 0
[14:01:11.723] [INFO] 서버 FPS: 33.464565, 평균 프레임 시간: 0.000000ms, 클라이언트 수: 0
[14:01:12.762] [INFO] 서버 FPS: 32.977692, 평균 프레임 시간: 0.000000ms, 클라이언트 수: 0
[14:01:13.778] [INFO] 서버 FPS: 33.464565, 평균 프레임 시간: 0.000000ms, 클라이언트 수: 0
[14:01:14.807] [INFO] 서버 FPS: 34.917557, 평균 프레임 시간: 0.000000ms, 클라이언트 수: 0
[14:01:15.833] [INFO] 서버 FPS: 33.947624, 평균 프레임 시간: 0.000000ms, 클라이언트 수: 0
[14:01:16.860] [INFO] 서버 FPS: 34.917557, 평균 프레임 시간: 0.000000ms, 클라이언트 수: 0
[14:01:17.885] [INFO] 서버 FPS: 33.464565, 평균 프레임 시간: 0.000000ms, 클라이언트 수: 0
[14:01:18.895] [INFO] 서버 FPS: 32.480316, 평균 프레임 시간: 0.000000ms, 클라이언트 수: 0
[14:01:19.923] [INFO] 서버 FPS: 32.977692, 평균 프레임 시간: 0.000000ms, 클라이언트 수: 0
[14:01:20.963] [INFO] 서버 FPS: 33.947624, 평균 프레임 시간: 0.000000ms, 클라이언트 수: 0
[14:01:21.975] [INFO] 서버 FPS: 33.464565, 평균 프레임 시간: 0.000000ms, 클라이언트 수: 0
[14:01:23.000] [INFO] 서버 FPS: 32.512314, 평균 프레임 시간: 0.000000ms, 클라이언트 수: 0
[14:01:24.029] [INFO] 서버 FPS: 33.914730, 평균 프레임 시간: 0.000000ms, 클라이언트 수: 0
[14:01:25.059] [INFO] 서버 FPS: 32.007759, 평균 프레임 시간: 0.000000ms, 클라이언트 수: 0
[14:01:26.074] [INFO] 서버 FPS: 34.482758, 평균 프레임 시간: 0.000000ms, 클라이언트 수: 0
[14:01:27.109] [INFO] 서버 FPS: 32.945736, 평균 프레임 시간: 0.000000ms, 클라이언트 수: 0
[14:01:28.121] [INFO] 서버 FPS: 32.512314, 평균 프레임 시간: 0.000000ms, 클라이언트 수: 0
[14:01:29.148] [INFO] 서버 FPS: 31.976744, 평균 프레임 시간: 0.000000ms, 클라이언트 수: 0
[14:01:30.164] [INFO] 서버 FPS: 32.512314, 평균 프레임 시간: 0.000000ms, 클라이언트 수: 0
[14:01:31.191] [INFO] 서버 FPS: 32.977692, 평균 프레임 시간: 0.000000ms, 클라이언트 수: 0
[14:01:32.220] [INFO] 서버 FPS: 32.945736, 평균 프레임 시간: 0.000000ms, 클라이언트 수: 0
[14:01:33.249] [INFO] 서버 FPS: 33.497536, 평균 프레임 시간: 0.000000ms, 클라이언트 수: 0
[14:01:34.272] [INFO] 서버 FPS: 32.945736, 평균 프레임 시간: 0.000000ms, 클라이언트 수: 0
[14:01:35.284] [INFO] 서버 FPS: 32.512314, 평균 프레임 시간: 0.000000ms, 클라이언트 수: 0
[14:01:36.307] [INFO] 서버 FPS: 34.448818, 평균 프레임 시간: 0.000000ms, 클라이언트 수: 0
[14:01:37.316] [INFO] 서버 FPS: 32.512314, 평균 프레임 시간: 0.000000ms, 클라이언트 수: 0
[14:01:38.354] [INFO] 서버 FPS: 32.945736, 평균 프레임 시간: 0.000000ms, 클라이언트 수: 0
[14:01:39.365] [INFO] 서버 FPS: 34.482758, 평균 프레임 시간: 0.000000ms, 클라이언트 수: 0
[14:01:40.378] [INFO] 서버 FPS: 34.448818, 평균 프레임 시간: 0.000000ms, 클라이언트 수: 0
[14:01:41.405] [INFO] 서버 FPS: 34.448818, 평균 프레임 시간: 0.000000ms, 클라이언트 수: 0
[14:01:42.414] [INFO] 서버 FPS: 33.497536, 평균 프레임 시간: 0.000000ms, 클라이언트 수: 0
[14:01:43.425] [INFO] 서버 FPS: 34.448818, 평균 프레임 시간: 0.000000ms, 클라이언트 수: 0
[14:01:44.448] [INFO] 서버 FPS: 33.497536, 평균 프레임 시간: 0.000000ms, 클라이언트 수: 0
[14:01:45.460] [INFO] 서버 FPS: 32.480316, 평균 프레임 시간: 0.000000ms, 클라이언트 수: 0
[14:01:46.471] [INFO] 서버 FPS: 32.480316, 평균 프레임 시간: 0.000000ms, 클라이언트 수: 0
[14:01:47.513] [INFO] 서버 FPS: 32.977692, 평균 프레임 시간: 0.000000ms, 클라이언트 수: 0
[14:01:48.526] [INFO] 서버 FPS: 34.448818, 평균 프레임 시간: 0.000000ms, 클라이언트 수: 0
[14:01:49.555] [INFO] 서버 FPS: 32.977692, 평균 프레임 시간: 0.000000ms, 클라이언트 수: 0
[14:01:50.566] [INFO] 서버 FPS: 32.512314, 평균 프레임 시간: 0.000000ms, 클라이언트 수: 0
[14:01:51.606] [INFO] 서버 FPS: 34.883720, 평균 프레임 시간: 0.000000ms, 클라이언트 수: 0
[14:01:52.617] [INFO] 서버 FPS: 33.497536, 평균 프레임 시간: 0.000000ms, 클라이언트 수: 0
[14:01:53.646] [INFO] 서버 FPS: 31.976744, 평균 프레임 시간: 0.000000ms, 클라이언트 수: 0
[14:01:54.671] [INFO] 서버 FPS: 33.497536, 평균 프레임 시간: 0.000000ms, 클라이언트 수: 0
[14:01:55.680] [INFO] 서버 FPS: 32.480316, 평균 프레임 시간: 0.000000ms, 클라이언트 수: 0
[14:01:56.707] [INFO] 서버 FPS: 32.007759, 평균 프레임 시간: 0.000000ms, 클라이언트 수: 0
[14:01:57.727] [INFO] 서버 FPS: 32.480316, 평균 프레임 시간: 0.000000ms, 클라이언트 수: 0
[14:01:58.751] [INFO] 서버 FPS: 32.007759, 평균 프레임 시간: 0.000000ms, 클라이언트 수: 0
[14:01:59.794] [INFO] 서버 FPS: 33.947624, 평균 프레임 시간: 0.000000ms, 클라이언트 수: 0
[14:02:00.801] [INFO] 서버 FPS: 32.480316, 평균 프레임 시간: 0.000000ms, 클라이언트 수: 0
[14:02:01.828] [INFO] 서버 FPS: 33.497536, 평균 프레임 시간: 0.000000ms, 클라이언트 수: 0
[14:02:02.855] [INFO] 서버 FPS: 31.976744, 평균 프레임 시간: 0.000000ms, 클라이언트 수: 0
[14:02:03.868] [INFO] 서버 FPS: 34.482758, 평균 프레임 시간: 0.000000ms, 클라이언트 수: 0
[14:02:04.907] [INFO] 서버 FPS: 32.945736, 평균 프레임 시간: 0.000000ms, 클라이언트 수: 0
[14:02:05.921] [INFO] 서버 FPS: 32.512314, 평균 프레임 시간: 0.000000ms, 클라이언트 수: 0
[14:02:06.947] [INFO] 서버 FPS: 32.977692, 평균 프레임 시간: 0.000000ms, 클라이언트 수: 0
[14:02:07.975] [INFO] 서버 FPS: 32.945736, 평균 프레임 시간: 0.000000ms, 클라이언트 수: 0
[14:02:08.986] [INFO] 서버 FPS: 33.497536, 평균 프레임 시간: 0.000000ms, 클라이언트 수: 0
[14:02:10.014] [INFO] 서버 FPS: 33.464565, 평균 프레임 시간: 0.000000ms, 클라이언트 수: 0
[14:02:11.039] [INFO] 서버 FPS: 32.007759, 평균 프레임 시간: 0.000000ms, 클라이언트 수: 0
[14:02:12.063] [INFO] 서버 FPS: 33.464565, 평균 프레임 시간: 0.000000ms, 클라이언트 수: 0
[14:02:13.089] [INFO] 서버 FPS: 33.947624, 평균 프레임 시간: 0.000000ms, 클라이언트 수: 0
[14:02:14.117] [INFO] 서버 FPS: 32.977692, 평균 프레임 시간: 0.000000ms, 클라이언트 수: 0
[14:02:15.129] [INFO] 서버 FPS: 33.464565, 평균 프레임 시간: 0.000000ms, 클라이언트 수: 0
[14:02:16.171] [INFO] 서버 FPS: 33.947624, 평균 프레임 시간: 0.000000ms, 클라이언트 수: 0
[14:02:17.185] [INFO] 서버 FPS: 33.464565, 평균 프레임 시간: 0.000000ms, 클라이언트 수: 0
[14:02:18.208] [INFO] 서버 FPS: 32.977692, 평균 프레임 시간: 0.000000ms, 클라이언트 수: 0
[14:02:19.247] [INFO] 서버 FPS: 33.947624, 평균 프레임 시간: 0.000000ms, 클라이언트 수: 0
[14:02:20.256] [INFO] 서버 FPS: 33.464565, 평균 프레임 시간: 0.000000ms, 클라이언트 수: 0
[14:02:21.268] [INFO] 서버 FPS: 33.464565, 평균 프레임 시간: 0.000000ms, 클라이언트 수: 0
[14:02:22.299] [INFO] 서버 FPS: 33.947624, 평균 프레임 시간: 0.000000ms, 클라이언트 수: 0
[14:02:23.339] [INFO] 서버 FPS: 32.977692, 평균 프레임 시간: 0.000000ms, 클라이언트 수: 0
[14:02:24.366] [INFO] 서버 FPS: 33.947624, 평균 프레임 시간: 0.000000ms, 클라이언트 수: 0
[14:02:25.393] [INFO] 서버 FPS: 32.945736, 평균 프레임 시간: 0.000000ms, 클라이언트 수: 0
[14:02:26.417] [INFO] 서버 FPS: 33.497536, 평균 프레임 시간: 0.000000ms, 클라이언트 수: 0
[14:02:27.431] [INFO] 서버 FPS: 33.464565, 평균 프레임 시간: 0.000000ms, 클라이언트 수: 0
[14:02:28.459] [INFO] 서버 FPS: 32.977692, 평균 프레임 시간: 0.000000ms, 클라이언트 수: 0
[14:02:29.481] [INFO] 서버 FPS: 33.464565, 평균 프레임 시간: 0.000000ms, 클라이언트 수: 0
[14:02:30.488] [INFO] 서버 FPS: 32.512314, 평균 프레임 시간: 0.000000ms, 클라이언트 수: 0
[14:02:31.529] [INFO] 서버 FPS: 33.914730, 평균 프레임 시간: 0.000000ms, 클라이언트 수: 0
[14:02:32.539] [INFO] 서버 FPS: 33.497536, 평균 프레임 시간: 0.000000ms, 클라이언트 수: 0
[14:02:33.568] [INFO] 서버 FPS: 32.007759, 평균 프레임 시간: 0.000000ms, 클라이언트 수: 0
[14:02:34.607] [INFO] 서버 FPS: 33.914730, 평균 프레임 시간: 0.000000ms, 클라이언트 수: 0
[14:02:35.632] [INFO] 서버 FPS: 32.007759, 평균 프레임 시간: 0.000000ms, 클라이언트 수: 0
[14:02:36.663] [INFO] 서버 FPS: 32.977692, 평균 프레임 시간: 0.000000ms, 클라이언트 수: 0
[14:02:37.673] [INFO] 서버 FPS: 34.448818, 평균 프레임 시간: 0.000000ms, 클라이언트 수: 0
[14:02:38.700] [INFO] 서버 FPS: 33.497536, 평균 프레임 시간: 0.000000ms, 클라이언트 수: 0
[14:02:39.713] [INFO] 서버 FPS: 33.464565, 평균 프레임 시간: 0.000000ms, 클라이언트 수: 0
[14:02:40.728] [INFO] 서버 FPS: 32.480316, 평균 프레임 시간: 0.000000ms, 클라이언트 수: 0
[14:02:41.739] [INFO] 서버 FPS: 32.512314, 평균 프레임 시간: 0.000000ms, 클라이언트 수: 0
[14:02:42.778] [INFO] 서버 FPS: 32.945736, 평균 프레임 시간: 0.000000ms, 클라이언트 수: 0
[14:02:43.802] [INFO] 서버 FPS: 32.977692, 평균 프레임 시간: 0.000000ms, 클라이언트 수: 0
[14:02:44.844] [INFO] 서버 FPS: 32.977692, 평균 프레임 시간: 0.000000ms, 클라이언트 수: 0
[14:02:45.856] [INFO] 서버 FPS: 33.464565, 평균 프레임 시간: 0.000000ms, 클라이언트 수: 0
[14:02:46.867] [INFO] 서버 FPS: 33.497536, 평균 프레임 시간: 0.000000ms, 클라이언트 수: 0
[14:02:47.879] [INFO] 서버 FPS: 33.464565, 평균 프레임 시간: 0.000000ms, 클라이언트 수: 0
[14:02:48.903] [INFO] 서버 FPS: 33.464565, 평균 프레임 시간: 0.000000ms, 클라이언트 수: 0
[14:02:49.916] [INFO] 서버 FPS: 32.512314, 평균 프레임 시간: 0.000000ms, 클라이언트 수: 0
[14:02:50.931] [INFO] 서버 FPS: 33.464565, 평균 프레임 시간: 0.000000ms, 클라이언트 수: 0
[14:02:51.944] [INFO] 서버 FPS: 34.482758, 평균 프레임 시간: 0.000000ms, 클라이언트 수: 0
[14:02:52.968] [INFO] 서버 FPS: 34.448818, 평균 프레임 시간: 0.000000ms, 클라이언트 수: 0
[14:02:53.996] [INFO] 서버 FPS: 32.977692, 평균 프레임 시간: 0.000000ms, 클라이언트 수: 0
[14:02:55.008] [INFO] 서버 FPS: 33.464565, 평균 프레임 시간: 0.000000ms, 클라이언트 수: 0
[14:02:56.033] [INFO] 서버 FPS: 32.977692, 평균 프레임 시간: 0.000000ms, 클라이언트 수: 0
[14:02:57.061] [INFO] 서버 FPS: 33.464565, 평균 프레임 시간: 0.000000ms, 클라이언트 수: 0
[14:02:58.088] [INFO] 서버 FPS: 32.977692, 평균 프레임 시간: 0.000000ms, 클라이언트 수: 0
[14:02:59.099] [INFO] 서버 FPS: 33.464565, 평균 프레임 시간: 0.000000ms, 클라이언트 수: 0
[14:03:00.123] [INFO] 서버 FPS: 33.497536, 평균 프레임 시간: 0.000000ms, 클라이언트 수: 0
[14:03:01.148] [INFO] 서버 FPS: 32.945736, 평균 프레임 시간: 0.000000ms, 클라이언트 수: 0
[14:03:02.175] [INFO] 서버 FPS: 33.947624, 평균 프레임 시간: 0.000000ms, 클라이언트 수: 0
[14:03:03.213] [INFO] 서버 FPS: 33.947624, 평균 프레임 시간: 0.000000ms, 클라이언트 수: 0
