[13:20:43.760] [INFO] 로깅 시스템 초기화됨
[13:20:43.761] [INFO] 서버 인스턴스 생성됨
[13:20:43.761] [INFO] 서버 초기화 시작 (포트: 9000)
[13:20:43.762] [INFO] 윈속 초기화 성공
[13:20:43.762] [INFO] 리스닝 소켓 생성 성공
[13:20:43.762] [INFO] 소켓 바인딩 성공 (포트: 9000)
[13:20:43.763] [INFO] 리스닝 시작됨
[13:20:43.763] [INFO] IOCP 생성 성공
[13:20:43.763] [INFO] CPU 코어 수: 16, 생성할 작업자 스레드: 32
[13:20:43.763] [INFO] 작업자 스레드 #1 생성됨
[13:20:43.763] [INFO] 작업자 스레드 시작 (ThreadID: 27544)
[13:20:43.764] [INFO] 작업자 스레드 #2 생성됨
[13:20:43.764] [INFO] 작업자 스레드 시작 (ThreadID: 20992)
[13:20:43.764] [INFO] 작업자 스레드 #3 생성됨
[13:20:43.764] [INFO] 작업자 스레드 시작 (ThreadID: 3576)
[13:20:43.764] [INFO] 작업자 스레드 #4 생성됨
[13:20:43.765] [INFO] 작업자 스레드 시작 (ThreadID: 10824)
[13:20:43.765] [INFO] 작업자 스레드 #5 생성됨
[13:20:43.765] [INFO] 작업자 스레드 시작 (ThreadID: 22416)
[13:20:43.765] [INFO] 작업자 스레드 #6 생성됨
[13:20:43.765] [INFO] 작업자 스레드 시작 (ThreadID: 26952)
[13:20:43.765] [INFO] 작업자 스레드 #7 생성됨
[13:20:43.766] [INFO] 작업자 스레드 시작 (ThreadID: 26988)
[13:20:43.766] [INFO] 작업자 스레드 #8 생성됨
[13:20:43.766] [INFO] 작업자 스레드 시작 (ThreadID: 27272)
[13:20:43.766] [INFO] 작업자 스레드 #9 생성됨
[13:20:43.766] [INFO] 작업자 스레드 시작 (ThreadID: 27504)
[13:20:43.767] [INFO] 작업자 스레드 #10 생성됨
[13:20:43.767] [INFO] 작업자 스레드 시작 (ThreadID: 24156)
[13:20:43.767] [INFO] 작업자 스레드 #11 생성됨
[13:20:43.767] [INFO] 작업자 스레드 시작 (ThreadID: 7984)
[13:20:43.767] [INFO] 작업자 스레드 #12 생성됨
[13:20:43.768] [INFO] 작업자 스레드 시작 (ThreadID: 12992)
[13:20:43.768] [INFO] 작업자 스레드 #13 생성됨
[13:20:43.768] [INFO] 작업자 스레드 시작 (ThreadID: 2000)
[13:20:43.768] [INFO] 작업자 스레드 #14 생성됨
[13:20:43.768] [INFO] 작업자 스레드 시작 (ThreadID: 6660)
[13:20:43.768] [INFO] 작업자 스레드 #15 생성됨
[13:20:43.768] [INFO] 작업자 스레드 시작 (ThreadID: 23140)
[13:20:43.769] [INFO] 작업자 스레드 #16 생성됨
[13:20:43.769] [INFO] 작업자 스레드 시작 (ThreadID: 26632)
[13:20:43.769] [INFO] 작업자 스레드 #17 생성됨
[13:20:43.769] [INFO] 작업자 스레드 시작 (ThreadID: 25136)
[13:20:43.769] [INFO] 작업자 스레드 #18 생성됨
[13:20:43.769] [INFO] 작업자 스레드 시작 (ThreadID: 7324)
[13:20:43.770] [INFO] 작업자 스레드 #19 생성됨
[13:20:43.770] [INFO] 작업자 스레드 시작 (ThreadID: 27296)
[13:20:43.770] [INFO] 작업자 스레드 #20 생성됨
[13:20:43.770] [INFO] 작업자 스레드 시작 (ThreadID: 12280)
[13:20:43.771] [INFO] 작업자 스레드 #21 생성됨
[13:20:43.771] [INFO] 작업자 스레드 시작 (ThreadID: 22316)
[13:20:43.771] [INFO] 작업자 스레드 #22 생성됨
[13:20:43.771] [INFO] 작업자 스레드 시작 (ThreadID: 26940)
[13:20:43.771] [INFO] 작업자 스레드 #23 생성됨
[13:20:43.771] [INFO] 작업자 스레드 시작 (ThreadID: 8228)
[13:20:43.772] [INFO] 작업자 스레드 #24 생성됨
[13:20:43.772] [INFO] 작업자 스레드 시작 (ThreadID: 24116)
[13:20:43.772] [INFO] 작업자 스레드 #25 생성됨
[13:20:43.772] [INFO] 작업자 스레드 시작 (ThreadID: 20508)
[13:20:43.772] [INFO] 작업자 스레드 #26 생성됨
[13:20:43.772] [INFO] 작업자 스레드 시작 (ThreadID: 12104)
[13:20:43.773] [INFO] 작업자 스레드 #27 생성됨
[13:20:43.773] [INFO] 작업자 스레드 시작 (ThreadID: 26888)
[13:20:43.773] [INFO] 작업자 스레드 #28 생성됨
[13:20:43.773] [INFO] 작업자 스레드 시작 (ThreadID: 19476)
[13:20:43.773] [INFO] 작업자 스레드 #29 생성됨
[13:20:43.774] [INFO] 작업자 스레드 시작 (ThreadID: 7120)
[13:20:43.774] [INFO] 작업자 스레드 #30 생성됨
[13:20:43.774] [INFO] 작업자 스레드 시작 (ThreadID: 27180)
[13:20:43.774] [INFO] 작업자 스레드 #31 생성됨
[13:20:43.774] [INFO] 작업자 스레드 시작 (ThreadID: 21320)
[13:20:43.774] [INFO] 작업자 스레드 #32 생성됨
[13:20:43.774] [INFO] 작업자 스레드 시작 (ThreadID: 14624)
[13:20:43.775] [INFO] 서버 초기화 완료
[13:20:43.775] [INFO] 서버 실행. 포트 번호: 9000
[13:20:43.775] [INFO] IOCP 멀티플레이어 서버 시작됨...
[13:20:43.775] [INFO] 서버 실행 시작
[13:20:47.915] [INFO] 클라이언트 연결됨: 127.0.0.1:7099 (ID: 1)
[13:20:47.915] [INFO] 새 클라이언트에게 ID 1 전송됨
[13:20:47.916] [INFO] 새 플레이어 정보(ID: 1) 브로드캐스트 - 수신자 수: 0
[13:20:47.916] [INFO] 기존 플레이어 정보 0개가 새 클라이언트(ID: 1)에게 전송됨
[13:20:47.916] [INFO] 서버 FPS: 0.483092, 평균 프레임 시간: 414.000000ms, 클라이언트 수: 1
[13:20:47.916] [INFO] 클라이언트 연결됨: 127.0.0.1:7100 (ID: 2)
[13:20:47.916] [INFO] 새 클라이언트에게 ID 2 전송됨
[13:20:47.917] [INFO] 새 플레이어 정보(ID: 2) 브로드캐스트 - 수신자 수: 1
[13:20:47.917] [INFO] 기존 플레이어 정보 1개가 새 클라이언트(ID: 2)에게 전송됨
[13:20:47.917] [WARNING] 비정상적으로 긴 델타 타임: 4.140000초
[13:20:48.923] [INFO] [서버] PingPacket 수신 - ClientId: 1
[13:20:48.924] [INFO] [서버] PingPacket 수신 - ClientId: 2
[13:20:49.931] [INFO] [서버] PingPacket 수신 - ClientId: 1
[13:20:49.932] [INFO] [서버] PingPacket 수신 - ClientId: 2
[13:20:50.942] [INFO] [서버] PingPacket 수신 - ClientId: 1
[13:20:50.944] [INFO] [서버] PingPacket 수신 - ClientId: 2
[13:20:51.950] [INFO] [서버] PingPacket 수신 - ClientId: 1
[13:20:51.951] [INFO] [서버] PingPacket 수신 - ClientId: 2
[13:20:52.952] [INFO] [서버] PingPacket 수신 - ClientId: 1
[13:20:52.953] [INFO] [서버] PingPacket 수신 - ClientId: 2
[13:20:53.961] [INFO] [서버] PingPacket 수신 - ClientId: 1
[13:20:53.962] [INFO] [서버] PingPacket 수신 - ClientId: 2
