[12:55:59.227] [INFO] 로깅 시스템 초기화됨
[12:55:59.227] [INFO] 서버 인스턴스 생성됨
[12:55:59.228] [INFO] 서버 초기화 시작 (포트: 9000)
[12:55:59.228] [INFO] 윈속 초기화 성공
[12:55:59.230] [INFO] 리스닝 소켓 생성 성공
[12:55:59.230] [INFO] 소켓 바인딩 성공 (포트: 9000)
[12:55:59.231] [INFO] 리스닝 시작됨
[12:55:59.231] [INFO] IOCP 생성 성공
[12:55:59.231] [INFO] CPU 코어 수: 16, 생성할 작업자 스레드: 16
[12:55:59.231] [INFO] 작업자 스레드 #1 생성됨
[12:55:59.231] [INFO] 작업자 스레드 시작 (ThreadID: 6728)
[12:55:59.232] [INFO] 작업자 스레드 #2 생성됨
[12:55:59.232] [INFO] 작업자 스레드 시작 (ThreadID: 19104)
[12:55:59.233] [INFO] 작업자 스레드 #3 생성됨
[12:55:59.233] [INFO] 작업자 스레드 시작 (ThreadID: 39844)
[12:55:59.233] [INFO] 작업자 스레드 #4 생성됨
[12:55:59.234] [INFO] 작업자 스레드 시작 (ThreadID: 33940)
[12:55:59.234] [INFO] 작업자 스레드 #5 생성됨
[12:55:59.234] [INFO] 작업자 스레드 시작 (ThreadID: 21256)
[12:55:59.235] [INFO] 작업자 스레드 #6 생성됨
[12:55:59.235] [INFO] 작업자 스레드 시작 (ThreadID: 30056)
[12:55:59.235] [INFO] 작업자 스레드 #7 생성됨
[12:55:59.236] [INFO] 작업자 스레드 시작 (ThreadID: 38420)
[12:55:59.236] [INFO] 작업자 스레드 #8 생성됨
[12:55:59.236] [INFO] 작업자 스레드 시작 (ThreadID: 38468)
[12:55:59.237] [INFO] 작업자 스레드 #9 생성됨
[12:55:59.237] [INFO] 작업자 스레드 시작 (ThreadID: 32864)
[12:55:59.238] [INFO] 작업자 스레드 #10 생성됨
[12:55:59.238] [INFO] 작업자 스레드 시작 (ThreadID: 25308)
[12:55:59.239] [INFO] 작업자 스레드 #11 생성됨
[12:55:59.239] [INFO] 작업자 스레드 시작 (ThreadID: 8044)
[12:55:59.239] [INFO] 작업자 스레드 #12 생성됨
[12:55:59.240] [INFO] 작업자 스레드 시작 (ThreadID: 38224)
[12:55:59.241] [INFO] 작업자 스레드 #13 생성됨
[12:55:59.241] [INFO] 작업자 스레드 시작 (ThreadID: 11812)
[12:55:59.242] [INFO] 작업자 스레드 #14 생성됨
[12:55:59.242] [INFO] 작업자 스레드 시작 (ThreadID: 11944)
[12:55:59.243] [INFO] 작업자 스레드 #15 생성됨
[12:55:59.243] [INFO] 작업자 스레드 시작 (ThreadID: 37736)
[12:55:59.243] [INFO] 작업자 스레드 #16 생성됨
[12:55:59.243] [INFO] 작업자 스레드 시작 (ThreadID: 20544)
[12:55:59.244] [INFO] 서버 초기화 완료
[12:55:59.244] [INFO] 서버 실행. 포트 번호: 9000
[12:55:59.244] [INFO] IOCP 멀티플레이어 서버 시작됨...
[12:55:59.244] [INFO] 서버 실행 시작
[12:56:02.264] [INFO] 새 클라이언트에게 ID 1 전송됨
[12:56:02.264] [INFO] 초기 위치 정보 전송됨 - 클라이언트 ID: 1, 위치: X=0.000000, Y=0.000000, Z=90.000000
[12:56:02.264] [INFO] 새 플레이어 정보(ID: 1) 브로드캐스트 - 수신자 수: 0
[12:56:02.265] [INFO] 기존 플레이어 정보 0개가 새 클라이언트(ID: 1)에게 전송됨
[12:56:02.265] [INFO] LastPongTime: %f
[12:56:02.265] [INFO] 위치 업데이트 - 클라이언트 ID: 1, 위치: X=0.000000, Y=0.000000, Z=90.000000, 속도: X=0.000000, Y=0.000000, Z=0.000000
[12:56:02.266] [INFO] 서버 FPS: 0.659631, 평균 프레임 시간: 303.200012ms, 클라이언트 수: 1
[12:56:10.697] [INFO] 입력 패킷 수신 - 클라이언트 ID: 1, Forward: 0.000000, Right: 0.000000, Yaw: 0.000000, Jump: false, Attack: true
[12:56:10.707] [INFO] 입력 패킷 수신 - 클라이언트 ID: 1, Forward: 0.000000, Right: 0.000000, Yaw: 0.000000, Jump: false, Attack: true
[12:56:10.718] [INFO] 입력 패킷 수신 - 클라이언트 ID: 1, Forward: 0.000000, Right: 0.000000, Yaw: 0.000000, Jump: false, Attack: true
[12:56:10.729] [INFO] 입력 패킷 수신 - 클라이언트 ID: 1, Forward: 0.000000, Right: 0.000000, Yaw: 0.000000, Jump: false, Attack: true
[12:56:10.741] [INFO] 입력 패킷 수신 - 클라이언트 ID: 1, Forward: 0.000000, Right: 0.000000, Yaw: 0.000000, Jump: false, Attack: true
[12:56:10.752] [INFO] 입력 패킷 수신 - 클라이언트 ID: 1, Forward: 0.000000, Right: 0.000000, Yaw: 0.000000, Jump: false, Attack: true
[12:56:10.764] [INFO] 입력 패킷 수신 - 클라이언트 ID: 1, Forward: 0.000000, Right: 0.000000, Yaw: 0.000000, Jump: false, Attack: true
