[20:18:25.579] [INFO] 로깅 시스템 초기화됨
[20:18:25.579] [INFO] 서버 인스턴스 생성됨
[20:18:25.579] [INFO] 서버 초기화 시작 (포트: 9000)
[20:18:25.580] [INFO] 윈속 초기화 성공
[20:18:25.581] [INFO] 리스닝 소켓 생성 성공
[20:18:25.581] [INFO] 소켓 바인딩 성공 (포트: 9000)
[20:18:25.581] [INFO] 리스닝 시작됨
[20:18:25.582] [INFO] IOCP 생성 성공
[20:18:25.582] [INFO] CPU 코어 수: 16, 생성할 작업자 스레드: 32
[20:18:25.582] [INFO] 작업자 스레드 #1 생성됨
[20:18:25.582] [INFO] 작업자 스레드 시작 (ThreadID: 29936)
[20:18:25.582] [INFO] 작업자 스레드 #2 생성됨
[20:18:25.583] [INFO] 작업자 스레드 시작 (ThreadID: 27340)
[20:18:25.583] [INFO] 작업자 스레드 #3 생성됨
[20:18:25.583] [INFO] 작업자 스레드 시작 (ThreadID: 18916)
[20:18:25.583] [INFO] 작업자 스레드 #4 생성됨
[20:18:25.583] [INFO] 작업자 스레드 시작 (ThreadID: 30408)
[20:18:25.584] [INFO] 작업자 스레드 #5 생성됨
[20:18:25.584] [INFO] 작업자 스레드 시작 (ThreadID: 31360)
[20:18:25.584] [INFO] 작업자 스레드 #6 생성됨
[20:18:25.584] [INFO] 작업자 스레드 시작 (ThreadID: 28520)
[20:18:25.584] [INFO] 작업자 스레드 #7 생성됨
[20:18:25.585] [INFO] 작업자 스레드 시작 (ThreadID: 17804)
[20:18:25.585] [INFO] 작업자 스레드 #8 생성됨
[20:18:25.585] [INFO] 작업자 스레드 시작 (ThreadID: 18964)
[20:18:25.585] [INFO] 작업자 스레드 #9 생성됨
[20:18:25.585] [INFO] 작업자 스레드 시작 (ThreadID: 1532)
[20:18:25.586] [INFO] 작업자 스레드 #10 생성됨
[20:18:25.586] [INFO] 작업자 스레드 시작 (ThreadID: 7748)
[20:18:25.586] [INFO] 작업자 스레드 #11 생성됨
[20:18:25.586] [INFO] 작업자 스레드 시작 (ThreadID: 16480)
[20:18:25.586] [INFO] 작업자 스레드 #12 생성됨
[20:18:25.586] [INFO] 작업자 스레드 시작 (ThreadID: 32472)
[20:18:25.587] [INFO] 작업자 스레드 #13 생성됨
[20:18:25.587] [INFO] 작업자 스레드 시작 (ThreadID: 26708)
[20:18:25.587] [INFO] 작업자 스레드 #14 생성됨
[20:18:25.587] [INFO] 작업자 스레드 시작 (ThreadID: 5060)
[20:18:25.587] [INFO] 작업자 스레드 #15 생성됨
[20:18:25.588] [INFO] 작업자 스레드 시작 (ThreadID: 29024)
[20:18:25.588] [INFO] 작업자 스레드 #16 생성됨
[20:18:25.588] [INFO] 작업자 스레드 시작 (ThreadID: 30568)
[20:18:25.588] [INFO] 작업자 스레드 #17 생성됨
[20:18:25.588] [INFO] 작업자 스레드 시작 (ThreadID: 18640)
[20:18:25.588] [INFO] 작업자 스레드 #18 생성됨
[20:18:25.589] [INFO] 작업자 스레드 시작 (ThreadID: 8204)
[20:18:25.589] [INFO] 작업자 스레드 #19 생성됨
[20:18:25.589] [INFO] 작업자 스레드 시작 (ThreadID: 26844)
[20:18:25.589] [INFO] 작업자 스레드 #20 생성됨
[20:18:25.589] [INFO] 작업자 스레드 시작 (ThreadID: 10664)
[20:18:25.590] [INFO] 작업자 스레드 #21 생성됨
[20:18:25.590] [INFO] 작업자 스레드 시작 (ThreadID: 28704)
[20:18:25.590] [INFO] 작업자 스레드 #22 생성됨
[20:18:25.590] [INFO] 작업자 스레드 시작 (ThreadID: 31856)
[20:18:25.590] [INFO] 작업자 스레드 #23 생성됨
[20:18:25.590] [INFO] 작업자 스레드 시작 (ThreadID: 21272)
[20:18:25.591] [INFO] 작업자 스레드 #24 생성됨
[20:18:25.591] [INFO] 작업자 스레드 시작 (ThreadID: 32436)
[20:18:25.591] [INFO] 작업자 스레드 #25 생성됨
[20:18:25.591] [INFO] 작업자 스레드 시작 (ThreadID: 15640)
[20:18:25.591] [INFO] 작업자 스레드 #26 생성됨
[20:18:25.591] [INFO] 작업자 스레드 시작 (ThreadID: 16288)
[20:18:25.591] [INFO] 작업자 스레드 #27 생성됨
[20:18:25.592] [INFO] 작업자 스레드 시작 (ThreadID: 10136)
[20:18:25.592] [INFO] 작업자 스레드 #28 생성됨
[20:18:25.592] [INFO] 작업자 스레드 시작 (ThreadID: 25636)
[20:18:25.592] [INFO] 작업자 스레드 #29 생성됨
[20:18:25.592] [INFO] 작업자 스레드 시작 (ThreadID: 26976)
[20:18:25.593] [INFO] 작업자 스레드 #30 생성됨
[20:18:25.593] [INFO] 작업자 스레드 시작 (ThreadID: 22568)
[20:18:25.593] [INFO] 작업자 스레드 #31 생성됨
[20:18:25.593] [INFO] 작업자 스레드 시작 (ThreadID: 27636)
[20:18:25.593] [INFO] 작업자 스레드 #32 생성됨
[20:18:25.593] [INFO] 작업자 스레드 시작 (ThreadID: 31232)
[20:18:25.594] [INFO] 서버 초기화 완료
[20:18:25.594] [INFO] 서버 실행. 포트 번호: 9000
[20:18:25.594] [INFO] IOCP 멀티플레이어 서버 시작됨...
[20:18:25.594] [INFO] 서버 실행 시작
[20:18:28.525] [INFO] 클라이언트 연결됨: 127.0.0.1:6603 (ID: 1)
[20:18:28.525] [INFO] 새 클라이언트에게 ID 1 전송됨
[20:18:28.525] [INFO] 새 플레이어 정보(ID: 1) 브로드캐스트 - 수신자 수: 0
[20:18:28.526] [INFO] 기존 플레이어 정보 0개가 새 클라이언트(ID: 1)에게 전송됨
[20:18:28.526] [INFO] 서버 FPS: 0.684463, 평균 프레임 시간: 292.200012ms, 클라이언트 수: 1
[20:18:39.661] [INFO] 클라이언트가 정상적으로 연결 종료 - ID: 1
[20:18:39.661] [INFO] 클라이언트 연결 끊김 (ID: 1)
[20:18:39.661] [INFO] 클라이언트 연결 끊김 알림(ID: 1) - 수신자 수: 0
