[20:06:20.428] [INFO] 로깅 시스템 초기화됨
[20:06:20.429] [INFO] 서버 인스턴스 생성됨
[20:06:20.429] [INFO] 서버 초기화 시작 (포트: 9000)
[20:06:20.429] [INFO] 윈속 초기화 성공
[20:06:20.430] [INFO] 리스닝 소켓 생성 성공
[20:06:20.430] [INFO] 소켓 바인딩 성공 (포트: 9000)
[20:06:20.430] [INFO] 리스닝 시작됨
[20:06:20.431] [INFO] IOCP 생성 성공
[20:06:20.431] [INFO] CPU 코어 수: 16, 생성할 작업자 스레드: 16
[20:06:20.431] [INFO] 작업자 스레드 #1 생성됨
[20:06:20.431] [INFO] 작업자 스레드 시작 (ThreadID: 21476)
[20:06:20.431] [INFO] 작업자 스레드 #2 생성됨
[20:06:20.432] [INFO] 작업자 스레드 시작 (ThreadID: 23600)
[20:06:20.432] [INFO] 작업자 스레드 #3 생성됨
[20:06:20.432] [INFO] 작업자 스레드 시작 (ThreadID: 31060)
[20:06:20.432] [INFO] 작업자 스레드 #4 생성됨
[20:06:20.432] [INFO] 작업자 스레드 시작 (ThreadID: 20516)
[20:06:20.433] [INFO] 작업자 스레드 #5 생성됨
[20:06:20.433] [INFO] 작업자 스레드 시작 (ThreadID: 7980)
[20:06:20.433] [INFO] 작업자 스레드 #6 생성됨
[20:06:20.433] [INFO] 작업자 스레드 시작 (ThreadID: 34804)
[20:06:20.433] [INFO] 작업자 스레드 #7 생성됨
[20:06:20.433] [INFO] 작업자 스레드 시작 (ThreadID: 164)
[20:06:20.434] [INFO] 작업자 스레드 #8 생성됨
[20:06:20.434] [INFO] 작업자 스레드 시작 (ThreadID: 5640)
[20:06:20.434] [INFO] 작업자 스레드 #9 생성됨
[20:06:20.434] [INFO] 작업자 스레드 시작 (ThreadID: 10912)
[20:06:20.434] [INFO] 작업자 스레드 #10 생성됨
[20:06:20.434] [INFO] 작업자 스레드 시작 (ThreadID: 22472)
[20:06:20.435] [INFO] 작업자 스레드 #11 생성됨
[20:06:20.435] [INFO] 작업자 스레드 시작 (ThreadID: 21556)
[20:06:20.435] [INFO] 작업자 스레드 #12 생성됨
[20:06:20.435] [INFO] 작업자 스레드 시작 (ThreadID: 17600)
[20:06:20.435] [INFO] 작업자 스레드 #13 생성됨
[20:06:20.436] [INFO] 작업자 스레드 시작 (ThreadID: 25340)
[20:06:20.436] [INFO] 작업자 스레드 #14 생성됨
[20:06:20.436] [INFO] 작업자 스레드 시작 (ThreadID: 32084)
[20:06:20.436] [INFO] 작업자 스레드 #15 생성됨
[20:06:20.436] [INFO] 작업자 스레드 시작 (ThreadID: 10060)
[20:06:20.436] [INFO] 작업자 스레드 #16 생성됨
[20:06:20.437] [INFO] 작업자 스레드 시작 (ThreadID: 8804)
[20:06:20.437] [INFO] 서버 초기화 완료
[20:06:20.437] [INFO] 서버 실행. 포트 번호: 9000
[20:06:20.437] [INFO] IOCP 멀티플레이어 서버 시작됨...
[20:06:20.437] [INFO] 서버 실행 시작
[20:06:23.157] [INFO] 클라이언트 연결됨: 127.0.0.1:10990 (ID: 1)
[20:06:23.157] [INFO] 새 클라이언트에게 ID 1 전송됨
[20:06:23.157] [INFO] 초기 위치 정보 전송됨 - 클라이언트 ID: 1, 위치: X=300.000000, Y=300.000000, Z=300.000000
[20:06:23.158] [INFO] 새 플레이어 정보(ID: 1) 브로드캐스트 - 수신자 수: 0
[20:06:23.158] [INFO] 기존 플레이어 정보 0개가 새 클라이언트(ID: 1)에게 전송됨
[20:06:23.158] [INFO] 서버 FPS: 0.735565, 평균 프레임 시간: 271.899994ms, 클라이언트 수: 1
[20:06:23.164] [WARNING] 잘못된 패킷 타입: 7, 클라이언트 ID: 1
[20:06:23.173] [WARNING] 잘못된 패킷 타입: 7, 클라이언트 ID: 1
[20:06:23.181] [WARNING] 잘못된 패킷 타입: 7, 클라이언트 ID: 1
[20:06:23.190] [WARNING] 잘못된 패킷 타입: 7, 클라이언트 ID: 1
[20:06:23.198] [WARNING] 잘못된 패킷 타입: 7, 클라이언트 ID: 1
[20:06:23.206] [WARNING] 잘못된 패킷 타입: 7, 클라이언트 ID: 1
[20:06:23.214] [WARNING] 잘못된 패킷 타입: 7, 클라이언트 ID: 1
[20:06:23.223] [WARNING] 잘못된 패킷 타입: 7, 클라이언트 ID: 1
[20:06:23.231] [WARNING] 잘못된 패킷 타입: 7, 클라이언트 ID: 1
[20:06:23.239] [WARNING] 잘못된 패킷 타입: 7, 클라이언트 ID: 1
[20:06:23.248] [WARNING] 잘못된 패킷 타입: 7, 클라이언트 ID: 1
[20:06:23.256] [WARNING] 잘못된 패킷 타입: 7, 클라이언트 ID: 1
[20:06:23.269] [WARNING] 잘못된 패킷 타입: 7, 클라이언트 ID: 1
[20:06:23.275] [WARNING] 잘못된 패킷 타입: 7, 클라이언트 ID: 1
[20:06:23.283] [WARNING] 잘못된 패킷 타입: 7, 클라이언트 ID: 1
[20:06:23.291] [WARNING] 잘못된 패킷 타입: 7, 클라이언트 ID: 1
[20:06:23.300] [WARNING] 잘못된 패킷 타입: 7, 클라이언트 ID: 1
[20:06:23.308] [WARNING] 잘못된 패킷 타입: 7, 클라이언트 ID: 1
[20:06:23.316] [WARNING] 잘못된 패킷 타입: 7, 클라이언트 ID: 1
[20:06:23.325] [WARNING] 잘못된 패킷 타입: 7, 클라이언트 ID: 1
[20:06:23.334] [WARNING] 잘못된 패킷 타입: 7, 클라이언트 ID: 1
[20:06:23.342] [WARNING] 잘못된 패킷 타입: 7, 클라이언트 ID: 1
[20:06:23.351] [WARNING] 잘못된 패킷 타입: 7, 클라이언트 ID: 1
[20:06:23.359] [WARNING] 잘못된 패킷 타입: 7, 클라이언트 ID: 1
[20:06:23.367] [WARNING] 잘못된 패킷 타입: 7, 클라이언트 ID: 1
[20:06:23.376] [WARNING] 잘못된 패킷 타입: 7, 클라이언트 ID: 1
[20:06:23.384] [WARNING] 잘못된 패킷 타입: 7, 클라이언트 ID: 1
[20:06:23.392] [WARNING] 잘못된 패킷 타입: 7, 클라이언트 ID: 1
[20:06:23.401] [WARNING] 잘못된 패킷 타입: 7, 클라이언트 ID: 1
[20:06:23.409] [WARNING] 잘못된 패킷 타입: 7, 클라이언트 ID: 1
[20:06:23.417] [WARNING] 잘못된 패킷 타입: 7, 클라이언트 ID: 1
[20:06:23.426] [WARNING] 잘못된 패킷 타입: 7, 클라이언트 ID: 1
[20:06:23.434] [WARNING] 잘못된 패킷 타입: 7, 클라이언트 ID: 1
[20:06:23.442] [WARNING] 잘못된 패킷 타입: 7, 클라이언트 ID: 1
[20:06:23.451] [WARNING] 잘못된 패킷 타입: 7, 클라이언트 ID: 1
[20:06:23.459] [WARNING] 잘못된 패킷 타입: 7, 클라이언트 ID: 1
[20:06:23.467] [WARNING] 잘못된 패킷 타입: 7, 클라이언트 ID: 1
[20:06:23.476] [WARNING] 잘못된 패킷 타입: 7, 클라이언트 ID: 1
[20:06:23.484] [WARNING] 잘못된 패킷 타입: 7, 클라이언트 ID: 1
[20:06:23.492] [WARNING] 잘못된 패킷 타입: 7, 클라이언트 ID: 1
[20:06:23.501] [WARNING] 잘못된 패킷 타입: 7, 클라이언트 ID: 1
[20:06:23.509] [WARNING] 잘못된 패킷 타입: 7, 클라이언트 ID: 1
[20:06:23.517] [WARNING] 잘못된 패킷 타입: 7, 클라이언트 ID: 1
[20:06:23.526] [WARNING] 잘못된 패킷 타입: 7, 클라이언트 ID: 1
[20:06:23.534] [WARNING] 잘못된 패킷 타입: 7, 클라이언트 ID: 1
[20:06:23.542] [WARNING] 잘못된 패킷 타입: 7, 클라이언트 ID: 1
[20:06:23.551] [WARNING] 잘못된 패킷 타입: 7, 클라이언트 ID: 1
[20:06:23.559] [WARNING] 잘못된 패킷 타입: 7, 클라이언트 ID: 1
[20:06:23.567] [WARNING] 잘못된 패킷 타입: 7, 클라이언트 ID: 1
[20:06:23.576] [WARNING] 잘못된 패킷 타입: 7, 클라이언트 ID: 1
[20:06:23.584] [WARNING] 잘못된 패킷 타입: 7, 클라이언트 ID: 1
[20:06:23.592] [WARNING] 잘못된 패킷 타입: 7, 클라이언트 ID: 1
[20:06:23.601] [WARNING] 잘못된 패킷 타입: 7, 클라이언트 ID: 1
[20:06:23.609] [WARNING] 잘못된 패킷 타입: 7, 클라이언트 ID: 1
[20:06:23.617] [WARNING] 잘못된 패킷 타입: 7, 클라이언트 ID: 1
[20:06:23.626] [WARNING] 잘못된 패킷 타입: 7, 클라이언트 ID: 1
[20:06:23.634] [WARNING] 잘못된 패킷 타입: 7, 클라이언트 ID: 1
[20:06:23.642] [WARNING] 잘못된 패킷 타입: 7, 클라이언트 ID: 1
[20:06:23.651] [WARNING] 잘못된 패킷 타입: 7, 클라이언트 ID: 1
[20:06:23.659] [WARNING] 잘못된 패킷 타입: 7, 클라이언트 ID: 1
[20:06:23.667] [WARNING] 잘못된 패킷 타입: 7, 클라이언트 ID: 1
[20:06:23.676] [WARNING] 잘못된 패킷 타입: 7, 클라이언트 ID: 1
[20:06:23.684] [WARNING] 잘못된 패킷 타입: 7, 클라이언트 ID: 1
[20:06:23.692] [WARNING] 잘못된 패킷 타입: 7, 클라이언트 ID: 1
[20:06:23.701] [WARNING] 잘못된 패킷 타입: 7, 클라이언트 ID: 1
[20:06:23.709] [WARNING] 잘못된 패킷 타입: 7, 클라이언트 ID: 1
[20:06:23.718] [WARNING] 잘못된 패킷 타입: 7, 클라이언트 ID: 1
[20:06:23.726] [WARNING] 잘못된 패킷 타입: 7, 클라이언트 ID: 1
[20:06:23.734] [WARNING] 잘못된 패킷 타입: 7, 클라이언트 ID: 1
[20:06:23.742] [WARNING] 잘못된 패킷 타입: 7, 클라이언트 ID: 1
[20:06:23.751] [WARNING] 잘못된 패킷 타입: 7, 클라이언트 ID: 1
[20:06:23.759] [WARNING] 잘못된 패킷 타입: 7, 클라이언트 ID: 1
[20:06:23.767] [WARNING] 잘못된 패킷 타입: 7, 클라이언트 ID: 1
[20:06:23.776] [WARNING] 잘못된 패킷 타입: 7, 클라이언트 ID: 1
[20:06:23.784] [WARNING] 잘못된 패킷 타입: 7, 클라이언트 ID: 1
[20:06:23.793] [WARNING] 잘못된 패킷 타입: 7, 클라이언트 ID: 1
[20:06:23.801] [WARNING] 잘못된 패킷 타입: 7, 클라이언트 ID: 1
[20:06:23.809] [WARNING] 잘못된 패킷 타입: 7, 클라이언트 ID: 1
[20:06:23.817] [WARNING] 잘못된 패킷 타입: 7, 클라이언트 ID: 1
[20:06:23.826] [WARNING] 잘못된 패킷 타입: 7, 클라이언트 ID: 1
[20:06:23.834] [WARNING] 잘못된 패킷 타입: 7, 클라이언트 ID: 1
[20:06:23.842] [WARNING] 잘못된 패킷 타입: 7, 클라이언트 ID: 1
[20:06:23.851] [WARNING] 잘못된 패킷 타입: 7, 클라이언트 ID: 1
[20:06:23.859] [WARNING] 잘못된 패킷 타입: 7, 클라이언트 ID: 1
[20:06:23.867] [WARNING] 잘못된 패킷 타입: 7, 클라이언트 ID: 1
[20:06:23.876] [WARNING] 잘못된 패킷 타입: 7, 클라이언트 ID: 1
[20:06:23.884] [WARNING] 잘못된 패킷 타입: 7, 클라이언트 ID: 1
[20:06:23.893] [WARNING] 잘못된 패킷 타입: 7, 클라이언트 ID: 1
[20:06:23.901] [WARNING] 잘못된 패킷 타입: 7, 클라이언트 ID: 1
[20:06:23.909] [WARNING] 잘못된 패킷 타입: 7, 클라이언트 ID: 1
[20:06:23.918] [WARNING] 잘못된 패킷 타입: 7, 클라이언트 ID: 1
[20:06:23.926] [WARNING] 잘못된 패킷 타입: 7, 클라이언트 ID: 1
[20:06:23.934] [WARNING] 잘못된 패킷 타입: 7, 클라이언트 ID: 1
[20:06:23.942] [WARNING] 잘못된 패킷 타입: 7, 클라이언트 ID: 1
[20:06:23.951] [WARNING] 잘못된 패킷 타입: 7, 클라이언트 ID: 1
[20:06:23.959] [WARNING] 잘못된 패킷 타입: 7, 클라이언트 ID: 1
[20:06:23.968] [WARNING] 잘못된 패킷 타입: 7, 클라이언트 ID: 1
[20:06:23.976] [WARNING] 잘못된 패킷 타입: 7, 클라이언트 ID: 1
[20:06:23.984] [WARNING] 잘못된 패킷 타입: 7, 클라이언트 ID: 1
[20:06:23.992] [WARNING] 잘못된 패킷 타입: 7, 클라이언트 ID: 1
[20:06:24.001] [WARNING] 잘못된 패킷 타입: 7, 클라이언트 ID: 1
[20:06:24.009] [WARNING] 잘못된 패킷 타입: 7, 클라이언트 ID: 1
[20:06:24.018] [WARNING] 잘못된 패킷 타입: 7, 클라이언트 ID: 1
[20:06:24.026] [WARNING] 잘못된 패킷 타입: 7, 클라이언트 ID: 1
[20:06:24.034] [WARNING] 잘못된 패킷 타입: 7, 클라이언트 ID: 1
[20:06:24.042] [WARNING] 잘못된 패킷 타입: 7, 클라이언트 ID: 1
[20:06:24.051] [WARNING] 잘못된 패킷 타입: 7, 클라이언트 ID: 1
[20:06:24.059] [WARNING] 잘못된 패킷 타입: 7, 클라이언트 ID: 1
[20:06:24.067] [WARNING] 잘못된 패킷 타입: 7, 클라이언트 ID: 1
[20:06:24.076] [WARNING] 잘못된 패킷 타입: 7, 클라이언트 ID: 1
[20:06:24.084] [WARNING] 잘못된 패킷 타입: 7, 클라이언트 ID: 1
[20:06:24.092] [WARNING] 잘못된 패킷 타입: 7, 클라이언트 ID: 1
[20:06:24.101] [WARNING] 잘못된 패킷 타입: 7, 클라이언트 ID: 1
[20:06:24.109] [WARNING] 잘못된 패킷 타입: 7, 클라이언트 ID: 1
[20:06:24.117] [WARNING] 잘못된 패킷 타입: 7, 클라이언트 ID: 1
[20:06:24.126] [WARNING] 잘못된 패킷 타입: 7, 클라이언트 ID: 1
[20:06:24.134] [WARNING] 잘못된 패킷 타입: 7, 클라이언트 ID: 1
[20:06:24.142] [WARNING] 잘못된 패킷 타입: 7, 클라이언트 ID: 1
[20:06:24.151] [WARNING] 잘못된 패킷 타입: 7, 클라이언트 ID: 1
[20:06:24.159] [WARNING] 잘못된 패킷 타입: 7, 클라이언트 ID: 1
[20:06:24.167] [WARNING] 잘못된 패킷 타입: 7, 클라이언트 ID: 1
[20:06:24.176] [WARNING] 잘못된 패킷 타입: 7, 클라이언트 ID: 1
[20:06:24.184] [WARNING] 잘못된 패킷 타입: 7, 클라이언트 ID: 1
[20:06:24.192] [WARNING] 잘못된 패킷 타입: 7, 클라이언트 ID: 1
[20:06:24.201] [WARNING] 잘못된 패킷 타입: 7, 클라이언트 ID: 1
[20:06:24.209] [WARNING] 잘못된 패킷 타입: 7, 클라이언트 ID: 1
[20:06:24.217] [WARNING] 잘못된 패킷 타입: 7, 클라이언트 ID: 1
[20:06:24.226] [WARNING] 잘못된 패킷 타입: 7, 클라이언트 ID: 1
[20:08:17.460] [INFO] 클라이언트 연결됨: 127.0.0.1:11018 (ID: 2)
[20:08:17.461] [INFO] 새 클라이언트에게 ID 2 전송됨
[20:08:17.461] [INFO] 초기 위치 정보 전송됨 - 클라이언트 ID: 2, 위치: X=300.000000, Y=0.000000, Z=90.000000
[20:08:17.461] [INFO] 새 플레이어 정보(ID: 2) 브로드캐스트 - 수신자 수: 1
[20:08:17.461] [INFO] 기존 플레이어 정보 1개가 새 클라이언트(ID: 2)에게 전송됨
[20:08:17.462] [WARNING] 비정상적으로 긴 델타 타임: 2.719000초
[20:08:17.462] [WARNING] 클라이언트 Ping 타임아웃 발생 - ID: 1
[20:08:17.462] [INFO] 클라이언트 연결 끊김 (ID: 1)
[20:08:17.462] [INFO] 클라이언트가 정상적으로 연결 종료함 - ID: 1
[20:08:17.462] [INFO] 클라이언트 연결 끊김 알림(ID: 1) - 수신자 수: 1
[20:08:17.463] [WARNING] 존재하지 않는 클라이언트 ID를 제거하려고 시도: 1
[20:08:17.463] [INFO] 서버 FPS: 0.008749, 평균 프레임 시간: 11674.410156ms, 클라이언트 수: 1
[20:08:17.468] [WARNING] 잘못된 패킷 타입: 7, 클라이언트 ID: 2
[20:08:17.477] [WARNING] 잘못된 패킷 타입: 7, 클라이언트 ID: 2
[20:08:17.485] [WARNING] 잘못된 패킷 타입: 7, 클라이언트 ID: 2
[20:08:17.493] [WARNING] 잘못된 패킷 타입: 7, 클라이언트 ID: 2
[20:08:17.502] [WARNING] 잘못된 패킷 타입: 7, 클라이언트 ID: 2
[20:08:17.510] [WARNING] 잘못된 패킷 타입: 7, 클라이언트 ID: 2
[20:08:17.518] [WARNING] 잘못된 패킷 타입: 7, 클라이언트 ID: 2
[20:08:17.526] [WARNING] 잘못된 패킷 타입: 7, 클라이언트 ID: 2
[20:08:17.535] [WARNING] 잘못된 패킷 타입: 7, 클라이언트 ID: 2
[20:08:17.543] [WARNING] 잘못된 패킷 타입: 7, 클라이언트 ID: 2
[20:08:17.552] [WARNING] 잘못된 패킷 타입: 7, 클라이언트 ID: 2
[20:08:17.560] [WARNING] 잘못된 패킷 타입: 7, 클라이언트 ID: 2
[20:08:17.568] [WARNING] 잘못된 패킷 타입: 7, 클라이언트 ID: 2
[20:08:17.577] [WARNING] 잘못된 패킷 타입: 7, 클라이언트 ID: 2
[20:08:17.585] [WARNING] 잘못된 패킷 타입: 7, 클라이언트 ID: 2
[20:08:17.593] [WARNING] 잘못된 패킷 타입: 7, 클라이언트 ID: 2
[20:08:17.602] [WARNING] 잘못된 패킷 타입: 7, 클라이언트 ID: 2
[20:08:17.610] [WARNING] 잘못된 패킷 타입: 7, 클라이언트 ID: 2
[20:08:17.618] [WARNING] 잘못된 패킷 타입: 7, 클라이언트 ID: 2
[20:08:17.628] [WARNING] 잘못된 패킷 타입: 7, 클라이언트 ID: 2
[20:08:17.637] [WARNING] 잘못된 패킷 타입: 7, 클라이언트 ID: 2
[20:08:17.645] [WARNING] 잘못된 패킷 타입: 7, 클라이언트 ID: 2
[20:08:17.653] [WARNING] 잘못된 패킷 타입: 7, 클라이언트 ID: 2
[20:08:17.662] [WARNING] 잘못된 패킷 타입: 7, 클라이언트 ID: 2
[20:08:17.670] [WARNING] 잘못된 패킷 타입: 7, 클라이언트 ID: 2
[20:08:17.679] [WARNING] 잘못된 패킷 타입: 7, 클라이언트 ID: 2
[20:08:17.687] [WARNING] 잘못된 패킷 타입: 7, 클라이언트 ID: 2
[20:08:17.695] [WARNING] 잘못된 패킷 타입: 7, 클라이언트 ID: 2
[20:08:17.703] [WARNING] 잘못된 패킷 타입: 7, 클라이언트 ID: 2
[20:08:17.712] [WARNING] 잘못된 패킷 타입: 7, 클라이언트 ID: 2
[20:08:17.720] [WARNING] 잘못된 패킷 타입: 7, 클라이언트 ID: 2
[20:08:17.728] [WARNING] 잘못된 패킷 타입: 7, 클라이언트 ID: 2
[20:08:17.737] [WARNING] 잘못된 패킷 타입: 7, 클라이언트 ID: 2
[20:08:17.745] [WARNING] 잘못된 패킷 타입: 7, 클라이언트 ID: 2
[20:08:17.753] [WARNING] 잘못된 패킷 타입: 7, 클라이언트 ID: 2
[20:08:17.762] [WARNING] 잘못된 패킷 타입: 7, 클라이언트 ID: 2
[20:08:17.770] [WARNING] 잘못된 패킷 타입: 7, 클라이언트 ID: 2
[20:08:17.778] [WARNING] 잘못된 패킷 타입: 7, 클라이언트 ID: 2
[20:08:17.787] [WARNING] 잘못된 패킷 타입: 7, 클라이언트 ID: 2
[20:08:17.795] [WARNING] 잘못된 패킷 타입: 7, 클라이언트 ID: 2
[20:08:17.803] [WARNING] 잘못된 패킷 타입: 7, 클라이언트 ID: 2
[20:08:17.812] [WARNING] 잘못된 패킷 타입: 7, 클라이언트 ID: 2
[20:08:17.820] [WARNING] 잘못된 패킷 타입: 7, 클라이언트 ID: 2
[20:08:17.828] [WARNING] 잘못된 패킷 타입: 7, 클라이언트 ID: 2
[20:08:17.837] [WARNING] 잘못된 패킷 타입: 7, 클라이언트 ID: 2
[20:08:17.845] [WARNING] 잘못된 패킷 타입: 7, 클라이언트 ID: 2
[20:08:17.853] [WARNING] 잘못된 패킷 타입: 7, 클라이언트 ID: 2
[20:08:17.862] [WARNING] 잘못된 패킷 타입: 7, 클라이언트 ID: 2
[20:08:17.870] [WARNING] 잘못된 패킷 타입: 7, 클라이언트 ID: 2
[20:08:17.878] [WARNING] 잘못된 패킷 타입: 7, 클라이언트 ID: 2
[20:08:17.887] [WARNING] 잘못된 패킷 타입: 7, 클라이언트 ID: 2
[20:08:17.895] [WARNING] 잘못된 패킷 타입: 7, 클라이언트 ID: 2
[20:08:17.903] [WARNING] 잘못된 패킷 타입: 7, 클라이언트 ID: 2
[20:08:17.912] [WARNING] 잘못된 패킷 타입: 7, 클라이언트 ID: 2
[20:08:17.920] [WARNING] 잘못된 패킷 타입: 7, 클라이언트 ID: 2
[20:08:17.928] [WARNING] 잘못된 패킷 타입: 7, 클라이언트 ID: 2
[20:08:17.937] [WARNING] 잘못된 패킷 타입: 7, 클라이언트 ID: 2
[20:08:17.945] [WARNING] 잘못된 패킷 타입: 7, 클라이언트 ID: 2
[20:08:17.953] [WARNING] 잘못된 패킷 타입: 7, 클라이언트 ID: 2
[20:08:17.962] [WARNING] 잘못된 패킷 타입: 7, 클라이언트 ID: 2
[20:08:17.970] [WARNING] 잘못된 패킷 타입: 7, 클라이언트 ID: 2
[20:08:17.978] [WARNING] 잘못된 패킷 타입: 7, 클라이언트 ID: 2
[20:08:17.987] [WARNING] 잘못된 패킷 타입: 7, 클라이언트 ID: 2
[20:08:17.995] [WARNING] 잘못된 패킷 타입: 7, 클라이언트 ID: 2
[20:08:18.003] [WARNING] 잘못된 패킷 타입: 7, 클라이언트 ID: 2
[20:08:18.012] [WARNING] 잘못된 패킷 타입: 7, 클라이언트 ID: 2
[20:08:18.020] [WARNING] 잘못된 패킷 타입: 7, 클라이언트 ID: 2
[20:08:18.028] [WARNING] 잘못된 패킷 타입: 7, 클라이언트 ID: 2
[20:08:18.037] [WARNING] 잘못된 패킷 타입: 7, 클라이언트 ID: 2
[20:08:18.045] [WARNING] 잘못된 패킷 타입: 7, 클라이언트 ID: 2
[20:08:18.053] [WARNING] 잘못된 패킷 타입: 7, 클라이언트 ID: 2
[20:08:18.062] [WARNING] 잘못된 패킷 타입: 7, 클라이언트 ID: 2
[20:08:18.070] [WARNING] 잘못된 패킷 타입: 7, 클라이언트 ID: 2
[20:08:18.079] [WARNING] 잘못된 패킷 타입: 7, 클라이언트 ID: 2
[20:08:18.087] [WARNING] 잘못된 패킷 타입: 7, 클라이언트 ID: 2
[20:08:18.095] [WARNING] 잘못된 패킷 타입: 7, 클라이언트 ID: 2
[20:08:18.104] [WARNING] 잘못된 패킷 타입: 7, 클라이언트 ID: 2
[20:08:18.112] [WARNING] 잘못된 패킷 타입: 7, 클라이언트 ID: 2
[20:08:18.120] [WARNING] 잘못된 패킷 타입: 7, 클라이언트 ID: 2
[20:08:18.129] [WARNING] 잘못된 패킷 타입: 7, 클라이언트 ID: 2
[20:08:18.137] [WARNING] 잘못된 패킷 타입: 7, 클라이언트 ID: 2
[20:08:18.145] [WARNING] 잘못된 패킷 타입: 7, 클라이언트 ID: 2
[20:08:18.154] [WARNING] 잘못된 패킷 타입: 7, 클라이언트 ID: 2
[20:08:18.162] [WARNING] 잘못된 패킷 타입: 7, 클라이언트 ID: 2
[20:08:18.180] [WARNING] 잘못된 패킷 타입: 7, 클라이언트 ID: 2
[20:08:18.188] [WARNING] 잘못된 패킷 타입: 7, 클라이언트 ID: 2
[20:08:18.196] [WARNING] 잘못된 패킷 타입: 7, 클라이언트 ID: 2
[20:08:18.205] [WARNING] 잘못된 패킷 타입: 7, 클라이언트 ID: 2
[20:08:18.213] [WARNING] 잘못된 패킷 타입: 7, 클라이언트 ID: 2
[20:08:18.221] [WARNING] 잘못된 패킷 타입: 7, 클라이언트 ID: 2
[20:08:18.230] [WARNING] 잘못된 패킷 타입: 7, 클라이언트 ID: 2
[20:08:18.238] [WARNING] 잘못된 패킷 타입: 7, 클라이언트 ID: 2
[20:08:18.246] [WARNING] 잘못된 패킷 타입: 7, 클라이언트 ID: 2
[20:08:18.255] [WARNING] 잘못된 패킷 타입: 7, 클라이언트 ID: 2
[20:08:18.263] [WARNING] 잘못된 패킷 타입: 7, 클라이언트 ID: 2
[20:08:18.271] [WARNING] 잘못된 패킷 타입: 7, 클라이언트 ID: 2
[20:08:18.280] [WARNING] 잘못된 패킷 타입: 7, 클라이언트 ID: 2
[20:08:18.288] [WARNING] 잘못된 패킷 타입: 7, 클라이언트 ID: 2
[20:08:18.296] [WARNING] 잘못된 패킷 타입: 7, 클라이언트 ID: 2
[20:08:18.305] [WARNING] 잘못된 패킷 타입: 7, 클라이언트 ID: 2
[20:08:18.313] [WARNING] 잘못된 패킷 타입: 7, 클라이언트 ID: 2
[20:08:18.322] [WARNING] 잘못된 패킷 타입: 7, 클라이언트 ID: 2
[20:08:18.330] [WARNING] 잘못된 패킷 타입: 7, 클라이언트 ID: 2
[20:08:18.338] [WARNING] 잘못된 패킷 타입: 7, 클라이언트 ID: 2
[20:08:18.346] [WARNING] 잘못된 패킷 타입: 7, 클라이언트 ID: 2
[20:08:18.354] [WARNING] 잘못된 패킷 타입: 7, 클라이언트 ID: 2
[20:08:18.363] [WARNING] 잘못된 패킷 타입: 7, 클라이언트 ID: 2
[20:08:18.371] [WARNING] 잘못된 패킷 타입: 7, 클라이언트 ID: 2
[20:08:18.379] [WARNING] 잘못된 패킷 타입: 7, 클라이언트 ID: 2
[20:08:18.388] [WARNING] 잘못된 패킷 타입: 7, 클라이언트 ID: 2
[20:08:18.396] [WARNING] 잘못된 패킷 타입: 7, 클라이언트 ID: 2
[20:08:18.730] [WARNING] 잘못된 패킷 타입: 7, 클라이언트 ID: 2
[20:08:19.063] [WARNING] 잘못된 패킷 타입: 7, 클라이언트 ID: 2
[20:08:19.396] [WARNING] 잘못된 패킷 타입: 7, 클라이언트 ID: 2
[20:08:19.788] [WARNING] 잘못된 패킷 타입: 7, 클라이언트 ID: 2
[20:08:19.800] [WARNING] 잘못된 패킷 타입: 7, 클라이언트 ID: 2
[20:08:19.877] [WARNING] 잘못된 패킷 타입: 7, 클라이언트 ID: 2
[20:08:19.886] [WARNING] 잘못된 패킷 타입: 7, 클라이언트 ID: 2
[20:08:19.894] [WARNING] 잘못된 패킷 타입: 7, 클라이언트 ID: 2
[20:08:19.902] [WARNING] 잘못된 패킷 타입: 7, 클라이언트 ID: 2
[20:08:19.911] [WARNING] 잘못된 패킷 타입: 7, 클라이언트 ID: 2
[20:08:19.919] [WARNING] 잘못된 패킷 타입: 7, 클라이언트 ID: 2
[20:08:19.928] [WARNING] 잘못된 패킷 타입: 7, 클라이언트 ID: 2
[20:08:19.936] [WARNING] 잘못된 패킷 타입: 7, 클라이언트 ID: 2
[20:08:19.944] [WARNING] 잘못된 패킷 타입: 7, 클라이언트 ID: 2
[20:08:19.953] [WARNING] 잘못된 패킷 타입: 7, 클라이언트 ID: 2
[20:08:19.961] [WARNING] 잘못된 패킷 타입: 7, 클라이언트 ID: 2
[20:08:19.969] [WARNING] 잘못된 패킷 타입: 7, 클라이언트 ID: 2
[20:08:19.979] [WARNING] 잘못된 패킷 타입: 7, 클라이언트 ID: 2
[20:08:19.988] [WARNING] 잘못된 패킷 타입: 7, 클라이언트 ID: 2
[20:08:19.996] [WARNING] 잘못된 패킷 타입: 7, 클라이언트 ID: 2
[20:08:20.004] [WARNING] 잘못된 패킷 타입: 7, 클라이언트 ID: 2
[20:08:20.013] [WARNING] 잘못된 패킷 타입: 7, 클라이언트 ID: 2
[20:08:20.021] [WARNING] 잘못된 패킷 타입: 7, 클라이언트 ID: 2
[20:08:20.029] [WARNING] 잘못된 패킷 타입: 7, 클라이언트 ID: 2
[20:08:20.038] [WARNING] 잘못된 패킷 타입: 7, 클라이언트 ID: 2
[20:08:20.046] [WARNING] 잘못된 패킷 타입: 7, 클라이언트 ID: 2
[20:08:20.054] [WARNING] 잘못된 패킷 타입: 7, 클라이언트 ID: 2
[20:08:20.063] [WARNING] 잘못된 패킷 타입: 7, 클라이언트 ID: 2
[20:08:20.071] [WARNING] 잘못된 패킷 타입: 7, 클라이언트 ID: 2
[20:08:20.080] [WARNING] 잘못된 패킷 타입: 7, 클라이언트 ID: 2
[20:08:20.088] [WARNING] 잘못된 패킷 타입: 7, 클라이언트 ID: 2
[20:08:20.096] [WARNING] 잘못된 패킷 타입: 7, 클라이언트 ID: 2
[20:08:20.104] [WARNING] 잘못된 패킷 타입: 7, 클라이언트 ID: 2
[20:08:20.113] [WARNING] 잘못된 패킷 타입: 7, 클라이언트 ID: 2
[20:08:20.121] [WARNING] 잘못된 패킷 타입: 7, 클라이언트 ID: 2
[20:08:20.130] [WARNING] 잘못된 패킷 타입: 7, 클라이언트 ID: 2
[20:08:20.138] [WARNING] 잘못된 패킷 타입: 7, 클라이언트 ID: 2
[20:08:20.146] [WARNING] 잘못된 패킷 타입: 7, 클라이언트 ID: 2
[20:08:20.154] [WARNING] 잘못된 패킷 타입: 7, 클라이언트 ID: 2
[20:08:20.163] [WARNING] 잘못된 패킷 타입: 7, 클라이언트 ID: 2
[20:08:20.171] [WARNING] 잘못된 패킷 타입: 7, 클라이언트 ID: 2
[20:08:20.180] [WARNING] 잘못된 패킷 타입: 7, 클라이언트 ID: 2
[20:08:20.188] [WARNING] 잘못된 패킷 타입: 7, 클라이언트 ID: 2
[20:08:20.196] [WARNING] 잘못된 패킷 타입: 7, 클라이언트 ID: 2
[20:08:20.205] [WARNING] 잘못된 패킷 타입: 7, 클라이언트 ID: 2
[20:08:20.213] [WARNING] 잘못된 패킷 타입: 7, 클라이언트 ID: 2
[20:08:20.221] [WARNING] 잘못된 패킷 타입: 7, 클라이언트 ID: 2
[20:08:20.230] [WARNING] 잘못된 패킷 타입: 7, 클라이언트 ID: 2
[20:08:20.238] [WARNING] 잘못된 패킷 타입: 7, 클라이언트 ID: 2
[20:08:20.246] [WARNING] 잘못된 패킷 타입: 7, 클라이언트 ID: 2
[20:08:20.254] [WARNING] 잘못된 패킷 타입: 7, 클라이언트 ID: 2
[20:08:20.263] [WARNING] 잘못된 패킷 타입: 7, 클라이언트 ID: 2
[20:08:20.271] [WARNING] 잘못된 패킷 타입: 7, 클라이언트 ID: 2
[20:08:20.279] [WARNING] 잘못된 패킷 타입: 7, 클라이언트 ID: 2
[20:08:20.288] [WARNING] 잘못된 패킷 타입: 7, 클라이언트 ID: 2
[20:08:20.296] [WARNING] 잘못된 패킷 타입: 7, 클라이언트 ID: 2
[20:08:20.304] [WARNING] 잘못된 패킷 타입: 7, 클라이언트 ID: 2
[20:08:20.313] [WARNING] 잘못된 패킷 타입: 7, 클라이언트 ID: 2
[20:08:20.321] [WARNING] 잘못된 패킷 타입: 7, 클라이언트 ID: 2
[20:08:20.329] [WARNING] 잘못된 패킷 타입: 7, 클라이언트 ID: 2
[20:08:20.338] [WARNING] 잘못된 패킷 타입: 7, 클라이언트 ID: 2
[20:08:20.346] [WARNING] 잘못된 패킷 타입: 7, 클라이언트 ID: 2
[20:08:20.354] [WARNING] 잘못된 패킷 타입: 7, 클라이언트 ID: 2
[20:08:20.363] [WARNING] 잘못된 패킷 타입: 7, 클라이언트 ID: 2
[20:08:20.371] [WARNING] 잘못된 패킷 타입: 7, 클라이언트 ID: 2
[20:08:20.379] [WARNING] 잘못된 패킷 타입: 7, 클라이언트 ID: 2
[20:08:20.388] [WARNING] 잘못된 패킷 타입: 7, 클라이언트 ID: 2
[20:08:20.396] [WARNING] 잘못된 패킷 타입: 7, 클라이언트 ID: 2
[20:08:20.405] [WARNING] 잘못된 패킷 타입: 7, 클라이언트 ID: 2
[20:08:20.413] [WARNING] 잘못된 패킷 타입: 7, 클라이언트 ID: 2
[20:08:20.421] [WARNING] 잘못된 패킷 타입: 7, 클라이언트 ID: 2
[20:08:20.429] [WARNING] 잘못된 패킷 타입: 7, 클라이언트 ID: 2
[20:08:20.438] [WARNING] 잘못된 패킷 타입: 7, 클라이언트 ID: 2
[20:08:20.446] [WARNING] 잘못된 패킷 타입: 7, 클라이언트 ID: 2
[20:08:20.454] [WARNING] 잘못된 패킷 타입: 7, 클라이언트 ID: 2
[20:08:20.463] [WARNING] 잘못된 패킷 타입: 7, 클라이언트 ID: 2
[20:08:20.471] [WARNING] 잘못된 패킷 타입: 7, 클라이언트 ID: 2
[20:08:20.480] [WARNING] 잘못된 패킷 타입: 7, 클라이언트 ID: 2
[20:08:20.488] [WARNING] 잘못된 패킷 타입: 7, 클라이언트 ID: 2
[20:08:20.496] [WARNING] 잘못된 패킷 타입: 7, 클라이언트 ID: 2
[20:08:20.504] [WARNING] 잘못된 패킷 타입: 7, 클라이언트 ID: 2
[20:08:20.513] [WARNING] 잘못된 패킷 타입: 7, 클라이언트 ID: 2
[20:08:20.521] [WARNING] 잘못된 패킷 타입: 7, 클라이언트 ID: 2
[20:08:20.529] [WARNING] 잘못된 패킷 타입: 7, 클라이언트 ID: 2
[20:08:20.538] [WARNING] 잘못된 패킷 타입: 7, 클라이언트 ID: 2
[20:08:20.546] [WARNING] 잘못된 패킷 타입: 7, 클라이언트 ID: 2
[20:08:20.555] [WARNING] 잘못된 패킷 타입: 7, 클라이언트 ID: 2
[20:08:20.563] [WARNING] 잘못된 패킷 타입: 7, 클라이언트 ID: 2
[20:08:20.571] [WARNING] 잘못된 패킷 타입: 7, 클라이언트 ID: 2
[20:08:20.579] [WARNING] 잘못된 패킷 타입: 7, 클라이언트 ID: 2
[20:08:20.588] [WARNING] 잘못된 패킷 타입: 7, 클라이언트 ID: 2
[20:08:20.596] [WARNING] 잘못된 패킷 타입: 7, 클라이언트 ID: 2
[20:08:20.605] [WARNING] 잘못된 패킷 타입: 7, 클라이언트 ID: 2
[20:08:20.613] [WARNING] 잘못된 패킷 타입: 7, 클라이언트 ID: 2
[20:08:20.621] [WARNING] 잘못된 패킷 타입: 7, 클라이언트 ID: 2
[20:08:20.630] [WARNING] 잘못된 패킷 타입: 7, 클라이언트 ID: 2
[20:08:20.638] [WARNING] 잘못된 패킷 타입: 7, 클라이언트 ID: 2
[20:08:20.646] [WARNING] 잘못된 패킷 타입: 7, 클라이언트 ID: 2
[20:08:20.655] [WARNING] 잘못된 패킷 타입: 7, 클라이언트 ID: 2
[20:08:20.663] [WARNING] 잘못된 패킷 타입: 7, 클라이언트 ID: 2
[20:08:20.672] [WARNING] 잘못된 패킷 타입: 7, 클라이언트 ID: 2
[20:08:20.680] [WARNING] 잘못된 패킷 타입: 7, 클라이언트 ID: 2
[20:08:20.688] [WARNING] 잘못된 패킷 타입: 7, 클라이언트 ID: 2
[20:08:20.696] [WARNING] 잘못된 패킷 타입: 7, 클라이언트 ID: 2
[20:08:20.705] [WARNING] 잘못된 패킷 타입: 7, 클라이언트 ID: 2
[20:08:20.713] [WARNING] 잘못된 패킷 타입: 7, 클라이언트 ID: 2
[20:08:20.721] [WARNING] 잘못된 패킷 타입: 7, 클라이언트 ID: 2
[20:08:20.730] [WARNING] 잘못된 패킷 타입: 7, 클라이언트 ID: 2
[20:08:20.739] [WARNING] 잘못된 패킷 타입: 7, 클라이언트 ID: 2
[20:08:20.747] [WARNING] 잘못된 패킷 타입: 7, 클라이언트 ID: 2
[20:08:20.755] [WARNING] 잘못된 패킷 타입: 7, 클라이언트 ID: 2
[20:08:20.764] [WARNING] 잘못된 패킷 타입: 7, 클라이언트 ID: 2
[20:08:20.772] [WARNING] 잘못된 패킷 타입: 7, 클라이언트 ID: 2
[20:08:20.780] [WARNING] 잘못된 패킷 타입: 7, 클라이언트 ID: 2
[20:08:20.789] [WARNING] 잘못된 패킷 타입: 7, 클라이언트 ID: 2
[20:08:20.798] [WARNING] 잘못된 패킷 타입: 7, 클라이언트 ID: 2
[20:08:20.806] [WARNING] 잘못된 패킷 타입: 7, 클라이언트 ID: 2
[20:08:20.814] [WARNING] 잘못된 패킷 타입: 7, 클라이언트 ID: 2
[20:08:20.823] [WARNING] 잘못된 패킷 타입: 7, 클라이언트 ID: 2
[20:08:20.831] [WARNING] 잘못된 패킷 타입: 7, 클라이언트 ID: 2
[20:08:20.840] [WARNING] 잘못된 패킷 타입: 7, 클라이언트 ID: 2
[20:08:20.848] [WARNING] 잘못된 패킷 타입: 7, 클라이언트 ID: 2
[20:08:20.856] [WARNING] 잘못된 패킷 타입: 7, 클라이언트 ID: 2
[20:08:20.865] [WARNING] 잘못된 패킷 타입: 7, 클라이언트 ID: 2
[20:08:20.875] [WARNING] 잘못된 패킷 타입: 7, 클라이언트 ID: 2
[20:08:20.883] [WARNING] 잘못된 패킷 타입: 7, 클라이언트 ID: 2
[20:08:20.892] [WARNING] 잘못된 패킷 타입: 7, 클라이언트 ID: 2
[20:08:20.900] [WARNING] 잘못된 패킷 타입: 7, 클라이언트 ID: 2
[20:08:20.908] [WARNING] 잘못된 패킷 타입: 7, 클라이언트 ID: 2
[20:08:20.917] [WARNING] 잘못된 패킷 타입: 7, 클라이언트 ID: 2
[20:08:20.925] [WARNING] 잘못된 패킷 타입: 7, 클라이언트 ID: 2
[20:08:20.933] [WARNING] 잘못된 패킷 타입: 7, 클라이언트 ID: 2
[20:08:20.942] [WARNING] 잘못된 패킷 타입: 7, 클라이언트 ID: 2
[20:08:20.950] [WARNING] 잘못된 패킷 타입: 7, 클라이언트 ID: 2
[20:08:20.958] [WARNING] 잘못된 패킷 타입: 7, 클라이언트 ID: 2
[20:08:20.967] [WARNING] 잘못된 패킷 타입: 7, 클라이언트 ID: 2
[20:08:20.975] [WARNING] 잘못된 패킷 타입: 7, 클라이언트 ID: 2
[20:08:20.983] [WARNING] 잘못된 패킷 타입: 7, 클라이언트 ID: 2
[20:08:20.992] [WARNING] 잘못된 패킷 타입: 7, 클라이언트 ID: 2
[20:08:21.000] [WARNING] 잘못된 패킷 타입: 7, 클라이언트 ID: 2
[20:08:21.008] [WARNING] 잘못된 패킷 타입: 7, 클라이언트 ID: 2
[20:08:21.016] [WARNING] 잘못된 패킷 타입: 7, 클라이언트 ID: 2
[20:08:21.025] [WARNING] 잘못된 패킷 타입: 7, 클라이언트 ID: 2
[20:08:21.033] [WARNING] 잘못된 패킷 타입: 7, 클라이언트 ID: 2
[20:08:21.041] [WARNING] 잘못된 패킷 타입: 7, 클라이언트 ID: 2
[20:08:21.077] [WARNING] 잘못된 패킷 타입: 7, 클라이언트 ID: 2
[20:08:21.085] [WARNING] 잘못된 패킷 타입: 7, 클라이언트 ID: 2
[20:08:21.093] [WARNING] 잘못된 패킷 타입: 7, 클라이언트 ID: 2
[20:08:21.102] [WARNING] 잘못된 패킷 타입: 7, 클라이언트 ID: 2
[20:08:21.110] [WARNING] 잘못된 패킷 타입: 7, 클라이언트 ID: 2
[20:08:21.118] [WARNING] 잘못된 패킷 타입: 7, 클라이언트 ID: 2
[20:08:21.127] [WARNING] 잘못된 패킷 타입: 7, 클라이언트 ID: 2
[20:08:21.135] [WARNING] 잘못된 패킷 타입: 7, 클라이언트 ID: 2
[20:08:21.143] [WARNING] 잘못된 패킷 타입: 7, 클라이언트 ID: 2
[20:08:21.151] [WARNING] 잘못된 패킷 타입: 7, 클라이언트 ID: 2
[20:08:21.160] [WARNING] 잘못된 패킷 타입: 7, 클라이언트 ID: 2
[20:08:21.169] [WARNING] 잘못된 패킷 타입: 7, 클라이언트 ID: 2
[20:08:21.177] [WARNING] 잘못된 패킷 타입: 7, 클라이언트 ID: 2
[20:08:21.235] [WARNING] 잘못된 패킷 타입: 7, 클라이언트 ID: 2
