[00:51:14.276] [INFO] 로깅 시스템 초기화됨
[00:51:14.277] [INFO] 서버 인스턴스 생성됨
[00:51:14.277] [INFO] 서버 초기화 시작 (포트: 9000)
[00:51:14.278] [INFO] 윈속 초기화 성공
[00:51:14.279] [INFO] 리스닝 소켓 생성 성공
[00:51:14.279] [INFO] 소켓 바인딩 성공 (포트: 9000)
[00:51:14.279] [INFO] 리스닝 시작됨
[00:51:14.279] [INFO] IOCP 생성 성공
[00:51:14.280] [INFO] CPU 코어 수: 16, 생성할 작업자 스레드: 16
[00:51:14.280] [INFO] 작업자 스레드 #1 생성됨
[00:51:14.280] [INFO] 작업자 스레드 시작 (ThreadID: 26216)
[00:51:14.280] [INFO] 작업자 스레드 #2 생성됨
[00:51:14.280] [INFO] 작업자 스레드 시작 (ThreadID: 21660)
[00:51:14.281] [INFO] 작업자 스레드 #3 생성됨
[00:51:14.281] [INFO] 작업자 스레드 시작 (ThreadID: 23084)
[00:51:14.281] [INFO] 작업자 스레드 #4 생성됨
[00:51:14.281] [INFO] 작업자 스레드 시작 (ThreadID: 5136)
[00:51:14.281] [INFO] 작업자 스레드 #5 생성됨
[00:51:14.282] [INFO] 작업자 스레드 시작 (ThreadID: 33940)
[00:51:14.282] [INFO] 작업자 스레드 #6 생성됨
[00:51:14.282] [INFO] 작업자 스레드 시작 (ThreadID: 24708)
[00:51:14.282] [INFO] 작업자 스레드 #7 생성됨
[00:51:14.282] [INFO] 작업자 스레드 시작 (ThreadID: 8864)
[00:51:14.282] [INFO] 작업자 스레드 #8 생성됨
[00:51:14.282] [INFO] 작업자 스레드 시작 (ThreadID: 14100)
[00:51:14.283] [INFO] 작업자 스레드 #9 생성됨
[00:51:14.283] [INFO] 작업자 스레드 시작 (ThreadID: 26736)
[00:51:14.283] [INFO] 작업자 스레드 #10 생성됨
[00:51:14.283] [INFO] 작업자 스레드 시작 (ThreadID: 33980)
[00:51:14.283] [INFO] 작업자 스레드 #11 생성됨
[00:51:14.283] [INFO] 작업자 스레드 시작 (ThreadID: 29860)
[00:51:14.284] [INFO] 작업자 스레드 #12 생성됨
[00:51:14.284] [INFO] 작업자 스레드 시작 (ThreadID: 27372)
[00:51:14.284] [INFO] 작업자 스레드 #13 생성됨
[00:51:14.284] [INFO] 작업자 스레드 시작 (ThreadID: 31444)
[00:51:14.284] [INFO] 작업자 스레드 #14 생성됨
[00:51:14.284] [INFO] 작업자 스레드 시작 (ThreadID: 30592)
[00:51:14.285] [INFO] 작업자 스레드 #15 생성됨
[00:51:14.285] [INFO] 작업자 스레드 시작 (ThreadID: 31580)
[00:51:14.285] [INFO] 작업자 스레드 #16 생성됨
[00:51:14.285] [INFO] 작업자 스레드 시작 (ThreadID: 20516)
[00:51:14.285] [INFO] 서버 초기화 완료
[00:51:14.285] [INFO] 서버 실행. 포트 번호: 9000
[00:51:14.285] [INFO] IOCP 멀티플레이어 서버 시작됨...
[00:51:14.285] [INFO] 서버 실행 시작
[00:51:16.667] [INFO] [SendPacket] WSASend 요청 성공 - 컨텍스트: SendClientId, 보낸 크기: 7, 클라이언트 ID: 1
[00:51:16.667] [INFO] 새 클라이언트에게 ID 1 전송됨
[00:51:16.667] [INFO] [SendPacket] WSASend 요청 성공 - 컨텍스트: SendInitialPosition, 보낸 크기: 32, 클라이언트 ID: 1
[00:51:16.668] [INFO] 초기 위치 정보 전송됨 - 클라이언트 ID: 1, 위치: X=0.000000, Y=0.000000, Z=90.000000
[00:51:16.668] [INFO] 새 플레이어 정보(ID: 1) 브로드캐스트 - 수신자 수: 0
[00:51:16.668] [INFO] 기존 플레이어 정보 0개가 새 클라이언트(ID: 1)에게 전송됨
[00:51:16.668] [INFO] 위치 업데이트 - 클라이언트 ID: 1, 위치: X=0.000000, Y=0.000000, Z=90.000000, 속도: X=0.000000, Y=0.000000, Z=0.000000
[00:51:16.669] [INFO] 서버 FPS: 0.842105, 평균 프레임 시간: 237.500000ms, 클라이언트 수: 1
[00:51:17.668] [INFO] [SendPacket] WSASend 요청 성공 - 컨텍스트: SendPong, 보낸 크기: 11, 클라이언트 ID: 1
[00:51:18.668] [INFO] [SendPacket] WSASend 요청 성공 - 컨텍스트: SendPong, 보낸 크기: 11, 클라이언트 ID: 1
[00:51:38.878] [INFO] [SendPacket] WSASend 요청 성공 - 컨텍스트: SendClientId, 보낸 크기: 7, 클라이언트 ID: 2
[00:51:38.878] [INFO] 새 클라이언트에게 ID 2 전송됨
[00:51:38.878] [INFO] [SendPacket] WSASend 요청 성공 - 컨텍스트: SendInitialPosition, 보낸 크기: 32, 클라이언트 ID: 2
[00:51:38.879] [INFO] 초기 위치 정보 전송됨 - 클라이언트 ID: 2, 위치: X=300.000000, Y=0.000000, Z=90.000000
[00:51:38.879] [INFO] [SendPacket] WSASend 요청 성공 - 컨텍스트: BroadcastNewPlayer, 보낸 크기: 32, 클라이언트 ID: 1
[00:51:38.879] [INFO] 새 플레이어 정보(ID: 2) 브로드캐스트 - 수신자 수: 1
[00:51:38.879] [INFO] [SendPacket] WSASend 요청 성공 - 컨텍스트: SendExistingPlayers, 보낸 크기: 32, 클라이언트 ID: 2
[00:51:38.879] [INFO] 기존 플레이어 정보 1개가 새 클라이언트(ID: 2)에게 전송됨
[00:51:38.880] [WARNING] 비정상적으로 긴 델타 타임: 2.375000초
[00:51:38.880] [WARNING] 클라이언트 Ping 타임아웃 발생 - ID: 1
[00:51:38.880] [INFO] 위치 업데이트 - 클라이언트 ID: 2, 위치: X=300.000000, Y=0.000000, Z=90.000000, 속도: X=0.000000, Y=0.000000, Z=0.000000
[00:51:38.880] [INFO] 클라이언트 연결 끊김 (ID: 1)
[00:51:38.880] [INFO] 클라이언트가 정상적으로 연결 종료함 - ID: 1
[00:51:38.880] [INFO] [SendPacket] WSASend 요청 성공 - 컨텍스트: NotifyClientDisconnect, 보낸 크기: 32, 클라이언트 ID: 2
[00:51:38.881] [INFO] 클라이언트 연결 끊김 알림(ID: 1) - 수신자 수: 1
[00:51:38.881] [WARNING] 존재하지 않는 클라이언트 ID를 제거하려고 시도: 1
[00:51:38.881] [INFO] 서버 FPS: 0.045007, 평균 프레임 시간: 2435.650146ms, 클라이언트 수: 1
[00:51:39.879] [INFO] [SendPacket] WSASend 요청 성공 - 컨텍스트: SendPong, 보낸 크기: 11, 클라이언트 ID: 2
[00:51:40.881] [INFO] [SendPacket] WSASend 요청 성공 - 컨텍스트: SendPong, 보낸 크기: 11, 클라이언트 ID: 2
[00:51:41.882] [INFO] [SendPacket] WSASend 요청 성공 - 컨텍스트: SendPong, 보낸 크기: 11, 클라이언트 ID: 2
[00:51:42.882] [INFO] [SendPacket] WSASend 요청 성공 - 컨텍스트: SendPong, 보낸 크기: 11, 클라이언트 ID: 2
[00:51:43.883] [INFO] [SendPacket] WSASend 요청 성공 - 컨텍스트: SendPong, 보낸 크기: 11, 클라이언트 ID: 2
[00:51:44.883] [INFO] [SendPacket] WSASend 요청 성공 - 컨텍스트: SendPong, 보낸 크기: 11, 클라이언트 ID: 2
