[14:57:27.596] [INFO] 로깅 시스템 초기화됨
[14:57:27.597] [INFO] 서버 인스턴스 생성됨
[14:57:27.597] [INFO] 서버 초기화 시작 (포트: 9000)
[14:57:27.598] [INFO] 윈속 초기화 성공
[14:57:27.598] [INFO] 리스닝 소켓 생성 성공
[14:57:27.599] [INFO] 소켓 바인딩 성공 (포트: 9000)
[14:57:27.599] [INFO] 리스닝 시작됨
[14:57:27.599] [INFO] IOCP 생성 성공
[14:57:27.599] [INFO] CPU 코어 수: 16, 생성할 작업자 스레드: 16
[14:57:27.600] [INFO] 작업자 스레드 #1 생성됨
[14:57:27.600] [INFO] 작업자 스레드 시작 (ThreadID: 32328)
[14:57:27.600] [INFO] 작업자 스레드 #2 생성됨
[14:57:27.600] [INFO] 작업자 스레드 시작 (ThreadID: 24924)
[14:57:27.601] [INFO] 작업자 스레드 #3 생성됨
[14:57:27.601] [INFO] 작업자 스레드 시작 (ThreadID: 38064)
[14:57:27.601] [INFO] 작업자 스레드 #4 생성됨
[14:57:27.601] [INFO] 작업자 스레드 시작 (ThreadID: 2444)
[14:57:27.602] [INFO] 작업자 스레드 #5 생성됨
[14:57:27.602] [INFO] 작업자 스레드 시작 (ThreadID: 38308)
[14:57:27.602] [INFO] 작업자 스레드 #6 생성됨
[14:57:27.602] [INFO] 작업자 스레드 시작 (ThreadID: 6976)
[14:57:27.603] [INFO] 작업자 스레드 #7 생성됨
[14:57:27.603] [INFO] 작업자 스레드 시작 (ThreadID: 30068)
[14:57:27.603] [INFO] 작업자 스레드 #8 생성됨
[14:57:27.603] [INFO] 작업자 스레드 시작 (ThreadID: 16728)
[14:57:27.604] [INFO] 작업자 스레드 #9 생성됨
[14:57:27.604] [INFO] 작업자 스레드 시작 (ThreadID: 40112)
[14:57:27.604] [INFO] 작업자 스레드 #10 생성됨
[14:57:27.604] [INFO] 작업자 스레드 시작 (ThreadID: 28556)
[14:57:27.604] [INFO] 작업자 스레드 #11 생성됨
[14:57:27.605] [INFO] 작업자 스레드 시작 (ThreadID: 6720)
[14:57:27.605] [INFO] 작업자 스레드 #12 생성됨
[14:57:27.605] [INFO] 작업자 스레드 시작 (ThreadID: 28032)
[14:57:27.605] [INFO] 작업자 스레드 #13 생성됨
[14:57:27.606] [INFO] 작업자 스레드 시작 (ThreadID: 20244)
[14:57:27.606] [INFO] 작업자 스레드 #14 생성됨
[14:57:27.606] [INFO] 작업자 스레드 시작 (ThreadID: 43584)
[14:57:27.606] [INFO] 작업자 스레드 #15 생성됨
[14:57:27.607] [INFO] 작업자 스레드 시작 (ThreadID: 16400)
[14:57:27.607] [INFO] 작업자 스레드 #16 생성됨
[14:57:27.607] [INFO] 작업자 스레드 시작 (ThreadID: 34820)
[14:57:27.607] [INFO] 서버 초기화 완료
[14:57:27.608] [INFO] 서버 실행. 포트 번호: 9000
[14:57:27.608] [INFO] IOCP 멀티플레이어 서버 시작됨...
[14:57:27.608] [INFO] 서버 실행 시작
