[16:05:33.618] [INFO] 로깅 시스템 초기화됨
[16:05:33.618] [INFO] 서버 인스턴스 생성됨
[16:05:33.619] [INFO] 서버 초기화 시작 (포트: 9000)
[16:05:33.620] [INFO] 윈속 초기화 성공
[16:05:33.622] [INFO] 리스닝 소켓 생성 성공
[16:05:33.623] [INFO] 소켓 바인딩 성공 (포트: 9000)
[16:05:33.623] [INFO] 리스닝 시작됨
[16:05:33.624] [INFO] IOCP 생성 성공
[16:05:33.624] [INFO] CPU 코어 수: 16, 생성할 작업자 스레드: 16
[16:05:33.624] [INFO] 작업자 스레드 #1 생성됨
[16:05:33.625] [INFO] 작업자 스레드 시작 (ThreadID: 16288)
[16:05:33.626] [INFO] 작업자 스레드 #2 생성됨
[16:05:33.627] [INFO] 작업자 스레드 시작 (ThreadID: 5512)
[16:05:33.628] [INFO] 작업자 스레드 #3 생성됨
[16:05:33.629] [INFO] 작업자 스레드 시작 (ThreadID: 39848)
[16:05:33.629] [INFO] 작업자 스레드 #4 생성됨
[16:05:33.630] [INFO] 작업자 스레드 시작 (ThreadID: 30416)
[16:05:33.630] [INFO] 작업자 스레드 #5 생성됨
[16:05:33.631] [INFO] 작업자 스레드 시작 (ThreadID: 27768)
[16:05:33.632] [INFO] 작업자 스레드 #6 생성됨
[16:05:33.632] [INFO] 작업자 스레드 시작 (ThreadID: 35488)
[16:05:33.634] [INFO] 작업자 스레드 #7 생성됨
[16:05:33.634] [INFO] 작업자 스레드 시작 (ThreadID: 32196)
[16:05:33.635] [INFO] 작업자 스레드 #8 생성됨
[16:05:33.635] [INFO] 작업자 스레드 시작 (ThreadID: 38288)
[16:05:33.636] [INFO] 작업자 스레드 #9 생성됨
[16:05:33.637] [INFO] 작업자 스레드 시작 (ThreadID: 20228)
[16:05:33.637] [INFO] 작업자 스레드 #10 생성됨
[16:05:33.638] [INFO] 작업자 스레드 시작 (ThreadID: 39736)
[16:05:33.639] [INFO] 작업자 스레드 #11 생성됨
[16:05:33.639] [INFO] 작업자 스레드 시작 (ThreadID: 34852)
[16:05:33.640] [INFO] 작업자 스레드 #12 생성됨
[16:05:33.640] [INFO] 작업자 스레드 시작 (ThreadID: 39704)
[16:05:33.641] [INFO] 작업자 스레드 #13 생성됨
[16:05:33.642] [INFO] 작업자 스레드 시작 (ThreadID: 35588)
[16:05:33.642] [INFO] 작업자 스레드 #14 생성됨
[16:05:33.643] [INFO] 작업자 스레드 시작 (ThreadID: 25772)
[16:05:33.644] [INFO] 작업자 스레드 #15 생성됨
[16:05:33.644] [INFO] 작업자 스레드 시작 (ThreadID: 27840)
[16:05:33.645] [INFO] 작업자 스레드 #16 생성됨
[16:05:33.645] [INFO] 작업자 스레드 시작 (ThreadID: 29012)
[16:05:33.646] [INFO] 서버 초기화 완료
[16:05:33.646] [INFO] 서버 실행. 포트 번호: 9000
[16:05:33.646] [INFO] IOCP 멀티플레이어 서버 시작됨...
[16:05:33.647] [INFO] 서버 실행 시작
[16:05:33.647] [INFO] listenSocket 논블로킹 설정 성공
[16:05:34.676] [INFO] 서버 FPS: 32.977692, 평균 프레임 시간: 0.000000ms, 클라이언트 수: 0
[16:05:35.691] [INFO] 서버 FPS: 31.527094, 평균 프레임 시간: 0.000000ms, 클라이언트 수: 0
[16:05:36.725] [INFO] 서버 FPS: 35.852715, 평균 프레임 시간: 0.000000ms, 클라이언트 수: 0
[16:05:37.741] [INFO] 서버 FPS: 32.512314, 평균 프레임 시간: 0.000000ms, 클라이언트 수: 0
[16:05:38.759] [INFO] 서버 FPS: 32.480316, 평균 프레임 시간: 0.000000ms, 클라이언트 수: 0
