[17:56:21.403] [INFO] 로깅 시스템 초기화됨
[17:56:21.404] [INFO] 서버 인스턴스 생성됨
[17:56:21.404] [INFO] 서버 초기화 시작 (포트: 9000)
[17:56:21.405] [INFO] 윈속 초기화 성공
[17:56:21.405] [INFO] 리스닝 소켓 생성 성공
[17:56:21.406] [INFO] 소켓 바인딩 성공 (포트: 9000)
[17:56:21.406] [INFO] 리스닝 시작됨
[17:56:21.406] [INFO] IOCP 생성 성공
[17:56:21.406] [INFO] CPU 코어 수: 16, 생성할 작업자 스레드: 16
[17:56:21.406] [INFO] 작업자 스레드 #1 생성됨
[17:56:21.407] [INFO] 작업자 스레드 시작 (ThreadID: 23120)
[17:56:21.407] [INFO] 작업자 스레드 #2 생성됨
[17:56:21.407] [INFO] 작업자 스레드 시작 (ThreadID: 21004)
[17:56:21.415] [INFO] 작업자 스레드 #3 생성됨
[17:56:21.415] [INFO] 작업자 스레드 시작 (ThreadID: 1308)
[17:56:21.415] [INFO] 작업자 스레드 #4 생성됨
[17:56:21.416] [INFO] 작업자 스레드 시작 (ThreadID: 3080)
[17:56:21.416] [INFO] 작업자 스레드 #5 생성됨
[17:56:21.416] [INFO] 작업자 스레드 시작 (ThreadID: 12936)
[17:56:21.416] [INFO] 작업자 스레드 #6 생성됨
[17:56:21.416] [INFO] 작업자 스레드 시작 (ThreadID: 6148)
[17:56:21.416] [INFO] 작업자 스레드 #7 생성됨
[17:56:21.417] [INFO] 작업자 스레드 시작 (ThreadID: 29812)
[17:56:21.417] [INFO] 작업자 스레드 #8 생성됨
[17:56:21.417] [INFO] 작업자 스레드 시작 (ThreadID: 4960)
[17:56:21.417] [INFO] 작업자 스레드 #9 생성됨
[17:56:21.417] [INFO] 작업자 스레드 시작 (ThreadID: 27040)
[17:56:21.417] [INFO] 작업자 스레드 #10 생성됨
[17:56:21.418] [INFO] 작업자 스레드 시작 (ThreadID: 1724)
[17:56:21.418] [INFO] 작업자 스레드 #11 생성됨
[17:56:21.418] [INFO] 작업자 스레드 시작 (ThreadID: 33636)
[17:56:21.418] [INFO] 작업자 스레드 #12 생성됨
[17:56:21.418] [INFO] 작업자 스레드 시작 (ThreadID: 33864)
[17:56:21.418] [INFO] 작업자 스레드 #13 생성됨
[17:56:21.419] [INFO] 작업자 스레드 시작 (ThreadID: 33604)
[17:56:21.419] [INFO] 작업자 스레드 #14 생성됨
[17:56:21.419] [INFO] 작업자 스레드 시작 (ThreadID: 28376)
[17:56:21.419] [INFO] 작업자 스레드 #15 생성됨
[17:56:21.419] [INFO] 작업자 스레드 시작 (ThreadID: 32028)
[17:56:21.419] [INFO] 작업자 스레드 #16 생성됨
[17:56:21.420] [INFO] 작업자 스레드 시작 (ThreadID: 12844)
[17:56:21.420] [INFO] 서버 초기화 완료
[17:56:21.420] [INFO] 서버 실행. 포트 번호: 9000
[17:56:21.420] [INFO] IOCP 멀티플레이어 서버 시작됨...
[17:56:21.420] [INFO] 서버 실행 시작
[17:56:25.838] [INFO] 클라이언트 연결됨: 127.0.0.1:10232 (ID: 1)
[17:56:25.838] [INFO] 새 클라이언트에게 ID 1 전송됨
[17:56:25.838] [INFO] 새 플레이어 정보(ID: 1) 브로드캐스트 - 수신자 수: 0
[17:56:25.839] [INFO] 새 클라이언트에게 ID 1 전송됨, 초기 위치: X=0.000000, Y=0.000000, Z=90.000000
[17:56:25.839] [INFO] 기존 플레이어 정보 0개가 새 클라이언트(ID: 1)에게 전송됨
[17:56:25.839] [INFO] 서버 FPS: 0.453926, 평균 프레임 시간: 440.600006ms, 클라이언트 수: 1
[17:56:25.839] [INFO] 클라이언트 연결됨: 127.0.0.1:10233 (ID: 2)
[17:56:25.840] [INFO] 새 클라이언트에게 ID 2 전송됨
[17:56:25.840] [INFO] 새 플레이어 정보(ID: 2) 브로드캐스트 - 수신자 수: 1
[17:56:25.840] [INFO] 새 클라이언트에게 ID 2 전송됨, 초기 위치: X=300.000000, Y=0.000000, Z=90.000000
[17:56:25.840] [INFO] 기존 플레이어 정보 1개가 새 클라이언트(ID: 2)에게 전송됨
[17:56:25.841] [WARNING] 비정상적으로 긴 델타 타임: 4.406000초
[17:56:25.847] [DEBUG] 데이터 수신: 21 바이트, 클라이언트 ID: 1
[17:56:25.847] [DEBUG] 입력 패킷 수신 - 클라이언트 ID: 1, Forward: 0.000000, Right: 0.000000, Jump: false, Attack: false
[17:56:25.848] [DEBUG] 데이터 수신: 21 바이트, 클라이언트 ID: 2
[17:56:25.848] [DEBUG] 입력 패킷 수신 - 클라이언트 ID: 2, Forward: 0.000000, Right: 0.000000, Jump: false, Attack: false
[17:56:25.858] [DEBUG] 데이터 수신: 21 바이트, 클라이언트 ID: 1
[17:56:25.858] [DEBUG] 입력 패킷 수신 - 클라이언트 ID: 1, Forward: 0.000000, Right: 0.000000, Jump: false, Attack: false
[17:56:25.859] [DEBUG] 데이터 수신: 21 바이트, 클라이언트 ID: 2
[17:56:25.859] [DEBUG] 입력 패킷 수신 - 클라이언트 ID: 2, Forward: 0.000000, Right: 0.000000, Jump: false, Attack: false
[17:56:25.870] [DEBUG] 데이터 수신: 21 바이트, 클라이언트 ID: 1
[17:56:25.870] [DEBUG] 입력 패킷 수신 - 클라이언트 ID: 1, Forward: 0.000000, Right: 0.000000, Jump: false, Attack: false
[17:56:25.870] [DEBUG] 데이터 수신: 21 바이트, 클라이언트 ID: 2
[17:56:25.871] [DEBUG] 입력 패킷 수신 - 클라이언트 ID: 2, Forward: 0.000000, Right: 0.000000, Jump: false, Attack: false
[17:56:25.881] [DEBUG] 데이터 수신: 21 바이트, 클라이언트 ID: 1
[17:56:25.881] [DEBUG] 입력 패킷 수신 - 클라이언트 ID: 1, Forward: 0.000000, Right: 0.000000, Jump: false, Attack: false
[17:56:25.882] [DEBUG] 데이터 수신: 21 바이트, 클라이언트 ID: 2
[17:56:25.882] [DEBUG] 입력 패킷 수신 - 클라이언트 ID: 2, Forward: 0.000000, Right: 0.000000, Jump: false, Attack: false
[17:56:25.897] [DEBUG] 데이터 수신: 21 바이트, 클라이언트 ID: 1
[17:56:25.898] [DEBUG] 입력 패킷 수신 - 클라이언트 ID: 1, Forward: 0.000000, Right: 0.000000, Jump: false, Attack: false
[17:56:25.898] [DEBUG] 데이터 수신: 21 바이트, 클라이언트 ID: 2
[17:56:25.898] [DEBUG] 입력 패킷 수신 - 클라이언트 ID: 2, Forward: 0.000000, Right: 0.000000, Jump: false, Attack: false
[17:56:25.910] [DEBUG] 데이터 수신: 21 바이트, 클라이언트 ID: 1
[17:56:25.910] [DEBUG] 입력 패킷 수신 - 클라이언트 ID: 1, Forward: 0.000000, Right: 0.000000, Jump: false, Attack: false
[17:56:25.911] [DEBUG] 데이터 수신: 21 바이트, 클라이언트 ID: 2
[17:56:25.911] [DEBUG] 입력 패킷 수신 - 클라이언트 ID: 2, Forward: 0.000000, Right: 0.000000, Jump: false, Attack: false
[17:56:25.919] [DEBUG] 데이터 수신: 21 바이트, 클라이언트 ID: 1
[17:56:25.919] [DEBUG] 입력 패킷 수신 - 클라이언트 ID: 1, Forward: 0.000000, Right: 0.000000, Jump: false, Attack: false
[17:56:25.919] [DEBUG] 데이터 수신: 21 바이트, 클라이언트 ID: 2
[17:56:25.919] [DEBUG] 입력 패킷 수신 - 클라이언트 ID: 2, Forward: 0.000000, Right: 0.000000, Jump: false, Attack: false
[17:56:25.927] [DEBUG] 데이터 수신: 21 바이트, 클라이언트 ID: 1
[17:56:25.928] [DEBUG] 입력 패킷 수신 - 클라이언트 ID: 1, Forward: 0.000000, Right: 0.000000, Jump: false, Attack: false
[17:56:25.928] [DEBUG] 데이터 수신: 21 바이트, 클라이언트 ID: 2
[17:56:25.928] [DEBUG] 입력 패킷 수신 - 클라이언트 ID: 2, Forward: 0.000000, Right: 0.000000, Jump: false, Attack: false
[17:56:25.936] [DEBUG] 데이터 수신: 21 바이트, 클라이언트 ID: 1
[17:56:25.937] [DEBUG] 입력 패킷 수신 - 클라이언트 ID: 1, Forward: 0.000000, Right: 0.000000, Jump: false, Attack: false
[17:56:25.937] [DEBUG] 데이터 수신: 21 바이트, 클라이언트 ID: 2
[17:56:25.937] [DEBUG] 입력 패킷 수신 - 클라이언트 ID: 2, Forward: 0.000000, Right: 0.000000, Jump: false, Attack: false
[17:56:25.947] [DEBUG] 데이터 수신: 21 바이트, 클라이언트 ID: 1
[17:56:25.947] [DEBUG] 입력 패킷 수신 - 클라이언트 ID: 1, Forward: 0.000000, Right: 0.000000, Jump: false, Attack: false
[17:56:25.948] [DEBUG] 데이터 수신: 21 바이트, 클라이언트 ID: 2
[17:56:25.949] [DEBUG] 입력 패킷 수신 - 클라이언트 ID: 2, Forward: 0.000000, Right: 0.000000, Jump: false, Attack: false
[17:56:25.960] [DEBUG] 데이터 수신: 21 바이트, 클라이언트 ID: 1
[17:56:25.960] [DEBUG] 입력 패킷 수신 - 클라이언트 ID: 1, Forward: 0.000000, Right: 0.000000, Jump: false, Attack: false
[17:56:25.960] [DEBUG] 데이터 수신: 21 바이트, 클라이언트 ID: 2
[17:56:25.960] [DEBUG] 입력 패킷 수신 - 클라이언트 ID: 2, Forward: 0.000000, Right: 0.000000, Jump: false, Attack: false
[17:56:25.969] [DEBUG] 데이터 수신: 21 바이트, 클라이언트 ID: 1
[17:56:25.970] [DEBUG] 입력 패킷 수신 - 클라이언트 ID: 1, Forward: 0.000000, Right: 0.000000, Jump: false, Attack: false
[17:56:25.970] [DEBUG] 데이터 수신: 21 바이트, 클라이언트 ID: 2
[17:56:25.970] [DEBUG] 입력 패킷 수신 - 클라이언트 ID: 2, Forward: 0.000000, Right: 0.000000, Jump: false, Attack: false
[17:56:25.981] [DEBUG] 데이터 수신: 21 바이트, 클라이언트 ID: 1
[17:56:25.981] [DEBUG] 입력 패킷 수신 - 클라이언트 ID: 1, Forward: 0.000000, Right: 0.000000, Jump: false, Attack: false
[17:56:25.982] [DEBUG] 데이터 수신: 21 바이트, 클라이언트 ID: 2
[17:56:25.982] [DEBUG] 입력 패킷 수신 - 클라이언트 ID: 2, Forward: 0.000000, Right: 0.000000, Jump: false, Attack: false
[17:56:25.991] [DEBUG] 데이터 수신: 21 바이트, 클라이언트 ID: 1
[17:56:25.992] [DEBUG] 입력 패킷 수신 - 클라이언트 ID: 1, Forward: 0.000000, Right: 0.000000, Jump: false, Attack: false
[17:56:25.992] [DEBUG] 데이터 수신: 21 바이트, 클라이언트 ID: 2
[17:56:25.992] [DEBUG] 입력 패킷 수신 - 클라이언트 ID: 2, Forward: 0.000000, Right: 0.000000, Jump: false, Attack: false
[17:56:26.002] [DEBUG] 데이터 수신: 21 바이트, 클라이언트 ID: 1
[17:56:26.003] [DEBUG] 입력 패킷 수신 - 클라이언트 ID: 1, Forward: 0.000000, Right: 0.000000, Jump: false, Attack: false
[17:56:26.003] [DEBUG] 데이터 수신: 21 바이트, 클라이언트 ID: 2
[17:56:26.003] [DEBUG] 입력 패킷 수신 - 클라이언트 ID: 2, Forward: 0.000000, Right: 0.000000, Jump: false, Attack: false
[17:56:26.013] [DEBUG] 데이터 수신: 21 바이트, 클라이언트 ID: 1
[17:56:26.014] [DEBUG] 입력 패킷 수신 - 클라이언트 ID: 1, Forward: 0.000000, Right: 0.000000, Jump: false, Attack: false
[17:56:26.014] [DEBUG] 데이터 수신: 21 바이트, 클라이언트 ID: 2
[17:56:26.014] [DEBUG] 입력 패킷 수신 - 클라이언트 ID: 2, Forward: 0.000000, Right: 0.000000, Jump: false, Attack: false
[17:56:26.026] [DEBUG] 데이터 수신: 21 바이트, 클라이언트 ID: 1
[17:56:26.026] [DEBUG] 입력 패킷 수신 - 클라이언트 ID: 1, Forward: 0.000000, Right: 0.000000, Jump: false, Attack: false
[17:56:26.027] [DEBUG] 데이터 수신: 21 바이트, 클라이언트 ID: 2
[17:56:26.027] [DEBUG] 입력 패킷 수신 - 클라이언트 ID: 2, Forward: 0.000000, Right: 0.000000, Jump: false, Attack: false
[17:56:26.034] [DEBUG] 데이터 수신: 21 바이트, 클라이언트 ID: 1
[17:56:26.034] [DEBUG] 입력 패킷 수신 - 클라이언트 ID: 1, Forward: 0.000000, Right: 0.000000, Jump: false, Attack: false
[17:56:26.034] [DEBUG] 데이터 수신: 21 바이트, 클라이언트 ID: 2
[17:56:26.035] [DEBUG] 입력 패킷 수신 - 클라이언트 ID: 2, Forward: 0.000000, Right: 0.000000, Jump: false, Attack: false
[17:56:26.051] [DEBUG] 데이터 수신: 21 바이트, 클라이언트 ID: 1
[17:56:26.051] [DEBUG] 입력 패킷 수신 - 클라이언트 ID: 1, Forward: 0.000000, Right: 0.000000, Jump: false, Attack: false
[17:56:26.051] [DEBUG] 데이터 수신: 21 바이트, 클라이언트 ID: 2
[17:56:26.052] [DEBUG] 입력 패킷 수신 - 클라이언트 ID: 2, Forward: 0.000000, Right: 0.000000, Jump: false, Attack: false
[17:56:26.063] [DEBUG] 데이터 수신: 21 바이트, 클라이언트 ID: 1
[17:56:26.063] [DEBUG] 입력 패킷 수신 - 클라이언트 ID: 1, Forward: 0.000000, Right: 0.000000, Jump: false, Attack: false
[17:56:26.064] [DEBUG] 데이터 수신: 21 바이트, 클라이언트 ID: 2
[17:56:26.064] [DEBUG] 입력 패킷 수신 - 클라이언트 ID: 2, Forward: 0.000000, Right: 0.000000, Jump: false, Attack: false
[17:56:26.075] [DEBUG] 데이터 수신: 21 바이트, 클라이언트 ID: 1
[17:56:26.076] [DEBUG] 입력 패킷 수신 - 클라이언트 ID: 1, Forward: 0.000000, Right: 0.000000, Jump: false, Attack: false
[17:56:26.076] [DEBUG] 데이터 수신: 21 바이트, 클라이언트 ID: 2
[17:56:26.076] [DEBUG] 입력 패킷 수신 - 클라이언트 ID: 2, Forward: 0.000000, Right: 0.000000, Jump: false, Attack: false
[17:56:26.086] [DEBUG] 데이터 수신: 21 바이트, 클라이언트 ID: 1
[17:56:26.086] [DEBUG] 입력 패킷 수신 - 클라이언트 ID: 1, Forward: 0.000000, Right: 0.000000, Jump: false, Attack: false
[17:56:26.086] [DEBUG] 데이터 수신: 21 바이트, 클라이언트 ID: 2
[17:56:26.086] [DEBUG] 입력 패킷 수신 - 클라이언트 ID: 2, Forward: 0.000000, Right: 0.000000, Jump: false, Attack: false
[17:56:26.094] [DEBUG] 데이터 수신: 21 바이트, 클라이언트 ID: 1
[17:56:26.095] [DEBUG] 입력 패킷 수신 - 클라이언트 ID: 1, Forward: 0.000000, Right: 0.000000, Jump: false, Attack: false
[17:56:26.095] [DEBUG] 데이터 수신: 21 바이트, 클라이언트 ID: 2
[17:56:26.095] [DEBUG] 입력 패킷 수신 - 클라이언트 ID: 2, Forward: 0.000000, Right: 0.000000, Jump: false, Attack: false
[17:56:26.104] [DEBUG] 데이터 수신: 21 바이트, 클라이언트 ID: 1
[17:56:26.104] [DEBUG] 입력 패킷 수신 - 클라이언트 ID: 1, Forward: 0.000000, Right: 0.000000, Jump: false, Attack: false
[17:56:26.105] [DEBUG] 데이터 수신: 21 바이트, 클라이언트 ID: 2
[17:56:26.105] [DEBUG] 입력 패킷 수신 - 클라이언트 ID: 2, Forward: 0.000000, Right: 0.000000, Jump: false, Attack: false
[17:56:26.116] [DEBUG] 데이터 수신: 21 바이트, 클라이언트 ID: 1
[17:56:26.116] [DEBUG] 입력 패킷 수신 - 클라이언트 ID: 1, Forward: 0.000000, Right: 0.000000, Jump: false, Attack: false
[17:56:26.116] [DEBUG] 데이터 수신: 21 바이트, 클라이언트 ID: 2
[17:56:26.117] [DEBUG] 입력 패킷 수신 - 클라이언트 ID: 2, Forward: 0.000000, Right: 0.000000, Jump: false, Attack: false
[17:56:26.125] [DEBUG] 데이터 수신: 21 바이트, 클라이언트 ID: 1
[17:56:26.125] [DEBUG] 입력 패킷 수신 - 클라이언트 ID: 1, Forward: 0.000000, Right: 0.000000, Jump: false, Attack: false
[17:56:26.126] [DEBUG] 데이터 수신: 21 바이트, 클라이언트 ID: 2
[17:56:26.126] [DEBUG] 입력 패킷 수신 - 클라이언트 ID: 2, Forward: 0.000000, Right: 0.000000, Jump: false, Attack: false
[17:56:26.136] [DEBUG] 데이터 수신: 21 바이트, 클라이언트 ID: 1
[17:56:26.136] [DEBUG] 입력 패킷 수신 - 클라이언트 ID: 1, Forward: 0.000000, Right: 0.000000, Jump: false, Attack: false
[17:56:26.137] [DEBUG] 데이터 수신: 21 바이트, 클라이언트 ID: 2
[17:56:26.137] [DEBUG] 입력 패킷 수신 - 클라이언트 ID: 2, Forward: 0.000000, Right: 0.000000, Jump: false, Attack: false
[17:56:26.145] [DEBUG] 데이터 수신: 21 바이트, 클라이언트 ID: 1
[17:56:26.145] [DEBUG] 입력 패킷 수신 - 클라이언트 ID: 1, Forward: 0.000000, Right: 0.000000, Jump: false, Attack: false
[17:56:26.146] [DEBUG] 데이터 수신: 21 바이트, 클라이언트 ID: 2
[17:56:26.146] [DEBUG] 입력 패킷 수신 - 클라이언트 ID: 2, Forward: 0.000000, Right: 0.000000, Jump: false, Attack: false
[17:56:26.156] [DEBUG] 데이터 수신: 21 바이트, 클라이언트 ID: 1
[17:56:26.156] [DEBUG] 입력 패킷 수신 - 클라이언트 ID: 1, Forward: 0.000000, Right: 0.000000, Jump: false, Attack: false
[17:56:26.157] [DEBUG] 데이터 수신: 21 바이트, 클라이언트 ID: 2
[17:56:26.157] [DEBUG] 입력 패킷 수신 - 클라이언트 ID: 2, Forward: 0.000000, Right: 0.000000, Jump: false, Attack: false
[17:56:26.168] [DEBUG] 데이터 수신: 21 바이트, 클라이언트 ID: 1
[17:56:26.168] [DEBUG] 입력 패킷 수신 - 클라이언트 ID: 1, Forward: 0.000000, Right: 0.000000, Jump: false, Attack: false
[17:56:26.169] [DEBUG] 데이터 수신: 21 바이트, 클라이언트 ID: 2
[17:56:26.169] [DEBUG] 입력 패킷 수신 - 클라이언트 ID: 2, Forward: 0.000000, Right: 0.000000, Jump: false, Attack: false
[17:56:26.177] [DEBUG] 데이터 수신: 21 바이트, 클라이언트 ID: 1
[17:56:26.177] [DEBUG] 입력 패킷 수신 - 클라이언트 ID: 1, Forward: 0.000000, Right: 0.000000, Jump: false, Attack: false
[17:56:26.177] [DEBUG] 데이터 수신: 21 바이트, 클라이언트 ID: 2
[17:56:26.178] [DEBUG] 입력 패킷 수신 - 클라이언트 ID: 2, Forward: 0.000000, Right: 0.000000, Jump: false, Attack: false
[17:56:26.188] [DEBUG] 데이터 수신: 21 바이트, 클라이언트 ID: 1
[17:56:26.188] [DEBUG] 입력 패킷 수신 - 클라이언트 ID: 1, Forward: 0.000000, Right: 0.000000, Jump: false, Attack: false
[17:56:26.188] [DEBUG] 데이터 수신: 21 바이트, 클라이언트 ID: 2
[17:56:26.189] [DEBUG] 입력 패킷 수신 - 클라이언트 ID: 2, Forward: 0.000000, Right: 0.000000, Jump: false, Attack: false
[17:56:26.199] [DEBUG] 데이터 수신: 21 바이트, 클라이언트 ID: 1
[17:56:26.199] [DEBUG] 입력 패킷 수신 - 클라이언트 ID: 1, Forward: 0.000000, Right: 0.000000, Jump: false, Attack: false
[17:56:26.200] [DEBUG] 데이터 수신: 21 바이트, 클라이언트 ID: 2
[17:56:26.200] [DEBUG] 입력 패킷 수신 - 클라이언트 ID: 2, Forward: 0.000000, Right: 0.000000, Jump: false, Attack: false
[17:56:26.210] [DEBUG] 데이터 수신: 21 바이트, 클라이언트 ID: 1
[17:56:26.210] [DEBUG] 입력 패킷 수신 - 클라이언트 ID: 1, Forward: 0.000000, Right: 0.000000, Jump: false, Attack: false
[17:56:26.211] [DEBUG] 데이터 수신: 21 바이트, 클라이언트 ID: 2
[17:56:26.211] [DEBUG] 입력 패킷 수신 - 클라이언트 ID: 2, Forward: 0.000000, Right: 0.000000, Jump: false, Attack: false
[17:56:26.220] [DEBUG] 데이터 수신: 21 바이트, 클라이언트 ID: 1
[17:56:26.220] [DEBUG] 입력 패킷 수신 - 클라이언트 ID: 1, Forward: 0.000000, Right: 0.000000, Jump: false, Attack: false
[17:56:26.221] [DEBUG] 데이터 수신: 21 바이트, 클라이언트 ID: 2
[17:56:26.221] [DEBUG] 입력 패킷 수신 - 클라이언트 ID: 2, Forward: 0.000000, Right: 0.000000, Jump: false, Attack: false
[17:56:26.231] [DEBUG] 데이터 수신: 21 바이트, 클라이언트 ID: 1
[17:56:26.231] [DEBUG] 입력 패킷 수신 - 클라이언트 ID: 1, Forward: 0.000000, Right: 0.000000, Jump: false, Attack: false
[17:56:26.232] [DEBUG] 데이터 수신: 21 바이트, 클라이언트 ID: 2
[17:56:26.232] [DEBUG] 입력 패킷 수신 - 클라이언트 ID: 2, Forward: 0.000000, Right: 0.000000, Jump: false, Attack: false
[17:56:26.241] [DEBUG] 데이터 수신: 21 바이트, 클라이언트 ID: 1
[17:56:26.242] [DEBUG] 입력 패킷 수신 - 클라이언트 ID: 1, Forward: 0.000000, Right: 0.000000, Jump: false, Attack: false
[17:56:26.242] [DEBUG] 데이터 수신: 21 바이트, 클라이언트 ID: 2
[17:56:26.242] [DEBUG] 입력 패킷 수신 - 클라이언트 ID: 2, Forward: 0.000000, Right: 0.000000, Jump: false, Attack: false
[17:56:26.253] [DEBUG] 데이터 수신: 21 바이트, 클라이언트 ID: 1
[17:56:26.253] [DEBUG] 입력 패킷 수신 - 클라이언트 ID: 1, Forward: 0.000000, Right: 0.000000, Jump: false, Attack: false
[17:56:26.254] [DEBUG] 데이터 수신: 21 바이트, 클라이언트 ID: 2
[17:56:26.254] [DEBUG] 입력 패킷 수신 - 클라이언트 ID: 2, Forward: 0.000000, Right: 0.000000, Jump: false, Attack: false
[17:56:26.265] [DEBUG] 데이터 수신: 21 바이트, 클라이언트 ID: 1
[17:56:26.265] [DEBUG] 입력 패킷 수신 - 클라이언트 ID: 1, Forward: 0.000000, Right: 0.000000, Jump: false, Attack: false
[17:56:26.266] [DEBUG] 데이터 수신: 21 바이트, 클라이언트 ID: 2
[17:56:26.266] [DEBUG] 입력 패킷 수신 - 클라이언트 ID: 2, Forward: 0.000000, Right: 0.000000, Jump: false, Attack: false
[17:56:26.275] [DEBUG] 데이터 수신: 21 바이트, 클라이언트 ID: 1
[17:56:26.276] [DEBUG] 입력 패킷 수신 - 클라이언트 ID: 1, Forward: 0.000000, Right: 0.000000, Jump: false, Attack: false
[17:56:26.276] [DEBUG] 데이터 수신: 21 바이트, 클라이언트 ID: 2
[17:56:26.276] [DEBUG] 입력 패킷 수신 - 클라이언트 ID: 2, Forward: 0.000000, Right: 0.000000, Jump: false, Attack: false
[17:56:26.285] [DEBUG] 데이터 수신: 21 바이트, 클라이언트 ID: 1
[17:56:26.285] [DEBUG] 입력 패킷 수신 - 클라이언트 ID: 1, Forward: 0.000000, Right: 0.000000, Jump: false, Attack: false
[17:56:26.286] [DEBUG] 데이터 수신: 21 바이트, 클라이언트 ID: 2
[17:56:26.286] [DEBUG] 입력 패킷 수신 - 클라이언트 ID: 2, Forward: 0.000000, Right: 0.000000, Jump: false, Attack: false
[17:56:26.296] [DEBUG] 데이터 수신: 21 바이트, 클라이언트 ID: 1
[17:56:26.296] [DEBUG] 입력 패킷 수신 - 클라이언트 ID: 1, Forward: 0.000000, Right: 0.000000, Jump: false, Attack: false
[17:56:26.296] [DEBUG] 데이터 수신: 21 바이트, 클라이언트 ID: 2
[17:56:26.297] [DEBUG] 입력 패킷 수신 - 클라이언트 ID: 2, Forward: 0.000000, Right: 0.000000, Jump: false, Attack: false
[17:56:26.305] [DEBUG] 데이터 수신: 21 바이트, 클라이언트 ID: 1
[17:56:26.305] [DEBUG] 입력 패킷 수신 - 클라이언트 ID: 1, Forward: 0.000000, Right: 0.000000, Jump: false, Attack: false
[17:56:26.305] [DEBUG] 데이터 수신: 21 바이트, 클라이언트 ID: 2
[17:56:26.306] [DEBUG] 입력 패킷 수신 - 클라이언트 ID: 2, Forward: 0.000000, Right: 0.000000, Jump: false, Attack: false
[17:56:26.316] [DEBUG] 데이터 수신: 21 바이트, 클라이언트 ID: 1
[17:56:26.316] [DEBUG] 입력 패킷 수신 - 클라이언트 ID: 1, Forward: 0.000000, Right: 0.000000, Jump: false, Attack: false
[17:56:26.317] [DEBUG] 데이터 수신: 21 바이트, 클라이언트 ID: 2
[17:56:26.317] [DEBUG] 입력 패킷 수신 - 클라이언트 ID: 2, Forward: 0.000000, Right: 0.000000, Jump: false, Attack: false
[17:56:26.327] [DEBUG] 데이터 수신: 21 바이트, 클라이언트 ID: 1
[17:56:26.327] [DEBUG] 입력 패킷 수신 - 클라이언트 ID: 1, Forward: 0.000000, Right: 0.000000, Jump: false, Attack: false
[17:56:26.327] [DEBUG] 데이터 수신: 21 바이트, 클라이언트 ID: 2
[17:56:26.328] [DEBUG] 입력 패킷 수신 - 클라이언트 ID: 2, Forward: 0.000000, Right: 0.000000, Jump: false, Attack: false
[17:56:26.338] [DEBUG] 데이터 수신: 21 바이트, 클라이언트 ID: 1
[17:56:26.339] [DEBUG] 입력 패킷 수신 - 클라이언트 ID: 1, Forward: 0.000000, Right: 0.000000, Jump: false, Attack: false
[17:56:26.339] [DEBUG] 데이터 수신: 21 바이트, 클라이언트 ID: 2
[17:56:26.339] [DEBUG] 입력 패킷 수신 - 클라이언트 ID: 2, Forward: 0.000000, Right: 0.000000, Jump: false, Attack: false
[17:56:26.348] [DEBUG] 데이터 수신: 21 바이트, 클라이언트 ID: 1
[17:56:26.348] [DEBUG] 입력 패킷 수신 - 클라이언트 ID: 1, Forward: 0.000000, Right: 0.000000, Jump: false, Attack: false
[17:56:26.349] [DEBUG] 데이터 수신: 21 바이트, 클라이언트 ID: 2
[17:56:26.349] [DEBUG] 입력 패킷 수신 - 클라이언트 ID: 2, Forward: 0.000000, Right: 0.000000, Jump: false, Attack: false
[17:56:26.364] [DEBUG] 데이터 수신: 21 바이트, 클라이언트 ID: 1
[17:56:26.364] [DEBUG] 입력 패킷 수신 - 클라이언트 ID: 1, Forward: 0.000000, Right: 0.000000, Jump: false, Attack: false
[17:56:26.364] [DEBUG] 데이터 수신: 21 바이트, 클라이언트 ID: 2
[17:56:26.365] [DEBUG] 입력 패킷 수신 - 클라이언트 ID: 2, Forward: 0.000000, Right: 0.000000, Jump: false, Attack: false
[17:56:26.372] [DEBUG] 데이터 수신: 21 바이트, 클라이언트 ID: 1
[17:56:26.373] [DEBUG] 입력 패킷 수신 - 클라이언트 ID: 1, Forward: 0.000000, Right: 0.000000, Jump: false, Attack: false
[17:56:26.373] [DEBUG] 데이터 수신: 21 바이트, 클라이언트 ID: 2
[17:56:26.373] [DEBUG] 입력 패킷 수신 - 클라이언트 ID: 2, Forward: 0.000000, Right: 0.000000, Jump: false, Attack: false
[17:56:26.381] [DEBUG] 데이터 수신: 21 바이트, 클라이언트 ID: 1
[17:56:26.382] [DEBUG] 입력 패킷 수신 - 클라이언트 ID: 1, Forward: 0.000000, Right: 0.000000, Jump: false, Attack: false
[17:56:26.382] [DEBUG] 데이터 수신: 21 바이트, 클라이언트 ID: 2
[17:56:26.382] [DEBUG] 입력 패킷 수신 - 클라이언트 ID: 2, Forward: 0.000000, Right: 0.000000, Jump: false, Attack: false
[17:56:26.391] [DEBUG] 데이터 수신: 21 바이트, 클라이언트 ID: 1
[17:56:26.392] [DEBUG] 입력 패킷 수신 - 클라이언트 ID: 1, Forward: 0.000000, Right: 0.000000, Jump: false, Attack: false
[17:56:26.392] [DEBUG] 데이터 수신: 21 바이트, 클라이언트 ID: 2
[17:56:26.392] [DEBUG] 입력 패킷 수신 - 클라이언트 ID: 2, Forward: 0.000000, Right: 0.000000, Jump: false, Attack: false
[17:56:26.403] [DEBUG] 데이터 수신: 21 바이트, 클라이언트 ID: 1
[17:56:26.403] [DEBUG] 입력 패킷 수신 - 클라이언트 ID: 1, Forward: 0.000000, Right: 0.000000, Jump: false, Attack: false
[17:56:26.403] [DEBUG] 데이터 수신: 21 바이트, 클라이언트 ID: 2
[17:56:26.404] [DEBUG] 입력 패킷 수신 - 클라이언트 ID: 2, Forward: 0.000000, Right: 0.000000, Jump: false, Attack: false
[17:56:26.415] [DEBUG] 데이터 수신: 21 바이트, 클라이언트 ID: 1
[17:56:26.416] [DEBUG] 입력 패킷 수신 - 클라이언트 ID: 1, Forward: 0.000000, Right: 0.000000, Jump: false, Attack: false
[17:56:26.416] [DEBUG] 데이터 수신: 21 바이트, 클라이언트 ID: 2
[17:56:26.416] [DEBUG] 입력 패킷 수신 - 클라이언트 ID: 2, Forward: 0.000000, Right: 0.000000, Jump: false, Attack: false
[17:56:26.424] [DEBUG] 데이터 수신: 21 바이트, 클라이언트 ID: 1
[17:56:26.424] [DEBUG] 입력 패킷 수신 - 클라이언트 ID: 1, Forward: 0.000000, Right: 0.000000, Jump: false, Attack: false
[17:56:26.424] [DEBUG] 데이터 수신: 21 바이트, 클라이언트 ID: 2
[17:56:26.424] [DEBUG] 입력 패킷 수신 - 클라이언트 ID: 2, Forward: 0.000000, Right: 0.000000, Jump: false, Attack: false
[17:56:26.434] [DEBUG] 데이터 수신: 21 바이트, 클라이언트 ID: 1
[17:56:26.434] [DEBUG] 입력 패킷 수신 - 클라이언트 ID: 1, Forward: 0.000000, Right: 0.000000, Jump: false, Attack: false
[17:56:26.435] [DEBUG] 데이터 수신: 21 바이트, 클라이언트 ID: 2
[17:56:26.435] [DEBUG] 입력 패킷 수신 - 클라이언트 ID: 2, Forward: 0.000000, Right: 0.000000, Jump: false, Attack: false
[17:56:26.443] [DEBUG] 데이터 수신: 21 바이트, 클라이언트 ID: 1
[17:56:26.443] [DEBUG] 입력 패킷 수신 - 클라이언트 ID: 1, Forward: 0.000000, Right: 0.000000, Jump: false, Attack: false
[17:56:26.444] [DEBUG] 데이터 수신: 21 바이트, 클라이언트 ID: 2
[17:56:26.444] [DEBUG] 입력 패킷 수신 - 클라이언트 ID: 2, Forward: 0.000000, Right: 0.000000, Jump: false, Attack: false
[17:56:26.455] [DEBUG] 데이터 수신: 21 바이트, 클라이언트 ID: 1
[17:56:26.455] [DEBUG] 입력 패킷 수신 - 클라이언트 ID: 1, Forward: 0.000000, Right: 0.000000, Jump: false, Attack: false
[17:56:26.456] [DEBUG] 데이터 수신: 21 바이트, 클라이언트 ID: 2
[17:56:26.456] [DEBUG] 입력 패킷 수신 - 클라이언트 ID: 2, Forward: 0.000000, Right: 0.000000, Jump: false, Attack: false
[17:56:26.466] [DEBUG] 데이터 수신: 21 바이트, 클라이언트 ID: 1
[17:56:26.467] [DEBUG] 입력 패킷 수신 - 클라이언트 ID: 1, Forward: 0.000000, Right: 0.000000, Jump: false, Attack: false
[17:56:26.467] [DEBUG] 데이터 수신: 21 바이트, 클라이언트 ID: 2
[17:56:26.467] [DEBUG] 입력 패킷 수신 - 클라이언트 ID: 2, Forward: 0.000000, Right: 0.000000, Jump: false, Attack: false
[17:56:26.475] [DEBUG] 데이터 수신: 21 바이트, 클라이언트 ID: 1
[17:56:26.476] [DEBUG] 입력 패킷 수신 - 클라이언트 ID: 1, Forward: 0.000000, Right: 0.000000, Jump: false, Attack: false
[17:56:26.476] [DEBUG] 데이터 수신: 21 바이트, 클라이언트 ID: 2
[17:56:26.476] [DEBUG] 입력 패킷 수신 - 클라이언트 ID: 2, Forward: 0.000000, Right: 0.000000, Jump: false, Attack: false
[17:56:26.488] [DEBUG] 데이터 수신: 21 바이트, 클라이언트 ID: 1
[17:56:26.488] [DEBUG] 입력 패킷 수신 - 클라이언트 ID: 1, Forward: 0.000000, Right: 0.000000, Jump: false, Attack: false
[17:56:26.489] [DEBUG] 데이터 수신: 21 바이트, 클라이언트 ID: 2
[17:56:26.489] [DEBUG] 입력 패킷 수신 - 클라이언트 ID: 2, Forward: 0.000000, Right: 0.000000, Jump: false, Attack: false
[17:56:26.498] [DEBUG] 데이터 수신: 21 바이트, 클라이언트 ID: 1
[17:56:26.499] [DEBUG] 입력 패킷 수신 - 클라이언트 ID: 1, Forward: 0.000000, Right: 0.000000, Jump: false, Attack: false
[17:56:26.499] [DEBUG] 데이터 수신: 21 바이트, 클라이언트 ID: 2
[17:56:26.499] [DEBUG] 입력 패킷 수신 - 클라이언트 ID: 2, Forward: 0.000000, Right: 0.000000, Jump: false, Attack: false
[17:56:26.508] [DEBUG] 데이터 수신: 21 바이트, 클라이언트 ID: 1
[17:56:26.508] [DEBUG] 입력 패킷 수신 - 클라이언트 ID: 1, Forward: 0.000000, Right: 0.000000, Jump: false, Attack: false
[17:56:26.509] [DEBUG] 데이터 수신: 21 바이트, 클라이언트 ID: 2
[17:56:26.509] [DEBUG] 입력 패킷 수신 - 클라이언트 ID: 2, Forward: 0.000000, Right: 0.000000, Jump: false, Attack: false
[17:56:26.519] [DEBUG] 데이터 수신: 21 바이트, 클라이언트 ID: 1
[17:56:26.519] [DEBUG] 입력 패킷 수신 - 클라이언트 ID: 1, Forward: 0.000000, Right: 0.000000, Jump: false, Attack: false
[17:56:26.519] [DEBUG] 데이터 수신: 21 바이트, 클라이언트 ID: 2
[17:56:26.520] [DEBUG] 입력 패킷 수신 - 클라이언트 ID: 2, Forward: 0.000000, Right: 0.000000, Jump: false, Attack: false
[17:56:26.529] [DEBUG] 데이터 수신: 21 바이트, 클라이언트 ID: 1
[17:56:26.530] [DEBUG] 입력 패킷 수신 - 클라이언트 ID: 1, Forward: 0.000000, Right: 0.000000, Jump: false, Attack: false
[17:56:26.530] [DEBUG] 데이터 수신: 21 바이트, 클라이언트 ID: 2
[17:56:26.530] [DEBUG] 입력 패킷 수신 - 클라이언트 ID: 2, Forward: 0.000000, Right: 0.000000, Jump: false, Attack: false
[17:56:26.541] [DEBUG] 데이터 수신: 21 바이트, 클라이언트 ID: 1
[17:56:26.541] [DEBUG] 입력 패킷 수신 - 클라이언트 ID: 1, Forward: 0.000000, Right: 0.000000, Jump: false, Attack: false
[17:56:26.542] [DEBUG] 데이터 수신: 21 바이트, 클라이언트 ID: 2
[17:56:26.542] [DEBUG] 입력 패킷 수신 - 클라이언트 ID: 2, Forward: 0.000000, Right: 0.000000, Jump: false, Attack: false
[17:56:26.551] [DEBUG] 데이터 수신: 21 바이트, 클라이언트 ID: 1
[17:56:26.551] [DEBUG] 입력 패킷 수신 - 클라이언트 ID: 1, Forward: 0.000000, Right: 0.000000, Jump: false, Attack: false
[17:56:26.551] [DEBUG] 데이터 수신: 21 바이트, 클라이언트 ID: 2
[17:56:26.552] [DEBUG] 입력 패킷 수신 - 클라이언트 ID: 2, Forward: 0.000000, Right: 0.000000, Jump: false, Attack: false
[17:56:26.561] [DEBUG] 데이터 수신: 21 바이트, 클라이언트 ID: 1
[17:56:26.562] [DEBUG] 입력 패킷 수신 - 클라이언트 ID: 1, Forward: 0.000000, Right: 0.000000, Jump: false, Attack: false
[17:56:26.562] [DEBUG] 데이터 수신: 21 바이트, 클라이언트 ID: 2
[17:56:26.562] [DEBUG] 입력 패킷 수신 - 클라이언트 ID: 2, Forward: 0.000000, Right: 0.000000, Jump: false, Attack: false
[17:56:26.571] [DEBUG] 데이터 수신: 21 바이트, 클라이언트 ID: 1
[17:56:26.571] [DEBUG] 입력 패킷 수신 - 클라이언트 ID: 1, Forward: 0.000000, Right: 0.000000, Jump: false, Attack: false
[17:56:26.572] [DEBUG] 데이터 수신: 21 바이트, 클라이언트 ID: 2
[17:56:26.572] [DEBUG] 입력 패킷 수신 - 클라이언트 ID: 2, Forward: 0.000000, Right: 0.000000, Jump: false, Attack: false
[17:56:26.583] [DEBUG] 데이터 수신: 21 바이트, 클라이언트 ID: 1
[17:56:26.583] [DEBUG] 입력 패킷 수신 - 클라이언트 ID: 1, Forward: 0.000000, Right: 0.000000, Jump: false, Attack: false
[17:56:26.584] [DEBUG] 데이터 수신: 21 바이트, 클라이언트 ID: 2
[17:56:26.584] [DEBUG] 입력 패킷 수신 - 클라이언트 ID: 2, Forward: 0.000000, Right: 0.000000, Jump: false, Attack: false
[17:56:26.593] [DEBUG] 데이터 수신: 21 바이트, 클라이언트 ID: 1
[17:56:26.593] [DEBUG] 입력 패킷 수신 - 클라이언트 ID: 1, Forward: 0.000000, Right: 0.000000, Jump: false, Attack: false
[17:56:26.594] [DEBUG] 데이터 수신: 21 바이트, 클라이언트 ID: 2
[17:56:26.594] [DEBUG] 입력 패킷 수신 - 클라이언트 ID: 2, Forward: 0.000000, Right: 0.000000, Jump: false, Attack: false
[17:56:26.605] [DEBUG] 데이터 수신: 21 바이트, 클라이언트 ID: 1
[17:56:26.605] [DEBUG] 입력 패킷 수신 - 클라이언트 ID: 1, Forward: 0.000000, Right: 0.000000, Jump: false, Attack: false
[17:56:26.605] [DEBUG] 데이터 수신: 21 바이트, 클라이언트 ID: 2
[17:56:26.605] [DEBUG] 입력 패킷 수신 - 클라이언트 ID: 2, Forward: 0.000000, Right: 0.000000, Jump: false, Attack: false
[17:56:26.617] [DEBUG] 데이터 수신: 21 바이트, 클라이언트 ID: 1
[17:56:26.617] [DEBUG] 입력 패킷 수신 - 클라이언트 ID: 1, Forward: 0.000000, Right: 0.000000, Jump: false, Attack: false
[17:56:26.617] [DEBUG] 데이터 수신: 21 바이트, 클라이언트 ID: 2
[17:56:26.618] [DEBUG] 입력 패킷 수신 - 클라이언트 ID: 2, Forward: 0.000000, Right: 0.000000, Jump: false, Attack: false
[17:56:26.632] [DEBUG] 데이터 수신: 21 바이트, 클라이언트 ID: 1
[17:56:26.632] [DEBUG] 입력 패킷 수신 - 클라이언트 ID: 1, Forward: 0.000000, Right: 0.000000, Jump: false, Attack: false
[17:56:26.633] [DEBUG] 데이터 수신: 21 바이트, 클라이언트 ID: 2
[17:56:26.634] [DEBUG] 입력 패킷 수신 - 클라이언트 ID: 2, Forward: 0.000000, Right: 0.000000, Jump: false, Attack: false
[17:56:26.644] [DEBUG] 데이터 수신: 21 바이트, 클라이언트 ID: 1
[17:56:26.644] [DEBUG] 입력 패킷 수신 - 클라이언트 ID: 1, Forward: 0.000000, Right: 0.000000, Jump: false, Attack: false
[17:56:26.644] [DEBUG] 데이터 수신: 21 바이트, 클라이언트 ID: 2
[17:56:26.644] [DEBUG] 입력 패킷 수신 - 클라이언트 ID: 2, Forward: 0.000000, Right: 0.000000, Jump: false, Attack: false
[17:56:26.656] [DEBUG] 데이터 수신: 21 바이트, 클라이언트 ID: 1
[17:56:26.656] [DEBUG] 입력 패킷 수신 - 클라이언트 ID: 1, Forward: 0.000000, Right: 0.000000, Jump: false, Attack: false
[17:56:26.658] [DEBUG] 데이터 수신: 21 바이트, 클라이언트 ID: 2
[17:56:26.658] [DEBUG] 입력 패킷 수신 - 클라이언트 ID: 2, Forward: 0.000000, Right: 0.000000, Jump: false, Attack: false
[17:56:26.990] [DEBUG] 데이터 수신: 11 바이트, 클라이언트 ID: 1
[17:56:26.990] [DEBUG] [서버] PingPacket 수신 - ClientId: 1
[17:56:26.990] [DEBUG] 데이터 수신: 21 바이트, 클라이언트 ID: 1
[17:56:26.991] [DEBUG] 데이터 수신: 11 바이트, 클라이언트 ID: 2
[17:56:26.991] [DEBUG] 입력 패킷 수신 - 클라이언트 ID: 1, Forward: 0.000000, Right: 0.000000, Jump: false, Attack: false
[17:56:26.991] [DEBUG] [서버] PingPacket 수신 - ClientId: 2
[17:56:26.991] [DEBUG] 데이터 수신: 21 바이트, 클라이언트 ID: 2
[17:56:26.992] [DEBUG] 입력 패킷 수신 - 클라이언트 ID: 2, Forward: 0.000000, Right: 0.000000, Jump: false, Attack: false
[17:56:27.323] [DEBUG] 데이터 수신: 21 바이트, 클라이언트 ID: 1
[17:56:27.323] [DEBUG] 입력 패킷 수신 - 클라이언트 ID: 1, Forward: 0.000000, Right: 0.000000, Jump: false, Attack: false
[17:56:27.324] [DEBUG] 데이터 수신: 21 바이트, 클라이언트 ID: 2
[17:56:27.324] [DEBUG] 입력 패킷 수신 - 클라이언트 ID: 2, Forward: 0.000000, Right: 0.000000, Jump: false, Attack: false
[17:56:27.657] [DEBUG] 데이터 수신: 21 바이트, 클라이언트 ID: 1
[17:56:27.657] [DEBUG] 입력 패킷 수신 - 클라이언트 ID: 1, Forward: 0.000000, Right: 0.000000, Jump: false, Attack: false
[17:56:27.657] [DEBUG] 데이터 수신: 21 바이트, 클라이언트 ID: 2
[17:56:27.657] [DEBUG] 입력 패킷 수신 - 클라이언트 ID: 2, Forward: 0.000000, Right: 0.000000, Jump: false, Attack: false
[17:56:27.990] [DEBUG] 데이터 수신: 11 바이트, 클라이언트 ID: 1
[17:56:27.990] [DEBUG] [서버] PingPacket 수신 - ClientId: 1
[17:56:27.991] [DEBUG] 데이터 수신: 21 바이트, 클라이언트 ID: 1
[17:56:27.991] [DEBUG] 데이터 수신: 11 바이트, 클라이언트 ID: 2
[17:56:27.991] [DEBUG] 입력 패킷 수신 - 클라이언트 ID: 1, Forward: 0.000000, Right: 0.000000, Jump: false, Attack: false
[17:56:27.991] [DEBUG] [서버] PingPacket 수신 - ClientId: 2
[17:56:27.992] [DEBUG] 데이터 수신: 21 바이트, 클라이언트 ID: 2
[17:56:27.992] [DEBUG] 입력 패킷 수신 - 클라이언트 ID: 2, Forward: 0.000000, Right: 0.000000, Jump: false, Attack: false
[17:56:28.324] [DEBUG] 데이터 수신: 21 바이트, 클라이언트 ID: 1
[17:56:28.324] [DEBUG] 입력 패킷 수신 - 클라이언트 ID: 1, Forward: 0.000000, Right: 0.000000, Jump: false, Attack: false
[17:56:28.324] [DEBUG] 데이터 수신: 21 바이트, 클라이언트 ID: 2
[17:56:28.324] [DEBUG] 입력 패킷 수신 - 클라이언트 ID: 2, Forward: 0.000000, Right: 0.000000, Jump: false, Attack: false
[17:56:28.657] [DEBUG] 데이터 수신: 21 바이트, 클라이언트 ID: 1
[17:56:28.657] [DEBUG] 입력 패킷 수신 - 클라이언트 ID: 1, Forward: 0.000000, Right: 0.000000, Jump: false, Attack: false
[17:56:28.658] [DEBUG] 데이터 수신: 21 바이트, 클라이언트 ID: 2
[17:56:28.658] [DEBUG] 입력 패킷 수신 - 클라이언트 ID: 2, Forward: 0.000000, Right: 0.000000, Jump: false, Attack: false
[17:56:28.991] [DEBUG] 데이터 수신: 11 바이트, 클라이언트 ID: 1
[17:56:28.991] [DEBUG] [서버] PingPacket 수신 - ClientId: 1
[17:56:28.991] [DEBUG] 데이터 수신: 21 바이트, 클라이언트 ID: 1
[17:56:28.991] [DEBUG] 데이터 수신: 11 바이트, 클라이언트 ID: 2
[17:56:28.992] [DEBUG] 입력 패킷 수신 - 클라이언트 ID: 1, Forward: 0.000000, Right: 0.000000, Jump: false, Attack: false
[17:56:28.992] [DEBUG] [서버] PingPacket 수신 - ClientId: 2
[17:56:28.992] [DEBUG] 데이터 수신: 21 바이트, 클라이언트 ID: 2
[17:56:28.992] [DEBUG] 입력 패킷 수신 - 클라이언트 ID: 2, Forward: 0.000000, Right: 0.000000, Jump: false, Attack: false
[17:56:29.002] [DEBUG] 데이터 수신: 21 바이트, 클라이언트 ID: 1
[17:56:29.002] [DEBUG] 입력 패킷 수신 - 클라이언트 ID: 1, Forward: 0.000000, Right: 0.000000, Jump: false, Attack: false
[17:56:29.003] [DEBUG] 데이터 수신: 21 바이트, 클라이언트 ID: 2
[17:56:29.003] [DEBUG] 입력 패킷 수신 - 클라이언트 ID: 2, Forward: 0.000000, Right: 0.000000, Jump: false, Attack: false
[17:56:29.010] [DEBUG] 데이터 수신: 21 바이트, 클라이언트 ID: 1
[17:56:29.010] [DEBUG] 입력 패킷 수신 - 클라이언트 ID: 1, Forward: 0.000000, Right: 0.000000, Jump: false, Attack: false
[17:56:29.011] [DEBUG] 데이터 수신: 21 바이트, 클라이언트 ID: 2
[17:56:29.011] [DEBUG] 입력 패킷 수신 - 클라이언트 ID: 2, Forward: 0.000000, Right: 0.000000, Jump: false, Attack: false
[17:56:29.018] [DEBUG] 데이터 수신: 21 바이트, 클라이언트 ID: 1
[17:56:29.019] [DEBUG] 입력 패킷 수신 - 클라이언트 ID: 1, Forward: 0.000000, Right: 0.000000, Jump: false, Attack: false
[17:56:29.019] [DEBUG] 데이터 수신: 21 바이트, 클라이언트 ID: 2
[17:56:29.019] [DEBUG] 입력 패킷 수신 - 클라이언트 ID: 2, Forward: 0.000000, Right: 0.000000, Jump: false, Attack: false
[17:56:29.028] [DEBUG] 데이터 수신: 21 바이트, 클라이언트 ID: 1
[17:56:29.028] [DEBUG] 입력 패킷 수신 - 클라이언트 ID: 1, Forward: 0.000000, Right: 0.000000, Jump: false, Attack: false
[17:56:29.029] [DEBUG] 데이터 수신: 21 바이트, 클라이언트 ID: 2
[17:56:29.030] [DEBUG] 입력 패킷 수신 - 클라이언트 ID: 2, Forward: 0.000000, Right: 0.000000, Jump: false, Attack: false
[17:56:29.048] [DEBUG] 데이터 수신: 21 바이트, 클라이언트 ID: 1
[17:56:29.048] [DEBUG] 입력 패킷 수신 - 클라이언트 ID: 1, Forward: 0.000000, Right: 0.000000, Jump: false, Attack: false
[17:56:29.049] [DEBUG] 데이터 수신: 21 바이트, 클라이언트 ID: 2
[17:56:29.049] [DEBUG] 입력 패킷 수신 - 클라이언트 ID: 2, Forward: 0.000000, Right: 0.000000, Jump: false, Attack: false
[17:56:29.057] [DEBUG] 데이터 수신: 21 바이트, 클라이언트 ID: 1
[17:56:29.057] [DEBUG] 입력 패킷 수신 - 클라이언트 ID: 1, Forward: 0.000000, Right: 0.000000, Jump: false, Attack: false
[17:56:29.058] [DEBUG] 데이터 수신: 21 바이트, 클라이언트 ID: 2
[17:56:29.058] [DEBUG] 입력 패킷 수신 - 클라이언트 ID: 2, Forward: 0.000000, Right: 0.000000, Jump: false, Attack: false
[17:56:29.067] [DEBUG] 데이터 수신: 21 바이트, 클라이언트 ID: 1
[17:56:29.068] [DEBUG] 입력 패킷 수신 - 클라이언트 ID: 1, Forward: 0.000000, Right: 0.000000, Jump: false, Attack: false
[17:56:29.068] [DEBUG] 데이터 수신: 21 바이트, 클라이언트 ID: 2
[17:56:29.068] [DEBUG] 입력 패킷 수신 - 클라이언트 ID: 2, Forward: 0.000000, Right: 0.000000, Jump: false, Attack: false
[17:56:29.079] [DEBUG] 데이터 수신: 21 바이트, 클라이언트 ID: 1
[17:56:29.079] [DEBUG] 입력 패킷 수신 - 클라이언트 ID: 1, Forward: 0.000000, Right: 0.000000, Jump: false, Attack: false
[17:56:29.080] [DEBUG] 데이터 수신: 21 바이트, 클라이언트 ID: 2
[17:56:29.080] [DEBUG] 입력 패킷 수신 - 클라이언트 ID: 2, Forward: 0.000000, Right: 0.000000, Jump: false, Attack: false
[17:56:29.091] [DEBUG] 데이터 수신: 21 바이트, 클라이언트 ID: 1
[17:56:29.092] [DEBUG] 입력 패킷 수신 - 클라이언트 ID: 1, Forward: 0.000000, Right: 0.000000, Jump: false, Attack: false
[17:56:29.092] [DEBUG] 데이터 수신: 21 바이트, 클라이언트 ID: 2
[17:56:29.092] [DEBUG] 입력 패킷 수신 - 클라이언트 ID: 2, Forward: 0.000000, Right: 0.000000, Jump: false, Attack: false
[17:56:29.103] [DEBUG] 데이터 수신: 21 바이트, 클라이언트 ID: 1
[17:56:29.103] [DEBUG] 입력 패킷 수신 - 클라이언트 ID: 1, Forward: 0.000000, Right: 0.000000, Jump: false, Attack: false
[17:56:29.104] [DEBUG] 데이터 수신: 21 바이트, 클라이언트 ID: 2
[17:56:29.104] [DEBUG] 입력 패킷 수신 - 클라이언트 ID: 2, Forward: 0.000000, Right: 0.000000, Jump: false, Attack: false
[17:56:29.116] [DEBUG] 데이터 수신: 21 바이트, 클라이언트 ID: 1
[17:56:29.117] [DEBUG] 입력 패킷 수신 - 클라이언트 ID: 1, Forward: 0.000000, Right: 0.000000, Jump: false, Attack: false
[17:56:29.117] [DEBUG] 데이터 수신: 21 바이트, 클라이언트 ID: 2
[17:56:29.117] [DEBUG] 입력 패킷 수신 - 클라이언트 ID: 2, Forward: 0.000000, Right: 0.000000, Jump: false, Attack: false
[17:56:29.127] [DEBUG] 데이터 수신: 21 바이트, 클라이언트 ID: 1
[17:56:29.127] [DEBUG] 입력 패킷 수신 - 클라이언트 ID: 1, Forward: 0.000000, Right: 0.000000, Jump: false, Attack: false
[17:56:29.127] [DEBUG] 데이터 수신: 21 바이트, 클라이언트 ID: 2
[17:56:29.127] [DEBUG] 입력 패킷 수신 - 클라이언트 ID: 2, Forward: 0.000000, Right: 0.000000, Jump: false, Attack: false
[17:56:29.138] [DEBUG] 데이터 수신: 21 바이트, 클라이언트 ID: 1
[17:56:29.139] [DEBUG] 입력 패킷 수신 - 클라이언트 ID: 1, Forward: 0.000000, Right: 0.000000, Jump: false, Attack: false
[17:56:29.139] [DEBUG] 데이터 수신: 21 바이트, 클라이언트 ID: 2
[17:56:29.139] [DEBUG] 입력 패킷 수신 - 클라이언트 ID: 2, Forward: 0.000000, Right: 0.000000, Jump: false, Attack: false
[17:56:29.151] [DEBUG] 데이터 수신: 21 바이트, 클라이언트 ID: 1
[17:56:29.151] [DEBUG] 입력 패킷 수신 - 클라이언트 ID: 1, Forward: 0.000000, Right: 0.000000, Jump: false, Attack: false
[17:56:29.151] [DEBUG] 데이터 수신: 21 바이트, 클라이언트 ID: 2
[17:56:29.152] [DEBUG] 입력 패킷 수신 - 클라이언트 ID: 2, Forward: 0.000000, Right: 0.000000, Jump: false, Attack: false
[17:56:29.162] [DEBUG] 데이터 수신: 21 바이트, 클라이언트 ID: 1
[17:56:29.162] [DEBUG] 입력 패킷 수신 - 클라이언트 ID: 1, Forward: 0.000000, Right: 0.000000, Jump: false, Attack: false
[17:56:29.163] [DEBUG] 데이터 수신: 21 바이트, 클라이언트 ID: 2
[17:56:29.163] [DEBUG] 입력 패킷 수신 - 클라이언트 ID: 2, Forward: 0.000000, Right: 0.000000, Jump: false, Attack: false
[17:56:29.174] [DEBUG] 데이터 수신: 21 바이트, 클라이언트 ID: 1
[17:56:29.174] [DEBUG] 입력 패킷 수신 - 클라이언트 ID: 1, Forward: 0.000000, Right: 0.000000, Jump: false, Attack: false
[17:56:29.175] [DEBUG] 데이터 수신: 21 바이트, 클라이언트 ID: 2
[17:56:29.175] [DEBUG] 입력 패킷 수신 - 클라이언트 ID: 2, Forward: 0.000000, Right: 0.000000, Jump: false, Attack: false
[17:56:29.186] [DEBUG] 데이터 수신: 21 바이트, 클라이언트 ID: 1
[17:56:29.186] [DEBUG] 입력 패킷 수신 - 클라이언트 ID: 1, Forward: 0.000000, Right: 0.000000, Jump: false, Attack: false
[17:56:29.186] [DEBUG] 데이터 수신: 21 바이트, 클라이언트 ID: 2
[17:56:29.186] [DEBUG] 입력 패킷 수신 - 클라이언트 ID: 2, Forward: 0.000000, Right: 0.000000, Jump: false, Attack: false
[17:56:29.197] [DEBUG] 데이터 수신: 21 바이트, 클라이언트 ID: 1
[17:56:29.198] [DEBUG] 입력 패킷 수신 - 클라이언트 ID: 1, Forward: 0.000000, Right: 0.000000, Jump: false, Attack: false
[17:56:29.198] [DEBUG] 데이터 수신: 21 바이트, 클라이언트 ID: 2
[17:56:29.198] [DEBUG] 입력 패킷 수신 - 클라이언트 ID: 2, Forward: 0.000000, Right: 0.000000, Jump: false, Attack: false
[17:56:29.209] [DEBUG] 데이터 수신: 21 바이트, 클라이언트 ID: 1
[17:56:29.209] [DEBUG] 입력 패킷 수신 - 클라이언트 ID: 1, Forward: 0.000000, Right: 0.000000, Jump: false, Attack: false
[17:56:29.210] [DEBUG] 데이터 수신: 21 바이트, 클라이언트 ID: 2
[17:56:29.210] [DEBUG] 입력 패킷 수신 - 클라이언트 ID: 2, Forward: 0.000000, Right: 0.000000, Jump: false, Attack: false
[17:56:29.227] [DEBUG] 데이터 수신: 21 바이트, 클라이언트 ID: 1
[17:56:29.228] [DEBUG] 입력 패킷 수신 - 클라이언트 ID: 1, Forward: 0.000000, Right: 0.000000, Jump: false, Attack: false
[17:56:29.228] [DEBUG] 데이터 수신: 21 바이트, 클라이언트 ID: 2
[17:56:29.228] [DEBUG] 입력 패킷 수신 - 클라이언트 ID: 2, Forward: 0.000000, Right: 0.000000, Jump: false, Attack: false
[17:56:29.236] [DEBUG] 데이터 수신: 21 바이트, 클라이언트 ID: 1
[17:56:29.236] [DEBUG] 입력 패킷 수신 - 클라이언트 ID: 1, Forward: 0.000000, Right: 0.000000, Jump: false, Attack: false
[17:56:29.237] [DEBUG] 데이터 수신: 21 바이트, 클라이언트 ID: 2
[17:56:29.237] [DEBUG] 입력 패킷 수신 - 클라이언트 ID: 2, Forward: 0.000000, Right: 0.000000, Jump: false, Attack: false
[17:56:29.247] [DEBUG] 데이터 수신: 21 바이트, 클라이언트 ID: 1
[17:56:29.248] [DEBUG] 입력 패킷 수신 - 클라이언트 ID: 1, Forward: 0.000000, Right: 0.000000, Jump: false, Attack: false
[17:56:29.248] [DEBUG] 데이터 수신: 21 바이트, 클라이언트 ID: 2
[17:56:29.248] [DEBUG] 입력 패킷 수신 - 클라이언트 ID: 2, Forward: 0.000000, Right: 0.000000, Jump: false, Attack: false
[17:56:29.259] [DEBUG] 데이터 수신: 21 바이트, 클라이언트 ID: 1
[17:56:29.259] [DEBUG] 입력 패킷 수신 - 클라이언트 ID: 1, Forward: 0.000000, Right: 0.000000, Jump: false, Attack: false
[17:56:29.259] [DEBUG] 데이터 수신: 21 바이트, 클라이언트 ID: 2
[17:56:29.260] [DEBUG] 입력 패킷 수신 - 클라이언트 ID: 2, Forward: 0.000000, Right: 0.000000, Jump: false, Attack: false
[17:56:29.270] [DEBUG] 데이터 수신: 21 바이트, 클라이언트 ID: 1
[17:56:29.271] [DEBUG] 입력 패킷 수신 - 클라이언트 ID: 1, Forward: 0.000000, Right: 0.000000, Jump: false, Attack: false
[17:56:29.271] [DEBUG] 데이터 수신: 21 바이트, 클라이언트 ID: 2
[17:56:29.271] [DEBUG] 입력 패킷 수신 - 클라이언트 ID: 2, Forward: 0.000000, Right: 0.000000, Jump: false, Attack: false
[17:56:29.283] [DEBUG] 데이터 수신: 21 바이트, 클라이언트 ID: 1
[17:56:29.283] [DEBUG] 입력 패킷 수신 - 클라이언트 ID: 1, Forward: 0.000000, Right: 0.000000, Jump: false, Attack: false
[17:56:29.283] [DEBUG] 데이터 수신: 21 바이트, 클라이언트 ID: 2
[17:56:29.284] [DEBUG] 입력 패킷 수신 - 클라이언트 ID: 2, Forward: 0.000000, Right: 0.000000, Jump: false, Attack: false
[17:56:29.293] [DEBUG] 데이터 수신: 21 바이트, 클라이언트 ID: 1
[17:56:29.294] [DEBUG] 입력 패킷 수신 - 클라이언트 ID: 1, Forward: 0.000000, Right: 0.000000, Jump: false, Attack: false
[17:56:29.294] [DEBUG] 데이터 수신: 21 바이트, 클라이언트 ID: 2
[17:56:29.294] [DEBUG] 입력 패킷 수신 - 클라이언트 ID: 2, Forward: 0.000000, Right: 0.000000, Jump: false, Attack: false
[17:56:29.303] [DEBUG] 데이터 수신: 21 바이트, 클라이언트 ID: 1
[17:56:29.304] [DEBUG] 입력 패킷 수신 - 클라이언트 ID: 1, Forward: 0.000000, Right: 0.000000, Jump: false, Attack: false
[17:56:29.304] [DEBUG] 데이터 수신: 21 바이트, 클라이언트 ID: 2
[17:56:29.304] [DEBUG] 입력 패킷 수신 - 클라이언트 ID: 2, Forward: 0.000000, Right: 0.000000, Jump: false, Attack: false
[17:56:29.316] [DEBUG] 데이터 수신: 21 바이트, 클라이언트 ID: 1
[17:56:29.316] [DEBUG] 입력 패킷 수신 - 클라이언트 ID: 1, Forward: 0.000000, Right: 0.000000, Jump: false, Attack: false
[17:56:29.316] [DEBUG] 데이터 수신: 21 바이트, 클라이언트 ID: 2
[17:56:29.317] [DEBUG] 입력 패킷 수신 - 클라이언트 ID: 2, Forward: 0.000000, Right: 0.000000, Jump: false, Attack: false
[17:56:29.326] [DEBUG] 데이터 수신: 21 바이트, 클라이언트 ID: 1
[17:56:29.326] [DEBUG] 입력 패킷 수신 - 클라이언트 ID: 1, Forward: 0.000000, Right: 0.000000, Jump: false, Attack: false
[17:56:29.327] [DEBUG] 데이터 수신: 21 바이트, 클라이언트 ID: 2
[17:56:29.327] [DEBUG] 입력 패킷 수신 - 클라이언트 ID: 2, Forward: 0.000000, Right: 0.000000, Jump: false, Attack: false
[17:56:29.336] [DEBUG] 데이터 수신: 21 바이트, 클라이언트 ID: 1
[17:56:29.336] [DEBUG] 입력 패킷 수신 - 클라이언트 ID: 1, Forward: 0.000000, Right: 0.000000, Jump: false, Attack: false
[17:56:29.337] [DEBUG] 데이터 수신: 21 바이트, 클라이언트 ID: 2
[17:56:29.337] [DEBUG] 입력 패킷 수신 - 클라이언트 ID: 2, Forward: 0.000000, Right: 0.000000, Jump: false, Attack: false
[17:56:29.347] [DEBUG] 데이터 수신: 21 바이트, 클라이언트 ID: 1
[17:56:29.347] [DEBUG] 입력 패킷 수신 - 클라이언트 ID: 1, Forward: 0.000000, Right: 0.000000, Jump: false, Attack: false
[17:56:29.348] [DEBUG] 데이터 수신: 21 바이트, 클라이언트 ID: 2
[17:56:29.348] [DEBUG] 입력 패킷 수신 - 클라이언트 ID: 2, Forward: 0.000000, Right: 0.000000, Jump: false, Attack: false
[17:56:29.358] [DEBUG] 데이터 수신: 21 바이트, 클라이언트 ID: 1
[17:56:29.359] [DEBUG] 입력 패킷 수신 - 클라이언트 ID: 1, Forward: 0.000000, Right: 0.000000, Jump: false, Attack: false
[17:56:29.359] [DEBUG] 데이터 수신: 21 바이트, 클라이언트 ID: 2
[17:56:29.359] [DEBUG] 입력 패킷 수신 - 클라이언트 ID: 2, Forward: 0.000000, Right: 0.000000, Jump: false, Attack: false
[17:56:29.369] [DEBUG] 데이터 수신: 21 바이트, 클라이언트 ID: 1
[17:56:29.369] [DEBUG] 입력 패킷 수신 - 클라이언트 ID: 1, Forward: 0.000000, Right: 0.000000, Jump: false, Attack: false
[17:56:29.370] [DEBUG] 데이터 수신: 21 바이트, 클라이언트 ID: 2
[17:56:29.370] [DEBUG] 입력 패킷 수신 - 클라이언트 ID: 2, Forward: 0.000000, Right: 0.000000, Jump: false, Attack: false
