[17:55:35.094] [INFO] 로깅 시스템 초기화됨
[17:55:35.095] [INFO] 서버 인스턴스 생성됨
[17:55:35.095] [INFO] 서버 초기화 시작 (포트: 9000)
[17:55:35.096] [INFO] 윈속 초기화 성공
[17:55:35.096] [INFO] 리스닝 소켓 생성 성공
[17:55:35.097] [INFO] 소켓 바인딩 성공 (포트: 9000)
[17:55:35.097] [INFO] 리스닝 시작됨
[17:55:35.097] [INFO] IOCP 생성 성공
[17:55:35.097] [INFO] CPU 코어 수: 16, 생성할 작업자 스레드: 16
[17:55:35.097] [INFO] 작업자 스레드 #1 생성됨
[17:55:35.098] [INFO] 작업자 스레드 시작 (ThreadID: 20456)
[17:55:35.098] [INFO] 작업자 스레드 #2 생성됨
[17:55:35.098] [INFO] 작업자 스레드 시작 (ThreadID: 12172)
[17:55:35.098] [INFO] 작업자 스레드 #3 생성됨
[17:55:35.098] [INFO] 작업자 스레드 시작 (ThreadID: 27504)
[17:55:35.099] [INFO] 작업자 스레드 #4 생성됨
[17:55:35.099] [INFO] 작업자 스레드 시작 (ThreadID: 25748)
[17:55:35.099] [INFO] 작업자 스레드 #5 생성됨
[17:55:35.099] [INFO] 작업자 스레드 시작 (ThreadID: 34072)
[17:55:35.099] [INFO] 작업자 스레드 #6 생성됨
[17:55:35.099] [INFO] 작업자 스레드 시작 (ThreadID: 5576)
[17:55:35.100] [INFO] 작업자 스레드 #7 생성됨
[17:55:35.100] [INFO] 작업자 스레드 시작 (ThreadID: 31964)
[17:55:35.100] [INFO] 작업자 스레드 #8 생성됨
[17:55:35.100] [INFO] 작업자 스레드 시작 (ThreadID: 33036)
[17:55:35.100] [INFO] 작업자 스레드 #9 생성됨
[17:55:35.100] [INFO] 작업자 스레드 시작 (ThreadID: 33216)
[17:55:35.101] [INFO] 작업자 스레드 #10 생성됨
[17:55:35.101] [INFO] 작업자 스레드 시작 (ThreadID: 29264)
[17:55:35.101] [INFO] 작업자 스레드 #11 생성됨
[17:55:35.101] [INFO] 작업자 스레드 시작 (ThreadID: 26796)
[17:55:35.101] [INFO] 작업자 스레드 #12 생성됨
[17:55:35.102] [INFO] 작업자 스레드 시작 (ThreadID: 27880)
[17:55:35.102] [INFO] 작업자 스레드 #13 생성됨
[17:55:35.102] [INFO] 작업자 스레드 시작 (ThreadID: 10312)
[17:55:35.102] [INFO] 작업자 스레드 #14 생성됨
[17:55:35.102] [INFO] 작업자 스레드 시작 (ThreadID: 28096)
[17:55:35.102] [INFO] 작업자 스레드 #15 생성됨
[17:55:35.102] [INFO] 작업자 스레드 시작 (ThreadID: 19940)
[17:55:35.103] [INFO] 작업자 스레드 #16 생성됨
[17:55:35.103] [INFO] 작업자 스레드 시작 (ThreadID: 31856)
[17:55:35.103] [INFO] 서버 초기화 완료
[17:55:35.103] [INFO] 서버 실행. 포트 번호: 9000
[17:55:35.103] [INFO] IOCP 멀티플레이어 서버 시작됨...
[17:55:35.103] [INFO] 서버 실행 시작
[17:55:38.252] [INFO] 클라이언트 연결됨: 127.0.0.1:10229 (ID: 1)
[17:55:38.252] [INFO] 새 클라이언트에게 ID 1 전송됨
[17:55:38.252] [INFO] 새 플레이어 정보(ID: 1) 브로드캐스트 - 수신자 수: 0
[17:55:38.253] [INFO] 새 클라이언트에게 ID 1 전송됨, 초기 위치: X=0.000000, Y=0.000000, Z=90.000000
[17:55:38.253] [INFO] 기존 플레이어 정보 0개가 새 클라이언트(ID: 1)에게 전송됨
[17:55:38.253] [INFO] 서버 FPS: 0.633714, 평균 프레임 시간: 315.600006ms, 클라이언트 수: 1
[17:55:38.253] [INFO] 클라이언트 연결됨: 127.0.0.1:10230 (ID: 2)
[17:55:38.254] [INFO] 새 클라이언트에게 ID 2 전송됨
[17:55:38.254] [INFO] 새 플레이어 정보(ID: 2) 브로드캐스트 - 수신자 수: 1
[17:55:38.254] [INFO] 새 클라이언트에게 ID 2 전송됨, 초기 위치: X=300.000000, Y=0.000000, Z=90.000000
[17:55:38.254] [INFO] 기존 플레이어 정보 1개가 새 클라이언트(ID: 2)에게 전송됨
[17:55:38.254] [WARNING] 비정상적으로 긴 델타 타임: 3.156000초
[17:55:39.255] [INFO] [서버] PingPacket 수신 - ClientId: 1
[17:55:39.256] [INFO] [서버] PingPacket 수신 - ClientId: 2
[17:55:40.261] [INFO] [서버] PingPacket 수신 - ClientId: 1
[17:55:40.262] [INFO] [서버] PingPacket 수신 - ClientId: 2
[17:55:41.267] [INFO] [서버] PingPacket 수신 - ClientId: 1
[17:55:41.268] [INFO] [서버] PingPacket 수신 - ClientId: 2
