[22:01:27.344] [INFO] 로깅 시스템 초기화됨
[22:01:27.344] [INFO] 서버 인스턴스 생성됨
[22:01:27.345] [INFO] 서버 초기화 시작 (포트: 9000)
[22:01:27.346] [INFO] 윈속 초기화 성공
[22:01:27.346] [INFO] 리스닝 소켓 생성 성공
[22:01:27.346] [INFO] 소켓 바인딩 성공 (포트: 9000)
[22:01:27.347] [INFO] 리스닝 시작됨
[22:01:27.347] [INFO] IOCP 생성 성공
[22:01:27.347] [INFO] CPU 코어 수: 16, 생성할 작업자 스레드: 16
[22:01:27.347] [INFO] 작업자 스레드 #1 생성됨
[22:01:27.347] [INFO] 작업자 스레드 시작 (ThreadID: 29812)
[22:01:27.347] [INFO] 작업자 스레드 #2 생성됨
[22:01:27.348] [INFO] 작업자 스레드 시작 (ThreadID: 29508)
[22:01:27.356] [INFO] 작업자 스레드 #3 생성됨
[22:01:27.356] [INFO] 작업자 스레드 시작 (ThreadID: 6148)
[22:01:27.356] [INFO] 작업자 스레드 #4 생성됨
[22:01:27.357] [INFO] 작업자 스레드 시작 (ThreadID: 34792)
[22:01:27.357] [INFO] 작업자 스레드 #5 생성됨
[22:01:27.357] [INFO] 작업자 스레드 시작 (ThreadID: 23572)
[22:01:27.357] [INFO] 작업자 스레드 #6 생성됨
[22:01:27.357] [INFO] 작업자 스레드 시작 (ThreadID: 32688)
[22:01:27.358] [INFO] 작업자 스레드 #7 생성됨
[22:01:27.358] [INFO] 작업자 스레드 시작 (ThreadID: 30964)
[22:01:27.358] [INFO] 작업자 스레드 #8 생성됨
[22:01:27.358] [INFO] 작업자 스레드 시작 (ThreadID: 28712)
[22:01:27.358] [INFO] 작업자 스레드 #9 생성됨
[22:01:27.359] [INFO] 작업자 스레드 시작 (ThreadID: 22560)
[22:01:27.359] [INFO] 작업자 스레드 #10 생성됨
[22:01:27.359] [INFO] 작업자 스레드 시작 (ThreadID: 9384)
[22:01:27.359] [INFO] 작업자 스레드 #11 생성됨
[22:01:27.359] [INFO] 작업자 스레드 시작 (ThreadID: 29556)
[22:01:27.360] [INFO] 작업자 스레드 #12 생성됨
[22:01:27.360] [INFO] 작업자 스레드 시작 (ThreadID: 29320)
[22:01:27.360] [INFO] 작업자 스레드 #13 생성됨
[22:01:27.360] [INFO] 작업자 스레드 시작 (ThreadID: 15016)
[22:01:27.360] [INFO] 작업자 스레드 #14 생성됨
[22:01:27.360] [INFO] 작업자 스레드 시작 (ThreadID: 34468)
[22:01:27.361] [INFO] 작업자 스레드 #15 생성됨
[22:01:27.361] [INFO] 작업자 스레드 시작 (ThreadID: 29632)
[22:01:27.361] [INFO] 작업자 스레드 #16 생성됨
[22:01:27.361] [INFO] 작업자 스레드 시작 (ThreadID: 26256)
[22:01:27.361] [INFO] 서버 초기화 완료
[22:01:27.361] [INFO] 서버 실행. 포트 번호: 9000
[22:01:27.361] [INFO] IOCP 멀티플레이어 서버 시작됨...
[22:01:27.362] [INFO] 서버 실행 시작
