[00:22:11.699] [INFO] 로깅 시스템 초기화됨
[00:22:11.699] [INFO] 서버 인스턴스 생성됨
[00:22:11.700] [INFO] 서버 초기화 시작 (포트: 9000)
[00:22:11.700] [INFO] 윈속 초기화 성공
[00:22:11.701] [INFO] 리스닝 소켓 생성 성공
[00:22:11.701] [INFO] 소켓 바인딩 성공 (포트: 9000)
[00:22:11.701] [INFO] 리스닝 시작됨
[00:22:11.702] [INFO] IOCP 생성 성공
[00:22:11.702] [INFO] CPU 코어 수: 16, 생성할 작업자 스레드: 32
[00:22:11.702] [INFO] 작업자 스레드 #1 생성됨
[00:22:11.702] [INFO] 작업자 스레드 시작 (ThreadID: 30548)
[00:22:11.703] [INFO] 작업자 스레드 #2 생성됨
[00:22:11.703] [INFO] 작업자 스레드 시작 (ThreadID: 23372)
[00:22:11.703] [INFO] 작업자 스레드 #3 생성됨
[00:22:11.703] [INFO] 작업자 스레드 시작 (ThreadID: 15992)
[00:22:11.703] [INFO] 작업자 스레드 #4 생성됨
[00:22:11.704] [INFO] 작업자 스레드 시작 (ThreadID: 26224)
[00:22:11.704] [INFO] 작업자 스레드 #5 생성됨
[00:22:11.704] [INFO] 작업자 스레드 시작 (ThreadID: 35476)
[00:22:11.704] [INFO] 작업자 스레드 #6 생성됨
[00:22:11.704] [INFO] 작업자 스레드 시작 (ThreadID: 24192)
[00:22:11.704] [INFO] 작업자 스레드 #7 생성됨
[00:22:11.705] [INFO] 작업자 스레드 시작 (ThreadID: 11784)
[00:22:11.705] [INFO] 작업자 스레드 #8 생성됨
[00:22:11.705] [INFO] 작업자 스레드 시작 (ThreadID: 17896)
[00:22:11.705] [INFO] 작업자 스레드 #9 생성됨
[00:22:11.705] [INFO] 작업자 스레드 시작 (ThreadID: 29104)
[00:22:11.706] [INFO] 작업자 스레드 #10 생성됨
[00:22:11.706] [INFO] 작업자 스레드 시작 (ThreadID: 23660)
[00:22:11.706] [INFO] 작업자 스레드 #11 생성됨
[00:22:11.706] [INFO] 작업자 스레드 시작 (ThreadID: 28404)
[00:22:11.706] [INFO] 작업자 스레드 #12 생성됨
[00:22:11.707] [INFO] 작업자 스레드 시작 (ThreadID: 21844)
[00:22:11.707] [INFO] 작업자 스레드 #13 생성됨
[00:22:11.707] [INFO] 작업자 스레드 시작 (ThreadID: 21408)
[00:22:11.707] [INFO] 작업자 스레드 #14 생성됨
[00:22:11.707] [INFO] 작업자 스레드 시작 (ThreadID: 31596)
[00:22:11.707] [INFO] 작업자 스레드 #15 생성됨
[00:22:11.707] [INFO] 작업자 스레드 시작 (ThreadID: 13772)
[00:22:11.708] [INFO] 작업자 스레드 #16 생성됨
[00:22:11.708] [INFO] 작업자 스레드 시작 (ThreadID: 30448)
[00:22:11.708] [INFO] 작업자 스레드 #17 생성됨
[00:22:11.708] [INFO] 작업자 스레드 시작 (ThreadID: 34064)
[00:22:11.708] [INFO] 작업자 스레드 #18 생성됨
[00:22:11.708] [INFO] 작업자 스레드 시작 (ThreadID: 23260)
[00:22:11.708] [INFO] 작업자 스레드 #19 생성됨
[00:22:11.709] [INFO] 작업자 스레드 시작 (ThreadID: 7560)
[00:22:11.709] [INFO] 작업자 스레드 #20 생성됨
[00:22:11.709] [INFO] 작업자 스레드 시작 (ThreadID: 20976)
[00:22:11.709] [INFO] 작업자 스레드 #21 생성됨
[00:22:11.709] [INFO] 작업자 스레드 시작 (ThreadID: 14324)
[00:22:11.709] [INFO] 작업자 스레드 #22 생성됨
[00:22:11.710] [INFO] 작업자 스레드 시작 (ThreadID: 35620)
[00:22:11.710] [INFO] 작업자 스레드 #23 생성됨
[00:22:11.710] [INFO] 작업자 스레드 시작 (ThreadID: 34676)
[00:22:11.710] [INFO] 작업자 스레드 #24 생성됨
[00:22:11.710] [INFO] 작업자 스레드 시작 (ThreadID: 21988)
[00:22:11.711] [INFO] 작업자 스레드 #25 생성됨
[00:22:11.711] [INFO] 작업자 스레드 시작 (ThreadID: 34256)
[00:22:11.711] [INFO] 작업자 스레드 #26 생성됨
[00:22:11.711] [INFO] 작업자 스레드 시작 (ThreadID: 19632)
[00:22:11.711] [INFO] 작업자 스레드 #27 생성됨
[00:22:11.711] [INFO] 작업자 스레드 시작 (ThreadID: 30544)
[00:22:11.712] [INFO] 작업자 스레드 #28 생성됨
[00:22:11.712] [INFO] 작업자 스레드 시작 (ThreadID: 29632)
[00:22:11.712] [INFO] 작업자 스레드 #29 생성됨
[00:22:11.712] [INFO] 작업자 스레드 시작 (ThreadID: 33300)
[00:22:11.712] [INFO] 작업자 스레드 #30 생성됨
[00:22:11.713] [INFO] 작업자 스레드 시작 (ThreadID: 13484)
[00:22:11.713] [INFO] 작업자 스레드 #31 생성됨
[00:22:11.713] [INFO] 작업자 스레드 시작 (ThreadID: 9472)
[00:22:11.713] [INFO] 작업자 스레드 #32 생성됨
[00:22:11.713] [INFO] 작업자 스레드 시작 (ThreadID: 33380)
[00:22:11.713] [INFO] 서버 초기화 완료
[00:22:11.714] [INFO] 서버 실행. 포트 번호: 9000
[00:22:11.714] [INFO] IOCP 멀티플레이어 서버 시작됨...
[00:22:11.714] [INFO] 서버 실행 시작
[00:22:14.942] [INFO] 클라이언트 연결됨: 127.0.0.1:10098 (ID: 1)
[00:22:14.942] [INFO] 새 클라이언트에게 ID 1 전송됨
[00:22:14.942] [INFO] 새 플레이어 정보(ID: 1) 브로드캐스트 - 수신자 수: 0
[00:22:14.942] [INFO] 기존 플레이어 정보 0개가 새 클라이언트(ID: 1)에게 전송됨
[00:22:14.943] [INFO] [서버] BroadcastPosition 준비 완료 - ClientId: 1, distMoved: 90.000000, State: 0, TimeSinceLastUpdate: 0.000000
[00:22:14.943] [INFO] [서버] BroadcastPosition 호출 - ClientId: 1, Position: (0.000000, 0.000000, 90.000000)
[00:22:14.943] [INFO] 서버 FPS: 0.618429, 평균 프레임 시간: 323.399994ms, 클라이언트 수: 1
[00:22:14.943] [INFO] 클라이언트 연결됨: 127.0.0.1:10099 (ID: 2)
[00:22:14.944] [INFO] 새 클라이언트에게 ID 2 전송됨
[00:22:14.944] [INFO] 새 플레이어 정보(ID: 2) 브로드캐스트 - 수신자 수: 1
[00:22:14.944] [INFO] 기존 플레이어 정보 1개가 새 클라이언트(ID: 2)에게 전송됨
[00:22:14.944] [WARNING] 비정상적으로 긴 델타 타임: 3.234000초
[00:22:14.944] [INFO] [서버] BroadcastPosition 준비 완료 - ClientId: 2, distMoved: 90.000000, State: 0, TimeSinceLastUpdate: 0.000000
[00:22:14.945] [INFO] [서버] BroadcastPosition 호출 - ClientId: 2, Position: (0.000000, 0.000000, 90.000000)
[00:22:14.945] [INFO] [서버] PositionUpdatePacket 전송 - From ClientId: 2 To ClientId: 1
[00:22:18.057] [INFO] 클라이언트가 정상적으로 연결 종료 - ID: 2
[00:22:18.057] [INFO] 클라이언트 연결 끊김 (ID: 2)
[00:22:18.058] [INFO] 클라이언트 연결 끊김 알림(ID: 2) - 수신자 수: 1
[00:22:18.079] [INFO] 클라이언트 연결 중단 - ID: 1, 오류: 알 수 없는 오류: 64
[00:22:18.079] [INFO] 클라이언트 연결 끊김 (ID: 1)
[00:22:18.079] [INFO] 클라이언트 연결 끊김 알림(ID: 1) - 수신자 수: 0
[00:24:34.283] [INFO] 클라이언트 연결됨: 127.0.0.1:10111 (ID: 3)
[00:24:34.283] [INFO] 새 클라이언트에게 ID 3 전송됨
[00:24:34.283] [INFO] 새 플레이어 정보(ID: 3) 브로드캐스트 - 수신자 수: 0
[00:24:34.283] [INFO] 기존 플레이어 정보 0개가 새 클라이언트(ID: 3)에게 전송됨
[00:24:34.283] [INFO] [서버] BroadcastPosition 준비 완료 - ClientId: 3, distMoved: 90.000000, State: 0, TimeSinceLastUpdate: 0.000000
[00:24:34.284] [INFO] [서버] BroadcastPosition 호출 - ClientId: 3, Position: (0.000000, 0.000000, 90.000000)
[00:24:34.284] [INFO] 서버 FPS: 0.014353, 평균 프레임 시간: 14194.753906ms, 클라이언트 수: 1
[00:25:05.980] [INFO] 클라이언트가 정상적으로 연결 종료 - ID: 3
[00:25:05.980] [INFO] 클라이언트 연결 끊김 (ID: 3)
[00:25:05.981] [INFO] 클라이언트 연결 끊김 알림(ID: 3) - 수신자 수: 0
