[15:33:31.897] [INFO] 로깅 시스템 초기화됨
[15:33:31.897] [INFO] 서버 인스턴스 생성됨
[15:33:31.898] [INFO] 서버 초기화 시작 (포트: 9000)
[15:33:31.899] [INFO] 윈속 초기화 성공
[15:33:31.902] [INFO] 리스닝 소켓 생성 성공
[15:33:31.902] [INFO] 소켓 바인딩 성공 (포트: 9000)
[15:33:31.902] [INFO] 리스닝 시작됨
[15:33:31.902] [INFO] IOCP 생성 성공
[15:33:31.903] [INFO] CPU 코어 수: 16, 생성할 작업자 스레드: 16
[15:33:31.903] [INFO] 작업자 스레드 #1 생성됨
[15:33:31.904] [INFO] 작업자 스레드 시작 (ThreadID: 17384)
[15:33:31.904] [INFO] 작업자 스레드 #2 생성됨
[15:33:31.905] [INFO] 작업자 스레드 시작 (ThreadID: 4224)
[15:33:31.905] [INFO] 작업자 스레드 #3 생성됨
[15:33:31.906] [INFO] 작업자 스레드 시작 (ThreadID: 38940)
[15:33:31.907] [INFO] 작업자 스레드 #4 생성됨
[15:33:31.907] [INFO] 작업자 스레드 시작 (ThreadID: 40836)
[15:33:31.907] [INFO] 작업자 스레드 #5 생성됨
[15:33:31.908] [INFO] 작업자 스레드 시작 (ThreadID: 23024)
[15:33:31.908] [INFO] 작업자 스레드 #6 생성됨
[15:33:31.908] [INFO] 작업자 스레드 시작 (ThreadID: 416)
[15:33:31.909] [INFO] 작업자 스레드 #7 생성됨
[15:33:31.909] [INFO] 작업자 스레드 시작 (ThreadID: 29784)
[15:33:31.910] [INFO] 작업자 스레드 #8 생성됨
[15:33:31.910] [INFO] 작업자 스레드 시작 (ThreadID: 21816)
[15:33:31.911] [INFO] 작업자 스레드 #9 생성됨
[15:33:31.911] [INFO] 작업자 스레드 시작 (ThreadID: 28732)
[15:33:31.912] [INFO] 작업자 스레드 #10 생성됨
[15:33:31.912] [INFO] 작업자 스레드 시작 (ThreadID: 34552)
[15:33:31.913] [INFO] 작업자 스레드 #11 생성됨
[15:33:31.913] [INFO] 작업자 스레드 시작 (ThreadID: 19868)
[15:33:31.914] [INFO] 작업자 스레드 #12 생성됨
[15:33:31.914] [INFO] 작업자 스레드 시작 (ThreadID: 31096)
[15:33:31.915] [INFO] 작업자 스레드 #13 생성됨
[15:33:31.915] [INFO] 작업자 스레드 시작 (ThreadID: 30824)
[15:33:31.915] [INFO] 작업자 스레드 #14 생성됨
[15:33:31.915] [INFO] 작업자 스레드 시작 (ThreadID: 1060)
[15:33:31.916] [INFO] 작업자 스레드 #15 생성됨
[15:33:31.916] [INFO] 작업자 스레드 시작 (ThreadID: 16828)
[15:33:31.917] [INFO] 작업자 스레드 #16 생성됨
[15:33:31.917] [INFO] 서버 초기화 완료
[15:33:31.917] [INFO] 서버 실행. 포트 번호: 9000
[15:33:31.917] [INFO] IOCP 멀티플레이어 서버 시작됨...
[15:33:31.917] [INFO] 작업자 스레드 시작 (ThreadID: 1960)
[15:33:31.917] [INFO] 서버 실행 시작
