[03:49:14.052] [INFO] 로깅 시스템 초기화됨
[03:49:14.052] [INFO] 서버 인스턴스 생성됨
[03:49:14.052] [INFO] 서버 초기화 시작 (포트: 9000)
[03:49:14.053] [INFO] 윈속 초기화 성공
[03:49:14.054] [INFO] 리스닝 소켓 생성 성공
[03:49:14.054] [INFO] 소켓 바인딩 성공 (포트: 9000)
[03:49:14.054] [INFO] 리스닝 시작됨
[03:49:14.054] [INFO] IOCP 생성 성공
[03:49:14.055] [INFO] CPU 코어 수: 16, 생성할 작업자 스레드: 32
[03:49:14.055] [INFO] 작업자 스레드 #1 생성됨
[03:49:14.055] [INFO] 작업자 스레드 시작 (ThreadID: 23688)
[03:49:14.055] [INFO] 작업자 스레드 #2 생성됨
[03:49:14.055] [INFO] 작업자 스레드 시작 (ThreadID: 27300)
[03:49:14.056] [INFO] 작업자 스레드 #3 생성됨
[03:49:14.056] [INFO] 작업자 스레드 시작 (ThreadID: 37068)
[03:49:14.056] [INFO] 작업자 스레드 #4 생성됨
[03:49:14.056] [INFO] 작업자 스레드 시작 (ThreadID: 36464)
[03:49:14.056] [INFO] 작업자 스레드 #5 생성됨
[03:49:14.057] [INFO] 작업자 스레드 시작 (ThreadID: 23500)
[03:49:14.057] [INFO] 작업자 스레드 #6 생성됨
[03:49:14.057] [INFO] 작업자 스레드 시작 (ThreadID: 37592)
[03:49:14.057] [INFO] 작업자 스레드 #7 생성됨
[03:49:14.057] [INFO] 작업자 스레드 시작 (ThreadID: 28452)
[03:49:14.058] [INFO] 작업자 스레드 #8 생성됨
[03:49:14.058] [INFO] 작업자 스레드 시작 (ThreadID: 36848)
[03:49:14.058] [INFO] 작업자 스레드 #9 생성됨
[03:49:14.058] [INFO] 작업자 스레드 시작 (ThreadID: 37092)
[03:49:14.058] [INFO] 작업자 스레드 #10 생성됨
[03:49:14.058] [INFO] 작업자 스레드 시작 (ThreadID: 35284)
[03:49:14.059] [INFO] 작업자 스레드 #11 생성됨
[03:49:14.059] [INFO] 작업자 스레드 시작 (ThreadID: 34384)
[03:49:14.059] [INFO] 작업자 스레드 #12 생성됨
[03:49:14.059] [INFO] 작업자 스레드 시작 (ThreadID: 35140)
[03:49:14.059] [INFO] 작업자 스레드 #13 생성됨
[03:49:14.060] [INFO] 작업자 스레드 시작 (ThreadID: 316)
[03:49:14.060] [INFO] 작업자 스레드 #14 생성됨
[03:49:14.060] [INFO] 작업자 스레드 시작 (ThreadID: 30396)
[03:49:14.060] [INFO] 작업자 스레드 #15 생성됨
[03:49:14.060] [INFO] 작업자 스레드 시작 (ThreadID: 10612)
[03:49:14.060] [INFO] 작업자 스레드 #16 생성됨
[03:49:14.061] [INFO] 작업자 스레드 시작 (ThreadID: 33816)
[03:49:14.061] [INFO] 작업자 스레드 #17 생성됨
[03:49:14.061] [INFO] 작업자 스레드 시작 (ThreadID: 2768)
[03:49:14.061] [INFO] 작업자 스레드 #18 생성됨
[03:49:14.061] [INFO] 작업자 스레드 시작 (ThreadID: 7440)
[03:49:14.061] [INFO] 작업자 스레드 #19 생성됨
[03:49:14.062] [INFO] 작업자 스레드 시작 (ThreadID: 31376)
[03:49:14.062] [INFO] 작업자 스레드 #20 생성됨
[03:49:14.062] [INFO] 작업자 스레드 시작 (ThreadID: 28068)
[03:49:14.062] [INFO] 작업자 스레드 #21 생성됨
[03:49:14.062] [INFO] 작업자 스레드 시작 (ThreadID: 26284)
[03:49:14.062] [INFO] 작업자 스레드 #22 생성됨
[03:49:14.063] [INFO] 작업자 스레드 시작 (ThreadID: 29492)
[03:49:14.063] [INFO] 작업자 스레드 #23 생성됨
[03:49:14.063] [INFO] 작업자 스레드 시작 (ThreadID: 6416)
[03:49:14.063] [INFO] 작업자 스레드 #24 생성됨
[03:49:14.063] [INFO] 작업자 스레드 시작 (ThreadID: 16648)
[03:49:14.063] [INFO] 작업자 스레드 #25 생성됨
[03:49:14.064] [INFO] 작업자 스레드 시작 (ThreadID: 7808)
[03:49:14.064] [INFO] 작업자 스레드 #26 생성됨
[03:49:14.064] [INFO] 작업자 스레드 시작 (ThreadID: 22720)
[03:49:14.064] [INFO] 작업자 스레드 #27 생성됨
[03:49:14.064] [INFO] 작업자 스레드 시작 (ThreadID: 36112)
[03:49:14.064] [INFO] 작업자 스레드 #28 생성됨
[03:49:14.064] [INFO] 작업자 스레드 시작 (ThreadID: 35724)
[03:49:14.065] [INFO] 작업자 스레드 #29 생성됨
[03:49:14.065] [INFO] 작업자 스레드 시작 (ThreadID: 20068)
[03:49:14.065] [INFO] 작업자 스레드 #30 생성됨
[03:49:14.065] [INFO] 작업자 스레드 시작 (ThreadID: 26612)
[03:49:14.065] [INFO] 작업자 스레드 #31 생성됨
[03:49:14.065] [INFO] 작업자 스레드 시작 (ThreadID: 34364)
[03:49:14.065] [INFO] 작업자 스레드 #32 생성됨
[03:49:14.066] [INFO] 작업자 스레드 시작 (ThreadID: 33596)
[03:49:14.066] [INFO] 서버 초기화 완료
[03:49:14.066] [INFO] 서버 실행. 포트 번호: 9000
[03:49:14.066] [INFO] IOCP 멀티플레이어 서버 시작됨...
[03:49:14.066] [INFO] 서버 실행 시작
[03:49:18.302] [INFO] 클라이언트 연결됨: 127.0.0.1:7513 (ID: 1)
[03:49:18.302] [INFO] 새 클라이언트에게 ID 1 전송됨
[03:49:18.303] [INFO] 새 플레이어 정보(ID: 1) 브로드캐스트 - 수신자 수: 0
[03:49:18.303] [INFO] 기존 플레이어 정보 0개가 새 클라이언트(ID: 1)에게 전송됨
[03:49:18.303] [INFO] [서버] BroadcastPosition 준비 완료 - ClientId: 1, distMoved: 90.000000, State: 0, TimeSinceLastUpdate: 0.000000
[03:49:18.303] [INFO] [서버] BroadcastPosition 호출 - ClientId: 1, Position: (0.000000, 0.000000, 90.000000)
[03:49:18.303] [INFO] 서버 FPS: 0.472255, 평균 프레임 시간: 423.500000ms, 클라이언트 수: 1
[03:49:18.304] [INFO] 클라이언트 연결됨: 127.0.0.1:7514 (ID: 2)
[03:49:18.304] [INFO] 새 클라이언트에게 ID 2 전송됨
[03:49:18.304] [INFO] 새 플레이어 정보(ID: 2) 브로드캐스트 - 수신자 수: 1
[03:49:18.304] [INFO] 기존 플레이어 정보 1개가 새 클라이언트(ID: 2)에게 전송됨
[03:49:18.305] [WARNING] 비정상적으로 긴 델타 타임: 4.235000초
[03:49:18.305] [INFO] [서버] BroadcastPosition 준비 완료 - ClientId: 2, distMoved: 90.000000, State: 0, TimeSinceLastUpdate: 0.000000
[03:49:18.305] [INFO] [서버] BroadcastPosition 호출 - ClientId: 2, Position: (0.000000, 0.000000, 90.000000)
[03:49:18.305] [INFO] [서버] PositionUpdatePacket 전송 - From ClientId: 2 To ClientId: 1
