[17:18:15.046] [INFO] 로깅 시스템 초기화됨
[17:18:15.047] [INFO] 서버 인스턴스 생성됨
[17:18:15.047] [INFO] 서버 초기화 시작 (포트: 9000)
[17:18:15.048] [INFO] 윈속 초기화 성공
[17:18:15.048] [INFO] 리스닝 소켓 생성 성공
[17:18:15.048] [INFO] 소켓 바인딩 성공 (포트: 9000)
[17:18:15.049] [INFO] 리스닝 시작됨
[17:18:15.049] [INFO] IOCP 생성 성공
[17:18:15.049] [INFO] CPU 코어 수: 16, 생성할 작업자 스레드: 16
[17:18:15.049] [INFO] 작업자 스레드 #1 생성됨
[17:18:15.049] [INFO] 작업자 스레드 시작 (ThreadID: 28632)
[17:18:15.050] [INFO] 작업자 스레드 #2 생성됨
[17:18:15.050] [INFO] 작업자 스레드 시작 (ThreadID: 7016)
[17:18:15.050] [INFO] 작업자 스레드 #3 생성됨
[17:18:15.050] [INFO] 작업자 스레드 시작 (ThreadID: 23996)
[17:18:15.050] [INFO] 작업자 스레드 #4 생성됨
[17:18:15.050] [INFO] 작업자 스레드 시작 (ThreadID: 23696)
[17:18:15.051] [INFO] 작업자 스레드 #5 생성됨
[17:18:15.051] [INFO] 작업자 스레드 시작 (ThreadID: 10652)
[17:18:15.051] [INFO] 작업자 스레드 #6 생성됨
[17:18:15.051] [INFO] 작업자 스레드 시작 (ThreadID: 28664)
[17:18:15.051] [INFO] 작업자 스레드 #7 생성됨
[17:18:15.052] [INFO] 작업자 스레드 시작 (ThreadID: 23756)
[17:18:15.052] [INFO] 작업자 스레드 #8 생성됨
[17:18:15.052] [INFO] 작업자 스레드 시작 (ThreadID: 33688)
[17:18:15.052] [INFO] 작업자 스레드 #9 생성됨
[17:18:15.052] [INFO] 작업자 스레드 시작 (ThreadID: 6744)
[17:18:15.053] [INFO] 작업자 스레드 #10 생성됨
[17:18:15.053] [INFO] 작업자 스레드 시작 (ThreadID: 6948)
[17:18:15.053] [INFO] 작업자 스레드 #11 생성됨
[17:18:15.053] [INFO] 작업자 스레드 시작 (ThreadID: 33736)
[17:18:15.053] [INFO] 작업자 스레드 #12 생성됨
[17:18:15.053] [INFO] 작업자 스레드 시작 (ThreadID: 33712)
[17:18:15.054] [INFO] 작업자 스레드 #13 생성됨
[17:18:15.054] [INFO] 작업자 스레드 시작 (ThreadID: 33028)
[17:18:15.054] [INFO] 작업자 스레드 #14 생성됨
[17:18:15.054] [INFO] 작업자 스레드 시작 (ThreadID: 32872)
[17:18:15.054] [INFO] 작업자 스레드 #15 생성됨
[17:18:15.054] [INFO] 작업자 스레드 시작 (ThreadID: 33056)
[17:18:15.054] [INFO] 작업자 스레드 #16 생성됨
[17:18:15.055] [INFO] 작업자 스레드 시작 (ThreadID: 32880)
[17:18:15.055] [INFO] 서버 초기화 완료
[17:18:15.055] [INFO] 서버 실행. 포트 번호: 9000
[17:18:15.055] [INFO] IOCP 멀티플레이어 서버 시작됨...
[17:18:15.055] [INFO] 서버 실행 시작
[17:18:19.759] [INFO] 클라이언트 연결됨: 127.0.0.1:9687 (ID: 1)
[17:18:19.760] [INFO] 새 클라이언트에게 ID 1 전송됨
[17:18:19.760] [INFO] 새 플레이어 정보(ID: 1) 브로드캐스트 - 수신자 수: 0
[17:18:19.760] [INFO] 새 클라이언트에게 ID 1 전송됨, 초기 위치: X=0.000000, Y=0.000000, Z=90.000000
[17:18:19.760] [INFO] 기존 플레이어 정보 0개가 새 클라이언트(ID: 1)에게 전송됨
[17:18:19.761] [INFO] [서버] BroadcastPosition 호출 - ClientId: 1, Position: (0.000000, 0.000000, 90.000000)
[17:18:19.761] [INFO] 서버 FPS: 0.425260, 평균 프레임 시간: 470.300018ms, 클라이언트 수: 1
[17:18:19.761] [INFO] 클라이언트 연결됨: 127.0.0.1:9688 (ID: 2)
[17:18:19.761] [INFO] 새 클라이언트에게 ID 2 전송됨
[17:18:19.762] [INFO] 새 플레이어 정보(ID: 2) 브로드캐스트 - 수신자 수: 1
[17:18:19.762] [INFO] 새 클라이언트에게 ID 2 전송됨, 초기 위치: X=300.000000, Y=0.000000, Z=90.000000
[17:18:19.762] [INFO] 기존 플레이어 정보 1개가 새 클라이언트(ID: 2)에게 전송됨
[17:18:19.762] [INFO] [서버] BroadcastPosition 호출 - ClientId: 2, Position: (300.000000, 0.000000, 90.000000)
[17:18:19.763] [INFO] [서버] PositionUpdatePacket 전송 - From ClientId: 2 To ClientId: 1
[17:18:19.763] [WARNING] 비정상적으로 긴 델타 타임: 4.703000초
[17:18:20.762] [INFO] [서버] PingPacket 수신 - ClientId: 1
[17:18:20.763] [INFO] [서버] PingPacket 수신 - ClientId: 2
[17:18:21.765] [INFO] [서버] PingPacket 수신 - ClientId: 1
[17:18:21.766] [INFO] [서버] PingPacket 수신 - ClientId: 2
