[03:37:38.401] [INFO] 로깅 시스템 초기화됨
[03:37:38.401] [INFO] 서버 인스턴스 생성됨
[03:37:38.401] [INFO] 서버 초기화 시작 (포트: 9000)
[03:37:38.402] [INFO] 윈속 초기화 성공
[03:37:38.403] [INFO] 리스닝 소켓 생성 성공
[03:37:38.403] [INFO] 소켓 바인딩 성공 (포트: 9000)
[03:37:38.403] [INFO] 리스닝 시작됨
[03:37:38.403] [INFO] IOCP 생성 성공
[03:37:38.403] [INFO] CPU 코어 수: 16, 생성할 작업자 스레드: 32
[03:37:38.403] [INFO] 작업자 스레드 #1 생성됨
[03:37:38.404] [INFO] 작업자 스레드 시작 (ThreadID: 35276)
[03:37:38.404] [INFO] 작업자 스레드 #2 생성됨
[03:37:38.404] [INFO] 작업자 스레드 시작 (ThreadID: 24004)
[03:37:38.404] [INFO] 작업자 스레드 #3 생성됨
[03:37:38.404] [INFO] 작업자 스레드 시작 (ThreadID: 37140)
[03:37:38.405] [INFO] 작업자 스레드 #4 생성됨
[03:37:38.405] [INFO] 작업자 스레드 시작 (ThreadID: 10320)
[03:37:38.405] [INFO] 작업자 스레드 #5 생성됨
[03:37:38.405] [INFO] 작업자 스레드 시작 (ThreadID: 26304)
[03:37:38.405] [INFO] 작업자 스레드 #6 생성됨
[03:37:38.405] [INFO] 작업자 스레드 시작 (ThreadID: 27600)
[03:37:38.406] [INFO] 작업자 스레드 #7 생성됨
[03:37:38.406] [INFO] 작업자 스레드 시작 (ThreadID: 4740)
[03:37:38.406] [INFO] 작업자 스레드 #8 생성됨
[03:37:38.406] [INFO] 작업자 스레드 시작 (ThreadID: 34348)
[03:37:38.406] [INFO] 작업자 스레드 #9 생성됨
[03:37:38.407] [INFO] 작업자 스레드 시작 (ThreadID: 31336)
[03:37:38.407] [INFO] 작업자 스레드 #10 생성됨
[03:37:38.407] [INFO] 작업자 스레드 시작 (ThreadID: 436)
[03:37:38.407] [INFO] 작업자 스레드 #11 생성됨
[03:37:38.407] [INFO] 작업자 스레드 시작 (ThreadID: 27116)
[03:37:38.408] [INFO] 작업자 스레드 #12 생성됨
[03:37:38.408] [INFO] 작업자 스레드 시작 (ThreadID: 25392)
[03:37:38.408] [INFO] 작업자 스레드 #13 생성됨
[03:37:38.408] [INFO] 작업자 스레드 시작 (ThreadID: 23560)
[03:37:38.408] [INFO] 작업자 스레드 #14 생성됨
[03:37:38.408] [INFO] 작업자 스레드 시작 (ThreadID: 31864)
[03:37:38.408] [INFO] 작업자 스레드 #15 생성됨
[03:37:38.409] [INFO] 작업자 스레드 시작 (ThreadID: 28612)
[03:37:38.409] [INFO] 작업자 스레드 #16 생성됨
[03:37:38.409] [INFO] 작업자 스레드 시작 (ThreadID: 27276)
[03:37:38.409] [INFO] 작업자 스레드 #17 생성됨
[03:37:38.409] [INFO] 작업자 스레드 시작 (ThreadID: 32460)
[03:37:38.409] [INFO] 작업자 스레드 #18 생성됨
[03:37:38.409] [INFO] 작업자 스레드 시작 (ThreadID: 33404)
[03:37:38.410] [INFO] 작업자 스레드 #19 생성됨
[03:37:38.410] [INFO] 작업자 스레드 시작 (ThreadID: 27872)
[03:37:38.410] [INFO] 작업자 스레드 #20 생성됨
[03:37:38.410] [INFO] 작업자 스레드 시작 (ThreadID: 28068)
[03:37:38.410] [INFO] 작업자 스레드 #21 생성됨
[03:37:38.410] [INFO] 작업자 스레드 시작 (ThreadID: 14312)
[03:37:38.411] [INFO] 작업자 스레드 #22 생성됨
[03:37:38.411] [INFO] 작업자 스레드 시작 (ThreadID: 17688)
[03:37:38.411] [INFO] 작업자 스레드 #23 생성됨
[03:37:38.411] [INFO] 작업자 스레드 시작 (ThreadID: 34588)
[03:37:38.411] [INFO] 작업자 스레드 #24 생성됨
[03:37:38.411] [INFO] 작업자 스레드 시작 (ThreadID: 28468)
[03:37:38.412] [INFO] 작업자 스레드 #25 생성됨
[03:37:38.412] [INFO] 작업자 스레드 시작 (ThreadID: 28844)
[03:37:38.412] [INFO] 작업자 스레드 #26 생성됨
[03:37:38.412] [INFO] 작업자 스레드 시작 (ThreadID: 34136)
[03:37:38.412] [INFO] 작업자 스레드 #27 생성됨
[03:37:38.412] [INFO] 작업자 스레드 시작 (ThreadID: 31560)
[03:37:38.413] [INFO] 작업자 스레드 #28 생성됨
[03:37:38.413] [INFO] 작업자 스레드 시작 (ThreadID: 33188)
[03:37:38.413] [INFO] 작업자 스레드 #29 생성됨
[03:37:38.413] [INFO] 작업자 스레드 시작 (ThreadID: 34584)
[03:37:38.413] [INFO] 작업자 스레드 #30 생성됨
[03:37:38.414] [INFO] 작업자 스레드 시작 (ThreadID: 27520)
[03:37:38.414] [INFO] 작업자 스레드 #31 생성됨
[03:37:38.414] [INFO] 작업자 스레드 시작 (ThreadID: 27652)
[03:37:38.414] [INFO] 작업자 스레드 #32 생성됨
[03:37:38.414] [INFO] 작업자 스레드 시작 (ThreadID: 34048)
[03:37:38.414] [INFO] 서버 초기화 완료
[03:37:38.414] [INFO] 서버 실행. 포트 번호: 9000
[03:37:38.414] [INFO] IOCP 멀티플레이어 서버 시작됨...
[03:37:38.415] [INFO] 서버 실행 시작
