[14:44:33.426] [INFO] 로깅 시스템 초기화됨
[14:44:33.426] [INFO] 서버 인스턴스 생성됨
[14:44:33.426] [INFO] 서버 초기화 시작 (포트: 9000)
[14:44:33.427] [INFO] 윈속 초기화 성공
[14:44:33.429] [INFO] 리스닝 소켓 생성 성공
[14:44:33.429] [INFO] 소켓 바인딩 성공 (포트: 9000)
[14:44:33.429] [INFO] 리스닝 시작됨
[14:44:33.429] [INFO] IOCP 생성 성공
[14:44:33.429] [INFO] CPU 코어 수: 16, 생성할 작업자 스레드: 16
[14:44:33.429] [INFO] 작업자 스레드 #1 생성됨
[14:44:33.430] [INFO] 작업자 스레드 시작 (ThreadID: 28432)
[14:44:33.431] [INFO] 작업자 스레드 #2 생성됨
[14:44:33.431] [INFO] 작업자 스레드 시작 (ThreadID: 3516)
[14:44:33.431] [INFO] 작업자 스레드 #3 생성됨
[14:44:33.432] [INFO] 작업자 스레드 시작 (ThreadID: 29716)
[14:44:33.432] [INFO] 작업자 스레드 #4 생성됨
[14:44:33.432] [INFO] 작업자 스레드 시작 (ThreadID: 44616)
[14:44:33.433] [INFO] 작업자 스레드 #5 생성됨
[14:44:33.433] [INFO] 작업자 스레드 시작 (ThreadID: 27204)
[14:44:33.433] [INFO] 작업자 스레드 #6 생성됨
[14:44:33.434] [INFO] 작업자 스레드 시작 (ThreadID: 30548)
[14:44:33.434] [INFO] 작업자 스레드 #7 생성됨
[14:44:33.434] [INFO] 작업자 스레드 시작 (ThreadID: 21192)
[14:44:33.435] [INFO] 작업자 스레드 #8 생성됨
[14:44:33.435] [INFO] 작업자 스레드 시작 (ThreadID: 43120)
[14:44:33.435] [INFO] 작업자 스레드 #9 생성됨
[14:44:33.436] [INFO] 작업자 스레드 시작 (ThreadID: 32128)
[14:44:33.436] [INFO] 작업자 스레드 #10 생성됨
[14:44:33.436] [INFO] 작업자 스레드 시작 (ThreadID: 42816)
[14:44:33.437] [INFO] 작업자 스레드 #11 생성됨
[14:44:33.437] [INFO] 작업자 스레드 시작 (ThreadID: 34628)
[14:44:33.437] [INFO] 작업자 스레드 #12 생성됨
[14:44:33.437] [INFO] 작업자 스레드 시작 (ThreadID: 27832)
[14:44:33.438] [INFO] 작업자 스레드 #13 생성됨
[14:44:33.438] [INFO] 작업자 스레드 시작 (ThreadID: 34004)
[14:44:33.439] [INFO] 작업자 스레드 #14 생성됨
[14:44:33.439] [INFO] 작업자 스레드 시작 (ThreadID: 44648)
[14:44:33.439] [INFO] 작업자 스레드 #15 생성됨
[14:44:33.439] [INFO] 작업자 스레드 시작 (ThreadID: 11144)
[14:44:33.440] [INFO] 작업자 스레드 #16 생성됨
[14:44:33.441] [INFO] 작업자 스레드 시작 (ThreadID: 41676)
[14:44:33.441] [INFO] 서버 초기화 완료
[14:44:33.441] [INFO] 서버 실행. 포트 번호: 9000
[14:44:33.441] [INFO] IOCP 멀티플레이어 서버 시작됨...
[14:44:33.441] [INFO] 서버 실행 시작
[14:44:42.222] [DEBUG] [SendPacket] WSASend 요청 성공 - 컨텍스트: SendClientId, 보낸 크기: 7, 클라이언트 ID: 1
[14:44:42.222] [INFO] 새 클라이언트에게 ID 1 전송됨
[14:44:42.222] [DEBUG] [SendPacket] WSASend 요청 성공 - 컨텍스트: SendInitialPosition, 보낸 크기: 32, 클라이언트 ID: 1
[14:44:42.223] [INFO] 초기 위치 정보 전송됨 - 클라이언트 ID: 1, 위치: X=0.000000, Y=0.000000, Z=90.000000
[14:44:42.223] [INFO] 새 플레이어 정보(ID: 1) 브로드캐스트 - 수신자 수: 0
[14:44:42.223] [INFO] 기존 플레이어 정보 0개가 새 클라이언트(ID: 1)에게 전송됨
[14:44:42.223] [INFO] 위치 업데이트 - 클라이언트 ID: 1, 위치: X=0.000000, Y=0.000000, Z=90.000000, 속도: X=0.000000, Y=0.000000, Z=0.000000
[14:44:42.224] [INFO] 서버 FPS: 0.227739, 평균 프레임 시간: 878.200012ms, 클라이언트 수: 1
[14:44:42.224] [DEBUG] [SendPacket] WSASend 요청 성공 - 컨텍스트: SendClientId, 보낸 크기: 7, 클라이언트 ID: 2
[14:44:42.224] [INFO] 새 클라이언트에게 ID 2 전송됨
[14:44:42.225] [DEBUG] [SendPacket] WSASend 요청 성공 - 컨텍스트: SendInitialPosition, 보낸 크기: 32, 클라이언트 ID: 2
[14:44:42.225] [INFO] 초기 위치 정보 전송됨 - 클라이언트 ID: 2, 위치: X=300.000000, Y=0.000000, Z=90.000000
[14:44:42.225] [DEBUG] [SendPacket] WSASend 요청 성공 - 컨텍스트: BroadcastNewPlayer, 보낸 크기: 32, 클라이언트 ID: 1
[14:44:42.225] [INFO] 새 플레이어 정보(ID: 2) 브로드캐스트 - 수신자 수: 1
[14:44:42.226] [DEBUG] [SendPacket] WSASend 요청 성공 - 컨텍스트: SendExistingPlayers, 보낸 크기: 32, 클라이언트 ID: 2
[14:44:42.226] [INFO] 기존 플레이어 정보 1개가 새 클라이언트(ID: 2)에게 전송됨
[14:44:42.226] [WARNING] 비정상적으로 긴 델타 타임: 8.782000초
[14:44:42.226] [INFO] 위치 업데이트 - 클라이언트 ID: 1, 위치: X=0.000000, Y=0.000000, Z=90.000000, 속도: X=0.000000, Y=0.000000, Z=0.000000
[14:44:42.227] [INFO] 위치 업데이트 - 클라이언트 ID: 2, 위치: X=300.000000, Y=0.000000, Z=90.000000, 속도: X=0.000000, Y=0.000000, Z=0.000000
[14:44:43.292] [DEBUG] 데이터 수신: 11 바이트, 클라이언트 ID: 1
[14:44:43.292] [DEBUG] [ProcessPacket] Ping 수신, ClientId: 1
[14:44:43.293] [DEBUG] [SendPacket] WSASend 요청 성공 - 컨텍스트: ServerPong, 보낸 크기: 11, 클라이언트 ID: 1
[14:44:43.293] [INFO] [Packet] Pong 전송 - ClientId: 1
[14:44:43.294] [DEBUG] 데이터 수신: 11 바이트, 클라이언트 ID: 2
[14:44:43.294] [DEBUG] [ProcessPacket] Ping 수신, ClientId: 2
[14:44:43.294] [DEBUG] [SendPacket] WSASend 요청 성공 - 컨텍스트: ServerPong, 보낸 크기: 11, 클라이언트 ID: 2
[14:44:43.294] [INFO] [Packet] Pong 전송 - ClientId: 2
[14:44:44.292] [DEBUG] 데이터 수신: 11 바이트, 클라이언트 ID: 1
[14:44:44.293] [DEBUG] [ProcessPacket] Ping 수신, ClientId: 1
[14:44:44.293] [DEBUG] [SendPacket] WSASend 요청 성공 - 컨텍스트: ServerPong, 보낸 크기: 11, 클라이언트 ID: 1
[14:44:44.293] [INFO] [Packet] Pong 전송 - ClientId: 1
[14:44:44.294] [DEBUG] 데이터 수신: 11 바이트, 클라이언트 ID: 2
[14:44:44.295] [DEBUG] [ProcessPacket] Ping 수신, ClientId: 2
[14:44:44.296] [DEBUG] [SendPacket] WSASend 요청 성공 - 컨텍스트: ServerPong, 보낸 크기: 11, 클라이언트 ID: 2
[14:44:44.296] [INFO] [Packet] Pong 전송 - ClientId: 2
[14:44:45.291] [DEBUG] 데이터 수신: 11 바이트, 클라이언트 ID: 1
[14:44:45.291] [DEBUG] [ProcessPacket] Ping 수신, ClientId: 1
[14:44:45.292] [DEBUG] [SendPacket] WSASend 요청 성공 - 컨텍스트: ServerPong, 보낸 크기: 11, 클라이언트 ID: 1
[14:44:45.292] [INFO] [Packet] Pong 전송 - ClientId: 1
[14:44:45.293] [DEBUG] 데이터 수신: 11 바이트, 클라이언트 ID: 2
[14:44:45.294] [DEBUG] [ProcessPacket] Ping 수신, ClientId: 2
[14:44:45.294] [DEBUG] [SendPacket] WSASend 요청 성공 - 컨텍스트: ServerPong, 보낸 크기: 11, 클라이언트 ID: 2
[14:44:45.294] [INFO] [Packet] Pong 전송 - ClientId: 2
[14:44:46.292] [DEBUG] 데이터 수신: 11 바이트, 클라이언트 ID: 1
[14:44:46.292] [DEBUG] [ProcessPacket] Ping 수신, ClientId: 1
[14:44:46.293] [DEBUG] [SendPacket] WSASend 요청 성공 - 컨텍스트: ServerPong, 보낸 크기: 11, 클라이언트 ID: 1
[14:44:46.293] [INFO] [Packet] Pong 전송 - ClientId: 1
[14:44:46.295] [DEBUG] 데이터 수신: 11 바이트, 클라이언트 ID: 2
[14:44:46.296] [DEBUG] [ProcessPacket] Ping 수신, ClientId: 2
[14:44:46.297] [DEBUG] [SendPacket] WSASend 요청 성공 - 컨텍스트: ServerPong, 보낸 크기: 11, 클라이언트 ID: 2
[14:44:46.297] [INFO] [Packet] Pong 전송 - ClientId: 2
[14:44:47.292] [DEBUG] 데이터 수신: 11 바이트, 클라이언트 ID: 1
[14:44:47.293] [DEBUG] [ProcessPacket] Ping 수신, ClientId: 1
[14:44:47.293] [DEBUG] [SendPacket] WSASend 요청 성공 - 컨텍스트: ServerPong, 보낸 크기: 11, 클라이언트 ID: 1
[14:44:47.293] [INFO] [Packet] Pong 전송 - ClientId: 1
[14:44:47.294] [DEBUG] 데이터 수신: 11 바이트, 클라이언트 ID: 2
[14:44:47.294] [DEBUG] [ProcessPacket] Ping 수신, ClientId: 2
[14:44:47.294] [DEBUG] [SendPacket] WSASend 요청 성공 - 컨텍스트: ServerPong, 보낸 크기: 11, 클라이언트 ID: 2
[14:44:47.294] [INFO] [Packet] Pong 전송 - ClientId: 2
[14:44:48.185] [DEBUG] 데이터 수신: 21 바이트, 클라이언트 ID: 1
[14:44:48.186] [INFO] 입력 패킷 수신 - 클라이언트 ID: 1, Forward: 0.000000, Right: 0.000000, Yaw: 0.000000, Jump: false, Attack: true
[14:44:48.235] [DEBUG] 데이터 수신: 21 바이트, 클라이언트 ID: 1
[14:44:48.235] [INFO] 입력 패킷 수신 - 클라이언트 ID: 1, Forward: 0.000000, Right: 0.000000, Yaw: 0.000000, Jump: false, Attack: true
[14:44:48.344] [DEBUG] 데이터 수신: 11 바이트, 클라이언트 ID: 1
[14:44:48.344] [DEBUG] [ProcessPacket] Ping 수신, ClientId: 1
[14:44:48.345] [DEBUG] [SendPacket] WSASend 요청 성공 - 컨텍스트: ServerPong, 보낸 크기: 11, 클라이언트 ID: 1
[14:44:48.345] [INFO] [Packet] Pong 전송 - ClientId: 1
[14:44:48.345] [DEBUG] 데이터 수신: 11 바이트, 클라이언트 ID: 2
[14:44:48.346] [DEBUG] [ProcessPacket] Ping 수신, ClientId: 2
[14:44:48.346] [DEBUG] [SendPacket] WSASend 요청 성공 - 컨텍스트: ServerPong, 보낸 크기: 11, 클라이언트 ID: 2
[14:44:48.346] [INFO] [Packet] Pong 전송 - ClientId: 2
[14:44:48.398] [DEBUG] 데이터 수신: 21 바이트, 클라이언트 ID: 1
[14:44:48.399] [INFO] 입력 패킷 수신 - 클라이언트 ID: 1, Forward: 0.000000, Right: 1.000000, Yaw: 176.149994, Jump: false, Attack: false
[14:44:48.450] [DEBUG] 데이터 수신: 21 바이트, 클라이언트 ID: 1
[14:44:48.450] [INFO] 입력 패킷 수신 - 클라이언트 ID: 1, Forward: 0.000000, Right: 1.000000, Yaw: 176.149994, Jump: false, Attack: false
[14:44:48.503] [DEBUG] 데이터 수신: 21 바이트, 클라이언트 ID: 1
[14:44:48.504] [INFO] 입력 패킷 수신 - 클라이언트 ID: 1, Forward: 0.000000, Right: 1.000000, Yaw: 176.149994, Jump: false, Attack: false
[14:44:48.775] [DEBUG] 데이터 수신: 21 바이트, 클라이언트 ID: 1
[14:44:48.775] [INFO] 입력 패킷 수신 - 클라이언트 ID: 1, Forward: 0.000000, Right: -1.000000, Yaw: 176.149994, Jump: false, Attack: false
[14:44:48.827] [DEBUG] 데이터 수신: 21 바이트, 클라이언트 ID: 1
[14:44:48.828] [INFO] 입력 패킷 수신 - 클라이언트 ID: 1, Forward: 0.000000, Right: -1.000000, Yaw: 176.149994, Jump: false, Attack: false
[14:44:48.887] [DEBUG] 데이터 수신: 21 바이트, 클라이언트 ID: 1
[14:44:48.887] [INFO] 입력 패킷 수신 - 클라이언트 ID: 1, Forward: 0.000000, Right: -1.000000, Yaw: 176.149994, Jump: false, Attack: false
[14:44:48.948] [DEBUG] 데이터 수신: 21 바이트, 클라이언트 ID: 1
[14:44:48.949] [INFO] 입력 패킷 수신 - 클라이언트 ID: 1, Forward: 0.000000, Right: -1.000000, Yaw: 176.149994, Jump: false, Attack: false
[14:44:49.002] [DEBUG] 데이터 수신: 21 바이트, 클라이언트 ID: 1
[14:44:49.003] [INFO] 입력 패킷 수신 - 클라이언트 ID: 1, Forward: 0.000000, Right: -1.000000, Yaw: 176.149994, Jump: false, Attack: false
[14:44:49.053] [DEBUG] 데이터 수신: 21 바이트, 클라이언트 ID: 1
[14:44:49.054] [INFO] 입력 패킷 수신 - 클라이언트 ID: 1, Forward: 0.000000, Right: -1.000000, Yaw: 176.149994, Jump: false, Attack: false
[14:44:49.109] [DEBUG] 데이터 수신: 21 바이트, 클라이언트 ID: 1
[14:44:49.110] [INFO] 입력 패킷 수신 - 클라이언트 ID: 1, Forward: 0.000000, Right: -1.000000, Yaw: 176.149994, Jump: false, Attack: false
[14:44:49.162] [DEBUG] 데이터 수신: 21 바이트, 클라이언트 ID: 1
[14:44:49.162] [INFO] 입력 패킷 수신 - 클라이언트 ID: 1, Forward: 0.000000, Right: -1.000000, Yaw: 176.149994, Jump: false, Attack: false
[14:44:49.221] [DEBUG] 데이터 수신: 21 바이트, 클라이언트 ID: 1
[14:44:49.222] [INFO] 입력 패킷 수신 - 클라이언트 ID: 1, Forward: 0.000000, Right: -1.000000, Yaw: 176.149994, Jump: false, Attack: false
[14:44:49.381] [DEBUG] 데이터 수신: 11 바이트, 클라이언트 ID: 1
[14:44:49.382] [DEBUG] [ProcessPacket] Ping 수신, ClientId: 1
[14:44:49.383] [DEBUG] [SendPacket] WSASend 요청 성공 - 컨텍스트: ServerPong, 보낸 크기: 11, 클라이언트 ID: 1
[14:44:49.383] [DEBUG] 데이터 수신: 11 바이트, 클라이언트 ID: 2
[14:44:49.383] [DEBUG] [ProcessPacket] Ping 수신, ClientId: 2
[14:44:49.383] [INFO] [Packet] Pong 전송 - ClientId: 1
[14:44:49.384] [DEBUG] [SendPacket] WSASend 요청 성공 - 컨텍스트: ServerPong, 보낸 크기: 11, 클라이언트 ID: 2
[14:44:49.384] [DEBUG] 데이터 수신: 21 바이트, 클라이언트 ID: 1
[14:44:49.384] [INFO] [Packet] Pong 전송 - ClientId: 2
[14:44:49.384] [INFO] 입력 패킷 수신 - 클라이언트 ID: 1, Forward: 0.000000, Right: 1.000000, Yaw: 176.149994, Jump: false, Attack: false
[14:44:49.435] [DEBUG] 데이터 수신: 21 바이트, 클라이언트 ID: 1
[14:44:49.435] [INFO] 입력 패킷 수신 - 클라이언트 ID: 1, Forward: 0.000000, Right: 1.000000, Yaw: 176.149994, Jump: false, Attack: false
[14:44:49.487] [DEBUG] 데이터 수신: 21 바이트, 클라이언트 ID: 1
[14:44:49.487] [INFO] 입력 패킷 수신 - 클라이언트 ID: 1, Forward: 0.000000, Right: 1.000000, Yaw: 176.149994, Jump: false, Attack: false
[14:44:49.543] [DEBUG] 데이터 수신: 21 바이트, 클라이언트 ID: 1
[14:44:49.544] [INFO] 입력 패킷 수신 - 클라이언트 ID: 1, Forward: 0.000000, Right: 1.000000, Yaw: 176.149994, Jump: false, Attack: false
[14:44:49.597] [DEBUG] 데이터 수신: 21 바이트, 클라이언트 ID: 1
[14:44:49.598] [INFO] 입력 패킷 수신 - 클라이언트 ID: 1, Forward: 0.000000, Right: 1.000000, Yaw: 176.149994, Jump: false, Attack: false
[14:44:49.649] [DEBUG] 데이터 수신: 21 바이트, 클라이언트 ID: 1
[14:44:49.649] [INFO] 입력 패킷 수신 - 클라이언트 ID: 1, Forward: 0.000000, Right: 1.000000, Yaw: 176.149994, Jump: false, Attack: false
[14:44:49.700] [DEBUG] 데이터 수신: 21 바이트, 클라이언트 ID: 1
[14:44:49.700] [INFO] 입력 패킷 수신 - 클라이언트 ID: 1, Forward: 0.000000, Right: 1.000000, Yaw: 176.149994, Jump: false, Attack: false
[14:44:49.751] [DEBUG] 데이터 수신: 21 바이트, 클라이언트 ID: 1
[14:44:49.752] [INFO] 입력 패킷 수신 - 클라이언트 ID: 1, Forward: 0.000000, Right: 1.000000, Yaw: 176.149994, Jump: false, Attack: false
[14:44:49.803] [DEBUG] 데이터 수신: 21 바이트, 클라이언트 ID: 1
[14:44:49.804] [INFO] 입력 패킷 수신 - 클라이언트 ID: 1, Forward: 0.000000, Right: 1.000000, Yaw: 176.149994, Jump: false, Attack: false
[14:44:49.857] [DEBUG] 데이터 수신: 21 바이트, 클라이언트 ID: 1
[14:44:49.857] [INFO] 입력 패킷 수신 - 클라이언트 ID: 1, Forward: 0.000000, Right: 1.000000, Yaw: 176.149994, Jump: false, Attack: false
[14:44:50.415] [DEBUG] 데이터 수신: 11 바이트, 클라이언트 ID: 1
[14:44:50.416] [DEBUG] [ProcessPacket] Ping 수신, ClientId: 1
[14:44:50.416] [DEBUG] [SendPacket] WSASend 요청 성공 - 컨텍스트: ServerPong, 보낸 크기: 11, 클라이언트 ID: 1
[14:44:50.416] [INFO] [Packet] Pong 전송 - ClientId: 1
[14:44:50.416] [DEBUG] 데이터 수신: 11 바이트, 클라이언트 ID: 2
[14:44:50.417] [DEBUG] [ProcessPacket] Ping 수신, ClientId: 2
[14:44:50.417] [DEBUG] [SendPacket] WSASend 요청 성공 - 컨텍스트: ServerPong, 보낸 크기: 11, 클라이언트 ID: 2
[14:44:50.417] [INFO] [Packet] Pong 전송 - ClientId: 2
[14:44:51.154] [DEBUG] 데이터 수신: 21 바이트, 클라이언트 ID: 1
[14:44:51.155] [INFO] 입력 패킷 수신 - 클라이언트 ID: 1, Forward: 1.000000, Right: 0.000000, Yaw: 32.649998, Jump: false, Attack: false
[14:44:51.204] [DEBUG] 데이터 수신: 21 바이트, 클라이언트 ID: 1
[14:44:51.204] [INFO] 입력 패킷 수신 - 클라이언트 ID: 1, Forward: 1.000000, Right: 0.000000, Yaw: 32.649998, Jump: false, Attack: false
[14:44:51.252] [DEBUG] 데이터 수신: 21 바이트, 클라이언트 ID: 1
[14:44:51.253] [INFO] 입력 패킷 수신 - 클라이언트 ID: 1, Forward: 1.000000, Right: 0.000000, Yaw: 32.649998, Jump: false, Attack: false
[14:44:51.450] [DEBUG] 데이터 수신: 11 바이트, 클라이언트 ID: 1
[14:44:51.451] [DEBUG] [ProcessPacket] Ping 수신, ClientId: 1
[14:44:51.451] [DEBUG] [SendPacket] WSASend 요청 성공 - 컨텍스트: ServerPong, 보낸 크기: 11, 클라이언트 ID: 1
[14:44:51.451] [INFO] [Packet] Pong 전송 - ClientId: 1
[14:44:51.452] [DEBUG] 데이터 수신: 11 바이트, 클라이언트 ID: 2
[14:44:51.452] [DEBUG] [ProcessPacket] Ping 수신, ClientId: 2
[14:44:51.452] [DEBUG] [SendPacket] WSASend 요청 성공 - 컨텍스트: ServerPong, 보낸 크기: 11, 클라이언트 ID: 2
[14:44:51.452] [INFO] [Packet] Pong 전송 - ClientId: 2
[14:44:52.075] [DEBUG] 데이터 수신: 21 바이트, 클라이언트 ID: 1
[14:44:52.076] [INFO] 입력 패킷 수신 - 클라이언트 ID: 1, Forward: 0.000000, Right: 0.000000, Yaw: 32.125000, Jump: false, Attack: true
[14:44:52.119] [DEBUG] 데이터 수신: 21 바이트, 클라이언트 ID: 1
[14:44:52.120] [INFO] 입력 패킷 수신 - 클라이언트 ID: 1, Forward: 0.000000, Right: 0.000000, Yaw: 32.125000, Jump: false, Attack: true
[14:44:52.468] [DEBUG] 데이터 수신: 11 바이트, 클라이언트 ID: 1
[14:44:52.469] [DEBUG] [ProcessPacket] Ping 수신, ClientId: 1
[14:44:52.469] [DEBUG] [SendPacket] WSASend 요청 성공 - 컨텍스트: ServerPong, 보낸 크기: 11, 클라이언트 ID: 1
[14:44:52.469] [INFO] [Packet] Pong 전송 - ClientId: 1
[14:44:52.470] [DEBUG] 데이터 수신: 11 바이트, 클라이언트 ID: 2
[14:44:52.470] [DEBUG] [ProcessPacket] Ping 수신, ClientId: 2
[14:44:52.470] [DEBUG] [SendPacket] WSASend 요청 성공 - 컨텍스트: ServerPong, 보낸 크기: 11, 클라이언트 ID: 2
[14:44:52.470] [INFO] [Packet] Pong 전송 - ClientId: 2
[14:44:53.469] [DEBUG] 데이터 수신: 11 바이트, 클라이언트 ID: 1
[14:44:53.469] [DEBUG] [ProcessPacket] Ping 수신, ClientId: 1
[14:44:53.470] [DEBUG] [SendPacket] WSASend 요청 성공 - 컨텍스트: ServerPong, 보낸 크기: 11, 클라이언트 ID: 1
[14:44:53.470] [INFO] [Packet] Pong 전송 - ClientId: 1
[14:44:53.470] [DEBUG] 데이터 수신: 11 바이트, 클라이언트 ID: 2
[14:44:53.471] [DEBUG] [ProcessPacket] Ping 수신, ClientId: 2
[14:44:53.471] [DEBUG] [SendPacket] WSASend 요청 성공 - 컨텍스트: ServerPong, 보낸 크기: 11, 클라이언트 ID: 2
[14:44:53.471] [INFO] [Packet] Pong 전송 - ClientId: 2
[14:44:54.473] [DEBUG] 데이터 수신: 11 바이트, 클라이언트 ID: 1
[14:44:54.473] [DEBUG] [ProcessPacket] Ping 수신, ClientId: 1
[14:44:54.474] [DEBUG] [SendPacket] WSASend 요청 성공 - 컨텍스트: ServerPong, 보낸 크기: 11, 클라이언트 ID: 1
[14:44:54.474] [INFO] [Packet] Pong 전송 - ClientId: 1
[14:44:54.474] [DEBUG] 데이터 수신: 11 바이트, 클라이언트 ID: 2
[14:44:54.475] [DEBUG] [ProcessPacket] Ping 수신, ClientId: 2
[14:44:54.475] [DEBUG] [SendPacket] WSASend 요청 성공 - 컨텍스트: ServerPong, 보낸 크기: 11, 클라이언트 ID: 2
[14:44:54.475] [INFO] [Packet] Pong 전송 - ClientId: 2
[14:44:55.515] [DEBUG] 데이터 수신: 11 바이트, 클라이언트 ID: 1
[14:44:55.516] [DEBUG] [ProcessPacket] Ping 수신, ClientId: 1
[14:44:55.516] [DEBUG] [SendPacket] WSASend 요청 성공 - 컨텍스트: ServerPong, 보낸 크기: 11, 클라이언트 ID: 1
[14:44:55.516] [INFO] [Packet] Pong 전송 - ClientId: 1
[14:44:55.517] [DEBUG] 데이터 수신: 11 바이트, 클라이언트 ID: 2
[14:44:55.517] [DEBUG] [ProcessPacket] Ping 수신, ClientId: 2
[14:44:55.517] [DEBUG] [SendPacket] WSASend 요청 성공 - 컨텍스트: ServerPong, 보낸 크기: 11, 클라이언트 ID: 2
[14:44:55.517] [INFO] [Packet] Pong 전송 - ClientId: 2
