[20:00:32.692] [INFO] 로깅 시스템 초기화됨
[20:00:32.693] [INFO] 서버 인스턴스 생성됨
[20:00:32.693] [INFO] 서버 초기화 시작 (포트: 9000)
[20:00:32.693] [INFO] 윈속 초기화 성공
[20:00:32.695] [INFO] 리스닝 소켓 생성 성공
[20:00:32.695] [INFO] 소켓 바인딩 성공 (포트: 9000)
[20:00:32.695] [INFO] 리스닝 시작됨
[20:00:32.695] [INFO] IOCP 생성 성공
[20:00:32.695] [INFO] CPU 코어 수: 16, 생성할 작업자 스레드: 16
[20:00:32.695] [INFO] 작업자 스레드 #1 생성됨
[20:00:32.696] [INFO] 작업자 스레드 시작 (ThreadID: 25324)
[20:00:32.696] [INFO] 작업자 스레드 #2 생성됨
[20:00:32.696] [INFO] 작업자 스레드 시작 (ThreadID: 23508)
[20:00:32.697] [INFO] 작업자 스레드 #3 생성됨
[20:00:32.697] [INFO] 작업자 스레드 시작 (ThreadID: 23688)
[20:00:32.698] [INFO] 작업자 스레드 #4 생성됨
[20:00:32.698] [INFO] 작업자 스레드 시작 (ThreadID: 34460)
[20:00:32.698] [INFO] 작업자 스레드 #5 생성됨
[20:00:32.698] [INFO] 작업자 스레드 시작 (ThreadID: 34428)
[20:00:32.699] [INFO] 작업자 스레드 #6 생성됨
[20:00:32.699] [INFO] 작업자 스레드 시작 (ThreadID: 5800)
[20:00:32.700] [INFO] 작업자 스레드 #7 생성됨
[20:00:32.700] [INFO] 작업자 스레드 시작 (ThreadID: 25340)
[20:00:32.700] [INFO] 작업자 스레드 #8 생성됨
[20:00:32.700] [INFO] 작업자 스레드 시작 (ThreadID: 24908)
[20:00:32.701] [INFO] 작업자 스레드 #9 생성됨
[20:00:32.701] [INFO] 작업자 스레드 시작 (ThreadID: 404)
[20:00:32.701] [INFO] 작업자 스레드 #10 생성됨
[20:00:32.701] [INFO] 작업자 스레드 시작 (ThreadID: 27480)
[20:00:32.702] [INFO] 작업자 스레드 #11 생성됨
[20:00:32.702] [INFO] 작업자 스레드 시작 (ThreadID: 32928)
[20:00:32.702] [INFO] 작업자 스레드 #12 생성됨
[20:00:32.702] [INFO] 작업자 스레드 시작 (ThreadID: 29964)
[20:00:32.703] [INFO] 작업자 스레드 #13 생성됨
[20:00:32.703] [INFO] 작업자 스레드 시작 (ThreadID: 27400)
[20:00:32.703] [INFO] 작업자 스레드 #14 생성됨
[20:00:32.703] [INFO] 작업자 스레드 시작 (ThreadID: 5096)
[20:00:32.703] [INFO] 작업자 스레드 #15 생성됨
[20:00:32.704] [INFO] 작업자 스레드 시작 (ThreadID: 33568)
[20:00:32.704] [INFO] 작업자 스레드 #16 생성됨
[20:00:32.704] [INFO] 작업자 스레드 시작 (ThreadID: 22612)
[20:00:32.704] [INFO] 서버 초기화 완료
[20:00:32.704] [INFO] 서버 실행. 포트 번호: 9000
[20:00:32.705] [INFO] IOCP 멀티플레이어 서버 시작됨...
[20:00:32.705] [INFO] 서버 실행 시작
[20:00:35.953] [INFO] 클라이언트 연결됨: 127.0.0.1:10962 (ID: 1)
[20:00:35.954] [INFO] 새 클라이언트에게 ID 1 전송됨
[20:00:35.954] [INFO] 초기 위치 정보 전송됨 - 클라이언트 ID: 1, 위치: X=300.000000, Y=300.000000, Z=300.000000
[20:00:35.954] [INFO] 새 플레이어 정보(ID: 1) 브로드캐스트 - 수신자 수: 0
[20:00:35.954] [INFO] 기존 플레이어 정보 0개가 새 클라이언트(ID: 1)에게 전송됨
[20:00:35.955] [INFO] 서버 FPS: 0.615385, 평균 프레임 시간: 325.000000ms, 클라이언트 수: 1
[20:00:35.961] [WARNING] 잘못된 패킷 타입: 7, 클라이언트 ID: 1
[20:00:35.969] [WARNING] 잘못된 패킷 타입: 7, 클라이언트 ID: 1
[20:00:35.978] [WARNING] 잘못된 패킷 타입: 7, 클라이언트 ID: 1
[20:00:35.986] [WARNING] 잘못된 패킷 타입: 7, 클라이언트 ID: 1
[20:00:35.994] [WARNING] 잘못된 패킷 타입: 7, 클라이언트 ID: 1
[20:00:36.003] [WARNING] 잘못된 패킷 타입: 7, 클라이언트 ID: 1
[20:00:36.011] [WARNING] 잘못된 패킷 타입: 7, 클라이언트 ID: 1
[20:00:36.019] [WARNING] 잘못된 패킷 타입: 7, 클라이언트 ID: 1
[20:00:36.028] [WARNING] 잘못된 패킷 타입: 7, 클라이언트 ID: 1
[20:00:36.036] [WARNING] 잘못된 패킷 타입: 7, 클라이언트 ID: 1
[20:00:36.044] [WARNING] 잘못된 패킷 타입: 7, 클라이언트 ID: 1
[20:00:36.053] [WARNING] 잘못된 패킷 타입: 7, 클라이언트 ID: 1
[20:00:36.061] [WARNING] 잘못된 패킷 타입: 7, 클라이언트 ID: 1
[20:00:36.069] [WARNING] 잘못된 패킷 타입: 7, 클라이언트 ID: 1
[20:00:36.078] [WARNING] 잘못된 패킷 타입: 7, 클라이언트 ID: 1
[20:00:36.086] [WARNING] 잘못된 패킷 타입: 7, 클라이언트 ID: 1
[20:00:36.094] [WARNING] 잘못된 패킷 타입: 7, 클라이언트 ID: 1
[20:00:36.103] [WARNING] 잘못된 패킷 타입: 7, 클라이언트 ID: 1
[20:00:36.112] [WARNING] 잘못된 패킷 타입: 7, 클라이언트 ID: 1
[20:00:36.120] [WARNING] 잘못된 패킷 타입: 7, 클라이언트 ID: 1
[20:00:36.128] [WARNING] 잘못된 패킷 타입: 7, 클라이언트 ID: 1
[20:00:36.137] [WARNING] 잘못된 패킷 타입: 7, 클라이언트 ID: 1
[20:00:36.146] [WARNING] 잘못된 패킷 타입: 7, 클라이언트 ID: 1
[20:00:36.154] [WARNING] 잘못된 패킷 타입: 7, 클라이언트 ID: 1
[20:00:36.162] [WARNING] 잘못된 패킷 타입: 7, 클라이언트 ID: 1
[20:00:36.171] [WARNING] 잘못된 패킷 타입: 7, 클라이언트 ID: 1
[20:00:36.179] [WARNING] 잘못된 패킷 타입: 7, 클라이언트 ID: 1
[20:00:36.188] [WARNING] 잘못된 패킷 타입: 7, 클라이언트 ID: 1
[20:00:36.196] [WARNING] 잘못된 패킷 타입: 7, 클라이언트 ID: 1
[20:00:36.205] [WARNING] 잘못된 패킷 타입: 7, 클라이언트 ID: 1
[20:00:36.213] [WARNING] 잘못된 패킷 타입: 7, 클라이언트 ID: 1
[20:00:36.221] [WARNING] 잘못된 패킷 타입: 7, 클라이언트 ID: 1
[20:00:36.230] [WARNING] 잘못된 패킷 타입: 7, 클라이언트 ID: 1
[20:00:36.238] [WARNING] 잘못된 패킷 타입: 7, 클라이언트 ID: 1
[20:00:36.246] [WARNING] 잘못된 패킷 타입: 7, 클라이언트 ID: 1
[20:00:36.255] [WARNING] 잘못된 패킷 타입: 7, 클라이언트 ID: 1
[20:00:36.263] [WARNING] 잘못된 패킷 타입: 7, 클라이언트 ID: 1
[20:00:36.271] [WARNING] 잘못된 패킷 타입: 7, 클라이언트 ID: 1
[20:00:36.280] [WARNING] 잘못된 패킷 타입: 7, 클라이언트 ID: 1
[20:00:36.288] [WARNING] 잘못된 패킷 타입: 7, 클라이언트 ID: 1
[20:00:36.296] [WARNING] 잘못된 패킷 타입: 7, 클라이언트 ID: 1
[20:00:36.305] [WARNING] 잘못된 패킷 타입: 7, 클라이언트 ID: 1
[20:00:36.313] [WARNING] 잘못된 패킷 타입: 7, 클라이언트 ID: 1
[20:00:36.321] [WARNING] 잘못된 패킷 타입: 7, 클라이언트 ID: 1
[20:00:36.330] [WARNING] 잘못된 패킷 타입: 7, 클라이언트 ID: 1
[20:00:36.338] [WARNING] 잘못된 패킷 타입: 7, 클라이언트 ID: 1
[20:00:36.346] [WARNING] 잘못된 패킷 타입: 7, 클라이언트 ID: 1
[20:00:36.355] [WARNING] 잘못된 패킷 타입: 7, 클라이언트 ID: 1
[20:00:36.363] [WARNING] 잘못된 패킷 타입: 7, 클라이언트 ID: 1
[20:00:36.371] [WARNING] 잘못된 패킷 타입: 7, 클라이언트 ID: 1
[20:00:36.379] [WARNING] 잘못된 패킷 타입: 7, 클라이언트 ID: 1
[20:00:36.388] [WARNING] 잘못된 패킷 타입: 7, 클라이언트 ID: 1
[20:00:36.396] [WARNING] 잘못된 패킷 타입: 7, 클라이언트 ID: 1
[20:00:36.404] [WARNING] 잘못된 패킷 타입: 7, 클라이언트 ID: 1
[20:00:36.413] [WARNING] 잘못된 패킷 타입: 7, 클라이언트 ID: 1
[20:00:36.421] [WARNING] 잘못된 패킷 타입: 7, 클라이언트 ID: 1
[20:00:36.429] [WARNING] 잘못된 패킷 타입: 7, 클라이언트 ID: 1
[20:00:36.438] [WARNING] 잘못된 패킷 타입: 7, 클라이언트 ID: 1
[20:00:36.446] [WARNING] 잘못된 패킷 타입: 7, 클라이언트 ID: 1
[20:00:36.454] [WARNING] 잘못된 패킷 타입: 7, 클라이언트 ID: 1
[20:00:36.463] [WARNING] 잘못된 패킷 타입: 7, 클라이언트 ID: 1
[20:00:36.471] [WARNING] 잘못된 패킷 타입: 7, 클라이언트 ID: 1
[20:00:36.479] [WARNING] 잘못된 패킷 타입: 7, 클라이언트 ID: 1
[20:00:36.488] [WARNING] 잘못된 패킷 타입: 7, 클라이언트 ID: 1
[20:00:36.496] [WARNING] 잘못된 패킷 타입: 7, 클라이언트 ID: 1
[20:00:36.504] [WARNING] 잘못된 패킷 타입: 7, 클라이언트 ID: 1
[20:00:36.513] [WARNING] 잘못된 패킷 타입: 7, 클라이언트 ID: 1
[20:00:36.521] [WARNING] 잘못된 패킷 타입: 7, 클라이언트 ID: 1
[20:00:36.529] [WARNING] 잘못된 패킷 타입: 7, 클라이언트 ID: 1
[20:00:36.538] [WARNING] 잘못된 패킷 타입: 7, 클라이언트 ID: 1
[20:00:36.546] [WARNING] 잘못된 패킷 타입: 7, 클라이언트 ID: 1
[20:00:36.554] [WARNING] 잘못된 패킷 타입: 7, 클라이언트 ID: 1
[20:00:36.563] [WARNING] 잘못된 패킷 타입: 7, 클라이언트 ID: 1
[20:00:36.571] [WARNING] 잘못된 패킷 타입: 7, 클라이언트 ID: 1
[20:00:36.579] [WARNING] 잘못된 패킷 타입: 7, 클라이언트 ID: 1
[20:00:36.588] [WARNING] 잘못된 패킷 타입: 7, 클라이언트 ID: 1
[20:00:36.600] [WARNING] 잘못된 패킷 타입: 7, 클라이언트 ID: 1
[20:00:36.605] [WARNING] 잘못된 패킷 타입: 7, 클라이언트 ID: 1
[20:00:36.614] [WARNING] 잘못된 패킷 타입: 7, 클라이언트 ID: 1
[20:00:36.622] [WARNING] 잘못된 패킷 타입: 7, 클라이언트 ID: 1
[20:00:36.630] [WARNING] 잘못된 패킷 타입: 7, 클라이언트 ID: 1
[20:00:36.638] [WARNING] 잘못된 패킷 타입: 7, 클라이언트 ID: 1
[20:00:36.647] [WARNING] 잘못된 패킷 타입: 7, 클라이언트 ID: 1
[20:00:36.655] [WARNING] 잘못된 패킷 타입: 7, 클라이언트 ID: 1
[20:00:36.663] [WARNING] 잘못된 패킷 타입: 7, 클라이언트 ID: 1
[20:00:36.672] [WARNING] 잘못된 패킷 타입: 7, 클라이언트 ID: 1
[20:00:36.680] [WARNING] 잘못된 패킷 타입: 7, 클라이언트 ID: 1
[20:00:36.689] [WARNING] 잘못된 패킷 타입: 7, 클라이언트 ID: 1
[20:00:36.697] [WARNING] 잘못된 패킷 타입: 7, 클라이언트 ID: 1
[20:00:36.705] [WARNING] 잘못된 패킷 타입: 7, 클라이언트 ID: 1
[20:00:36.713] [WARNING] 잘못된 패킷 타입: 7, 클라이언트 ID: 1
[20:00:36.722] [WARNING] 잘못된 패킷 타입: 7, 클라이언트 ID: 1
[20:00:36.730] [WARNING] 잘못된 패킷 타입: 7, 클라이언트 ID: 1
[20:00:36.739] [WARNING] 잘못된 패킷 타입: 7, 클라이언트 ID: 1
[20:00:36.747] [WARNING] 잘못된 패킷 타입: 7, 클라이언트 ID: 1
[20:00:36.755] [WARNING] 잘못된 패킷 타입: 7, 클라이언트 ID: 1
[20:00:36.764] [WARNING] 잘못된 패킷 타입: 7, 클라이언트 ID: 1
[20:00:36.772] [WARNING] 잘못된 패킷 타입: 7, 클라이언트 ID: 1
[20:00:36.780] [WARNING] 잘못된 패킷 타입: 7, 클라이언트 ID: 1
[20:00:36.789] [WARNING] 잘못된 패킷 타입: 7, 클라이언트 ID: 1
[20:00:36.797] [WARNING] 잘못된 패킷 타입: 7, 클라이언트 ID: 1
[20:00:36.805] [WARNING] 잘못된 패킷 타입: 7, 클라이언트 ID: 1
[20:00:36.813] [WARNING] 잘못된 패킷 타입: 7, 클라이언트 ID: 1
[20:00:36.822] [WARNING] 잘못된 패킷 타입: 7, 클라이언트 ID: 1
[20:00:36.830] [WARNING] 잘못된 패킷 타입: 7, 클라이언트 ID: 1
[20:00:36.839] [WARNING] 잘못된 패킷 타입: 7, 클라이언트 ID: 1
[20:00:36.847] [WARNING] 잘못된 패킷 타입: 7, 클라이언트 ID: 1
[20:00:36.855] [WARNING] 잘못된 패킷 타입: 7, 클라이언트 ID: 1
[20:00:36.864] [WARNING] 잘못된 패킷 타입: 7, 클라이언트 ID: 1
[20:00:36.872] [WARNING] 잘못된 패킷 타입: 7, 클라이언트 ID: 1
[20:00:36.881] [WARNING] 잘못된 패킷 타입: 7, 클라이언트 ID: 1
[20:00:36.889] [WARNING] 잘못된 패킷 타입: 7, 클라이언트 ID: 1
[20:00:36.897] [WARNING] 잘못된 패킷 타입: 7, 클라이언트 ID: 1
[20:00:36.905] [WARNING] 잘못된 패킷 타입: 7, 클라이언트 ID: 1
[20:00:36.914] [WARNING] 잘못된 패킷 타입: 7, 클라이언트 ID: 1
[20:00:36.922] [WARNING] 잘못된 패킷 타입: 7, 클라이언트 ID: 1
[20:00:36.931] [WARNING] 잘못된 패킷 타입: 7, 클라이언트 ID: 1
[20:00:36.939] [WARNING] 잘못된 패킷 타입: 7, 클라이언트 ID: 1
[20:00:36.947] [WARNING] 잘못된 패킷 타입: 7, 클라이언트 ID: 1
[20:00:36.956] [WARNING] 잘못된 패킷 타입: 7, 클라이언트 ID: 1
[20:00:36.964] [WARNING] 잘못된 패킷 타입: 7, 클라이언트 ID: 1
[20:00:36.972] [WARNING] 잘못된 패킷 타입: 7, 클라이언트 ID: 1
[20:00:36.981] [WARNING] 잘못된 패킷 타입: 7, 클라이언트 ID: 1
[20:00:36.989] [WARNING] 잘못된 패킷 타입: 7, 클라이언트 ID: 1
[20:00:36.997] [WARNING] 잘못된 패킷 타입: 7, 클라이언트 ID: 1
[20:00:37.006] [WARNING] 잘못된 패킷 타입: 7, 클라이언트 ID: 1
[20:00:37.014] [WARNING] 잘못된 패킷 타입: 7, 클라이언트 ID: 1
[20:00:37.022] [WARNING] 잘못된 패킷 타입: 7, 클라이언트 ID: 1
[20:00:37.031] [WARNING] 잘못된 패킷 타입: 7, 클라이언트 ID: 1
[20:00:37.039] [WARNING] 잘못된 패킷 타입: 7, 클라이언트 ID: 1
[20:00:37.047] [WARNING] 잘못된 패킷 타입: 7, 클라이언트 ID: 1
[20:00:37.056] [WARNING] 잘못된 패킷 타입: 7, 클라이언트 ID: 1
[20:00:37.064] [WARNING] 잘못된 패킷 타입: 7, 클라이언트 ID: 1
[20:00:37.072] [WARNING] 잘못된 패킷 타입: 7, 클라이언트 ID: 1
[20:00:37.081] [WARNING] 잘못된 패킷 타입: 7, 클라이언트 ID: 1
[20:00:37.089] [WARNING] 잘못된 패킷 타입: 7, 클라이언트 ID: 1
[20:00:37.097] [WARNING] 잘못된 패킷 타입: 7, 클라이언트 ID: 1
[20:00:37.106] [WARNING] 잘못된 패킷 타입: 7, 클라이언트 ID: 1
[20:00:37.114] [WARNING] 잘못된 패킷 타입: 7, 클라이언트 ID: 1
[20:00:37.122] [WARNING] 잘못된 패킷 타입: 7, 클라이언트 ID: 1
[20:00:37.131] [WARNING] 잘못된 패킷 타입: 7, 클라이언트 ID: 1
[20:00:37.139] [WARNING] 잘못된 패킷 타입: 7, 클라이언트 ID: 1
[20:00:37.147] [WARNING] 잘못된 패킷 타입: 7, 클라이언트 ID: 1
[20:00:37.155] [WARNING] 잘못된 패킷 타입: 7, 클라이언트 ID: 1
[20:00:37.164] [WARNING] 잘못된 패킷 타입: 7, 클라이언트 ID: 1
[20:00:37.172] [WARNING] 잘못된 패킷 타입: 7, 클라이언트 ID: 1
[20:00:37.181] [WARNING] 잘못된 패킷 타입: 7, 클라이언트 ID: 1
[20:00:37.189] [WARNING] 잘못된 패킷 타입: 7, 클라이언트 ID: 1
[20:00:37.197] [WARNING] 잘못된 패킷 타입: 7, 클라이언트 ID: 1
[20:00:37.206] [WARNING] 잘못된 패킷 타입: 7, 클라이언트 ID: 1
[20:00:37.214] [WARNING] 잘못된 패킷 타입: 7, 클라이언트 ID: 1
[20:00:37.222] [WARNING] 잘못된 패킷 타입: 7, 클라이언트 ID: 1
[20:00:37.231] [WARNING] 잘못된 패킷 타입: 7, 클라이언트 ID: 1
[20:00:37.239] [WARNING] 잘못된 패킷 타입: 7, 클라이언트 ID: 1
[20:00:37.247] [WARNING] 잘못된 패킷 타입: 7, 클라이언트 ID: 1
[20:00:37.255] [WARNING] 잘못된 패킷 타입: 7, 클라이언트 ID: 1
[20:00:37.264] [WARNING] 잘못된 패킷 타입: 7, 클라이언트 ID: 1
[20:00:37.272] [WARNING] 잘못된 패킷 타입: 7, 클라이언트 ID: 1
[20:00:37.281] [WARNING] 잘못된 패킷 타입: 7, 클라이언트 ID: 1
[20:00:37.289] [WARNING] 잘못된 패킷 타입: 7, 클라이언트 ID: 1
[20:00:37.297] [WARNING] 잘못된 패킷 타입: 7, 클라이언트 ID: 1
[20:00:37.306] [WARNING] 잘못된 패킷 타입: 7, 클라이언트 ID: 1
[20:00:37.314] [WARNING] 잘못된 패킷 타입: 7, 클라이언트 ID: 1
[20:00:37.322] [WARNING] 잘못된 패킷 타입: 7, 클라이언트 ID: 1
[20:00:37.331] [WARNING] 잘못된 패킷 타입: 7, 클라이언트 ID: 1
[20:00:37.339] [WARNING] 잘못된 패킷 타입: 7, 클라이언트 ID: 1
[20:00:37.347] [WARNING] 잘못된 패킷 타입: 7, 클라이언트 ID: 1
[20:00:37.356] [WARNING] 잘못된 패킷 타입: 7, 클라이언트 ID: 1
[20:00:37.364] [WARNING] 잘못된 패킷 타입: 7, 클라이언트 ID: 1
[20:00:37.373] [WARNING] 잘못된 패킷 타입: 7, 클라이언트 ID: 1
[20:00:37.381] [WARNING] 잘못된 패킷 타입: 7, 클라이언트 ID: 1
[20:00:37.389] [WARNING] 잘못된 패킷 타입: 7, 클라이언트 ID: 1
[20:00:37.397] [WARNING] 잘못된 패킷 타입: 7, 클라이언트 ID: 1
[20:00:37.406] [WARNING] 잘못된 패킷 타입: 7, 클라이언트 ID: 1
[20:00:37.414] [WARNING] 잘못된 패킷 타입: 7, 클라이언트 ID: 1
[20:00:37.422] [WARNING] 잘못된 패킷 타입: 7, 클라이언트 ID: 1
[20:00:37.431] [WARNING] 잘못된 패킷 타입: 7, 클라이언트 ID: 1
[20:00:37.439] [WARNING] 잘못된 패킷 타입: 7, 클라이언트 ID: 1
[20:00:37.447] [WARNING] 잘못된 패킷 타입: 7, 클라이언트 ID: 1
[20:00:37.456] [WARNING] 잘못된 패킷 타입: 7, 클라이언트 ID: 1
[20:00:37.464] [WARNING] 잘못된 패킷 타입: 7, 클라이언트 ID: 1
[20:00:37.472] [WARNING] 잘못된 패킷 타입: 7, 클라이언트 ID: 1
[20:00:37.481] [WARNING] 잘못된 패킷 타입: 7, 클라이언트 ID: 1
[20:00:37.489] [WARNING] 잘못된 패킷 타입: 7, 클라이언트 ID: 1
[20:00:37.498] [WARNING] 잘못된 패킷 타입: 7, 클라이언트 ID: 1
[20:00:37.506] [WARNING] 잘못된 패킷 타입: 7, 클라이언트 ID: 1
[20:00:37.514] [WARNING] 잘못된 패킷 타입: 7, 클라이언트 ID: 1
[20:00:37.522] [WARNING] 잘못된 패킷 타입: 7, 클라이언트 ID: 1
[20:00:37.531] [WARNING] 잘못된 패킷 타입: 7, 클라이언트 ID: 1
[20:00:37.539] [WARNING] 잘못된 패킷 타입: 7, 클라이언트 ID: 1
[20:00:37.548] [WARNING] 잘못된 패킷 타입: 7, 클라이언트 ID: 1
[20:00:37.556] [WARNING] 잘못된 패킷 타입: 7, 클라이언트 ID: 1
[20:00:37.564] [WARNING] 잘못된 패킷 타입: 7, 클라이언트 ID: 1
[20:00:37.573] [WARNING] 잘못된 패킷 타입: 7, 클라이언트 ID: 1
