[16:30:36.201] [INFO] 로깅 시스템 초기화됨
[16:30:36.202] [INFO] 서버 인스턴스 생성됨
[16:30:36.202] [INFO] 서버 초기화 시작 (포트: 9000)
[16:30:36.203] [INFO] 윈속 초기화 성공
[16:30:36.204] [INFO] 리스닝 소켓 생성 성공
[16:30:36.204] [INFO] 소켓 바인딩 성공 (포트: 9000)
[16:30:36.204] [INFO] 리스닝 시작됨
[16:30:36.205] [INFO] IOCP 생성 성공
[16:30:36.205] [INFO] CPU 코어 수: 16, 생성할 작업자 스레드: 16
[16:30:36.205] [INFO] 작업자 스레드 #1 생성됨
[16:30:36.205] [INFO] 작업자 스레드 시작 (ThreadID: 23380)
[16:30:36.206] [INFO] 작업자 스레드 #2 생성됨
[16:30:36.206] [INFO] 작업자 스레드 시작 (ThreadID: 30168)
[16:30:36.207] [INFO] 작업자 스레드 #3 생성됨
[16:30:36.207] [INFO] 작업자 스레드 시작 (ThreadID: 5184)
[16:30:36.207] [INFO] 작업자 스레드 #4 생성됨
[16:30:36.208] [INFO] 작업자 스레드 시작 (ThreadID: 28728)
[16:30:36.208] [INFO] 작업자 스레드 #5 생성됨
[16:30:36.208] [INFO] 작업자 스레드 시작 (ThreadID: 23208)
[16:30:36.208] [INFO] 작업자 스레드 #6 생성됨
[16:30:36.209] [INFO] 작업자 스레드 시작 (ThreadID: 29900)
[16:30:36.209] [INFO] 작업자 스레드 #7 생성됨
[16:30:36.209] [INFO] 작업자 스레드 시작 (ThreadID: 25808)
[16:30:36.209] [INFO] 작업자 스레드 #8 생성됨
[16:30:36.209] [INFO] 작업자 스레드 시작 (ThreadID: 27480)
[16:30:36.210] [INFO] 작업자 스레드 #9 생성됨
[16:30:36.210] [INFO] 작업자 스레드 시작 (ThreadID: 26876)
[16:30:36.210] [INFO] 작업자 스레드 #10 생성됨
[16:30:36.210] [INFO] 작업자 스레드 시작 (ThreadID: 29612)
[16:30:36.211] [INFO] 작업자 스레드 #11 생성됨
[16:30:36.211] [INFO] 작업자 스레드 시작 (ThreadID: 4352)
[16:30:36.211] [INFO] 작업자 스레드 #12 생성됨
[16:30:36.211] [INFO] 작업자 스레드 시작 (ThreadID: 14012)
[16:30:36.212] [INFO] 작업자 스레드 #13 생성됨
[16:30:36.212] [INFO] 작업자 스레드 시작 (ThreadID: 1800)
[16:30:36.212] [INFO] 작업자 스레드 #14 생성됨
[16:30:36.212] [INFO] 작업자 스레드 시작 (ThreadID: 29756)
[16:30:36.213] [INFO] 작업자 스레드 #15 생성됨
[16:30:36.213] [INFO] 작업자 스레드 시작 (ThreadID: 12280)
[16:30:36.213] [INFO] 작업자 스레드 #16 생성됨
[16:30:36.213] [INFO] 작업자 스레드 시작 (ThreadID: 14308)
[16:30:36.213] [INFO] 서버 초기화 완료
[16:30:36.214] [INFO] 서버 실행. 포트 번호: 9000
[16:30:36.214] [INFO] IOCP 멀티플레이어 서버 시작됨...
[16:30:36.214] [INFO] 서버 실행 시작
[16:30:40.690] [INFO] 클라이언트 연결됨: 127.0.0.1:9096 (ID: 1)
[16:30:40.690] [INFO] 새 클라이언트에게 ID 1 전송됨
[16:30:40.691] [INFO] 새 플레이어 정보(ID: 1) 브로드캐스트 - 수신자 수: 0
[16:30:40.691] [INFO] 기존 플레이어 정보 0개가 새 클라이언트(ID: 1)에게 전송됨
[16:30:40.691] [INFO] 서버 FPS: 0.446030, 평균 프레임 시간: 448.399994ms, 클라이언트 수: 1
[16:30:40.691] [INFO] 클라이언트 연결됨: 127.0.0.1:9097 (ID: 2)
[16:30:40.692] [INFO] 새 클라이언트에게 ID 2 전송됨
[16:30:40.692] [INFO] 새 플레이어 정보(ID: 2) 브로드캐스트 - 수신자 수: 1
[16:30:40.692] [INFO] 기존 플레이어 정보 1개가 새 클라이언트(ID: 2)에게 전송됨
[16:30:40.692] [WARNING] 비정상적으로 긴 델타 타임: 4.484000초
[16:30:41.695] [INFO] [서버] PingPacket 수신 - ClientId: 1
[16:30:41.696] [INFO] [서버] PingPacket 수신 - ClientId: 2
[16:30:42.695] [INFO] [서버] PingPacket 수신 - ClientId: 1
[16:30:42.696] [INFO] [서버] PingPacket 수신 - ClientId: 2
[16:30:43.706] [INFO] [서버] PingPacket 수신 - ClientId: 1
[16:30:43.707] [INFO] [서버] PingPacket 수신 - ClientId: 2
[16:30:44.710] [INFO] [서버] PingPacket 수신 - ClientId: 1
[16:30:44.711] [INFO] [서버] PingPacket 수신 - ClientId: 2
[16:30:45.716] [INFO] [서버] PingPacket 수신 - ClientId: 1
[16:30:45.717] [INFO] [서버] PingPacket 수신 - ClientId: 2
[16:30:46.722] [INFO] [서버] PingPacket 수신 - ClientId: 1
[16:30:46.723] [INFO] [서버] PingPacket 수신 - ClientId: 2
[16:30:47.723] [INFO] [서버] PingPacket 수신 - ClientId: 1
[16:30:47.723] [INFO] [서버] PingPacket 수신 - ClientId: 2
