[11:08:31.825] [INFO] 로깅 시스템 초기화됨
[11:08:31.825] [INFO] 서버 인스턴스 생성됨
[11:08:31.826] [INFO] 서버 초기화 시작 (포트: 9000)
[11:08:31.827] [INFO] 윈속 초기화 성공
[11:08:31.829] [INFO] 리스닝 소켓 생성 성공
[11:08:31.829] [INFO] 소켓 바인딩 성공 (포트: 9000)
[11:08:31.830] [INFO] 리스닝 시작됨
[11:08:31.830] [INFO] IOCP 생성 성공
[11:08:31.830] [INFO] CPU 코어 수: 16, 생성할 작업자 스레드: 16
[11:08:31.831] [INFO] 작업자 스레드 #1 생성됨
[11:08:31.831] [INFO] 작업자 스레드 시작 (ThreadID: 19920)
[11:08:31.831] [INFO] 작업자 스레드 #2 생성됨
[11:08:31.832] [INFO] 작업자 스레드 시작 (ThreadID: 3740)
[11:08:31.832] [INFO] 작업자 스레드 #3 생성됨
[11:08:31.832] [INFO] 작업자 스레드 시작 (ThreadID: 30108)
[11:08:31.833] [INFO] 작업자 스레드 #4 생성됨
[11:08:31.833] [INFO] 작업자 스레드 시작 (ThreadID: 28148)
[11:08:31.834] [INFO] 작업자 스레드 #5 생성됨
[11:08:31.834] [INFO] 작업자 스레드 시작 (ThreadID: 9880)
[11:08:31.834] [INFO] 작업자 스레드 #6 생성됨
[11:08:31.834] [INFO] 작업자 스레드 시작 (ThreadID: 15336)
[11:08:31.835] [INFO] 작업자 스레드 #7 생성됨
[11:08:31.835] [INFO] 작업자 스레드 시작 (ThreadID: 30168)
[11:08:31.835] [INFO] 작업자 스레드 #8 생성됨
[11:08:31.836] [INFO] 작업자 스레드 시작 (ThreadID: 25664)
[11:08:31.836] [INFO] 작업자 스레드 #9 생성됨
[11:08:31.836] [INFO] 작업자 스레드 시작 (ThreadID: 31480)
[11:08:31.836] [INFO] 작업자 스레드 #10 생성됨
[11:08:31.837] [INFO] 작업자 스레드 시작 (ThreadID: 31732)
[11:08:31.837] [INFO] 작업자 스레드 #11 생성됨
[11:08:31.837] [INFO] 작업자 스레드 시작 (ThreadID: 6440)
[11:08:31.837] [INFO] 작업자 스레드 #12 생성됨
[11:08:31.838] [INFO] 작업자 스레드 시작 (ThreadID: 27140)
[11:08:31.838] [INFO] 작업자 스레드 #13 생성됨
[11:08:31.838] [INFO] 작업자 스레드 시작 (ThreadID: 22744)
[11:08:31.838] [INFO] 작업자 스레드 #14 생성됨
[11:08:31.839] [INFO] 작업자 스레드 시작 (ThreadID: 26064)
[11:08:31.839] [INFO] 작업자 스레드 #15 생성됨
[11:08:31.839] [INFO] 작업자 스레드 시작 (ThreadID: 11016)
[11:08:31.839] [INFO] 작업자 스레드 #16 생성됨
[11:08:31.839] [INFO] 작업자 스레드 시작 (ThreadID: 7112)
[11:08:31.840] [INFO] 서버 초기화 완료
[11:08:31.840] [INFO] 서버 실행. 포트 번호: 9000
[11:08:31.840] [INFO] IOCP 멀티플레이어 서버 시작됨...
[11:08:31.840] [INFO] 서버 실행 시작
[11:08:31.840] [INFO] listenSocket 논블로킹 설정 성공
[11:08:32.846] [INFO] 서버 FPS: 34.448818, 평균 프레임 시간: 0.000000ms, 클라이언트 수: 0
[11:08:33.888] [INFO] 서버 FPS: 32.977692, 평균 프레임 시간: 0.000000ms, 클라이언트 수: 0
[11:08:34.895] [INFO] 서버 FPS: 32.480316, 평균 프레임 시간: 0.000000ms, 클라이언트 수: 0
[11:08:35.922] [INFO] 서버 FPS: 34.482758, 평균 프레임 시간: 0.000000ms, 클라이언트 수: 0
[11:08:36.935] [INFO] 서버 FPS: 33.464565, 평균 프레임 시간: 0.000000ms, 클라이언트 수: 0
[11:08:37.246] [INFO] 새 클라이언트에게 ID 1 전송됨
[11:08:37.247] [INFO] 초기 위치 정보 전송됨 - 클라이언트 ID: 1, 위치: X=0.000000, Y=0.000000, Z=90.000000
[11:08:37.247] [INFO] 새 플레이어 정보(ID: 1) 브로드캐스트 - 수신자 수: 0
[11:08:37.247] [INFO] 기존 플레이어 정보 0개가 새 클라이언트(ID: 1)에게 전송됨
[11:08:37.277] [INFO] 새 클라이언트에게 ID 2 전송됨
[11:08:37.278] [INFO] 초기 위치 정보 전송됨 - 클라이언트 ID: 2, 위치: X=300.000000, Y=0.000000, Z=90.000000
[11:08:37.278] [INFO] 새 플레이어 정보(ID: 2) 브로드캐스트 - 수신자 수: 1
[11:08:37.278] [INFO] 기존 플레이어 정보 1개가 새 클라이언트(ID: 2)에게 전송됨
[11:08:37.960] [INFO] 서버 FPS: 32.007759, 평균 프레임 시간: 0.000000ms, 클라이언트 수: 2
[11:08:38.986] [INFO] 서버 FPS: 32.977692, 평균 프레임 시간: 0.000000ms, 클라이언트 수: 2
[11:08:40.029] [INFO] 서버 FPS: 32.945736, 평균 프레임 시간: 0.000000ms, 클라이언트 수: 2
[11:08:41.041] [INFO] 서버 FPS: 32.512314, 평균 프레임 시간: 0.000000ms, 클라이언트 수: 2
[11:08:42.052] [INFO] 서버 FPS: 32.480316, 평균 프레임 시간: 0.000000ms, 클라이언트 수: 2
[11:08:43.080] [INFO] 서버 FPS: 32.007759, 평균 프레임 시간: 0.000000ms, 클라이언트 수: 2
[11:08:44.119] [INFO] 서버 FPS: 34.917557, 평균 프레임 시간: 0.196746ms, 클라이언트 수: 2
[11:08:45.144] [INFO] 서버 FPS: 31.976744, 평균 프레임 시간: 0.006080ms, 클라이언트 수: 2
[11:08:46.175] [INFO] 서버 FPS: 32.007759, 평균 프레임 시간: 0.000188ms, 클라이언트 수: 2
[11:08:47.215] [INFO] 서버 FPS: 32.977692, 평균 프레임 시간: 0.000005ms, 클라이언트 수: 2
[11:08:48.241] [INFO] 서버 FPS: 32.007759, 평균 프레임 시간: 0.000000ms, 클라이언트 수: 2
[11:08:49.263] [INFO] 서버 FPS: 32.480316, 평균 프레임 시간: 0.000000ms, 클라이언트 수: 2
[11:08:50.292] [INFO] 서버 FPS: 32.007759, 평균 프레임 시간: 0.000000ms, 클라이언트 수: 2
[11:08:51.318] [INFO] 서버 FPS: 32.007759, 평균 프레임 시간: 0.000000ms, 클라이언트 수: 2
[11:08:52.346] [INFO] 서버 FPS: 31.976744, 평균 프레임 시간: 0.000000ms, 클라이언트 수: 2
[11:08:53.388] [INFO] 서버 FPS: 33.947624, 평균 프레임 시간: 0.157563ms, 클라이언트 수: 2
[11:08:54.413] [INFO] 서버 FPS: 32.007759, 평균 프레임 시간: 0.004869ms, 클라이언트 수: 2
[11:08:55.439] [INFO] 서버 FPS: 32.007759, 평균 프레임 시간: 0.000150ms, 클라이언트 수: 2
[11:08:56.465] [INFO] 서버 FPS: 32.480316, 평균 프레임 시간: 0.000005ms, 클라이언트 수: 2
[11:08:57.486] [INFO] 서버 FPS: 32.007759, 평균 프레임 시간: 0.000000ms, 클라이언트 수: 2
[11:08:58.514] [INFO] 서버 FPS: 32.480316, 평균 프레임 시간: 0.000000ms, 클라이언트 수: 2
[11:08:59.540] [INFO] 서버 FPS: 32.007759, 평균 프레임 시간: 0.000000ms, 클라이언트 수: 2
[11:09:00.567] [INFO] 서버 FPS: 32.007759, 평균 프레임 시간: 0.000000ms, 클라이언트 수: 2
[11:09:01.608] [INFO] 서버 FPS: 32.945736, 평균 프레임 시간: 0.000000ms, 클라이언트 수: 2
[11:09:02.635] [INFO] 서버 FPS: 32.007759, 평균 프레임 시간: 0.000000ms, 클라이언트 수: 2
[11:09:03.646] [INFO] 서버 FPS: 32.480316, 평균 프레임 시간: 0.000000ms, 클라이언트 수: 2
[11:09:04.670] [INFO] 서버 FPS: 32.512314, 평균 프레임 시간: 0.000000ms, 클라이언트 수: 2
[11:09:05.697] [INFO] 서버 FPS: 32.007759, 평균 프레임 시간: 0.000000ms, 클라이언트 수: 2
[11:09:06.726] [INFO] 서버 FPS: 31.976744, 평균 프레임 시간: 0.000000ms, 클라이언트 수: 2
[11:09:07.752] [INFO] 서버 FPS: 32.007759, 평균 프레임 시간: 0.000000ms, 클라이언트 수: 2
[11:09:08.771] [INFO] 서버 FPS: 32.480316, 평균 프레임 시간: 0.000000ms, 클라이언트 수: 2
[11:09:09.799] [INFO] 서버 FPS: 32.007759, 평균 프레임 시간: 0.000000ms, 클라이언트 수: 2
[11:09:10.824] [INFO] 서버 FPS: 32.512314, 평균 프레임 시간: 0.000000ms, 클라이언트 수: 2
[11:09:11.849] [INFO] 서버 FPS: 31.976744, 평균 프레임 시간: 0.000000ms, 클라이언트 수: 2
[11:09:12.874] [INFO] 서버 FPS: 32.512314, 평균 프레임 시간: 0.000000ms, 클라이언트 수: 2
[11:09:13.902] [INFO] 서버 FPS: 31.976744, 평균 프레임 시간: 0.000000ms, 클라이언트 수: 2
[11:09:14.921] [INFO] 서버 FPS: 32.512314, 평균 프레임 시간: 0.000000ms, 클라이언트 수: 2
[11:09:15.945] [INFO] 서버 FPS: 32.007759, 평균 프레임 시간: 0.000000ms, 클라이언트 수: 2
[11:09:16.974] [INFO] 서버 FPS: 31.976744, 평균 프레임 시간: 0.000000ms, 클라이언트 수: 2
[11:09:17.991] [INFO] 서버 FPS: 32.512314, 평균 프레임 시간: 0.000000ms, 클라이언트 수: 2
[11:09:19.015] [INFO] 서버 FPS: 32.480316, 평균 프레임 시간: 0.000000ms, 클라이언트 수: 2
[11:09:20.038] [INFO] 서버 FPS: 32.007759, 평균 프레임 시간: 0.000000ms, 클라이언트 수: 2
[11:09:21.067] [INFO] 서버 FPS: 32.007759, 평균 프레임 시간: 0.000000ms, 클라이언트 수: 2
[11:09:22.095] [INFO] 서버 FPS: 31.976744, 평균 프레임 시간: 0.000000ms, 클라이언트 수: 2
[11:09:23.118] [INFO] 서버 FPS: 33.497536, 평균 프레임 시간: 0.057228ms, 클라이언트 수: 2
[11:09:24.131] [INFO] 서버 FPS: 32.480316, 평균 프레임 시간: 0.001769ms, 클라이언트 수: 2
[11:09:25.151] [INFO] 서버 FPS: 32.480316, 평균 프레임 시간: 0.000055ms, 클라이언트 수: 2
[11:09:26.183] [INFO] 서버 FPS: 32.007759, 평균 프레임 시간: 0.000002ms, 클라이언트 수: 2
[11:09:27.191] [INFO] 서버 FPS: 32.512314, 평균 프레임 시간: 0.000000ms, 클라이언트 수: 2
[11:09:28.222] [INFO] 서버 FPS: 31.976744, 평균 프레임 시간: 0.000000ms, 클라이언트 수: 2
[11:09:29.264] [INFO] 서버 FPS: 32.977692, 평균 프레임 시간: 0.343152ms, 클라이언트 수: 2
[11:09:30.276] [INFO] 서버 FPS: 32.480316, 평균 프레임 시간: 0.010604ms, 클라이언트 수: 2
[11:09:31.304] [INFO] 서버 FPS: 32.007759, 평균 프레임 시간: 0.000328ms, 클라이언트 수: 2
[11:09:31.741] [WARNING] 클라이언트 Ping 타임아웃 발생 - ID: 1, 마지막 Ping 후 경과 시간: 5.031006초
[11:09:31.742] [WARNING] 클라이언트 Ping 타임아웃 발생 - ID: 2, 마지막 Ping 후 경과 시간: 5.031006초
[11:09:31.742] [INFO] 클라이언트 연결 끊김 (ID: 1)
[11:09:31.742] [INFO] 클라이언트가 정상적으로 연결 종료함 - ID: 1
[11:09:31.743] [INFO] 클라이언트 연결 끊김 알림(ID: 1) - 수신자 수: 1
[11:09:31.743] [INFO] 클라이언트 연결 끊김 (ID: 2)
[11:09:31.743] [INFO] 클라이언트가 정상적으로 연결 종료함 - ID: 2
[11:09:31.743] [INFO] 클라이언트 연결 끊김 알림(ID: 2) - 수신자 수: 0
[11:09:31.743] [WARNING] 존재하지 않는 클라이언트 ID를 제거하려고 시도: 1
[11:09:31.744] [WARNING] 존재하지 않는 클라이언트 ID를 제거하려고 시도: 2
[11:09:32.329] [INFO] 서버 FPS: 32.007759, 평균 프레임 시간: 0.000010ms, 클라이언트 수: 0
[11:09:33.351] [INFO] 서버 FPS: 34.448818, 평균 프레임 시간: 0.000000ms, 클라이언트 수: 0
