[18:38:57.246] [INFO] 로깅 시스템 초기화됨
[18:38:57.247] [INFO] 서버 인스턴스 생성됨
[18:38:57.247] [INFO] 서버 초기화 시작 (포트: 9000)
[18:38:57.248] [INFO] 윈속 초기화 성공
[18:38:57.249] [INFO] 리스닝 소켓 생성 성공
[18:38:57.249] [INFO] 소켓 바인딩 성공 (포트: 9000)
[18:38:57.249] [INFO] 리스닝 시작됨
[18:38:57.250] [INFO] IOCP 생성 성공
[18:38:57.250] [INFO] CPU 코어 수: 16, 생성할 작업자 스레드: 16
[18:38:57.250] [INFO] 작업자 스레드 #1 생성됨
[18:38:57.250] [INFO] 작업자 스레드 시작 (ThreadID: 26788)
[18:38:57.251] [INFO] 작업자 스레드 #2 생성됨
[18:38:57.251] [INFO] 작업자 스레드 시작 (ThreadID: 1712)
[18:38:57.251] [INFO] 작업자 스레드 #3 생성됨
[18:38:57.251] [INFO] 작업자 스레드 시작 (ThreadID: 13940)
[18:38:57.252] [INFO] 작업자 스레드 #4 생성됨
[18:38:57.252] [INFO] 작업자 스레드 시작 (ThreadID: 5236)
[18:38:57.252] [INFO] 작업자 스레드 #5 생성됨
[18:38:57.253] [INFO] 작업자 스레드 시작 (ThreadID: 23164)
[18:38:57.253] [INFO] 작업자 스레드 #6 생성됨
[18:38:57.253] [INFO] 작업자 스레드 시작 (ThreadID: 28324)
[18:38:57.253] [INFO] 작업자 스레드 #7 생성됨
[18:38:57.253] [INFO] 작업자 스레드 시작 (ThreadID: 28276)
[18:38:57.254] [INFO] 작업자 스레드 #8 생성됨
[18:38:57.254] [INFO] 작업자 스레드 시작 (ThreadID: 10596)
[18:38:57.254] [INFO] 작업자 스레드 #9 생성됨
[18:38:57.255] [INFO] 작업자 스레드 시작 (ThreadID: 20016)
[18:38:57.255] [INFO] 작업자 스레드 #10 생성됨
[18:38:57.255] [INFO] 작업자 스레드 시작 (ThreadID: 34564)
[18:38:57.255] [INFO] 작업자 스레드 #11 생성됨
[18:38:57.255] [INFO] 작업자 스레드 시작 (ThreadID: 27100)
[18:38:57.256] [INFO] 작업자 스레드 #12 생성됨
[18:38:57.256] [INFO] 작업자 스레드 시작 (ThreadID: 32520)
[18:38:57.256] [INFO] 작업자 스레드 #13 생성됨
[18:38:57.256] [INFO] 작업자 스레드 시작 (ThreadID: 27908)
[18:38:57.257] [INFO] 작업자 스레드 #14 생성됨
[18:38:57.257] [INFO] 작업자 스레드 시작 (ThreadID: 26668)
[18:38:57.257] [INFO] 작업자 스레드 #15 생성됨
[18:38:57.257] [INFO] 작업자 스레드 시작 (ThreadID: 8300)
[18:38:57.258] [INFO] 작업자 스레드 #16 생성됨
[18:38:57.258] [INFO] 작업자 스레드 시작 (ThreadID: 33688)
[18:38:57.258] [INFO] 서버 초기화 완료
[18:38:57.258] [INFO] 서버 실행. 포트 번호: 9000
[18:38:57.258] [INFO] IOCP 멀티플레이어 서버 시작됨...
[18:38:57.258] [INFO] 서버 실행 시작
[18:40:52.671] [INFO] 클라이언트 연결됨: 127.0.0.1:10493 (ID: 1)
[18:41:04.237] [INFO] 새 클라이언트에게 ID 1 전송됨
[18:41:41.949] [INFO] 새 플레이어 정보(ID: 1) 브로드캐스트 - 수신자 수: 0
