[16:39:51.264] [INFO] 로깅 시스템 초기화됨
[16:39:51.265] [INFO] 서버 인스턴스 생성됨
[16:39:51.265] [INFO] 서버 초기화 시작 (포트: 9000)
[16:39:51.266] [INFO] 윈속 초기화 성공
[16:39:51.266] [INFO] 리스닝 소켓 생성 성공
[16:39:51.267] [INFO] 소켓 바인딩 성공 (포트: 9000)
[16:39:51.267] [INFO] 리스닝 시작됨
[16:39:51.267] [INFO] IOCP 생성 성공
[16:39:51.267] [INFO] CPU 코어 수: 16, 생성할 작업자 스레드: 16
[16:39:51.268] [INFO] 작업자 스레드 #1 생성됨
[16:39:51.268] [INFO] 작업자 스레드 시작 (ThreadID: 32268)
[16:39:51.268] [INFO] 작업자 스레드 #2 생성됨
[16:39:51.268] [INFO] 작업자 스레드 시작 (ThreadID: 10732)
[16:39:51.269] [INFO] 작업자 스레드 #3 생성됨
[16:39:51.269] [INFO] 작업자 스레드 시작 (ThreadID: 5116)
[16:39:51.269] [INFO] 작업자 스레드 #4 생성됨
[16:39:51.269] [INFO] 작업자 스레드 시작 (ThreadID: 4008)
[16:39:51.269] [INFO] 작업자 스레드 #5 생성됨
[16:39:51.270] [INFO] 작업자 스레드 시작 (ThreadID: 31620)
[16:39:51.270] [INFO] 작업자 스레드 #6 생성됨
[16:39:51.270] [INFO] 작업자 스레드 시작 (ThreadID: 25508)
[16:39:51.270] [INFO] 작업자 스레드 #7 생성됨
[16:39:51.270] [INFO] 작업자 스레드 시작 (ThreadID: 22140)
[16:39:51.271] [INFO] 작업자 스레드 #8 생성됨
[16:39:51.271] [INFO] 작업자 스레드 시작 (ThreadID: 32496)
[16:39:51.271] [INFO] 작업자 스레드 #9 생성됨
[16:39:51.271] [INFO] 작업자 스레드 시작 (ThreadID: 13668)
[16:39:51.271] [INFO] 작업자 스레드 #10 생성됨
[16:39:51.271] [INFO] 작업자 스레드 시작 (ThreadID: 30668)
[16:39:51.272] [INFO] 작업자 스레드 #11 생성됨
[16:39:51.272] [INFO] 작업자 스레드 시작 (ThreadID: 26992)
[16:39:51.272] [INFO] 작업자 스레드 #12 생성됨
[16:39:51.272] [INFO] 작업자 스레드 시작 (ThreadID: 32352)
[16:39:51.272] [INFO] 작업자 스레드 #13 생성됨
[16:39:51.273] [INFO] 작업자 스레드 시작 (ThreadID: 24968)
[16:39:51.273] [INFO] 작업자 스레드 #14 생성됨
[16:39:51.273] [INFO] 작업자 스레드 시작 (ThreadID: 32140)
[16:39:51.273] [INFO] 작업자 스레드 #15 생성됨
[16:39:51.273] [INFO] 작업자 스레드 시작 (ThreadID: 26892)
[16:39:51.274] [INFO] 작업자 스레드 #16 생성됨
[16:39:51.274] [INFO] 작업자 스레드 시작 (ThreadID: 22676)
[16:39:51.274] [INFO] 서버 초기화 완료
[16:39:51.274] [INFO] 서버 실행. 포트 번호: 9000
[16:39:51.274] [INFO] IOCP 멀티플레이어 서버 시작됨...
[16:39:51.274] [INFO] 서버 실행 시작
[16:39:54.139] [INFO] 클라이언트 연결됨: 127.0.0.1:9483 (ID: 1)
[16:39:54.140] [INFO] 새 클라이언트에게 ID 1 전송됨
[16:39:54.140] [INFO] 새 플레이어 정보(ID: 1) 브로드캐스트 - 수신자 수: 0
[16:39:54.140] [INFO] 새 클라이언트에게 ID 1 전송됨, 초기 위치: X=0.000000, Y=0.000000, Z=90.000000
[16:39:54.140] [INFO] 기존 플레이어 정보 0개가 새 클라이언트(ID: 1)에게 전송됨
[16:39:54.140] [INFO] 서버 FPS: 0.695652, 평균 프레임 시간: 287.500000ms, 클라이언트 수: 1
[16:39:54.141] [INFO] 클라이언트 연결됨: 127.0.0.1:9484 (ID: 2)
[16:39:54.141] [INFO] 새 클라이언트에게 ID 2 전송됨
[16:39:54.141] [INFO] 새 플레이어 정보(ID: 2) 브로드캐스트 - 수신자 수: 1
[16:39:54.141] [INFO] 새 클라이언트에게 ID 2 전송됨, 초기 위치: X=300.000000, Y=0.000000, Z=90.000000
[16:39:54.142] [INFO] 기존 플레이어 정보 1개가 새 클라이언트(ID: 2)에게 전송됨
[16:39:54.142] [WARNING] 비정상적으로 긴 델타 타임: 2.875000초
[16:39:55.150] [INFO] [서버] PingPacket 수신 - ClientId: 1
[16:39:55.150] [INFO] [서버] PingPacket 수신 - ClientId: 2
[16:39:56.149] [INFO] [서버] PingPacket 수신 - ClientId: 1
[16:39:56.150] [INFO] [서버] PingPacket 수신 - ClientId: 2
[17:17:56.124] [INFO] 클라이언트 연결됨: 127.0.0.1:9683 (ID: 3)
[17:17:56.124] [INFO] 새 클라이언트에게 ID 3 전송됨
[17:17:56.125] [INFO] 새 플레이어 정보(ID: 3) 브로드캐스트 - 수신자 수: 2
[17:17:56.125] [INFO] 새 클라이언트에게 ID 3 전송됨, 초기 위치: X=-300.000000, Y=0.000000, Z=90.000000
[17:17:56.125] [INFO] 기존 플레이어 정보 2개가 새 클라이언트(ID: 3)에게 전송됨
[17:17:56.126] [WARNING] 클라이언트 Ping 타임아웃 발생 - ID: 1
[17:17:56.126] [WARNING] 클라이언트 Ping 타임아웃 발생 - ID: 2
[17:17:56.126] [INFO] 클라이언트 연결 끊김 (ID: 1)
[17:17:56.126] [INFO] 클라이언트 연결 중단 - ID: 1, 오류: 알 수 없는 오류: 1236
[17:17:56.126] [INFO] 클라이언트 연결 끊김 알림(ID: 1) - 수신자 수: 2
[17:17:56.126] [INFO] 클라이언트 연결 끊김 (ID: 2)
[17:17:56.127] [INFO] 클라이언트 연결 중단 - ID: 2, 오류: 알 수 없는 오류: 1236
[17:17:56.127] [INFO] 클라이언트 연결 끊김 알림(ID: 2) - 수신자 수: 1
[17:17:56.127] [WARNING] 존재하지 않는 클라이언트 ID를 제거하려고 시도: 1
[17:17:56.127] [WARNING] 존재하지 않는 클라이언트 ID를 제거하려고 시도: 2
[17:17:56.128] [INFO] 서버 FPS: 0.000876, 평균 프레임 시간: 228429.781250ms, 클라이언트 수: 1
[17:17:56.128] [INFO] 클라이언트 연결됨: 127.0.0.1:9684 (ID: 4)
[17:17:56.128] [INFO] 새 클라이언트에게 ID 4 전송됨
[17:17:56.128] [INFO] 새 플레이어 정보(ID: 4) 브로드캐스트 - 수신자 수: 1
[17:17:56.129] [INFO] 새 클라이언트에게 ID 4 전송됨, 초기 위치: X=0.000000, Y=300.000000, Z=90.000000
[17:17:56.129] [INFO] 기존 플레이어 정보 1개가 새 클라이언트(ID: 4)에게 전송됨
[17:17:56.129] [WARNING] 비정상적으로 긴 델타 타임: 2281.968994초
[17:17:57.133] [INFO] [서버] PingPacket 수신 - ClientId: 3
[17:17:57.134] [INFO] [서버] PingPacket 수신 - ClientId: 4
[17:17:58.135] [INFO] [서버] PingPacket 수신 - ClientId: 3
[17:17:58.135] [INFO] [서버] PingPacket 수신 - ClientId: 4
[17:17:59.144] [INFO] [서버] PingPacket 수신 - ClientId: 3
[17:17:59.144] [INFO] [서버] PingPacket 수신 - ClientId: 4
