[03:47:30.874] [INFO] 로깅 시스템 초기화됨
[03:47:30.875] [INFO] 서버 인스턴스 생성됨
[03:47:30.875] [INFO] 서버 초기화 시작 (포트: 9000)
[03:47:30.876] [INFO] 윈속 초기화 성공
[03:47:30.877] [INFO] 리스닝 소켓 생성 성공
[03:47:30.877] [INFO] 소켓 바인딩 성공 (포트: 9000)
[03:47:30.878] [INFO] 리스닝 시작됨
[03:47:30.878] [INFO] IOCP 생성 성공
[03:47:30.878] [INFO] CPU 코어 수: 16, 생성할 작업자 스레드: 32
[03:47:30.878] [INFO] 작업자 스레드 #1 생성됨
[03:47:30.879] [INFO] 작업자 스레드 시작 (ThreadID: 33260)
[03:47:30.879] [INFO] 작업자 스레드 #2 생성됨
[03:47:30.879] [INFO] 작업자 스레드 시작 (ThreadID: 24664)
[03:47:30.880] [INFO] 작업자 스레드 #3 생성됨
[03:47:30.880] [INFO] 작업자 스레드 시작 (ThreadID: 31460)
[03:47:30.880] [INFO] 작업자 스레드 #4 생성됨
[03:47:30.880] [INFO] 작업자 스레드 시작 (ThreadID: 31920)
[03:47:30.881] [INFO] 작업자 스레드 #5 생성됨
[03:47:30.881] [INFO] 작업자 스레드 시작 (ThreadID: 36660)
[03:47:30.881] [INFO] 작업자 스레드 #6 생성됨
[03:47:30.881] [INFO] 작업자 스레드 시작 (ThreadID: 33892)
[03:47:30.882] [INFO] 작업자 스레드 #7 생성됨
[03:47:30.882] [INFO] 작업자 스레드 시작 (ThreadID: 13236)
[03:47:30.882] [INFO] 작업자 스레드 #8 생성됨
[03:47:30.882] [INFO] 작업자 스레드 시작 (ThreadID: 10036)
[03:47:30.883] [INFO] 작업자 스레드 #9 생성됨
[03:47:30.883] [INFO] 작업자 스레드 시작 (ThreadID: 37620)
[03:47:30.883] [INFO] 작업자 스레드 #10 생성됨
[03:47:30.883] [INFO] 작업자 스레드 시작 (ThreadID: 26028)
[03:47:30.883] [INFO] 작업자 스레드 #11 생성됨
[03:47:30.884] [INFO] 작업자 스레드 시작 (ThreadID: 28148)
[03:47:30.884] [INFO] 작업자 스레드 #12 생성됨
[03:47:30.884] [INFO] 작업자 스레드 시작 (ThreadID: 34224)
[03:47:30.884] [INFO] 작업자 스레드 #13 생성됨
[03:47:30.884] [INFO] 작업자 스레드 시작 (ThreadID: 35192)
[03:47:30.885] [INFO] 작업자 스레드 #14 생성됨
[03:47:30.885] [INFO] 작업자 스레드 시작 (ThreadID: 36680)
[03:47:30.885] [INFO] 작업자 스레드 #15 생성됨
[03:47:30.886] [INFO] 작업자 스레드 시작 (ThreadID: 27896)
[03:47:30.886] [INFO] 작업자 스레드 #16 생성됨
[03:47:30.886] [INFO] 작업자 스레드 시작 (ThreadID: 25852)
[03:47:30.886] [INFO] 작업자 스레드 #17 생성됨
[03:47:30.886] [INFO] 작업자 스레드 시작 (ThreadID: 33452)
[03:47:30.887] [INFO] 작업자 스레드 #18 생성됨
[03:47:30.887] [INFO] 작업자 스레드 시작 (ThreadID: 17776)
[03:47:30.887] [INFO] 작업자 스레드 #19 생성됨
[03:47:30.887] [INFO] 작업자 스레드 시작 (ThreadID: 30224)
[03:47:30.888] [INFO] 작업자 스레드 #20 생성됨
[03:47:30.888] [INFO] 작업자 스레드 시작 (ThreadID: 34188)
[03:47:30.888] [INFO] 작업자 스레드 #21 생성됨
[03:47:30.888] [INFO] 작업자 스레드 시작 (ThreadID: 24220)
[03:47:30.889] [INFO] 작업자 스레드 #22 생성됨
[03:47:30.889] [INFO] 작업자 스레드 시작 (ThreadID: 8952)
[03:47:30.889] [INFO] 작업자 스레드 #23 생성됨
[03:47:30.890] [INFO] 작업자 스레드 시작 (ThreadID: 31944)
[03:47:30.890] [INFO] 작업자 스레드 #24 생성됨
[03:47:30.890] [INFO] 작업자 스레드 시작 (ThreadID: 33332)
[03:47:30.890] [INFO] 작업자 스레드 #25 생성됨
[03:47:30.890] [INFO] 작업자 스레드 시작 (ThreadID: 31252)
[03:47:30.891] [INFO] 작업자 스레드 #26 생성됨
[03:47:30.891] [INFO] 작업자 스레드 시작 (ThreadID: 24292)
[03:47:30.891] [INFO] 작업자 스레드 #27 생성됨
[03:47:30.891] [INFO] 작업자 스레드 시작 (ThreadID: 5340)
[03:47:30.892] [INFO] 작업자 스레드 #28 생성됨
[03:47:30.892] [INFO] 작업자 스레드 시작 (ThreadID: 4532)
[03:47:30.892] [INFO] 작업자 스레드 #29 생성됨
[03:47:30.892] [INFO] 작업자 스레드 시작 (ThreadID: 32388)
[03:47:30.893] [INFO] 작업자 스레드 #30 생성됨
[03:47:30.893] [INFO] 작업자 스레드 시작 (ThreadID: 32044)
[03:47:30.893] [INFO] 작업자 스레드 #31 생성됨
[03:47:30.893] [INFO] 작업자 스레드 시작 (ThreadID: 34884)
[03:47:30.894] [INFO] 작업자 스레드 #32 생성됨
[03:47:30.894] [INFO] 작업자 스레드 시작 (ThreadID: 23384)
[03:47:30.894] [INFO] 서버 초기화 완료
[03:47:30.894] [INFO] 서버 실행. 포트 번호: 9000
[03:47:30.894] [INFO] IOCP 멀티플레이어 서버 시작됨...
[03:47:30.894] [INFO] 서버 실행 시작
[03:47:33.920] [INFO] 클라이언트 연결됨: 127.0.0.1:7477 (ID: 1)
[03:47:33.921] [INFO] 새 클라이언트에게 ID 1 전송됨
[03:47:33.921] [INFO] 새 플레이어 정보(ID: 1) 브로드캐스트 - 수신자 수: 0
[03:47:33.921] [INFO] 기존 플레이어 정보 0개가 새 클라이언트(ID: 1)에게 전송됨
[03:47:33.921] [INFO] [서버] BroadcastPosition 준비 완료 - ClientId: 1, distMoved: 90.000000, State: 0, TimeSinceLastUpdate: 0.015625
[03:47:33.922] [INFO] [서버] BroadcastPosition 호출 - ClientId: 1, Position: (0.000000, 0.000000, 90.000000)
[03:47:33.922] [INFO] 서버 FPS: 0.659848, 평균 프레임 시간: 303.100006ms, 클라이언트 수: 1
[03:47:33.922] [INFO] 클라이언트 연결됨: 127.0.0.1:7478 (ID: 2)
[03:47:33.922] [INFO] 새 클라이언트에게 ID 2 전송됨
[03:47:33.923] [INFO] 새 플레이어 정보(ID: 2) 브로드캐스트 - 수신자 수: 1
[03:47:33.923] [INFO] 기존 플레이어 정보 1개가 새 클라이언트(ID: 2)에게 전송됨
[03:47:33.923] [WARNING] 비정상적으로 긴 델타 타임: 3.031000초
[03:47:33.923] [INFO] [서버] BroadcastPosition 준비 완료 - ClientId: 2, distMoved: 90.000000, State: 0, TimeSinceLastUpdate: 0.000000
[03:47:33.924] [INFO] [서버] BroadcastPosition 호출 - ClientId: 2, Position: (0.000000, 0.000000, 90.000000)
[03:47:33.924] [INFO] [서버] PositionUpdatePacket 전송 - From ClientId: 2 To ClientId: 1
[03:47:46.272] [INFO] 클라이언트 연결됨: 127.0.0.1:7492 (ID: 3)
[03:47:46.272] [INFO] 새 클라이언트에게 ID 3 전송됨
[03:47:46.273] [INFO] 새 플레이어 정보(ID: 3) 브로드캐스트 - 수신자 수: 2
[03:47:46.273] [INFO] 기존 플레이어 정보 2개가 새 클라이언트(ID: 3)에게 전송됨
[03:47:46.273] [WARNING] 클라이언트 Ping 타임아웃 발생 - ID: 1
