[03:42:55.976] [INFO] 로깅 시스템 초기화됨
[03:42:55.977] [INFO] 서버 인스턴스 생성됨
[03:42:55.977] [INFO] 서버 초기화 시작 (포트: 9000)
[03:42:55.978] [INFO] 윈속 초기화 성공
[03:42:55.979] [INFO] 리스닝 소켓 생성 성공
[03:42:55.979] [INFO] 소켓 바인딩 성공 (포트: 9000)
[03:42:55.979] [INFO] 리스닝 시작됨
[03:42:55.979] [INFO] IOCP 생성 성공
[03:42:55.979] [INFO] CPU 코어 수: 16, 생성할 작업자 스레드: 32
[03:42:55.980] [INFO] 작업자 스레드 #1 생성됨
[03:42:55.980] [INFO] 작업자 스레드 시작 (ThreadID: 28824)
[03:42:55.980] [INFO] 작업자 스레드 #2 생성됨
[03:42:55.980] [INFO] 작업자 스레드 시작 (ThreadID: 32164)
[03:42:55.981] [INFO] 작업자 스레드 #3 생성됨
[03:42:55.981] [INFO] 작업자 스레드 시작 (ThreadID: 28984)
[03:42:55.981] [INFO] 작업자 스레드 #4 생성됨
[03:42:55.981] [INFO] 작업자 스레드 시작 (ThreadID: 37696)
[03:42:55.982] [INFO] 작업자 스레드 #5 생성됨
[03:42:55.982] [INFO] 작업자 스레드 시작 (ThreadID: 27008)
[03:42:55.982] [INFO] 작업자 스레드 #6 생성됨
[03:42:55.982] [INFO] 작업자 스레드 시작 (ThreadID: 22672)
[03:42:55.982] [INFO] 작업자 스레드 #7 생성됨
[03:42:55.983] [INFO] 작업자 스레드 시작 (ThreadID: 29936)
[03:42:55.983] [INFO] 작업자 스레드 #8 생성됨
[03:42:55.983] [INFO] 작업자 스레드 시작 (ThreadID: 31000)
[03:42:55.983] [INFO] 작업자 스레드 #9 생성됨
[03:42:55.984] [INFO] 작업자 스레드 시작 (ThreadID: 24676)
[03:42:55.984] [INFO] 작업자 스레드 #10 생성됨
[03:42:55.984] [INFO] 작업자 스레드 시작 (ThreadID: 26188)
[03:42:55.984] [INFO] 작업자 스레드 #11 생성됨
[03:42:55.984] [INFO] 작업자 스레드 시작 (ThreadID: 26920)
[03:42:55.985] [INFO] 작업자 스레드 #12 생성됨
[03:42:55.985] [INFO] 작업자 스레드 시작 (ThreadID: 20192)
[03:42:55.985] [INFO] 작업자 스레드 #13 생성됨
[03:42:55.985] [INFO] 작업자 스레드 시작 (ThreadID: 31304)
[03:42:55.986] [INFO] 작업자 스레드 #14 생성됨
[03:42:55.986] [INFO] 작업자 스레드 시작 (ThreadID: 33176)
[03:42:55.986] [INFO] 작업자 스레드 #15 생성됨
[03:42:55.986] [INFO] 작업자 스레드 시작 (ThreadID: 22576)
[03:42:55.986] [INFO] 작업자 스레드 #16 생성됨
[03:42:55.987] [INFO] 작업자 스레드 시작 (ThreadID: 23560)
[03:42:55.987] [INFO] 작업자 스레드 #17 생성됨
[03:42:55.987] [INFO] 작업자 스레드 시작 (ThreadID: 29404)
[03:42:55.987] [INFO] 작업자 스레드 #18 생성됨
[03:42:55.987] [INFO] 작업자 스레드 시작 (ThreadID: 24256)
[03:42:55.988] [INFO] 작업자 스레드 #19 생성됨
[03:42:55.988] [INFO] 작업자 스레드 시작 (ThreadID: 32748)
[03:42:55.988] [INFO] 작업자 스레드 #20 생성됨
[03:42:55.988] [INFO] 작업자 스레드 시작 (ThreadID: 36000)
[03:42:55.989] [INFO] 작업자 스레드 #21 생성됨
[03:42:55.989] [INFO] 작업자 스레드 시작 (ThreadID: 36496)
[03:42:55.989] [INFO] 작업자 스레드 #22 생성됨
[03:42:55.989] [INFO] 작업자 스레드 시작 (ThreadID: 33508)
[03:42:55.990] [INFO] 작업자 스레드 #23 생성됨
[03:42:55.990] [INFO] 작업자 스레드 시작 (ThreadID: 33216)
[03:42:55.990] [INFO] 작업자 스레드 #24 생성됨
[03:42:55.990] [INFO] 작업자 스레드 시작 (ThreadID: 37304)
[03:42:55.991] [INFO] 작업자 스레드 #25 생성됨
[03:42:55.991] [INFO] 작업자 스레드 시작 (ThreadID: 29812)
[03:42:55.991] [INFO] 작업자 스레드 #26 생성됨
[03:42:55.991] [INFO] 작업자 스레드 시작 (ThreadID: 31176)
[03:42:55.992] [INFO] 작업자 스레드 #27 생성됨
[03:42:55.992] [INFO] 작업자 스레드 시작 (ThreadID: 16648)
[03:42:55.992] [INFO] 작업자 스레드 #28 생성됨
[03:42:55.992] [INFO] 작업자 스레드 시작 (ThreadID: 29172)
[03:42:55.993] [INFO] 작업자 스레드 #29 생성됨
[03:42:55.993] [INFO] 작업자 스레드 시작 (ThreadID: 7024)
[03:42:55.993] [INFO] 작업자 스레드 #30 생성됨
[03:42:55.993] [INFO] 작업자 스레드 시작 (ThreadID: 27264)
[03:42:55.994] [INFO] 작업자 스레드 #31 생성됨
[03:42:55.994] [INFO] 작업자 스레드 시작 (ThreadID: 3952)
[03:42:55.994] [INFO] 작업자 스레드 #32 생성됨
[03:42:55.994] [INFO] 작업자 스레드 시작 (ThreadID: 26428)
[03:42:55.995] [INFO] 서버 초기화 완료
[03:42:55.995] [INFO] 서버 실행. 포트 번호: 9000
[03:42:55.995] [INFO] IOCP 멀티플레이어 서버 시작됨...
[03:42:55.995] [INFO] 서버 실행 시작
[03:42:58.955] [INFO] 클라이언트 연결됨: 127.0.0.1:7452 (ID: 1)
[03:42:58.956] [INFO] 새 클라이언트에게 ID 1 전송됨
[03:42:58.956] [INFO] 새 플레이어 정보(ID: 1) 브로드캐스트 - 수신자 수: 0
[03:42:58.956] [INFO] 기존 플레이어 정보 0개가 새 클라이언트(ID: 1)에게 전송됨
[03:42:58.957] [INFO] [서버] BroadcastPosition 준비 완료 - ClientId: 1, distMoved: 90.000000, State: 0, TimeSinceLastUpdate: 0.000000
[03:42:58.957] [INFO] [서버] BroadcastPosition 호출 - ClientId: 1, Position: (0.000000, 0.000000, 90.000000)
[03:42:58.957] [INFO] 서버 FPS: 0.673627, 평균 프레임 시간: 296.899994ms, 클라이언트 수: 1
[03:42:58.957] [INFO] 클라이언트 연결됨: 127.0.0.1:7453 (ID: 2)
[03:42:58.958] [INFO] 새 클라이언트에게 ID 2 전송됨
[03:42:58.958] [INFO] 새 플레이어 정보(ID: 2) 브로드캐스트 - 수신자 수: 1
[03:42:58.958] [INFO] 기존 플레이어 정보 1개가 새 클라이언트(ID: 2)에게 전송됨
[03:42:58.958] [WARNING] 비정상적으로 긴 델타 타임: 2.969000초
[03:42:58.958] [INFO] [서버] BroadcastPosition 준비 완료 - ClientId: 2, distMoved: 90.000000, State: 0, TimeSinceLastUpdate: 0.000000
[03:42:58.958] [INFO] [서버] BroadcastPosition 호출 - ClientId: 2, Position: (0.000000, 0.000000, 90.000000)
[03:42:58.959] [INFO] [서버] PositionUpdatePacket 전송 - From ClientId: 2 To ClientId: 1
[03:42:58.964] [WARNING] 처리되지 않은 패킷 타입: 5, 클라이언트 ID: 1
[03:42:58.965] [WARNING] 처리되지 않은 패킷 타입: 5, 클라이언트 ID: 2
[03:42:58.974] [WARNING] 처리되지 않은 패킷 타입: 5, 클라이언트 ID: 1
[03:42:58.974] [WARNING] 처리되지 않은 패킷 타입: 5, 클라이언트 ID: 2
[03:42:58.984] [WARNING] 처리되지 않은 패킷 타입: 5, 클라이언트 ID: 1
[03:42:58.985] [WARNING] 처리되지 않은 패킷 타입: 5, 클라이언트 ID: 2
[03:42:58.994] [WARNING] 처리되지 않은 패킷 타입: 5, 클라이언트 ID: 1
[03:42:58.995] [WARNING] 처리되지 않은 패킷 타입: 5, 클라이언트 ID: 2
[03:42:59.006] [WARNING] 처리되지 않은 패킷 타입: 5, 클라이언트 ID: 1
[03:42:59.006] [WARNING] 처리되지 않은 패킷 타입: 5, 클라이언트 ID: 2
[03:42:59.017] [WARNING] 처리되지 않은 패킷 타입: 5, 클라이언트 ID: 1
[03:42:59.018] [WARNING] 처리되지 않은 패킷 타입: 5, 클라이언트 ID: 2
[03:42:59.027] [WARNING] 처리되지 않은 패킷 타입: 5, 클라이언트 ID: 1
[03:42:59.028] [WARNING] 처리되지 않은 패킷 타입: 5, 클라이언트 ID: 2
[03:42:59.040] [WARNING] 처리되지 않은 패킷 타입: 5, 클라이언트 ID: 1
[03:42:59.040] [WARNING] 처리되지 않은 패킷 타입: 5, 클라이언트 ID: 2
[03:42:59.049] [WARNING] 처리되지 않은 패킷 타입: 5, 클라이언트 ID: 1
[03:42:59.050] [WARNING] 처리되지 않은 패킷 타입: 5, 클라이언트 ID: 2
[03:42:59.060] [WARNING] 처리되지 않은 패킷 타입: 5, 클라이언트 ID: 1
[03:42:59.060] [WARNING] 처리되지 않은 패킷 타입: 5, 클라이언트 ID: 2
[03:42:59.070] [WARNING] 처리되지 않은 패킷 타입: 5, 클라이언트 ID: 1
[03:42:59.071] [WARNING] 처리되지 않은 패킷 타입: 5, 클라이언트 ID: 2
[03:42:59.080] [WARNING] 처리되지 않은 패킷 타입: 5, 클라이언트 ID: 1
[03:42:59.081] [WARNING] 처리되지 않은 패킷 타입: 5, 클라이언트 ID: 2
[03:42:59.092] [WARNING] 처리되지 않은 패킷 타입: 5, 클라이언트 ID: 1
[03:42:59.092] [WARNING] 처리되지 않은 패킷 타입: 5, 클라이언트 ID: 2
[03:42:59.103] [WARNING] 처리되지 않은 패킷 타입: 5, 클라이언트 ID: 1
[03:42:59.104] [WARNING] 처리되지 않은 패킷 타입: 5, 클라이언트 ID: 2
[03:42:59.113] [WARNING] 처리되지 않은 패킷 타입: 5, 클라이언트 ID: 1
[03:42:59.113] [WARNING] 처리되지 않은 패킷 타입: 5, 클라이언트 ID: 2
[03:42:59.122] [WARNING] 처리되지 않은 패킷 타입: 5, 클라이언트 ID: 1
[03:42:59.123] [WARNING] 처리되지 않은 패킷 타입: 5, 클라이언트 ID: 2
[03:42:59.132] [WARNING] 처리되지 않은 패킷 타입: 5, 클라이언트 ID: 1
[03:42:59.133] [WARNING] 처리되지 않은 패킷 타입: 5, 클라이언트 ID: 2
[03:42:59.143] [WARNING] 처리되지 않은 패킷 타입: 5, 클라이언트 ID: 1
[03:42:59.144] [WARNING] 처리되지 않은 패킷 타입: 5, 클라이언트 ID: 2
[03:42:59.153] [WARNING] 처리되지 않은 패킷 타입: 5, 클라이언트 ID: 1
[03:42:59.154] [WARNING] 처리되지 않은 패킷 타입: 5, 클라이언트 ID: 2
[03:42:59.164] [WARNING] 처리되지 않은 패킷 타입: 5, 클라이언트 ID: 1
[03:42:59.165] [WARNING] 처리되지 않은 패킷 타입: 5, 클라이언트 ID: 2
[03:42:59.176] [WARNING] 처리되지 않은 패킷 타입: 5, 클라이언트 ID: 1
[03:42:59.176] [WARNING] 처리되지 않은 패킷 타입: 5, 클라이언트 ID: 2
[03:42:59.185] [WARNING] 처리되지 않은 패킷 타입: 5, 클라이언트 ID: 1
[03:42:59.185] [WARNING] 처리되지 않은 패킷 타입: 5, 클라이언트 ID: 2
[03:42:59.195] [WARNING] 처리되지 않은 패킷 타입: 5, 클라이언트 ID: 1
[03:42:59.196] [WARNING] 처리되지 않은 패킷 타입: 5, 클라이언트 ID: 2
[03:42:59.207] [WARNING] 처리되지 않은 패킷 타입: 5, 클라이언트 ID: 1
[03:42:59.207] [WARNING] 처리되지 않은 패킷 타입: 5, 클라이언트 ID: 2
[03:42:59.217] [WARNING] 처리되지 않은 패킷 타입: 5, 클라이언트 ID: 1
[03:42:59.218] [WARNING] 처리되지 않은 패킷 타입: 5, 클라이언트 ID: 2
[03:42:59.226] [WARNING] 처리되지 않은 패킷 타입: 5, 클라이언트 ID: 1
[03:42:59.226] [WARNING] 처리되지 않은 패킷 타입: 5, 클라이언트 ID: 2
[03:42:59.237] [WARNING] 처리되지 않은 패킷 타입: 5, 클라이언트 ID: 1
[03:42:59.238] [WARNING] 처리되지 않은 패킷 타입: 5, 클라이언트 ID: 2
[03:42:59.249] [WARNING] 처리되지 않은 패킷 타입: 5, 클라이언트 ID: 1
[03:42:59.249] [WARNING] 처리되지 않은 패킷 타입: 5, 클라이언트 ID: 2
[03:42:59.257] [WARNING] 처리되지 않은 패킷 타입: 5, 클라이언트 ID: 1
[03:42:59.258] [WARNING] 처리되지 않은 패킷 타입: 5, 클라이언트 ID: 2
[03:42:59.270] [WARNING] 처리되지 않은 패킷 타입: 5, 클라이언트 ID: 1
[03:42:59.271] [WARNING] 처리되지 않은 패킷 타입: 5, 클라이언트 ID: 2
[03:42:59.281] [WARNING] 처리되지 않은 패킷 타입: 5, 클라이언트 ID: 1
[03:42:59.281] [WARNING] 처리되지 않은 패킷 타입: 5, 클라이언트 ID: 2
[03:42:59.290] [WARNING] 처리되지 않은 패킷 타입: 5, 클라이언트 ID: 1
[03:42:59.291] [WARNING] 처리되지 않은 패킷 타입: 5, 클라이언트 ID: 2
[03:42:59.301] [WARNING] 처리되지 않은 패킷 타입: 5, 클라이언트 ID: 1
[03:42:59.301] [WARNING] 처리되지 않은 패킷 타입: 5, 클라이언트 ID: 2
[03:42:59.310] [WARNING] 처리되지 않은 패킷 타입: 5, 클라이언트 ID: 1
[03:42:59.311] [WARNING] 처리되지 않은 패킷 타입: 5, 클라이언트 ID: 2
[03:42:59.321] [WARNING] 처리되지 않은 패킷 타입: 5, 클라이언트 ID: 1
[03:42:59.322] [WARNING] 처리되지 않은 패킷 타입: 5, 클라이언트 ID: 2
[03:42:59.332] [WARNING] 처리되지 않은 패킷 타입: 5, 클라이언트 ID: 1
[03:42:59.332] [WARNING] 처리되지 않은 패킷 타입: 5, 클라이언트 ID: 2
[03:42:59.342] [WARNING] 처리되지 않은 패킷 타입: 5, 클라이언트 ID: 1
[03:42:59.343] [WARNING] 처리되지 않은 패킷 타입: 5, 클라이언트 ID: 2
[03:42:59.353] [WARNING] 처리되지 않은 패킷 타입: 5, 클라이언트 ID: 1
[03:42:59.353] [WARNING] 처리되지 않은 패킷 타입: 5, 클라이언트 ID: 2
[03:42:59.365] [WARNING] 처리되지 않은 패킷 타입: 5, 클라이언트 ID: 1
[03:42:59.366] [WARNING] 처리되지 않은 패킷 타입: 5, 클라이언트 ID: 2
[03:42:59.375] [WARNING] 처리되지 않은 패킷 타입: 5, 클라이언트 ID: 1
[03:42:59.376] [WARNING] 처리되지 않은 패킷 타입: 5, 클라이언트 ID: 2
[03:42:59.385] [WARNING] 처리되지 않은 패킷 타입: 5, 클라이언트 ID: 1
[03:42:59.386] [WARNING] 처리되지 않은 패킷 타입: 5, 클라이언트 ID: 2
[03:42:59.396] [WARNING] 처리되지 않은 패킷 타입: 5, 클라이언트 ID: 1
[03:42:59.396] [WARNING] 처리되지 않은 패킷 타입: 5, 클라이언트 ID: 2
[03:42:59.406] [WARNING] 처리되지 않은 패킷 타입: 5, 클라이언트 ID: 1
[03:42:59.407] [WARNING] 처리되지 않은 패킷 타입: 5, 클라이언트 ID: 2
[03:42:59.418] [WARNING] 처리되지 않은 패킷 타입: 5, 클라이언트 ID: 1
[03:42:59.419] [WARNING] 처리되지 않은 패킷 타입: 5, 클라이언트 ID: 2
[03:42:59.429] [WARNING] 처리되지 않은 패킷 타입: 5, 클라이언트 ID: 1
[03:42:59.429] [WARNING] 처리되지 않은 패킷 타입: 5, 클라이언트 ID: 2
[03:42:59.438] [WARNING] 처리되지 않은 패킷 타입: 5, 클라이언트 ID: 1
[03:42:59.439] [WARNING] 처리되지 않은 패킷 타입: 5, 클라이언트 ID: 2
[03:42:59.450] [WARNING] 처리되지 않은 패킷 타입: 5, 클라이언트 ID: 1
[03:42:59.451] [WARNING] 처리되지 않은 패킷 타입: 5, 클라이언트 ID: 2
[03:42:59.460] [WARNING] 처리되지 않은 패킷 타입: 5, 클라이언트 ID: 1
[03:42:59.461] [WARNING] 처리되지 않은 패킷 타입: 5, 클라이언트 ID: 2
[03:42:59.471] [WARNING] 처리되지 않은 패킷 타입: 5, 클라이언트 ID: 1
[03:42:59.471] [WARNING] 처리되지 않은 패킷 타입: 5, 클라이언트 ID: 2
[03:42:59.481] [WARNING] 처리되지 않은 패킷 타입: 5, 클라이언트 ID: 1
[03:42:59.481] [WARNING] 처리되지 않은 패킷 타입: 5, 클라이언트 ID: 2
[03:42:59.489] [WARNING] 처리되지 않은 패킷 타입: 5, 클라이언트 ID: 1
[03:42:59.489] [WARNING] 처리되지 않은 패킷 타입: 5, 클라이언트 ID: 2
[03:42:59.501] [WARNING] 처리되지 않은 패킷 타입: 5, 클라이언트 ID: 1
[03:42:59.502] [WARNING] 처리되지 않은 패킷 타입: 5, 클라이언트 ID: 2
[03:42:59.511] [WARNING] 처리되지 않은 패킷 타입: 5, 클라이언트 ID: 1
[03:42:59.512] [WARNING] 처리되지 않은 패킷 타입: 5, 클라이언트 ID: 2
[03:42:59.521] [WARNING] 처리되지 않은 패킷 타입: 5, 클라이언트 ID: 1
[03:42:59.522] [WARNING] 처리되지 않은 패킷 타입: 5, 클라이언트 ID: 2
[03:42:59.534] [WARNING] 처리되지 않은 패킷 타입: 5, 클라이언트 ID: 1
[03:42:59.535] [WARNING] 처리되지 않은 패킷 타입: 5, 클라이언트 ID: 2
[03:42:59.544] [WARNING] 처리되지 않은 패킷 타입: 5, 클라이언트 ID: 1
[03:42:59.545] [WARNING] 처리되지 않은 패킷 타입: 5, 클라이언트 ID: 2
[03:42:59.555] [WARNING] 처리되지 않은 패킷 타입: 5, 클라이언트 ID: 1
[03:42:59.556] [WARNING] 처리되지 않은 패킷 타입: 5, 클라이언트 ID: 2
[03:42:59.565] [WARNING] 처리되지 않은 패킷 타입: 5, 클라이언트 ID: 1
[03:42:59.565] [WARNING] 처리되지 않은 패킷 타입: 5, 클라이언트 ID: 2
[03:42:59.577] [WARNING] 처리되지 않은 패킷 타입: 5, 클라이언트 ID: 1
[03:42:59.578] [WARNING] 처리되지 않은 패킷 타입: 5, 클라이언트 ID: 2
[03:42:59.586] [WARNING] 처리되지 않은 패킷 타입: 5, 클라이언트 ID: 1
[03:42:59.586] [WARNING] 처리되지 않은 패킷 타입: 5, 클라이언트 ID: 2
[03:42:59.597] [WARNING] 처리되지 않은 패킷 타입: 5, 클라이언트 ID: 1
[03:42:59.598] [WARNING] 처리되지 않은 패킷 타입: 5, 클라이언트 ID: 2
[03:42:59.609] [WARNING] 처리되지 않은 패킷 타입: 5, 클라이언트 ID: 1
[03:42:59.609] [WARNING] 처리되지 않은 패킷 타입: 5, 클라이언트 ID: 2
[03:42:59.618] [WARNING] 처리되지 않은 패킷 타입: 5, 클라이언트 ID: 1
[03:42:59.619] [WARNING] 처리되지 않은 패킷 타입: 5, 클라이언트 ID: 2
[03:42:59.629] [WARNING] 처리되지 않은 패킷 타입: 5, 클라이언트 ID: 1
[03:42:59.629] [WARNING] 처리되지 않은 패킷 타입: 5, 클라이언트 ID: 2
[03:42:59.639] [WARNING] 처리되지 않은 패킷 타입: 5, 클라이언트 ID: 1
[03:42:59.639] [WARNING] 처리되지 않은 패킷 타입: 5, 클라이언트 ID: 2
[03:42:59.650] [WARNING] 처리되지 않은 패킷 타입: 5, 클라이언트 ID: 1
[03:42:59.651] [WARNING] 처리되지 않은 패킷 타입: 5, 클라이언트 ID: 2
[03:42:59.661] [WARNING] 처리되지 않은 패킷 타입: 5, 클라이언트 ID: 1
[03:42:59.661] [WARNING] 처리되지 않은 패킷 타입: 5, 클라이언트 ID: 2
[03:42:59.671] [WARNING] 처리되지 않은 패킷 타입: 5, 클라이언트 ID: 1
[03:42:59.672] [WARNING] 처리되지 않은 패킷 타입: 5, 클라이언트 ID: 2
[03:42:59.681] [WARNING] 처리되지 않은 패킷 타입: 5, 클라이언트 ID: 1
[03:42:59.682] [WARNING] 처리되지 않은 패킷 타입: 5, 클라이언트 ID: 2
[03:42:59.693] [WARNING] 처리되지 않은 패킷 타입: 5, 클라이언트 ID: 1
[03:42:59.693] [WARNING] 처리되지 않은 패킷 타입: 5, 클라이언트 ID: 2
[03:42:59.703] [WARNING] 처리되지 않은 패킷 타입: 5, 클라이언트 ID: 1
[03:42:59.704] [WARNING] 처리되지 않은 패킷 타입: 5, 클라이언트 ID: 2
[03:42:59.712] [WARNING] 처리되지 않은 패킷 타입: 5, 클라이언트 ID: 1
[03:42:59.713] [WARNING] 처리되지 않은 패킷 타입: 5, 클라이언트 ID: 2
[03:42:59.724] [WARNING] 처리되지 않은 패킷 타입: 5, 클라이언트 ID: 1
[03:42:59.725] [WARNING] 처리되지 않은 패킷 타입: 5, 클라이언트 ID: 2
[03:42:59.734] [WARNING] 처리되지 않은 패킷 타입: 5, 클라이언트 ID: 1
[03:42:59.734] [WARNING] 처리되지 않은 패킷 타입: 5, 클라이언트 ID: 2
[03:42:59.744] [WARNING] 처리되지 않은 패킷 타입: 5, 클라이언트 ID: 1
[03:42:59.745] [WARNING] 처리되지 않은 패킷 타입: 5, 클라이언트 ID: 2
[03:42:59.754] [WARNING] 처리되지 않은 패킷 타입: 5, 클라이언트 ID: 1
[03:42:59.755] [WARNING] 처리되지 않은 패킷 타입: 5, 클라이언트 ID: 2
[03:42:59.765] [WARNING] 처리되지 않은 패킷 타입: 5, 클라이언트 ID: 1
[03:42:59.766] [WARNING] 처리되지 않은 패킷 타입: 5, 클라이언트 ID: 2
[03:42:59.776] [WARNING] 처리되지 않은 패킷 타입: 5, 클라이언트 ID: 1
[03:42:59.776] [WARNING] 처리되지 않은 패킷 타입: 5, 클라이언트 ID: 2
[03:42:59.786] [WARNING] 처리되지 않은 패킷 타입: 5, 클라이언트 ID: 1
[03:42:59.787] [WARNING] 처리되지 않은 패킷 타입: 5, 클라이언트 ID: 2
[03:42:59.797] [WARNING] 처리되지 않은 패킷 타입: 5, 클라이언트 ID: 1
[03:42:59.798] [WARNING] 처리되지 않은 패킷 타입: 5, 클라이언트 ID: 2
[03:42:59.807] [WARNING] 처리되지 않은 패킷 타입: 5, 클라이언트 ID: 1
[03:42:59.808] [WARNING] 처리되지 않은 패킷 타입: 5, 클라이언트 ID: 2
[03:42:59.818] [WARNING] 처리되지 않은 패킷 타입: 5, 클라이언트 ID: 1
[03:42:59.819] [WARNING] 처리되지 않은 패킷 타입: 5, 클라이언트 ID: 2
[03:42:59.828] [WARNING] 처리되지 않은 패킷 타입: 5, 클라이언트 ID: 1
[03:42:59.829] [WARNING] 처리되지 않은 패킷 타입: 5, 클라이언트 ID: 2
[03:42:59.838] [WARNING] 처리되지 않은 패킷 타입: 5, 클라이언트 ID: 1
[03:42:59.839] [WARNING] 처리되지 않은 패킷 타입: 5, 클라이언트 ID: 2
[03:42:59.849] [WARNING] 처리되지 않은 패킷 타입: 5, 클라이언트 ID: 1
[03:42:59.850] [WARNING] 처리되지 않은 패킷 타입: 5, 클라이언트 ID: 2
[03:42:59.860] [WARNING] 처리되지 않은 패킷 타입: 5, 클라이언트 ID: 1
[03:42:59.861] [WARNING] 처리되지 않은 패킷 타입: 5, 클라이언트 ID: 2
[03:42:59.870] [WARNING] 처리되지 않은 패킷 타입: 5, 클라이언트 ID: 1
[03:42:59.870] [WARNING] 처리되지 않은 패킷 타입: 5, 클라이언트 ID: 2
[03:42:59.881] [WARNING] 처리되지 않은 패킷 타입: 5, 클라이언트 ID: 1
[03:42:59.881] [WARNING] 처리되지 않은 패킷 타입: 5, 클라이언트 ID: 2
[03:42:59.892] [WARNING] 처리되지 않은 패킷 타입: 5, 클라이언트 ID: 1
[03:42:59.893] [WARNING] 처리되지 않은 패킷 타입: 5, 클라이언트 ID: 2
[03:42:59.903] [WARNING] 처리되지 않은 패킷 타입: 5, 클라이언트 ID: 1
[03:42:59.904] [WARNING] 처리되지 않은 패킷 타입: 5, 클라이언트 ID: 2
[03:42:59.913] [WARNING] 처리되지 않은 패킷 타입: 5, 클라이언트 ID: 1
[03:42:59.914] [WARNING] 처리되지 않은 패킷 타입: 5, 클라이언트 ID: 2
[03:42:59.922] [WARNING] 처리되지 않은 패킷 타입: 5, 클라이언트 ID: 1
[03:42:59.922] [WARNING] 처리되지 않은 패킷 타입: 5, 클라이언트 ID: 2
[03:42:59.933] [WARNING] 처리되지 않은 패킷 타입: 5, 클라이언트 ID: 1
[03:42:59.933] [WARNING] 처리되지 않은 패킷 타입: 5, 클라이언트 ID: 2
[03:42:59.943] [WARNING] 처리되지 않은 패킷 타입: 5, 클라이언트 ID: 1
[03:42:59.944] [WARNING] 처리되지 않은 패킷 타입: 5, 클라이언트 ID: 2
[03:42:59.953] [WARNING] 처리되지 않은 패킷 타입: 5, 클라이언트 ID: 1
[03:42:59.954] [WARNING] 처리되지 않은 패킷 타입: 5, 클라이언트 ID: 2
[03:42:59.964] [WARNING] 처리되지 않은 패킷 타입: 5, 클라이언트 ID: 1
[03:42:59.965] [WARNING] 처리되지 않은 패킷 타입: 5, 클라이언트 ID: 2
[03:42:59.974] [WARNING] 처리되지 않은 패킷 타입: 5, 클라이언트 ID: 1
[03:42:59.975] [WARNING] 처리되지 않은 패킷 타입: 5, 클라이언트 ID: 2
[03:42:59.984] [WARNING] 처리되지 않은 패킷 타입: 5, 클라이언트 ID: 1
[03:42:59.985] [WARNING] 처리되지 않은 패킷 타입: 5, 클라이언트 ID: 2
[03:42:59.996] [WARNING] 처리되지 않은 패킷 타입: 5, 클라이언트 ID: 1
[03:42:59.996] [WARNING] 처리되지 않은 패킷 타입: 5, 클라이언트 ID: 2
[03:43:00.005] [WARNING] 처리되지 않은 패킷 타입: 5, 클라이언트 ID: 1
[03:43:00.006] [WARNING] 처리되지 않은 패킷 타입: 5, 클라이언트 ID: 2
[03:43:00.017] [WARNING] 처리되지 않은 패킷 타입: 5, 클라이언트 ID: 1
[03:43:00.018] [WARNING] 처리되지 않은 패킷 타입: 5, 클라이언트 ID: 2
[03:43:00.028] [WARNING] 처리되지 않은 패킷 타입: 5, 클라이언트 ID: 1
[03:43:00.029] [WARNING] 처리되지 않은 패킷 타입: 5, 클라이언트 ID: 2
[03:43:00.039] [WARNING] 처리되지 않은 패킷 타입: 5, 클라이언트 ID: 1
[03:43:00.039] [WARNING] 처리되지 않은 패킷 타입: 5, 클라이언트 ID: 2
[03:43:00.049] [WARNING] 처리되지 않은 패킷 타입: 5, 클라이언트 ID: 1
[03:43:00.050] [WARNING] 처리되지 않은 패킷 타입: 5, 클라이언트 ID: 2
[03:43:00.059] [WARNING] 처리되지 않은 패킷 타입: 5, 클라이언트 ID: 1
[03:43:00.059] [WARNING] 처리되지 않은 패킷 타입: 5, 클라이언트 ID: 2
[03:43:00.070] [WARNING] 처리되지 않은 패킷 타입: 5, 클라이언트 ID: 1
[03:43:00.071] [WARNING] 처리되지 않은 패킷 타입: 5, 클라이언트 ID: 2
[03:43:00.080] [WARNING] 처리되지 않은 패킷 타입: 5, 클라이언트 ID: 1
[03:43:00.081] [WARNING] 처리되지 않은 패킷 타입: 5, 클라이언트 ID: 2
[03:43:00.092] [WARNING] 처리되지 않은 패킷 타입: 5, 클라이언트 ID: 1
[03:43:00.092] [WARNING] 처리되지 않은 패킷 타입: 5, 클라이언트 ID: 2
[03:43:00.103] [WARNING] 처리되지 않은 패킷 타입: 5, 클라이언트 ID: 1
[03:43:00.104] [WARNING] 처리되지 않은 패킷 타입: 5, 클라이언트 ID: 2
[03:43:00.112] [WARNING] 처리되지 않은 패킷 타입: 5, 클라이언트 ID: 1
[03:43:00.113] [WARNING] 처리되지 않은 패킷 타입: 5, 클라이언트 ID: 2
[03:43:00.122] [WARNING] 처리되지 않은 패킷 타입: 5, 클라이언트 ID: 1
[03:43:00.123] [WARNING] 처리되지 않은 패킷 타입: 5, 클라이언트 ID: 2
[03:43:00.133] [WARNING] 처리되지 않은 패킷 타입: 5, 클라이언트 ID: 1
[03:43:00.133] [WARNING] 처리되지 않은 패킷 타입: 5, 클라이언트 ID: 2
[03:43:00.144] [WARNING] 처리되지 않은 패킷 타입: 5, 클라이언트 ID: 1
[03:43:00.145] [WARNING] 처리되지 않은 패킷 타입: 5, 클라이언트 ID: 2
[03:43:00.154] [WARNING] 처리되지 않은 패킷 타입: 5, 클라이언트 ID: 1
[03:43:00.155] [WARNING] 처리되지 않은 패킷 타입: 5, 클라이언트 ID: 2
[03:43:00.165] [WARNING] 처리되지 않은 패킷 타입: 5, 클라이언트 ID: 1
[03:43:00.166] [WARNING] 처리되지 않은 패킷 타입: 5, 클라이언트 ID: 2
[03:43:00.176] [WARNING] 처리되지 않은 패킷 타입: 5, 클라이언트 ID: 1
[03:43:00.176] [WARNING] 처리되지 않은 패킷 타입: 5, 클라이언트 ID: 2
[03:43:00.186] [WARNING] 처리되지 않은 패킷 타입: 5, 클라이언트 ID: 1
[03:43:00.187] [WARNING] 처리되지 않은 패킷 타입: 5, 클라이언트 ID: 2
[03:43:00.197] [WARNING] 처리되지 않은 패킷 타입: 5, 클라이언트 ID: 1
[03:43:00.197] [WARNING] 처리되지 않은 패킷 타입: 5, 클라이언트 ID: 2
[03:43:00.207] [WARNING] 처리되지 않은 패킷 타입: 5, 클라이언트 ID: 1
[03:43:00.208] [WARNING] 처리되지 않은 패킷 타입: 5, 클라이언트 ID: 2
[03:43:00.219] [WARNING] 처리되지 않은 패킷 타입: 5, 클라이언트 ID: 1
[03:43:00.220] [WARNING] 처리되지 않은 패킷 타입: 5, 클라이언트 ID: 2
[03:43:00.229] [WARNING] 처리되지 않은 패킷 타입: 5, 클라이언트 ID: 1
[03:43:00.230] [WARNING] 처리되지 않은 패킷 타입: 5, 클라이언트 ID: 2
[03:43:00.239] [WARNING] 처리되지 않은 패킷 타입: 5, 클라이언트 ID: 1
[03:43:00.240] [WARNING] 처리되지 않은 패킷 타입: 5, 클라이언트 ID: 2
