[12:28:48.044] [INFO] 로깅 시스템 초기화됨
[12:28:48.045] [INFO] 서버 인스턴스 생성됨
[12:28:48.045] [INFO] 서버 초기화 시작 (포트: 9000)
[12:28:48.046] [INFO] 윈속 초기화 성공
[12:28:48.047] [INFO] 리스닝 소켓 생성 성공
[12:28:48.047] [INFO] 소켓 바인딩 성공 (포트: 9000)
[12:28:48.048] [INFO] 리스닝 시작됨
[12:28:48.048] [INFO] IOCP 생성 성공
[12:28:48.048] [INFO] CPU 코어 수: 16, 생성할 작업자 스레드: 16
[12:28:48.048] [INFO] 작업자 스레드 #1 생성됨
[12:28:48.049] [INFO] 작업자 스레드 시작 (ThreadID: 33324)
[12:28:48.049] [INFO] 작업자 스레드 #2 생성됨
[12:28:48.049] [INFO] 작업자 스레드 시작 (ThreadID: 40280)
[12:28:48.049] [INFO] 작업자 스레드 #3 생성됨
[12:28:48.050] [INFO] 작업자 스레드 시작 (ThreadID: 39348)
[12:28:48.050] [INFO] 작업자 스레드 #4 생성됨
[12:28:48.050] [INFO] 작업자 스레드 시작 (ThreadID: 29864)
[12:28:48.050] [INFO] 작업자 스레드 #5 생성됨
[12:28:48.050] [INFO] 작업자 스레드 시작 (ThreadID: 34676)
[12:28:48.051] [INFO] 작업자 스레드 #6 생성됨
[12:28:48.051] [INFO] 작업자 스레드 시작 (ThreadID: 11148)
[12:28:48.051] [INFO] 작업자 스레드 #7 생성됨
[12:28:48.051] [INFO] 작업자 스레드 시작 (ThreadID: 11272)
[12:28:48.052] [INFO] 작업자 스레드 #8 생성됨
[12:28:48.052] [INFO] 작업자 스레드 시작 (ThreadID: 30908)
[12:28:48.052] [INFO] 작업자 스레드 #9 생성됨
[12:28:48.052] [INFO] 작업자 스레드 시작 (ThreadID: 28380)
[12:28:48.052] [INFO] 작업자 스레드 #10 생성됨
[12:28:48.052] [INFO] 작업자 스레드 시작 (ThreadID: 34376)
[12:28:48.053] [INFO] 작업자 스레드 #11 생성됨
[12:28:48.053] [INFO] 작업자 스레드 시작 (ThreadID: 31540)
[12:28:48.053] [INFO] 작업자 스레드 #12 생성됨
[12:28:48.053] [INFO] 작업자 스레드 시작 (ThreadID: 25268)
[12:28:48.053] [INFO] 작업자 스레드 #13 생성됨
[12:28:48.053] [INFO] 작업자 스레드 시작 (ThreadID: 27248)
[12:28:48.054] [INFO] 작업자 스레드 #14 생성됨
[12:28:48.054] [INFO] 작업자 스레드 시작 (ThreadID: 24924)
[12:28:48.054] [INFO] 작업자 스레드 #15 생성됨
[12:28:48.054] [INFO] 작업자 스레드 시작 (ThreadID: 17520)
[12:28:48.054] [INFO] 작업자 스레드 #16 생성됨
[12:28:48.054] [INFO] 서버 초기화 완료
[12:28:48.054] [INFO] 서버 실행. 포트 번호: 9000
[12:28:48.055] [INFO] IOCP 멀티플레이어 서버 시작됨...
[12:28:48.055] [INFO] 서버 실행 시작
[12:28:48.055] [INFO] 작업자 스레드 시작 (ThreadID: 25192)
