[13:59:03.818] [INFO] 로깅 시스템 초기화됨
[13:59:03.819] [INFO] 서버 인스턴스 생성됨
[13:59:03.819] [INFO] 서버 초기화 시작 (포트: 9000)
[13:59:03.820] [INFO] 윈속 초기화 성공
[13:59:03.821] [INFO] 리스닝 소켓 생성 성공
[13:59:03.822] [INFO] 소켓 바인딩 성공 (포트: 9000)
[13:59:03.822] [INFO] 리스닝 시작됨
[13:59:03.822] [INFO] IOCP 생성 성공
[13:59:03.822] [INFO] CPU 코어 수: 16, 생성할 작업자 스레드: 16
[13:59:03.823] [INFO] 작업자 스레드 #1 생성됨
[13:59:03.823] [INFO] 작업자 스레드 시작 (ThreadID: 44072)
[13:59:03.823] [INFO] 작업자 스레드 #2 생성됨
[13:59:03.824] [INFO] 작업자 스레드 시작 (ThreadID: 26240)
[13:59:03.824] [INFO] 작업자 스레드 #3 생성됨
[13:59:03.824] [INFO] 작업자 스레드 시작 (ThreadID: 35012)
[13:59:03.825] [INFO] 작업자 스레드 #4 생성됨
[13:59:03.825] [INFO] 작업자 스레드 시작 (ThreadID: 7124)
[13:59:03.825] [INFO] 작업자 스레드 #5 생성됨
[13:59:03.826] [INFO] 작업자 스레드 시작 (ThreadID: 41620)
[13:59:03.826] [INFO] 작업자 스레드 #6 생성됨
[13:59:03.826] [INFO] 작업자 스레드 시작 (ThreadID: 39328)
[13:59:03.827] [INFO] 작업자 스레드 #7 생성됨
[13:59:03.827] [INFO] 작업자 스레드 시작 (ThreadID: 19588)
[13:59:03.828] [INFO] 작업자 스레드 #8 생성됨
[13:59:03.828] [INFO] 작업자 스레드 시작 (ThreadID: 16096)
[13:59:03.829] [INFO] 작업자 스레드 #9 생성됨
[13:59:03.829] [INFO] 작업자 스레드 시작 (ThreadID: 43200)
[13:59:03.830] [INFO] 작업자 스레드 #10 생성됨
[13:59:03.830] [INFO] 작업자 스레드 시작 (ThreadID: 29880)
[13:59:03.830] [INFO] 작업자 스레드 #11 생성됨
[13:59:03.830] [INFO] 작업자 스레드 시작 (ThreadID: 44084)
[13:59:03.831] [INFO] 작업자 스레드 #12 생성됨
[13:59:03.831] [INFO] 작업자 스레드 시작 (ThreadID: 24300)
[13:59:03.832] [INFO] 작업자 스레드 #13 생성됨
[13:59:03.832] [INFO] 작업자 스레드 시작 (ThreadID: 24900)
[13:59:03.832] [INFO] 작업자 스레드 #14 생성됨
[13:59:03.832] [INFO] 작업자 스레드 시작 (ThreadID: 32176)
[13:59:03.833] [INFO] 작업자 스레드 #15 생성됨
[13:59:03.833] [INFO] 작업자 스레드 시작 (ThreadID: 41032)
[13:59:03.833] [INFO] 작업자 스레드 #16 생성됨
[13:59:03.834] [INFO] 작업자 스레드 시작 (ThreadID: 30896)
[13:59:03.834] [INFO] 서버 초기화 완료
[13:59:03.834] [INFO] 서버 실행. 포트 번호: 9000
[13:59:03.834] [INFO] IOCP 멀티플레이어 서버 시작됨...
[13:59:03.834] [INFO] 서버 실행 시작
[13:59:09.636] [INFO] 새 클라이언트에게 ID 1 전송됨
[13:59:09.636] [INFO] 초기 위치 정보 전송됨 - 클라이언트 ID: 1, 위치: X=0.000000, Y=0.000000, Z=90.000000
[13:59:09.637] [INFO] 새 플레이어 정보(ID: 1) 브로드캐스트 - 수신자 수: 0
[13:59:09.637] [INFO] 기존 플레이어 정보 0개가 새 클라이언트(ID: 1)에게 전송됨
[13:59:09.637] [INFO] 위치 업데이트 - 클라이언트 ID: 1, 위치: X=0.000000, Y=0.000000, Z=90.000000, 속도: X=0.000000, Y=0.000000, Z=0.000000
[13:59:09.638] [INFO] 서버 FPS: 0.345006, 평균 프레임 시간: 579.700012ms, 클라이언트 수: 1
[13:59:14.315] [WARNING] 처리되지 않은 패킷 타입: 2, 클라이언트 ID: 1
[13:59:14.693] [WARNING] 처리되지 않은 패킷 타입: 3, 클라이언트 ID: 1
[13:59:16.119] [WARNING] 처리되지 않은 패킷 타입: 2, 클라이언트 ID: 1
[13:59:17.283] [WARNING] 처리되지 않은 패킷 타입: 2, 클라이언트 ID: 1
[13:59:17.436] [WARNING] 처리되지 않은 패킷 타입: 2, 클라이언트 ID: 1
[13:59:18.021] [WARNING] 처리되지 않은 패킷 타입: 2, 클라이언트 ID: 1
[13:59:18.175] [WARNING] 처리되지 않은 패킷 타입: 2, 클라이언트 ID: 1
[13:59:18.514] [WARNING] 처리되지 않은 패킷 타입: 2, 클라이언트 ID: 1
[13:59:18.669] [WARNING] 처리되지 않은 패킷 타입: 2, 클라이언트 ID: 1
[13:59:19.072] [WARNING] 처리되지 않은 패킷 타입: 2, 클라이언트 ID: 1
[13:59:19.228] [WARNING] 처리되지 않은 패킷 타입: 2, 클라이언트 ID: 1
[13:59:19.538] [WARNING] 처리되지 않은 패킷 타입: 2, 클라이언트 ID: 1
[13:59:19.633] [WARNING] 처리되지 않은 패킷 타입: 2, 클라이언트 ID: 1
[13:59:19.974] [WARNING] 처리되지 않은 패킷 타입: 2, 클라이언트 ID: 1
[13:59:20.066] [WARNING] 처리되지 않은 패킷 타입: 2, 클라이언트 ID: 1
[13:59:20.411] [WARNING] 처리되지 않은 패킷 타입: 2, 클라이언트 ID: 1
[13:59:20.537] [WARNING] 처리되지 않은 패킷 타입: 2, 클라이언트 ID: 1
[13:59:21.007] [WARNING] 처리되지 않은 패킷 타입: 2, 클라이언트 ID: 1
[13:59:21.100] [WARNING] 처리되지 않은 패킷 타입: 2, 클라이언트 ID: 1
[13:59:21.350] [WARNING] 처리되지 않은 패킷 타입: 2, 클라이언트 ID: 1
[13:59:21.442] [WARNING] 처리되지 않은 패킷 타입: 2, 클라이언트 ID: 1
[13:59:21.539] [WARNING] 처리되지 않은 패킷 타입: 2, 클라이언트 ID: 1
[13:59:21.698] [WARNING] 처리되지 않은 패킷 타입: 2, 클라이언트 ID: 1
[13:59:21.734] [WARNING] 처리되지 않은 패킷 타입: 2, 클라이언트 ID: 1
[13:59:21.957] [WARNING] 처리되지 않은 패킷 타입: 2, 클라이언트 ID: 1
[13:59:22.416] [WARNING] 처리되지 않은 패킷 타입: 2, 클라이언트 ID: 1
[13:59:22.541] [WARNING] 처리되지 않은 패킷 타입: 2, 클라이언트 ID: 1
[13:59:22.605] [WARNING] 처리되지 않은 패킷 타입: 2, 클라이언트 ID: 1
[13:59:22.700] [WARNING] 처리되지 않은 패킷 타입: 2, 클라이언트 ID: 1
[13:59:22.766] [WARNING] 처리되지 않은 패킷 타입: 2, 클라이언트 ID: 1
[13:59:22.862] [WARNING] 처리되지 않은 패킷 타입: 2, 클라이언트 ID: 1
[13:59:22.926] [WARNING] 처리되지 않은 패킷 타입: 2, 클라이언트 ID: 1
[13:59:23.018] [WARNING] 처리되지 않은 패킷 타입: 2, 클라이언트 ID: 1
[13:59:23.083] [WARNING] 처리되지 않은 패킷 타입: 2, 클라이언트 ID: 1
[13:59:23.208] [WARNING] 처리되지 않은 패킷 타입: 2, 클라이언트 ID: 1
[13:59:23.275] [WARNING] 처리되지 않은 패킷 타입: 2, 클라이언트 ID: 1
[13:59:23.368] [WARNING] 처리되지 않은 패킷 타입: 2, 클라이언트 ID: 1
[13:59:23.432] [WARNING] 처리되지 않은 패킷 타입: 2, 클라이언트 ID: 1
[13:59:23.525] [WARNING] 처리되지 않은 패킷 타입: 2, 클라이언트 ID: 1
[13:59:23.590] [WARNING] 처리되지 않은 패킷 타입: 2, 클라이언트 ID: 1
[13:59:23.717] [WARNING] 처리되지 않은 패킷 타입: 2, 클라이언트 ID: 1
[13:59:24.001] [WARNING] 처리되지 않은 패킷 타입: 2, 클라이언트 ID: 1
[13:59:24.094] [WARNING] 처리되지 않은 패킷 타입: 2, 클라이언트 ID: 1
[13:59:24.157] [WARNING] 처리되지 않은 패킷 타입: 2, 클라이언트 ID: 1
[13:59:24.281] [WARNING] 처리되지 않은 패킷 타입: 2, 클라이언트 ID: 1
[13:59:24.345] [WARNING] 처리되지 않은 패킷 타입: 2, 클라이언트 ID: 1
[13:59:24.440] [WARNING] 처리되지 않은 패킷 타입: 2, 클라이언트 ID: 1
[13:59:24.660] [WARNING] 처리되지 않은 패킷 타입: 2, 클라이언트 ID: 1
[13:59:24.786] [WARNING] 처리되지 않은 패킷 타입: 2, 클라이언트 ID: 1
[13:59:24.881] [WARNING] 처리되지 않은 패킷 타입: 2, 클라이언트 ID: 1
[13:59:24.975] [WARNING] 처리되지 않은 패킷 타입: 2, 클라이언트 ID: 1
[13:59:25.040] [WARNING] 처리되지 않은 패킷 타입: 2, 클라이언트 ID: 1
[13:59:25.136] [WARNING] 처리되지 않은 패킷 타입: 2, 클라이언트 ID: 1
[13:59:25.199] [WARNING] 처리되지 않은 패킷 타입: 2, 클라이언트 ID: 1
[13:59:25.324] [WARNING] 처리되지 않은 패킷 타입: 2, 클라이언트 ID: 1
[13:59:25.389] [WARNING] 처리되지 않은 패킷 타입: 2, 클라이언트 ID: 1
[13:59:25.516] [WARNING] 처리되지 않은 패킷 타입: 2, 클라이언트 ID: 1
[13:59:25.579] [WARNING] 처리되지 않은 패킷 타입: 2, 클라이언트 ID: 1
[13:59:25.704] [WARNING] 처리되지 않은 패킷 타입: 2, 클라이언트 ID: 1
[13:59:25.736] [WARNING] 처리되지 않은 패킷 타입: 2, 클라이언트 ID: 1
[13:59:25.895] [WARNING] 처리되지 않은 패킷 타입: 2, 클라이언트 ID: 1
[13:59:25.927] [WARNING] 처리되지 않은 패킷 타입: 2, 클라이언트 ID: 1
[13:59:27.959] [WARNING] 처리되지 않은 패킷 타입: 2, 클라이언트 ID: 1
