[20:18:14.890] [INFO] 로깅 시스템 초기화됨
[20:18:14.890] [INFO] 서버 인스턴스 생성됨
[20:18:14.890] [INFO] 서버 초기화 시작 (포트: 9000)
[20:18:14.891] [INFO] 윈속 초기화 성공
[20:18:14.892] [INFO] 리스닝 소켓 생성 성공
[20:18:14.892] [INFO] 소켓 바인딩 성공 (포트: 9000)
[20:18:14.892] [INFO] 리스닝 시작됨
[20:18:14.893] [INFO] IOCP 생성 성공
[20:18:14.893] [INFO] CPU 코어 수: 16, 생성할 작업자 스레드: 32
[20:18:14.893] [INFO] 작업자 스레드 #1 생성됨
[20:18:14.893] [INFO] 작업자 스레드 시작 (ThreadID: 18784)
[20:18:14.893] [INFO] 작업자 스레드 #2 생성됨
[20:18:14.894] [INFO] 작업자 스레드 시작 (ThreadID: 31620)
[20:18:14.894] [INFO] 작업자 스레드 #3 생성됨
[20:18:14.894] [INFO] 작업자 스레드 시작 (ThreadID: 17992)
[20:18:14.894] [INFO] 작업자 스레드 #4 생성됨
[20:18:14.894] [INFO] 작업자 스레드 시작 (ThreadID: 26152)
[20:18:14.895] [INFO] 작업자 스레드 #5 생성됨
[20:18:14.895] [INFO] 작업자 스레드 시작 (ThreadID: 3504)
[20:18:14.895] [INFO] 작업자 스레드 #6 생성됨
[20:18:14.895] [INFO] 작업자 스레드 시작 (ThreadID: 30044)
[20:18:14.895] [INFO] 작업자 스레드 #7 생성됨
[20:18:14.896] [INFO] 작업자 스레드 시작 (ThreadID: 32452)
[20:18:14.896] [INFO] 작업자 스레드 #8 생성됨
[20:18:14.896] [INFO] 작업자 스레드 시작 (ThreadID: 24928)
[20:18:14.896] [INFO] 작업자 스레드 #9 생성됨
[20:18:14.896] [INFO] 작업자 스레드 시작 (ThreadID: 7336)
[20:18:14.897] [INFO] 작업자 스레드 #10 생성됨
[20:18:14.897] [INFO] 작업자 스레드 시작 (ThreadID: 3696)
[20:18:14.897] [INFO] 작업자 스레드 #11 생성됨
[20:18:14.897] [INFO] 작업자 스레드 시작 (ThreadID: 17896)
[20:18:14.897] [INFO] 작업자 스레드 #12 생성됨
[20:18:14.898] [INFO] 작업자 스레드 시작 (ThreadID: 9060)
[20:18:14.898] [INFO] 작업자 스레드 #13 생성됨
[20:18:14.898] [INFO] 작업자 스레드 시작 (ThreadID: 8872)
[20:18:14.898] [INFO] 작업자 스레드 #14 생성됨
[20:18:14.898] [INFO] 작업자 스레드 시작 (ThreadID: 19148)
[20:18:14.898] [INFO] 작업자 스레드 #15 생성됨
[20:18:14.899] [INFO] 작업자 스레드 시작 (ThreadID: 24804)
[20:18:14.899] [INFO] 작업자 스레드 #16 생성됨
[20:18:14.899] [INFO] 작업자 스레드 시작 (ThreadID: 7536)
[20:18:14.899] [INFO] 작업자 스레드 #17 생성됨
[20:18:14.899] [INFO] 작업자 스레드 시작 (ThreadID: 21468)
[20:18:14.899] [INFO] 작업자 스레드 #18 생성됨
[20:18:14.900] [INFO] 작업자 스레드 시작 (ThreadID: 4436)
[20:18:14.900] [INFO] 작업자 스레드 #19 생성됨
[20:18:14.900] [INFO] 작업자 스레드 시작 (ThreadID: 18296)
[20:18:14.900] [INFO] 작업자 스레드 #20 생성됨
[20:18:14.900] [INFO] 작업자 스레드 시작 (ThreadID: 19140)
[20:18:14.900] [INFO] 작업자 스레드 #21 생성됨
[20:18:14.900] [INFO] 작업자 스레드 시작 (ThreadID: 29624)
[20:18:14.901] [INFO] 작업자 스레드 #22 생성됨
[20:18:14.901] [INFO] 작업자 스레드 시작 (ThreadID: 24640)
[20:18:14.901] [INFO] 작업자 스레드 #23 생성됨
[20:18:14.901] [INFO] 작업자 스레드 시작 (ThreadID: 10180)
[20:18:14.901] [INFO] 작업자 스레드 #24 생성됨
[20:18:14.901] [INFO] 작업자 스레드 시작 (ThreadID: 21092)
[20:18:14.902] [INFO] 작업자 스레드 #25 생성됨
[20:18:14.902] [INFO] 작업자 스레드 시작 (ThreadID: 18496)
[20:18:14.902] [INFO] 작업자 스레드 #26 생성됨
[20:18:14.902] [INFO] 작업자 스레드 시작 (ThreadID: 29052)
[20:18:14.902] [INFO] 작업자 스레드 #27 생성됨
[20:18:14.902] [INFO] 작업자 스레드 시작 (ThreadID: 26804)
[20:18:14.902] [INFO] 작업자 스레드 #28 생성됨
[20:18:14.903] [INFO] 작업자 스레드 시작 (ThreadID: 18808)
[20:18:14.903] [INFO] 작업자 스레드 #29 생성됨
[20:18:14.903] [INFO] 작업자 스레드 시작 (ThreadID: 24980)
[20:18:14.903] [INFO] 작업자 스레드 #30 생성됨
[20:18:14.903] [INFO] 작업자 스레드 시작 (ThreadID: 19412)
[20:18:14.904] [INFO] 작업자 스레드 #31 생성됨
[20:18:14.904] [INFO] 작업자 스레드 시작 (ThreadID: 29208)
[20:18:14.904] [INFO] 작업자 스레드 #32 생성됨
[20:18:14.904] [INFO] 작업자 스레드 시작 (ThreadID: 32156)
[20:18:14.904] [INFO] 서버 초기화 완료
[20:18:14.905] [INFO] 서버 실행. 포트 번호: 9000
[20:18:14.905] [INFO] IOCP 멀티플레이어 서버 시작됨...
[20:18:14.905] [INFO] 서버 실행 시작
