[20:01:44.150] [INFO] 로깅 시스템 초기화됨
[20:01:44.150] [INFO] 서버 인스턴스 생성됨
[20:01:44.151] [INFO] 서버 초기화 시작 (포트: 9000)
[20:01:44.151] [INFO] 윈속 초기화 성공
[20:01:44.152] [INFO] 리스닝 소켓 생성 성공
[20:01:44.152] [INFO] 소켓 바인딩 성공 (포트: 9000)
[20:01:44.153] [INFO] 리스닝 시작됨
[20:01:44.153] [INFO] IOCP 생성 성공
[20:01:44.153] [INFO] CPU 코어 수: 16, 생성할 작업자 스레드: 32
[20:01:44.153] [INFO] 작업자 스레드 #1 생성됨
[20:01:44.154] [INFO] 작업자 스레드 시작 (ThreadID: 12492)
[20:01:44.154] [INFO] 작업자 스레드 #2 생성됨
[20:01:44.154] [INFO] 작업자 스레드 시작 (ThreadID: 23384)
[20:01:44.154] [INFO] 작업자 스레드 #3 생성됨
[20:01:44.155] [INFO] 작업자 스레드 시작 (ThreadID: 7412)
[20:01:44.155] [INFO] 작업자 스레드 #4 생성됨
[20:01:44.155] [INFO] 작업자 스레드 시작 (ThreadID: 28972)
[20:01:44.155] [INFO] 작업자 스레드 #5 생성됨
[20:01:44.155] [INFO] 작업자 스레드 시작 (ThreadID: 8240)
[20:01:44.155] [INFO] 작업자 스레드 #6 생성됨
[20:01:44.156] [INFO] 작업자 스레드 시작 (ThreadID: 29020)
[20:01:44.156] [INFO] 작업자 스레드 #7 생성됨
[20:01:44.156] [INFO] 작업자 스레드 시작 (ThreadID: 9724)
[20:01:44.156] [INFO] 작업자 스레드 #8 생성됨
[20:01:44.156] [INFO] 작업자 스레드 시작 (ThreadID: 28812)
[20:01:44.156] [INFO] 작업자 스레드 #9 생성됨
[20:01:44.157] [INFO] 작업자 스레드 시작 (ThreadID: 19296)
[20:01:44.157] [INFO] 작업자 스레드 #10 생성됨
[20:01:44.157] [INFO] 작업자 스레드 시작 (ThreadID: 10652)
[20:01:44.157] [INFO] 작업자 스레드 #11 생성됨
[20:01:44.157] [INFO] 작업자 스레드 시작 (ThreadID: 25712)
[20:01:44.158] [INFO] 작업자 스레드 #12 생성됨
[20:01:44.158] [INFO] 작업자 스레드 시작 (ThreadID: 3112)
[20:01:44.158] [INFO] 작업자 스레드 #13 생성됨
[20:01:44.158] [INFO] 작업자 스레드 시작 (ThreadID: 31572)
[20:01:44.158] [INFO] 작업자 스레드 #14 생성됨
[20:01:44.158] [INFO] 작업자 스레드 시작 (ThreadID: 24604)
[20:01:44.159] [INFO] 작업자 스레드 #15 생성됨
[20:01:44.159] [INFO] 작업자 스레드 시작 (ThreadID: 18272)
[20:01:44.159] [INFO] 작업자 스레드 #16 생성됨
[20:01:44.159] [INFO] 작업자 스레드 시작 (ThreadID: 32140)
[20:01:44.159] [INFO] 작업자 스레드 #17 생성됨
[20:01:44.159] [INFO] 작업자 스레드 시작 (ThreadID: 31144)
[20:01:44.160] [INFO] 작업자 스레드 #18 생성됨
[20:01:44.160] [INFO] 작업자 스레드 시작 (ThreadID: 30664)
[20:01:44.160] [INFO] 작업자 스레드 #19 생성됨
[20:01:44.160] [INFO] 작업자 스레드 시작 (ThreadID: 29880)
[20:01:44.160] [INFO] 작업자 스레드 #20 생성됨
[20:01:44.161] [INFO] 작업자 스레드 시작 (ThreadID: 23884)
[20:01:44.161] [INFO] 작업자 스레드 #21 생성됨
[20:01:44.161] [INFO] 작업자 스레드 시작 (ThreadID: 26424)
[20:01:44.161] [INFO] 작업자 스레드 #22 생성됨
[20:01:44.161] [INFO] 작업자 스레드 시작 (ThreadID: 7472)
[20:01:44.162] [INFO] 작업자 스레드 #23 생성됨
[20:01:44.162] [INFO] 작업자 스레드 시작 (ThreadID: 27448)
[20:01:44.162] [INFO] 작업자 스레드 #24 생성됨
[20:01:44.162] [INFO] 작업자 스레드 시작 (ThreadID: 6084)
[20:01:44.162] [INFO] 작업자 스레드 #25 생성됨
[20:01:44.162] [INFO] 작업자 스레드 시작 (ThreadID: 32548)
[20:01:44.163] [INFO] 작업자 스레드 #26 생성됨
[20:01:44.163] [INFO] 작업자 스레드 시작 (ThreadID: 25368)
[20:01:44.163] [INFO] 작업자 스레드 #27 생성됨
[20:01:44.163] [INFO] 작업자 스레드 시작 (ThreadID: 30352)
[20:01:44.163] [INFO] 작업자 스레드 #28 생성됨
[20:01:44.163] [INFO] 작업자 스레드 시작 (ThreadID: 21072)
[20:01:44.163] [INFO] 작업자 스레드 #29 생성됨
[20:01:44.164] [INFO] 작업자 스레드 시작 (ThreadID: 28604)
[20:01:44.164] [INFO] 작업자 스레드 #30 생성됨
[20:01:44.164] [INFO] 작업자 스레드 시작 (ThreadID: 29336)
[20:01:44.164] [INFO] 작업자 스레드 #31 생성됨
[20:01:44.164] [INFO] 작업자 스레드 시작 (ThreadID: 30056)
[20:01:44.164] [INFO] 작업자 스레드 #32 생성됨
[20:01:44.164] [INFO] 작업자 스레드 시작 (ThreadID: 18788)
[20:01:44.165] [INFO] 서버 초기화 완료
[20:01:44.165] [INFO] 서버 실행. 포트 번호: 9000
[20:01:44.165] [INFO] IOCP 멀티플레이어 서버 시작됨...
[20:01:44.165] [INFO] 서버 실행 시작
[20:01:49.229] [INFO] 클라이언트 연결됨: 127.0.0.1:6357 (ID: 1)
[20:01:49.230] [INFO] 새 클라이언트에게 ID 1 전송됨
[20:01:49.230] [INFO] 새 플레이어 정보(ID: 1) 브로드캐스트 - 수신자 수: 0
[20:01:49.230] [INFO] 기존 플레이어 정보 0개가 새 클라이언트(ID: 1)에게 전송됨
[20:01:49.231] [INFO] 플레이어 위치 변경 - 클라이언트 ID: 1, 위치: X=0.000000, Y=0.000000, Z=90.000000
[20:01:49.231] [INFO] 서버 FPS: 0.395023, 평균 프레임 시간: 506.300018ms, 클라이언트 수: 1
[20:01:49.238] [DEBUG] 데이터 수신: 17 바이트, 클라이언트 ID: 1
[20:01:49.246] [DEBUG] 데이터 수신: 17 바이트, 클라이언트 ID: 1
[20:01:49.255] [DEBUG] 데이터 수신: 17 바이트, 클라이언트 ID: 1
[20:01:49.263] [DEBUG] 데이터 수신: 17 바이트, 클라이언트 ID: 1
[20:01:49.272] [DEBUG] 데이터 수신: 17 바이트, 클라이언트 ID: 1
[20:01:49.281] [DEBUG] 데이터 수신: 17 바이트, 클라이언트 ID: 1
[20:01:49.290] [DEBUG] 데이터 수신: 17 바이트, 클라이언트 ID: 1
[20:01:49.301] [DEBUG] 데이터 수신: 17 바이트, 클라이언트 ID: 1
[20:01:49.309] [DEBUG] 데이터 수신: 17 바이트, 클라이언트 ID: 1
[20:01:49.317] [DEBUG] 데이터 수신: 17 바이트, 클라이언트 ID: 1
[20:01:49.325] [DEBUG] 데이터 수신: 17 바이트, 클라이언트 ID: 1
[20:01:49.334] [DEBUG] 데이터 수신: 17 바이트, 클라이언트 ID: 1
[20:01:49.342] [DEBUG] 데이터 수신: 17 바이트, 클라이언트 ID: 1
[20:01:49.350] [DEBUG] 데이터 수신: 17 바이트, 클라이언트 ID: 1
[20:01:49.359] [DEBUG] 데이터 수신: 17 바이트, 클라이언트 ID: 1
[20:01:49.367] [DEBUG] 데이터 수신: 17 바이트, 클라이언트 ID: 1
[20:01:49.376] [DEBUG] 데이터 수신: 17 바이트, 클라이언트 ID: 1
[20:01:49.384] [DEBUG] 데이터 수신: 17 바이트, 클라이언트 ID: 1
[20:01:49.393] [DEBUG] 데이터 수신: 17 바이트, 클라이언트 ID: 1
[20:01:49.401] [DEBUG] 데이터 수신: 17 바이트, 클라이언트 ID: 1
[20:01:49.409] [DEBUG] 데이터 수신: 17 바이트, 클라이언트 ID: 1
[20:01:49.419] [DEBUG] 데이터 수신: 17 바이트, 클라이언트 ID: 1
[20:01:49.427] [DEBUG] 데이터 수신: 17 바이트, 클라이언트 ID: 1
[20:01:49.436] [DEBUG] 데이터 수신: 17 바이트, 클라이언트 ID: 1
[20:01:49.445] [DEBUG] 데이터 수신: 17 바이트, 클라이언트 ID: 1
[20:01:49.453] [DEBUG] 데이터 수신: 17 바이트, 클라이언트 ID: 1
[20:01:49.462] [DEBUG] 데이터 수신: 17 바이트, 클라이언트 ID: 1
[20:01:49.470] [DEBUG] 데이터 수신: 17 바이트, 클라이언트 ID: 1
[20:01:49.479] [DEBUG] 데이터 수신: 17 바이트, 클라이언트 ID: 1
[20:01:49.487] [DEBUG] 데이터 수신: 17 바이트, 클라이언트 ID: 1
[20:01:49.496] [DEBUG] 데이터 수신: 17 바이트, 클라이언트 ID: 1
[20:01:49.509] [DEBUG] 데이터 수신: 17 바이트, 클라이언트 ID: 1
[20:01:49.518] [DEBUG] 데이터 수신: 17 바이트, 클라이언트 ID: 1
[20:01:49.526] [DEBUG] 데이터 수신: 17 바이트, 클라이언트 ID: 1
[20:01:49.534] [DEBUG] 데이터 수신: 17 바이트, 클라이언트 ID: 1
[20:01:49.543] [DEBUG] 데이터 수신: 17 바이트, 클라이언트 ID: 1
[20:01:49.551] [DEBUG] 데이터 수신: 17 바이트, 클라이언트 ID: 1
[20:01:49.559] [DEBUG] 데이터 수신: 17 바이트, 클라이언트 ID: 1
[20:01:49.568] [DEBUG] 데이터 수신: 17 바이트, 클라이언트 ID: 1
[20:01:49.576] [DEBUG] 데이터 수신: 17 바이트, 클라이언트 ID: 1
[20:01:49.585] [DEBUG] 데이터 수신: 17 바이트, 클라이언트 ID: 1
[20:01:49.593] [DEBUG] 데이터 수신: 17 바이트, 클라이언트 ID: 1
[20:01:49.601] [DEBUG] 데이터 수신: 17 바이트, 클라이언트 ID: 1
[20:01:49.609] [DEBUG] 데이터 수신: 17 바이트, 클라이언트 ID: 1
[20:01:49.618] [DEBUG] 데이터 수신: 17 바이트, 클라이언트 ID: 1
[20:01:49.627] [DEBUG] 데이터 수신: 17 바이트, 클라이언트 ID: 1
[20:01:49.636] [DEBUG] 데이터 수신: 17 바이트, 클라이언트 ID: 1
[20:01:49.644] [DEBUG] 데이터 수신: 17 바이트, 클라이언트 ID: 1
[20:01:49.653] [DEBUG] 데이터 수신: 17 바이트, 클라이언트 ID: 1
[20:01:49.661] [DEBUG] 데이터 수신: 17 바이트, 클라이언트 ID: 1
[20:01:49.670] [DEBUG] 데이터 수신: 17 바이트, 클라이언트 ID: 1
[20:01:49.679] [DEBUG] 데이터 수신: 17 바이트, 클라이언트 ID: 1
[20:01:49.688] [DEBUG] 데이터 수신: 17 바이트, 클라이언트 ID: 1
[20:01:49.697] [DEBUG] 데이터 수신: 17 바이트, 클라이언트 ID: 1
[20:01:49.706] [DEBUG] 데이터 수신: 17 바이트, 클라이언트 ID: 1
[20:01:49.715] [DEBUG] 데이터 수신: 17 바이트, 클라이언트 ID: 1
[20:01:49.724] [DEBUG] 데이터 수신: 17 바이트, 클라이언트 ID: 1
[20:01:49.733] [DEBUG] 데이터 수신: 17 바이트, 클라이언트 ID: 1
[20:01:49.741] [DEBUG] 데이터 수신: 17 바이트, 클라이언트 ID: 1
[20:01:49.750] [DEBUG] 데이터 수신: 17 바이트, 클라이언트 ID: 1
[20:01:49.759] [DEBUG] 데이터 수신: 17 바이트, 클라이언트 ID: 1
[20:01:49.768] [DEBUG] 데이터 수신: 17 바이트, 클라이언트 ID: 1
[20:01:49.776] [DEBUG] 데이터 수신: 17 바이트, 클라이언트 ID: 1
[20:01:49.785] [DEBUG] 데이터 수신: 17 바이트, 클라이언트 ID: 1
[20:01:49.794] [DEBUG] 데이터 수신: 17 바이트, 클라이언트 ID: 1
[20:01:50.127] [DEBUG] 데이터 수신: 17 바이트, 클라이언트 ID: 1
[20:01:50.461] [DEBUG] 데이터 수신: 17 바이트, 클라이언트 ID: 1
[20:01:50.795] [DEBUG] 데이터 수신: 17 바이트, 클라이언트 ID: 1
[20:01:50.804] [DEBUG] 데이터 수신: 17 바이트, 클라이언트 ID: 1
[20:01:50.812] [DEBUG] 데이터 수신: 17 바이트, 클라이언트 ID: 1
[20:01:50.821] [DEBUG] 데이터 수신: 17 바이트, 클라이언트 ID: 1
[20:01:50.829] [DEBUG] 데이터 수신: 17 바이트, 클라이언트 ID: 1
[20:01:50.838] [DEBUG] 데이터 수신: 17 바이트, 클라이언트 ID: 1
[20:01:50.846] [DEBUG] 데이터 수신: 17 바이트, 클라이언트 ID: 1
[20:01:50.854] [DEBUG] 데이터 수신: 17 바이트, 클라이언트 ID: 1
[20:01:50.863] [DEBUG] 데이터 수신: 17 바이트, 클라이언트 ID: 1
[20:01:50.871] [DEBUG] 데이터 수신: 17 바이트, 클라이언트 ID: 1
[20:01:50.879] [DEBUG] 데이터 수신: 17 바이트, 클라이언트 ID: 1
[20:01:50.897] [DEBUG] 데이터 수신: 17 바이트, 클라이언트 ID: 1
[20:01:50.914] [DEBUG] 데이터 수신: 17 바이트, 클라이언트 ID: 1
[20:01:50.930] [DEBUG] 데이터 수신: 17 바이트, 클라이언트 ID: 1
[20:01:50.947] [DEBUG] 데이터 수신: 17 바이트, 클라이언트 ID: 1
[20:01:50.957] [DEBUG] 데이터 수신: 17 바이트, 클라이언트 ID: 1
[20:01:50.967] [DEBUG] 데이터 수신: 17 바이트, 클라이언트 ID: 1
[20:01:50.979] [DEBUG] 데이터 수신: 17 바이트, 클라이언트 ID: 1
[20:01:50.989] [DEBUG] 데이터 수신: 17 바이트, 클라이언트 ID: 1
[20:01:50.998] [DEBUG] 데이터 수신: 17 바이트, 클라이언트 ID: 1
[20:01:51.008] [DEBUG] 데이터 수신: 17 바이트, 클라이언트 ID: 1
[20:01:51.018] [DEBUG] 데이터 수신: 17 바이트, 클라이언트 ID: 1
[20:01:51.028] [DEBUG] 데이터 수신: 17 바이트, 클라이언트 ID: 1
[20:01:51.036] [DEBUG] 데이터 수신: 17 바이트, 클라이언트 ID: 1
[20:01:51.045] [DEBUG] 데이터 수신: 17 바이트, 클라이언트 ID: 1
[20:01:51.055] [DEBUG] 데이터 수신: 17 바이트, 클라이언트 ID: 1
[20:01:51.064] [DEBUG] 데이터 수신: 17 바이트, 클라이언트 ID: 1
[20:01:51.073] [DEBUG] 데이터 수신: 17 바이트, 클라이언트 ID: 1
[20:01:51.083] [DEBUG] 데이터 수신: 17 바이트, 클라이언트 ID: 1
[20:01:51.092] [DEBUG] 데이터 수신: 17 바이트, 클라이언트 ID: 1
[20:01:51.101] [DEBUG] 데이터 수신: 17 바이트, 클라이언트 ID: 1
[20:01:51.111] [DEBUG] 데이터 수신: 17 바이트, 클라이언트 ID: 1
[20:01:51.121] [DEBUG] 데이터 수신: 17 바이트, 클라이언트 ID: 1
[20:01:51.130] [DEBUG] 데이터 수신: 17 바이트, 클라이언트 ID: 1
[20:01:51.139] [DEBUG] 데이터 수신: 17 바이트, 클라이언트 ID: 1
[20:01:51.153] [DEBUG] 데이터 수신: 17 바이트, 클라이언트 ID: 1
[20:01:51.160] [DEBUG] 데이터 수신: 17 바이트, 클라이언트 ID: 1
[20:01:51.168] [DEBUG] 데이터 수신: 17 바이트, 클라이언트 ID: 1
[20:01:51.178] [DEBUG] 데이터 수신: 17 바이트, 클라이언트 ID: 1
[20:01:51.188] [DEBUG] 데이터 수신: 17 바이트, 클라이언트 ID: 1
[20:01:51.196] [DEBUG] 데이터 수신: 17 바이트, 클라이언트 ID: 1
[20:01:51.204] [DEBUG] 데이터 수신: 17 바이트, 클라이언트 ID: 1
[20:01:51.213] [DEBUG] 데이터 수신: 17 바이트, 클라이언트 ID: 1
[20:01:51.222] [DEBUG] 데이터 수신: 17 바이트, 클라이언트 ID: 1
[20:01:51.231] [DEBUG] 데이터 수신: 17 바이트, 클라이언트 ID: 1
[20:01:51.239] [DEBUG] 데이터 수신: 17 바이트, 클라이언트 ID: 1
[20:01:51.248] [DEBUG] 데이터 수신: 17 바이트, 클라이언트 ID: 1
[20:01:51.257] [DEBUG] 데이터 수신: 17 바이트, 클라이언트 ID: 1
[20:01:51.267] [DEBUG] 데이터 수신: 17 바이트, 클라이언트 ID: 1
[20:01:51.276] [DEBUG] 데이터 수신: 17 바이트, 클라이언트 ID: 1
[20:01:51.286] [DEBUG] 데이터 수신: 17 바이트, 클라이언트 ID: 1
[20:01:51.294] [DEBUG] 데이터 수신: 17 바이트, 클라이언트 ID: 1
[20:01:51.304] [DEBUG] 데이터 수신: 17 바이트, 클라이언트 ID: 1
[20:01:51.314] [DEBUG] 데이터 수신: 17 바이트, 클라이언트 ID: 1
[20:01:51.323] [DEBUG] 데이터 수신: 17 바이트, 클라이언트 ID: 1
[20:01:51.333] [DEBUG] 데이터 수신: 17 바이트, 클라이언트 ID: 1
[20:01:51.342] [DEBUG] 데이터 수신: 17 바이트, 클라이언트 ID: 1
[20:01:51.352] [DEBUG] 데이터 수신: 17 바이트, 클라이언트 ID: 1
[20:01:51.361] [DEBUG] 데이터 수신: 17 바이트, 클라이언트 ID: 1
[20:01:51.370] [DEBUG] 데이터 수신: 17 바이트, 클라이언트 ID: 1
[20:01:51.379] [DEBUG] 데이터 수신: 17 바이트, 클라이언트 ID: 1
[20:01:51.388] [DEBUG] 데이터 수신: 17 바이트, 클라이언트 ID: 1
[20:01:51.398] [DEBUG] 데이터 수신: 17 바이트, 클라이언트 ID: 1
[20:01:51.407] [DEBUG] 데이터 수신: 17 바이트, 클라이언트 ID: 1
[20:01:51.417] [DEBUG] 데이터 수신: 17 바이트, 클라이언트 ID: 1
[20:01:51.425] [DEBUG] 데이터 수신: 17 바이트, 클라이언트 ID: 1
[20:01:51.435] [DEBUG] 데이터 수신: 17 바이트, 클라이언트 ID: 1
[20:01:51.445] [DEBUG] 데이터 수신: 17 바이트, 클라이언트 ID: 1
[20:01:51.454] [DEBUG] 데이터 수신: 17 바이트, 클라이언트 ID: 1
[20:01:51.463] [DEBUG] 데이터 수신: 17 바이트, 클라이언트 ID: 1
[20:01:51.472] [DEBUG] 데이터 수신: 17 바이트, 클라이언트 ID: 1
[20:01:51.481] [DEBUG] 데이터 수신: 17 바이트, 클라이언트 ID: 1
[20:01:51.490] [DEBUG] 데이터 수신: 17 바이트, 클라이언트 ID: 1
[20:01:51.500] [DEBUG] 데이터 수신: 17 바이트, 클라이언트 ID: 1
[20:01:51.509] [DEBUG] 데이터 수신: 17 바이트, 클라이언트 ID: 1
[20:01:51.519] [DEBUG] 데이터 수신: 17 바이트, 클라이언트 ID: 1
[20:01:51.528] [DEBUG] 데이터 수신: 17 바이트, 클라이언트 ID: 1
[20:01:51.537] [DEBUG] 데이터 수신: 17 바이트, 클라이언트 ID: 1
[20:01:51.546] [DEBUG] 데이터 수신: 17 바이트, 클라이언트 ID: 1
[20:01:51.556] [DEBUG] 데이터 수신: 17 바이트, 클라이언트 ID: 1
[20:01:51.565] [DEBUG] 데이터 수신: 17 바이트, 클라이언트 ID: 1
[20:01:51.574] [DEBUG] 데이터 수신: 17 바이트, 클라이언트 ID: 1
[20:01:51.584] [DEBUG] 데이터 수신: 17 바이트, 클라이언트 ID: 1
[20:01:51.593] [DEBUG] 데이터 수신: 17 바이트, 클라이언트 ID: 1
[20:01:51.603] [DEBUG] 데이터 수신: 17 바이트, 클라이언트 ID: 1
[20:01:51.612] [DEBUG] 데이터 수신: 17 바이트, 클라이언트 ID: 1
[20:01:51.621] [DEBUG] 데이터 수신: 17 바이트, 클라이언트 ID: 1
[20:01:51.631] [DEBUG] 데이터 수신: 17 바이트, 클라이언트 ID: 1
[20:01:51.639] [DEBUG] 데이터 수신: 17 바이트, 클라이언트 ID: 1
[20:01:51.649] [DEBUG] 데이터 수신: 17 바이트, 클라이언트 ID: 1
[20:01:51.658] [DEBUG] 데이터 수신: 17 바이트, 클라이언트 ID: 1
[20:01:51.668] [DEBUG] 데이터 수신: 17 바이트, 클라이언트 ID: 1
[20:01:51.677] [DEBUG] 데이터 수신: 17 바이트, 클라이언트 ID: 1
[20:01:51.686] [DEBUG] 데이터 수신: 17 바이트, 클라이언트 ID: 1
[20:01:51.696] [DEBUG] 데이터 수신: 17 바이트, 클라이언트 ID: 1
[20:01:51.705] [DEBUG] 데이터 수신: 17 바이트, 클라이언트 ID: 1
[20:01:51.713] [DEBUG] 데이터 수신: 17 바이트, 클라이언트 ID: 1
[20:01:51.724] [DEBUG] 데이터 수신: 17 바이트, 클라이언트 ID: 1
[20:01:51.732] [DEBUG] 데이터 수신: 17 바이트, 클라이언트 ID: 1
[20:01:51.741] [DEBUG] 데이터 수신: 17 바이트, 클라이언트 ID: 1
[20:01:51.750] [DEBUG] 데이터 수신: 17 바이트, 클라이언트 ID: 1
[20:01:51.760] [DEBUG] 데이터 수신: 17 바이트, 클라이언트 ID: 1
[20:01:51.769] [DEBUG] 데이터 수신: 17 바이트, 클라이언트 ID: 1
[20:01:51.778] [DEBUG] 데이터 수신: 17 바이트, 클라이언트 ID: 1
[20:01:51.788] [DEBUG] 데이터 수신: 17 바이트, 클라이언트 ID: 1
[20:01:51.796] [DEBUG] 데이터 수신: 17 바이트, 클라이언트 ID: 1
[20:01:51.806] [DEBUG] 데이터 수신: 17 바이트, 클라이언트 ID: 1
[20:01:51.816] [DEBUG] 데이터 수신: 17 바이트, 클라이언트 ID: 1
[20:01:51.824] [DEBUG] 데이터 수신: 17 바이트, 클라이언트 ID: 1
[20:01:51.834] [DEBUG] 데이터 수신: 17 바이트, 클라이언트 ID: 1
[20:01:51.843] [DEBUG] 데이터 수신: 17 바이트, 클라이언트 ID: 1
[20:01:51.852] [DEBUG] 데이터 수신: 17 바이트, 클라이언트 ID: 1
[20:01:51.862] [DEBUG] 데이터 수신: 17 바이트, 클라이언트 ID: 1
[20:01:51.871] [DEBUG] 데이터 수신: 17 바이트, 클라이언트 ID: 1
[20:01:51.880] [DEBUG] 데이터 수신: 17 바이트, 클라이언트 ID: 1
[20:01:51.889] [DEBUG] 데이터 수신: 17 바이트, 클라이언트 ID: 1
[20:01:51.899] [DEBUG] 데이터 수신: 17 바이트, 클라이언트 ID: 1
[20:01:51.908] [DEBUG] 데이터 수신: 17 바이트, 클라이언트 ID: 1
[20:01:51.918] [DEBUG] 데이터 수신: 17 바이트, 클라이언트 ID: 1
[20:01:51.928] [DEBUG] 데이터 수신: 17 바이트, 클라이언트 ID: 1
[20:01:51.937] [DEBUG] 데이터 수신: 17 바이트, 클라이언트 ID: 1
[20:01:51.946] [DEBUG] 데이터 수신: 17 바이트, 클라이언트 ID: 1
[20:01:51.956] [DEBUG] 데이터 수신: 17 바이트, 클라이언트 ID: 1
[20:01:51.965] [DEBUG] 데이터 수신: 17 바이트, 클라이언트 ID: 1
[20:01:51.974] [DEBUG] 데이터 수신: 17 바이트, 클라이언트 ID: 1
[20:01:51.983] [DEBUG] 데이터 수신: 17 바이트, 클라이언트 ID: 1
[20:01:51.992] [DEBUG] 데이터 수신: 17 바이트, 클라이언트 ID: 1
[20:01:52.001] [DEBUG] 데이터 수신: 17 바이트, 클라이언트 ID: 1
[20:01:52.010] [DEBUG] 데이터 수신: 17 바이트, 클라이언트 ID: 1
[20:01:52.020] [DEBUG] 데이터 수신: 17 바이트, 클라이언트 ID: 1
[20:01:52.029] [DEBUG] 데이터 수신: 17 바이트, 클라이언트 ID: 1
[20:01:52.039] [DEBUG] 데이터 수신: 17 바이트, 클라이언트 ID: 1
[20:01:52.049] [DEBUG] 데이터 수신: 17 바이트, 클라이언트 ID: 1
[20:01:52.058] [DEBUG] 데이터 수신: 17 바이트, 클라이언트 ID: 1
[20:01:52.067] [DEBUG] 데이터 수신: 17 바이트, 클라이언트 ID: 1
[20:01:52.077] [DEBUG] 데이터 수신: 17 바이트, 클라이언트 ID: 1
[20:01:52.087] [DEBUG] 데이터 수신: 17 바이트, 클라이언트 ID: 1
[20:01:52.097] [DEBUG] 데이터 수신: 17 바이트, 클라이언트 ID: 1
[20:01:52.106] [DEBUG] 데이터 수신: 17 바이트, 클라이언트 ID: 1
[20:01:52.116] [DEBUG] 데이터 수신: 17 바이트, 클라이언트 ID: 1
[20:01:52.125] [DEBUG] 데이터 수신: 17 바이트, 클라이언트 ID: 1
[20:01:52.135] [DEBUG] 데이터 수신: 17 바이트, 클라이언트 ID: 1
[20:01:52.144] [DEBUG] 데이터 수신: 17 바이트, 클라이언트 ID: 1
[20:01:52.153] [DEBUG] 데이터 수신: 17 바이트, 클라이언트 ID: 1
[20:01:52.163] [DEBUG] 데이터 수신: 17 바이트, 클라이언트 ID: 1
[20:01:52.172] [DEBUG] 데이터 수신: 17 바이트, 클라이언트 ID: 1
[20:01:52.181] [DEBUG] 데이터 수신: 17 바이트, 클라이언트 ID: 1
[20:01:52.191] [DEBUG] 데이터 수신: 17 바이트, 클라이언트 ID: 1
[20:01:52.200] [DEBUG] 데이터 수신: 17 바이트, 클라이언트 ID: 1
[20:01:52.209] [DEBUG] 데이터 수신: 17 바이트, 클라이언트 ID: 1
[20:01:52.219] [DEBUG] 데이터 수신: 17 바이트, 클라이언트 ID: 1
[20:01:52.229] [DEBUG] 데이터 수신: 17 바이트, 클라이언트 ID: 1
[20:01:52.238] [DEBUG] 데이터 수신: 17 바이트, 클라이언트 ID: 1
[20:01:52.247] [DEBUG] 데이터 수신: 17 바이트, 클라이언트 ID: 1
[20:01:52.256] [DEBUG] 데이터 수신: 17 바이트, 클라이언트 ID: 1
[20:01:52.266] [DEBUG] 데이터 수신: 17 바이트, 클라이언트 ID: 1
[20:01:52.274] [DEBUG] 데이터 수신: 17 바이트, 클라이언트 ID: 1
[20:01:52.284] [DEBUG] 데이터 수신: 17 바이트, 클라이언트 ID: 1
[20:01:52.293] [DEBUG] 데이터 수신: 17 바이트, 클라이언트 ID: 1
[20:01:52.302] [DEBUG] 데이터 수신: 17 바이트, 클라이언트 ID: 1
[20:01:52.312] [DEBUG] 데이터 수신: 17 바이트, 클라이언트 ID: 1
[20:01:52.320] [DEBUG] 데이터 수신: 17 바이트, 클라이언트 ID: 1
[20:01:52.330] [DEBUG] 데이터 수신: 17 바이트, 클라이언트 ID: 1
[20:01:52.339] [DEBUG] 데이터 수신: 17 바이트, 클라이언트 ID: 1
[20:01:52.348] [DEBUG] 데이터 수신: 17 바이트, 클라이언트 ID: 1
[20:01:52.357] [DEBUG] 데이터 수신: 17 바이트, 클라이언트 ID: 1
[20:01:52.366] [DEBUG] 데이터 수신: 17 바이트, 클라이언트 ID: 1
[20:01:52.375] [DEBUG] 데이터 수신: 17 바이트, 클라이언트 ID: 1
[20:01:52.384] [DEBUG] 데이터 수신: 17 바이트, 클라이언트 ID: 1
[20:01:52.394] [DEBUG] 데이터 수신: 17 바이트, 클라이언트 ID: 1
[20:01:52.404] [DEBUG] 데이터 수신: 17 바이트, 클라이언트 ID: 1
[20:01:52.414] [DEBUG] 데이터 수신: 17 바이트, 클라이언트 ID: 1
[20:01:52.425] [DEBUG] 데이터 수신: 17 바이트, 클라이언트 ID: 1
[20:01:52.434] [DEBUG] 데이터 수신: 17 바이트, 클라이언트 ID: 1
[20:01:52.443] [DEBUG] 데이터 수신: 17 바이트, 클라이언트 ID: 1
[20:01:52.453] [DEBUG] 데이터 수신: 17 바이트, 클라이언트 ID: 1
[20:01:52.463] [DEBUG] 데이터 수신: 17 바이트, 클라이언트 ID: 1
[20:01:52.471] [DEBUG] 데이터 수신: 17 바이트, 클라이언트 ID: 1
[20:01:52.480] [DEBUG] 데이터 수신: 17 바이트, 클라이언트 ID: 1
[20:01:52.490] [DEBUG] 데이터 수신: 17 바이트, 클라이언트 ID: 1
[20:01:52.499] [DEBUG] 데이터 수신: 17 바이트, 클라이언트 ID: 1
[20:01:52.508] [DEBUG] 데이터 수신: 17 바이트, 클라이언트 ID: 1
[20:01:52.518] [DEBUG] 데이터 수신: 17 바이트, 클라이언트 ID: 1
[20:01:52.527] [DEBUG] 데이터 수신: 17 바이트, 클라이언트 ID: 1
[20:01:52.536] [DEBUG] 데이터 수신: 17 바이트, 클라이언트 ID: 1
[20:01:52.546] [DEBUG] 데이터 수신: 17 바이트, 클라이언트 ID: 1
[20:01:52.555] [DEBUG] 데이터 수신: 17 바이트, 클라이언트 ID: 1
[20:01:52.564] [DEBUG] 데이터 수신: 17 바이트, 클라이언트 ID: 1
[20:01:52.573] [DEBUG] 데이터 수신: 17 바이트, 클라이언트 ID: 1
[20:01:52.584] [DEBUG] 데이터 수신: 17 바이트, 클라이언트 ID: 1
[20:01:52.593] [DEBUG] 데이터 수신: 17 바이트, 클라이언트 ID: 1
[20:01:52.602] [DEBUG] 데이터 수신: 17 바이트, 클라이언트 ID: 1
[20:01:52.611] [DEBUG] 데이터 수신: 17 바이트, 클라이언트 ID: 1
[20:01:52.621] [DEBUG] 데이터 수신: 17 바이트, 클라이언트 ID: 1
[20:01:52.630] [DEBUG] 데이터 수신: 17 바이트, 클라이언트 ID: 1
[20:01:52.639] [DEBUG] 데이터 수신: 17 바이트, 클라이언트 ID: 1
[20:01:52.649] [DEBUG] 데이터 수신: 17 바이트, 클라이언트 ID: 1
[20:01:52.658] [DEBUG] 데이터 수신: 17 바이트, 클라이언트 ID: 1
[20:01:52.666] [DEBUG] 데이터 수신: 17 바이트, 클라이언트 ID: 1
[20:01:52.675] [DEBUG] 데이터 수신: 17 바이트, 클라이언트 ID: 1
[20:01:52.683] [DEBUG] 데이터 수신: 17 바이트, 클라이언트 ID: 1
[20:01:52.692] [DEBUG] 데이터 수신: 17 바이트, 클라이언트 ID: 1
[20:01:52.702] [DEBUG] 데이터 수신: 17 바이트, 클라이언트 ID: 1
[20:01:52.712] [DEBUG] 데이터 수신: 17 바이트, 클라이언트 ID: 1
[20:01:52.721] [DEBUG] 데이터 수신: 17 바이트, 클라이언트 ID: 1
[20:01:52.730] [DEBUG] 데이터 수신: 17 바이트, 클라이언트 ID: 1
[20:01:52.739] [DEBUG] 데이터 수신: 17 바이트, 클라이언트 ID: 1
[20:01:52.749] [DEBUG] 데이터 수신: 17 바이트, 클라이언트 ID: 1
[20:01:52.759] [DEBUG] 데이터 수신: 17 바이트, 클라이언트 ID: 1
[20:01:52.769] [DEBUG] 데이터 수신: 17 바이트, 클라이언트 ID: 1
[20:01:52.778] [DEBUG] 데이터 수신: 17 바이트, 클라이언트 ID: 1
[20:01:52.787] [DEBUG] 데이터 수신: 17 바이트, 클라이언트 ID: 1
[20:01:52.796] [DEBUG] 데이터 수신: 17 바이트, 클라이언트 ID: 1
[20:01:52.806] [DEBUG] 데이터 수신: 17 바이트, 클라이언트 ID: 1
[20:01:52.815] [DEBUG] 데이터 수신: 17 바이트, 클라이언트 ID: 1
[20:01:52.824] [DEBUG] 데이터 수신: 17 바이트, 클라이언트 ID: 1
[20:01:52.834] [DEBUG] 데이터 수신: 17 바이트, 클라이언트 ID: 1
[20:01:52.842] [DEBUG] 데이터 수신: 17 바이트, 클라이언트 ID: 1
[20:01:52.852] [DEBUG] 데이터 수신: 17 바이트, 클라이언트 ID: 1
[20:01:52.861] [DEBUG] 데이터 수신: 17 바이트, 클라이언트 ID: 1
[20:01:52.870] [DEBUG] 데이터 수신: 17 바이트, 클라이언트 ID: 1
[20:01:52.879] [DEBUG] 데이터 수신: 17 바이트, 클라이언트 ID: 1
[20:01:52.888] [DEBUG] 데이터 수신: 17 바이트, 클라이언트 ID: 1
[20:01:52.897] [DEBUG] 데이터 수신: 17 바이트, 클라이언트 ID: 1
[20:01:52.906] [DEBUG] 데이터 수신: 17 바이트, 클라이언트 ID: 1
[20:01:52.915] [DEBUG] 데이터 수신: 17 바이트, 클라이언트 ID: 1
[20:01:52.924] [DEBUG] 데이터 수신: 17 바이트, 클라이언트 ID: 1
[20:01:52.933] [DEBUG] 데이터 수신: 17 바이트, 클라이언트 ID: 1
[20:01:52.942] [DEBUG] 데이터 수신: 17 바이트, 클라이언트 ID: 1
[20:01:52.952] [DEBUG] 데이터 수신: 17 바이트, 클라이언트 ID: 1
[20:01:52.961] [DEBUG] 데이터 수신: 17 바이트, 클라이언트 ID: 1
[20:01:52.970] [DEBUG] 데이터 수신: 17 바이트, 클라이언트 ID: 1
[20:01:52.979] [DEBUG] 데이터 수신: 17 바이트, 클라이언트 ID: 1
[20:01:52.987] [DEBUG] 데이터 수신: 17 바이트, 클라이언트 ID: 1
[20:01:52.997] [DEBUG] 데이터 수신: 17 바이트, 클라이언트 ID: 1
[20:01:53.005] [DEBUG] 데이터 수신: 17 바이트, 클라이언트 ID: 1
[20:01:53.015] [DEBUG] 데이터 수신: 17 바이트, 클라이언트 ID: 1
[20:01:53.025] [DEBUG] 데이터 수신: 17 바이트, 클라이언트 ID: 1
[20:01:53.034] [DEBUG] 데이터 수신: 17 바이트, 클라이언트 ID: 1
[20:01:53.042] [DEBUG] 데이터 수신: 17 바이트, 클라이언트 ID: 1
[20:01:53.052] [DEBUG] 데이터 수신: 17 바이트, 클라이언트 ID: 1
[20:01:53.061] [DEBUG] 데이터 수신: 17 바이트, 클라이언트 ID: 1
[20:01:53.070] [DEBUG] 데이터 수신: 17 바이트, 클라이언트 ID: 1
[20:01:53.079] [DEBUG] 데이터 수신: 17 바이트, 클라이언트 ID: 1
[20:01:53.087] [DEBUG] 데이터 수신: 17 바이트, 클라이언트 ID: 1
[20:01:53.096] [DEBUG] 데이터 수신: 17 바이트, 클라이언트 ID: 1
[20:01:53.105] [DEBUG] 데이터 수신: 17 바이트, 클라이언트 ID: 1
[20:01:53.115] [DEBUG] 데이터 수신: 17 바이트, 클라이언트 ID: 1
[20:01:53.123] [DEBUG] 데이터 수신: 17 바이트, 클라이언트 ID: 1
[20:01:53.134] [DEBUG] 데이터 수신: 17 바이트, 클라이언트 ID: 1
[20:01:53.143] [DEBUG] 데이터 수신: 17 바이트, 클라이언트 ID: 1
[20:01:53.152] [DEBUG] 데이터 수신: 17 바이트, 클라이언트 ID: 1
[20:01:53.162] [DEBUG] 데이터 수신: 17 바이트, 클라이언트 ID: 1
[20:01:53.171] [DEBUG] 데이터 수신: 17 바이트, 클라이언트 ID: 1
[20:01:53.180] [DEBUG] 데이터 수신: 17 바이트, 클라이언트 ID: 1
[20:01:53.189] [DEBUG] 데이터 수신: 17 바이트, 클라이언트 ID: 1
[20:01:53.198] [DEBUG] 데이터 수신: 17 바이트, 클라이언트 ID: 1
[20:01:53.207] [DEBUG] 데이터 수신: 17 바이트, 클라이언트 ID: 1
[20:01:53.217] [DEBUG] 데이터 수신: 17 바이트, 클라이언트 ID: 1
[20:01:53.226] [DEBUG] 데이터 수신: 17 바이트, 클라이언트 ID: 1
[20:01:53.236] [DEBUG] 데이터 수신: 17 바이트, 클라이언트 ID: 1
[20:01:53.245] [DEBUG] 데이터 수신: 17 바이트, 클라이언트 ID: 1
[20:01:53.254] [DEBUG] 데이터 수신: 17 바이트, 클라이언트 ID: 1
[20:01:53.263] [DEBUG] 데이터 수신: 17 바이트, 클라이언트 ID: 1
[20:01:53.272] [DEBUG] 데이터 수신: 17 바이트, 클라이언트 ID: 1
[20:01:53.281] [DEBUG] 데이터 수신: 17 바이트, 클라이언트 ID: 1
[20:01:53.290] [DEBUG] 데이터 수신: 17 바이트, 클라이언트 ID: 1
[20:01:53.299] [DEBUG] 데이터 수신: 17 바이트, 클라이언트 ID: 1
[20:01:53.308] [DEBUG] 데이터 수신: 17 바이트, 클라이언트 ID: 1
[20:01:53.317] [DEBUG] 데이터 수신: 17 바이트, 클라이언트 ID: 1
[20:01:53.326] [DEBUG] 데이터 수신: 17 바이트, 클라이언트 ID: 1
[20:01:53.336] [DEBUG] 데이터 수신: 17 바이트, 클라이언트 ID: 1
[20:01:53.345] [DEBUG] 데이터 수신: 17 바이트, 클라이언트 ID: 1
[20:01:53.354] [DEBUG] 데이터 수신: 17 바이트, 클라이언트 ID: 1
[20:01:53.364] [DEBUG] 데이터 수신: 17 바이트, 클라이언트 ID: 1
[20:01:53.373] [DEBUG] 데이터 수신: 17 바이트, 클라이언트 ID: 1
[20:01:53.383] [DEBUG] 데이터 수신: 17 바이트, 클라이언트 ID: 1
[20:01:53.391] [DEBUG] 데이터 수신: 17 바이트, 클라이언트 ID: 1
[20:01:53.401] [DEBUG] 데이터 수신: 17 바이트, 클라이언트 ID: 1
[20:01:53.410] [DEBUG] 데이터 수신: 17 바이트, 클라이언트 ID: 1
[20:01:53.420] [DEBUG] 데이터 수신: 17 바이트, 클라이언트 ID: 1
[20:01:53.429] [DEBUG] 데이터 수신: 17 바이트, 클라이언트 ID: 1
[20:01:53.439] [DEBUG] 데이터 수신: 17 바이트, 클라이언트 ID: 1
[20:01:53.448] [DEBUG] 데이터 수신: 17 바이트, 클라이언트 ID: 1
[20:01:53.458] [DEBUG] 데이터 수신: 17 바이트, 클라이언트 ID: 1
[20:01:53.467] [DEBUG] 데이터 수신: 17 바이트, 클라이언트 ID: 1
[20:01:53.474] [DEBUG] 데이터 수신: 17 바이트, 클라이언트 ID: 1
[20:01:53.484] [DEBUG] 데이터 수신: 17 바이트, 클라이언트 ID: 1
[20:01:53.493] [DEBUG] 데이터 수신: 17 바이트, 클라이언트 ID: 1
[20:01:53.502] [DEBUG] 데이터 수신: 17 바이트, 클라이언트 ID: 1
[20:01:53.512] [DEBUG] 데이터 수신: 17 바이트, 클라이언트 ID: 1
[20:01:53.521] [DEBUG] 데이터 수신: 17 바이트, 클라이언트 ID: 1
[20:01:53.531] [DEBUG] 데이터 수신: 17 바이트, 클라이언트 ID: 1
[20:01:53.540] [DEBUG] 데이터 수신: 17 바이트, 클라이언트 ID: 1
[20:01:53.550] [DEBUG] 데이터 수신: 17 바이트, 클라이언트 ID: 1
[20:01:53.560] [DEBUG] 데이터 수신: 17 바이트, 클라이언트 ID: 1
[20:01:53.571] [DEBUG] 데이터 수신: 17 바이트, 클라이언트 ID: 1
[20:01:53.579] [DEBUG] 데이터 수신: 17 바이트, 클라이언트 ID: 1
[20:01:53.589] [DEBUG] 데이터 수신: 17 바이트, 클라이언트 ID: 1
[20:01:53.597] [DEBUG] 데이터 수신: 17 바이트, 클라이언트 ID: 1
[20:01:53.609] [DEBUG] 데이터 수신: 17 바이트, 클라이언트 ID: 1
[20:01:53.617] [DEBUG] 데이터 수신: 17 바이트, 클라이언트 ID: 1
[20:01:53.625] [DEBUG] 데이터 수신: 17 바이트, 클라이언트 ID: 1
[20:01:53.636] [DEBUG] 데이터 수신: 17 바이트, 클라이언트 ID: 1
[20:01:53.644] [DEBUG] 데이터 수신: 17 바이트, 클라이언트 ID: 1
[20:01:53.653] [DEBUG] 데이터 수신: 17 바이트, 클라이언트 ID: 1
[20:01:53.662] [DEBUG] 데이터 수신: 17 바이트, 클라이언트 ID: 1
[20:01:53.671] [DEBUG] 데이터 수신: 17 바이트, 클라이언트 ID: 1
[20:01:53.681] [DEBUG] 데이터 수신: 17 바이트, 클라이언트 ID: 1
[20:01:53.691] [DEBUG] 데이터 수신: 17 바이트, 클라이언트 ID: 1
[20:01:53.699] [DEBUG] 데이터 수신: 17 바이트, 클라이언트 ID: 1
[20:01:53.708] [DEBUG] 데이터 수신: 17 바이트, 클라이언트 ID: 1
[20:01:53.717] [DEBUG] 데이터 수신: 17 바이트, 클라이언트 ID: 1
[20:01:53.726] [DEBUG] 데이터 수신: 17 바이트, 클라이언트 ID: 1
[20:01:53.736] [DEBUG] 데이터 수신: 17 바이트, 클라이언트 ID: 1
[20:01:53.745] [DEBUG] 데이터 수신: 17 바이트, 클라이언트 ID: 1
[20:01:53.755] [DEBUG] 데이터 수신: 17 바이트, 클라이언트 ID: 1
[20:01:53.764] [DEBUG] 데이터 수신: 17 바이트, 클라이언트 ID: 1
[20:01:53.774] [DEBUG] 데이터 수신: 17 바이트, 클라이언트 ID: 1
[20:01:53.784] [DEBUG] 데이터 수신: 17 바이트, 클라이언트 ID: 1
[20:01:53.793] [DEBUG] 데이터 수신: 17 바이트, 클라이언트 ID: 1
[20:01:53.803] [DEBUG] 데이터 수신: 17 바이트, 클라이언트 ID: 1
[20:01:53.812] [DEBUG] 데이터 수신: 17 바이트, 클라이언트 ID: 1
[20:01:53.822] [DEBUG] 데이터 수신: 17 바이트, 클라이언트 ID: 1
[20:01:53.831] [DEBUG] 데이터 수신: 17 바이트, 클라이언트 ID: 1
[20:01:53.840] [DEBUG] 데이터 수신: 17 바이트, 클라이언트 ID: 1
[20:01:53.850] [DEBUG] 데이터 수신: 17 바이트, 클라이언트 ID: 1
[20:01:53.860] [DEBUG] 데이터 수신: 17 바이트, 클라이언트 ID: 1
[20:01:53.869] [DEBUG] 데이터 수신: 17 바이트, 클라이언트 ID: 1
[20:01:53.879] [DEBUG] 데이터 수신: 17 바이트, 클라이언트 ID: 1
[20:01:53.888] [DEBUG] 데이터 수신: 17 바이트, 클라이언트 ID: 1
[20:01:53.898] [DEBUG] 데이터 수신: 17 바이트, 클라이언트 ID: 1
[20:01:53.907] [DEBUG] 데이터 수신: 17 바이트, 클라이언트 ID: 1
[20:01:53.916] [DEBUG] 데이터 수신: 17 바이트, 클라이언트 ID: 1
[20:01:53.926] [DEBUG] 데이터 수신: 17 바이트, 클라이언트 ID: 1
[20:01:53.935] [DEBUG] 데이터 수신: 17 바이트, 클라이언트 ID: 1
[20:01:53.945] [DEBUG] 데이터 수신: 17 바이트, 클라이언트 ID: 1
[20:01:53.953] [DEBUG] 데이터 수신: 17 바이트, 클라이언트 ID: 1
[20:01:53.963] [DEBUG] 데이터 수신: 17 바이트, 클라이언트 ID: 1
[20:01:53.974] [DEBUG] 데이터 수신: 17 바이트, 클라이언트 ID: 1
[20:01:53.983] [DEBUG] 데이터 수신: 17 바이트, 클라이언트 ID: 1
[20:01:53.992] [DEBUG] 데이터 수신: 17 바이트, 클라이언트 ID: 1
[20:01:54.002] [DEBUG] 데이터 수신: 17 바이트, 클라이언트 ID: 1
[20:01:54.011] [DEBUG] 데이터 수신: 17 바이트, 클라이언트 ID: 1
[20:01:54.021] [DEBUG] 데이터 수신: 17 바이트, 클라이언트 ID: 1
[20:01:54.031] [DEBUG] 데이터 수신: 17 바이트, 클라이언트 ID: 1
[20:01:54.040] [DEBUG] 데이터 수신: 17 바이트, 클라이언트 ID: 1
[20:01:54.050] [DEBUG] 데이터 수신: 17 바이트, 클라이언트 ID: 1
[20:01:54.060] [DEBUG] 데이터 수신: 17 바이트, 클라이언트 ID: 1
[20:01:54.071] [DEBUG] 데이터 수신: 17 바이트, 클라이언트 ID: 1
[20:01:54.079] [DEBUG] 데이터 수신: 17 바이트, 클라이언트 ID: 1
[20:01:54.089] [DEBUG] 데이터 수신: 17 바이트, 클라이언트 ID: 1
[20:01:54.097] [DEBUG] 데이터 수신: 17 바이트, 클라이언트 ID: 1
[20:01:54.106] [DEBUG] 데이터 수신: 17 바이트, 클라이언트 ID: 1
[20:01:54.116] [DEBUG] 데이터 수신: 17 바이트, 클라이언트 ID: 1
[20:01:54.125] [DEBUG] 데이터 수신: 17 바이트, 클라이언트 ID: 1
[20:01:54.134] [DEBUG] 데이터 수신: 17 바이트, 클라이언트 ID: 1
[20:01:54.144] [DEBUG] 데이터 수신: 17 바이트, 클라이언트 ID: 1
[20:01:54.153] [DEBUG] 데이터 수신: 17 바이트, 클라이언트 ID: 1
[20:01:54.162] [DEBUG] 데이터 수신: 17 바이트, 클라이언트 ID: 1
[20:01:54.171] [DEBUG] 데이터 수신: 17 바이트, 클라이언트 ID: 1
[20:01:54.180] [DEBUG] 데이터 수신: 17 바이트, 클라이언트 ID: 1
[20:01:54.189] [DEBUG] 데이터 수신: 17 바이트, 클라이언트 ID: 1
[20:01:54.199] [DEBUG] 데이터 수신: 17 바이트, 클라이언트 ID: 1
[20:01:54.208] [DEBUG] 데이터 수신: 17 바이트, 클라이언트 ID: 1
[20:01:54.218] [DEBUG] 데이터 수신: 17 바이트, 클라이언트 ID: 1
[20:01:54.227] [DEBUG] 데이터 수신: 17 바이트, 클라이언트 ID: 1
[20:01:54.237] [DEBUG] 데이터 수신: 17 바이트, 클라이언트 ID: 1
[20:01:54.246] [DEBUG] 데이터 수신: 17 바이트, 클라이언트 ID: 1
[20:01:54.255] [DEBUG] 데이터 수신: 17 바이트, 클라이언트 ID: 1
[20:01:54.265] [DEBUG] 데이터 수신: 17 바이트, 클라이언트 ID: 1
[20:01:54.275] [DEBUG] 데이터 수신: 17 바이트, 클라이언트 ID: 1
[20:01:54.284] [DEBUG] 데이터 수신: 17 바이트, 클라이언트 ID: 1
[20:01:54.293] [DEBUG] 데이터 수신: 17 바이트, 클라이언트 ID: 1
[20:01:54.303] [DEBUG] 데이터 수신: 17 바이트, 클라이언트 ID: 1
[20:01:54.313] [DEBUG] 데이터 수신: 17 바이트, 클라이언트 ID: 1
[20:01:54.321] [DEBUG] 데이터 수신: 17 바이트, 클라이언트 ID: 1
[20:01:54.330] [DEBUG] 데이터 수신: 17 바이트, 클라이언트 ID: 1
[20:01:54.340] [DEBUG] 데이터 수신: 17 바이트, 클라이언트 ID: 1
[20:01:54.349] [DEBUG] 데이터 수신: 17 바이트, 클라이언트 ID: 1
[20:01:54.358] [DEBUG] 데이터 수신: 17 바이트, 클라이언트 ID: 1
[20:01:54.368] [DEBUG] 데이터 수신: 17 바이트, 클라이언트 ID: 1
[20:01:54.379] [DEBUG] 데이터 수신: 17 바이트, 클라이언트 ID: 1
[20:01:54.388] [DEBUG] 데이터 수신: 17 바이트, 클라이언트 ID: 1
[20:01:54.398] [DEBUG] 데이터 수신: 17 바이트, 클라이언트 ID: 1
[20:01:54.408] [DEBUG] 데이터 수신: 17 바이트, 클라이언트 ID: 1
[20:01:54.417] [DEBUG] 데이터 수신: 17 바이트, 클라이언트 ID: 1
[20:01:54.426] [DEBUG] 데이터 수신: 17 바이트, 클라이언트 ID: 1
[20:01:54.435] [DEBUG] 데이터 수신: 17 바이트, 클라이언트 ID: 1
[20:01:54.444] [DEBUG] 데이터 수신: 17 바이트, 클라이언트 ID: 1
[20:01:54.454] [DEBUG] 데이터 수신: 17 바이트, 클라이언트 ID: 1
[20:01:54.463] [DEBUG] 데이터 수신: 17 바이트, 클라이언트 ID: 1
[20:01:54.472] [DEBUG] 데이터 수신: 17 바이트, 클라이언트 ID: 1
[20:01:54.482] [DEBUG] 데이터 수신: 17 바이트, 클라이언트 ID: 1
[20:01:54.491] [DEBUG] 데이터 수신: 17 바이트, 클라이언트 ID: 1
[20:01:54.501] [DEBUG] 데이터 수신: 17 바이트, 클라이언트 ID: 1
[20:01:54.509] [DEBUG] 데이터 수신: 17 바이트, 클라이언트 ID: 1
[20:01:54.518] [DEBUG] 데이터 수신: 17 바이트, 클라이언트 ID: 1
[20:01:54.527] [DEBUG] 데이터 수신: 17 바이트, 클라이언트 ID: 1
[20:01:54.537] [DEBUG] 데이터 수신: 17 바이트, 클라이언트 ID: 1
[20:01:54.547] [DEBUG] 데이터 수신: 17 바이트, 클라이언트 ID: 1
[20:01:54.556] [DEBUG] 데이터 수신: 17 바이트, 클라이언트 ID: 1
[20:01:54.565] [DEBUG] 데이터 수신: 17 바이트, 클라이언트 ID: 1
[20:01:54.574] [DEBUG] 데이터 수신: 17 바이트, 클라이언트 ID: 1
[20:01:54.583] [DEBUG] 데이터 수신: 17 바이트, 클라이언트 ID: 1
[20:01:54.592] [DEBUG] 데이터 수신: 17 바이트, 클라이언트 ID: 1
[20:01:54.601] [DEBUG] 데이터 수신: 17 바이트, 클라이언트 ID: 1
[20:01:54.610] [DEBUG] 데이터 수신: 17 바이트, 클라이언트 ID: 1
[20:01:54.619] [DEBUG] 데이터 수신: 17 바이트, 클라이언트 ID: 1
[20:01:54.628] [DEBUG] 데이터 수신: 17 바이트, 클라이언트 ID: 1
[20:01:54.636] [DEBUG] 데이터 수신: 17 바이트, 클라이언트 ID: 1
[20:01:54.645] [DEBUG] 데이터 수신: 17 바이트, 클라이언트 ID: 1
[20:01:54.654] [DEBUG] 데이터 수신: 17 바이트, 클라이언트 ID: 1
[20:01:54.663] [DEBUG] 데이터 수신: 17 바이트, 클라이언트 ID: 1
[20:01:54.672] [DEBUG] 데이터 수신: 17 바이트, 클라이언트 ID: 1
[20:01:54.681] [DEBUG] 데이터 수신: 17 바이트, 클라이언트 ID: 1
[20:01:54.689] [DEBUG] 데이터 수신: 17 바이트, 클라이언트 ID: 1
[20:01:54.698] [DEBUG] 데이터 수신: 17 바이트, 클라이언트 ID: 1
[20:01:54.708] [DEBUG] 데이터 수신: 17 바이트, 클라이언트 ID: 1
[20:01:54.717] [DEBUG] 데이터 수신: 17 바이트, 클라이언트 ID: 1
[20:01:54.726] [DEBUG] 데이터 수신: 17 바이트, 클라이언트 ID: 1
[20:01:54.734] [DEBUG] 데이터 수신: 17 바이트, 클라이언트 ID: 1
[20:01:54.744] [DEBUG] 데이터 수신: 17 바이트, 클라이언트 ID: 1
[20:01:54.752] [DEBUG] 데이터 수신: 17 바이트, 클라이언트 ID: 1
[20:01:54.762] [DEBUG] 데이터 수신: 17 바이트, 클라이언트 ID: 1
[20:01:54.770] [DEBUG] 데이터 수신: 17 바이트, 클라이언트 ID: 1
[20:01:54.780] [DEBUG] 데이터 수신: 17 바이트, 클라이언트 ID: 1
[20:01:54.789] [DEBUG] 데이터 수신: 17 바이트, 클라이언트 ID: 1
[20:01:54.798] [DEBUG] 데이터 수신: 17 바이트, 클라이언트 ID: 1
[20:01:54.806] [DEBUG] 데이터 수신: 17 바이트, 클라이언트 ID: 1
[20:01:54.815] [DEBUG] 데이터 수신: 17 바이트, 클라이언트 ID: 1
[20:01:54.824] [DEBUG] 데이터 수신: 17 바이트, 클라이언트 ID: 1
[20:01:54.833] [DEBUG] 데이터 수신: 17 바이트, 클라이언트 ID: 1
[20:01:54.842] [DEBUG] 데이터 수신: 17 바이트, 클라이언트 ID: 1
[20:01:54.851] [DEBUG] 데이터 수신: 17 바이트, 클라이언트 ID: 1
[20:01:54.860] [DEBUG] 데이터 수신: 17 바이트, 클라이언트 ID: 1
[20:01:54.870] [DEBUG] 데이터 수신: 17 바이트, 클라이언트 ID: 1
[20:01:54.878] [DEBUG] 데이터 수신: 17 바이트, 클라이언트 ID: 1
[20:01:54.888] [DEBUG] 데이터 수신: 17 바이트, 클라이언트 ID: 1
[20:01:54.897] [DEBUG] 데이터 수신: 17 바이트, 클라이언트 ID: 1
[20:01:54.907] [DEBUG] 데이터 수신: 17 바이트, 클라이언트 ID: 1
[20:01:54.916] [DEBUG] 데이터 수신: 17 바이트, 클라이언트 ID: 1
[20:01:54.925] [DEBUG] 데이터 수신: 17 바이트, 클라이언트 ID: 1
[20:01:54.935] [DEBUG] 데이터 수신: 17 바이트, 클라이언트 ID: 1
[20:01:54.943] [DEBUG] 데이터 수신: 17 바이트, 클라이언트 ID: 1
[20:01:54.952] [DEBUG] 데이터 수신: 17 바이트, 클라이언트 ID: 1
[20:01:54.962] [DEBUG] 데이터 수신: 17 바이트, 클라이언트 ID: 1
[20:01:54.970] [DEBUG] 데이터 수신: 17 바이트, 클라이언트 ID: 1
[20:01:54.979] [DEBUG] 데이터 수신: 17 바이트, 클라이언트 ID: 1
[20:01:54.989] [DEBUG] 데이터 수신: 17 바이트, 클라이언트 ID: 1
[20:01:54.998] [DEBUG] 데이터 수신: 17 바이트, 클라이언트 ID: 1
[20:01:55.007] [DEBUG] 데이터 수신: 17 바이트, 클라이언트 ID: 1
[20:01:55.015] [DEBUG] 데이터 수신: 17 바이트, 클라이언트 ID: 1
[20:01:55.024] [DEBUG] 데이터 수신: 17 바이트, 클라이언트 ID: 1
[20:01:55.032] [DEBUG] 데이터 수신: 17 바이트, 클라이언트 ID: 1
[20:01:55.042] [DEBUG] 데이터 수신: 17 바이트, 클라이언트 ID: 1
[20:01:55.050] [DEBUG] 데이터 수신: 17 바이트, 클라이언트 ID: 1
[20:01:55.060] [DEBUG] 데이터 수신: 17 바이트, 클라이언트 ID: 1
[20:01:55.068] [DEBUG] 데이터 수신: 17 바이트, 클라이언트 ID: 1
[20:01:55.082] [DEBUG] 데이터 수신: 17 바이트, 클라이언트 ID: 1
[20:01:55.090] [DEBUG] 데이터 수신: 17 바이트, 클라이언트 ID: 1
[20:01:55.099] [DEBUG] 데이터 수신: 17 바이트, 클라이언트 ID: 1
[20:01:55.107] [DEBUG] 데이터 수신: 17 바이트, 클라이언트 ID: 1
[20:01:55.115] [DEBUG] 데이터 수신: 17 바이트, 클라이언트 ID: 1
[20:01:55.124] [DEBUG] 데이터 수신: 17 바이트, 클라이언트 ID: 1
[20:01:55.132] [DEBUG] 데이터 수신: 17 바이트, 클라이언트 ID: 1
[20:01:55.140] [DEBUG] 데이터 수신: 17 바이트, 클라이언트 ID: 1
[20:01:55.149] [DEBUG] 데이터 수신: 17 바이트, 클라이언트 ID: 1
[20:01:55.159] [DEBUG] 데이터 수신: 17 바이트, 클라이언트 ID: 1
[20:01:55.168] [DEBUG] 데이터 수신: 17 바이트, 클라이언트 ID: 1
[20:01:55.177] [DEBUG] 데이터 수신: 17 바이트, 클라이언트 ID: 1
[20:01:55.186] [DEBUG] 데이터 수신: 17 바이트, 클라이언트 ID: 1
[20:01:55.195] [DEBUG] 데이터 수신: 17 바이트, 클라이언트 ID: 1
[20:01:55.204] [DEBUG] 데이터 수신: 17 바이트, 클라이언트 ID: 1
[20:01:55.213] [DEBUG] 데이터 수신: 17 바이트, 클라이언트 ID: 1
[20:01:55.222] [DEBUG] 데이터 수신: 17 바이트, 클라이언트 ID: 1
[20:01:55.232] [DEBUG] 데이터 수신: 17 바이트, 클라이언트 ID: 1
[20:01:55.241] [DEBUG] 데이터 수신: 17 바이트, 클라이언트 ID: 1
[20:01:55.250] [DEBUG] 데이터 수신: 17 바이트, 클라이언트 ID: 1
[20:01:55.259] [DEBUG] 데이터 수신: 17 바이트, 클라이언트 ID: 1
[20:01:55.268] [DEBUG] 데이터 수신: 17 바이트, 클라이언트 ID: 1
[20:01:55.278] [DEBUG] 데이터 수신: 17 바이트, 클라이언트 ID: 1
[20:01:55.286] [DEBUG] 데이터 수신: 17 바이트, 클라이언트 ID: 1
[20:01:55.296] [DEBUG] 데이터 수신: 17 바이트, 클라이언트 ID: 1
[20:01:55.305] [DEBUG] 데이터 수신: 17 바이트, 클라이언트 ID: 1
[20:01:55.314] [DEBUG] 데이터 수신: 17 바이트, 클라이언트 ID: 1
[20:01:55.323] [DEBUG] 데이터 수신: 17 바이트, 클라이언트 ID: 1
[20:01:55.332] [DEBUG] 데이터 수신: 17 바이트, 클라이언트 ID: 1
[20:01:55.341] [DEBUG] 데이터 수신: 17 바이트, 클라이언트 ID: 1
[20:01:55.349] [DEBUG] 데이터 수신: 17 바이트, 클라이언트 ID: 1
[20:01:55.358] [DEBUG] 데이터 수신: 17 바이트, 클라이언트 ID: 1
[20:01:55.367] [DEBUG] 데이터 수신: 17 바이트, 클라이언트 ID: 1
[20:01:55.376] [DEBUG] 데이터 수신: 17 바이트, 클라이언트 ID: 1
[20:01:55.385] [DEBUG] 데이터 수신: 17 바이트, 클라이언트 ID: 1
[20:01:55.394] [DEBUG] 데이터 수신: 17 바이트, 클라이언트 ID: 1
[20:01:55.403] [DEBUG] 데이터 수신: 17 바이트, 클라이언트 ID: 1
[20:01:55.412] [DEBUG] 데이터 수신: 17 바이트, 클라이언트 ID: 1
[20:01:55.421] [DEBUG] 데이터 수신: 17 바이트, 클라이언트 ID: 1
[20:01:55.430] [DEBUG] 데이터 수신: 17 바이트, 클라이언트 ID: 1
[20:01:55.439] [DEBUG] 데이터 수신: 17 바이트, 클라이언트 ID: 1
[20:01:55.448] [DEBUG] 데이터 수신: 17 바이트, 클라이언트 ID: 1
[20:01:55.457] [DEBUG] 데이터 수신: 17 바이트, 클라이언트 ID: 1
[20:01:55.466] [DEBUG] 데이터 수신: 17 바이트, 클라이언트 ID: 1
[20:01:55.475] [DEBUG] 데이터 수신: 17 바이트, 클라이언트 ID: 1
[20:01:55.484] [DEBUG] 데이터 수신: 17 바이트, 클라이언트 ID: 1
[20:01:55.493] [DEBUG] 데이터 수신: 17 바이트, 클라이언트 ID: 1
[20:01:55.503] [DEBUG] 데이터 수신: 17 바이트, 클라이언트 ID: 1
[20:01:55.512] [DEBUG] 데이터 수신: 17 바이트, 클라이언트 ID: 1
[20:01:55.521] [DEBUG] 데이터 수신: 17 바이트, 클라이언트 ID: 1
[20:01:55.530] [DEBUG] 데이터 수신: 17 바이트, 클라이언트 ID: 1
[20:01:55.539] [DEBUG] 데이터 수신: 17 바이트, 클라이언트 ID: 1
[20:01:55.549] [DEBUG] 데이터 수신: 17 바이트, 클라이언트 ID: 1
[20:01:55.558] [DEBUG] 데이터 수신: 17 바이트, 클라이언트 ID: 1
[20:01:55.567] [DEBUG] 데이터 수신: 17 바이트, 클라이언트 ID: 1
[20:01:55.576] [DEBUG] 데이터 수신: 17 바이트, 클라이언트 ID: 1
[20:01:55.585] [DEBUG] 데이터 수신: 17 바이트, 클라이언트 ID: 1
[20:01:55.595] [DEBUG] 데이터 수신: 17 바이트, 클라이언트 ID: 1
[20:01:55.604] [DEBUG] 데이터 수신: 17 바이트, 클라이언트 ID: 1
[20:01:55.613] [DEBUG] 데이터 수신: 17 바이트, 클라이언트 ID: 1
[20:01:55.622] [DEBUG] 데이터 수신: 17 바이트, 클라이언트 ID: 1
[20:01:55.631] [DEBUG] 데이터 수신: 17 바이트, 클라이언트 ID: 1
[20:01:55.639] [DEBUG] 데이터 수신: 17 바이트, 클라이언트 ID: 1
[20:01:55.649] [DEBUG] 데이터 수신: 17 바이트, 클라이언트 ID: 1
[20:01:55.658] [DEBUG] 데이터 수신: 17 바이트, 클라이언트 ID: 1
[20:01:55.667] [DEBUG] 데이터 수신: 17 바이트, 클라이언트 ID: 1
[20:01:55.676] [DEBUG] 데이터 수신: 17 바이트, 클라이언트 ID: 1
[20:01:55.685] [DEBUG] 데이터 수신: 17 바이트, 클라이언트 ID: 1
[20:01:55.694] [DEBUG] 데이터 수신: 17 바이트, 클라이언트 ID: 1
[20:01:55.703] [DEBUG] 데이터 수신: 17 바이트, 클라이언트 ID: 1
[20:01:55.712] [DEBUG] 데이터 수신: 17 바이트, 클라이언트 ID: 1
[20:01:55.720] [DEBUG] 데이터 수신: 17 바이트, 클라이언트 ID: 1
[20:01:55.729] [DEBUG] 데이터 수신: 17 바이트, 클라이언트 ID: 1
[20:01:55.738] [DEBUG] 데이터 수신: 17 바이트, 클라이언트 ID: 1
[20:01:55.747] [DEBUG] 데이터 수신: 17 바이트, 클라이언트 ID: 1
[20:01:55.757] [DEBUG] 데이터 수신: 17 바이트, 클라이언트 ID: 1
[20:01:55.766] [DEBUG] 데이터 수신: 17 바이트, 클라이언트 ID: 1
[20:01:55.775] [DEBUG] 데이터 수신: 17 바이트, 클라이언트 ID: 1
[20:01:55.783] [DEBUG] 데이터 수신: 17 바이트, 클라이언트 ID: 1
[20:01:55.793] [DEBUG] 데이터 수신: 17 바이트, 클라이언트 ID: 1
[20:01:55.801] [DEBUG] 데이터 수신: 17 바이트, 클라이언트 ID: 1
[20:01:55.810] [DEBUG] 데이터 수신: 17 바이트, 클라이언트 ID: 1
[20:01:55.819] [DEBUG] 데이터 수신: 17 바이트, 클라이언트 ID: 1
[20:01:55.828] [DEBUG] 데이터 수신: 17 바이트, 클라이언트 ID: 1
[20:01:55.838] [DEBUG] 데이터 수신: 17 바이트, 클라이언트 ID: 1
[20:01:55.848] [DEBUG] 데이터 수신: 17 바이트, 클라이언트 ID: 1
[20:01:55.857] [DEBUG] 데이터 수신: 17 바이트, 클라이언트 ID: 1
[20:01:55.868] [DEBUG] 데이터 수신: 17 바이트, 클라이언트 ID: 1
[20:01:55.875] [DEBUG] 데이터 수신: 17 바이트, 클라이언트 ID: 1
[20:01:55.884] [DEBUG] 데이터 수신: 17 바이트, 클라이언트 ID: 1
[20:01:55.894] [DEBUG] 데이터 수신: 17 바이트, 클라이언트 ID: 1
[20:01:55.904] [DEBUG] 데이터 수신: 17 바이트, 클라이언트 ID: 1
[20:01:55.913] [DEBUG] 데이터 수신: 17 바이트, 클라이언트 ID: 1
[20:01:55.922] [DEBUG] 데이터 수신: 17 바이트, 클라이언트 ID: 1
[20:01:55.932] [DEBUG] 데이터 수신: 17 바이트, 클라이언트 ID: 1
[20:01:55.941] [DEBUG] 데이터 수신: 17 바이트, 클라이언트 ID: 1
[20:01:55.949] [DEBUG] 데이터 수신: 17 바이트, 클라이언트 ID: 1
[20:01:55.959] [DEBUG] 데이터 수신: 17 바이트, 클라이언트 ID: 1
[20:01:55.968] [DEBUG] 데이터 수신: 17 바이트, 클라이언트 ID: 1
[20:01:55.978] [DEBUG] 데이터 수신: 17 바이트, 클라이언트 ID: 1
[20:01:55.987] [DEBUG] 데이터 수신: 17 바이트, 클라이언트 ID: 1
[20:01:55.997] [DEBUG] 데이터 수신: 17 바이트, 클라이언트 ID: 1
[20:01:56.006] [DEBUG] 데이터 수신: 17 바이트, 클라이언트 ID: 1
[20:01:56.016] [DEBUG] 데이터 수신: 17 바이트, 클라이언트 ID: 1
[20:01:56.026] [DEBUG] 데이터 수신: 17 바이트, 클라이언트 ID: 1
[20:01:56.034] [DEBUG] 데이터 수신: 17 바이트, 클라이언트 ID: 1
[20:01:56.044] [DEBUG] 데이터 수신: 17 바이트, 클라이언트 ID: 1
[20:01:56.052] [DEBUG] 데이터 수신: 17 바이트, 클라이언트 ID: 1
[20:01:56.061] [DEBUG] 데이터 수신: 17 바이트, 클라이언트 ID: 1
[20:01:56.070] [DEBUG] 데이터 수신: 17 바이트, 클라이언트 ID: 1
[20:01:56.080] [DEBUG] 데이터 수신: 17 바이트, 클라이언트 ID: 1
[20:01:56.089] [DEBUG] 데이터 수신: 17 바이트, 클라이언트 ID: 1
[20:01:56.097] [DEBUG] 데이터 수신: 17 바이트, 클라이언트 ID: 1
[20:01:56.108] [DEBUG] 데이터 수신: 17 바이트, 클라이언트 ID: 1
[20:01:56.116] [DEBUG] 데이터 수신: 17 바이트, 클라이언트 ID: 1
[20:01:56.125] [DEBUG] 데이터 수신: 17 바이트, 클라이언트 ID: 1
[20:01:56.134] [DEBUG] 데이터 수신: 17 바이트, 클라이언트 ID: 1
[20:01:56.144] [DEBUG] 데이터 수신: 17 바이트, 클라이언트 ID: 1
[20:01:56.154] [DEBUG] 데이터 수신: 17 바이트, 클라이언트 ID: 1
[20:01:56.163] [DEBUG] 데이터 수신: 17 바이트, 클라이언트 ID: 1
[20:01:56.172] [DEBUG] 데이터 수신: 17 바이트, 클라이언트 ID: 1
[20:01:56.183] [DEBUG] 데이터 수신: 17 바이트, 클라이언트 ID: 1
[20:01:56.191] [DEBUG] 데이터 수신: 17 바이트, 클라이언트 ID: 1
[20:01:56.199] [DEBUG] 데이터 수신: 17 바이트, 클라이언트 ID: 1
[20:01:56.209] [DEBUG] 데이터 수신: 17 바이트, 클라이언트 ID: 1
[20:01:56.219] [DEBUG] 데이터 수신: 17 바이트, 클라이언트 ID: 1
[20:01:56.230] [DEBUG] 데이터 수신: 17 바이트, 클라이언트 ID: 1
[20:01:56.240] [DEBUG] 데이터 수신: 17 바이트, 클라이언트 ID: 1
[20:01:56.248] [DEBUG] 데이터 수신: 17 바이트, 클라이언트 ID: 1
[20:01:56.257] [DEBUG] 데이터 수신: 17 바이트, 클라이언트 ID: 1
[20:01:56.265] [DEBUG] 데이터 수신: 17 바이트, 클라이언트 ID: 1
[20:01:56.274] [DEBUG] 데이터 수신: 17 바이트, 클라이언트 ID: 1
[20:01:56.283] [DEBUG] 데이터 수신: 17 바이트, 클라이언트 ID: 1
[20:01:56.292] [DEBUG] 데이터 수신: 17 바이트, 클라이언트 ID: 1
[20:01:56.302] [DEBUG] 데이터 수신: 17 바이트, 클라이언트 ID: 1
[20:01:56.311] [DEBUG] 데이터 수신: 17 바이트, 클라이언트 ID: 1
[20:01:56.320] [DEBUG] 데이터 수신: 17 바이트, 클라이언트 ID: 1
[20:01:56.329] [DEBUG] 데이터 수신: 17 바이트, 클라이언트 ID: 1
[20:01:56.339] [DEBUG] 데이터 수신: 17 바이트, 클라이언트 ID: 1
[20:01:56.349] [DEBUG] 데이터 수신: 17 바이트, 클라이언트 ID: 1
[20:01:56.358] [DEBUG] 데이터 수신: 17 바이트, 클라이언트 ID: 1
[20:01:56.368] [DEBUG] 데이터 수신: 17 바이트, 클라이언트 ID: 1
[20:01:56.376] [DEBUG] 데이터 수신: 17 바이트, 클라이언트 ID: 1
[20:01:56.385] [DEBUG] 데이터 수신: 17 바이트, 클라이언트 ID: 1
[20:01:56.395] [DEBUG] 데이터 수신: 17 바이트, 클라이언트 ID: 1
[20:01:56.403] [DEBUG] 데이터 수신: 17 바이트, 클라이언트 ID: 1
[20:01:56.412] [DEBUG] 데이터 수신: 17 바이트, 클라이언트 ID: 1
[20:01:56.421] [DEBUG] 데이터 수신: 17 바이트, 클라이언트 ID: 1
[20:01:56.431] [DEBUG] 데이터 수신: 17 바이트, 클라이언트 ID: 1
[20:01:56.441] [DEBUG] 데이터 수신: 17 바이트, 클라이언트 ID: 1
[20:01:56.449] [DEBUG] 데이터 수신: 17 바이트, 클라이언트 ID: 1
[20:01:56.457] [DEBUG] 데이터 수신: 17 바이트, 클라이언트 ID: 1
[20:01:56.467] [DEBUG] 데이터 수신: 17 바이트, 클라이언트 ID: 1
[20:01:56.476] [DEBUG] 데이터 수신: 17 바이트, 클라이언트 ID: 1
[20:01:56.486] [DEBUG] 데이터 수신: 17 바이트, 클라이언트 ID: 1
[20:01:56.494] [DEBUG] 데이터 수신: 17 바이트, 클라이언트 ID: 1
[20:01:56.505] [DEBUG] 데이터 수신: 17 바이트, 클라이언트 ID: 1
[20:01:56.514] [DEBUG] 데이터 수신: 17 바이트, 클라이언트 ID: 1
[20:01:56.523] [DEBUG] 데이터 수신: 17 바이트, 클라이언트 ID: 1
[20:01:56.533] [DEBUG] 데이터 수신: 17 바이트, 클라이언트 ID: 1
[20:01:56.542] [DEBUG] 데이터 수신: 17 바이트, 클라이언트 ID: 1
[20:01:56.552] [DEBUG] 데이터 수신: 17 바이트, 클라이언트 ID: 1
[20:01:56.561] [DEBUG] 데이터 수신: 17 바이트, 클라이언트 ID: 1
[20:01:56.570] [DEBUG] 데이터 수신: 17 바이트, 클라이언트 ID: 1
[20:01:56.579] [DEBUG] 데이터 수신: 17 바이트, 클라이언트 ID: 1
[20:01:56.588] [DEBUG] 데이터 수신: 17 바이트, 클라이언트 ID: 1
[20:01:56.598] [DEBUG] 데이터 수신: 17 바이트, 클라이언트 ID: 1
[20:01:56.607] [DEBUG] 데이터 수신: 17 바이트, 클라이언트 ID: 1
[20:01:56.617] [DEBUG] 데이터 수신: 17 바이트, 클라이언트 ID: 1
[20:01:56.626] [DEBUG] 데이터 수신: 17 바이트, 클라이언트 ID: 1
[20:01:56.636] [DEBUG] 데이터 수신: 17 바이트, 클라이언트 ID: 1
[20:01:56.644] [DEBUG] 데이터 수신: 17 바이트, 클라이언트 ID: 1
[20:01:56.654] [DEBUG] 데이터 수신: 17 바이트, 클라이언트 ID: 1
[20:01:56.663] [DEBUG] 데이터 수신: 17 바이트, 클라이언트 ID: 1
[20:01:56.673] [DEBUG] 데이터 수신: 17 바이트, 클라이언트 ID: 1
[20:01:56.682] [DEBUG] 데이터 수신: 17 바이트, 클라이언트 ID: 1
[20:01:56.691] [DEBUG] 데이터 수신: 17 바이트, 클라이언트 ID: 1
[20:01:56.700] [DEBUG] 데이터 수신: 17 바이트, 클라이언트 ID: 1
[20:01:56.710] [DEBUG] 데이터 수신: 17 바이트, 클라이언트 ID: 1
[20:01:56.719] [DEBUG] 데이터 수신: 17 바이트, 클라이언트 ID: 1
[20:01:56.728] [DEBUG] 데이터 수신: 17 바이트, 클라이언트 ID: 1
[20:01:56.737] [DEBUG] 데이터 수신: 17 바이트, 클라이언트 ID: 1
[20:01:56.746] [DEBUG] 데이터 수신: 17 바이트, 클라이언트 ID: 1
[20:01:56.755] [DEBUG] 데이터 수신: 17 바이트, 클라이언트 ID: 1
[20:01:56.764] [DEBUG] 데이터 수신: 17 바이트, 클라이언트 ID: 1
[20:01:56.773] [DEBUG] 데이터 수신: 17 바이트, 클라이언트 ID: 1
[20:01:56.783] [DEBUG] 데이터 수신: 17 바이트, 클라이언트 ID: 1
[20:01:56.791] [DEBUG] 데이터 수신: 17 바이트, 클라이언트 ID: 1
[20:01:56.801] [DEBUG] 데이터 수신: 17 바이트, 클라이언트 ID: 1
[20:01:56.810] [DEBUG] 데이터 수신: 17 바이트, 클라이언트 ID: 1
[20:01:56.818] [DEBUG] 데이터 수신: 17 바이트, 클라이언트 ID: 1
[20:01:56.828] [DEBUG] 데이터 수신: 17 바이트, 클라이언트 ID: 1
[20:01:56.841] [DEBUG] 데이터 수신: 17 바이트, 클라이언트 ID: 1
[20:01:56.849] [DEBUG] 데이터 수신: 17 바이트, 클라이언트 ID: 1
[20:01:56.858] [DEBUG] 데이터 수신: 17 바이트, 클라이언트 ID: 1
[20:01:56.866] [DEBUG] 데이터 수신: 17 바이트, 클라이언트 ID: 1
[20:01:56.875] [DEBUG] 데이터 수신: 17 바이트, 클라이언트 ID: 1
[20:01:56.883] [DEBUG] 데이터 수신: 17 바이트, 클라이언트 ID: 1
[20:01:56.894] [DEBUG] 데이터 수신: 17 바이트, 클라이언트 ID: 1
[20:01:56.901] [DEBUG] 데이터 수신: 17 바이트, 클라이언트 ID: 1
[20:01:56.910] [DEBUG] 데이터 수신: 17 바이트, 클라이언트 ID: 1
[20:01:56.920] [DEBUG] 데이터 수신: 17 바이트, 클라이언트 ID: 1
[20:01:56.929] [DEBUG] 데이터 수신: 17 바이트, 클라이언트 ID: 1
[20:01:56.939] [DEBUG] 데이터 수신: 17 바이트, 클라이언트 ID: 1
[20:01:56.948] [DEBUG] 데이터 수신: 17 바이트, 클라이언트 ID: 1
[20:01:56.958] [DEBUG] 데이터 수신: 17 바이트, 클라이언트 ID: 1
[20:01:56.966] [DEBUG] 데이터 수신: 17 바이트, 클라이언트 ID: 1
[20:01:56.975] [DEBUG] 데이터 수신: 17 바이트, 클라이언트 ID: 1
[20:01:56.985] [DEBUG] 데이터 수신: 17 바이트, 클라이언트 ID: 1
[20:01:56.994] [DEBUG] 데이터 수신: 17 바이트, 클라이언트 ID: 1
[20:01:57.003] [DEBUG] 데이터 수신: 17 바이트, 클라이언트 ID: 1
[20:01:57.012] [DEBUG] 데이터 수신: 17 바이트, 클라이언트 ID: 1
[20:01:57.021] [DEBUG] 데이터 수신: 17 바이트, 클라이언트 ID: 1
[20:01:57.030] [DEBUG] 데이터 수신: 17 바이트, 클라이언트 ID: 1
[20:01:57.040] [DEBUG] 데이터 수신: 17 바이트, 클라이언트 ID: 1
[20:01:57.049] [DEBUG] 데이터 수신: 17 바이트, 클라이언트 ID: 1
[20:01:57.059] [DEBUG] 데이터 수신: 17 바이트, 클라이언트 ID: 1
[20:01:57.069] [DEBUG] 데이터 수신: 17 바이트, 클라이언트 ID: 1
[20:01:57.079] [DEBUG] 데이터 수신: 17 바이트, 클라이언트 ID: 1
[20:01:57.088] [DEBUG] 데이터 수신: 17 바이트, 클라이언트 ID: 1
[20:01:57.099] [DEBUG] 데이터 수신: 17 바이트, 클라이언트 ID: 1
[20:01:57.109] [DEBUG] 데이터 수신: 17 바이트, 클라이언트 ID: 1
[20:01:57.120] [DEBUG] 데이터 수신: 17 바이트, 클라이언트 ID: 1
[20:01:57.129] [DEBUG] 데이터 수신: 17 바이트, 클라이언트 ID: 1
[20:01:57.138] [DEBUG] 데이터 수신: 17 바이트, 클라이언트 ID: 1
[20:01:57.148] [DEBUG] 데이터 수신: 17 바이트, 클라이언트 ID: 1
[20:01:57.157] [DEBUG] 데이터 수신: 17 바이트, 클라이언트 ID: 1
[20:01:57.166] [DEBUG] 데이터 수신: 17 바이트, 클라이언트 ID: 1
[20:01:57.175] [DEBUG] 데이터 수신: 17 바이트, 클라이언트 ID: 1
[20:01:57.184] [DEBUG] 데이터 수신: 17 바이트, 클라이언트 ID: 1
[20:01:57.193] [DEBUG] 데이터 수신: 17 바이트, 클라이언트 ID: 1
[20:01:57.203] [DEBUG] 데이터 수신: 17 바이트, 클라이언트 ID: 1
[20:01:57.212] [DEBUG] 데이터 수신: 17 바이트, 클라이언트 ID: 1
[20:01:57.221] [DEBUG] 데이터 수신: 17 바이트, 클라이언트 ID: 1
[20:01:57.230] [DEBUG] 데이터 수신: 17 바이트, 클라이언트 ID: 1
[20:01:57.239] [DEBUG] 데이터 수신: 17 바이트, 클라이언트 ID: 1
[20:01:57.249] [DEBUG] 데이터 수신: 17 바이트, 클라이언트 ID: 1
[20:01:57.257] [DEBUG] 데이터 수신: 17 바이트, 클라이언트 ID: 1
[20:01:57.266] [DEBUG] 데이터 수신: 17 바이트, 클라이언트 ID: 1
[20:01:57.274] [DEBUG] 데이터 수신: 17 바이트, 클라이언트 ID: 1
[20:01:57.283] [DEBUG] 데이터 수신: 17 바이트, 클라이언트 ID: 1
[20:01:57.292] [DEBUG] 데이터 수신: 17 바이트, 클라이언트 ID: 1
[20:01:57.302] [DEBUG] 데이터 수신: 17 바이트, 클라이언트 ID: 1
[20:01:57.311] [DEBUG] 데이터 수신: 17 바이트, 클라이언트 ID: 1
[20:01:57.321] [DEBUG] 데이터 수신: 17 바이트, 클라이언트 ID: 1
[20:01:57.330] [DEBUG] 데이터 수신: 17 바이트, 클라이언트 ID: 1
[20:01:57.339] [DEBUG] 데이터 수신: 17 바이트, 클라이언트 ID: 1
[20:01:57.349] [DEBUG] 데이터 수신: 17 바이트, 클라이언트 ID: 1
[20:01:57.358] [DEBUG] 데이터 수신: 17 바이트, 클라이언트 ID: 1
[20:01:57.367] [DEBUG] 데이터 수신: 17 바이트, 클라이언트 ID: 1
[20:01:57.375] [DEBUG] 데이터 수신: 17 바이트, 클라이언트 ID: 1
[20:01:57.385] [DEBUG] 데이터 수신: 17 바이트, 클라이언트 ID: 1
[20:01:57.395] [DEBUG] 데이터 수신: 17 바이트, 클라이언트 ID: 1
[20:01:57.403] [DEBUG] 데이터 수신: 17 바이트, 클라이언트 ID: 1
[20:01:57.413] [DEBUG] 데이터 수신: 17 바이트, 클라이언트 ID: 1
[20:01:57.422] [DEBUG] 데이터 수신: 17 바이트, 클라이언트 ID: 1
[20:01:57.431] [DEBUG] 데이터 수신: 17 바이트, 클라이언트 ID: 1
[20:01:57.444] [DEBUG] 데이터 수신: 17 바이트, 클라이언트 ID: 1
[20:01:57.453] [DEBUG] 데이터 수신: 17 바이트, 클라이언트 ID: 1
[20:01:57.462] [DEBUG] 데이터 수신: 17 바이트, 클라이언트 ID: 1
[20:01:57.471] [DEBUG] 데이터 수신: 17 바이트, 클라이언트 ID: 1
[20:01:57.480] [DEBUG] 데이터 수신: 17 바이트, 클라이언트 ID: 1
[20:01:57.489] [DEBUG] 데이터 수신: 17 바이트, 클라이언트 ID: 1
[20:01:57.499] [DEBUG] 데이터 수신: 17 바이트, 클라이언트 ID: 1
[20:01:57.508] [DEBUG] 데이터 수신: 17 바이트, 클라이언트 ID: 1
[20:01:57.517] [DEBUG] 데이터 수신: 17 바이트, 클라이언트 ID: 1
[20:01:57.526] [DEBUG] 데이터 수신: 17 바이트, 클라이언트 ID: 1
[20:01:57.535] [DEBUG] 데이터 수신: 17 바이트, 클라이언트 ID: 1
[20:01:57.545] [DEBUG] 데이터 수신: 17 바이트, 클라이언트 ID: 1
[20:01:57.554] [DEBUG] 데이터 수신: 17 바이트, 클라이언트 ID: 1
[20:01:57.564] [DEBUG] 데이터 수신: 17 바이트, 클라이언트 ID: 1
[20:01:57.573] [DEBUG] 데이터 수신: 17 바이트, 클라이언트 ID: 1
[20:01:57.582] [DEBUG] 데이터 수신: 17 바이트, 클라이언트 ID: 1
[20:01:57.592] [DEBUG] 데이터 수신: 17 바이트, 클라이언트 ID: 1
[20:01:57.601] [DEBUG] 데이터 수신: 17 바이트, 클라이언트 ID: 1
[20:01:57.611] [DEBUG] 데이터 수신: 17 바이트, 클라이언트 ID: 1
[20:01:57.619] [DEBUG] 데이터 수신: 17 바이트, 클라이언트 ID: 1
[20:01:57.629] [DEBUG] 데이터 수신: 17 바이트, 클라이언트 ID: 1
[20:01:57.638] [DEBUG] 데이터 수신: 17 바이트, 클라이언트 ID: 1
[20:01:57.647] [DEBUG] 데이터 수신: 17 바이트, 클라이언트 ID: 1
[20:01:57.656] [DEBUG] 데이터 수신: 17 바이트, 클라이언트 ID: 1
[20:01:57.666] [DEBUG] 데이터 수신: 17 바이트, 클라이언트 ID: 1
[20:01:57.675] [DEBUG] 데이터 수신: 17 바이트, 클라이언트 ID: 1
[20:01:57.685] [DEBUG] 데이터 수신: 17 바이트, 클라이언트 ID: 1
[20:01:57.694] [DEBUG] 데이터 수신: 17 바이트, 클라이언트 ID: 1
[20:01:57.703] [DEBUG] 데이터 수신: 17 바이트, 클라이언트 ID: 1
[20:01:57.712] [DEBUG] 데이터 수신: 17 바이트, 클라이언트 ID: 1
[20:01:57.720] [DEBUG] 데이터 수신: 17 바이트, 클라이언트 ID: 1
[20:01:57.730] [DEBUG] 데이터 수신: 17 바이트, 클라이언트 ID: 1
[20:01:57.739] [DEBUG] 데이터 수신: 17 바이트, 클라이언트 ID: 1
[20:01:57.749] [DEBUG] 데이터 수신: 17 바이트, 클라이언트 ID: 1
[20:01:57.759] [DEBUG] 데이터 수신: 17 바이트, 클라이언트 ID: 1
[20:01:57.767] [DEBUG] 데이터 수신: 17 바이트, 클라이언트 ID: 1
[20:01:57.777] [DEBUG] 데이터 수신: 17 바이트, 클라이언트 ID: 1
[20:01:57.787] [DEBUG] 데이터 수신: 17 바이트, 클라이언트 ID: 1
[20:01:57.795] [DEBUG] 데이터 수신: 17 바이트, 클라이언트 ID: 1
[20:01:57.805] [DEBUG] 데이터 수신: 17 바이트, 클라이언트 ID: 1
[20:01:57.814] [DEBUG] 데이터 수신: 17 바이트, 클라이언트 ID: 1
[20:01:57.822] [DEBUG] 데이터 수신: 17 바이트, 클라이언트 ID: 1
[20:01:57.831] [DEBUG] 데이터 수신: 17 바이트, 클라이언트 ID: 1
[20:01:57.840] [DEBUG] 데이터 수신: 17 바이트, 클라이언트 ID: 1
[20:01:57.849] [DEBUG] 데이터 수신: 17 바이트, 클라이언트 ID: 1
[20:01:57.859] [DEBUG] 데이터 수신: 17 바이트, 클라이언트 ID: 1
[20:01:57.869] [DEBUG] 데이터 수신: 17 바이트, 클라이언트 ID: 1
[20:01:57.879] [DEBUG] 데이터 수신: 17 바이트, 클라이언트 ID: 1
[20:01:57.887] [DEBUG] 데이터 수신: 17 바이트, 클라이언트 ID: 1
[20:01:57.898] [DEBUG] 데이터 수신: 17 바이트, 클라이언트 ID: 1
[20:01:57.906] [DEBUG] 데이터 수신: 17 바이트, 클라이언트 ID: 1
[20:01:57.917] [DEBUG] 데이터 수신: 17 바이트, 클라이언트 ID: 1
[20:01:57.924] [DEBUG] 데이터 수신: 17 바이트, 클라이언트 ID: 1
[20:01:57.935] [DEBUG] 데이터 수신: 17 바이트, 클라이언트 ID: 1
[20:01:57.943] [DEBUG] 데이터 수신: 17 바이트, 클라이언트 ID: 1
[20:01:57.952] [DEBUG] 데이터 수신: 17 바이트, 클라이언트 ID: 1
[20:01:57.960] [DEBUG] 데이터 수신: 17 바이트, 클라이언트 ID: 1
[20:01:57.968] [DEBUG] 데이터 수신: 17 바이트, 클라이언트 ID: 1
[20:01:57.977] [DEBUG] 데이터 수신: 17 바이트, 클라이언트 ID: 1
[20:01:57.987] [DEBUG] 데이터 수신: 17 바이트, 클라이언트 ID: 1
[20:01:57.995] [DEBUG] 데이터 수신: 17 바이트, 클라이언트 ID: 1
[20:01:58.003] [DEBUG] 데이터 수신: 17 바이트, 클라이언트 ID: 1
[20:01:58.013] [DEBUG] 데이터 수신: 17 바이트, 클라이언트 ID: 1
[20:01:58.021] [DEBUG] 데이터 수신: 17 바이트, 클라이언트 ID: 1
[20:01:58.030] [DEBUG] 데이터 수신: 17 바이트, 클라이언트 ID: 1
[20:01:58.040] [DEBUG] 데이터 수신: 17 바이트, 클라이언트 ID: 1
[20:01:58.049] [DEBUG] 데이터 수신: 17 바이트, 클라이언트 ID: 1
[20:01:58.059] [DEBUG] 데이터 수신: 17 바이트, 클라이언트 ID: 1
[20:01:58.068] [DEBUG] 데이터 수신: 17 바이트, 클라이언트 ID: 1
[20:01:58.078] [DEBUG] 데이터 수신: 17 바이트, 클라이언트 ID: 1
[20:01:58.086] [DEBUG] 데이터 수신: 17 바이트, 클라이언트 ID: 1
[20:01:58.095] [DEBUG] 데이터 수신: 17 바이트, 클라이언트 ID: 1
[20:01:58.104] [DEBUG] 데이터 수신: 17 바이트, 클라이언트 ID: 1
[20:01:58.115] [DEBUG] 데이터 수신: 17 바이트, 클라이언트 ID: 1
[20:01:58.123] [DEBUG] 데이터 수신: 17 바이트, 클라이언트 ID: 1
[20:01:58.132] [DEBUG] 데이터 수신: 17 바이트, 클라이언트 ID: 1
[20:01:58.141] [DEBUG] 데이터 수신: 17 바이트, 클라이언트 ID: 1
[20:01:58.150] [DEBUG] 데이터 수신: 17 바이트, 클라이언트 ID: 1
[20:01:58.160] [DEBUG] 데이터 수신: 17 바이트, 클라이언트 ID: 1
[20:01:58.169] [DEBUG] 데이터 수신: 17 바이트, 클라이언트 ID: 1
[20:01:58.179] [DEBUG] 데이터 수신: 17 바이트, 클라이언트 ID: 1
[20:01:58.188] [DEBUG] 데이터 수신: 17 바이트, 클라이언트 ID: 1
[20:01:58.198] [DEBUG] 데이터 수신: 17 바이트, 클라이언트 ID: 1
[20:01:58.206] [DEBUG] 데이터 수신: 17 바이트, 클라이언트 ID: 1
[20:01:58.215] [DEBUG] 데이터 수신: 17 바이트, 클라이언트 ID: 1
[20:01:58.224] [DEBUG] 데이터 수신: 17 바이트, 클라이언트 ID: 1
[20:01:58.234] [DEBUG] 데이터 수신: 17 바이트, 클라이언트 ID: 1
[20:01:58.244] [DEBUG] 데이터 수신: 17 바이트, 클라이언트 ID: 1
[20:01:58.253] [DEBUG] 데이터 수신: 17 바이트, 클라이언트 ID: 1
[20:01:58.263] [DEBUG] 데이터 수신: 17 바이트, 클라이언트 ID: 1
[20:01:58.272] [DEBUG] 데이터 수신: 17 바이트, 클라이언트 ID: 1
[20:01:58.282] [DEBUG] 데이터 수신: 17 바이트, 클라이언트 ID: 1
[20:01:58.291] [DEBUG] 데이터 수신: 17 바이트, 클라이언트 ID: 1
[20:01:58.301] [DEBUG] 데이터 수신: 17 바이트, 클라이언트 ID: 1
[20:01:58.310] [DEBUG] 데이터 수신: 17 바이트, 클라이언트 ID: 1
[20:01:58.320] [DEBUG] 데이터 수신: 17 바이트, 클라이언트 ID: 1
[20:01:58.330] [DEBUG] 데이터 수신: 17 바이트, 클라이언트 ID: 1
[20:01:58.339] [DEBUG] 데이터 수신: 17 바이트, 클라이언트 ID: 1
[20:01:58.348] [DEBUG] 데이터 수신: 17 바이트, 클라이언트 ID: 1
[20:01:58.356] [DEBUG] 데이터 수신: 17 바이트, 클라이언트 ID: 1
[20:01:58.364] [DEBUG] 데이터 수신: 17 바이트, 클라이언트 ID: 1
[20:01:58.374] [DEBUG] 데이터 수신: 17 바이트, 클라이언트 ID: 1
[20:01:58.383] [DEBUG] 데이터 수신: 17 바이트, 클라이언트 ID: 1
[20:01:58.391] [DEBUG] 데이터 수신: 17 바이트, 클라이언트 ID: 1
[20:01:58.401] [DEBUG] 데이터 수신: 17 바이트, 클라이언트 ID: 1
[20:01:58.410] [DEBUG] 데이터 수신: 17 바이트, 클라이언트 ID: 1
[20:01:58.419] [DEBUG] 데이터 수신: 17 바이트, 클라이언트 ID: 1
[20:01:58.428] [DEBUG] 데이터 수신: 17 바이트, 클라이언트 ID: 1
[20:01:58.437] [DEBUG] 데이터 수신: 17 바이트, 클라이언트 ID: 1
[20:01:58.446] [DEBUG] 데이터 수신: 17 바이트, 클라이언트 ID: 1
[20:01:58.455] [DEBUG] 데이터 수신: 17 바이트, 클라이언트 ID: 1
[20:01:58.464] [DEBUG] 데이터 수신: 17 바이트, 클라이언트 ID: 1
[20:01:58.473] [DEBUG] 데이터 수신: 17 바이트, 클라이언트 ID: 1
[20:01:58.482] [DEBUG] 데이터 수신: 17 바이트, 클라이언트 ID: 1
[20:01:58.491] [DEBUG] 데이터 수신: 17 바이트, 클라이언트 ID: 1
[20:01:58.500] [DEBUG] 데이터 수신: 17 바이트, 클라이언트 ID: 1
[20:01:58.509] [DEBUG] 데이터 수신: 17 바이트, 클라이언트 ID: 1
[20:01:58.518] [DEBUG] 데이터 수신: 17 바이트, 클라이언트 ID: 1
[20:01:58.527] [DEBUG] 데이터 수신: 17 바이트, 클라이언트 ID: 1
[20:01:58.536] [DEBUG] 데이터 수신: 17 바이트, 클라이언트 ID: 1
[20:01:58.545] [DEBUG] 데이터 수신: 17 바이트, 클라이언트 ID: 1
[20:01:58.554] [DEBUG] 데이터 수신: 17 바이트, 클라이언트 ID: 1
[20:01:58.563] [DEBUG] 데이터 수신: 17 바이트, 클라이언트 ID: 1
[20:01:58.572] [DEBUG] 데이터 수신: 17 바이트, 클라이언트 ID: 1
[20:01:58.581] [DEBUG] 데이터 수신: 17 바이트, 클라이언트 ID: 1
[20:01:58.590] [DEBUG] 데이터 수신: 17 바이트, 클라이언트 ID: 1
[20:01:58.599] [DEBUG] 데이터 수신: 17 바이트, 클라이언트 ID: 1
[20:01:58.608] [DEBUG] 데이터 수신: 17 바이트, 클라이언트 ID: 1
[20:01:58.622] [DEBUG] 데이터 수신: 17 바이트, 클라이언트 ID: 1
[20:01:58.628] [DEBUG] 데이터 수신: 17 바이트, 클라이언트 ID: 1
[20:01:58.636] [DEBUG] 데이터 수신: 17 바이트, 클라이언트 ID: 1
[20:01:58.645] [DEBUG] 데이터 수신: 17 바이트, 클라이언트 ID: 1
[20:01:58.654] [DEBUG] 데이터 수신: 17 바이트, 클라이언트 ID: 1
[20:01:58.664] [DEBUG] 데이터 수신: 17 바이트, 클라이언트 ID: 1
[20:01:58.674] [DEBUG] 데이터 수신: 17 바이트, 클라이언트 ID: 1
[20:01:58.683] [DEBUG] 데이터 수신: 17 바이트, 클라이언트 ID: 1
[20:01:58.692] [DEBUG] 데이터 수신: 17 바이트, 클라이언트 ID: 1
[20:01:58.701] [DEBUG] 데이터 수신: 17 바이트, 클라이언트 ID: 1
[20:01:58.710] [DEBUG] 데이터 수신: 17 바이트, 클라이언트 ID: 1
[20:01:58.719] [DEBUG] 데이터 수신: 17 바이트, 클라이언트 ID: 1
[20:01:58.728] [DEBUG] 데이터 수신: 17 바이트, 클라이언트 ID: 1
[20:01:58.737] [DEBUG] 데이터 수신: 17 바이트, 클라이언트 ID: 1
[20:01:58.747] [DEBUG] 데이터 수신: 17 바이트, 클라이언트 ID: 1
[20:01:58.756] [DEBUG] 데이터 수신: 17 바이트, 클라이언트 ID: 1
[20:01:58.765] [DEBUG] 데이터 수신: 17 바이트, 클라이언트 ID: 1
[20:01:58.774] [DEBUG] 데이터 수신: 17 바이트, 클라이언트 ID: 1
[20:01:58.783] [DEBUG] 데이터 수신: 17 바이트, 클라이언트 ID: 1
[20:01:58.792] [DEBUG] 데이터 수신: 17 바이트, 클라이언트 ID: 1
[20:01:58.801] [DEBUG] 데이터 수신: 17 바이트, 클라이언트 ID: 1
[20:01:58.811] [DEBUG] 데이터 수신: 17 바이트, 클라이언트 ID: 1
[20:01:58.820] [DEBUG] 데이터 수신: 17 바이트, 클라이언트 ID: 1
[20:01:58.830] [DEBUG] 데이터 수신: 17 바이트, 클라이언트 ID: 1
[20:01:58.839] [DEBUG] 데이터 수신: 17 바이트, 클라이언트 ID: 1
[20:01:58.849] [DEBUG] 데이터 수신: 17 바이트, 클라이언트 ID: 1
[20:01:58.859] [DEBUG] 데이터 수신: 17 바이트, 클라이언트 ID: 1
[20:01:58.869] [DEBUG] 데이터 수신: 17 바이트, 클라이언트 ID: 1
[20:01:58.878] [DEBUG] 데이터 수신: 17 바이트, 클라이언트 ID: 1
[20:01:58.888] [DEBUG] 데이터 수신: 17 바이트, 클라이언트 ID: 1
[20:01:58.898] [DEBUG] 데이터 수신: 17 바이트, 클라이언트 ID: 1
[20:01:58.908] [DEBUG] 데이터 수신: 17 바이트, 클라이언트 ID: 1
[20:01:58.918] [DEBUG] 데이터 수신: 17 바이트, 클라이언트 ID: 1
[20:01:58.927] [DEBUG] 데이터 수신: 17 바이트, 클라이언트 ID: 1
[20:01:58.936] [DEBUG] 데이터 수신: 17 바이트, 클라이언트 ID: 1
[20:01:58.946] [DEBUG] 데이터 수신: 17 바이트, 클라이언트 ID: 1
[20:01:58.954] [DEBUG] 데이터 수신: 17 바이트, 클라이언트 ID: 1
[20:01:58.964] [DEBUG] 데이터 수신: 17 바이트, 클라이언트 ID: 1
[20:01:58.972] [DEBUG] 데이터 수신: 17 바이트, 클라이언트 ID: 1
[20:01:58.983] [DEBUG] 데이터 수신: 17 바이트, 클라이언트 ID: 1
[20:01:58.992] [DEBUG] 데이터 수신: 17 바이트, 클라이언트 ID: 1
[20:01:59.000] [DEBUG] 데이터 수신: 17 바이트, 클라이언트 ID: 1
[20:01:59.009] [DEBUG] 데이터 수신: 17 바이트, 클라이언트 ID: 1
[20:01:59.019] [DEBUG] 데이터 수신: 17 바이트, 클라이언트 ID: 1
[20:01:59.028] [DEBUG] 데이터 수신: 17 바이트, 클라이언트 ID: 1
[20:01:59.037] [DEBUG] 데이터 수신: 17 바이트, 클라이언트 ID: 1
[20:01:59.047] [DEBUG] 데이터 수신: 17 바이트, 클라이언트 ID: 1
[20:01:59.055] [DEBUG] 데이터 수신: 17 바이트, 클라이언트 ID: 1
[20:01:59.065] [DEBUG] 데이터 수신: 17 바이트, 클라이언트 ID: 1
[20:01:59.073] [DEBUG] 데이터 수신: 17 바이트, 클라이언트 ID: 1
[20:01:59.082] [DEBUG] 데이터 수신: 17 바이트, 클라이언트 ID: 1
[20:01:59.091] [DEBUG] 데이터 수신: 17 바이트, 클라이언트 ID: 1
[20:01:59.100] [DEBUG] 데이터 수신: 17 바이트, 클라이언트 ID: 1
[20:01:59.110] [DEBUG] 데이터 수신: 17 바이트, 클라이언트 ID: 1
[20:01:59.119] [DEBUG] 데이터 수신: 17 바이트, 클라이언트 ID: 1
[20:01:59.128] [DEBUG] 데이터 수신: 17 바이트, 클라이언트 ID: 1
[20:01:59.138] [DEBUG] 데이터 수신: 17 바이트, 클라이언트 ID: 1
[20:01:59.147] [DEBUG] 데이터 수신: 17 바이트, 클라이언트 ID: 1
[20:01:59.156] [DEBUG] 데이터 수신: 17 바이트, 클라이언트 ID: 1
[20:01:59.165] [DEBUG] 데이터 수신: 17 바이트, 클라이언트 ID: 1
[20:01:59.175] [DEBUG] 데이터 수신: 17 바이트, 클라이언트 ID: 1
[20:01:59.185] [DEBUG] 데이터 수신: 17 바이트, 클라이언트 ID: 1
[20:01:59.194] [DEBUG] 데이터 수신: 17 바이트, 클라이언트 ID: 1
[20:01:59.238] [INFO] 클라이언트가 정상적으로 연결 종료 - ID: 1
[20:01:59.238] [INFO] 클라이언트 연결 끊김 (ID: 1)
[20:01:59.238] [INFO] 클라이언트 연결 끊김 알림(ID: 1) - 수신자 수: 0
