[18:48:20.174] [INFO] 로깅 시스템 초기화됨
[18:48:20.174] [INFO] 서버 인스턴스 생성됨
[18:48:20.175] [INFO] 서버 초기화 시작 (포트: 9000)
[18:48:20.175] [INFO] 윈속 초기화 성공
[18:48:20.176] [INFO] 리스닝 소켓 생성 성공
[18:48:20.177] [INFO] 소켓 바인딩 성공 (포트: 9000)
[18:48:20.177] [INFO] 리스닝 시작됨
[18:48:20.177] [INFO] IOCP 생성 성공
[18:48:20.177] [INFO] CPU 코어 수: 16, 생성할 작업자 스레드: 16
[18:48:20.178] [INFO] 작업자 스레드 #1 생성됨
[18:48:20.178] [INFO] 작업자 스레드 시작 (ThreadID: 3756)
[18:48:20.178] [INFO] 작업자 스레드 #2 생성됨
[18:48:20.178] [INFO] 작업자 스레드 시작 (ThreadID: 4684)
[18:48:20.179] [INFO] 작업자 스레드 #3 생성됨
[18:48:20.179] [INFO] 작업자 스레드 시작 (ThreadID: 25896)
[18:48:20.179] [INFO] 작업자 스레드 #4 생성됨
[18:48:20.179] [INFO] 작업자 스레드 시작 (ThreadID: 32504)
[18:48:20.180] [INFO] 작업자 스레드 #5 생성됨
[18:48:20.180] [INFO] 작업자 스레드 시작 (ThreadID: 900)
[18:48:20.180] [INFO] 작업자 스레드 #6 생성됨
[18:48:20.180] [INFO] 작업자 스레드 시작 (ThreadID: 28480)
[18:48:20.181] [INFO] 작업자 스레드 #7 생성됨
[18:48:20.181] [INFO] 작업자 스레드 시작 (ThreadID: 23008)
[18:48:20.181] [INFO] 작업자 스레드 #8 생성됨
[18:48:20.181] [INFO] 작업자 스레드 시작 (ThreadID: 30108)
[18:48:20.182] [INFO] 작업자 스레드 #9 생성됨
[18:48:20.182] [INFO] 작업자 스레드 시작 (ThreadID: 23380)
[18:48:20.182] [INFO] 작업자 스레드 #10 생성됨
[18:48:20.183] [INFO] 작업자 스레드 시작 (ThreadID: 10400)
[18:48:20.183] [INFO] 작업자 스레드 #11 생성됨
[18:48:20.183] [INFO] 작업자 스레드 시작 (ThreadID: 25468)
[18:48:20.183] [INFO] 작업자 스레드 #12 생성됨
[18:48:20.184] [INFO] 작업자 스레드 시작 (ThreadID: 9672)
[18:48:20.184] [INFO] 작업자 스레드 #13 생성됨
[18:48:20.184] [INFO] 작업자 스레드 시작 (ThreadID: 27896)
[18:48:20.184] [INFO] 작업자 스레드 #14 생성됨
[18:48:20.185] [INFO] 작업자 스레드 시작 (ThreadID: 33276)
[18:48:20.185] [INFO] 작업자 스레드 #15 생성됨
[18:48:20.185] [INFO] 작업자 스레드 시작 (ThreadID: 30652)
[18:48:20.185] [INFO] 작업자 스레드 #16 생성됨
[18:48:20.186] [INFO] 작업자 스레드 시작 (ThreadID: 10856)
[18:48:20.186] [INFO] 서버 초기화 완료
[18:48:20.186] [INFO] 서버 실행. 포트 번호: 9000
[18:48:20.186] [INFO] IOCP 멀티플레이어 서버 시작됨...
[18:48:20.186] [INFO] 서버 실행 시작
[18:48:25.264] [INFO] 클라이언트 연결됨: 127.0.0.1:10571 (ID: 1)
[18:48:25.265] [INFO] 새 클라이언트에게 ID 1 전송됨
[18:48:25.265] [INFO] 초기 위치 정보 전송됨 - 클라이언트 ID: 1, 위치: X=300.000000, Y=300.000000, Z=300.000000
[18:48:25.265] [INFO] 새 플레이어 정보(ID: 1) 브로드캐스트 - 수신자 수: 0
[18:48:25.265] [INFO] 기존 플레이어 정보 0개가 새 클라이언트(ID: 1)에게 전송됨
[18:48:25.266] [INFO] 서버 FPS: 0.393778, 평균 프레임 시간: 507.899994ms, 클라이언트 수: 1
[18:48:25.266] [INFO] 클라이언트 연결됨: 127.0.0.1:10572 (ID: 2)
[18:48:25.266] [INFO] 새 클라이언트에게 ID 2 전송됨
[18:48:25.266] [INFO] 초기 위치 정보 전송됨 - 클라이언트 ID: 2, 위치: X=300.000000, Y=0.000000, Z=90.000000
[18:48:25.267] [INFO] 새 플레이어 정보(ID: 2) 브로드캐스트 - 수신자 수: 1
[18:48:25.267] [INFO] 기존 플레이어 정보 1개가 새 클라이언트(ID: 2)에게 전송됨
[18:48:25.267] [WARNING] 비정상적으로 긴 델타 타임: 5.079000초
