[15:10:07.225] [INFO] 로깅 시스템 초기화됨
[15:10:07.226] [INFO] 서버 인스턴스 생성됨
[15:10:07.226] [INFO] 서버 초기화 시작 (포트: 9000)
[15:10:07.226] [INFO] 윈속 초기화 성공
[15:10:07.227] [INFO] 리스닝 소켓 생성 성공
[15:10:07.228] [INFO] 소켓 바인딩 성공 (포트: 9000)
[15:10:07.228] [INFO] 리스닝 시작됨
[15:10:07.228] [INFO] IOCP 생성 성공
[15:10:07.228] [INFO] CPU 코어 수: 16, 생성할 작업자 스레드: 16
[15:10:07.229] [INFO] 작업자 스레드 #1 생성됨
[15:10:07.229] [INFO] 작업자 스레드 시작 (ThreadID: 9420)
[15:10:07.229] [INFO] 작업자 스레드 #2 생성됨
[15:10:07.229] [INFO] 작업자 스레드 시작 (ThreadID: 36632)
[15:10:07.230] [INFO] 작업자 스레드 #3 생성됨
[15:10:07.230] [INFO] 작업자 스레드 시작 (ThreadID: 6888)
[15:10:07.230] [INFO] 작업자 스레드 #4 생성됨
[15:10:07.230] [INFO] 작업자 스레드 시작 (ThreadID: 20996)
[15:10:07.230] [INFO] 작업자 스레드 #5 생성됨
[15:10:07.231] [INFO] 작업자 스레드 시작 (ThreadID: 40368)
[15:10:07.231] [INFO] 작업자 스레드 #6 생성됨
[15:10:07.231] [INFO] 작업자 스레드 시작 (ThreadID: 24416)
[15:10:07.231] [INFO] 작업자 스레드 #7 생성됨
[15:10:07.232] [INFO] 작업자 스레드 시작 (ThreadID: 40216)
[15:10:07.232] [INFO] 작업자 스레드 #8 생성됨
[15:10:07.232] [INFO] 작업자 스레드 시작 (ThreadID: 42584)
[15:10:07.232] [INFO] 작업자 스레드 #9 생성됨
[15:10:07.233] [INFO] 작업자 스레드 시작 (ThreadID: 42360)
[15:10:07.233] [INFO] 작업자 스레드 #10 생성됨
[15:10:07.233] [INFO] 작업자 스레드 시작 (ThreadID: 36624)
[15:10:07.233] [INFO] 작업자 스레드 #11 생성됨
[15:10:07.233] [INFO] 작업자 스레드 시작 (ThreadID: 37928)
[15:10:07.234] [INFO] 작업자 스레드 #12 생성됨
[15:10:07.234] [INFO] 작업자 스레드 시작 (ThreadID: 28512)
[15:10:07.234] [INFO] 작업자 스레드 #13 생성됨
[15:10:07.234] [INFO] 작업자 스레드 시작 (ThreadID: 7944)
[15:10:07.235] [INFO] 작업자 스레드 #14 생성됨
[15:10:07.235] [INFO] 작업자 스레드 시작 (ThreadID: 39048)
[15:10:07.235] [INFO] 작업자 스레드 #15 생성됨
[15:10:07.235] [INFO] 작업자 스레드 시작 (ThreadID: 34016)
[15:10:07.236] [INFO] 작업자 스레드 #16 생성됨
[15:10:07.236] [INFO] 작업자 스레드 시작 (ThreadID: 6632)
[15:10:07.236] [INFO] 서버 초기화 완료
[15:10:07.236] [INFO] 서버 실행. 포트 번호: 9000
[15:10:07.236] [INFO] IOCP 멀티플레이어 서버 시작됨...
[15:10:07.237] [INFO] 서버 실행 시작
