[20:55:59.947] [INFO] 로깅 시스템 초기화됨
[20:55:59.947] [INFO] 서버 인스턴스 생성됨
[20:55:59.947] [INFO] 서버 초기화 시작 (포트: 9000)
[20:55:59.948] [INFO] 윈속 초기화 성공
[20:55:59.949] [INFO] 리스닝 소켓 생성 성공
[20:55:59.949] [INFO] 소켓 바인딩 성공 (포트: 9000)
[20:55:59.949] [INFO] 리스닝 시작됨
[20:55:59.949] [INFO] IOCP 생성 성공
[20:55:59.949] [INFO] CPU 코어 수: 16, 생성할 작업자 스레드: 16
[20:55:59.950] [INFO] 작업자 스레드 #1 생성됨
[20:55:59.950] [INFO] 작업자 스레드 시작 (ThreadID: 32260)
[20:55:59.950] [INFO] 작업자 스레드 #2 생성됨
[20:55:59.950] [INFO] 작업자 스레드 시작 (ThreadID: 8908)
[20:55:59.951] [INFO] 작업자 스레드 #3 생성됨
[20:55:59.951] [INFO] 작업자 스레드 시작 (ThreadID: 29680)
[20:55:59.951] [INFO] 작업자 스레드 #4 생성됨
[20:55:59.951] [INFO] 작업자 스레드 시작 (ThreadID: 25528)
[20:55:59.951] [INFO] 작업자 스레드 #5 생성됨
[20:55:59.951] [INFO] 작업자 스레드 시작 (ThreadID: 21772)
[20:55:59.952] [INFO] 작업자 스레드 #6 생성됨
[20:55:59.952] [INFO] 작업자 스레드 시작 (ThreadID: 12996)
[20:55:59.952] [INFO] 작업자 스레드 #7 생성됨
[20:55:59.952] [INFO] 작업자 스레드 시작 (ThreadID: 11328)
[20:55:59.952] [INFO] 작업자 스레드 #8 생성됨
[20:55:59.952] [INFO] 작업자 스레드 시작 (ThreadID: 2676)
[20:55:59.953] [INFO] 작업자 스레드 #9 생성됨
[20:55:59.953] [INFO] 작업자 스레드 시작 (ThreadID: 8804)
[20:55:59.953] [INFO] 작업자 스레드 #10 생성됨
[20:55:59.953] [INFO] 작업자 스레드 시작 (ThreadID: 27424)
[20:55:59.953] [INFO] 작업자 스레드 #11 생성됨
[20:55:59.953] [INFO] 작업자 스레드 시작 (ThreadID: 1780)
[20:55:59.954] [INFO] 작업자 스레드 #12 생성됨
[20:55:59.954] [INFO] 작업자 스레드 시작 (ThreadID: 26808)
[20:55:59.954] [INFO] 작업자 스레드 #13 생성됨
[20:55:59.954] [INFO] 작업자 스레드 시작 (ThreadID: 28808)
[20:55:59.954] [INFO] 작업자 스레드 #14 생성됨
[20:55:59.954] [INFO] 작업자 스레드 시작 (ThreadID: 3572)
[20:55:59.955] [INFO] 작업자 스레드 #15 생성됨
[20:55:59.955] [INFO] 작업자 스레드 시작 (ThreadID: 31004)
[20:55:59.955] [INFO] 작업자 스레드 #16 생성됨
[20:55:59.955] [INFO] 작업자 스레드 시작 (ThreadID: 2736)
[20:55:59.955] [INFO] 서버 초기화 완료
[20:55:59.955] [INFO] 서버 실행. 포트 번호: 9000
[20:55:59.956] [INFO] IOCP 멀티플레이어 서버 시작됨...
[20:55:59.956] [INFO] 서버 실행 시작
[20:56:02.704] [INFO] 클라이언트 연결됨: 127.0.0.1:11438 (ID: 1)
[20:56:02.704] [INFO] 새 클라이언트에게 ID 1 전송됨
[20:56:02.704] [INFO] 초기 위치 정보 전송됨 - 클라이언트 ID: 1, 위치: X=0.000000, Y=0.000000, Z=90.000000
[20:56:02.704] [INFO] 새 플레이어 정보(ID: 1) 브로드캐스트 - 수신자 수: 0
[20:56:02.705] [INFO] 기존 플레이어 정보 0개가 새 클라이언트(ID: 1)에게 전송됨
[20:56:02.705] [INFO] 위치 업데이트 - 클라이언트 ID: 1, 위치: X=0.000000, Y=0.000000, Z=90.000000, 속도: X=0.000000, Y=0.000000, Z=0.000000
[20:56:02.705] [INFO] 서버 FPS: 0.727273, 평균 프레임 시간: 275.000000ms, 클라이언트 수: 1
[20:56:31.853] [INFO] 클라이언트 연결됨: 127.0.0.1:11441 (ID: 2)
[20:56:31.853] [INFO] 새 클라이언트에게 ID 2 전송됨
[20:56:31.853] [INFO] 초기 위치 정보 전송됨 - 클라이언트 ID: 2, 위치: X=300.000000, Y=0.000000, Z=90.000000
[20:56:31.853] [INFO] 새 플레이어 정보(ID: 2) 브로드캐스트 - 수신자 수: 1
[20:56:31.853] [INFO] 기존 플레이어 정보 1개가 새 클라이언트(ID: 2)에게 전송됨
[20:56:31.854] [WARNING] 비정상적으로 긴 델타 타임: 2.750000초
[20:56:31.854] [WARNING] 클라이언트 Ping 타임아웃 발생 - ID: 1
[20:56:31.854] [INFO] 위치 업데이트 - 클라이언트 ID: 2, 위치: X=300.000000, Y=0.000000, Z=90.000000, 속도: X=0.000000, Y=0.000000, Z=0.000000
[20:56:31.854] [INFO] 클라이언트 연결 끊김 (ID: 1)
[20:56:31.854] [INFO] 클라이언트가 정상적으로 연결 종료함 - ID: 1
[20:56:31.854] [INFO] 클라이언트 연결 끊김 알림(ID: 1) - 수신자 수: 1
[20:56:31.855] [WARNING] 존재하지 않는 클라이언트 ID를 제거하려고 시도: 1
[20:56:31.855] [INFO] 서버 FPS: 0.034316, 평균 프레임 시간: 3161.600098ms, 클라이언트 수: 1
[20:56:35.435] [INFO] 클라이언트 연결됨: 127.0.0.1:11442 (ID: 3)
[20:56:35.435] [INFO] 새 클라이언트에게 ID 3 전송됨
[20:56:35.435] [INFO] 초기 위치 정보 전송됨 - 클라이언트 ID: 3, 위치: X=-300.000000, Y=0.000000, Z=90.000000
[20:56:35.436] [INFO] 새 플레이어 정보(ID: 3) 브로드캐스트 - 수신자 수: 1
[20:56:35.436] [INFO] 기존 플레이어 정보 1개가 새 클라이언트(ID: 3)에게 전송됨
[20:56:35.436] [WARNING] 비정상적으로 긴 델타 타임: 29.141001초
[20:56:35.436] [INFO] 위치 업데이트 - 클라이언트 ID: 2, 위치: X=300.000000, Y=0.000000, Z=90.000000, 속도: X=0.000000, Y=0.000000, Z=0.000000
[20:56:35.436] [INFO] [서버] BroadcastPosition 준비 완료 - ClientId: 2, distMoved: 0.000000, State: 0, TimeSinceLastUpdate: 3.595703
[20:56:35.436] [INFO] [서버] BroadcastPosition 호출 - ClientId: 2, Position: (300.000000, 0.000000, 90.000000)
[20:56:35.437] [INFO] [서버] PositionUpdatePacket 전송 - From ClientId: 2 To ClientId: 3
[20:56:35.437] [INFO] 위치 업데이트 - 클라이언트 ID: 3, 위치: X=-300.000000, Y=0.000000, Z=90.000000, 속도: X=0.000000, Y=0.000000, Z=0.000000
[20:56:35.437] [INFO] 서버 FPS: 0.278319, 평균 프레임 시간: 3204.739990ms, 클라이언트 수: 2
[20:56:47.409] [INFO] 클라이언트 연결됨: 127.0.0.1:11445 (ID: 4)
[20:56:47.409] [INFO] 새 클라이언트에게 ID 4 전송됨
[20:56:47.410] [INFO] 초기 위치 정보 전송됨 - 클라이언트 ID: 4, 위치: X=0.000000, Y=300.000000, Z=90.000000
[20:56:47.410] [INFO] 새 플레이어 정보(ID: 4) 브로드캐스트 - 수신자 수: 2
[20:56:47.410] [INFO] 기존 플레이어 정보 2개가 새 클라이언트(ID: 4)에게 전송됨
[20:56:47.410] [WARNING] 비정상적으로 긴 델타 타임: 3.593000초
[20:56:47.411] [WARNING] 클라이언트 Ping 타임아웃 발생 - ID: 2
[20:56:47.411] [WARNING] 클라이언트 Ping 타임아웃 발생 - ID: 3
[20:56:47.411] [INFO] 위치 업데이트 - 클라이언트 ID: 4, 위치: X=0.000000, Y=300.000000, Z=90.000000, 속도: X=0.000000, Y=0.000000, Z=0.000000
[20:56:47.411] [INFO] 클라이언트 연결 끊김 (ID: 2)
[20:56:47.411] [INFO] 클라이언트가 정상적으로 연결 종료함 - ID: 2
[20:56:47.412] [INFO] 클라이언트 연결 끊김 알림(ID: 2) - 수신자 수: 2
[20:56:47.412] [INFO] 클라이언트 연결 끊김 (ID: 3)
[20:56:47.412] [INFO] 클라이언트가 정상적으로 연결 종료함 - ID: 3
[20:56:47.412] [INFO] 클라이언트 연결 끊김 알림(ID: 3) - 수신자 수: 1
[20:56:47.412] [WARNING] 존재하지 않는 클라이언트 ID를 제거하려고 시도: 2
[20:56:47.412] [WARNING] 존재하지 않는 클라이언트 ID를 제거하려고 시도: 3
[20:56:47.413] [INFO] 서버 FPS: 0.083549, 평균 프레임 시간: 4081.166016ms, 클라이언트 수: 1
[20:57:02.652] [INFO] 클라이언트 연결됨: 127.0.0.1:11446 (ID: 5)
[20:57:02.653] [INFO] 새 클라이언트에게 ID 5 전송됨
[20:57:02.653] [INFO] 초기 위치 정보 전송됨 - 클라이언트 ID: 5, 위치: X=0.000000, Y=-300.000000, Z=90.000000
[20:57:02.653] [INFO] 새 플레이어 정보(ID: 5) 브로드캐스트 - 수신자 수: 1
[20:57:02.653] [INFO] 기존 플레이어 정보 1개가 새 클라이언트(ID: 5)에게 전송됨
[20:57:02.654] [WARNING] 비정상적으로 긴 델타 타임: 11.969000초
[20:57:02.654] [WARNING] 클라이언트 Ping 타임아웃 발생 - ID: 4
[20:57:02.654] [INFO] 위치 업데이트 - 클라이언트 ID: 5, 위치: X=0.000000, Y=-300.000000, Z=90.000000, 속도: X=0.000000, Y=0.000000, Z=0.000000
[20:57:02.654] [INFO] 클라이언트 연결 끊김 (ID: 4)
[20:57:02.654] [INFO] 클라이언트가 정상적으로 연결 종료함 - ID: 4
[20:57:02.654] [INFO] 클라이언트 연결 끊김 알림(ID: 4) - 수신자 수: 1
[20:57:02.655] [WARNING] 존재하지 않는 클라이언트 ID를 제거하려고 시도: 4
[20:57:02.655] [INFO] 서버 FPS: 0.065574, 평균 프레임 시간: 5198.049316ms, 클라이언트 수: 1
