[11:06:43.131] [INFO] 로깅 시스템 초기화됨
[11:06:43.131] [INFO] 서버 인스턴스 생성됨
[11:06:43.131] [INFO] 서버 초기화 시작 (포트: 9000)
[11:06:43.132] [INFO] 윈속 초기화 성공
[11:06:43.133] [INFO] 리스닝 소켓 생성 성공
[11:06:43.133] [INFO] 소켓 바인딩 성공 (포트: 9000)
[11:06:43.133] [INFO] 리스닝 시작됨
[11:06:43.133] [INFO] IOCP 생성 성공
[11:06:43.134] [INFO] CPU 코어 수: 16, 생성할 작업자 스레드: 16
[11:06:43.134] [INFO] 작업자 스레드 #1 생성됨
[11:06:43.134] [INFO] 작업자 스레드 시작 (ThreadID: 22328)
[11:06:43.134] [INFO] 작업자 스레드 #2 생성됨
[11:06:43.134] [INFO] 작업자 스레드 시작 (ThreadID: 29940)
[11:06:43.135] [INFO] 작업자 스레드 #3 생성됨
[11:06:43.135] [INFO] 작업자 스레드 시작 (ThreadID: 24964)
[11:06:43.135] [INFO] 작업자 스레드 #4 생성됨
[11:06:43.135] [INFO] 작업자 스레드 시작 (ThreadID: 2100)
[11:06:43.135] [INFO] 작업자 스레드 #5 생성됨
[11:06:43.135] [INFO] 작업자 스레드 시작 (ThreadID: 28164)
[11:06:43.135] [INFO] 작업자 스레드 #6 생성됨
[11:06:43.135] [INFO] 작업자 스레드 시작 (ThreadID: 27956)
[11:06:43.136] [INFO] 작업자 스레드 #7 생성됨
[11:06:43.136] [INFO] 작업자 스레드 시작 (ThreadID: 28740)
[11:06:43.136] [INFO] 작업자 스레드 #8 생성됨
[11:06:43.136] [INFO] 작업자 스레드 시작 (ThreadID: 17516)
[11:06:43.136] [INFO] 작업자 스레드 #9 생성됨
[11:06:43.136] [INFO] 작업자 스레드 시작 (ThreadID: 26788)
[11:06:43.137] [INFO] 작업자 스레드 #10 생성됨
[11:06:43.137] [INFO] 작업자 스레드 시작 (ThreadID: 30192)
[11:06:43.137] [INFO] 작업자 스레드 #11 생성됨
[11:06:43.137] [INFO] 작업자 스레드 시작 (ThreadID: 23736)
[11:06:43.137] [INFO] 작업자 스레드 #12 생성됨
[11:06:43.138] [INFO] 작업자 스레드 시작 (ThreadID: 31020)
[11:06:43.138] [INFO] 작업자 스레드 #13 생성됨
[11:06:43.138] [INFO] 작업자 스레드 시작 (ThreadID: 26360)
[11:06:43.138] [INFO] 작업자 스레드 #14 생성됨
[11:06:43.138] [INFO] 작업자 스레드 시작 (ThreadID: 33588)
[11:06:43.138] [INFO] 작업자 스레드 #15 생성됨
[11:06:43.139] [INFO] 작업자 스레드 시작 (ThreadID: 16428)
[11:06:43.139] [INFO] 작업자 스레드 #16 생성됨
[11:06:43.139] [INFO] 서버 초기화 완료
[11:06:43.139] [INFO] 서버 실행. 포트 번호: 9000
[11:06:43.139] [INFO] IOCP 멀티플레이어 서버 시작됨...
[11:06:43.139] [INFO] 서버 실행 시작
[11:06:43.139] [INFO] 작업자 스레드 시작 (ThreadID: 32312)
[11:06:43.139] [INFO] listenSocket 논블로킹 설정 성공
[11:06:44.150] [INFO] 서버 FPS: 33.464565, 평균 프레임 시간: 0.000000ms, 클라이언트 수: 0
[11:06:45.159] [INFO] 서버 FPS: 33.497536, 평균 프레임 시간: 0.000000ms, 클라이언트 수: 0
[11:06:46.203] [INFO] 서버 FPS: 32.977692, 평균 프레임 시간: 0.000000ms, 클라이언트 수: 0
[11:06:47.230] [INFO] 서버 FPS: 32.945736, 평균 프레임 시간: 0.000000ms, 클라이언트 수: 0
[11:06:48.193] [INFO] 새 클라이언트에게 ID 1 전송됨
[11:06:48.193] [INFO] 새 플레이어 정보(ID: 1) 브로드캐스트 - 수신자 수: 0
[11:06:48.193] [INFO] 기존 플레이어 정보 0개가 새 클라이언트(ID: 1)에게 전송됨
[11:06:48.254] [INFO] 서버 FPS: 32.977692, 평균 프레임 시간: 0.000000ms, 클라이언트 수: 1
[11:06:49.276] [INFO] 서버 FPS: 33.464565, 평균 프레임 시간: 0.000000ms, 클라이언트 수: 1
[11:06:49.286] [INFO] [Packet] Pong 전송 - ClientId: 1
[11:06:50.298] [INFO] 서버 FPS: 32.977692, 평균 프레임 시간: 0.000000ms, 클라이언트 수: 1
[11:06:50.308] [INFO] [Packet] Pong 전송 - ClientId: 1
[11:06:51.293] [INFO] [Packet] Pong 전송 - ClientId: 1
[11:06:51.335] [INFO] 서버 FPS: 32.977692, 평균 프레임 시간: 0.000000ms, 클라이언트 수: 1
[11:06:52.271] [INFO] [Packet] Pong 전송 - ClientId: 1
[11:06:52.355] [INFO] 서버 FPS: 32.480316, 평균 프레임 시간: 0.000000ms, 클라이언트 수: 1
[11:06:53.126] [INFO] 클라이언트가 정상적으로 연결 종료함 - ID: 1
[11:06:53.127] [INFO] 클라이언트 연결 끊김 (ID: 1)
[11:06:53.127] [INFO] 클라이언트 연결 끊김 알림(ID: 1) - 수신자 수: 0
[11:06:53.372] [INFO] 서버 FPS: 33.497536, 평균 프레임 시간: 0.000000ms, 클라이언트 수: 0
[11:06:54.383] [INFO] 서버 FPS: 32.480316, 평균 프레임 시간: 0.000000ms, 클라이언트 수: 0
[11:06:55.410] [INFO] 서버 FPS: 32.977692, 평균 프레임 시간: 0.000000ms, 클라이언트 수: 0
[11:06:56.438] [INFO] 서버 FPS: 34.448818, 평균 프레임 시간: 0.000000ms, 클라이언트 수: 0
[11:06:57.448] [INFO] 서버 FPS: 33.497536, 평균 프레임 시간: 0.000000ms, 클라이언트 수: 0
[11:06:58.472] [INFO] 서버 FPS: 33.914730, 평균 프레임 시간: 0.000000ms, 클라이언트 수: 0
[11:06:59.500] [INFO] 서버 FPS: 34.482758, 평균 프레임 시간: 0.000000ms, 클라이언트 수: 0
[11:07:00.511] [INFO] 서버 FPS: 34.448818, 평균 프레임 시간: 0.000000ms, 클라이언트 수: 0
[11:07:01.540] [INFO] 서버 FPS: 33.947624, 평균 프레임 시간: 0.000000ms, 클라이언트 수: 0
[11:07:02.579] [INFO] 서버 FPS: 32.977692, 평균 프레임 시간: 0.000000ms, 클라이언트 수: 0
[11:07:03.592] [INFO] 서버 FPS: 33.464565, 평균 프레임 시간: 0.000000ms, 클라이언트 수: 0
[11:07:04.617] [INFO] 서버 FPS: 32.977692, 평균 프레임 시간: 0.000000ms, 클라이언트 수: 0
[11:07:05.640] [INFO] 서버 FPS: 33.464565, 평균 프레임 시간: 0.000000ms, 클라이언트 수: 0
[11:07:06.663] [INFO] 서버 FPS: 32.007759, 평균 프레임 시간: 0.000000ms, 클라이언트 수: 0
[11:07:07.700] [INFO] 서버 FPS: 33.947624, 평균 프레임 시간: 0.000000ms, 클라이언트 수: 0
[11:07:08.721] [INFO] 서버 FPS: 31.976744, 평균 프레임 시간: 0.000000ms, 클라이언트 수: 0
[11:07:09.738] [INFO] 서버 FPS: 32.512314, 평균 프레임 시간: 0.000000ms, 클라이언트 수: 0
[11:07:10.778] [INFO] 서버 FPS: 32.945736, 평균 프레임 시간: 0.000000ms, 클라이언트 수: 0
[11:07:11.801] [INFO] 서버 FPS: 32.007759, 평균 프레임 시간: 0.000000ms, 클라이언트 수: 0
[11:07:12.838] [INFO] 서버 FPS: 32.977692, 평균 프레임 시간: 0.000000ms, 클라이언트 수: 0
[11:07:13.864] [INFO] 서버 FPS: 32.977692, 평균 프레임 시간: 0.000000ms, 클라이언트 수: 0
[11:07:14.887] [INFO] 서버 FPS: 33.464565, 평균 프레임 시간: 0.000000ms, 클라이언트 수: 0
[11:07:15.912] [INFO] 서버 FPS: 32.977692, 평균 프레임 시간: 0.000000ms, 클라이언트 수: 0
[11:07:16.936] [INFO] 서버 FPS: 33.464565, 평균 프레임 시간: 0.000000ms, 클라이언트 수: 0
[11:07:17.946] [INFO] 서버 FPS: 33.497536, 평균 프레임 시간: 0.000000ms, 클라이언트 수: 0
[11:07:18.972] [INFO] 서버 FPS: 32.945736, 평균 프레임 시간: 0.000000ms, 클라이언트 수: 0
[11:07:20.011] [INFO] 서버 FPS: 33.947624, 평균 프레임 시간: 0.000000ms, 클라이언트 수: 0
[11:07:21.017] [INFO] 서버 FPS: 32.480316, 평균 프레임 시간: 0.000000ms, 클라이언트 수: 0
[11:07:22.037] [INFO] 서버 FPS: 32.512314, 평균 프레임 시간: 0.000000ms, 클라이언트 수: 0
[11:07:23.074] [INFO] 서버 FPS: 32.977692, 평균 프레임 시간: 0.000000ms, 클라이언트 수: 0
[11:07:24.086] [INFO] 서버 FPS: 34.448818, 평균 프레임 시간: 0.000000ms, 클라이언트 수: 0
[11:07:25.114] [INFO] 서버 FPS: 32.977692, 평균 프레임 시간: 0.000000ms, 클라이언트 수: 0
[11:07:26.143] [INFO] 서버 FPS: 31.976744, 평균 프레임 시간: 0.000000ms, 클라이언트 수: 0
[11:07:27.184] [INFO] 서버 FPS: 33.947624, 평균 프레임 시간: 0.000000ms, 클라이언트 수: 0
[11:07:28.192] [INFO] 서버 FPS: 32.512314, 평균 프레임 시간: 0.000000ms, 클라이언트 수: 0
[11:07:29.218] [INFO] 서버 FPS: 34.448818, 평균 프레임 시간: 0.000000ms, 클라이언트 수: 0
[11:07:30.247] [INFO] 서버 FPS: 32.977692, 평균 프레임 시간: 0.000000ms, 클라이언트 수: 0
[11:07:31.256] [INFO] 서버 FPS: 32.480316, 평균 프레임 시간: 0.000000ms, 클라이언트 수: 0
[11:07:32.286] [INFO] 서버 FPS: 32.007759, 평균 프레임 시간: 0.000000ms, 클라이언트 수: 0
[11:07:33.310] [INFO] 서버 FPS: 34.448818, 평균 프레임 시간: 0.000000ms, 클라이언트 수: 0
[11:07:34.316] [INFO] 서버 FPS: 33.497536, 평균 프레임 시간: 0.000000ms, 클라이언트 수: 0
[11:07:35.339] [INFO] 서버 FPS: 32.480316, 평균 프레임 시간: 0.000000ms, 클라이언트 수: 0
[11:07:36.373] [INFO] 서버 FPS: 32.977692, 평균 프레임 시간: 0.000000ms, 클라이언트 수: 0
[11:07:37.385] [INFO] 서버 FPS: 33.464565, 평균 프레임 시간: 0.000000ms, 클라이언트 수: 0
[11:07:38.397] [INFO] 서버 FPS: 34.448818, 평균 프레임 시간: 0.000000ms, 클라이언트 수: 0
[11:07:39.426] [INFO] 서버 FPS: 33.947624, 평균 프레임 시간: 0.000000ms, 클라이언트 수: 0
[11:07:40.469] [INFO] 서버 FPS: 33.947624, 평균 프레임 시간: 0.000000ms, 클라이언트 수: 0
[11:07:41.498] [INFO] 서버 FPS: 32.977692, 평균 프레임 시간: 0.000000ms, 클라이언트 수: 0
[11:07:42.522] [INFO] 서버 FPS: 32.945736, 평균 프레임 시간: 0.000000ms, 클라이언트 수: 0
[11:07:43.558] [INFO] 서버 FPS: 33.947624, 평균 프레임 시간: 0.000000ms, 클라이언트 수: 0
[11:07:44.580] [INFO] 서버 FPS: 32.977692, 평균 프레임 시간: 0.000000ms, 클라이언트 수: 0
[11:07:45.599] [INFO] 서버 FPS: 33.464565, 평균 프레임 시간: 0.000000ms, 클라이언트 수: 0
[11:07:46.613] [INFO] 서버 FPS: 33.497536, 평균 프레임 시간: 0.000000ms, 클라이언트 수: 0
[11:07:47.647] [INFO] 서버 FPS: 33.914730, 평균 프레임 시간: 0.000000ms, 클라이언트 수: 0
[11:07:48.686] [INFO] 서버 FPS: 32.977692, 평균 프레임 시간: 0.000000ms, 클라이언트 수: 0
[11:07:49.707] [INFO] 서버 FPS: 32.007759, 평균 프레임 시간: 0.000000ms, 클라이언트 수: 0
[11:07:50.728] [INFO] 서버 FPS: 32.480316, 평균 프레임 시간: 0.000000ms, 클라이언트 수: 0
[11:07:51.739] [INFO] 서버 FPS: 33.497536, 평균 프레임 시간: 0.000000ms, 클라이언트 수: 0
[11:07:52.763] [INFO] 서버 FPS: 33.464565, 평균 프레임 시간: 0.000000ms, 클라이언트 수: 0
[11:07:53.790] [INFO] 서버 FPS: 32.007759, 평균 프레임 시간: 0.000000ms, 클라이언트 수: 0
[11:07:54.825] [INFO] 서버 FPS: 32.977692, 평균 프레임 시간: 0.000000ms, 클라이언트 수: 0
[11:07:55.847] [INFO] 서버 FPS: 32.945736, 평균 프레임 시간: 0.000000ms, 클라이언트 수: 0
[11:07:56.868] [INFO] 서버 FPS: 32.512314, 평균 프레임 시간: 0.000000ms, 클라이언트 수: 0
[11:07:57.894] [INFO] 서버 FPS: 32.945736, 평균 프레임 시간: 0.000000ms, 클라이언트 수: 0
[11:07:58.917] [INFO] 서버 FPS: 33.497536, 평균 프레임 시간: 0.000000ms, 클라이언트 수: 0
[11:07:59.614] [INFO] 새 클라이언트에게 ID 2 전송됨
[11:07:59.615] [INFO] 새 플레이어 정보(ID: 2) 브로드캐스트 - 수신자 수: 0
[11:07:59.615] [INFO] 기존 플레이어 정보 0개가 새 클라이언트(ID: 2)에게 전송됨
[11:07:59.924] [INFO] 서버 FPS: 32.480316, 평균 프레임 시간: 0.000000ms, 클라이언트 수: 1
[11:08:00.719] [INFO] [Packet] Pong 전송 - ClientId: 2
[11:08:00.951] [INFO] 서버 FPS: 33.497536, 평균 프레임 시간: 0.000000ms, 클라이언트 수: 1
[11:08:01.685] [INFO] [Packet] Pong 전송 - ClientId: 2
[11:08:01.969] [INFO] 서버 FPS: 32.480316, 평균 프레임 시간: 0.000000ms, 클라이언트 수: 1
[11:08:02.729] [INFO] [Packet] Pong 전송 - ClientId: 2
[11:08:02.978] [INFO] 서버 FPS: 32.480316, 평균 프레임 시간: 0.000000ms, 클라이언트 수: 1
[11:08:03.719] [INFO] [Packet] Pong 전송 - ClientId: 2
[11:08:03.986] [INFO] 서버 FPS: 32.512314, 평균 프레임 시간: 0.000000ms, 클라이언트 수: 1
[11:08:04.695] [INFO] [Packet] Pong 전송 - ClientId: 2
[11:08:05.009] [INFO] 서버 FPS: 32.480316, 평균 프레임 시간: 0.000000ms, 클라이언트 수: 1
[11:08:05.286] [INFO] 클라이언트가 정상적으로 연결 종료함 - ID: 2
[11:08:05.286] [INFO] 클라이언트 연결 끊김 (ID: 2)
[11:08:05.287] [INFO] 클라이언트 연결 끊김 알림(ID: 2) - 수신자 수: 0
[11:08:06.019] [INFO] 서버 FPS: 32.480316, 평균 프레임 시간: 0.000000ms, 클라이언트 수: 0
[11:08:07.045] [INFO] 서버 FPS: 34.482758, 평균 프레임 시간: 0.000000ms, 클라이언트 수: 0
[11:08:08.072] [INFO] 서버 FPS: 33.947624, 평균 프레임 시간: 0.000000ms, 클라이언트 수: 0
[11:08:09.083] [INFO] 서버 FPS: 33.464565, 평균 프레임 시간: 0.000000ms, 클라이언트 수: 0
[11:08:10.118] [INFO] 서버 FPS: 32.977692, 평균 프레임 시간: 0.000000ms, 클라이언트 수: 0
[11:08:11.156] [INFO] 서버 FPS: 32.945736, 평균 프레임 시간: 0.000000ms, 클라이언트 수: 0
[11:08:12.164] [INFO] 서버 FPS: 33.497536, 평균 프레임 시간: 0.000000ms, 클라이언트 수: 0
[11:08:13.200] [INFO] 서버 FPS: 32.977692, 평균 프레임 시간: 0.000000ms, 클라이언트 수: 0
[11:08:14.226] [INFO] 서버 FPS: 31.976744, 평균 프레임 시간: 0.000000ms, 클라이언트 수: 0
[11:08:15.238] [INFO] 서버 FPS: 32.512314, 평균 프레임 시간: 0.000000ms, 클라이언트 수: 0
[11:08:16.280] [INFO] 서버 FPS: 32.945736, 평균 프레임 시간: 0.000000ms, 클라이언트 수: 0
[11:08:17.304] [INFO] 서버 FPS: 32.977692, 평균 프레임 시간: 0.000000ms, 클라이언트 수: 0
[11:08:18.341] [INFO] 서버 FPS: 32.977692, 평균 프레임 시간: 0.000000ms, 클라이언트 수: 0
[11:08:19.346] [INFO] 서버 FPS: 32.480316, 평균 프레임 시간: 0.000000ms, 클라이언트 수: 0
[11:08:20.370] [INFO] 서버 FPS: 33.497536, 평균 프레임 시간: 0.000000ms, 클라이언트 수: 0
[11:08:21.383] [INFO] 서버 FPS: 33.464565, 평균 프레임 시간: 0.000000ms, 클라이언트 수: 0
[11:08:22.400] [INFO] 서버 FPS: 32.480316, 평균 프레임 시간: 0.000000ms, 클라이언트 수: 0
[11:08:23.412] [INFO] 서버 FPS: 33.497536, 평균 프레임 시간: 0.000000ms, 클라이언트 수: 0
[11:08:24.441] [INFO] 서버 FPS: 32.977692, 평균 프레임 시간: 0.000000ms, 클라이언트 수: 0
[11:08:25.485] [INFO] 서버 FPS: 32.945736, 평균 프레임 시간: 0.000000ms, 클라이언트 수: 0
[11:08:26.488] [INFO] 서버 FPS: 31.527094, 평균 프레임 시간: 0.000000ms, 클라이언트 수: 0
[11:08:27.517] [INFO] 서버 FPS: 32.945736, 평균 프레임 시간: 0.000000ms, 클라이언트 수: 0
[11:08:28.553] [INFO] 서버 FPS: 32.977692, 평균 프레임 시간: 0.000000ms, 클라이언트 수: 0
[11:08:29.571] [INFO] 서버 FPS: 33.497536, 평균 프레임 시간: 0.000000ms, 클라이언트 수: 0
[11:08:30.607] [INFO] 서버 FPS: 32.945736, 평균 프레임 시간: 0.000000ms, 클라이언트 수: 0
[11:08:31.619] [INFO] 서버 FPS: 33.497536, 평균 프레임 시간: 0.000000ms, 클라이언트 수: 0
[11:08:32.640] [INFO] 서버 FPS: 33.464565, 평균 프레임 시간: 0.000000ms, 클라이언트 수: 0
[11:08:33.644] [INFO] 서버 FPS: 33.464565, 평균 프레임 시간: 0.000000ms, 클라이언트 수: 0
[11:08:34.685] [INFO] 서버 FPS: 33.947624, 평균 프레임 시간: 0.000000ms, 클라이언트 수: 0
[11:08:35.707] [INFO] 서버 FPS: 32.007759, 평균 프레임 시간: 0.000000ms, 클라이언트 수: 0
[11:08:36.729] [INFO] 서버 FPS: 32.480316, 평균 프레임 시간: 0.000000ms, 클라이언트 수: 0
[11:08:37.736] [INFO] 서버 FPS: 32.512314, 평균 프레임 시간: 0.000000ms, 클라이언트 수: 0
[11:08:38.757] [INFO] 서버 FPS: 33.464565, 평균 프레임 시간: 0.000000ms, 클라이언트 수: 0
[11:08:39.780] [INFO] 서버 FPS: 32.480316, 평균 프레임 시간: 0.000000ms, 클라이언트 수: 0
[11:08:40.801] [INFO] 서버 FPS: 32.007759, 평균 프레임 시간: 0.000000ms, 클라이언트 수: 0
[11:08:41.823] [INFO] 서버 FPS: 32.512314, 평균 프레임 시간: 0.000000ms, 클라이언트 수: 0
[11:08:42.847] [INFO] 서버 FPS: 33.914730, 평균 프레임 시간: 0.000000ms, 클라이언트 수: 0
[11:08:43.888] [INFO] 서버 FPS: 33.947624, 평균 프레임 시간: 0.000000ms, 클라이언트 수: 0
[11:08:44.895] [INFO] 서버 FPS: 32.480316, 평균 프레임 시간: 0.000000ms, 클라이언트 수: 0
[11:08:45.919] [INFO] 서버 FPS: 33.497536, 평균 프레임 시간: 0.000000ms, 클라이언트 수: 0
[11:08:46.938] [INFO] 서버 FPS: 32.480316, 평균 프레임 시간: 0.000000ms, 클라이언트 수: 0
[11:08:47.947] [INFO] 서버 FPS: 32.512314, 평균 프레임 시간: 0.000000ms, 클라이언트 수: 0
[11:08:48.974] [INFO] 서버 FPS: 32.945736, 평균 프레임 시간: 0.000000ms, 클라이언트 수: 0
[11:08:49.999] [INFO] 서버 FPS: 33.497536, 평균 프레임 시간: 0.000000ms, 클라이언트 수: 0
[11:08:51.025] [INFO] 서버 FPS: 33.914730, 평균 프레임 시간: 0.000000ms, 클라이언트 수: 0
[11:08:52.048] [INFO] 서버 FPS: 32.977692, 평균 프레임 시간: 0.000000ms, 클라이언트 수: 0
[11:08:53.069] [INFO] 서버 FPS: 33.497536, 평균 프레임 시간: 0.000000ms, 클라이언트 수: 0
[11:08:54.108] [INFO] 서버 FPS: 32.945736, 평균 프레임 시간: 0.000000ms, 클라이언트 수: 0
[11:08:55.132] [INFO] 서버 FPS: 32.977692, 평균 프레임 시간: 0.000000ms, 클라이언트 수: 0
[11:08:56.168] [INFO] 서버 FPS: 33.947624, 평균 프레임 시간: 0.000000ms, 클라이언트 수: 0
[11:08:57.177] [INFO] 서버 FPS: 33.464565, 평균 프레임 시간: 0.000000ms, 클라이언트 수: 0
[11:08:58.213] [INFO] 서버 FPS: 32.977692, 평균 프레임 시간: 0.000000ms, 클라이언트 수: 0
[11:08:59.249] [INFO] 서버 FPS: 32.977692, 평균 프레임 시간: 0.000000ms, 클라이언트 수: 0
[11:09:00.269] [INFO] 서버 FPS: 32.945736, 평균 프레임 시간: 0.000000ms, 클라이언트 수: 0
[11:09:01.294] [INFO] 서버 FPS: 33.497536, 평균 프레임 시간: 0.000000ms, 클라이언트 수: 0
[11:09:02.298] [INFO] 서버 FPS: 32.480316, 평균 프레임 시간: 0.000000ms, 클라이언트 수: 0
[11:09:03.336] [INFO] 서버 FPS: 33.947624, 평균 프레임 시간: 0.000000ms, 클라이언트 수: 0
[11:09:04.357] [INFO] 서버 FPS: 32.480316, 평균 프레임 시간: 0.000000ms, 클라이언트 수: 0
[11:09:05.366] [INFO] 서버 FPS: 32.512314, 평균 프레임 시간: 0.000000ms, 클라이언트 수: 0
[11:09:06.395] [INFO] 서버 FPS: 32.945736, 평균 프레임 시간: 0.000000ms, 클라이언트 수: 0
[11:09:07.417] [INFO] 서버 FPS: 33.497536, 평균 프레임 시간: 0.000000ms, 클라이언트 수: 0
[11:09:08.444] [INFO] 서버 FPS: 33.947624, 평균 프레임 시간: 0.000000ms, 클라이언트 수: 0
[11:09:09.482] [INFO] 서버 FPS: 32.945736, 평균 프레임 시간: 0.000000ms, 클라이언트 수: 0
[11:09:10.493] [INFO] 서버 FPS: 35.467979, 평균 프레임 시간: 0.000000ms, 클라이언트 수: 0
[11:09:11.507] [INFO] 서버 FPS: 32.480316, 평균 프레임 시간: 0.000000ms, 클라이언트 수: 0
[11:09:12.536] [INFO] 서버 FPS: 33.947624, 평균 프레임 시간: 0.000000ms, 클라이언트 수: 0
[11:09:13.564] [INFO] 서버 FPS: 33.947624, 평균 프레임 시간: 0.000000ms, 클라이언트 수: 0
[11:09:14.591] [INFO] 서버 FPS: 33.464565, 평균 프레임 시간: 0.000000ms, 클라이언트 수: 0
[11:09:15.620] [INFO] 서버 FPS: 32.977692, 평균 프레임 시간: 0.000000ms, 클라이언트 수: 0
[11:09:16.632] [INFO] 서버 FPS: 33.464565, 평균 프레임 시간: 0.000000ms, 클라이언트 수: 0
[11:09:17.643] [INFO] 서버 FPS: 32.480316, 평균 프레임 시간: 0.000000ms, 클라이언트 수: 0
[11:09:18.684] [INFO] 서버 FPS: 33.947624, 평균 프레임 시간: 0.000000ms, 클라이언트 수: 0
[11:09:19.697] [INFO] 서버 FPS: 33.497536, 평균 프레임 시간: 0.000000ms, 클라이언트 수: 0
[11:09:20.722] [INFO] 서버 FPS: 31.976744, 평균 프레임 시간: 0.000000ms, 클라이언트 수: 0
[11:09:21.766] [INFO] 서버 FPS: 33.947624, 평균 프레임 시간: 0.000000ms, 클라이언트 수: 0
[11:09:22.794] [INFO] 서버 FPS: 33.947624, 평균 프레임 시간: 0.000000ms, 클라이언트 수: 0
[11:09:23.820] [INFO] 서버 FPS: 32.977692, 평균 프레임 시간: 0.000000ms, 클라이언트 수: 0
[11:09:24.845] [INFO] 서버 FPS: 32.945736, 평균 프레임 시간: 0.000000ms, 클라이언트 수: 0
[11:09:25.883] [INFO] 서버 FPS: 32.977692, 평균 프레임 시간: 0.000000ms, 클라이언트 수: 0
[11:09:26.921] [INFO] 서버 FPS: 32.977692, 평균 프레임 시간: 0.000000ms, 클라이언트 수: 0
[11:09:27.943] [INFO] 서버 FPS: 32.007759, 평균 프레임 시간: 0.000000ms, 클라이언트 수: 0
[11:09:28.965] [INFO] 서버 FPS: 32.480316, 평균 프레임 시간: 0.000000ms, 클라이언트 수: 0
[11:09:29.975] [INFO] 서버 FPS: 34.448818, 평균 프레임 시간: 0.000000ms, 클라이언트 수: 0
[11:09:31.011] [INFO] 서버 FPS: 33.947624, 평균 프레임 시간: 0.000000ms, 클라이언트 수: 0
[11:09:32.020] [INFO] 서버 FPS: 32.480316, 평균 프레임 시간: 0.000000ms, 클라이언트 수: 0
[11:09:33.055] [INFO] 서버 FPS: 32.977692, 평균 프레임 시간: 0.000000ms, 클라이언트 수: 0
[11:09:34.075] [INFO] 서버 FPS: 32.512314, 평균 프레임 시간: 0.000000ms, 클라이언트 수: 0
[11:09:35.086] [INFO] 서버 FPS: 32.480316, 평균 프레임 시간: 0.000000ms, 클라이언트 수: 0
[11:09:36.110] [INFO] 서버 FPS: 33.464565, 평균 프레임 시간: 0.000000ms, 클라이언트 수: 0
[11:09:37.135] [INFO] 서버 FPS: 32.977692, 평균 프레임 시간: 0.000000ms, 클라이언트 수: 0
[11:09:38.161] [INFO] 서버 FPS: 32.007759, 평균 프레임 시간: 0.000000ms, 클라이언트 수: 0
[11:09:39.201] [INFO] 서버 FPS: 32.977692, 평균 프레임 시간: 0.000000ms, 클라이언트 수: 0
[11:09:40.212] [INFO] 서버 FPS: 33.464565, 평균 프레임 시간: 0.000000ms, 클라이언트 수: 0
[11:09:41.236] [INFO] 서버 FPS: 32.977692, 평균 프레임 시간: 0.000000ms, 클라이언트 수: 0
[11:09:42.272] [INFO] 서버 FPS: 32.945736, 평균 프레임 시간: 0.000000ms, 클라이언트 수: 0
[11:09:43.293] [INFO] 서버 FPS: 32.512314, 평균 프레임 시간: 0.000000ms, 클라이언트 수: 0
[11:09:44.317] [INFO] 서버 FPS: 32.977692, 평균 프레임 시간: 0.000000ms, 클라이언트 수: 0
[11:09:44.905] [INFO] 새 클라이언트에게 ID 3 전송됨
[11:09:44.905] [INFO] 새 플레이어 정보(ID: 3) 브로드캐스트 - 수신자 수: 0
[11:09:44.905] [INFO] 기존 플레이어 정보 0개가 새 클라이언트(ID: 3)에게 전송됨
[11:09:45.106] [INFO] 새 클라이언트에게 ID 4 전송됨
[11:09:45.107] [INFO] 새 플레이어 정보(ID: 4) 브로드캐스트 - 수신자 수: 1
[11:09:45.107] [INFO] 기존 플레이어 정보 1개가 새 클라이언트(ID: 4)에게 전송됨
[11:09:45.137] [INFO] [서버] PositionUpdatePacket 전송 - From ClientId: 3 To ClientId: 4
[11:09:45.230] [INFO] [서버] PositionUpdatePacket 전송 - From ClientId: 4 To ClientId: 3
[11:09:45.261] [INFO] [서버] PositionUpdatePacket 전송 - From ClientId: 3 To ClientId: 4
[11:09:45.354] [INFO] 서버 FPS: 32.945736, 평균 프레임 시간: 0.000000ms, 클라이언트 수: 2
[11:09:45.355] [INFO] [서버] PositionUpdatePacket 전송 - From ClientId: 4 To ClientId: 3
[11:09:45.385] [INFO] [서버] PositionUpdatePacket 전송 - From ClientId: 3 To ClientId: 4
[11:09:45.478] [INFO] [서버] PositionUpdatePacket 전송 - From ClientId: 4 To ClientId: 3
[11:09:45.509] [INFO] [서버] PositionUpdatePacket 전송 - From ClientId: 3 To ClientId: 4
[11:09:45.602] [INFO] [서버] PositionUpdatePacket 전송 - From ClientId: 4 To ClientId: 3
[11:09:45.633] [INFO] [서버] PositionUpdatePacket 전송 - From ClientId: 3 To ClientId: 4
[11:09:45.726] [INFO] [서버] PositionUpdatePacket 전송 - From ClientId: 4 To ClientId: 3
[11:09:45.758] [INFO] [서버] PositionUpdatePacket 전송 - From ClientId: 3 To ClientId: 4
[11:09:45.851] [INFO] [서버] PositionUpdatePacket 전송 - From ClientId: 4 To ClientId: 3
[11:09:45.882] [INFO] [서버] PositionUpdatePacket 전송 - From ClientId: 3 To ClientId: 4
[11:09:45.974] [INFO] [서버] PositionUpdatePacket 전송 - From ClientId: 4 To ClientId: 3
[11:09:46.006] [INFO] [서버] PositionUpdatePacket 전송 - From ClientId: 3 To ClientId: 4
[11:09:46.097] [INFO] [서버] PositionUpdatePacket 전송 - From ClientId: 4 To ClientId: 3
[11:09:46.128] [INFO] [서버] PositionUpdatePacket 전송 - From ClientId: 3 To ClientId: 4
[11:09:46.220] [INFO] [서버] PositionUpdatePacket 전송 - From ClientId: 4 To ClientId: 3
[11:09:46.251] [INFO] [서버] PositionUpdatePacket 전송 - From ClientId: 3 To ClientId: 4
[11:09:46.343] [INFO] [서버] PositionUpdatePacket 전송 - From ClientId: 4 To ClientId: 3
[11:09:46.374] [INFO] 서버 FPS: 33.497536, 평균 프레임 시간: 1.049760ms, 클라이언트 수: 2
[11:09:46.375] [INFO] [서버] PositionUpdatePacket 전송 - From ClientId: 3 To ClientId: 4
[11:09:46.468] [INFO] [서버] PositionUpdatePacket 전송 - From ClientId: 4 To ClientId: 3
[11:09:46.500] [INFO] [서버] PositionUpdatePacket 전송 - From ClientId: 3 To ClientId: 4
[11:09:46.592] [INFO] [서버] PositionUpdatePacket 전송 - From ClientId: 4 To ClientId: 3
[11:09:46.624] [INFO] [서버] PositionUpdatePacket 전송 - From ClientId: 3 To ClientId: 4
[11:09:46.718] [INFO] [서버] PositionUpdatePacket 전송 - From ClientId: 4 To ClientId: 3
[11:09:46.749] [INFO] [서버] PositionUpdatePacket 전송 - From ClientId: 3 To ClientId: 4
[11:09:46.842] [INFO] [서버] PositionUpdatePacket 전송 - From ClientId: 4 To ClientId: 3
[11:09:46.874] [INFO] [서버] PositionUpdatePacket 전송 - From ClientId: 3 To ClientId: 4
[11:09:46.968] [INFO] [서버] PositionUpdatePacket 전송 - From ClientId: 4 To ClientId: 3
[11:09:46.999] [INFO] [서버] PositionUpdatePacket 전송 - From ClientId: 3 To ClientId: 4
[11:09:47.092] [INFO] [서버] PositionUpdatePacket 전송 - From ClientId: 4 To ClientId: 3
[11:09:47.124] [INFO] [서버] PositionUpdatePacket 전송 - From ClientId: 3 To ClientId: 4
[11:09:47.217] [INFO] [서버] PositionUpdatePacket 전송 - From ClientId: 4 To ClientId: 3
[11:09:47.248] [INFO] [서버] PositionUpdatePacket 전송 - From ClientId: 3 To ClientId: 4
[11:09:47.342] [INFO] [서버] PositionUpdatePacket 전송 - From ClientId: 4 To ClientId: 3
[11:09:47.373] [INFO] [서버] PositionUpdatePacket 전송 - From ClientId: 3 To ClientId: 4
[11:09:47.404] [INFO] 서버 FPS: 31.976744, 평균 프레임 시간: 0.032441ms, 클라이언트 수: 2
[11:09:47.467] [INFO] [서버] PositionUpdatePacket 전송 - From ClientId: 4 To ClientId: 3
[11:09:47.498] [INFO] [서버] PositionUpdatePacket 전송 - From ClientId: 3 To ClientId: 4
[11:09:47.592] [INFO] [서버] PositionUpdatePacket 전송 - From ClientId: 4 To ClientId: 3
[11:09:47.624] [INFO] [서버] PositionUpdatePacket 전송 - From ClientId: 3 To ClientId: 4
[11:09:47.717] [INFO] [서버] PositionUpdatePacket 전송 - From ClientId: 4 To ClientId: 3
[11:09:47.749] [INFO] [서버] PositionUpdatePacket 전송 - From ClientId: 3 To ClientId: 4
[11:09:47.841] [INFO] [서버] PositionUpdatePacket 전송 - From ClientId: 4 To ClientId: 3
[11:09:47.873] [INFO] [서버] PositionUpdatePacket 전송 - From ClientId: 3 To ClientId: 4
[11:09:47.936] [INFO] [Packet] Pong 전송 - ClientId: 3
[11:09:47.937] [INFO] [Packet] Pong 전송 - ClientId: 4
[11:09:47.951] [INFO] [서버] PositionUpdatePacket 전송 - From ClientId: 4 To ClientId: 3
[11:09:47.983] [INFO] [서버] PositionUpdatePacket 전송 - From ClientId: 3 To ClientId: 4
[11:09:48.075] [INFO] [서버] PositionUpdatePacket 전송 - From ClientId: 4 To ClientId: 3
[11:09:48.106] [INFO] [서버] PositionUpdatePacket 전송 - From ClientId: 3 To ClientId: 4
[11:09:48.198] [INFO] [서버] PositionUpdatePacket 전송 - From ClientId: 4 To ClientId: 3
[11:09:48.230] [INFO] [서버] PositionUpdatePacket 전송 - From ClientId: 3 To ClientId: 4
[11:09:48.323] [INFO] [서버] PositionUpdatePacket 전송 - From ClientId: 4 To ClientId: 3
[11:09:48.355] [INFO] [서버] PositionUpdatePacket 전송 - From ClientId: 3 To ClientId: 4
[11:09:48.418] [INFO] 서버 FPS: 32.512314, 평균 프레임 시간: 0.001003ms, 클라이언트 수: 2
[11:09:48.449] [INFO] [서버] PositionUpdatePacket 전송 - From ClientId: 4 To ClientId: 3
[11:09:48.480] [INFO] [서버] PositionUpdatePacket 전송 - From ClientId: 3 To ClientId: 4
[11:09:48.572] [INFO] [서버] PositionUpdatePacket 전송 - From ClientId: 4 To ClientId: 3
[11:09:48.603] [INFO] [서버] PositionUpdatePacket 전송 - From ClientId: 3 To ClientId: 4
[11:09:48.697] [INFO] [서버] PositionUpdatePacket 전송 - From ClientId: 4 To ClientId: 3
[11:09:48.728] [INFO] [서버] PositionUpdatePacket 전송 - From ClientId: 3 To ClientId: 4
[11:09:48.769] [INFO] [Packet] Pong 전송 - ClientId: 3
[11:09:48.770] [INFO] [Packet] Pong 전송 - ClientId: 4
[11:09:48.821] [INFO] [서버] PositionUpdatePacket 전송 - From ClientId: 4 To ClientId: 3
[11:09:48.852] [INFO] [서버] PositionUpdatePacket 전송 - From ClientId: 3 To ClientId: 4
[11:09:48.945] [INFO] [서버] PositionUpdatePacket 전송 - From ClientId: 4 To ClientId: 3
[11:09:48.976] [INFO] [서버] PositionUpdatePacket 전송 - From ClientId: 3 To ClientId: 4
[11:09:49.069] [INFO] [서버] PositionUpdatePacket 전송 - From ClientId: 4 To ClientId: 3
[11:09:49.100] [INFO] [서버] PositionUpdatePacket 전송 - From ClientId: 3 To ClientId: 4
[11:09:49.192] [INFO] [서버] PositionUpdatePacket 전송 - From ClientId: 4 To ClientId: 3
[11:09:49.224] [INFO] [서버] PositionUpdatePacket 전송 - From ClientId: 3 To ClientId: 4
[11:09:49.316] [INFO] [서버] PositionUpdatePacket 전송 - From ClientId: 4 To ClientId: 3
[11:09:49.347] [INFO] [서버] PositionUpdatePacket 전송 - From ClientId: 3 To ClientId: 4
[11:09:49.440] [INFO] 서버 FPS: 32.007759, 평균 프레임 시간: 0.000031ms, 클라이언트 수: 2
[11:09:49.440] [INFO] [서버] PositionUpdatePacket 전송 - From ClientId: 4 To ClientId: 3
[11:09:49.471] [INFO] [서버] PositionUpdatePacket 전송 - From ClientId: 3 To ClientId: 4
[11:09:49.563] [INFO] [서버] PositionUpdatePacket 전송 - From ClientId: 4 To ClientId: 3
[11:09:49.609] [INFO] [서버] PositionUpdatePacket 전송 - From ClientId: 3 To ClientId: 4
[11:09:49.672] [INFO] [서버] PositionUpdatePacket 전송 - From ClientId: 4 To ClientId: 3
[11:09:49.735] [INFO] [서버] PositionUpdatePacket 전송 - From ClientId: 3 To ClientId: 4
[11:09:49.777] [INFO] [Packet] Pong 전송 - ClientId: 3
[11:09:49.778] [INFO] [Packet] Pong 전송 - ClientId: 4
[11:09:49.797] [INFO] [서버] PositionUpdatePacket 전송 - From ClientId: 4 To ClientId: 3
[11:09:49.858] [INFO] [서버] PositionUpdatePacket 전송 - From ClientId: 3 To ClientId: 4
[11:09:49.921] [INFO] [서버] PositionUpdatePacket 전송 - From ClientId: 4 To ClientId: 3
[11:09:49.982] [INFO] [서버] PositionUpdatePacket 전송 - From ClientId: 3 To ClientId: 4
[11:09:50.045] [INFO] [서버] PositionUpdatePacket 전송 - From ClientId: 4 To ClientId: 3
[11:09:50.106] [INFO] [서버] PositionUpdatePacket 전송 - From ClientId: 3 To ClientId: 4
[11:09:50.167] [INFO] [서버] PositionUpdatePacket 전송 - From ClientId: 4 To ClientId: 3
[11:09:50.230] [INFO] [서버] PositionUpdatePacket 전송 - From ClientId: 3 To ClientId: 4
[11:09:50.293] [INFO] [서버] PositionUpdatePacket 전송 - From ClientId: 4 To ClientId: 3
[11:09:50.356] [INFO] [서버] PositionUpdatePacket 전송 - From ClientId: 3 To ClientId: 4
[11:09:50.403] [INFO] [서버] PositionUpdatePacket 전송 - From ClientId: 4 To ClientId: 3
[11:09:50.465] [INFO] 서버 FPS: 33.464565, 평균 프레임 시간: 0.070653ms, 클라이언트 수: 2
[11:09:50.466] [INFO] [서버] PositionUpdatePacket 전송 - From ClientId: 3 To ClientId: 4
[11:09:50.512] [INFO] [서버] PositionUpdatePacket 전송 - From ClientId: 4 To ClientId: 3
[11:09:50.574] [INFO] [서버] PositionUpdatePacket 전송 - From ClientId: 3 To ClientId: 4
[11:09:50.635] [INFO] [서버] PositionUpdatePacket 전송 - From ClientId: 4 To ClientId: 3
[11:09:50.698] [INFO] [서버] PositionUpdatePacket 전송 - From ClientId: 3 To ClientId: 4
[11:09:50.759] [INFO] [서버] PositionUpdatePacket 전송 - From ClientId: 4 To ClientId: 3
[11:09:50.782] [INFO] [Packet] Pong 전송 - ClientId: 3
[11:09:50.783] [INFO] [Packet] Pong 전송 - ClientId: 4
[11:09:50.821] [INFO] [서버] PositionUpdatePacket 전송 - From ClientId: 3 To ClientId: 4
[11:09:50.882] [INFO] [서버] PositionUpdatePacket 전송 - From ClientId: 4 To ClientId: 3
[11:09:50.945] [INFO] [서버] PositionUpdatePacket 전송 - From ClientId: 3 To ClientId: 4
[11:09:51.005] [INFO] [서버] PositionUpdatePacket 전송 - From ClientId: 4 To ClientId: 3
[11:09:51.068] [INFO] [서버] PositionUpdatePacket 전송 - From ClientId: 3 To ClientId: 4
[11:09:51.130] [INFO] [서버] PositionUpdatePacket 전송 - From ClientId: 4 To ClientId: 3
[11:09:51.191] [INFO] [서버] PositionUpdatePacket 전송 - From ClientId: 3 To ClientId: 4
[11:09:51.253] [INFO] [서버] PositionUpdatePacket 전송 - From ClientId: 4 To ClientId: 3
[11:09:51.315] [INFO] [서버] PositionUpdatePacket 전송 - From ClientId: 3 To ClientId: 4
[11:09:51.377] [INFO] [서버] PositionUpdatePacket 전송 - From ClientId: 4 To ClientId: 3
[11:09:51.441] [INFO] [서버] PositionUpdatePacket 전송 - From ClientId: 3 To ClientId: 4
[11:09:51.471] [INFO] 서버 FPS: 32.480316, 평균 프레임 시간: 0.002183ms, 클라이언트 수: 2
[11:09:51.502] [INFO] [서버] PositionUpdatePacket 전송 - From ClientId: 4 To ClientId: 3
[11:09:51.563] [INFO] [서버] PositionUpdatePacket 전송 - From ClientId: 3 To ClientId: 4
[11:09:51.626] [INFO] [서버] PositionUpdatePacket 전송 - From ClientId: 4 To ClientId: 3
[11:09:51.687] [INFO] [서버] PositionUpdatePacket 전송 - From ClientId: 3 To ClientId: 4
[11:09:51.749] [INFO] [서버] PositionUpdatePacket 전송 - From ClientId: 4 To ClientId: 3
[11:09:51.772] [INFO] [Packet] Pong 전송 - ClientId: 3
[11:09:51.773] [INFO] [Packet] Pong 전송 - ClientId: 4
[11:09:51.811] [INFO] [서버] PositionUpdatePacket 전송 - From ClientId: 3 To ClientId: 4
[11:09:51.872] [INFO] [서버] PositionUpdatePacket 전송 - From ClientId: 4 To ClientId: 3
[11:09:51.933] [INFO] [서버] PositionUpdatePacket 전송 - From ClientId: 3 To ClientId: 4
[11:09:51.995] [INFO] [서버] PositionUpdatePacket 전송 - From ClientId: 4 To ClientId: 3
[11:09:52.056] [INFO] [서버] PositionUpdatePacket 전송 - From ClientId: 3 To ClientId: 4
[11:09:52.117] [INFO] [서버] PositionUpdatePacket 전송 - From ClientId: 4 To ClientId: 3
[11:09:52.179] [INFO] [서버] PositionUpdatePacket 전송 - From ClientId: 3 To ClientId: 4
[11:09:52.242] [INFO] [서버] PositionUpdatePacket 전송 - From ClientId: 4 To ClientId: 3
[11:09:52.304] [INFO] [서버] PositionUpdatePacket 전송 - From ClientId: 3 To ClientId: 4
[11:09:52.366] [INFO] [서버] PositionUpdatePacket 전송 - From ClientId: 4 To ClientId: 3
[11:09:52.413] [INFO] [서버] PositionUpdatePacket 전송 - From ClientId: 3 To ClientId: 4
[11:09:52.475] [INFO] [서버] PositionUpdatePacket 전송 - From ClientId: 4 To ClientId: 3
[11:09:52.506] [INFO] 서버 FPS: 32.977692, 평균 프레임 시간: 0.000061ms, 클라이언트 수: 2
[11:09:52.537] [INFO] [서버] PositionUpdatePacket 전송 - From ClientId: 3 To ClientId: 4
[11:09:52.600] [INFO] [서버] PositionUpdatePacket 전송 - From ClientId: 4 To ClientId: 3
[11:09:52.662] [INFO] [서버] PositionUpdatePacket 전송 - From ClientId: 3 To ClientId: 4
[11:09:52.724] [INFO] [서버] PositionUpdatePacket 전송 - From ClientId: 4 To ClientId: 3
[11:09:52.786] [INFO] [서버] PositionUpdatePacket 전송 - From ClientId: 3 To ClientId: 4
[11:09:52.792] [INFO] [Packet] Pong 전송 - ClientId: 3
[11:09:52.794] [INFO] [Packet] Pong 전송 - ClientId: 4
[11:09:52.848] [INFO] [서버] PositionUpdatePacket 전송 - From ClientId: 4 To ClientId: 3
[11:09:52.909] [INFO] [서버] PositionUpdatePacket 전송 - From ClientId: 3 To ClientId: 4
[11:09:52.971] [INFO] [서버] PositionUpdatePacket 전송 - From ClientId: 4 To ClientId: 3
[11:09:53.034] [INFO] [서버] PositionUpdatePacket 전송 - From ClientId: 3 To ClientId: 4
[11:09:53.096] [INFO] [서버] PositionUpdatePacket 전송 - From ClientId: 4 To ClientId: 3
[11:09:53.157] [INFO] [서버] PositionUpdatePacket 전송 - From ClientId: 3 To ClientId: 4
[11:09:53.205] [INFO] [서버] PositionUpdatePacket 전송 - From ClientId: 4 To ClientId: 3
[11:09:53.297] [INFO] [서버] PositionUpdatePacket 전송 - From ClientId: 3 To ClientId: 4
[11:09:53.328] [INFO] [서버] PositionUpdatePacket 전송 - From ClientId: 4 To ClientId: 3
[11:09:53.420] [INFO] [서버] PositionUpdatePacket 전송 - From ClientId: 3 To ClientId: 4
[11:09:53.451] [INFO] [서버] PositionUpdatePacket 전송 - From ClientId: 4 To ClientId: 3
[11:09:53.544] [INFO] 서버 FPS: 32.977692, 평균 프레임 시간: 0.000002ms, 클라이언트 수: 2
[11:09:53.545] [INFO] [서버] PositionUpdatePacket 전송 - From ClientId: 3 To ClientId: 4
[11:09:53.575] [INFO] [서버] PositionUpdatePacket 전송 - From ClientId: 4 To ClientId: 3
[11:09:53.669] [INFO] [서버] PositionUpdatePacket 전송 - From ClientId: 3 To ClientId: 4
[11:09:53.700] [INFO] [서버] PositionUpdatePacket 전송 - From ClientId: 4 To ClientId: 3
[11:09:53.792] [INFO] [서버] PositionUpdatePacket 전송 - From ClientId: 3 To ClientId: 4
[11:09:53.798] [INFO] [Packet] Pong 전송 - ClientId: 3
[11:09:53.799] [INFO] [Packet] Pong 전송 - ClientId: 4
[11:09:53.823] [INFO] [서버] PositionUpdatePacket 전송 - From ClientId: 4 To ClientId: 3
[11:09:53.916] [INFO] [서버] PositionUpdatePacket 전송 - From ClientId: 3 To ClientId: 4
[11:09:53.947] [INFO] [서버] PositionUpdatePacket 전송 - From ClientId: 4 To ClientId: 3
[11:09:54.039] [INFO] [서버] PositionUpdatePacket 전송 - From ClientId: 3 To ClientId: 4
[11:09:54.071] [INFO] [서버] PositionUpdatePacket 전송 - From ClientId: 4 To ClientId: 3
[11:09:54.149] [INFO] [서버] PositionUpdatePacket 전송 - From ClientId: 3 To ClientId: 4
[11:09:54.180] [INFO] [서버] PositionUpdatePacket 전송 - From ClientId: 4 To ClientId: 3
[11:09:54.272] [INFO] [서버] PositionUpdatePacket 전송 - From ClientId: 3 To ClientId: 4
[11:09:54.303] [INFO] [서버] PositionUpdatePacket 전송 - From ClientId: 4 To ClientId: 3
[11:09:54.395] [INFO] [서버] PositionUpdatePacket 전송 - From ClientId: 3 To ClientId: 4
[11:09:54.425] [INFO] [서버] PositionUpdatePacket 전송 - From ClientId: 4 To ClientId: 3
[11:09:54.518] [INFO] [서버] PositionUpdatePacket 전송 - From ClientId: 3 To ClientId: 4
[11:09:54.549] [INFO] 서버 FPS: 32.480316, 평균 프레임 시간: 0.000000ms, 클라이언트 수: 2
[11:09:54.549] [INFO] [서버] PositionUpdatePacket 전송 - From ClientId: 4 To ClientId: 3
[11:09:54.643] [INFO] [서버] PositionUpdatePacket 전송 - From ClientId: 3 To ClientId: 4
[11:09:54.674] [INFO] [서버] PositionUpdatePacket 전송 - From ClientId: 4 To ClientId: 3
[11:09:54.740] [INFO] [Packet] Pong 전송 - ClientId: 3
[11:09:54.741] [INFO] [Packet] Pong 전송 - ClientId: 4
[11:09:54.766] [INFO] [서버] PositionUpdatePacket 전송 - From ClientId: 3 To ClientId: 4
[11:09:54.797] [INFO] [서버] PositionUpdatePacket 전송 - From ClientId: 4 To ClientId: 3
[11:09:54.889] [INFO] [서버] PositionUpdatePacket 전송 - From ClientId: 3 To ClientId: 4
[11:09:54.920] [INFO] [서버] PositionUpdatePacket 전송 - From ClientId: 4 To ClientId: 3
[11:09:55.013] [INFO] [서버] PositionUpdatePacket 전송 - From ClientId: 3 To ClientId: 4
[11:09:55.044] [INFO] [서버] PositionUpdatePacket 전송 - From ClientId: 4 To ClientId: 3
[11:09:55.137] [INFO] [서버] PositionUpdatePacket 전송 - From ClientId: 3 To ClientId: 4
[11:09:55.167] [INFO] [서버] PositionUpdatePacket 전송 - From ClientId: 4 To ClientId: 3
[11:09:55.260] [INFO] [서버] PositionUpdatePacket 전송 - From ClientId: 3 To ClientId: 4
[11:09:55.291] [INFO] [서버] PositionUpdatePacket 전송 - From ClientId: 4 To ClientId: 3
[11:09:55.384] [INFO] [서버] PositionUpdatePacket 전송 - From ClientId: 3 To ClientId: 4
[11:09:55.416] [INFO] [서버] PositionUpdatePacket 전송 - From ClientId: 4 To ClientId: 3
[11:09:55.509] [INFO] [서버] PositionUpdatePacket 전송 - From ClientId: 3 To ClientId: 4
[11:09:55.541] [INFO] [서버] PositionUpdatePacket 전송 - From ClientId: 4 To ClientId: 3
[11:09:55.572] [INFO] 서버 FPS: 32.512314, 평균 프레임 시간: 0.000000ms, 클라이언트 수: 2
[11:09:55.634] [INFO] [서버] PositionUpdatePacket 전송 - From ClientId: 3 To ClientId: 4
[11:09:55.665] [INFO] [서버] PositionUpdatePacket 전송 - From ClientId: 4 To ClientId: 3
[11:09:55.753] [INFO] [Packet] Pong 전송 - ClientId: 3
[11:09:55.755] [INFO] [Packet] Pong 전송 - ClientId: 4
[11:09:55.759] [INFO] [서버] PositionUpdatePacket 전송 - From ClientId: 3 To ClientId: 4
[11:09:55.790] [INFO] [서버] PositionUpdatePacket 전송 - From ClientId: 4 To ClientId: 3
[11:09:55.884] [INFO] [서버] PositionUpdatePacket 전송 - From ClientId: 3 To ClientId: 4
[11:09:55.915] [INFO] [서버] PositionUpdatePacket 전송 - From ClientId: 4 To ClientId: 3
[11:09:56.008] [INFO] [서버] PositionUpdatePacket 전송 - From ClientId: 3 To ClientId: 4
[11:09:56.039] [INFO] [서버] PositionUpdatePacket 전송 - From ClientId: 4 To ClientId: 3
[11:09:56.130] [INFO] [서버] PositionUpdatePacket 전송 - From ClientId: 3 To ClientId: 4
[11:09:56.162] [INFO] [서버] PositionUpdatePacket 전송 - From ClientId: 4 To ClientId: 3
[11:09:56.255] [INFO] [서버] PositionUpdatePacket 전송 - From ClientId: 3 To ClientId: 4
[11:09:56.287] [INFO] [서버] PositionUpdatePacket 전송 - From ClientId: 4 To ClientId: 3
[11:09:56.379] [INFO] [서버] PositionUpdatePacket 전송 - From ClientId: 3 To ClientId: 4
[11:09:56.410] [INFO] [서버] PositionUpdatePacket 전송 - From ClientId: 4 To ClientId: 3
[11:09:56.503] [INFO] [서버] PositionUpdatePacket 전송 - From ClientId: 3 To ClientId: 4
[11:09:56.534] [INFO] [서버] PositionUpdatePacket 전송 - From ClientId: 4 To ClientId: 3
[11:09:56.594] [INFO] 서버 FPS: 32.480316, 평균 프레임 시간: 0.000000ms, 클라이언트 수: 2
[11:09:56.625] [INFO] [서버] PositionUpdatePacket 전송 - From ClientId: 3 To ClientId: 4
[11:09:56.656] [INFO] [서버] PositionUpdatePacket 전송 - From ClientId: 4 To ClientId: 3
[11:09:56.751] [INFO] [서버] PositionUpdatePacket 전송 - From ClientId: 3 To ClientId: 4
[11:09:56.782] [INFO] [서버] PositionUpdatePacket 전송 - From ClientId: 4 To ClientId: 3
[11:09:56.875] [INFO] [서버] PositionUpdatePacket 전송 - From ClientId: 3 To ClientId: 4
[11:09:56.907] [INFO] [서버] PositionUpdatePacket 전송 - From ClientId: 4 To ClientId: 3
[11:09:56.934] [INFO] [Packet] Pong 전송 - ClientId: 3
[11:09:56.935] [INFO] [Packet] Pong 전송 - ClientId: 4
[11:09:57.001] [INFO] [서버] PositionUpdatePacket 전송 - From ClientId: 3 To ClientId: 4
[11:09:57.032] [INFO] [서버] PositionUpdatePacket 전송 - From ClientId: 4 To ClientId: 3
[11:09:57.110] [INFO] [서버] PositionUpdatePacket 전송 - From ClientId: 3 To ClientId: 4
[11:09:57.141] [INFO] [서버] PositionUpdatePacket 전송 - From ClientId: 4 To ClientId: 3
[11:09:57.234] [INFO] [서버] PositionUpdatePacket 전송 - From ClientId: 3 To ClientId: 4
[11:09:57.265] [INFO] [서버] PositionUpdatePacket 전송 - From ClientId: 4 To ClientId: 3
[11:09:57.358] [INFO] [서버] PositionUpdatePacket 전송 - From ClientId: 3 To ClientId: 4
[11:09:57.390] [INFO] [서버] PositionUpdatePacket 전송 - From ClientId: 4 To ClientId: 3
[11:09:57.482] [INFO] [서버] PositionUpdatePacket 전송 - From ClientId: 3 To ClientId: 4
[11:09:57.514] [INFO] [서버] PositionUpdatePacket 전송 - From ClientId: 4 To ClientId: 3
[11:09:57.607] [INFO] 서버 FPS: 32.480316, 평균 프레임 시간: 0.225142ms, 클라이언트 수: 2
[11:09:57.608] [INFO] [서버] PositionUpdatePacket 전송 - From ClientId: 3 To ClientId: 4
[11:09:57.638] [INFO] [서버] PositionUpdatePacket 전송 - From ClientId: 4 To ClientId: 3
[11:09:57.732] [INFO] [서버] PositionUpdatePacket 전송 - From ClientId: 3 To ClientId: 4
[11:09:57.763] [INFO] [서버] PositionUpdatePacket 전송 - From ClientId: 4 To ClientId: 3
[11:09:57.842] [INFO] [서버] PositionUpdatePacket 전송 - From ClientId: 3 To ClientId: 4
[11:09:57.874] [INFO] [서버] PositionUpdatePacket 전송 - From ClientId: 4 To ClientId: 3
[11:09:57.934] [INFO] [Packet] Pong 전송 - ClientId: 3
[11:09:57.936] [INFO] [Packet] Pong 전송 - ClientId: 4
[11:09:57.952] [INFO] [서버] PositionUpdatePacket 전송 - From ClientId: 3 To ClientId: 4
[11:09:57.983] [INFO] [서버] PositionUpdatePacket 전송 - From ClientId: 4 To ClientId: 3
[11:09:58.061] [INFO] [서버] PositionUpdatePacket 전송 - From ClientId: 3 To ClientId: 4
[11:09:58.091] [INFO] [서버] PositionUpdatePacket 전송 - From ClientId: 4 To ClientId: 3
[11:09:58.185] [INFO] [서버] PositionUpdatePacket 전송 - From ClientId: 3 To ClientId: 4
[11:09:58.216] [INFO] [서버] PositionUpdatePacket 전송 - From ClientId: 4 To ClientId: 3
[11:09:58.309] [INFO] [서버] PositionUpdatePacket 전송 - From ClientId: 3 To ClientId: 4
[11:09:58.340] [INFO] [서버] PositionUpdatePacket 전송 - From ClientId: 4 To ClientId: 3
[11:09:58.434] [INFO] [서버] PositionUpdatePacket 전송 - From ClientId: 3 To ClientId: 4
[11:09:58.465] [INFO] [서버] PositionUpdatePacket 전송 - From ClientId: 4 To ClientId: 3
[11:09:58.558] [INFO] [서버] PositionUpdatePacket 전송 - From ClientId: 3 To ClientId: 4
[11:09:58.590] [INFO] [서버] PositionUpdatePacket 전송 - From ClientId: 4 To ClientId: 3
[11:09:58.621] [INFO] 서버 FPS: 33.497536, 평균 프레임 시간: 0.006262ms, 클라이언트 수: 2
[11:09:58.683] [INFO] [서버] PositionUpdatePacket 전송 - From ClientId: 3 To ClientId: 4
[11:09:58.714] [INFO] [서버] PositionUpdatePacket 전송 - From ClientId: 4 To ClientId: 3
[11:09:58.805] [INFO] [서버] PositionUpdatePacket 전송 - From ClientId: 3 To ClientId: 4
[11:09:58.836] [INFO] [서버] PositionUpdatePacket 전송 - From ClientId: 4 To ClientId: 3
[11:09:58.914] [INFO] [서버] PositionUpdatePacket 전송 - From ClientId: 3 To ClientId: 4
[11:09:58.934] [INFO] [Packet] Pong 전송 - ClientId: 3
[11:09:58.937] [INFO] [Packet] Pong 전송 - ClientId: 4
[11:09:58.947] [INFO] [서버] PositionUpdatePacket 전송 - From ClientId: 4 To ClientId: 3
[11:09:59.040] [INFO] [서버] PositionUpdatePacket 전송 - From ClientId: 3 To ClientId: 4
[11:09:59.071] [INFO] [서버] PositionUpdatePacket 전송 - From ClientId: 4 To ClientId: 3
[11:09:59.164] [INFO] [서버] PositionUpdatePacket 전송 - From ClientId: 3 To ClientId: 4
[11:09:59.195] [INFO] [서버] PositionUpdatePacket 전송 - From ClientId: 4 To ClientId: 3
[11:09:59.275] [INFO] [서버] PositionUpdatePacket 전송 - From ClientId: 3 To ClientId: 4
[11:09:59.306] [INFO] [서버] PositionUpdatePacket 전송 - From ClientId: 4 To ClientId: 3
[11:09:59.401] [INFO] [서버] PositionUpdatePacket 전송 - From ClientId: 3 To ClientId: 4
[11:09:59.433] [INFO] [서버] PositionUpdatePacket 전송 - From ClientId: 4 To ClientId: 3
[11:09:59.527] [INFO] [서버] PositionUpdatePacket 전송 - From ClientId: 3 To ClientId: 4
[11:09:59.558] [INFO] [서버] PositionUpdatePacket 전송 - From ClientId: 4 To ClientId: 3
[11:09:59.650] [INFO] 서버 FPS: 32.945736, 평균 프레임 시간: 0.000174ms, 클라이언트 수: 2
[11:09:59.651] [INFO] [서버] PositionUpdatePacket 전송 - From ClientId: 3 To ClientId: 4
[11:09:59.682] [INFO] [서버] PositionUpdatePacket 전송 - From ClientId: 4 To ClientId: 3
[11:09:59.775] [INFO] [서버] PositionUpdatePacket 전송 - From ClientId: 3 To ClientId: 4
[11:09:59.806] [INFO] [서버] PositionUpdatePacket 전송 - From ClientId: 4 To ClientId: 3
[11:09:59.898] [INFO] [서버] PositionUpdatePacket 전송 - From ClientId: 3 To ClientId: 4
[11:09:59.929] [INFO] [서버] PositionUpdatePacket 전송 - From ClientId: 4 To ClientId: 3
[11:09:59.934] [INFO] [Packet] Pong 전송 - ClientId: 3
[11:09:59.936] [INFO] [Packet] Pong 전송 - ClientId: 4
[11:10:00.024] [INFO] [서버] PositionUpdatePacket 전송 - From ClientId: 3 To ClientId: 4
[11:10:00.055] [INFO] [서버] PositionUpdatePacket 전송 - From ClientId: 4 To ClientId: 3
[11:10:00.148] [INFO] [서버] PositionUpdatePacket 전송 - From ClientId: 3 To ClientId: 4
[11:10:00.179] [INFO] [서버] PositionUpdatePacket 전송 - From ClientId: 4 To ClientId: 3
[11:10:00.272] [INFO] [서버] PositionUpdatePacket 전송 - From ClientId: 3 To ClientId: 4
[11:10:00.303] [INFO] [서버] PositionUpdatePacket 전송 - From ClientId: 4 To ClientId: 3
[11:10:00.395] [INFO] [서버] PositionUpdatePacket 전송 - From ClientId: 3 To ClientId: 4
[11:10:00.427] [INFO] [서버] PositionUpdatePacket 전송 - From ClientId: 4 To ClientId: 3
[11:10:00.520] [INFO] [서버] PositionUpdatePacket 전송 - From ClientId: 3 To ClientId: 4
[11:10:00.551] [INFO] [서버] PositionUpdatePacket 전송 - From ClientId: 4 To ClientId: 3
[11:10:00.645] [INFO] [서버] PositionUpdatePacket 전송 - From ClientId: 3 To ClientId: 4
[11:10:00.676] [INFO] 서버 FPS: 32.007759, 평균 프레임 시간: 0.000005ms, 클라이언트 수: 2
[11:10:00.677] [INFO] [서버] PositionUpdatePacket 전송 - From ClientId: 4 To ClientId: 3
[11:10:00.769] [INFO] [서버] PositionUpdatePacket 전송 - From ClientId: 3 To ClientId: 4
[11:10:00.801] [INFO] [서버] PositionUpdatePacket 전송 - From ClientId: 4 To ClientId: 3
[11:10:00.894] [INFO] [서버] PositionUpdatePacket 전송 - From ClientId: 3 To ClientId: 4
[11:10:00.924] [INFO] [서버] PositionUpdatePacket 전송 - From ClientId: 4 To ClientId: 3
[11:10:00.934] [INFO] [Packet] Pong 전송 - ClientId: 3
[11:10:00.936] [INFO] [Packet] Pong 전송 - ClientId: 4
[11:10:01.017] [INFO] [서버] PositionUpdatePacket 전송 - From ClientId: 3 To ClientId: 4
[11:10:01.048] [INFO] [서버] PositionUpdatePacket 전송 - From ClientId: 4 To ClientId: 3
[11:10:01.140] [INFO] [서버] PositionUpdatePacket 전송 - From ClientId: 3 To ClientId: 4
[11:10:01.171] [INFO] [서버] PositionUpdatePacket 전송 - From ClientId: 4 To ClientId: 3
[11:10:01.263] [INFO] [서버] PositionUpdatePacket 전송 - From ClientId: 3 To ClientId: 4
[11:10:01.294] [INFO] [서버] PositionUpdatePacket 전송 - From ClientId: 4 To ClientId: 3
[11:10:01.387] [INFO] [서버] PositionUpdatePacket 전송 - From ClientId: 3 To ClientId: 4
[11:10:01.419] [INFO] [서버] PositionUpdatePacket 전송 - From ClientId: 4 To ClientId: 3
[11:10:01.512] [INFO] [서버] PositionUpdatePacket 전송 - From ClientId: 3 To ClientId: 4
[11:10:01.542] [INFO] [서버] PositionUpdatePacket 전송 - From ClientId: 4 To ClientId: 3
[11:10:01.636] [INFO] [서버] PositionUpdatePacket 전송 - From ClientId: 3 To ClientId: 4
[11:10:01.668] [INFO] [서버] PositionUpdatePacket 전송 - From ClientId: 4 To ClientId: 3
[11:10:01.698] [INFO] 서버 FPS: 32.512314, 평균 프레임 시간: 0.000000ms, 클라이언트 수: 2
[11:10:01.761] [INFO] [서버] PositionUpdatePacket 전송 - From ClientId: 3 To ClientId: 4
[11:10:01.792] [INFO] [서버] PositionUpdatePacket 전송 - From ClientId: 4 To ClientId: 3
[11:10:01.870] [INFO] [서버] PositionUpdatePacket 전송 - From ClientId: 3 To ClientId: 4
[11:10:01.901] [INFO] [서버] PositionUpdatePacket 전송 - From ClientId: 4 To ClientId: 3
[11:10:01.934] [INFO] [Packet] Pong 전송 - ClientId: 3
[11:10:01.936] [INFO] [Packet] Pong 전송 - ClientId: 4
[11:10:01.994] [INFO] [서버] PositionUpdatePacket 전송 - From ClientId: 3 To ClientId: 4
[11:10:02.025] [INFO] [서버] PositionUpdatePacket 전송 - From ClientId: 4 To ClientId: 3
[11:10:02.104] [INFO] [서버] PositionUpdatePacket 전송 - From ClientId: 3 To ClientId: 4
[11:10:02.135] [INFO] [서버] PositionUpdatePacket 전송 - From ClientId: 4 To ClientId: 3
[11:10:02.229] [INFO] [서버] PositionUpdatePacket 전송 - From ClientId: 3 To ClientId: 4
[11:10:02.261] [INFO] [서버] PositionUpdatePacket 전송 - From ClientId: 4 To ClientId: 3
[11:10:02.354] [INFO] [서버] PositionUpdatePacket 전송 - From ClientId: 3 To ClientId: 4
[11:10:02.385] [INFO] [서버] PositionUpdatePacket 전송 - From ClientId: 4 To ClientId: 3
[11:10:02.478] [INFO] [서버] PositionUpdatePacket 전송 - From ClientId: 3 To ClientId: 4
[11:10:02.509] [INFO] [서버] PositionUpdatePacket 전송 - From ClientId: 4 To ClientId: 3
[11:10:02.603] [INFO] [서버] PositionUpdatePacket 전송 - From ClientId: 3 To ClientId: 4
[11:10:02.634] [INFO] [서버] PositionUpdatePacket 전송 - From ClientId: 4 To ClientId: 3
[11:10:02.727] [INFO] 서버 FPS: 32.945736, 평균 프레임 시간: 0.000000ms, 클라이언트 수: 2
[11:10:02.728] [INFO] [서버] PositionUpdatePacket 전송 - From ClientId: 3 To ClientId: 4
[11:10:02.758] [INFO] [서버] PositionUpdatePacket 전송 - From ClientId: 4 To ClientId: 3
[11:10:02.851] [INFO] [서버] PositionUpdatePacket 전송 - From ClientId: 3 To ClientId: 4
[11:10:02.883] [INFO] [서버] PositionUpdatePacket 전송 - From ClientId: 4 To ClientId: 3
[11:10:02.932] [INFO] [Packet] Pong 전송 - ClientId: 3
[11:10:02.935] [INFO] [Packet] Pong 전송 - ClientId: 4
[11:10:02.977] [INFO] [서버] PositionUpdatePacket 전송 - From ClientId: 3 To ClientId: 4
[11:10:03.008] [INFO] [서버] PositionUpdatePacket 전송 - From ClientId: 4 To ClientId: 3
[11:10:03.101] [INFO] [서버] PositionUpdatePacket 전송 - From ClientId: 3 To ClientId: 4
[11:10:03.133] [INFO] [서버] PositionUpdatePacket 전송 - From ClientId: 4 To ClientId: 3
[11:10:03.225] [INFO] [서버] PositionUpdatePacket 전송 - From ClientId: 3 To ClientId: 4
[11:10:03.256] [INFO] [서버] PositionUpdatePacket 전송 - From ClientId: 4 To ClientId: 3
[11:10:03.350] [INFO] [서버] PositionUpdatePacket 전송 - From ClientId: 3 To ClientId: 4
[11:10:03.383] [INFO] [서버] PositionUpdatePacket 전송 - From ClientId: 4 To ClientId: 3
[11:10:03.476] [INFO] [서버] PositionUpdatePacket 전송 - From ClientId: 3 To ClientId: 4
[11:10:03.507] [INFO] [서버] PositionUpdatePacket 전송 - From ClientId: 4 To ClientId: 3
[11:10:03.601] [INFO] [서버] PositionUpdatePacket 전송 - From ClientId: 3 To ClientId: 4
[11:10:03.633] [INFO] [서버] PositionUpdatePacket 전송 - From ClientId: 4 To ClientId: 3
[11:10:03.725] [INFO] [서버] PositionUpdatePacket 전송 - From ClientId: 3 To ClientId: 4
[11:10:03.757] [INFO] 서버 FPS: 32.007759, 평균 프레임 시간: 0.000000ms, 클라이언트 수: 2
[11:10:03.757] [INFO] [서버] PositionUpdatePacket 전송 - From ClientId: 4 To ClientId: 3
[11:10:03.835] [INFO] [서버] PositionUpdatePacket 전송 - From ClientId: 3 To ClientId: 4
[11:10:03.866] [INFO] [서버] PositionUpdatePacket 전송 - From ClientId: 4 To ClientId: 3
[11:10:03.935] [INFO] [Packet] Pong 전송 - ClientId: 3
[11:10:03.940] [INFO] [Packet] Pong 전송 - ClientId: 4
[11:10:03.960] [INFO] [서버] PositionUpdatePacket 전송 - From ClientId: 3 To ClientId: 4
[11:10:03.991] [INFO] [서버] PositionUpdatePacket 전송 - From ClientId: 4 To ClientId: 3
[11:10:04.071] [INFO] [서버] PositionUpdatePacket 전송 - From ClientId: 3 To ClientId: 4
[11:10:04.103] [INFO] [서버] PositionUpdatePacket 전송 - From ClientId: 4 To ClientId: 3
[11:10:04.197] [INFO] [서버] PositionUpdatePacket 전송 - From ClientId: 3 To ClientId: 4
[11:10:04.229] [INFO] [서버] PositionUpdatePacket 전송 - From ClientId: 4 To ClientId: 3
[11:10:04.322] [INFO] [서버] PositionUpdatePacket 전송 - From ClientId: 3 To ClientId: 4
[11:10:04.353] [INFO] [서버] PositionUpdatePacket 전송 - From ClientId: 4 To ClientId: 3
[11:10:04.431] [INFO] [서버] PositionUpdatePacket 전송 - From ClientId: 3 To ClientId: 4
[11:10:04.462] [INFO] [서버] PositionUpdatePacket 전송 - From ClientId: 4 To ClientId: 3
[11:10:04.541] [INFO] [서버] PositionUpdatePacket 전송 - From ClientId: 3 To ClientId: 4
[11:10:04.572] [INFO] [서버] PositionUpdatePacket 전송 - From ClientId: 4 To ClientId: 3
[11:10:04.651] [INFO] [서버] PositionUpdatePacket 전송 - From ClientId: 3 To ClientId: 4
[11:10:04.682] [INFO] [서버] PositionUpdatePacket 전송 - From ClientId: 4 To ClientId: 3
[11:10:04.775] [INFO] 서버 FPS: 34.448818, 평균 프레임 시간: 0.000000ms, 클라이언트 수: 2
[11:10:04.775] [INFO] [서버] PositionUpdatePacket 전송 - From ClientId: 3 To ClientId: 4
[11:10:04.806] [INFO] [서버] PositionUpdatePacket 전송 - From ClientId: 4 To ClientId: 3
[11:10:04.899] [INFO] [서버] PositionUpdatePacket 전송 - From ClientId: 3 To ClientId: 4
[11:10:04.930] [INFO] [서버] PositionUpdatePacket 전송 - From ClientId: 4 To ClientId: 3
[11:10:04.935] [INFO] [Packet] Pong 전송 - ClientId: 3
[11:10:04.937] [INFO] [Packet] Pong 전송 - ClientId: 4
[11:10:05.024] [INFO] [서버] PositionUpdatePacket 전송 - From ClientId: 3 To ClientId: 4
[11:10:05.055] [INFO] [서버] PositionUpdatePacket 전송 - From ClientId: 4 To ClientId: 3
[11:10:05.146] [INFO] [서버] PositionUpdatePacket 전송 - From ClientId: 3 To ClientId: 4
[11:10:05.177] [INFO] [서버] PositionUpdatePacket 전송 - From ClientId: 4 To ClientId: 3
[11:10:05.270] [INFO] [서버] PositionUpdatePacket 전송 - From ClientId: 3 To ClientId: 4
[11:10:05.301] [INFO] [서버] PositionUpdatePacket 전송 - From ClientId: 4 To ClientId: 3
[11:10:05.394] [INFO] [서버] PositionUpdatePacket 전송 - From ClientId: 3 To ClientId: 4
[11:10:05.425] [INFO] [서버] PositionUpdatePacket 전송 - From ClientId: 4 To ClientId: 3
[11:10:05.517] [INFO] [서버] PositionUpdatePacket 전송 - From ClientId: 3 To ClientId: 4
[11:10:05.548] [INFO] [서버] PositionUpdatePacket 전송 - From ClientId: 4 To ClientId: 3
[11:10:05.642] [INFO] [서버] PositionUpdatePacket 전송 - From ClientId: 3 To ClientId: 4
[11:10:05.672] [INFO] [서버] PositionUpdatePacket 전송 - From ClientId: 4 To ClientId: 3
[11:10:05.766] [INFO] [서버] PositionUpdatePacket 전송 - From ClientId: 3 To ClientId: 4
[11:10:05.796] [INFO] 서버 FPS: 32.512314, 평균 프레임 시간: 0.000000ms, 클라이언트 수: 2
[11:10:05.797] [INFO] [서버] PositionUpdatePacket 전송 - From ClientId: 4 To ClientId: 3
[11:10:05.891] [INFO] [서버] PositionUpdatePacket 전송 - From ClientId: 3 To ClientId: 4
[11:10:05.922] [INFO] [서버] PositionUpdatePacket 전송 - From ClientId: 4 To ClientId: 3
[11:10:05.934] [INFO] [Packet] Pong 전송 - ClientId: 3
[11:10:05.937] [INFO] [Packet] Pong 전송 - ClientId: 4
[11:10:06.015] [INFO] [서버] PositionUpdatePacket 전송 - From ClientId: 3 To ClientId: 4
[11:10:06.046] [INFO] [서버] PositionUpdatePacket 전송 - From ClientId: 4 To ClientId: 3
[11:10:06.139] [INFO] [서버] PositionUpdatePacket 전송 - From ClientId: 3 To ClientId: 4
[11:10:06.171] [INFO] [서버] PositionUpdatePacket 전송 - From ClientId: 4 To ClientId: 3
[11:10:06.263] [INFO] [서버] PositionUpdatePacket 전송 - From ClientId: 3 To ClientId: 4
[11:10:06.294] [INFO] [서버] PositionUpdatePacket 전송 - From ClientId: 4 To ClientId: 3
[11:10:06.388] [INFO] [서버] PositionUpdatePacket 전송 - From ClientId: 3 To ClientId: 4
[11:10:06.420] [INFO] [서버] PositionUpdatePacket 전송 - From ClientId: 4 To ClientId: 3
[11:10:06.513] [INFO] [서버] PositionUpdatePacket 전송 - From ClientId: 3 To ClientId: 4
[11:10:06.544] [INFO] [서버] PositionUpdatePacket 전송 - From ClientId: 4 To ClientId: 3
[11:10:06.637] [INFO] [서버] PositionUpdatePacket 전송 - From ClientId: 3 To ClientId: 4
[11:10:06.667] [INFO] [서버] PositionUpdatePacket 전송 - From ClientId: 4 To ClientId: 3
[11:10:06.761] [INFO] [서버] PositionUpdatePacket 전송 - From ClientId: 3 To ClientId: 4
[11:10:06.792] [INFO] [서버] PositionUpdatePacket 전송 - From ClientId: 4 To ClientId: 3
[11:10:06.823] [INFO] 서버 FPS: 32.007759, 평균 프레임 시간: 0.000000ms, 클라이언트 수: 2
[11:10:06.885] [INFO] [서버] PositionUpdatePacket 전송 - From ClientId: 3 To ClientId: 4
[11:10:06.917] [INFO] [서버] PositionUpdatePacket 전송 - From ClientId: 4 To ClientId: 3
[11:10:06.934] [INFO] [Packet] Pong 전송 - ClientId: 3
[11:10:06.935] [INFO] [Packet] Pong 전송 - ClientId: 4
[11:10:07.010] [INFO] [서버] PositionUpdatePacket 전송 - From ClientId: 3 To ClientId: 4
[11:10:07.041] [INFO] [서버] PositionUpdatePacket 전송 - From ClientId: 4 To ClientId: 3
[11:10:07.134] [INFO] [서버] PositionUpdatePacket 전송 - From ClientId: 3 To ClientId: 4
[11:10:07.166] [INFO] [서버] PositionUpdatePacket 전송 - From ClientId: 4 To ClientId: 3
[11:10:07.260] [INFO] [서버] PositionUpdatePacket 전송 - From ClientId: 3 To ClientId: 4
[11:10:07.291] [INFO] [서버] PositionUpdatePacket 전송 - From ClientId: 4 To ClientId: 3
[11:10:07.383] [INFO] [서버] PositionUpdatePacket 전송 - From ClientId: 3 To ClientId: 4
[11:10:07.415] [INFO] [서버] PositionUpdatePacket 전송 - From ClientId: 4 To ClientId: 3
[11:10:07.509] [INFO] [서버] PositionUpdatePacket 전송 - From ClientId: 3 To ClientId: 4
[11:10:07.539] [INFO] [서버] PositionUpdatePacket 전송 - From ClientId: 4 To ClientId: 3
[11:10:07.634] [INFO] [서버] PositionUpdatePacket 전송 - From ClientId: 3 To ClientId: 4
[11:10:07.666] [INFO] [서버] PositionUpdatePacket 전송 - From ClientId: 4 To ClientId: 3
[11:10:07.759] [INFO] [서버] PositionUpdatePacket 전송 - From ClientId: 3 To ClientId: 4
[11:10:07.791] [INFO] [서버] PositionUpdatePacket 전송 - From ClientId: 4 To ClientId: 3
[11:10:07.853] [INFO] 서버 FPS: 31.976744, 평균 프레임 시간: 0.000000ms, 클라이언트 수: 2
[11:10:07.885] [INFO] [서버] PositionUpdatePacket 전송 - From ClientId: 3 To ClientId: 4
[11:10:07.916] [INFO] [서버] PositionUpdatePacket 전송 - From ClientId: 4 To ClientId: 3
[11:10:07.934] [INFO] [Packet] Pong 전송 - ClientId: 3
[11:10:07.937] [INFO] [Packet] Pong 전송 - ClientId: 4
[11:10:08.009] [INFO] [서버] PositionUpdatePacket 전송 - From ClientId: 3 To ClientId: 4
[11:10:08.040] [INFO] [서버] PositionUpdatePacket 전송 - From ClientId: 4 To ClientId: 3
[11:10:08.133] [INFO] [서버] PositionUpdatePacket 전송 - From ClientId: 3 To ClientId: 4
[11:10:08.164] [INFO] [서버] PositionUpdatePacket 전송 - From ClientId: 4 To ClientId: 3
[11:10:08.258] [INFO] [서버] PositionUpdatePacket 전송 - From ClientId: 3 To ClientId: 4
[11:10:08.289] [INFO] [서버] PositionUpdatePacket 전송 - From ClientId: 4 To ClientId: 3
[11:10:08.383] [INFO] [서버] PositionUpdatePacket 전송 - From ClientId: 3 To ClientId: 4
[11:10:08.414] [INFO] [서버] PositionUpdatePacket 전송 - From ClientId: 4 To ClientId: 3
[11:10:08.507] [INFO] [서버] PositionUpdatePacket 전송 - From ClientId: 3 To ClientId: 4
[11:10:08.538] [INFO] [서버] PositionUpdatePacket 전송 - From ClientId: 4 To ClientId: 3
[11:10:08.632] [INFO] [서버] PositionUpdatePacket 전송 - From ClientId: 3 To ClientId: 4
[11:10:08.663] [INFO] [서버] PositionUpdatePacket 전송 - From ClientId: 4 To ClientId: 3
[11:10:08.756] [INFO] [서버] PositionUpdatePacket 전송 - From ClientId: 3 To ClientId: 4
[11:10:08.787] [INFO] [서버] PositionUpdatePacket 전송 - From ClientId: 4 To ClientId: 3
[11:10:08.880] [INFO] 서버 FPS: 32.007759, 평균 프레임 시간: 0.000000ms, 클라이언트 수: 2
[11:10:08.880] [INFO] [서버] PositionUpdatePacket 전송 - From ClientId: 3 To ClientId: 4
[11:10:08.910] [INFO] [서버] PositionUpdatePacket 전송 - From ClientId: 4 To ClientId: 3
[11:10:08.936] [INFO] [Packet] Pong 전송 - ClientId: 3
[11:10:08.937] [INFO] [Packet] Pong 전송 - ClientId: 4
[11:10:09.003] [INFO] [서버] PositionUpdatePacket 전송 - From ClientId: 3 To ClientId: 4
[11:10:09.035] [INFO] [서버] PositionUpdatePacket 전송 - From ClientId: 4 To ClientId: 3
