[13:10:08.283] [INFO] 로깅 시스템 초기화됨
[13:10:08.284] [INFO] 서버 인스턴스 생성됨
[13:10:08.284] [INFO] 서버 초기화 시작 (포트: 9000)
[13:10:08.285] [INFO] 윈속 초기화 성공
[13:10:08.285] [INFO] 리스닝 소켓 생성 성공
[13:10:08.286] [INFO] 소켓 바인딩 성공 (포트: 9000)
[13:10:08.286] [INFO] 리스닝 시작됨
[13:10:08.286] [INFO] IOCP 생성 성공
[13:10:08.286] [INFO] CPU 코어 수: 16, 생성할 작업자 스레드: 32
[13:10:08.286] [INFO] 작업자 스레드 #1 생성됨
[13:10:08.286] [INFO] 작업자 스레드 시작 (ThreadID: 27148)
[13:10:08.287] [INFO] 작업자 스레드 #2 생성됨
[13:10:08.287] [INFO] 작업자 스레드 시작 (ThreadID: 9444)
[13:10:08.295] [INFO] 작업자 스레드 #3 생성됨
[13:10:08.295] [INFO] 작업자 스레드 시작 (ThreadID: 25568)
[13:10:08.295] [INFO] 작업자 스레드 #4 생성됨
[13:10:08.295] [INFO] 작업자 스레드 시작 (ThreadID: 9996)
[13:10:08.296] [INFO] 작업자 스레드 #5 생성됨
[13:10:08.296] [INFO] 작업자 스레드 시작 (ThreadID: 20948)
[13:10:08.296] [INFO] 작업자 스레드 #6 생성됨
[13:10:08.296] [INFO] 작업자 스레드 시작 (ThreadID: 12188)
[13:10:08.296] [INFO] 작업자 스레드 #7 생성됨
[13:10:08.297] [INFO] 작업자 스레드 시작 (ThreadID: 8788)
[13:10:08.297] [INFO] 작업자 스레드 #8 생성됨
[13:10:08.297] [INFO] 작업자 스레드 시작 (ThreadID: 6372)
[13:10:08.297] [INFO] 작업자 스레드 #9 생성됨
[13:10:08.297] [INFO] 작업자 스레드 시작 (ThreadID: 23652)
[13:10:08.297] [INFO] 작업자 스레드 #10 생성됨
[13:10:08.298] [INFO] 작업자 스레드 시작 (ThreadID: 12992)
[13:10:08.298] [INFO] 작업자 스레드 #11 생성됨
[13:10:08.298] [INFO] 작업자 스레드 시작 (ThreadID: 26564)
[13:10:08.298] [INFO] 작업자 스레드 #12 생성됨
[13:10:08.298] [INFO] 작업자 스레드 시작 (ThreadID: 26476)
[13:10:08.298] [INFO] 작업자 스레드 #13 생성됨
[13:10:08.299] [INFO] 작업자 스레드 시작 (ThreadID: 25108)
[13:10:08.299] [INFO] 작업자 스레드 #14 생성됨
[13:10:08.299] [INFO] 작업자 스레드 시작 (ThreadID: 24500)
[13:10:08.299] [INFO] 작업자 스레드 #15 생성됨
[13:10:08.299] [INFO] 작업자 스레드 시작 (ThreadID: 1800)
[13:10:08.300] [INFO] 작업자 스레드 #16 생성됨
[13:10:08.300] [INFO] 작업자 스레드 시작 (ThreadID: 23924)
[13:10:08.300] [INFO] 작업자 스레드 #17 생성됨
[13:10:08.300] [INFO] 작업자 스레드 시작 (ThreadID: 28364)
[13:10:08.300] [INFO] 작업자 스레드 #18 생성됨
[13:10:08.300] [INFO] 작업자 스레드 시작 (ThreadID: 7460)
[13:10:08.300] [INFO] 작업자 스레드 #19 생성됨
[13:10:08.301] [INFO] 작업자 스레드 시작 (ThreadID: 24400)
[13:10:08.301] [INFO] 작업자 스레드 #20 생성됨
[13:10:08.301] [INFO] 작업자 스레드 시작 (ThreadID: 28168)
[13:10:08.301] [INFO] 작업자 스레드 #21 생성됨
[13:10:08.301] [INFO] 작업자 스레드 시작 (ThreadID: 8928)
[13:10:08.301] [INFO] 작업자 스레드 #22 생성됨
[13:10:08.302] [INFO] 작업자 스레드 시작 (ThreadID: 24660)
[13:10:08.302] [INFO] 작업자 스레드 #23 생성됨
[13:10:08.302] [INFO] 작업자 스레드 시작 (ThreadID: 27920)
[13:10:08.302] [INFO] 작업자 스레드 #24 생성됨
[13:10:08.302] [INFO] 작업자 스레드 시작 (ThreadID: 5356)
[13:10:08.303] [INFO] 작업자 스레드 #25 생성됨
[13:10:08.303] [INFO] 작업자 스레드 시작 (ThreadID: 13996)
[13:10:08.303] [INFO] 작업자 스레드 #26 생성됨
[13:10:08.303] [INFO] 작업자 스레드 시작 (ThreadID: 1420)
[13:10:08.303] [INFO] 작업자 스레드 #27 생성됨
[13:10:08.303] [INFO] 작업자 스레드 시작 (ThreadID: 8508)
[13:10:08.304] [INFO] 작업자 스레드 #28 생성됨
[13:10:08.304] [INFO] 작업자 스레드 시작 (ThreadID: 468)
[13:10:08.304] [INFO] 작업자 스레드 #29 생성됨
[13:10:08.304] [INFO] 작업자 스레드 시작 (ThreadID: 5176)
[13:10:08.304] [INFO] 작업자 스레드 #30 생성됨
[13:10:08.305] [INFO] 작업자 스레드 시작 (ThreadID: 24672)
[13:10:08.305] [INFO] 작업자 스레드 #31 생성됨
[13:10:08.305] [INFO] 작업자 스레드 시작 (ThreadID: 7564)
[13:10:08.305] [INFO] 작업자 스레드 #32 생성됨
[13:10:08.305] [INFO] 작업자 스레드 시작 (ThreadID: 20524)
[13:10:08.305] [INFO] 서버 초기화 완료
[13:10:08.306] [INFO] 서버 실행. 포트 번호: 9000
[13:10:08.306] [INFO] IOCP 멀티플레이어 서버 시작됨...
[13:10:08.306] [INFO] 서버 실행 시작
[13:10:12.920] [INFO] 클라이언트 연결됨: 127.0.0.1:7022 (ID: 1)
[13:10:12.921] [INFO] 새 클라이언트에게 ID 1 전송됨
[13:10:12.921] [INFO] 새 플레이어 정보(ID: 1) 브로드캐스트 - 수신자 수: 0
[13:10:12.921] [INFO] 기존 플레이어 정보 0개가 새 클라이언트(ID: 1)에게 전송됨
[13:10:12.922] [INFO] 서버 FPS: 0.432432, 평균 프레임 시간: 462.500000ms, 클라이언트 수: 1
[13:10:12.922] [INFO] 클라이언트 연결됨: 127.0.0.1:7023 (ID: 2)
[13:10:12.922] [INFO] 새 클라이언트에게 ID 2 전송됨
[13:10:12.922] [INFO] 새 플레이어 정보(ID: 2) 브로드캐스트 - 수신자 수: 1
[13:10:12.922] [INFO] 기존 플레이어 정보 1개가 새 클라이언트(ID: 2)에게 전송됨
[13:10:12.923] [WARNING] 비정상적으로 긴 델타 타임: 4.625000초
