[12:45:31.826] [INFO] 로깅 시스템 초기화됨
[12:45:31.827] [INFO] 서버 인스턴스 생성됨
[12:45:31.827] [INFO] 서버 초기화 시작 (포트: 9000)
[12:45:31.828] [INFO] 윈속 초기화 성공
[12:45:31.829] [INFO] 리스닝 소켓 생성 성공
[12:45:31.829] [INFO] 소켓 바인딩 성공 (포트: 9000)
[12:45:31.829] [INFO] 리스닝 시작됨
[12:45:31.829] [INFO] IOCP 생성 성공
[12:45:31.830] [INFO] CPU 코어 수: 16, 생성할 작업자 스레드: 16
[12:45:31.830] [INFO] 작업자 스레드 #1 생성됨
[12:45:31.830] [INFO] 작업자 스레드 시작 (ThreadID: 34596)
[12:45:31.830] [INFO] 작업자 스레드 #2 생성됨
[12:45:31.830] [INFO] 작업자 스레드 시작 (ThreadID: 4612)
[12:45:31.831] [INFO] 작업자 스레드 #3 생성됨
[12:45:31.831] [INFO] 작업자 스레드 시작 (ThreadID: 30804)
[12:45:31.831] [INFO] 작업자 스레드 #4 생성됨
[12:45:31.831] [INFO] 작업자 스레드 시작 (ThreadID: 28168)
[12:45:31.832] [INFO] 작업자 스레드 #5 생성됨
[12:45:31.832] [INFO] 작업자 스레드 시작 (ThreadID: 29980)
[12:45:31.832] [INFO] 작업자 스레드 #6 생성됨
[12:45:31.832] [INFO] 작업자 스레드 시작 (ThreadID: 26052)
[12:45:31.832] [INFO] 작업자 스레드 #7 생성됨
[12:45:31.832] [INFO] 작업자 스레드 시작 (ThreadID: 1376)
[12:45:31.833] [INFO] 작업자 스레드 #8 생성됨
[12:45:31.833] [INFO] 작업자 스레드 시작 (ThreadID: 30604)
[12:45:31.833] [INFO] 작업자 스레드 #9 생성됨
[12:45:31.833] [INFO] 작업자 스레드 시작 (ThreadID: 12496)
[12:45:31.833] [INFO] 작업자 스레드 #10 생성됨
[12:45:31.834] [INFO] 작업자 스레드 시작 (ThreadID: 26020)
[12:45:31.834] [INFO] 작업자 스레드 #11 생성됨
[12:45:31.834] [INFO] 작업자 스레드 시작 (ThreadID: 31316)
[12:45:31.834] [INFO] 작업자 스레드 #12 생성됨
[12:45:31.835] [INFO] 작업자 스레드 시작 (ThreadID: 16224)
[12:45:31.835] [INFO] 작업자 스레드 #13 생성됨
[12:45:31.835] [INFO] 작업자 스레드 시작 (ThreadID: 27780)
[12:45:31.835] [INFO] 작업자 스레드 #14 생성됨
[12:45:31.835] [INFO] 작업자 스레드 시작 (ThreadID: 7484)
[12:45:31.836] [INFO] 작업자 스레드 #15 생성됨
[12:45:31.836] [INFO] 작업자 스레드 시작 (ThreadID: 34236)
[12:45:31.836] [INFO] 작업자 스레드 #16 생성됨
[12:45:31.836] [INFO] 서버 초기화 완료
[12:45:31.836] [INFO] 서버 실행. 포트 번호: 9000
[12:45:31.836] [INFO] IOCP 멀티플레이어 서버 시작됨...
[12:45:31.837] [INFO] 서버 실행 시작
[12:45:31.837] [INFO] 작업자 스레드 시작 (ThreadID: 1192)
[12:45:31.837] [INFO] listenSocket 논블로킹 설정 성공
[12:45:32.848] [INFO] 서버 FPS: 34.448818, 평균 프레임 시간: 0.000000ms, 클라이언트 수: 0
[12:45:33.861] [INFO] 서버 FPS: 32.512314, 평균 프레임 시간: 0.000000ms, 클라이언트 수: 0
[12:45:34.805] [INFO] 새 클라이언트에게 ID 1 전송됨
[12:45:34.806] [INFO] 새 플레이어 정보(ID: 1) 브로드캐스트 - 수신자 수: 0
[12:45:34.806] [INFO] 기존 플레이어 정보 0개가 새 클라이언트(ID: 1)에게 전송됨
[12:45:34.898] [INFO] 서버 FPS: 32.945736, 평균 프레임 시간: 0.000000ms, 클라이언트 수: 1
[12:45:34.992] [INFO] 새 클라이언트에게 ID 2 전송됨
[12:45:34.992] [INFO] 새 플레이어 정보(ID: 2) 브로드캐스트 - 수신자 수: 1
[12:45:34.992] [INFO] 기존 플레이어 정보 1개가 새 클라이언트(ID: 2)에게 전송됨
[12:45:35.922] [INFO] 서버 FPS: 32.512314, 평균 프레임 시간: 0.000000ms, 클라이언트 수: 2
[12:45:36.931] [INFO] 서버 FPS: 32.480316, 평균 프레임 시간: 0.000000ms, 클라이언트 수: 2
[12:45:37.116] [INFO] [Packet] Pong 전송 - ClientId: 1
[12:45:37.117] [INFO] [Packet] Pong 전송 - ClientId: 2
[12:45:37.959] [INFO] 서버 FPS: 32.007759, 평균 프레임 시간: 0.000000ms, 클라이언트 수: 2
[12:45:38.070] [INFO] [Packet] Pong 전송 - ClientId: 1
[12:45:38.071] [INFO] [Packet] Pong 전송 - ClientId: 2
[12:45:38.980] [INFO] 서버 FPS: 32.480316, 평균 프레임 시간: 0.000000ms, 클라이언트 수: 2
[12:45:39.089] [INFO] [Packet] Pong 전송 - ClientId: 1
[12:45:39.090] [INFO] [Packet] Pong 전송 - ClientId: 2
[12:45:39.986] [INFO] 서버 FPS: 32.512314, 평균 프레임 시간: 0.000000ms, 클라이언트 수: 2
[12:45:40.101] [INFO] [Packet] Pong 전송 - ClientId: 1
[12:45:40.103] [INFO] [Packet] Pong 전송 - ClientId: 2
[12:45:41.009] [INFO] 서버 FPS: 33.464565, 평균 프레임 시간: 0.000000ms, 클라이언트 수: 2
[12:45:41.100] [INFO] [Packet] Pong 전송 - ClientId: 1
[12:45:41.101] [INFO] [Packet] Pong 전송 - ClientId: 2
[12:45:41.771] [INFO] 입력 패킷 수신 - 클라이언트 ID: 2, Forward: 0.000000, Right: 0.000000, Yaw: 2.450000, Jump: false, Attack: false
[12:45:41.792] [INFO] 입력 패킷 수신 - 클라이언트 ID: 2, Forward: 0.000000, Right: 0.000000, Yaw: 4.725000, Jump: false, Attack: false
[12:45:41.869] [INFO] 입력 패킷 수신 - 클라이언트 ID: 2, Forward: 0.000000, Right: 0.000000, Yaw: 7.350000, Jump: false, Attack: false
[12:45:41.870] [INFO] 입력 패킷 수신 - 클라이언트 ID: 2, Forward: 0.000000, Right: 0.000000, Yaw: 14.000000, Jump: false, Attack: false
[12:45:41.969] [INFO] 입력 패킷 수신 - 클라이언트 ID: 2, Forward: 0.000000, Right: 0.000000, Yaw: 14.000000, Jump: false, Attack: true
[12:45:41.970] [INFO] 입력 패킷 수신 - 클라이언트 ID: 2, Forward: 0.000000, Right: 0.000000, Yaw: 15.750000, Jump: false, Attack: true
[12:45:42.036] [INFO] 서버 FPS: 32.007759, 평균 프레임 시간: 0.000000ms, 클라이언트 수: 2
[12:45:42.041] [INFO] [Packet] Pong 전송 - ClientId: 1
[12:45:42.042] [INFO] [Packet] Pong 전송 - ClientId: 2
[12:45:42.203] [INFO] 입력 패킷 수신 - 클라이언트 ID: 2, Forward: 1.000000, Right: 0.000000, Yaw: 15.750000, Jump: false, Attack: true
[12:45:42.523] [INFO] 입력 패킷 수신 - 클라이언트 ID: 2, Forward: 1.000000, Right: 0.000000, Yaw: 15.925000, Jump: false, Attack: true
[12:45:42.604] [INFO] 입력 패킷 수신 - 클라이언트 ID: 2, Forward: 1.000000, Right: 0.000000, Yaw: 16.450001, Jump: false, Attack: true
[12:45:43.056] [INFO] 서버 FPS: 32.480316, 평균 프레임 시간: 0.000000ms, 클라이언트 수: 2
[12:45:43.068] [INFO] [Packet] Pong 전송 - ClientId: 1
[12:45:43.069] [INFO] 입력 패킷 수신 - 클라이언트 ID: 2, Forward: -1.000000, Right: -0.000000, Yaw: 16.450001, Jump: false, Attack: false
[12:45:43.070] [INFO] [Packet] Pong 전송 - ClientId: 2
[12:45:43.301] [INFO] 입력 패킷 수신 - 클라이언트 ID: 2, Forward: -1.000000, Right: -0.000000, Yaw: 16.625000, Jump: false, Attack: false
[12:45:43.381] [INFO] 입력 패킷 수신 - 클라이언트 ID: 2, Forward: -1.000000, Right: -0.000000, Yaw: 16.800001, Jump: false, Attack: false
[12:45:43.769] [INFO] 입력 패킷 수신 - 클라이언트 ID: 2, Forward: -1.000000, Right: -0.000000, Yaw: 16.975000, Jump: false, Attack: false
[12:45:44.075] [INFO] 서버 FPS: 32.512314, 평균 프레임 시간: 0.000000ms, 클라이언트 수: 2
[12:45:44.076] [INFO] [Packet] Pong 전송 - ClientId: 1
[12:45:44.077] [INFO] [Packet] Pong 전송 - ClientId: 2
[12:45:44.077] [INFO] 입력 패킷 수신 - 클라이언트 ID: 2, Forward: -1.000000, Right: -0.000000, Yaw: 17.150000, Jump: false, Attack: false
[12:45:44.634] [INFO] 입력 패킷 수신 - 클라이언트 ID: 2, Forward: -1.000000, Right: -0.000000, Yaw: 17.150000, Jump: false, Attack: true
[12:45:45.079] [INFO] [Packet] Pong 전송 - ClientId: 1
[12:45:45.080] [INFO] [Packet] Pong 전송 - ClientId: 2
[12:45:45.080] [INFO] 입력 패킷 수신 - 클라이언트 ID: 2, Forward: -1.000000, Right: -0.000000, Yaw: 17.325001, Jump: false, Attack: true
[12:45:45.095] [INFO] 서버 FPS: 31.976744, 평균 프레임 시간: 0.000000ms, 클라이언트 수: 2
[12:45:45.768] [INFO] 입력 패킷 수신 - 클라이언트 ID: 2, Forward: -1.000000, Right: -0.000000, Yaw: 17.325001, Jump: false, Attack: false
[12:45:45.843] [INFO] 입력 패킷 수신 - 클라이언트 ID: 2, Forward: -1.000000, Right: -0.000000, Yaw: 17.500000, Jump: false, Attack: false
[12:45:46.079] [INFO] [Packet] Pong 전송 - ClientId: 1
[12:45:46.080] [INFO] [Packet] Pong 전송 - ClientId: 2
[12:45:46.081] [INFO] 입력 패킷 수신 - 클라이언트 ID: 2, Forward: -1.000000, Right: -0.000000, Yaw: 18.375000, Jump: false, Attack: false
[12:45:46.125] [INFO] 서버 FPS: 33.497536, 평균 프레임 시간: 0.000000ms, 클라이언트 수: 2
[12:45:46.162] [INFO] 입력 패킷 수신 - 클라이언트 ID: 2, Forward: -1.000000, Right: -0.000000, Yaw: 34.825001, Jump: false, Attack: false
[12:45:46.238] [INFO] 입력 패킷 수신 - 클라이언트 ID: 2, Forward: -1.000000, Right: -0.000000, Yaw: 61.775002, Jump: false, Attack: false
[12:45:46.314] [INFO] 입력 패킷 수신 - 클라이언트 ID: 2, Forward: -1.000000, Right: -0.000000, Yaw: 75.949997, Jump: false, Attack: false
[12:45:46.394] [INFO] 입력 패킷 수신 - 클라이언트 ID: 2, Forward: -1.000000, Right: -0.000000, Yaw: 101.500000, Jump: false, Attack: false
[12:45:46.473] [INFO] 입력 패킷 수신 - 클라이언트 ID: 2, Forward: -1.000000, Right: -0.000000, Yaw: 121.099998, Jump: false, Attack: false
[12:45:46.559] [INFO] 입력 패킷 수신 - 클라이언트 ID: 2, Forward: -1.000000, Right: -0.000000, Yaw: 125.474998, Jump: false, Attack: false
[12:45:46.951] [INFO] 입력 패킷 수신 - 클라이언트 ID: 2, Forward: -1.000000, Right: -0.000000, Yaw: 121.450005, Jump: false, Attack: false
[12:45:47.034] [INFO] [Packet] Pong 전송 - ClientId: 1
[12:45:47.035] [INFO] 입력 패킷 수신 - 클라이언트 ID: 2, Forward: -1.000000, Right: -0.000000, Yaw: 95.900002, Jump: false, Attack: false
[12:45:47.035] [INFO] [Packet] Pong 전송 - ClientId: 2
[12:45:47.110] [INFO] 입력 패킷 수신 - 클라이언트 ID: 2, Forward: -1.000000, Right: -0.000000, Yaw: 64.575005, Jump: false, Attack: false
[12:45:47.129] [INFO] 서버 FPS: 32.480316, 평균 프레임 시간: 0.000000ms, 클라이언트 수: 2
[12:45:47.188] [INFO] 입력 패킷 수신 - 클라이언트 ID: 2, Forward: -1.000000, Right: -0.000000, Yaw: 44.450001, Jump: false, Attack: false
[12:45:47.265] [INFO] 입력 패킷 수신 - 클라이언트 ID: 2, Forward: -1.000000, Right: -0.000000, Yaw: 23.275000, Jump: false, Attack: false
[12:45:47.342] [INFO] 입력 패킷 수신 - 클라이언트 ID: 2, Forward: -1.000000, Right: -0.000000, Yaw: 4.725001, Jump: false, Attack: false
[12:45:47.425] [INFO] 입력 패킷 수신 - 클라이언트 ID: 2, Forward: -1.000000, Right: -0.000000, Yaw: 348.625000, Jump: false, Attack: false
[12:45:47.509] [INFO] 입력 패킷 수신 - 클라이언트 ID: 2, Forward: -1.000000, Right: -0.000000, Yaw: 337.600006, Jump: false, Attack: false
[12:45:47.591] [INFO] 입력 패킷 수신 - 클라이언트 ID: 2, Forward: -1.000000, Right: -0.000000, Yaw: 332.000000, Jump: false, Attack: false
[12:45:47.672] [INFO] 입력 패킷 수신 - 클라이언트 ID: 2, Forward: -1.000000, Right: -0.000000, Yaw: 331.125000, Jump: false, Attack: false
[12:45:47.755] [INFO] 입력 패킷 수신 - 클라이언트 ID: 2, Forward: -1.000000, Right: -0.000000, Yaw: 330.250000, Jump: false, Attack: false
[12:45:47.916] [INFO] 입력 패킷 수신 - 클라이언트 ID: 2, Forward: -1.000000, Right: -0.000000, Yaw: 330.075012, Jump: false, Attack: false
[12:45:48.069] [INFO] [Packet] Pong 전송 - ClientId: 1
[12:45:48.071] [INFO] [Packet] Pong 전송 - ClientId: 2
[12:45:48.071] [INFO] 입력 패킷 수신 - 클라이언트 ID: 2, Forward: -1.000000, Right: -0.000000, Yaw: 330.250000, Jump: false, Attack: false
[12:45:48.148] [INFO] 입력 패킷 수신 - 클라이언트 ID: 2, Forward: -1.000000, Right: -0.000000, Yaw: 334.975006, Jump: false, Attack: false
[12:45:48.165] [INFO] 서버 FPS: 32.977692, 평균 프레임 시간: 0.000000ms, 클라이언트 수: 2
[12:45:48.225] [INFO] 입력 패킷 수신 - 클라이언트 ID: 2, Forward: -1.000000, Right: -0.000000, Yaw: 352.299988, Jump: false, Attack: false
[12:45:48.308] [INFO] 입력 패킷 수신 - 클라이언트 ID: 2, Forward: -1.000000, Right: -0.000000, Yaw: 16.449999, Jump: false, Attack: false
[12:45:48.386] [INFO] 입력 패킷 수신 - 클라이언트 ID: 2, Forward: -1.000000, Right: -0.000000, Yaw: 36.400002, Jump: false, Attack: false
[12:45:48.464] [INFO] 입력 패킷 수신 - 클라이언트 ID: 2, Forward: -1.000000, Right: -0.000000, Yaw: 54.075001, Jump: false, Attack: false
[12:45:48.544] [INFO] 입력 패킷 수신 - 클라이언트 ID: 2, Forward: -1.000000, Right: -0.000000, Yaw: 72.275002, Jump: false, Attack: false
[12:45:48.624] [INFO] 입력 패킷 수신 - 클라이언트 ID: 2, Forward: -1.000000, Right: -0.000000, Yaw: 88.375000, Jump: false, Attack: false
[12:45:48.705] [INFO] 입력 패킷 수신 - 클라이언트 ID: 2, Forward: -1.000000, Right: -0.000000, Yaw: 103.250000, Jump: false, Attack: false
[12:45:48.790] [INFO] 입력 패킷 수신 - 클라이언트 ID: 2, Forward: -1.000000, Right: -0.000000, Yaw: 115.325005, Jump: false, Attack: false
[12:45:48.878] [INFO] 입력 패킷 수신 - 클라이언트 ID: 2, Forward: -1.000000, Right: -0.000000, Yaw: 116.900002, Jump: false, Attack: false
[12:45:49.038] [INFO] [Packet] Pong 전송 - ClientId: 1
[12:45:49.038] [INFO] [Packet] Pong 전송 - ClientId: 2
[12:45:49.122] [INFO] 입력 패킷 수신 - 클라이언트 ID: 2, Forward: -1.000000, Right: -0.000000, Yaw: 105.175003, Jump: false, Attack: false
[12:45:49.200] [INFO] 서버 FPS: 32.977692, 평균 프레임 시간: 0.000000ms, 클라이언트 수: 2
[12:45:49.203] [INFO] 입력 패킷 수신 - 클라이언트 ID: 2, Forward: -1.000000, Right: -0.000000, Yaw: 77.000000, Jump: false, Attack: false
[12:45:49.278] [INFO] 입력 패킷 수신 - 클라이언트 ID: 2, Forward: -1.000000, Right: -0.000000, Yaw: 50.575001, Jump: false, Attack: false
[12:45:49.354] [INFO] 입력 패킷 수신 - 클라이언트 ID: 2, Forward: -1.000000, Right: -0.000000, Yaw: 30.275003, Jump: false, Attack: false
[12:45:49.434] [INFO] 입력 패킷 수신 - 클라이언트 ID: 2, Forward: -1.000000, Right: -0.000000, Yaw: 9.450002, Jump: false, Attack: false
[12:45:49.513] [INFO] 입력 패킷 수신 - 클라이언트 ID: 2, Forward: -1.000000, Right: -0.000000, Yaw: 354.924988, Jump: false, Attack: false
[12:45:49.599] [INFO] 입력 패킷 수신 - 클라이언트 ID: 2, Forward: -1.000000, Right: -0.000000, Yaw: 336.200012, Jump: false, Attack: false
[12:45:49.679] [INFO] 입력 패킷 수신 - 클라이언트 ID: 2, Forward: -1.000000, Right: -0.000000, Yaw: 325.174988, Jump: false, Attack: false
[12:45:49.763] [INFO] 입력 패킷 수신 - 클라이언트 ID: 2, Forward: -1.000000, Right: -0.000000, Yaw: 319.049988, Jump: false, Attack: false
[12:45:49.846] [INFO] 입력 패킷 수신 - 클라이언트 ID: 2, Forward: -1.000000, Right: -0.000000, Yaw: 312.750000, Jump: false, Attack: false
[12:45:49.929] [INFO] 입력 패킷 수신 - 클라이언트 ID: 2, Forward: -1.000000, Right: -0.000000, Yaw: 303.125000, Jump: false, Attack: false
[12:45:50.008] [INFO] 입력 패킷 수신 - 클라이언트 ID: 2, Forward: -1.000000, Right: -0.000000, Yaw: 296.299988, Jump: false, Attack: false
[12:45:50.090] [INFO] [Packet] Pong 전송 - ClientId: 1
[12:45:50.091] [INFO] [Packet] Pong 전송 - ClientId: 2
[12:45:50.091] [INFO] 입력 패킷 수신 - 클라이언트 ID: 2, Forward: -1.000000, Right: -0.000000, Yaw: 293.500000, Jump: false, Attack: false
[12:45:50.224] [INFO] 서버 FPS: 31.976744, 평균 프레임 시간: 0.000000ms, 클라이언트 수: 2
[12:45:50.254] [INFO] 입력 패킷 수신 - 클라이언트 ID: 2, Forward: -1.000000, Right: -0.000000, Yaw: 291.225006, Jump: false, Attack: false
[12:45:50.337] [INFO] 입력 패킷 수신 - 클라이언트 ID: 2, Forward: -1.000000, Right: -0.000000, Yaw: 290.524994, Jump: false, Attack: false
[12:45:50.420] [INFO] 입력 패킷 수신 - 클라이언트 ID: 2, Forward: -1.000000, Right: -0.000000, Yaw: 290.000000, Jump: false, Attack: false
[12:45:50.961] [INFO] 입력 패킷 수신 - 클라이언트 ID: 2, Forward: -1.000000, Right: -0.000000, Yaw: 291.225006, Jump: false, Attack: false
[12:45:51.040] [INFO] [Packet] Pong 전송 - ClientId: 1
[12:45:51.041] [INFO] 입력 패킷 수신 - 클라이언트 ID: 2, Forward: -1.000000, Right: -0.000000, Yaw: 300.674988, Jump: false, Attack: false
[12:45:51.041] [INFO] [Packet] Pong 전송 - ClientId: 2
[12:45:51.115] [INFO] 입력 패킷 수신 - 클라이언트 ID: 2, Forward: -1.000000, Right: -0.000000, Yaw: 317.125000, Jump: false, Attack: false
[12:45:51.192] [INFO] 입력 패킷 수신 - 클라이언트 ID: 2, Forward: -1.000000, Right: -0.000000, Yaw: 338.649994, Jump: false, Attack: false
[12:45:51.258] [INFO] 서버 FPS: 32.977692, 평균 프레임 시간: 0.000000ms, 클라이언트 수: 2
[12:45:51.268] [INFO] 입력 패킷 수신 - 클라이언트 ID: 2, Forward: -1.000000, Right: -0.000000, Yaw: 356.674988, Jump: false, Attack: false
[12:45:51.346] [INFO] 입력 패킷 수신 - 클라이언트 ID: 2, Forward: -1.000000, Right: -0.000000, Yaw: 5.425002, Jump: false, Attack: false
[12:45:51.425] [INFO] 입력 패킷 수신 - 클라이언트 ID: 2, Forward: -1.000000, Right: -0.000000, Yaw: 6.650002, Jump: false, Attack: false
[12:45:51.661] [INFO] 입력 패킷 수신 - 클라이언트 ID: 2, Forward: -1.000000, Right: -0.000000, Yaw: 359.299988, Jump: false, Attack: false
[12:45:51.739] [INFO] 입력 패킷 수신 - 클라이언트 ID: 2, Forward: -1.000000, Right: -0.000000, Yaw: 340.750000, Jump: false, Attack: false
[12:45:51.817] [INFO] 입력 패킷 수신 - 클라이언트 ID: 2, Forward: -1.000000, Right: -0.000000, Yaw: 326.225006, Jump: false, Attack: false
[12:45:51.896] [INFO] 입력 패킷 수신 - 클라이언트 ID: 2, Forward: -1.000000, Right: -0.000000, Yaw: 309.250000, Jump: false, Attack: false
[12:45:51.972] [INFO] 입력 패킷 수신 - 클라이언트 ID: 2, Forward: -1.000000, Right: -0.000000, Yaw: 301.899994, Jump: false, Attack: false
[12:45:52.051] [INFO] [Packet] Pong 전송 - ClientId: 1
[12:45:52.052] [INFO] 입력 패킷 수신 - 클라이언트 ID: 2, Forward: -1.000000, Right: -0.000000, Yaw: 297.174988, Jump: false, Attack: false
[12:45:52.052] [INFO] [Packet] Pong 전송 - ClientId: 2
[12:45:52.131] [INFO] 입력 패킷 수신 - 클라이언트 ID: 2, Forward: -1.000000, Right: -0.000000, Yaw: 296.299988, Jump: false, Attack: false
[12:45:52.215] [INFO] 입력 패킷 수신 - 클라이언트 ID: 2, Forward: -1.000000, Right: -0.000000, Yaw: 296.125000, Jump: false, Attack: false
[12:45:52.273] [INFO] 서버 FPS: 32.480316, 평균 프레임 시간: 0.000000ms, 클라이언트 수: 2
[12:45:52.532] [INFO] 입력 패킷 수신 - 클라이언트 ID: 2, Forward: -1.000000, Right: -0.000000, Yaw: 295.950012, Jump: false, Attack: false
[12:45:52.918] [INFO] 입력 패킷 수신 - 클라이언트 ID: 2, Forward: -1.000000, Right: -0.000000, Yaw: 298.049988, Jump: false, Attack: false
[12:45:53.249] [INFO] [Packet] Pong 전송 - ClientId: 1
[12:45:53.251] [INFO] [Packet] Pong 전송 - ClientId: 2
[12:45:53.290] [INFO] 서버 FPS: 32.512314, 평균 프레임 시간: 0.000000ms, 클라이언트 수: 2
[12:45:54.119] [INFO] [Packet] Pong 전송 - ClientId: 1
[12:45:54.120] [INFO] [Packet] Pong 전송 - ClientId: 2
[12:45:54.313] [INFO] 서버 FPS: 32.480316, 평균 프레임 시간: 0.000000ms, 클라이언트 수: 2
[12:45:54.598] [INFO] 입력 패킷 수신 - 클라이언트 ID: 1, Forward: 0.000000, Right: 0.000000, Yaw: 1.050000, Jump: false, Attack: false
[12:45:54.684] [INFO] 입력 패킷 수신 - 클라이언트 ID: 1, Forward: 0.000000, Right: 0.000000, Yaw: 8.925000, Jump: false, Attack: false
[12:45:54.765] [INFO] 입력 패킷 수신 - 클라이언트 ID: 1, Forward: 0.000000, Right: 0.000000, Yaw: 29.924999, Jump: false, Attack: false
[12:45:54.848] [INFO] 입력 패킷 수신 - 클라이언트 ID: 1, Forward: 0.000000, Right: 0.000000, Yaw: 53.900002, Jump: false, Attack: false
[12:45:54.929] [INFO] 입력 패킷 수신 - 클라이언트 ID: 1, Forward: 0.000000, Right: 0.000000, Yaw: 56.174999, Jump: false, Attack: false
[12:45:55.018] [INFO] 입력 패킷 수신 - 클라이언트 ID: 1, Forward: 0.000000, Right: 0.000000, Yaw: 81.200005, Jump: false, Attack: false
[12:45:55.102] [INFO] 입력 패킷 수신 - 클라이언트 ID: 1, Forward: 0.000000, Right: 0.000000, Yaw: 100.800003, Jump: false, Attack: false
[12:45:55.102] [INFO] [Packet] Pong 전송 - ClientId: 1
[12:45:55.103] [INFO] [Packet] Pong 전송 - ClientId: 2
[12:45:55.182] [INFO] 입력 패킷 수신 - 클라이언트 ID: 1, Forward: 0.000000, Right: 0.000000, Yaw: 104.825005, Jump: false, Attack: false
[12:45:55.260] [INFO] 입력 패킷 수신 - 클라이언트 ID: 1, Forward: 0.000000, Right: 0.000000, Yaw: 109.025002, Jump: false, Attack: false
[12:45:55.334] [INFO] 입력 패킷 수신 - 클라이언트 ID: 1, Forward: 0.000000, Right: 0.000000, Yaw: 111.300003, Jump: false, Attack: false
[12:45:55.335] [INFO] 서버 FPS: 32.007759, 평균 프레임 시간: 0.000000ms, 클라이언트 수: 2
[12:45:55.412] [INFO] 입력 패킷 수신 - 클라이언트 ID: 1, Forward: 0.000000, Right: 0.000000, Yaw: 101.500000, Jump: false, Attack: false
[12:45:55.494] [INFO] 입력 패킷 수신 - 클라이언트 ID: 1, Forward: 0.000000, Right: 0.000000, Yaw: 72.099998, Jump: false, Attack: false
[12:45:55.572] [INFO] 입력 패킷 수신 - 클라이언트 ID: 1, Forward: 0.000000, Right: 0.000000, Yaw: 46.375000, Jump: false, Attack: false
[12:45:55.648] [INFO] 입력 패킷 수신 - 클라이언트 ID: 1, Forward: 0.000000, Right: 0.000000, Yaw: 20.824999, Jump: false, Attack: false
[12:45:55.727] [INFO] 입력 패킷 수신 - 클라이언트 ID: 1, Forward: 0.000000, Right: 0.000000, Yaw: 358.774994, Jump: false, Attack: false
[12:45:55.807] [INFO] 입력 패킷 수신 - 클라이언트 ID: 1, Forward: 0.000000, Right: 0.000000, Yaw: 340.049988, Jump: false, Attack: false
[12:45:55.887] [INFO] 입력 패킷 수신 - 클라이언트 ID: 1, Forward: 0.000000, Right: 0.000000, Yaw: 320.625000, Jump: false, Attack: false
[12:45:55.966] [INFO] 입력 패킷 수신 - 클라이언트 ID: 1, Forward: 0.000000, Right: 0.000000, Yaw: 305.924988, Jump: false, Attack: false
[12:45:56.050] [INFO] 입력 패킷 수신 - 클라이언트 ID: 1, Forward: 0.000000, Right: 0.000000, Yaw: 293.325012, Jump: false, Attack: false
[12:45:56.131] [INFO] [Packet] Pong 전송 - ClientId: 1
[12:45:56.132] [INFO] 입력 패킷 수신 - 클라이언트 ID: 1, Forward: 0.000000, Right: 0.000000, Yaw: 290.524994, Jump: false, Attack: false
[12:45:56.133] [INFO] [Packet] Pong 전송 - ClientId: 2
[12:45:56.358] [INFO] 서버 FPS: 33.464565, 평균 프레임 시간: 0.000000ms, 클라이언트 수: 2
[12:45:56.525] [INFO] 입력 패킷 수신 - 클라이언트 ID: 1, Forward: 0.000000, Right: 0.000000, Yaw: 293.325012, Jump: false, Attack: false
[12:45:56.597] [INFO] 입력 패킷 수신 - 클라이언트 ID: 1, Forward: 0.000000, Right: 0.000000, Yaw: 297.350006, Jump: false, Attack: false
[12:45:56.672] [INFO] 입력 패킷 수신 - 클라이언트 ID: 1, Forward: 0.000000, Right: 0.000000, Yaw: 311.350006, Jump: false, Attack: false
[12:45:56.746] [INFO] 입력 패킷 수신 - 클라이언트 ID: 1, Forward: 0.000000, Right: 0.000000, Yaw: 329.200012, Jump: false, Attack: false
[12:45:56.821] [INFO] 입력 패킷 수신 - 클라이언트 ID: 1, Forward: 0.000000, Right: 0.000000, Yaw: 351.774994, Jump: false, Attack: false
[12:45:56.899] [INFO] 입력 패킷 수신 - 클라이언트 ID: 1, Forward: 0.000000, Right: 0.000000, Yaw: 14.349998, Jump: false, Attack: false
[12:45:56.978] [INFO] 입력 패킷 수신 - 클라이언트 ID: 1, Forward: 0.000000, Right: 0.000000, Yaw: 27.124998, Jump: false, Attack: false
[12:45:57.057] [INFO] 입력 패킷 수신 - 클라이언트 ID: 1, Forward: 0.000000, Right: 0.000000, Yaw: 33.074997, Jump: false, Attack: false
[12:45:57.146] [INFO] [Packet] Pong 전송 - ClientId: 1
[12:45:57.146] [INFO] 입력 패킷 수신 - 클라이언트 ID: 1, Forward: 0.000000, Right: 0.000000, Yaw: 33.774998, Jump: false, Attack: false
[12:45:57.147] [INFO] [Packet] Pong 전송 - ClientId: 2
[12:45:57.226] [INFO] 입력 패킷 수신 - 클라이언트 ID: 1, Forward: 0.000000, Right: 0.000000, Yaw: 33.949997, Jump: false, Attack: false
[12:45:57.378] [INFO] 서버 FPS: 32.007759, 평균 프레임 시간: 0.000000ms, 클라이언트 수: 2
[12:45:57.379] [INFO] 입력 패킷 수신 - 클라이언트 ID: 1, Forward: 0.000000, Right: 0.000000, Yaw: 27.824999, Jump: false, Attack: false
[12:45:57.455] [INFO] 입력 패킷 수신 - 클라이언트 ID: 1, Forward: 0.000000, Right: 0.000000, Yaw: 12.949999, Jump: false, Attack: false
[12:45:57.529] [INFO] 입력 패킷 수신 - 클라이언트 ID: 1, Forward: 0.000000, Right: 0.000000, Yaw: 357.375000, Jump: false, Attack: false
[12:45:57.606] [INFO] 입력 패킷 수신 - 클라이언트 ID: 1, Forward: 0.000000, Right: 0.000000, Yaw: 345.825012, Jump: false, Attack: false
[12:45:57.684] [INFO] 입력 패킷 수신 - 클라이언트 ID: 1, Forward: 0.000000, Right: 0.000000, Yaw: 334.450012, Jump: false, Attack: false
[12:45:57.765] [INFO] 입력 패킷 수신 - 클라이언트 ID: 1, Forward: 0.000000, Right: 0.000000, Yaw: 320.625000, Jump: false, Attack: false
[12:45:57.847] [INFO] 입력 패킷 수신 - 클라이언트 ID: 1, Forward: 0.000000, Right: 0.000000, Yaw: 304.700012, Jump: false, Attack: false
[12:45:57.928] [INFO] 입력 패킷 수신 - 클라이언트 ID: 1, Forward: 0.000000, Right: 0.000000, Yaw: 288.250000, Jump: false, Attack: false
[12:45:58.008] [INFO] 입력 패킷 수신 - 클라이언트 ID: 1, Forward: 0.000000, Right: 0.000000, Yaw: 271.100006, Jump: false, Attack: false
[12:45:58.092] [INFO] 입력 패킷 수신 - 클라이언트 ID: 1, Forward: 0.000000, Right: 0.000000, Yaw: 256.225006, Jump: false, Attack: false
[12:45:58.176] [INFO] [Packet] Pong 전송 - ClientId: 1
[12:45:58.177] [INFO] 입력 패킷 수신 - 클라이언트 ID: 1, Forward: 0.000000, Right: 0.000000, Yaw: 244.324997, Jump: false, Attack: false
[12:45:58.177] [INFO] [Packet] Pong 전송 - ClientId: 2
[12:45:58.256] [INFO] 입력 패킷 수신 - 클라이언트 ID: 1, Forward: 0.000000, Right: 0.000000, Yaw: 231.899994, Jump: false, Attack: false
[12:45:58.334] [INFO] 입력 패킷 수신 - 클라이언트 ID: 1, Forward: 0.000000, Right: 0.000000, Yaw: 222.625000, Jump: false, Attack: false
[12:45:58.415] [INFO] 입력 패킷 수신 - 클라이언트 ID: 1, Forward: 0.000000, Right: 0.000000, Yaw: 215.100006, Jump: false, Attack: false
[12:45:58.417] [INFO] 서버 FPS: 32.977692, 평균 프레임 시간: 0.000000ms, 클라이언트 수: 2
[12:45:58.502] [INFO] 입력 패킷 수신 - 클라이언트 ID: 1, Forward: 0.000000, Right: 0.000000, Yaw: 208.975006, Jump: false, Attack: false
[12:45:58.590] [INFO] 입력 패킷 수신 - 클라이언트 ID: 1, Forward: 0.000000, Right: 0.000000, Yaw: 203.199997, Jump: false, Attack: false
[12:45:58.671] [INFO] 입력 패킷 수신 - 클라이언트 ID: 1, Forward: 0.000000, Right: 0.000000, Yaw: 202.324997, Jump: false, Attack: false
[12:45:59.025] [INFO] 입력 패킷 수신 - 클라이언트 ID: 1, Forward: 0.000000, Right: 0.000000, Yaw: 205.824997, Jump: false, Attack: false
[12:45:59.094] [INFO] 입력 패킷 수신 - 클라이언트 ID: 1, Forward: 0.000000, Right: 0.000000, Yaw: 219.300003, Jump: false, Attack: false
[12:45:59.169] [INFO] [Packet] Pong 전송 - ClientId: 1
[12:45:59.170] [INFO] 입력 패킷 수신 - 클라이언트 ID: 1, Forward: 0.000000, Right: 0.000000, Yaw: 235.925003, Jump: false, Attack: false
[12:45:59.171] [INFO] [Packet] Pong 전송 - ClientId: 2
[12:45:59.242] [INFO] 입력 패킷 수신 - 클라이언트 ID: 1, Forward: 0.000000, Right: 0.000000, Yaw: 250.975006, Jump: false, Attack: false
[12:45:59.320] [INFO] 입력 패킷 수신 - 클라이언트 ID: 1, Forward: 0.000000, Right: 0.000000, Yaw: 268.649994, Jump: false, Attack: false
[12:45:59.397] [INFO] 입력 패킷 수신 - 클라이언트 ID: 1, Forward: 0.000000, Right: 0.000000, Yaw: 283.350006, Jump: false, Attack: false
[12:45:59.453] [INFO] 서버 FPS: 32.977692, 평균 프레임 시간: 0.000000ms, 클라이언트 수: 2
[12:45:59.482] [INFO] 입력 패킷 수신 - 클라이언트 ID: 1, Forward: 0.000000, Right: 0.000000, Yaw: 303.125000, Jump: false, Attack: false
[12:45:59.562] [INFO] 입력 패킷 수신 - 클라이언트 ID: 1, Forward: 0.000000, Right: 0.000000, Yaw: 321.500000, Jump: false, Attack: false
[12:45:59.638] [INFO] 입력 패킷 수신 - 클라이언트 ID: 1, Forward: 0.000000, Right: 0.000000, Yaw: 331.299988, Jump: false, Attack: false
[12:45:59.719] [INFO] 입력 패킷 수신 - 클라이언트 ID: 1, Forward: 0.000000, Right: 0.000000, Yaw: 340.225006, Jump: false, Attack: false
[12:45:59.796] [INFO] 입력 패킷 수신 - 클라이언트 ID: 1, Forward: 0.000000, Right: 0.000000, Yaw: 349.325012, Jump: false, Attack: false
[12:45:59.873] [INFO] 입력 패킷 수신 - 클라이언트 ID: 1, Forward: 0.000000, Right: 0.000000, Yaw: 1.050002, Jump: false, Attack: false
[12:45:59.950] [INFO] 입력 패킷 수신 - 클라이언트 ID: 1, Forward: 0.000000, Right: 0.000000, Yaw: 9.625002, Jump: false, Attack: false
[12:46:00.029] [INFO] 입력 패킷 수신 - 클라이언트 ID: 1, Forward: 0.000000, Right: 0.000000, Yaw: 13.825003, Jump: false, Attack: false
[12:46:00.105] [INFO] 입력 패킷 수신 - 클라이언트 ID: 1, Forward: 0.000000, Right: 0.000000, Yaw: 20.300003, Jump: false, Attack: false
[12:46:00.105] [INFO] [Packet] Pong 전송 - ClientId: 1
[12:46:00.106] [INFO] [Packet] Pong 전송 - ClientId: 2
[12:46:00.181] [INFO] 입력 패킷 수신 - 클라이언트 ID: 1, Forward: 0.000000, Right: 0.000000, Yaw: 28.350002, Jump: false, Attack: false
[12:46:00.258] [INFO] 입력 패킷 수신 - 클라이언트 ID: 1, Forward: 0.000000, Right: 0.000000, Yaw: 32.550003, Jump: false, Attack: false
[12:46:00.335] [INFO] 입력 패킷 수신 - 클라이언트 ID: 1, Forward: 0.000000, Right: 0.000000, Yaw: 32.725002, Jump: false, Attack: false
[12:46:00.478] [INFO] 서버 FPS: 31.976744, 평균 프레임 시간: 0.000000ms, 클라이언트 수: 2
[12:46:00.491] [INFO] 입력 패킷 수신 - 클라이언트 ID: 1, Forward: 0.000000, Right: 0.000000, Yaw: 30.275003, Jump: false, Attack: false
[12:46:00.568] [INFO] 입력 패킷 수신 - 클라이언트 ID: 1, Forward: 0.000000, Right: 0.000000, Yaw: 23.100002, Jump: false, Attack: false
[12:46:00.643] [INFO] 입력 패킷 수신 - 클라이언트 ID: 1, Forward: 0.000000, Right: 0.000000, Yaw: 11.900002, Jump: false, Attack: false
[12:46:00.719] [INFO] 입력 패킷 수신 - 클라이언트 ID: 1, Forward: 0.000000, Right: 0.000000, Yaw: 358.950012, Jump: false, Attack: false
[12:46:00.800] [INFO] 입력 패킷 수신 - 클라이언트 ID: 1, Forward: 0.000000, Right: 0.000000, Yaw: 341.100006, Jump: false, Attack: false
[12:46:00.875] [INFO] 입력 패킷 수신 - 클라이언트 ID: 1, Forward: 0.000000, Right: 0.000000, Yaw: 326.399994, Jump: false, Attack: false
[12:46:00.952] [INFO] 입력 패킷 수신 - 클라이언트 ID: 1, Forward: 0.000000, Right: 0.000000, Yaw: 317.475006, Jump: false, Attack: false
[12:46:01.033] [INFO] 입력 패킷 수신 - 클라이언트 ID: 1, Forward: 1.000000, Right: 0.000000, Yaw: 317.475006, Jump: false, Attack: false
[12:46:01.033] [INFO] 입력 패킷 수신 - 클라이언트 ID: 1, Forward: 1.000000, Right: 0.000000, Yaw: 316.774994, Jump: false, Attack: false
[12:46:01.115] [INFO] [Packet] Pong 전송 - ClientId: 1
[12:46:01.117] [INFO] [Packet] Pong 전송 - ClientId: 2
[12:46:01.193] [INFO] 입력 패킷 수신 - 클라이언트 ID: 1, Forward: 1.000000, Right: 0.000000, Yaw: 315.200012, Jump: false, Attack: false
[12:46:01.267] [INFO] 입력 패킷 수신 - 클라이언트 ID: 1, Forward: 1.000000, Right: 0.000000, Yaw: 314.325012, Jump: false, Attack: false
[12:46:01.341] [INFO] 입력 패킷 수신 - 클라이언트 ID: 1, Forward: 1.000000, Right: 0.000000, Yaw: 314.149994, Jump: false, Attack: false
[12:46:01.498] [INFO] 서버 FPS: 32.512314, 평균 프레임 시간: 0.000000ms, 클라이언트 수: 2
[12:46:01.716] [INFO] 입력 패킷 수신 - 클라이언트 ID: 1, Forward: 1.000000, Right: 0.000000, Yaw: 315.375000, Jump: false, Attack: false
[12:46:01.794] [INFO] 입력 패킷 수신 - 클라이언트 ID: 1, Forward: 1.000000, Right: 0.000000, Yaw: 328.325012, Jump: false, Attack: false
[12:46:01.874] [INFO] 입력 패킷 수신 - 클라이언트 ID: 1, Forward: 1.000000, Right: 0.000000, Yaw: 348.100006, Jump: false, Attack: false
[12:46:01.948] [INFO] 입력 패킷 수신 - 클라이언트 ID: 1, Forward: 1.000000, Right: 0.000000, Yaw: 5.075002, Jump: false, Attack: false
[12:46:02.028] [INFO] 입력 패킷 수신 - 클라이언트 ID: 1, Forward: 1.000000, Right: 0.000000, Yaw: 19.250002, Jump: false, Attack: false
[12:46:02.119] [INFO] 입력 패킷 수신 - 클라이언트 ID: 1, Forward: 1.000000, Right: 0.000000, Yaw: 34.125000, Jump: false, Attack: false
[12:46:02.120] [INFO] [Packet] Pong 전송 - ClientId: 1
[12:46:02.121] [INFO] [Packet] Pong 전송 - ClientId: 2
[12:46:02.205] [INFO] 입력 패킷 수신 - 클라이언트 ID: 1, Forward: 1.000000, Right: 0.000000, Yaw: 41.300003, Jump: false, Attack: false
[12:46:02.286] [INFO] 입력 패킷 수신 - 클라이언트 ID: 1, Forward: 1.000000, Right: 0.000000, Yaw: 47.075001, Jump: false, Attack: false
[12:46:02.364] [INFO] 입력 패킷 수신 - 클라이언트 ID: 1, Forward: 1.000000, Right: 0.000000, Yaw: 52.150002, Jump: false, Attack: false
[12:46:02.479] [INFO] 입력 패킷 수신 - 클라이언트 ID: 1, Forward: 1.000000, Right: 0.000000, Yaw: 56.875000, Jump: false, Attack: false
[12:46:02.501] [INFO] 서버 FPS: 32.480316, 평균 프레임 시간: 0.000000ms, 클라이언트 수: 2
[12:46:02.526] [INFO] 입력 패킷 수신 - 클라이언트 ID: 1, Forward: 1.000000, Right: 0.000000, Yaw: 57.050003, Jump: false, Attack: false
[12:46:03.070] [INFO] 클라이언트가 정상적으로 연결 종료함 - ID: 2
[12:46:03.071] [INFO] 클라이언트 연결 끊김 (ID: 2)
[12:46:03.071] [INFO] 클라이언트 연결 끊김 알림(ID: 2) - 수신자 수: 1
[12:46:03.082] [INFO] 클라이언트가 정상적으로 연결 종료함 - ID: 1
[12:46:03.083] [INFO] 클라이언트 연결 끊김 (ID: 1)
[12:46:03.083] [INFO] 클라이언트 연결 끊김 알림(ID: 1) - 수신자 수: 0
[12:46:03.541] [INFO] 서버 FPS: 32.977692, 평균 프레임 시간: 0.000000ms, 클라이언트 수: 0
[12:46:04.567] [INFO] 서버 FPS: 32.007759, 평균 프레임 시간: 0.000000ms, 클라이언트 수: 0
[12:46:05.609] [INFO] 서버 FPS: 32.945736, 평균 프레임 시간: 0.000000ms, 클라이언트 수: 0
[12:46:06.621] [INFO] 서버 FPS: 32.512314, 평균 프레임 시간: 0.000000ms, 클라이언트 수: 0
[12:46:07.653] [INFO] 서버 FPS: 32.945736, 평균 프레임 시간: 0.000000ms, 클라이언트 수: 0
[12:46:08.681] [INFO] 서버 FPS: 32.977692, 평균 프레임 시간: 0.000000ms, 클라이언트 수: 0
[12:46:09.704] [INFO] 서버 FPS: 33.497536, 평균 프레임 시간: 0.000000ms, 클라이언트 수: 0
[12:46:10.714] [INFO] 서버 FPS: 32.480316, 평균 프레임 시간: 0.000000ms, 클라이언트 수: 0
[12:46:11.739] [INFO] 서버 FPS: 32.977692, 평균 프레임 시간: 0.000000ms, 클라이언트 수: 0
[12:46:12.769] [INFO] 서버 FPS: 32.945736, 평균 프레임 시간: 0.000000ms, 클라이언트 수: 0
[12:46:13.783] [INFO] 서버 FPS: 33.497536, 평균 프레임 시간: 0.000000ms, 클라이언트 수: 0
[12:46:14.827] [INFO] 서버 FPS: 32.977692, 평균 프레임 시간: 0.000000ms, 클라이언트 수: 0
[12:46:15.840] [INFO] 서버 FPS: 33.464565, 평균 프레임 시간: 0.000000ms, 클라이언트 수: 0
[12:46:16.855] [INFO] 서버 FPS: 33.464565, 평균 프레임 시간: 0.000000ms, 클라이언트 수: 0
[12:46:17.879] [INFO] 서버 FPS: 33.947624, 평균 프레임 시간: 0.000000ms, 클라이언트 수: 0
[12:46:18.922] [INFO] 서버 FPS: 32.977692, 평균 프레임 시간: 0.000000ms, 클라이언트 수: 0
[12:46:19.950] [INFO] 서버 FPS: 33.947624, 평균 프레임 시간: 0.000000ms, 클라이언트 수: 0
[12:46:20.978] [INFO] 서버 FPS: 32.945736, 평균 프레임 시간: 0.000000ms, 클라이언트 수: 0
[12:46:21.995] [INFO] 서버 FPS: 33.497536, 평균 프레임 시간: 0.000000ms, 클라이언트 수: 0
[12:46:23.008] [INFO] 서버 FPS: 32.480316, 평균 프레임 시간: 0.000000ms, 클라이언트 수: 0
[12:46:24.036] [INFO] 서버 FPS: 32.007759, 평균 프레임 시간: 0.000000ms, 클라이언트 수: 0
[12:46:25.051] [INFO] 서버 FPS: 32.480316, 평균 프레임 시간: 0.000000ms, 클라이언트 수: 0
[12:46:26.076] [INFO] 서버 FPS: 32.512314, 평균 프레임 시간: 0.000000ms, 클라이언트 수: 0
[12:46:27.087] [INFO] 서버 FPS: 32.480316, 평균 프레임 시간: 0.000000ms, 클라이언트 수: 0
[12:46:28.109] [INFO] 서버 FPS: 32.480316, 평균 프레임 시간: 0.000000ms, 클라이언트 수: 0
[12:46:29.138] [INFO] 서버 FPS: 33.947624, 평균 프레임 시간: 0.000000ms, 클라이언트 수: 0
[12:46:30.147] [INFO] 서버 FPS: 32.480316, 평균 프레임 시간: 0.000000ms, 클라이언트 수: 0
[12:46:31.160] [INFO] 서버 FPS: 33.497536, 평균 프레임 시간: 0.000000ms, 클라이언트 수: 0
[12:46:32.203] [INFO] 서버 FPS: 33.947624, 평균 프레임 시간: 0.000000ms, 클라이언트 수: 0
[12:46:33.232] [INFO] 서버 FPS: 31.976744, 평균 프레임 시간: 0.000000ms, 클라이언트 수: 0
[12:46:34.260] [INFO] 서버 FPS: 32.007759, 평균 프레임 시간: 0.000000ms, 클라이언트 수: 0
[12:46:35.273] [INFO] 서버 FPS: 32.480316, 평균 프레임 시간: 0.000000ms, 클라이언트 수: 0
[12:46:36.295] [INFO] 서버 FPS: 33.497536, 평균 프레임 시간: 0.000000ms, 클라이언트 수: 0
[12:46:37.323] [INFO] 서버 FPS: 32.007759, 평균 프레임 시간: 0.000000ms, 클라이언트 수: 0
[12:46:38.350] [INFO] 서버 FPS: 32.945736, 평균 프레임 시간: 0.000000ms, 클라이언트 수: 0
[12:46:39.378] [INFO] 서버 FPS: 32.977692, 평균 프레임 시간: 0.000000ms, 클라이언트 수: 0
[12:46:40.399] [INFO] 서버 FPS: 32.480316, 평균 프레임 시간: 0.000000ms, 클라이언트 수: 0
[12:46:41.413] [INFO] 서버 FPS: 32.512314, 평균 프레임 시간: 0.000000ms, 클라이언트 수: 0
[12:46:42.442] [INFO] 서버 FPS: 32.977692, 평균 프레임 시간: 0.000000ms, 클라이언트 수: 0
[12:46:43.454] [INFO] 서버 FPS: 32.480316, 평균 프레임 시간: 0.000000ms, 클라이언트 수: 0
[12:46:44.500] [INFO] 서버 FPS: 33.947624, 평균 프레임 시간: 0.000000ms, 클라이언트 수: 0
[12:46:45.532] [INFO] 서버 FPS: 31.976744, 평균 프레임 시간: 0.000000ms, 클라이언트 수: 0
[12:46:46.540] [INFO] 서버 FPS: 32.512314, 평균 프레임 시간: 0.000000ms, 클라이언트 수: 0
[12:46:47.570] [INFO] 서버 FPS: 32.977692, 평균 프레임 시간: 0.000000ms, 클라이언트 수: 0
[12:46:48.598] [INFO] 서버 FPS: 31.976744, 평균 프레임 시간: 0.000000ms, 클라이언트 수: 0
[12:46:49.617] [INFO] 서버 FPS: 35.467979, 평균 프레임 시간: 0.000000ms, 클라이언트 수: 0
[12:46:50.648] [INFO] 서버 FPS: 32.945736, 평균 프레임 시간: 0.000000ms, 클라이언트 수: 0
[12:46:51.674] [INFO] 서버 FPS: 32.007759, 평균 프레임 시간: 0.000000ms, 클라이언트 수: 0
[12:46:52.717] [INFO] 서버 FPS: 32.977692, 평균 프레임 시간: 0.000000ms, 클라이언트 수: 0
[12:46:53.723] [INFO] 서버 FPS: 32.480316, 평균 프레임 시간: 0.000000ms, 클라이언트 수: 0
[12:46:54.760] [INFO] 서버 FPS: 32.977692, 평균 프레임 시간: 0.000000ms, 클라이언트 수: 0
[12:46:55.787] [INFO] 서버 FPS: 32.977692, 평균 프레임 시간: 0.000000ms, 클라이언트 수: 0
[12:46:56.826] [INFO] 서버 FPS: 32.977692, 평균 프레임 시간: 0.000000ms, 클라이언트 수: 0
[12:46:57.839] [INFO] 서버 FPS: 33.464565, 평균 프레임 시간: 0.000000ms, 클라이언트 수: 0
[12:46:58.869] [INFO] 서버 FPS: 32.977692, 평균 프레임 시간: 0.000000ms, 클라이언트 수: 0
[12:46:59.895] [INFO] 서버 FPS: 33.914730, 평균 프레임 시간: 0.000000ms, 클라이언트 수: 0
[12:47:00.911] [INFO] 서버 FPS: 32.512314, 평균 프레임 시간: 0.000000ms, 클라이언트 수: 0
[12:47:01.925] [INFO] 서버 FPS: 33.464565, 평균 프레임 시간: 0.000000ms, 클라이언트 수: 0
[12:47:02.939] [INFO] 서버 FPS: 32.512314, 평균 프레임 시간: 0.000000ms, 클라이언트 수: 0
[12:47:03.984] [INFO] 서버 FPS: 32.945736, 평균 프레임 시간: 0.000000ms, 클라이언트 수: 0
[12:47:05.010] [INFO] 서버 FPS: 32.977692, 평균 프레임 시간: 0.000000ms, 클라이언트 수: 0
[12:47:06.036] [INFO] 서버 FPS: 32.977692, 평균 프레임 시간: 0.000000ms, 클라이언트 수: 0
[12:47:07.050] [INFO] 서버 FPS: 33.464565, 평균 프레임 시간: 0.000000ms, 클라이언트 수: 0
[12:47:08.064] [INFO] 서버 FPS: 32.512314, 평균 프레임 시간: 0.000000ms, 클라이언트 수: 0
[12:47:09.107] [INFO] 서버 FPS: 32.945736, 평균 프레임 시간: 0.000000ms, 클라이언트 수: 0
[12:47:10.118] [INFO] 서버 FPS: 33.497536, 평균 프레임 시간: 0.000000ms, 클라이언트 수: 0
[12:47:11.151] [INFO] 서버 FPS: 32.945736, 평균 프레임 시간: 0.000000ms, 클라이언트 수: 0
[12:47:12.164] [INFO] 서버 FPS: 32.512314, 평균 프레임 시간: 0.000000ms, 클라이언트 수: 0
[12:47:13.187] [INFO] 서버 FPS: 33.464565, 평균 프레임 시간: 0.000000ms, 클라이언트 수: 0
[12:47:14.198] [INFO] 서버 FPS: 32.512314, 평균 프레임 시간: 0.000000ms, 클라이언트 수: 0
[12:47:15.209] [INFO] 서버 FPS: 33.464565, 평균 프레임 시간: 0.000000ms, 클라이언트 수: 0
[12:47:16.247] [INFO] 서버 FPS: 32.977692, 평균 프레임 시간: 0.000000ms, 클라이언트 수: 0
[12:47:17.260] [INFO] 서버 FPS: 32.480316, 평균 프레임 시간: 0.000000ms, 클라이언트 수: 0
[12:47:18.274] [INFO] 서버 FPS: 33.464565, 평균 프레임 시간: 0.000000ms, 클라이언트 수: 0
[12:47:19.305] [INFO] 서버 FPS: 32.007759, 평균 프레임 시간: 0.000000ms, 클라이언트 수: 0
[12:47:20.315] [INFO] 서버 FPS: 33.497536, 평균 프레임 시간: 0.000000ms, 클라이언트 수: 0
[12:47:21.355] [INFO] 서버 FPS: 33.914730, 평균 프레임 시간: 0.000000ms, 클라이언트 수: 0
[12:47:22.380] [INFO] 서버 FPS: 32.977692, 평균 프레임 시간: 0.000000ms, 클라이언트 수: 0
[12:47:23.394] [INFO] 서버 FPS: 33.464565, 평균 프레임 시간: 0.000000ms, 클라이언트 수: 0
[12:47:24.438] [INFO] 서버 FPS: 32.977692, 평균 프레임 시간: 0.000000ms, 클라이언트 수: 0
[12:47:25.467] [INFO] 서버 FPS: 32.977692, 평균 프레임 시간: 0.000000ms, 클라이언트 수: 0
[12:47:26.483] [INFO] 서버 FPS: 33.464565, 평균 프레임 시간: 0.000000ms, 클라이언트 수: 0
[12:47:27.510] [INFO] 서버 FPS: 32.977692, 평균 프레임 시간: 0.000000ms, 클라이언트 수: 0
[12:47:28.538] [INFO] 서버 FPS: 32.977692, 평균 프레임 시간: 0.000000ms, 클라이언트 수: 0
[12:47:29.551] [INFO] 서버 FPS: 32.480316, 평균 프레임 시간: 0.000000ms, 클라이언트 수: 0
[12:47:30.578] [INFO] 서버 FPS: 33.497536, 평균 프레임 시간: 0.000000ms, 클라이언트 수: 0
[12:47:31.595] [INFO] 서버 FPS: 32.480316, 평균 프레임 시간: 0.000000ms, 클라이언트 수: 0
[12:47:32.604] [INFO] 서버 FPS: 32.480316, 평균 프레임 시간: 0.000000ms, 클라이언트 수: 0
[12:47:33.632] [INFO] 서버 FPS: 32.007759, 평균 프레임 시간: 0.000000ms, 클라이언트 수: 0
[12:47:34.645] [INFO] 서버 FPS: 32.480316, 평균 프레임 시간: 0.000000ms, 클라이언트 수: 0
[12:47:35.658] [INFO] 서버 FPS: 32.512314, 평균 프레임 시간: 0.000000ms, 클라이언트 수: 0
[12:47:36.699] [INFO] 서버 FPS: 32.977692, 평균 프레임 시간: 0.000000ms, 클라이언트 수: 0
[12:47:37.722] [INFO] 서버 FPS: 32.945736, 평균 프레임 시간: 0.000000ms, 클라이언트 수: 0
[12:47:38.761] [INFO] 서버 FPS: 32.977692, 평균 프레임 시간: 0.000000ms, 클라이언트 수: 0
[12:47:39.786] [INFO] 서버 FPS: 32.007759, 평균 프레임 시간: 0.000000ms, 클라이언트 수: 0
[12:47:40.817] [INFO] 서버 FPS: 33.947624, 평균 프레임 시간: 0.000000ms, 클라이언트 수: 0
[12:47:41.831] [INFO] 서버 FPS: 32.480316, 평균 프레임 시간: 0.000000ms, 클라이언트 수: 0
[12:47:42.872] [INFO] 서버 FPS: 32.977692, 평균 프레임 시간: 0.000000ms, 클라이언트 수: 0
[12:47:43.886] [INFO] 서버 FPS: 32.480316, 평균 프레임 시간: 0.000000ms, 클라이언트 수: 0
[12:47:44.916] [INFO] 서버 FPS: 32.977692, 평균 프레임 시간: 0.000000ms, 클라이언트 수: 0
[12:47:45.927] [INFO] 서버 FPS: 32.480316, 평균 프레임 시간: 0.000000ms, 클라이언트 수: 0
[12:47:46.941] [INFO] 서버 FPS: 32.512314, 평균 프레임 시간: 0.000000ms, 클라이언트 수: 0
[12:47:47.955] [INFO] 서버 FPS: 33.464565, 평균 프레임 시간: 0.000000ms, 클라이언트 수: 0
[12:47:48.997] [INFO] 서버 FPS: 32.977692, 평균 프레임 시간: 0.000000ms, 클라이언트 수: 0
[12:47:50.027] [INFO] 서버 FPS: 31.976744, 평균 프레임 시간: 0.000000ms, 클라이언트 수: 0
[12:47:51.041] [INFO] 서버 FPS: 33.497536, 평균 프레임 시간: 0.000000ms, 클라이언트 수: 0
[12:47:52.055] [INFO] 서버 FPS: 33.464565, 평균 프레임 시간: 0.000000ms, 클라이언트 수: 0
[12:47:53.079] [INFO] 서버 FPS: 33.497536, 평균 프레임 시간: 0.000000ms, 클라이언트 수: 0
[12:47:54.086] [INFO] 서버 FPS: 33.464565, 평균 프레임 시간: 0.000000ms, 클라이언트 수: 0
[12:47:55.113] [INFO] 서버 FPS: 32.977692, 평균 프레임 시간: 0.000000ms, 클라이언트 수: 0
[12:47:56.156] [INFO] 서버 FPS: 32.945736, 평균 프레임 시간: 0.000000ms, 클라이언트 수: 0
[12:47:57.179] [INFO] 서버 FPS: 32.977692, 평균 프레임 시간: 0.000000ms, 클라이언트 수: 0
[12:47:58.207] [INFO] 서버 FPS: 32.977692, 평균 프레임 시간: 0.000000ms, 클라이언트 수: 0
[12:47:59.231] [INFO] 서버 FPS: 33.464565, 평균 프레임 시간: 0.000000ms, 클라이언트 수: 0
[12:48:00.256] [INFO] 서버 FPS: 33.947624, 평균 프레임 시간: 0.000000ms, 클라이언트 수: 0
[12:48:01.297] [INFO] 서버 FPS: 32.977692, 평균 프레임 시간: 0.000000ms, 클라이언트 수: 0
[12:48:02.311] [INFO] 서버 FPS: 32.480316, 평균 프레임 시간: 0.000000ms, 클라이언트 수: 0
[12:48:03.337] [INFO] 서버 FPS: 32.977692, 평균 프레임 시간: 0.000000ms, 클라이언트 수: 0
[12:48:04.348] [INFO] 서버 FPS: 34.448818, 평균 프레임 시간: 0.000000ms, 클라이언트 수: 0
[12:48:05.376] [INFO] 서버 FPS: 33.497536, 평균 프레임 시간: 0.000000ms, 클라이언트 수: 0
[12:48:06.402] [INFO] 서버 FPS: 32.945736, 평균 프레임 시간: 0.000000ms, 클라이언트 수: 0
[12:48:07.427] [INFO] 서버 FPS: 32.977692, 평균 프레임 시간: 0.000000ms, 클라이언트 수: 0
[12:48:08.468] [INFO] 서버 FPS: 32.977692, 평균 프레임 시간: 0.000000ms, 클라이언트 수: 0
[12:48:09.479] [INFO] 서버 FPS: 32.480316, 평균 프레임 시간: 0.000000ms, 클라이언트 수: 0
[12:48:10.506] [INFO] 서버 FPS: 33.947624, 평균 프레임 시간: 0.000000ms, 클라이언트 수: 0
[12:48:10.632] [INFO] 새 클라이언트에게 ID 3 전송됨
[12:48:10.632] [INFO] 새 플레이어 정보(ID: 3) 브로드캐스트 - 수신자 수: 0
[12:48:10.632] [INFO] 기존 플레이어 정보 0개가 새 클라이언트(ID: 3)에게 전송됨
[12:48:10.850] [INFO] 새 클라이언트에게 ID 4 전송됨
[12:48:10.851] [INFO] 새 플레이어 정보(ID: 4) 브로드캐스트 - 수신자 수: 1
[12:48:10.851] [INFO] 기존 플레이어 정보 1개가 새 클라이언트(ID: 4)에게 전송됨
[12:48:11.534] [INFO] 서버 FPS: 32.007759, 평균 프레임 시간: 0.000000ms, 클라이언트 수: 2
[12:48:12.576] [INFO] 서버 FPS: 33.947624, 평균 프레임 시간: 0.000000ms, 클라이언트 수: 2
[12:48:12.938] [INFO] [Packet] Pong 전송 - ClientId: 3
[12:48:12.939] [INFO] [Packet] Pong 전송 - ClientId: 4
[12:48:13.596] [INFO] 서버 FPS: 31.976744, 평균 프레임 시간: 0.000000ms, 클라이언트 수: 2
[12:48:13.903] [INFO] [Packet] Pong 전송 - ClientId: 3
[12:48:13.905] [INFO] [Packet] Pong 전송 - ClientId: 4
[12:48:14.130] [INFO] 입력 패킷 수신 - 클라이언트 ID: 4, Forward: 0.000000, Right: 0.000000, Yaw: 359.825012, Jump: false, Attack: false
[12:48:14.203] [INFO] 입력 패킷 수신 - 클라이언트 ID: 4, Forward: 0.000000, Right: 0.000000, Yaw: 359.649994, Jump: false, Attack: false
[12:48:14.361] [INFO] 입력 패킷 수신 - 클라이언트 ID: 4, Forward: 0.000000, Right: 0.000000, Yaw: 359.475006, Jump: false, Attack: false
[12:48:14.528] [INFO] 입력 패킷 수신 - 클라이언트 ID: 4, Forward: 0.000000, Right: 0.000000, Yaw: 359.299988, Jump: false, Attack: false
[12:48:14.613] [INFO] 서버 FPS: 32.512314, 평균 프레임 시간: 0.000000ms, 클라이언트 수: 2
[12:48:14.907] [INFO] [Packet] Pong 전송 - ClientId: 3
[12:48:14.908] [INFO] [Packet] Pong 전송 - ClientId: 4
[12:48:15.203] [INFO] 입력 패킷 수신 - 클라이언트 ID: 4, Forward: 0.000000, Right: 0.000000, Yaw: 359.475006, Jump: false, Attack: false
[12:48:15.277] [INFO] 입력 패킷 수신 - 클라이언트 ID: 4, Forward: 0.000000, Right: 0.000000, Yaw: 0.000000, Jump: false, Attack: false
[12:48:15.356] [INFO] 입력 패킷 수신 - 클라이언트 ID: 4, Forward: 0.000000, Right: 0.000000, Yaw: 0.525000, Jump: false, Attack: false
[12:48:15.433] [INFO] 입력 패킷 수신 - 클라이언트 ID: 4, Forward: 0.000000, Right: 0.000000, Yaw: 3.325000, Jump: false, Attack: false
[12:48:15.518] [INFO] 입력 패킷 수신 - 클라이언트 ID: 4, Forward: 0.000000, Right: 0.000000, Yaw: 28.700001, Jump: false, Attack: false
[12:48:15.594] [INFO] 입력 패킷 수신 - 클라이언트 ID: 4, Forward: 0.000000, Right: 0.000000, Yaw: 53.549999, Jump: false, Attack: false
[12:48:15.630] [INFO] 서버 FPS: 32.480316, 평균 프레임 시간: 0.000000ms, 클라이언트 수: 2
[12:48:15.668] [INFO] 입력 패킷 수신 - 클라이언트 ID: 4, Forward: 0.000000, Right: 0.000000, Yaw: 77.000000, Jump: false, Attack: false
[12:48:15.745] [INFO] 입력 패킷 수신 - 클라이언트 ID: 4, Forward: 0.000000, Right: 0.000000, Yaw: 89.775002, Jump: false, Attack: false
[12:48:15.827] [INFO] 입력 패킷 수신 - 클라이언트 ID: 4, Forward: 0.000000, Right: 0.000000, Yaw: 107.099998, Jump: false, Attack: false
[12:48:15.910] [INFO] [Packet] Pong 전송 - ClientId: 3
[12:48:15.911] [INFO] [Packet] Pong 전송 - ClientId: 4
[12:48:15.912] [INFO] 입력 패킷 수신 - 클라이언트 ID: 4, Forward: 0.000000, Right: 0.000000, Yaw: 118.299995, Jump: false, Attack: false
[12:48:15.993] [INFO] 입력 패킷 수신 - 클라이언트 ID: 4, Forward: 0.000000, Right: 0.000000, Yaw: 131.250000, Jump: false, Attack: false
[12:48:16.073] [INFO] 입력 패킷 수신 - 클라이언트 ID: 4, Forward: 0.000000, Right: 0.000000, Yaw: 140.000000, Jump: false, Attack: false
[12:48:16.151] [INFO] 입력 패킷 수신 - 클라이언트 ID: 4, Forward: 0.000000, Right: 0.000000, Yaw: 149.274994, Jump: false, Attack: false
[12:48:16.227] [INFO] 입력 패킷 수신 - 클라이언트 ID: 4, Forward: 0.000000, Right: 0.000000, Yaw: 151.550003, Jump: false, Attack: false
[12:48:16.312] [INFO] 입력 패킷 수신 - 클라이언트 ID: 4, Forward: 0.000000, Right: 0.000000, Yaw: 157.149994, Jump: false, Attack: false
[12:48:16.399] [INFO] 입력 패킷 수신 - 클라이언트 ID: 4, Forward: 0.000000, Right: 0.000000, Yaw: 160.649994, Jump: false, Attack: false
[12:48:16.480] [INFO] 입력 패킷 수신 - 클라이언트 ID: 4, Forward: 0.000000, Right: 0.000000, Yaw: 160.824997, Jump: false, Attack: false
[12:48:16.649] [INFO] 서버 FPS: 32.480316, 평균 프레임 시간: 0.000000ms, 클라이언트 수: 2
[12:48:16.922] [INFO] [Packet] Pong 전송 - ClientId: 3
[12:48:16.923] [INFO] [Packet] Pong 전송 - ClientId: 4
[12:48:17.069] [INFO] 입력 패킷 수신 - 클라이언트 ID: 4, Forward: 0.000000, Right: 0.000000, Yaw: 160.649994, Jump: false, Attack: false
[12:48:17.141] [INFO] 입력 패킷 수신 - 클라이언트 ID: 4, Forward: 0.000000, Right: 0.000000, Yaw: 149.625000, Jump: false, Attack: false
[12:48:17.222] [INFO] 입력 패킷 수신 - 클라이언트 ID: 4, Forward: 0.000000, Right: 0.000000, Yaw: 112.699997, Jump: false, Attack: false
[12:48:17.297] [INFO] 입력 패킷 수신 - 클라이언트 ID: 4, Forward: 0.000000, Right: 0.000000, Yaw: 81.549995, Jump: false, Attack: false
[12:48:17.369] [INFO] 입력 패킷 수신 - 클라이언트 ID: 4, Forward: 0.000000, Right: 0.000000, Yaw: 58.624996, Jump: false, Attack: false
[12:48:17.442] [INFO] 입력 패킷 수신 - 클라이언트 ID: 4, Forward: 0.000000, Right: 0.000000, Yaw: 31.849997, Jump: false, Attack: false
[12:48:17.523] [INFO] 입력 패킷 수신 - 클라이언트 ID: 4, Forward: 0.000000, Right: 0.000000, Yaw: 8.924997, Jump: false, Attack: false
[12:48:17.601] [INFO] 입력 패킷 수신 - 클라이언트 ID: 4, Forward: 0.000000, Right: 0.000000, Yaw: 354.924988, Jump: false, Attack: false
[12:48:17.671] [INFO] 서버 FPS: 33.497536, 평균 프레임 시간: 0.000000ms, 클라이언트 수: 2
[12:48:17.690] [INFO] 입력 패킷 수신 - 클라이언트 ID: 4, Forward: 0.000000, Right: 0.000000, Yaw: 348.975006, Jump: false, Attack: false
[12:48:17.773] [INFO] 입력 패킷 수신 - 클라이언트 ID: 4, Forward: 0.000000, Right: 0.000000, Yaw: 344.774994, Jump: false, Attack: false
[12:48:17.851] [INFO] 입력 패킷 수신 - 클라이언트 ID: 4, Forward: 0.000000, Right: 0.000000, Yaw: 339.700012, Jump: false, Attack: false
[12:48:17.929] [INFO] [Packet] Pong 전송 - ClientId: 3
[12:48:17.930] [INFO] [Packet] Pong 전송 - ClientId: 4
[12:48:17.930] [INFO] 입력 패킷 수신 - 클라이언트 ID: 4, Forward: 0.000000, Right: 0.000000, Yaw: 337.950012, Jump: false, Attack: false
[12:48:18.008] [INFO] 입력 패킷 수신 - 클라이언트 ID: 4, Forward: 0.000000, Right: 0.000000, Yaw: 336.375000, Jump: false, Attack: false
[12:48:18.085] [INFO] 입력 패킷 수신 - 클라이언트 ID: 4, Forward: -0.000000, Right: -1.000000, Yaw: 336.375000, Jump: false, Attack: false
[12:48:18.086] [INFO] 입력 패킷 수신 - 클라이언트 ID: 4, Forward: -0.000000, Right: -1.000000, Yaw: 335.674988, Jump: false, Attack: false
[12:48:18.234] [INFO] 입력 패킷 수신 - 클라이언트 ID: 4, Forward: 1.000000, Right: -1.000000, Yaw: 335.674988, Jump: false, Attack: false
[12:48:18.599] [INFO] 입력 패킷 수신 - 클라이언트 ID: 4, Forward: 1.000000, Right: 0.000000, Yaw: 335.674988, Jump: false, Attack: false
[12:48:18.599] [INFO] 입력 패킷 수신 - 클라이언트 ID: 4, Forward: 1.000000, Right: 0.000000, Yaw: 335.850006, Jump: false, Attack: false
[12:48:18.690] [INFO] 입력 패킷 수신 - 클라이언트 ID: 4, Forward: 1.000000, Right: 0.000000, Yaw: 335.850006, Jump: false, Attack: true
[12:48:18.690] [INFO] 입력 패킷 수신 - 클라이언트 ID: 4, Forward: 1.000000, Right: 0.000000, Yaw: 336.024994, Jump: false, Attack: true
[12:48:18.691] [INFO] 서버 FPS: 32.977692, 평균 프레임 시간: 0.000000ms, 클라이언트 수: 2
[12:48:18.934] [INFO] [Packet] Pong 전송 - ClientId: 3
[12:48:18.935] [INFO] [Packet] Pong 전송 - ClientId: 4
[12:48:19.518] [INFO] 입력 패킷 수신 - 클라이언트 ID: 4, Forward: -1.000000, Right: -0.000000, Yaw: 336.024994, Jump: false, Attack: true
[12:48:19.712] [INFO] 서버 FPS: 32.480316, 평균 프레임 시간: 0.000000ms, 클라이언트 수: 2
[12:48:19.797] [INFO] 입력 패킷 수신 - 클라이언트 ID: 4, Forward: -1.000000, Right: 1.000000, Yaw: 336.024994, Jump: false, Attack: false
[12:48:19.866] [INFO] [Packet] Pong 전송 - ClientId: 3
[12:48:19.867] [INFO] 입력 패킷 수신 - 클라이언트 ID: 4, Forward: 0.000000, Right: 1.000000, Yaw: 336.024994, Jump: false, Attack: false
[12:48:19.868] [INFO] [Packet] Pong 전송 - ClientId: 4
[12:48:20.079] [INFO] 입력 패킷 수신 - 클라이언트 ID: 4, Forward: 0.000000, Right: 1.000000, Yaw: 336.375000, Jump: false, Attack: false
[12:48:20.149] [INFO] 입력 패킷 수신 - 클라이언트 ID: 4, Forward: 0.000000, Right: 1.000000, Yaw: 336.725006, Jump: false, Attack: false
[12:48:20.228] [INFO] 입력 패킷 수신 - 클라이언트 ID: 4, Forward: 0.000000, Right: 1.000000, Yaw: 338.125000, Jump: false, Attack: false
[12:48:20.303] [INFO] 입력 패킷 수신 - 클라이언트 ID: 4, Forward: 0.000000, Right: 1.000000, Yaw: 341.450012, Jump: false, Attack: false
[12:48:20.380] [INFO] 입력 패킷 수신 - 클라이언트 ID: 4, Forward: 0.000000, Right: 1.000000, Yaw: 345.475006, Jump: false, Attack: false
[12:48:20.451] [INFO] 입력 패킷 수신 - 클라이언트 ID: 4, Forward: 0.000000, Right: 1.000000, Yaw: 351.950012, Jump: false, Attack: false
[12:48:20.522] [INFO] 입력 패킷 수신 - 클라이언트 ID: 4, Forward: 0.000000, Right: 1.000000, Yaw: 359.299988, Jump: false, Attack: false
[12:48:20.605] [INFO] 입력 패킷 수신 - 클라이언트 ID: 4, Forward: 0.000000, Right: 1.000000, Yaw: 2.449998, Jump: false, Attack: false
[12:48:20.682] [INFO] 입력 패킷 수신 - 클라이언트 ID: 4, Forward: 0.000000, Right: 1.000000, Yaw: 6.824997, Jump: false, Attack: false
[12:48:20.730] [INFO] 서버 FPS: 32.480316, 평균 프레임 시간: 0.000000ms, 클라이언트 수: 2
[12:48:20.920] [INFO] [Packet] Pong 전송 - ClientId: 3
[12:48:20.921] [INFO] 입력 패킷 수신 - 클라이언트 ID: 4, Forward: 0.000000, Right: 1.000000, Yaw: 6.824997, Jump: false, Attack: true
[12:48:20.922] [INFO] [Packet] Pong 전송 - ClientId: 4
[12:48:21.359] [INFO] 입력 패킷 수신 - 클라이언트 ID: 4, Forward: 1.000000, Right: -1.000000, Yaw: 6.824997, Jump: false, Attack: true
[12:48:21.587] [INFO] 입력 패킷 수신 - 클라이언트 ID: 4, Forward: -0.000000, Right: -1.000000, Yaw: 6.824997, Jump: false, Attack: true
[12:48:21.754] [INFO] 서버 FPS: 32.007759, 평균 프레임 시간: 0.000000ms, 클라이언트 수: 2
[12:48:21.897] [INFO] [Packet] Pong 전송 - ClientId: 3
[12:48:21.897] [INFO] 입력 패킷 수신 - 클라이언트 ID: 4, Forward: -1.000000, Right: -1.000000, Yaw: 6.824997, Jump: false, Attack: true
[12:48:21.898] [INFO] [Packet] Pong 전송 - ClientId: 4
[12:48:21.971] [INFO] 입력 패킷 수신 - 클라이언트 ID: 4, Forward: -1.000000, Right: -1.000000, Yaw: 6.824997, Jump: false, Attack: false
[12:48:22.272] [INFO] 입력 패킷 수신 - 클라이언트 ID: 4, Forward: -1.000000, Right: -1.000000, Yaw: 6.649998, Jump: false, Attack: false
[12:48:22.346] [INFO] 입력 패킷 수신 - 클라이언트 ID: 4, Forward: -0.000000, Right: -1.000000, Yaw: 6.649998, Jump: false, Attack: false
[12:48:22.346] [INFO] 입력 패킷 수신 - 클라이언트 ID: 4, Forward: -0.000000, Right: -1.000000, Yaw: 6.474998, Jump: false, Attack: false
[12:48:22.420] [INFO] 입력 패킷 수신 - 클라이언트 ID: 4, Forward: -0.000000, Right: -1.000000, Yaw: 6.299998, Jump: false, Attack: false
[12:48:22.718] [INFO] 입력 패킷 수신 - 클라이언트 ID: 4, Forward: 1.000000, Right: -1.000000, Yaw: 6.299998, Jump: false, Attack: false
[12:48:22.777] [INFO] 서버 FPS: 32.480316, 평균 프레임 시간: 0.000000ms, 클라이언트 수: 2
[12:48:22.802] [INFO] 입력 패킷 수신 - 클라이언트 ID: 4, Forward: 1.000000, Right: 0.000000, Yaw: 6.299998, Jump: false, Attack: true
[12:48:22.874] [INFO] [Packet] Pong 전송 - ClientId: 3
[12:48:22.876] [INFO] [Packet] Pong 전송 - ClientId: 4
[12:48:23.810] [INFO] 서버 FPS: 32.977692, 평균 프레임 시간: 0.000000ms, 클라이언트 수: 2
[12:48:24.027] [INFO] 클라이언트가 정상적으로 연결 종료함 - ID: 4
[12:48:24.027] [INFO] 클라이언트 연결 끊김 (ID: 4)
[12:48:24.027] [INFO] 클라이언트 연결 끊김 알림(ID: 4) - 수신자 수: 1
[12:48:24.040] [INFO] 클라이언트가 정상적으로 연결 종료함 - ID: 3
[12:48:24.040] [INFO] 클라이언트 연결 끊김 (ID: 3)
[12:48:24.040] [INFO] 클라이언트 연결 끊김 알림(ID: 3) - 수신자 수: 0
[12:48:24.838] [INFO] 서버 FPS: 33.947624, 평균 프레임 시간: 0.000000ms, 클라이언트 수: 0
[12:48:25.875] [INFO] 서버 FPS: 32.977692, 평균 프레임 시간: 0.000000ms, 클라이언트 수: 0
[12:48:26.879] [INFO] 서버 FPS: 32.480316, 평균 프레임 시간: 0.000000ms, 클라이언트 수: 0
[12:48:27.898] [INFO] 서버 FPS: 33.464565, 평균 프레임 시간: 0.000000ms, 클라이언트 수: 0
[12:48:28.921] [INFO] 서버 FPS: 33.497536, 평균 프레임 시간: 0.000000ms, 클라이언트 수: 0
[12:48:29.929] [INFO] 서버 FPS: 33.464565, 평균 프레임 시간: 0.000000ms, 클라이언트 수: 0
[12:48:30.968] [INFO] 서버 FPS: 32.977692, 평균 프레임 시간: 0.000000ms, 클라이언트 수: 0
[12:48:31.972] [INFO] 서버 FPS: 33.464565, 평균 프레임 시간: 0.000000ms, 클라이언트 수: 0
[12:48:32.994] [INFO] 서버 FPS: 33.497536, 평균 프레임 시간: 0.000000ms, 클라이언트 수: 0
[12:48:34.014] [INFO] 서버 FPS: 32.480316, 평균 프레임 시간: 0.000000ms, 클라이언트 수: 0
[12:48:35.019] [INFO] 서버 FPS: 34.448818, 평균 프레임 시간: 0.000000ms, 클라이언트 수: 0
[12:48:36.046] [INFO] 서버 FPS: 33.497536, 평균 프레임 시간: 0.000000ms, 클라이언트 수: 0
[12:48:37.056] [INFO] 서버 FPS: 35.433071, 평균 프레임 시간: 0.000000ms, 클라이언트 수: 0
[12:48:38.077] [INFO] 서버 FPS: 33.497536, 평균 프레임 시간: 0.000000ms, 클라이언트 수: 0
[12:48:39.080] [INFO] 서버 FPS: 32.480316, 평균 프레임 시간: 0.000000ms, 클라이언트 수: 0
[12:48:40.120] [INFO] 서버 FPS: 33.947624, 평균 프레임 시간: 0.000000ms, 클라이언트 수: 0
[12:48:41.156] [INFO] 서버 FPS: 32.945736, 평균 프레임 시간: 0.000000ms, 클라이언트 수: 0
[12:48:42.178] [INFO] 서버 FPS: 32.977692, 평균 프레임 시간: 0.000000ms, 클라이언트 수: 0
[12:48:43.200] [INFO] 서버 FPS: 33.497536, 평균 프레임 시간: 0.000000ms, 클라이언트 수: 0
[12:48:44.235] [INFO] 서버 FPS: 32.945736, 평균 프레임 시간: 0.000000ms, 클라이언트 수: 0
[12:48:45.242] [INFO] 서버 FPS: 32.512314, 평균 프레임 시간: 0.000000ms, 클라이언트 수: 0
[12:48:46.262] [INFO] 서버 FPS: 33.464565, 평균 프레임 시간: 0.000000ms, 클라이언트 수: 0
[12:48:47.286] [INFO] 서버 FPS: 32.007759, 평균 프레임 시간: 0.000000ms, 클라이언트 수: 0
[12:48:48.316] [INFO] 서버 FPS: 32.977692, 평균 프레임 시간: 0.000000ms, 클라이언트 수: 0
[12:48:49.357] [INFO] 서버 FPS: 32.945736, 평균 프레임 시간: 0.000000ms, 클라이언트 수: 0
[12:48:50.383] [INFO] 서버 FPS: 32.977692, 평균 프레임 시간: 0.000000ms, 클라이언트 수: 0
[12:48:51.392] [INFO] 서버 FPS: 32.480316, 평균 프레임 시간: 0.000000ms, 클라이언트 수: 0
[12:48:52.436] [INFO] 서버 FPS: 32.977692, 평균 프레임 시간: 0.000000ms, 클라이언트 수: 0
[12:48:53.464] [INFO] 서버 FPS: 32.007759, 평균 프레임 시간: 0.000000ms, 클라이언트 수: 0
[12:48:54.479] [INFO] 서버 FPS: 32.480316, 평균 프레임 시간: 0.000000ms, 클라이언트 수: 0
[12:48:55.507] [INFO] 서버 FPS: 32.977692, 평균 프레임 시간: 0.000000ms, 클라이언트 수: 0
[12:48:56.539] [INFO] 서버 FPS: 33.947624, 평균 프레임 시간: 0.000000ms, 클라이언트 수: 0
[12:48:57.551] [INFO] 서버 FPS: 33.464565, 평균 프레임 시간: 0.000000ms, 클라이언트 수: 0
[12:48:58.579] [INFO] 서버 FPS: 32.977692, 평균 프레임 시간: 0.000000ms, 클라이언트 수: 0
[12:48:59.625] [INFO] 서버 FPS: 32.977692, 평균 프레임 시간: 0.000000ms, 클라이언트 수: 0
[12:49:00.654] [INFO] 서버 FPS: 32.945736, 평균 프레임 시간: 0.000000ms, 클라이언트 수: 0
[12:49:01.667] [INFO] 서버 FPS: 32.512314, 평균 프레임 시간: 0.000000ms, 클라이언트 수: 0
[12:49:02.695] [INFO] 서버 FPS: 32.007759, 평균 프레임 시간: 0.000000ms, 클라이언트 수: 0
[12:49:03.709] [INFO] 서버 FPS: 33.464565, 평균 프레임 시간: 0.000000ms, 클라이언트 수: 0
[12:49:04.736] [INFO] 서버 FPS: 32.977692, 평균 프레임 시간: 0.000000ms, 클라이언트 수: 0
[12:49:05.781] [INFO] 서버 FPS: 33.914730, 평균 프레임 시간: 0.000000ms, 클라이언트 수: 0
[12:49:06.787] [INFO] 서버 FPS: 35.467979, 평균 프레임 시간: 0.000000ms, 클라이언트 수: 0
[12:49:07.803] [INFO] 서버 FPS: 35.433071, 평균 프레임 시간: 0.000000ms, 클라이언트 수: 0
[12:49:08.818] [INFO] 서버 FPS: 33.497536, 평균 프레임 시간: 0.000000ms, 클라이언트 수: 0
[12:49:09.845] [INFO] 서버 FPS: 34.448818, 평균 프레임 시간: 0.000000ms, 클라이언트 수: 0
[12:49:10.874] [INFO] 서버 FPS: 33.947624, 평균 프레임 시간: 0.000000ms, 클라이언트 수: 0
[12:49:11.885] [INFO] 서버 FPS: 32.480316, 평균 프레임 시간: 0.000000ms, 클라이언트 수: 0
[12:49:12.919] [INFO] 서버 FPS: 33.947624, 평균 프레임 시간: 0.000000ms, 클라이언트 수: 0
[12:49:13.947] [INFO] 서버 FPS: 32.977692, 평균 프레임 시간: 0.000000ms, 클라이언트 수: 0
[12:49:14.957] [INFO] 서버 FPS: 32.480316, 평균 프레임 시간: 0.000000ms, 클라이언트 수: 0
[12:49:15.970] [INFO] 서버 FPS: 32.480316, 평균 프레임 시간: 0.000000ms, 클라이언트 수: 0
[12:49:17.000] [INFO] 서버 FPS: 32.512314, 평균 프레임 시간: 0.000000ms, 클라이언트 수: 0
[12:49:18.030] [INFO] 서버 FPS: 32.945736, 평균 프레임 시간: 0.000000ms, 클라이언트 수: 0
[12:49:19.056] [INFO] 서버 FPS: 32.977692, 평균 프레임 시간: 0.000000ms, 클라이언트 수: 0
[12:49:20.082] [INFO] 서버 FPS: 32.007759, 평균 프레임 시간: 0.000000ms, 클라이언트 수: 0
[12:49:21.112] [INFO] 서버 FPS: 33.947624, 평균 프레임 시간: 0.000000ms, 클라이언트 수: 0
[12:49:22.153] [INFO] 서버 FPS: 32.945736, 평균 프레임 시간: 0.000000ms, 클라이언트 수: 0
[12:49:23.184] [INFO] 서버 FPS: 32.977692, 평균 프레임 시간: 0.000000ms, 클라이언트 수: 0
[12:49:24.213] [INFO] 서버 FPS: 33.947624, 평균 프레임 시간: 0.000000ms, 클라이언트 수: 0
[12:49:25.226] [INFO] 서버 FPS: 34.448818, 평균 프레임 시간: 0.000000ms, 클라이언트 수: 0
[12:49:26.265] [INFO] 서버 FPS: 33.947624, 평균 프레임 시간: 0.000000ms, 클라이언트 수: 0
[12:49:27.279] [INFO] 서버 FPS: 33.464565, 평균 프레임 시간: 0.000000ms, 클라이언트 수: 0
[12:49:28.289] [INFO] 서버 FPS: 33.497536, 평균 프레임 시간: 0.000000ms, 클라이언트 수: 0
[12:49:29.316] [INFO] 서버 FPS: 32.007759, 평균 프레임 시간: 0.000000ms, 클라이언트 수: 0
[12:49:30.334] [INFO] 서버 FPS: 32.480316, 평균 프레임 시간: 0.000000ms, 클라이언트 수: 0
[12:49:31.348] [INFO] 서버 FPS: 33.464565, 평균 프레임 시간: 0.000000ms, 클라이언트 수: 0
[12:49:32.376] [INFO] 서버 FPS: 33.497536, 평균 프레임 시간: 0.000000ms, 클라이언트 수: 0
[12:49:33.387] [INFO] 서버 FPS: 32.480316, 평균 프레임 시간: 0.000000ms, 클라이언트 수: 0
[12:49:34.417] [INFO] 서버 FPS: 33.947624, 평균 프레임 시간: 0.000000ms, 클라이언트 수: 0
[12:49:35.425] [INFO] 서버 FPS: 33.464565, 평균 프레임 시간: 0.000000ms, 클라이언트 수: 0
[12:49:36.454] [INFO] 서버 FPS: 33.497536, 평균 프레임 시간: 0.000000ms, 클라이언트 수: 0
[12:49:37.480] [INFO] 서버 FPS: 31.976744, 평균 프레임 시간: 0.000000ms, 클라이언트 수: 0
[12:49:38.508] [INFO] 서버 FPS: 33.947624, 평균 프레임 시간: 0.000000ms, 클라이언트 수: 0
[12:49:39.520] [INFO] 서버 FPS: 33.464565, 평균 프레임 시간: 0.000000ms, 클라이언트 수: 0
[12:49:40.562] [INFO] 서버 FPS: 33.947624, 평균 프레임 시간: 0.000000ms, 클라이언트 수: 0
[12:49:41.575] [INFO] 서버 FPS: 32.512314, 평균 프레임 시간: 0.000000ms, 클라이언트 수: 0
[12:49:42.587] [INFO] 서버 FPS: 32.480316, 평균 프레임 시간: 0.000000ms, 클라이언트 수: 0
[12:49:43.597] [INFO] 서버 FPS: 32.480316, 평균 프레임 시간: 0.000000ms, 클라이언트 수: 0
[12:49:44.611] [INFO] 서버 FPS: 33.497536, 평균 프레임 시간: 0.000000ms, 클라이언트 수: 0
[12:49:45.655] [INFO] 서버 FPS: 32.945736, 평균 프레임 시간: 0.000000ms, 클라이언트 수: 0
[12:49:46.683] [INFO] 서버 FPS: 33.947624, 평균 프레임 시간: 0.000000ms, 클라이언트 수: 0
[12:49:47.710] [INFO] 서버 FPS: 32.007759, 평균 프레임 시간: 0.000000ms, 클라이언트 수: 0
[12:49:48.737] [INFO] 서버 FPS: 32.007759, 평균 프레임 시간: 0.000000ms, 클라이언트 수: 0
[12:49:49.759] [INFO] 서버 FPS: 33.464565, 평균 프레임 시간: 0.000000ms, 클라이언트 수: 0
[12:49:50.773] [INFO] 서버 FPS: 32.480316, 평균 프레임 시간: 0.000000ms, 클라이언트 수: 0
[12:49:51.813] [INFO] 서버 FPS: 33.460804, 평균 프레임 시간: 0.000000ms, 클라이언트 수: 0
[12:49:52.840] [INFO] 서버 FPS: 33.464565, 평균 프레임 시간: 0.000000ms, 클라이언트 수: 0
[12:49:53.865] [INFO] 서버 FPS: 33.947624, 평균 프레임 시간: 0.000000ms, 클라이언트 수: 0
[12:49:54.879] [INFO] 서버 FPS: 32.480316, 평균 프레임 시간: 0.000000ms, 클라이언트 수: 0
[12:49:55.907] [INFO] 서버 FPS: 32.977692, 평균 프레임 시간: 0.000000ms, 클라이언트 수: 0
[12:49:56.950] [INFO] 서버 FPS: 32.977692, 평균 프레임 시간: 0.000000ms, 클라이언트 수: 0
[12:49:57.976] [INFO] 서버 FPS: 31.976744, 평균 프레임 시간: 0.000000ms, 클라이언트 수: 0
[12:49:59.004] [INFO] 서버 FPS: 32.977692, 평균 프레임 시간: 0.000000ms, 클라이언트 수: 0
[12:50:00.018] [INFO] 서버 FPS: 32.480316, 평균 프레임 시간: 0.000000ms, 클라이언트 수: 0
[12:50:01.045] [INFO] 서버 FPS: 32.512314, 평균 프레임 시간: 0.000000ms, 클라이언트 수: 0
[12:50:02.057] [INFO] 서버 FPS: 33.464565, 평균 프레임 시간: 0.000000ms, 클라이언트 수: 0
[12:50:03.080] [INFO] 서버 FPS: 32.977692, 평균 프레임 시간: 0.000000ms, 클라이언트 수: 0
[12:50:04.102] [INFO] 서버 FPS: 33.464565, 평균 프레임 시간: 0.000000ms, 클라이언트 수: 0
[12:50:05.116] [INFO] 서버 FPS: 33.497536, 평균 프레임 시간: 0.000000ms, 클라이언트 수: 0
[12:50:06.128] [INFO] 서버 FPS: 34.448818, 평균 프레임 시간: 0.000000ms, 클라이언트 수: 0
[12:50:07.158] [INFO] 서버 FPS: 32.977692, 평균 프레임 시간: 0.000000ms, 클라이언트 수: 0
[12:50:08.186] [INFO] 서버 FPS: 33.464565, 평균 프레임 시간: 0.000000ms, 클라이언트 수: 0
[12:50:09.195] [INFO] 서버 FPS: 33.497536, 평균 프레임 시간: 0.000000ms, 클라이언트 수: 0
[12:50:10.211] [INFO] 서버 FPS: 32.480316, 평균 프레임 시간: 0.000000ms, 클라이언트 수: 0
[12:50:11.243] [INFO] 서버 FPS: 32.007759, 평균 프레임 시간: 0.000000ms, 클라이언트 수: 0
[12:50:12.273] [INFO] 서버 FPS: 32.945736, 평균 프레임 시간: 0.000000ms, 클라이언트 수: 0
[12:50:13.289] [INFO] 서버 FPS: 32.512314, 평균 프레임 시간: 0.000000ms, 클라이언트 수: 0
[12:50:14.317] [INFO] 서버 FPS: 32.977692, 평균 프레임 시간: 0.000000ms, 클라이언트 수: 0
[12:50:15.332] [INFO] 서버 FPS: 32.480316, 평균 프레임 시간: 0.000000ms, 클라이언트 수: 0
[12:50:16.361] [INFO] 서버 FPS: 32.007759, 평균 프레임 시간: 0.000000ms, 클라이언트 수: 0
[12:50:17.376] [INFO] 서버 FPS: 33.464565, 평균 프레임 시간: 0.000000ms, 클라이언트 수: 0
[12:50:18.419] [INFO] 서버 FPS: 33.947624, 평균 프레임 시간: 0.000000ms, 클라이언트 수: 0
[12:50:19.437] [INFO] 서버 FPS: 32.480316, 평균 프레임 시간: 0.000000ms, 클라이언트 수: 0
[12:50:20.467] [INFO] 서버 FPS: 32.007759, 평균 프레임 시간: 0.000000ms, 클라이언트 수: 0
[12:50:21.486] [INFO] 서버 FPS: 32.007759, 평균 프레임 시간: 0.000000ms, 클라이언트 수: 0
[12:50:22.519] [INFO] 서버 FPS: 32.945736, 평균 프레임 시간: 0.000000ms, 클라이언트 수: 0
[12:50:23.533] [INFO] 서버 FPS: 32.512314, 평균 프레임 시간: 0.000000ms, 클라이언트 수: 0
[12:50:24.566] [INFO] 서버 FPS: 32.977692, 평균 프레임 시간: 0.000000ms, 클라이언트 수: 0
[12:50:25.606] [INFO] 서버 FPS: 32.945736, 평균 프레임 시간: 0.000000ms, 클라이언트 수: 0
[12:50:26.635] [INFO] 서버 FPS: 32.977692, 평균 프레임 시간: 0.000000ms, 클라이언트 수: 0
[12:50:27.647] [INFO] 서버 FPS: 33.464565, 평균 프레임 시간: 0.000000ms, 클라이언트 수: 0
[12:50:28.686] [INFO] 서버 FPS: 32.977692, 평균 프레임 시간: 0.000000ms, 클라이언트 수: 0
[12:50:29.700] [INFO] 서버 FPS: 33.497536, 평균 프레임 시간: 0.000000ms, 클라이언트 수: 0
[12:50:30.711] [INFO] 서버 FPS: 33.464565, 평균 프레임 시간: 0.000000ms, 클라이언트 수: 0
[12:50:31.725] [INFO] 서버 FPS: 34.448818, 평균 프레임 시간: 0.000000ms, 클라이언트 수: 0
[12:50:32.736] [INFO] 서버 FPS: 32.512314, 평균 프레임 시간: 0.000000ms, 클라이언트 수: 0
[12:50:33.751] [INFO] 서버 FPS: 32.480316, 평균 프레임 시간: 0.000000ms, 클라이언트 수: 0
[12:50:34.796] [INFO] 서버 FPS: 32.977692, 평균 프레임 시간: 0.000000ms, 클라이언트 수: 0
[12:50:35.824] [INFO] 서버 FPS: 32.977692, 평균 프레임 시간: 0.000000ms, 클라이언트 수: 0
[12:50:36.849] [INFO] 서버 FPS: 32.945736, 평균 프레임 시간: 0.000000ms, 클라이언트 수: 0
[12:50:37.889] [INFO] 서버 FPS: 32.977692, 평균 프레임 시간: 0.000000ms, 클라이언트 수: 0
[12:50:38.769] [INFO] 새 클라이언트에게 ID 5 전송됨
[12:50:38.770] [INFO] 새 플레이어 정보(ID: 5) 브로드캐스트 - 수신자 수: 0
[12:50:38.770] [INFO] 기존 플레이어 정보 0개가 새 클라이언트(ID: 5)에게 전송됨
[12:50:38.894] [INFO] 서버 FPS: 33.464565, 평균 프레임 시간: 0.000000ms, 클라이언트 수: 1
[12:50:38.957] [INFO] 새 클라이언트에게 ID 6 전송됨
[12:50:38.957] [INFO] 새 플레이어 정보(ID: 6) 브로드캐스트 - 수신자 수: 1
[12:50:38.957] [INFO] 기존 플레이어 정보 1개가 새 클라이언트(ID: 6)에게 전송됨
[12:50:39.931] [INFO] 서버 FPS: 32.977692, 평균 프레임 시간: 0.000000ms, 클라이언트 수: 2
[12:50:40.969] [INFO] 서버 FPS: 32.977692, 평균 프레임 시간: 0.000000ms, 클라이언트 수: 2
[12:50:41.328] [INFO] [Packet] Pong 전송 - ClientId: 5
[12:50:41.329] [INFO] [Packet] Pong 전송 - ClientId: 6
[12:50:41.980] [INFO] 서버 FPS: 33.464565, 평균 프레임 시간: 0.000000ms, 클라이언트 수: 2
[12:50:42.182] [INFO] 입력 패킷 수신 - 클라이언트 ID: 6, Forward: 0.000000, Right: 0.000000, Yaw: 0.000000, Jump: false, Attack: true
[12:50:42.236] [INFO] [Packet] Pong 전송 - ClientId: 5
[12:50:42.237] [INFO] [Packet] Pong 전송 - ClientId: 6
[12:50:42.313] [INFO] 입력 패킷 수신 - 클라이언트 ID: 6, Forward: 0.000000, Right: 0.000000, Yaw: 359.825012, Jump: false, Attack: true
[12:50:43.008] [INFO] 입력 패킷 수신 - 클라이언트 ID: 6, Forward: 0.000000, Right: 0.000000, Yaw: 0.000000, Jump: false, Attack: true
[12:50:43.014] [INFO] 서버 FPS: 32.977692, 평균 프레임 시간: 0.000000ms, 클라이언트 수: 2
[12:50:43.084] [INFO] 입력 패킷 수신 - 클라이언트 ID: 6, Forward: -0.000000, Right: -1.000000, Yaw: 0.000000, Jump: false, Attack: true
[12:50:43.085] [INFO] 입력 패킷 수신 - 클라이언트 ID: 6, Forward: -0.000000, Right: -1.000000, Yaw: 2.800000, Jump: false, Attack: true
[12:50:43.160] [INFO] 입력 패킷 수신 - 클라이언트 ID: 6, Forward: -0.000000, Right: -1.000000, Yaw: 11.200001, Jump: false, Attack: true
[12:50:43.236] [INFO] [Packet] Pong 전송 - ClientId: 5
[12:50:43.237] [INFO] 입력 패킷 수신 - 클라이언트 ID: 6, Forward: -0.000000, Right: -1.000000, Yaw: 11.200001, Jump: false, Attack: false
[12:50:43.237] [INFO] 입력 패킷 수신 - 클라이언트 ID: 6, Forward: -0.000000, Right: -1.000000, Yaw: 24.325001, Jump: false, Attack: false
[12:50:43.237] [INFO] [Packet] Pong 전송 - ClientId: 6
[12:50:43.312] [INFO] 입력 패킷 수신 - 클라이언트 ID: 6, Forward: -0.000000, Right: -1.000000, Yaw: 36.225002, Jump: false, Attack: false
[12:50:43.388] [INFO] 입력 패킷 수신 - 클라이언트 ID: 6, Forward: -0.000000, Right: -1.000000, Yaw: 48.825001, Jump: false, Attack: false
[12:50:43.466] [INFO] 입력 패킷 수신 - 클라이언트 ID: 6, Forward: -0.000000, Right: -1.000000, Yaw: 63.350002, Jump: false, Attack: false
[12:50:43.549] [INFO] 입력 패킷 수신 - 클라이언트 ID: 6, Forward: -0.000000, Right: -1.000000, Yaw: 77.700005, Jump: false, Attack: false
[12:50:43.629] [INFO] 입력 패킷 수신 - 클라이언트 ID: 6, Forward: -0.000000, Right: -1.000000, Yaw: 88.025002, Jump: false, Attack: false
[12:50:43.710] [INFO] 입력 패킷 수신 - 클라이언트 ID: 6, Forward: -0.000000, Right: -1.000000, Yaw: 97.300003, Jump: false, Attack: false
[12:50:43.792] [INFO] 입력 패킷 수신 - 클라이언트 ID: 6, Forward: -0.000000, Right: -1.000000, Yaw: 97.474998, Jump: false, Attack: false
[12:50:43.874] [INFO] 입력 패킷 수신 - 클라이언트 ID: 6, Forward: -0.000000, Right: -1.000000, Yaw: 97.650002, Jump: false, Attack: false
[12:50:43.957] [INFO] 입력 패킷 수신 - 클라이언트 ID: 6, Forward: -0.000000, Right: -1.000000, Yaw: 98.175003, Jump: false, Attack: false
[12:50:44.037] [INFO] 서버 FPS: 32.007759, 평균 프레임 시간: 0.000000ms, 클라이언트 수: 2
[12:50:44.259] [INFO] [Packet] Pong 전송 - ClientId: 5
[12:50:44.260] [INFO] [Packet] Pong 전송 - ClientId: 6
[12:50:44.493] [INFO] 입력 패킷 수신 - 클라이언트 ID: 6, Forward: -0.000000, Right: -1.000000, Yaw: 95.724998, Jump: false, Attack: false
[12:50:44.572] [INFO] 입력 패킷 수신 - 클라이언트 ID: 6, Forward: -0.000000, Right: -1.000000, Yaw: 80.675003, Jump: false, Attack: false
[12:50:44.645] [INFO] 입력 패킷 수신 - 클라이언트 ID: 6, Forward: -0.000000, Right: -1.000000, Yaw: 57.050003, Jump: false, Attack: false
[12:50:44.719] [INFO] 입력 패킷 수신 - 클라이언트 ID: 6, Forward: -0.000000, Right: -1.000000, Yaw: 48.650002, Jump: false, Attack: false
[12:50:44.865] [INFO] 입력 패킷 수신 - 클라이언트 ID: 6, Forward: -0.000000, Right: -1.000000, Yaw: 48.299999, Jump: false, Attack: false
[12:50:44.941] [INFO] 입력 패킷 수신 - 클라이언트 ID: 6, Forward: -0.000000, Right: -1.000000, Yaw: 47.600002, Jump: false, Attack: false
[12:50:45.019] [INFO] 입력 패킷 수신 - 클라이언트 ID: 6, Forward: -0.000000, Right: -1.000000, Yaw: 47.424999, Jump: false, Attack: false
[12:50:45.055] [INFO] 서버 FPS: 32.480316, 평균 프레임 시간: 0.000000ms, 클라이언트 수: 2
[12:50:45.235] [INFO] [Packet] Pong 전송 - ClientId: 5
[12:50:45.236] [INFO] [Packet] Pong 전송 - ClientId: 6
[12:50:45.310] [INFO] 입력 패킷 수신 - 클라이언트 ID: 6, Forward: 1.000000, Right: -1.000000, Yaw: 47.424999, Jump: false, Attack: false
[12:50:45.385] [INFO] 입력 패킷 수신 - 클라이언트 ID: 6, Forward: 1.000000, Right: -1.000000, Yaw: 47.775002, Jump: false, Attack: false
[12:50:45.456] [INFO] 입력 패킷 수신 - 클라이언트 ID: 6, Forward: 1.000000, Right: -1.000000, Yaw: 47.950001, Jump: false, Attack: false
[12:50:45.533] [INFO] 입력 패킷 수신 - 클라이언트 ID: 6, Forward: 1.000000, Right: -1.000000, Yaw: 48.825001, Jump: false, Attack: false
[12:50:45.613] [INFO] 입력 패킷 수신 - 클라이언트 ID: 6, Forward: 1.000000, Right: -1.000000, Yaw: 51.975002, Jump: false, Attack: false
[12:50:45.689] [INFO] 입력 패킷 수신 - 클라이언트 ID: 6, Forward: 1.000000, Right: -1.000000, Yaw: 57.575001, Jump: false, Attack: false
[12:50:45.762] [INFO] 입력 패킷 수신 - 클라이언트 ID: 6, Forward: 1.000000, Right: -1.000000, Yaw: 67.550003, Jump: false, Attack: false
[12:50:45.834] [INFO] 입력 패킷 수신 - 클라이언트 ID: 6, Forward: 1.000000, Right: -1.000000, Yaw: 76.825005, Jump: false, Attack: false
[12:50:45.907] [INFO] 입력 패킷 수신 - 클라이언트 ID: 6, Forward: 1.000000, Right: -1.000000, Yaw: 87.325005, Jump: false, Attack: false
[12:50:45.982] [INFO] 입력 패킷 수신 - 클라이언트 ID: 6, Forward: 1.000000, Right: -1.000000, Yaw: 107.450005, Jump: false, Attack: false
[12:50:46.069] [INFO] 입력 패킷 수신 - 클라이언트 ID: 6, Forward: -0.000000, Right: -1.000000, Yaw: 107.450005, Jump: false, Attack: false
[12:50:46.069] [INFO] 입력 패킷 수신 - 클라이언트 ID: 6, Forward: -0.000000, Right: -1.000000, Yaw: 134.925003, Jump: false, Attack: false
[12:50:46.078] [INFO] 서버 FPS: 32.512314, 평균 프레임 시간: 0.000000ms, 클라이언트 수: 2
[12:50:46.148] [INFO] 입력 패킷 수신 - 클라이언트 ID: 6, Forward: -0.000000, Right: -1.000000, Yaw: 159.774994, Jump: false, Attack: false
[12:50:46.223] [INFO] [Packet] Pong 전송 - ClientId: 5
[12:50:46.224] [INFO] 입력 패킷 수신 - 클라이언트 ID: 6, Forward: -0.000000, Right: -1.000000, Yaw: 172.199997, Jump: false, Attack: false
[12:50:46.224] [INFO] [Packet] Pong 전송 - ClientId: 6
[12:50:46.299] [INFO] 입력 패킷 수신 - 클라이언트 ID: 6, Forward: -0.000000, Right: -1.000000, Yaw: 173.599991, Jump: false, Attack: false
[12:50:46.382] [INFO] 입력 패킷 수신 - 클라이언트 ID: 6, Forward: -0.000000, Right: -1.000000, Yaw: 179.899994, Jump: false, Attack: false
[12:50:46.469] [INFO] 입력 패킷 수신 - 클라이언트 ID: 6, Forward: -0.000000, Right: -1.000000, Yaw: 182.175003, Jump: false, Attack: false
[12:50:46.554] [INFO] 입력 패킷 수신 - 클라이언트 ID: 6, Forward: -0.000000, Right: -1.000000, Yaw: 183.925003, Jump: false, Attack: false
[12:50:46.634] [INFO] 입력 패킷 수신 - 클라이언트 ID: 6, Forward: -0.000000, Right: -1.000000, Yaw: 187.074997, Jump: false, Attack: false
[12:50:46.845] [INFO] 입력 패킷 수신 - 클라이언트 ID: 6, Forward: -0.000000, Right: -1.000000, Yaw: 186.899994, Jump: false, Attack: false
[12:50:46.928] [INFO] 입력 패킷 수신 - 클라이언트 ID: 6, Forward: -0.000000, Right: -1.000000, Yaw: 186.899994, Jump: false, Attack: true
[12:50:46.929] [INFO] 입력 패킷 수신 - 클라이언트 ID: 6, Forward: -0.000000, Right: -1.000000, Yaw: 186.724991, Jump: false, Attack: true
[12:50:47.055] [INFO] 입력 패킷 수신 - 클라이언트 ID: 6, Forward: 1.000000, Right: 0.000000, Yaw: 186.724991, Jump: false, Attack: true
[12:50:47.086] [INFO] 서버 FPS: 32.480316, 평균 프레임 시간: 0.000000ms, 클라이언트 수: 2
[12:50:47.259] [INFO] [Packet] Pong 전송 - ClientId: 5
[12:50:47.260] [INFO] [Packet] Pong 전송 - ClientId: 6
[12:50:47.877] [INFO] 입력 패킷 수신 - 클라이언트 ID: 6, Forward: 1.000000, Right: 0.000000, Yaw: 186.199997, Jump: false, Attack: true
[12:50:47.946] [INFO] 입력 패킷 수신 - 클라이언트 ID: 6, Forward: 1.000000, Right: 0.000000, Yaw: 175.875000, Jump: false, Attack: true
[12:50:48.017] [INFO] 입력 패킷 수신 - 클라이언트 ID: 6, Forward: 1.000000, Right: 0.000000, Yaw: 175.875000, Jump: false, Attack: false
[12:50:48.018] [INFO] 입력 패킷 수신 - 클라이언트 ID: 6, Forward: 1.000000, Right: 0.000000, Yaw: 172.724991, Jump: false, Attack: false
[12:50:48.087] [INFO] 입력 패킷 수신 - 클라이언트 ID: 6, Forward: 1.000000, Right: 0.000000, Yaw: 172.724991, Jump: true, Attack: false
[12:50:48.087] [INFO] 입력 패킷 수신 - 클라이언트 ID: 6, Forward: 1.000000, Right: 0.000000, Yaw: 166.074997, Jump: true, Attack: false
[12:50:48.103] [INFO] 서버 FPS: 32.480316, 평균 프레임 시간: 0.000000ms, 클라이언트 수: 2
[12:50:48.184] [INFO] 입력 패킷 수신 - 클라이언트 ID: 6, Forward: 1.000000, Right: 0.000000, Yaw: 159.599991, Jump: true, Attack: false
[12:50:48.279] [INFO] [Packet] Pong 전송 - ClientId: 5
[12:50:48.280] [INFO] [Packet] Pong 전송 - ClientId: 6
[12:50:48.280] [INFO] 입력 패킷 수신 - 클라이언트 ID: 6, Forward: 1.000000, Right: 0.000000, Yaw: 159.425003, Jump: true, Attack: false
[12:50:48.421] [INFO] 입력 패킷 수신 - 클라이언트 ID: 6, Forward: 1.000000, Right: 0.000000, Yaw: 159.250000, Jump: true, Attack: false
[12:50:48.982] [INFO] 입력 패킷 수신 - 클라이언트 ID: 6, Forward: 1.000000, Right: 0.000000, Yaw: 156.099991, Jump: true, Attack: false
[12:50:49.053] [INFO] 입력 패킷 수신 - 클라이언트 ID: 6, Forward: 1.000000, Right: 0.000000, Yaw: 152.074997, Jump: true, Attack: false
[12:50:49.125] [INFO] 입력 패킷 수신 - 클라이언트 ID: 6, Forward: 1.000000, Right: 0.000000, Yaw: 150.675003, Jump: true, Attack: false
[12:50:49.126] [INFO] 서버 FPS: 32.007759, 평균 프레임 시간: 0.000000ms, 클라이언트 수: 2
[12:50:49.213] [INFO] [Packet] Pong 전송 - ClientId: 5
[12:50:49.214] [INFO] 입력 패킷 수신 - 클라이언트 ID: 6, Forward: 1.000000, Right: 0.000000, Yaw: 147.699997, Jump: true, Attack: false
[12:50:49.214] [INFO] [Packet] Pong 전송 - ClientId: 6
[12:50:49.284] [INFO] 입력 패킷 수신 - 클라이언트 ID: 6, Forward: 1.000000, Right: 0.000000, Yaw: 141.925003, Jump: false, Attack: false
[12:50:49.363] [INFO] 입력 패킷 수신 - 클라이언트 ID: 6, Forward: 1.000000, Right: 0.000000, Yaw: 128.800003, Jump: false, Attack: false
[12:50:49.444] [INFO] 입력 패킷 수신 - 클라이언트 ID: 6, Forward: 1.000000, Right: 0.000000, Yaw: 118.649994, Jump: false, Attack: false
[12:50:49.522] [INFO] 입력 패킷 수신 - 클라이언트 ID: 6, Forward: 1.000000, Right: 0.000000, Yaw: 109.375000, Jump: false, Attack: false
[12:50:49.595] [INFO] 입력 패킷 수신 - 클라이언트 ID: 6, Forward: 0.000000, Right: 1.000000, Yaw: 109.375000, Jump: false, Attack: false
[12:50:49.596] [INFO] 입력 패킷 수신 - 클라이언트 ID: 6, Forward: 0.000000, Right: 1.000000, Yaw: 95.900002, Jump: false, Attack: false
[12:50:49.673] [INFO] 입력 패킷 수신 - 클라이언트 ID: 6, Forward: 0.000000, Right: 1.000000, Yaw: 77.699997, Jump: false, Attack: false
[12:50:49.743] [INFO] 입력 패킷 수신 - 클라이언트 ID: 6, Forward: 0.000000, Right: 1.000000, Yaw: 63.524998, Jump: false, Attack: false
[12:50:49.816] [INFO] 입력 패킷 수신 - 클라이언트 ID: 6, Forward: 0.000000, Right: 1.000000, Yaw: 50.399998, Jump: false, Attack: false
[12:50:49.888] [INFO] 입력 패킷 수신 - 클라이언트 ID: 6, Forward: 0.000000, Right: 1.000000, Yaw: 43.749996, Jump: false, Attack: false
[12:50:49.971] [INFO] 입력 패킷 수신 - 클라이언트 ID: 6, Forward: 1.000000, Right: 0.000000, Yaw: 43.749996, Jump: false, Attack: false
[12:50:49.972] [INFO] 입력 패킷 수신 - 클라이언트 ID: 6, Forward: 1.000000, Right: 0.000000, Yaw: 37.624996, Jump: false, Attack: false
[12:50:50.047] [INFO] 입력 패킷 수신 - 클라이언트 ID: 6, Forward: 1.000000, Right: 0.000000, Yaw: 37.624996, Jump: true, Attack: false
[12:50:50.047] [INFO] 입력 패킷 수신 - 클라이언트 ID: 6, Forward: 1.000000, Right: 0.000000, Yaw: 29.574997, Jump: true, Attack: false
[12:50:50.122] [INFO] 입력 패킷 수신 - 클라이언트 ID: 6, Forward: 1.000000, Right: 0.000000, Yaw: 18.549997, Jump: true, Attack: false
[12:50:50.146] [INFO] 서버 FPS: 32.480316, 평균 프레임 시간: 0.000000ms, 클라이언트 수: 2
[12:50:50.194] [INFO] 입력 패킷 수신 - 클라이언트 ID: 6, Forward: 1.000000, Right: 0.000000, Yaw: 10.674997, Jump: true, Attack: false
[12:50:50.267] [INFO] [Packet] Pong 전송 - ClientId: 5
[12:50:50.268] [INFO] [Packet] Pong 전송 - ClientId: 6
[12:50:50.268] [INFO] 입력 패킷 수신 - 클라이언트 ID: 6, Forward: 1.000000, Right: 0.000000, Yaw: 10.149998, Jump: true, Attack: false
[12:50:50.343] [INFO] 입력 패킷 수신 - 클라이언트 ID: 6, Forward: 1.000000, Right: 0.000000, Yaw: 9.274998, Jump: true, Attack: false
[12:50:50.415] [INFO] 입력 패킷 수신 - 클라이언트 ID: 6, Forward: 1.000000, Right: 0.000000, Yaw: 8.049997, Jump: true, Attack: false
[12:50:50.492] [INFO] 입력 패킷 수신 - 클라이언트 ID: 6, Forward: 1.000000, Right: 0.000000, Yaw: 6.824997, Jump: true, Attack: false
[12:50:50.566] [INFO] 입력 패킷 수신 - 클라이언트 ID: 6, Forward: 1.000000, Right: 0.000000, Yaw: 5.249997, Jump: true, Attack: false
[12:50:50.639] [INFO] 입력 패킷 수신 - 클라이언트 ID: 6, Forward: 1.000000, Right: 0.000000, Yaw: 4.374997, Jump: true, Attack: false
[12:50:50.780] [INFO] 입력 패킷 수신 - 클라이언트 ID: 6, Forward: 1.000000, Right: 0.000000, Yaw: 3.499997, Jump: true, Attack: false
[12:50:50.852] [INFO] 입력 패킷 수신 - 클라이언트 ID: 6, Forward: 1.000000, Right: 0.000000, Yaw: 0.000000, Jump: true, Attack: false
[12:50:50.926] [INFO] 입력 패킷 수신 - 클라이언트 ID: 6, Forward: 1.000000, Right: 0.000000, Yaw: 355.975006, Jump: true, Attack: false
[12:50:50.994] [INFO] 입력 패킷 수신 - 클라이언트 ID: 6, Forward: 1.000000, Right: 0.000000, Yaw: 348.799988, Jump: true, Attack: false
[12:50:51.064] [INFO] 입력 패킷 수신 - 클라이언트 ID: 6, Forward: 1.000000, Right: 0.000000, Yaw: 333.049988, Jump: true, Attack: false
[12:50:51.136] [INFO] 입력 패킷 수신 - 클라이언트 ID: 6, Forward: 1.000000, Right: 0.000000, Yaw: 318.700012, Jump: true, Attack: false
[12:50:51.168] [INFO] 서버 FPS: 32.512314, 평균 프레임 시간: 0.000000ms, 클라이언트 수: 2
[12:50:51.214] [INFO] [Packet] Pong 전송 - ClientId: 5
[12:50:51.215] [INFO] 입력 패킷 수신 - 클라이언트 ID: 6, Forward: 1.000000, Right: 0.000000, Yaw: 295.250000, Jump: false, Attack: false
[12:50:51.216] [INFO] [Packet] Pong 전송 - ClientId: 6
[12:50:51.298] [INFO] 입력 패킷 수신 - 클라이언트 ID: 6, Forward: 1.000000, Right: 0.000000, Yaw: 270.575012, Jump: false, Attack: false
[12:50:51.380] [INFO] 입력 패킷 수신 - 클라이언트 ID: 6, Forward: 1.000000, Right: 0.000000, Yaw: 243.975006, Jump: false, Attack: false
[12:50:51.458] [INFO] 입력 패킷 수신 - 클라이언트 ID: 6, Forward: 0.000000, Right: 1.000000, Yaw: 243.975006, Jump: false, Attack: false
[12:50:51.459] [INFO] 입력 패킷 수신 - 클라이언트 ID: 6, Forward: 0.000000, Right: 1.000000, Yaw: 223.675003, Jump: false, Attack: false
[12:50:51.534] [INFO] 입력 패킷 수신 - 클라이언트 ID: 6, Forward: 0.000000, Right: 1.000000, Yaw: 211.600006, Jump: false, Attack: false
[12:50:51.781] [INFO] 입력 패킷 수신 - 클라이언트 ID: 6, Forward: 0.000000, Right: 1.000000, Yaw: 209.500000, Jump: false, Attack: false
[12:50:51.866] [INFO] 입력 패킷 수신 - 클라이언트 ID: 6, Forward: 0.000000, Right: 1.000000, Yaw: 199.875000, Jump: false, Attack: false
[12:50:51.942] [INFO] 입력 패킷 수신 - 클라이언트 ID: 6, Forward: 0.000000, Right: 1.000000, Yaw: 194.625000, Jump: false, Attack: false
[12:50:52.014] [INFO] 입력 패킷 수신 - 클라이언트 ID: 6, Forward: 0.000000, Right: 1.000000, Yaw: 193.399994, Jump: false, Attack: false
[12:50:52.086] [INFO] 입력 패킷 수신 - 클라이언트 ID: 6, Forward: 0.000000, Right: 1.000000, Yaw: 192.175003, Jump: false, Attack: false
[12:50:52.160] [INFO] 입력 패킷 수신 - 클라이언트 ID: 6, Forward: 0.000000, Right: 1.000000, Yaw: 175.024994, Jump: false, Attack: false
[12:50:52.190] [INFO] 서버 FPS: 32.007759, 평균 프레임 시간: 0.000000ms, 클라이언트 수: 2
[12:50:52.231] [INFO] [Packet] Pong 전송 - ClientId: 5
[12:50:52.231] [INFO] 입력 패킷 수신 - 클라이언트 ID: 6, Forward: -0.000000, Right: -1.000000, Yaw: 175.024994, Jump: false, Attack: false
[12:50:52.232] [INFO] [Packet] Pong 전송 - ClientId: 6
[12:50:52.232] [INFO] 입력 패킷 수신 - 클라이언트 ID: 6, Forward: -0.000000, Right: -1.000000, Yaw: 168.375000, Jump: false, Attack: false
[12:50:52.448] [INFO] 입력 패킷 수신 - 클라이언트 ID: 6, Forward: 1.000000, Right: 0.000000, Yaw: 168.375000, Jump: false, Attack: false
[12:50:52.523] [INFO] 입력 패킷 수신 - 클라이언트 ID: 6, Forward: 1.000000, Right: 0.000000, Yaw: 167.500000, Jump: false, Attack: false
[12:50:52.594] [INFO] 입력 패킷 수신 - 클라이언트 ID: 6, Forward: 1.000000, Right: 0.000000, Yaw: 163.649994, Jump: false, Attack: false
[12:50:52.669] [INFO] 입력 패킷 수신 - 클라이언트 ID: 6, Forward: 1.000000, Right: 0.000000, Yaw: 162.774994, Jump: false, Attack: false
[12:50:52.733] [INFO] 입력 패킷 수신 - 클라이언트 ID: 6, Forward: 1.000000, Right: 0.000000, Yaw: 161.550003, Jump: false, Attack: false
[12:50:52.810] [INFO] 입력 패킷 수신 - 클라이언트 ID: 6, Forward: 1.000000, Right: 0.000000, Yaw: 161.024994, Jump: false, Attack: false
[12:50:52.884] [INFO] 입력 패킷 수신 - 클라이언트 ID: 6, Forward: 1.000000, Right: 0.000000, Yaw: 160.324997, Jump: false, Attack: false
[12:50:53.037] [INFO] 입력 패킷 수신 - 클라이언트 ID: 6, Forward: 0.000000, Right: 1.000000, Yaw: 160.324997, Jump: false, Attack: false
[12:50:53.037] [INFO] 입력 패킷 수신 - 클라이언트 ID: 6, Forward: 0.000000, Right: 1.000000, Yaw: 160.500000, Jump: false, Attack: false
[12:50:53.107] [INFO] 입력 패킷 수신 - 클라이언트 ID: 6, Forward: 0.000000, Right: 1.000000, Yaw: 159.274994, Jump: false, Attack: false
[12:50:53.177] [INFO] 입력 패킷 수신 - 클라이언트 ID: 6, Forward: 0.000000, Right: 1.000000, Yaw: 157.699997, Jump: false, Attack: false
[12:50:53.213] [INFO] 서버 FPS: 32.480316, 평균 프레임 시간: 0.000000ms, 클라이언트 수: 2
[12:50:53.242] [INFO] [Packet] Pong 전송 - ClientId: 5
[12:50:53.243] [INFO] [Packet] Pong 전송 - ClientId: 6
[12:50:53.244] [INFO] 입력 패킷 수신 - 클라이언트 ID: 6, Forward: 0.000000, Right: 1.000000, Yaw: 156.125000, Jump: false, Attack: false
[12:50:53.442] [INFO] 입력 패킷 수신 - 클라이언트 ID: 6, Forward: -1.000000, Right: -0.000000, Yaw: 156.125000, Jump: false, Attack: false
[12:50:53.710] [INFO] 입력 패킷 수신 - 클라이언트 ID: 6, Forward: -1.000000, Right: -1.000000, Yaw: 156.125000, Jump: false, Attack: false
[12:50:54.127] [INFO] 입력 패킷 수신 - 클라이언트 ID: 6, Forward: -0.000000, Right: -1.000000, Yaw: 156.125000, Jump: false, Attack: false
[12:50:54.128] [INFO] 입력 패킷 수신 - 클라이언트 ID: 6, Forward: -0.000000, Right: -1.000000, Yaw: 156.300003, Jump: false, Attack: false
[12:50:54.198] [INFO] 입력 패킷 수신 - 클라이언트 ID: 6, Forward: -0.000000, Right: -1.000000, Yaw: 157.524994, Jump: false, Attack: false
[12:50:54.221] [INFO] 서버 FPS: 32.480316, 평균 프레임 시간: 0.000000ms, 클라이언트 수: 2
[12:50:54.267] [INFO] [Packet] Pong 전송 - ClientId: 5
[12:50:54.269] [INFO] [Packet] Pong 전송 - ClientId: 6
[12:50:54.269] [INFO] 입력 패킷 수신 - 클라이언트 ID: 6, Forward: -0.000000, Right: -1.000000, Yaw: 159.625000, Jump: false, Attack: false
[12:50:54.335] [INFO] 입력 패킷 수신 - 클라이언트 ID: 6, Forward: 1.000000, Right: -1.000000, Yaw: 159.625000, Jump: false, Attack: false
[12:50:54.336] [INFO] 입력 패킷 수신 - 클라이언트 ID: 6, Forward: 1.000000, Right: -1.000000, Yaw: 161.375000, Jump: false, Attack: false
[12:50:54.437] [INFO] 입력 패킷 수신 - 클라이언트 ID: 6, Forward: 1.000000, Right: 0.000000, Yaw: 161.375000, Jump: false, Attack: false
[12:50:54.438] [INFO] 입력 패킷 수신 - 클라이언트 ID: 6, Forward: 1.000000, Right: 0.000000, Yaw: 164.175003, Jump: false, Attack: false
[12:50:54.507] [INFO] 입력 패킷 수신 - 클라이언트 ID: 6, Forward: 1.000000, Right: 0.000000, Yaw: 164.875000, Jump: false, Attack: false
[12:50:54.804] [INFO] 입력 패킷 수신 - 클라이언트 ID: 6, Forward: 1.000000, Right: 1.000000, Yaw: 164.875000, Jump: false, Attack: false
[12:50:54.872] [INFO] 입력 패킷 수신 - 클라이언트 ID: 6, Forward: 0.000000, Right: 1.000000, Yaw: 164.875000, Jump: false, Attack: false
[12:50:55.013] [INFO] 입력 패킷 수신 - 클라이언트 ID: 6, Forward: 0.000000, Right: 1.000000, Yaw: 164.699997, Jump: false, Attack: false
[12:50:55.081] [INFO] 입력 패킷 수신 - 클라이언트 ID: 6, Forward: -1.000000, Right: 1.000000, Yaw: 164.699997, Jump: false, Attack: false
[12:50:55.082] [INFO] 입력 패킷 수신 - 클라이언트 ID: 6, Forward: -1.000000, Right: 1.000000, Yaw: 164.524994, Jump: false, Attack: false
[12:50:55.220] [INFO] [Packet] Pong 전송 - ClientId: 5
[12:50:55.221] [INFO] [Packet] Pong 전송 - ClientId: 6
[12:50:55.243] [INFO] 서버 FPS: 32.512314, 평균 프레임 시간: 0.000000ms, 클라이언트 수: 2
[12:50:55.291] [INFO] 입력 패킷 수신 - 클라이언트 ID: 6, Forward: -1.000000, Right: -0.000000, Yaw: 164.524994, Jump: false, Attack: false
[12:50:55.363] [INFO] 입력 패킷 수신 - 클라이언트 ID: 6, Forward: -1.000000, Right: -0.000000, Yaw: 164.350006, Jump: false, Attack: false
[12:50:55.436] [INFO] 입력 패킷 수신 - 클라이언트 ID: 6, Forward: -1.000000, Right: -1.000000, Yaw: 164.350006, Jump: false, Attack: false
[12:50:55.640] [INFO] 입력 패킷 수신 - 클라이언트 ID: 6, Forward: -0.000000, Right: -1.000000, Yaw: 164.350006, Jump: false, Attack: false
[12:50:55.906] [INFO] 입력 패킷 수신 - 클라이언트 ID: 6, Forward: 1.000000, Right: -1.000000, Yaw: 164.350006, Jump: false, Attack: false
[12:50:55.973] [INFO] 입력 패킷 수신 - 클라이언트 ID: 6, Forward: 1.000000, Right: 0.000000, Yaw: 164.350006, Jump: false, Attack: false
[12:50:56.173] [INFO] 입력 패킷 수신 - 클라이언트 ID: 6, Forward: 1.000000, Right: 1.000000, Yaw: 164.350006, Jump: false, Attack: false
[12:50:56.241] [INFO] [Packet] Pong 전송 - ClientId: 5
[12:50:56.242] [INFO] [Packet] Pong 전송 - ClientId: 6
[12:50:56.279] [INFO] 서버 FPS: 32.945736, 평균 프레임 시간: 0.000000ms, 클라이언트 수: 2
[12:50:56.442] [INFO] 입력 패킷 수신 - 클라이언트 ID: 6, Forward: 0.000000, Right: 1.000000, Yaw: 164.350006, Jump: false, Attack: false
[12:50:56.640] [INFO] 입력 패킷 수신 - 클라이언트 ID: 6, Forward: 0.000000, Right: 1.000000, Yaw: 164.175003, Jump: false, Attack: false
[12:50:56.707] [INFO] 입력 패킷 수신 - 클라이언트 ID: 6, Forward: -0.000000, Right: -1.000000, Yaw: 164.175003, Jump: false, Attack: false
[12:50:56.906] [INFO] 입력 패킷 수신 - 클라이언트 ID: 6, Forward: 1.000000, Right: -1.000000, Yaw: 164.175003, Jump: false, Attack: false
[12:50:57.038] [INFO] 입력 패킷 수신 - 클라이언트 ID: 6, Forward: 1.000000, Right: 0.000000, Yaw: 164.175003, Jump: false, Attack: false
[12:50:57.140] [INFO] 입력 패킷 수신 - 클라이언트 ID: 6, Forward: 0.000000, Right: 1.000000, Yaw: 164.175003, Jump: false, Attack: false
[12:50:57.208] [INFO] [Packet] Pong 전송 - ClientId: 5
[12:50:57.209] [INFO] [Packet] Pong 전송 - ClientId: 6
[12:50:57.288] [INFO] 서버 FPS: 32.512314, 평균 프레임 시간: 0.000000ms, 클라이언트 수: 2
[12:50:57.366] [INFO] 입력 패킷 수신 - 클라이언트 ID: 6, Forward: -1.000000, Right: -0.000000, Yaw: 164.175003, Jump: false, Attack: true
[12:50:57.599] [INFO] 입력 패킷 수신 - 클라이언트 ID: 6, Forward: 0.000000, Right: 1.000000, Yaw: 164.175003, Jump: false, Attack: true
[12:50:57.957] [INFO] 입력 패킷 수신 - 클라이언트 ID: 6, Forward: -1.000000, Right: 1.000000, Yaw: 164.175003, Jump: false, Attack: true
[12:50:58.028] [INFO] 입력 패킷 수신 - 클라이언트 ID: 6, Forward: -1.000000, Right: -0.000000, Yaw: 164.175003, Jump: false, Attack: true
[12:50:58.242] [INFO] [Packet] Pong 전송 - ClientId: 5
[12:50:58.244] [INFO] [Packet] Pong 전송 - ClientId: 6
[12:50:58.321] [INFO] 입력 패킷 수신 - 클라이언트 ID: 6, Forward: -1.000000, Right: -1.000000, Yaw: 164.175003, Jump: false, Attack: true
[12:50:58.327] [INFO] 서버 FPS: 32.977692, 평균 프레임 시간: 0.000000ms, 클라이언트 수: 2
[12:50:58.399] [INFO] 입력 패킷 수신 - 클라이언트 ID: 6, Forward: -1.000000, Right: -1.000000, Yaw: 164.175003, Jump: false, Attack: false
[12:50:58.686] [INFO] 입력 패킷 수신 - 클라이언트 ID: 6, Forward: -0.000000, Right: -1.000000, Yaw: 164.175003, Jump: false, Attack: false
[12:50:59.182] [INFO] 입력 패킷 수신 - 클라이언트 ID: 6, Forward: -0.000000, Right: -1.000000, Yaw: 164.350006, Jump: false, Attack: false
[12:50:59.253] [INFO] [Packet] Pong 전송 - ClientId: 5
[12:50:59.254] [INFO] [Packet] Pong 전송 - ClientId: 6
[12:50:59.349] [INFO] 서버 FPS: 31.976744, 평균 프레임 시간: 0.000000ms, 클라이언트 수: 2
[12:50:59.395] [INFO] 입력 패킷 수신 - 클라이언트 ID: 6, Forward: -0.000000, Right: -1.000000, Yaw: 164.524994, Jump: false, Attack: false
[12:51:00.243] [INFO] [Packet] Pong 전송 - ClientId: 5
[12:51:00.244] [INFO] [Packet] Pong 전송 - ClientId: 6
[12:51:00.370] [INFO] 서버 FPS: 32.512314, 평균 프레임 시간: 0.000000ms, 클라이언트 수: 2
[12:51:01.219] [INFO] [Packet] Pong 전송 - ClientId: 5
[12:51:01.220] [INFO] [Packet] Pong 전송 - ClientId: 6
[12:51:01.380] [INFO] 서버 FPS: 32.480316, 평균 프레임 시간: 0.000000ms, 클라이언트 수: 2
[12:51:02.208] [INFO] [Packet] Pong 전송 - ClientId: 5
[12:51:02.209] [INFO] [Packet] Pong 전송 - ClientId: 6
[12:51:02.403] [INFO] 서버 FPS: 33.464565, 평균 프레임 시간: 0.000000ms, 클라이언트 수: 2
[12:51:03.232] [INFO] [Packet] Pong 전송 - ClientId: 5
[12:51:03.233] [INFO] [Packet] Pong 전송 - ClientId: 6
[12:51:03.411] [INFO] 서버 FPS: 32.512314, 평균 프레임 시간: 0.000000ms, 클라이언트 수: 2
[12:51:04.250] [INFO] [Packet] Pong 전송 - ClientId: 5
[12:51:04.251] [INFO] [Packet] Pong 전송 - ClientId: 6
[12:51:04.447] [INFO] 서버 FPS: 32.977692, 평균 프레임 시간: 0.000000ms, 클라이언트 수: 2
[12:51:05.282] [INFO] [Packet] Pong 전송 - ClientId: 5
[12:51:05.283] [INFO] [Packet] Pong 전송 - ClientId: 6
[12:51:05.470] [INFO] 서버 FPS: 31.976744, 평균 프레임 시간: 0.000000ms, 클라이언트 수: 2
[12:51:06.507] [INFO] 서버 FPS: 32.977692, 평균 프레임 시간: 0.000000ms, 클라이언트 수: 2
[12:51:06.798] [INFO] [Packet] Pong 전송 - ClientId: 5
[12:51:06.799] [INFO] [Packet] Pong 전송 - ClientId: 6
[12:51:07.529] [INFO] 서버 FPS: 32.480316, 평균 프레임 시간: 0.000000ms, 클라이언트 수: 2
[12:51:07.765] [INFO] [Packet] Pong 전송 - ClientId: 5
[12:51:07.766] [INFO] [Packet] Pong 전송 - ClientId: 6
[12:51:08.554] [INFO] 서버 FPS: 32.007759, 평균 프레임 시간: 0.000000ms, 클라이언트 수: 2
[12:51:08.771] [INFO] [Packet] Pong 전송 - ClientId: 5
[12:51:08.772] [INFO] [Packet] Pong 전송 - ClientId: 6
[12:51:09.591] [INFO] 서버 FPS: 32.977692, 평균 프레임 시간: 0.000000ms, 클라이언트 수: 2
[12:51:09.777] [INFO] [Packet] Pong 전송 - ClientId: 5
[12:51:09.778] [INFO] [Packet] Pong 전송 - ClientId: 6
[12:51:10.530] [INFO] 입력 패킷 수신 - 클라이언트 ID: 5, Forward: 0.000000, Right: 0.000000, Yaw: 0.000000, Jump: false, Attack: true
[12:51:10.616] [INFO] 서버 FPS: 32.007759, 평균 프레임 시간: 0.000000ms, 클라이언트 수: 2
[12:51:10.807] [INFO] [Packet] Pong 전송 - ClientId: 5
[12:51:10.808] [INFO] [Packet] Pong 전송 - ClientId: 6
[12:51:11.290] [INFO] 입력 패킷 수신 - 클라이언트 ID: 5, Forward: 1.000000, Right: 0.000000, Yaw: 0.000000, Jump: false, Attack: true
[12:51:11.584] [INFO] 입력 패킷 수신 - 클라이언트 ID: 5, Forward: 1.000000, Right: 0.000000, Yaw: 0.000000, Jump: false, Attack: false
[12:51:11.640] [INFO] 서버 FPS: 32.480316, 평균 프레임 시간: 0.000000ms, 클라이언트 수: 2
[12:51:11.742] [INFO] [Packet] Pong 전송 - ClientId: 5
[12:51:11.743] [INFO] [Packet] Pong 전송 - ClientId: 6
[12:51:11.819] [INFO] 입력 패킷 수신 - 클라이언트 ID: 5, Forward: 1.000000, Right: 0.000000, Yaw: 1.925000, Jump: false, Attack: false
[12:51:11.889] [INFO] 입력 패킷 수신 - 클라이언트 ID: 5, Forward: 1.000000, Right: 0.000000, Yaw: 2.100000, Jump: false, Attack: false
[12:51:11.961] [INFO] 입력 패킷 수신 - 클라이언트 ID: 5, Forward: -0.000000, Right: -1.000000, Yaw: 2.100000, Jump: false, Attack: false
[12:51:12.124] [INFO] 입력 패킷 수신 - 클라이언트 ID: 5, Forward: -0.000000, Right: -1.000000, Yaw: 2.275000, Jump: false, Attack: false
[12:51:12.200] [INFO] 입력 패킷 수신 - 클라이언트 ID: 5, Forward: -0.000000, Right: -1.000000, Yaw: 5.600000, Jump: false, Attack: false
[12:51:12.271] [INFO] 입력 패킷 수신 - 클라이언트 ID: 5, Forward: -0.000000, Right: -1.000000, Yaw: 9.275001, Jump: false, Attack: false
[12:51:12.341] [INFO] 입력 패킷 수신 - 클라이언트 ID: 5, Forward: 1.000000, Right: 0.000000, Yaw: 9.275001, Jump: false, Attack: false
[12:51:12.342] [INFO] 입력 패킷 수신 - 클라이언트 ID: 5, Forward: 1.000000, Right: 0.000000, Yaw: 10.325000, Jump: false, Attack: false
[12:51:12.414] [INFO] 입력 패킷 수신 - 클라이언트 ID: 5, Forward: 1.000000, Right: 0.000000, Yaw: 10.675000, Jump: false, Attack: false
[12:51:12.666] [INFO] 서버 FPS: 32.007759, 평균 프레임 시간: 0.000000ms, 클라이언트 수: 2
[12:51:12.792] [INFO] [Packet] Pong 전송 - ClientId: 5
[12:51:12.793] [INFO] [Packet] Pong 전송 - ClientId: 6
[12:51:13.375] [INFO] 입력 패킷 수신 - 클라이언트 ID: 5, Forward: 1.000000, Right: 0.000000, Yaw: 15.400001, Jump: false, Attack: false
[12:51:13.448] [INFO] 입력 패킷 수신 - 클라이언트 ID: 5, Forward: 1.000000, Right: 0.000000, Yaw: 43.575001, Jump: false, Attack: false
[12:51:13.523] [INFO] 입력 패킷 수신 - 클라이언트 ID: 5, Forward: 1.000000, Right: 0.000000, Yaw: 91.350006, Jump: false, Attack: false
[12:51:13.602] [INFO] 입력 패킷 수신 - 클라이언트 ID: 5, Forward: 1.000000, Right: 0.000000, Yaw: 135.275009, Jump: false, Attack: false
[12:51:13.690] [INFO] 서버 FPS: 32.007759, 평균 프레임 시간: 0.000000ms, 클라이언트 수: 2
[12:51:13.691] [INFO] 입력 패킷 수신 - 클라이언트 ID: 5, Forward: 1.000000, Right: 0.000000, Yaw: 175.525009, Jump: false, Attack: false
[12:51:13.773] [INFO] [Packet] Pong 전송 - ClientId: 5
[12:51:13.773] [INFO] 입력 패킷 수신 - 클라이언트 ID: 5, Forward: 1.000000, Right: 0.000000, Yaw: 206.675003, Jump: false, Attack: false
[12:51:13.774] [INFO] [Packet] Pong 전송 - ClientId: 6
[12:51:13.869] [INFO] 입력 패킷 수신 - 클라이언트 ID: 5, Forward: 1.000000, Right: 0.000000, Yaw: 228.900009, Jump: false, Attack: false
[12:51:13.963] [INFO] 입력 패킷 수신 - 클라이언트 ID: 5, Forward: 1.000000, Right: 0.000000, Yaw: 242.900009, Jump: false, Attack: false
[12:51:14.049] [INFO] 입력 패킷 수신 - 클라이언트 ID: 5, Forward: 1.000000, Right: 0.000000, Yaw: 247.800003, Jump: false, Attack: false
[12:51:14.124] [INFO] 입력 패킷 수신 - 클라이언트 ID: 5, Forward: 1.000000, Right: 0.000000, Yaw: 251.475006, Jump: false, Attack: false
[12:51:14.202] [INFO] 입력 패킷 수신 - 클라이언트 ID: 5, Forward: 1.000000, Right: 0.000000, Yaw: 252.175003, Jump: false, Attack: false
[12:51:14.273] [INFO] 입력 패킷 수신 - 클라이언트 ID: 5, Forward: 1.000000, Right: 0.000000, Yaw: 251.475006, Jump: false, Attack: false
[12:51:14.346] [INFO] 입력 패킷 수신 - 클라이언트 ID: 5, Forward: 1.000000, Right: 0.000000, Yaw: 234.500000, Jump: false, Attack: false
[12:51:14.419] [INFO] 입력 패킷 수신 - 클라이언트 ID: 5, Forward: 1.000000, Right: 0.000000, Yaw: 193.725006, Jump: false, Attack: false
[12:51:14.487] [INFO] 입력 패킷 수신 - 클라이언트 ID: 5, Forward: 1.000000, Right: 0.000000, Yaw: 148.925003, Jump: false, Attack: false
[12:51:14.561] [INFO] 입력 패킷 수신 - 클라이언트 ID: 5, Forward: 1.000000, Right: 0.000000, Yaw: 100.625008, Jump: false, Attack: false
[12:51:14.637] [INFO] 입력 패킷 수신 - 클라이언트 ID: 5, Forward: 1.000000, Right: 0.000000, Yaw: 48.475006, Jump: false, Attack: false
[12:51:14.723] [INFO] 입력 패킷 수신 - 클라이언트 ID: 5, Forward: 1.000000, Right: 0.000000, Yaw: 8.575003, Jump: false, Attack: false
[12:51:14.730] [INFO] 서버 FPS: 32.945736, 평균 프레임 시간: 0.000000ms, 클라이언트 수: 2
[12:51:14.805] [INFO] [Packet] Pong 전송 - ClientId: 5
[12:51:14.806] [INFO] 입력 패킷 수신 - 클라이언트 ID: 5, Forward: 1.000000, Right: 0.000000, Yaw: 340.399994, Jump: false, Attack: false
[12:51:14.806] [INFO] [Packet] Pong 전송 - ClientId: 6
[12:51:14.887] [INFO] 입력 패킷 수신 - 클라이언트 ID: 5, Forward: 1.000000, Right: 0.000000, Yaw: 319.925018, Jump: false, Attack: false
[12:51:14.961] [INFO] 입력 패킷 수신 - 클라이언트 ID: 5, Forward: 1.000000, Right: 0.000000, Yaw: 303.825012, Jump: false, Attack: false
[12:51:15.041] [INFO] 입력 패킷 수신 - 클라이언트 ID: 5, Forward: 1.000000, Right: 0.000000, Yaw: 300.149994, Jump: false, Attack: false
[12:51:15.750] [INFO] 서버 FPS: 32.512314, 평균 프레임 시간: 0.000000ms, 클라이언트 수: 2
[12:51:15.790] [INFO] [Packet] Pong 전송 - ClientId: 5
[12:51:15.791] [INFO] [Packet] Pong 전송 - ClientId: 6
[12:51:16.769] [INFO] 서버 FPS: 31.976744, 평균 프레임 시간: 0.000000ms, 클라이언트 수: 2
[12:51:16.793] [INFO] [Packet] Pong 전송 - ClientId: 5
[12:51:16.794] [INFO] [Packet] Pong 전송 - ClientId: 6
[12:51:17.746] [INFO] [Packet] Pong 전송 - ClientId: 5
[12:51:17.747] [INFO] [Packet] Pong 전송 - ClientId: 6
[12:51:17.788] [INFO] 서버 FPS: 32.512314, 평균 프레임 시간: 0.000000ms, 클라이언트 수: 2
[12:51:17.812] [INFO] 입력 패킷 수신 - 클라이언트 ID: 5, Forward: -0.000000, Right: -1.000000, Yaw: 300.149994, Jump: false, Attack: false
[12:51:17.813] [INFO] 입력 패킷 수신 - 클라이언트 ID: 5, Forward: -0.000000, Right: -1.000000, Yaw: 301.024994, Jump: false, Attack: false
[12:51:17.894] [INFO] 입력 패킷 수신 - 클라이언트 ID: 5, Forward: -0.000000, Right: -1.000000, Yaw: 311.875000, Jump: false, Attack: false
[12:51:17.958] [INFO] 입력 패킷 수신 - 클라이언트 ID: 5, Forward: 1.000000, Right: -1.000000, Yaw: 311.875000, Jump: false, Attack: false
[12:51:17.958] [INFO] 입력 패킷 수신 - 클라이언트 ID: 5, Forward: 1.000000, Right: -1.000000, Yaw: 319.575012, Jump: false, Attack: false
[12:51:18.032] [INFO] 입력 패킷 수신 - 클라이언트 ID: 5, Forward: 1.000000, Right: -1.000000, Yaw: 331.475006, Jump: false, Attack: false
[12:51:18.134] [INFO] 입력 패킷 수신 - 클라이언트 ID: 5, Forward: 1.000000, Right: -1.000000, Yaw: 347.750000, Jump: false, Attack: false
[12:51:18.217] [INFO] 입력 패킷 수신 - 클라이언트 ID: 5, Forward: 1.000000, Right: 0.000000, Yaw: 347.750000, Jump: false, Attack: false
[12:51:18.218] [INFO] 입력 패킷 수신 - 클라이언트 ID: 5, Forward: 1.000000, Right: 0.000000, Yaw: 357.550018, Jump: false, Attack: false
[12:51:18.291] [INFO] 입력 패킷 수신 - 클라이언트 ID: 5, Forward: 1.000000, Right: 0.000000, Yaw: 2.100005, Jump: false, Attack: false
[12:51:18.361] [INFO] 입력 패킷 수신 - 클라이언트 ID: 5, Forward: 1.000000, Right: 0.000000, Yaw: 8.575006, Jump: false, Attack: false
[12:51:18.425] [INFO] 입력 패킷 수신 - 클라이언트 ID: 5, Forward: 1.000000, Right: 0.000000, Yaw: 16.625006, Jump: false, Attack: false
[12:51:18.492] [INFO] 입력 패킷 수신 - 클라이언트 ID: 5, Forward: 1.000000, Right: 0.000000, Yaw: 25.550005, Jump: false, Attack: false
[12:51:18.551] [INFO] 입력 패킷 수신 - 클라이언트 ID: 5, Forward: 1.000000, Right: 0.000000, Yaw: 39.200005, Jump: false, Attack: false
[12:51:18.616] [INFO] 입력 패킷 수신 - 클라이언트 ID: 5, Forward: 1.000000, Right: 0.000000, Yaw: 58.275005, Jump: false, Attack: false
[12:51:18.678] [INFO] 입력 패킷 수신 - 클라이언트 ID: 5, Forward: 1.000000, Right: 0.000000, Yaw: 76.300003, Jump: false, Attack: false
[12:51:18.739] [INFO] 입력 패킷 수신 - 클라이언트 ID: 5, Forward: 1.000000, Right: 0.000000, Yaw: 84.700005, Jump: false, Attack: false
[12:51:18.739] [INFO] [Packet] Pong 전송 - ClientId: 5
[12:51:18.740] [INFO] [Packet] Pong 전송 - ClientId: 6
[12:51:18.807] [INFO] 입력 패킷 수신 - 클라이언트 ID: 5, Forward: 1.000000, Right: 0.000000, Yaw: 93.100006, Jump: false, Attack: false
[12:51:18.808] [INFO] 서버 FPS: 32.480316, 평균 프레임 시간: 0.000000ms, 클라이언트 수: 2
[12:51:18.873] [INFO] 입력 패킷 수신 - 클라이언트 ID: 5, Forward: 1.000000, Right: 0.000000, Yaw: 106.225006, Jump: false, Attack: false
[12:51:18.939] [INFO] 입력 패킷 수신 - 클라이언트 ID: 5, Forward: 1.000000, Right: 0.000000, Yaw: 121.450005, Jump: false, Attack: false
[12:51:18.998] [INFO] 입력 패킷 수신 - 클라이언트 ID: 5, Forward: 1.000000, Right: 0.000000, Yaw: 137.200012, Jump: false, Attack: false
[12:51:19.058] [INFO] 입력 패킷 수신 - 클라이언트 ID: 5, Forward: 1.000000, Right: 0.000000, Yaw: 150.325012, Jump: false, Attack: false
[12:51:19.121] [INFO] 입력 패킷 수신 - 클라이언트 ID: 5, Forward: 1.000000, Right: 0.000000, Yaw: 153.125000, Jump: false, Attack: false
[12:51:19.187] [INFO] 입력 패킷 수신 - 클라이언트 ID: 5, Forward: 1.000000, Right: 0.000000, Yaw: 154.175003, Jump: false, Attack: false
[12:51:19.265] [INFO] 입력 패킷 수신 - 클라이언트 ID: 5, Forward: 1.000000, Right: 0.000000, Yaw: 155.050003, Jump: false, Attack: false
[12:51:19.342] [INFO] 입력 패킷 수신 - 클라이언트 ID: 5, Forward: 1.000000, Right: 0.000000, Yaw: 155.050003, Jump: false, Attack: true
[12:51:19.343] [INFO] 입력 패킷 수신 - 클라이언트 ID: 5, Forward: 1.000000, Right: 0.000000, Yaw: 155.225006, Jump: false, Attack: true
[12:51:19.467] [INFO] 입력 패킷 수신 - 클라이언트 ID: 5, Forward: 1.000000, Right: 0.000000, Yaw: 155.400009, Jump: false, Attack: true
[12:51:19.529] [INFO] 입력 패킷 수신 - 클라이언트 ID: 5, Forward: 1.000000, Right: 0.000000, Yaw: 155.225006, Jump: false, Attack: true
[12:51:19.654] [INFO] 입력 패킷 수신 - 클라이언트 ID: 5, Forward: 1.000000, Right: 0.000000, Yaw: 155.750000, Jump: false, Attack: true
[12:51:19.716] [INFO] 입력 패킷 수신 - 클라이언트 ID: 5, Forward: 0.000000, Right: 1.000000, Yaw: 155.750000, Jump: false, Attack: true
[12:51:19.717] [INFO] 입력 패킷 수신 - 클라이언트 ID: 5, Forward: 0.000000, Right: 1.000000, Yaw: 156.450012, Jump: false, Attack: true
[12:51:19.777] [INFO] [Packet] Pong 전송 - ClientId: 5
[12:51:19.778] [INFO] [Packet] Pong 전송 - ClientId: 6
[12:51:19.830] [INFO] 서버 FPS: 32.007759, 평균 프레임 시간: 0.000000ms, 클라이언트 수: 2
[12:51:20.336] [INFO] 입력 패킷 수신 - 클라이언트 ID: 5, Forward: 0.000000, Right: 1.000000, Yaw: 153.475006, Jump: false, Attack: true
[12:51:20.398] [INFO] 입력 패킷 수신 - 클라이언트 ID: 5, Forward: 0.000000, Right: 1.000000, Yaw: 148.400009, Jump: false, Attack: false
[12:51:20.474] [INFO] 입력 패킷 수신 - 클라이언트 ID: 5, Forward: 0.000000, Right: 1.000000, Yaw: 148.225006, Jump: false, Attack: false
[12:51:20.678] [INFO] 입력 패킷 수신 - 클라이언트 ID: 5, Forward: 0.000000, Right: 1.000000, Yaw: 148.400009, Jump: false, Attack: false
[12:51:20.752] [INFO] 입력 패킷 수신 - 클라이언트 ID: 5, Forward: 0.000000, Right: 1.000000, Yaw: 150.325012, Jump: false, Attack: false
[12:51:20.753] [INFO] [Packet] Pong 전송 - ClientId: 5
[12:51:20.754] [INFO] [Packet] Pong 전송 - ClientId: 6
[12:51:20.848] [INFO] 서버 FPS: 32.480316, 평균 프레임 시간: 0.000000ms, 클라이언트 수: 2
[12:51:21.207] [ERROR] [SendPacket] WSASend 실패. 오류: WSAECONNRESET: 연결이 원격 호스트에 의해 재설정됨, 컨텍스트: BroadcastPosition, 클라이언트 ID: 6
[12:51:21.207] [WARNING] 위치 브로드캐스트 일부 실패 - 클라이언트 ID: 5, 성공: 0/1
[12:51:21.207] [INFO] 클라이언트가 정상적으로 연결 종료함 - ID: 6
[12:51:21.208] [INFO] 클라이언트 연결 끊김 (ID: 6)
[12:51:21.208] [INFO] 클라이언트 연결 끊김 알림(ID: 6) - 수신자 수: 1
[12:51:21.220] [INFO] 클라이언트가 정상적으로 연결 종료함 - ID: 5
[12:51:21.220] [INFO] 클라이언트 연결 끊김 (ID: 5)
[12:51:21.220] [INFO] 클라이언트 연결 끊김 알림(ID: 5) - 수신자 수: 0
[12:51:21.875] [INFO] 서버 FPS: 33.497536, 평균 프레임 시간: 0.000000ms, 클라이언트 수: 0
[12:51:22.884] [INFO] 서버 FPS: 32.480316, 평균 프레임 시간: 0.000000ms, 클라이언트 수: 0
[12:51:23.900] [INFO] 서버 FPS: 34.448818, 평균 프레임 시간: 0.000000ms, 클라이언트 수: 0
[12:51:24.924] [INFO] 서버 FPS: 32.007759, 평균 프레임 시간: 0.000000ms, 클라이언트 수: 0
[12:51:25.970] [INFO] 서버 FPS: 32.977692, 평균 프레임 시간: 0.000000ms, 클라이언트 수: 0
[12:51:26.981] [INFO] 서버 FPS: 32.480316, 평균 프레임 시간: 0.000000ms, 클라이언트 수: 0
[12:51:28.011] [INFO] 서버 FPS: 32.977692, 평균 프레임 시간: 0.000000ms, 클라이언트 수: 0
[12:51:29.038] [INFO] 서버 FPS: 32.007759, 평균 프레임 시간: 0.000000ms, 클라이언트 수: 0
[12:51:30.068] [INFO] 서버 FPS: 32.977692, 평균 프레임 시간: 0.000000ms, 클라이언트 수: 0
[12:51:31.104] [INFO] 서버 FPS: 32.945736, 평균 프레임 시간: 0.000000ms, 클라이언트 수: 0
[12:51:32.131] [INFO] 서버 FPS: 32.977692, 평균 프레임 시간: 0.000000ms, 클라이언트 수: 0
[12:51:33.142] [INFO] 서버 FPS: 33.464565, 평균 프레임 시간: 0.000000ms, 클라이언트 수: 0
[12:51:34.174] [INFO] 서버 FPS: 32.977692, 평균 프레임 시간: 0.000000ms, 클라이언트 수: 0
[12:51:35.203] [INFO] 서버 FPS: 34.482758, 평균 프레임 시간: 0.000000ms, 클라이언트 수: 0
[12:51:36.216] [INFO] 서버 FPS: 34.448818, 평균 프레임 시간: 0.000000ms, 클라이언트 수: 0
[12:51:37.234] [INFO] 서버 FPS: 33.464565, 평균 프레임 시간: 0.000000ms, 클라이언트 수: 0
[12:51:38.263] [INFO] 서버 FPS: 33.947624, 평균 프레임 시간: 0.000000ms, 클라이언트 수: 0
[12:51:39.275] [INFO] 서버 FPS: 32.480316, 평균 프레임 시간: 0.000000ms, 클라이언트 수: 0
[12:51:40.287] [INFO] 서버 FPS: 33.497536, 평균 프레임 시간: 0.000000ms, 클라이언트 수: 0
