[12:52:46.899] [INFO] 로깅 시스템 초기화됨
[12:52:46.899] [INFO] 서버 인스턴스 생성됨
[12:52:46.899] [INFO] 서버 초기화 시작 (포트: 9000)
[12:52:46.900] [INFO] 윈속 초기화 성공
[12:52:46.902] [INFO] 리스닝 소켓 생성 성공
[12:52:46.902] [INFO] 소켓 바인딩 성공 (포트: 9000)
[12:52:46.903] [INFO] 리스닝 시작됨
[12:52:46.903] [INFO] IOCP 생성 성공
[12:52:46.903] [INFO] CPU 코어 수: 16, 생성할 작업자 스레드: 16
[12:52:46.903] [INFO] 작업자 스레드 #1 생성됨
[12:52:46.904] [INFO] 작업자 스레드 시작 (ThreadID: 25016)
[12:52:46.904] [INFO] 작업자 스레드 #2 생성됨
[12:52:46.904] [INFO] 작업자 스레드 시작 (ThreadID: 4168)
[12:52:46.905] [INFO] 작업자 스레드 #3 생성됨
[12:52:46.905] [INFO] 작업자 스레드 시작 (ThreadID: 32540)
[12:52:46.905] [INFO] 작업자 스레드 #4 생성됨
[12:52:46.906] [INFO] 작업자 스레드 시작 (ThreadID: 24896)
[12:52:46.907] [INFO] 작업자 스레드 #5 생성됨
[12:52:46.907] [INFO] 작업자 스레드 시작 (ThreadID: 1876)
[12:52:46.907] [INFO] 작업자 스레드 #6 생성됨
[12:52:46.907] [INFO] 작업자 스레드 시작 (ThreadID: 17444)
[12:52:46.908] [INFO] 작업자 스레드 #7 생성됨
[12:52:46.908] [INFO] 작업자 스레드 시작 (ThreadID: 7032)
[12:52:46.909] [INFO] 작업자 스레드 #8 생성됨
[12:52:46.909] [INFO] 작업자 스레드 시작 (ThreadID: 32832)
[12:52:46.909] [INFO] 작업자 스레드 #9 생성됨
[12:52:46.910] [INFO] 작업자 스레드 시작 (ThreadID: 34048)
[12:52:46.910] [INFO] 작업자 스레드 #10 생성됨
[12:52:46.910] [INFO] 작업자 스레드 시작 (ThreadID: 2904)
[12:52:46.910] [INFO] 작업자 스레드 #11 생성됨
[12:52:46.911] [INFO] 작업자 스레드 시작 (ThreadID: 29188)
[12:52:46.911] [INFO] 작업자 스레드 #12 생성됨
[12:52:46.911] [INFO] 작업자 스레드 시작 (ThreadID: 39684)
[12:52:46.912] [INFO] 작업자 스레드 #13 생성됨
[12:52:46.912] [INFO] 작업자 스레드 시작 (ThreadID: 2288)
[12:52:46.912] [INFO] 작업자 스레드 #14 생성됨
[12:52:46.913] [INFO] 작업자 스레드 시작 (ThreadID: 26888)
[12:52:46.913] [INFO] 작업자 스레드 #15 생성됨
[12:52:46.913] [INFO] 작업자 스레드 시작 (ThreadID: 38904)
[12:52:46.914] [INFO] 작업자 스레드 #16 생성됨
[12:52:46.914] [INFO] 작업자 스레드 시작 (ThreadID: 36784)
[12:52:46.914] [INFO] 서버 초기화 완료
[12:52:46.914] [INFO] 서버 실행. 포트 번호: 9000
[12:52:46.915] [INFO] IOCP 멀티플레이어 서버 시작됨...
[12:52:46.915] [INFO] 서버 실행 시작
[12:53:43.687] [INFO] 새 클라이언트에게 ID 1 전송됨
[12:53:43.687] [INFO] 초기 위치 정보 전송됨 - 클라이언트 ID: 1, 위치: X=0.000000, Y=0.000000, Z=90.000000
[12:53:43.687] [INFO] 새 플레이어 정보(ID: 1) 브로드캐스트 - 수신자 수: 0
[12:53:43.688] [INFO] 기존 플레이어 정보 0개가 새 클라이언트(ID: 1)에게 전송됨
[12:53:43.688] [INFO] 위치 업데이트 - 클라이언트 ID: 1, 위치: X=0.000000, Y=0.000000, Z=90.000000, 속도: X=0.000000, Y=0.000000, Z=0.000000
[12:53:43.688] [INFO] 서버 FPS: 0.035223, 평균 프레임 시간: 5678.100098ms, 클라이언트 수: 1
[12:53:49.512] [INFO] 입력 패킷 수신 - 클라이언트 ID: 1, Forward: 0.000000, Right: 0.000000, Yaw: 0.000000, Jump: false, Attack: true
[12:53:49.528] [INFO] 입력 패킷 수신 - 클라이언트 ID: 1, Forward: 0.000000, Right: 0.000000, Yaw: 0.000000, Jump: false, Attack: true
[12:53:49.545] [INFO] 입력 패킷 수신 - 클라이언트 ID: 1, Forward: 0.000000, Right: 0.000000, Yaw: 0.000000, Jump: false, Attack: true
[12:53:50.265] [INFO] 입력 패킷 수신 - 클라이언트 ID: 1, Forward: 0.000000, Right: 1.000000, Yaw: 106.067902, Jump: false, Attack: false
[12:53:50.281] [INFO] 입력 패킷 수신 - 클라이언트 ID: 1, Forward: 0.000000, Right: 1.000000, Yaw: 106.067902, Jump: false, Attack: false
[12:53:50.297] [INFO] 입력 패킷 수신 - 클라이언트 ID: 1, Forward: 0.000000, Right: 1.000000, Yaw: 106.067902, Jump: false, Attack: false
[12:53:50.314] [INFO] 입력 패킷 수신 - 클라이언트 ID: 1, Forward: 0.000000, Right: 1.000000, Yaw: 106.067902, Jump: false, Attack: false
[12:53:50.331] [INFO] 입력 패킷 수신 - 클라이언트 ID: 1, Forward: 0.000000, Right: 1.000000, Yaw: 106.067902, Jump: false, Attack: false
[12:53:50.348] [INFO] 입력 패킷 수신 - 클라이언트 ID: 1, Forward: 1.000000, Right: 1.000000, Yaw: 106.067902, Jump: false, Attack: false
[12:53:50.364] [INFO] 입력 패킷 수신 - 클라이언트 ID: 1, Forward: 1.000000, Right: 1.000000, Yaw: 106.067902, Jump: false, Attack: false
[12:53:50.381] [INFO] 입력 패킷 수신 - 클라이언트 ID: 1, Forward: 1.000000, Right: 1.000000, Yaw: 106.067902, Jump: false, Attack: false
[12:53:50.398] [INFO] 입력 패킷 수신 - 클라이언트 ID: 1, Forward: 1.000000, Right: 1.000000, Yaw: 106.067902, Jump: false, Attack: false
[12:53:50.415] [INFO] 입력 패킷 수신 - 클라이언트 ID: 1, Forward: 1.000000, Right: 1.000000, Yaw: 106.067902, Jump: false, Attack: false
[12:53:50.431] [INFO] 입력 패킷 수신 - 클라이언트 ID: 1, Forward: 1.000000, Right: 1.000000, Yaw: 106.067902, Jump: false, Attack: false
[12:53:50.447] [INFO] 입력 패킷 수신 - 클라이언트 ID: 1, Forward: 1.000000, Right: 1.000000, Yaw: 106.067902, Jump: false, Attack: false
[12:53:50.464] [INFO] 입력 패킷 수신 - 클라이언트 ID: 1, Forward: 1.000000, Right: 1.000000, Yaw: 106.067902, Jump: false, Attack: false
[12:53:50.481] [INFO] 입력 패킷 수신 - 클라이언트 ID: 1, Forward: 1.000000, Right: 1.000000, Yaw: 106.067902, Jump: false, Attack: false
[12:53:50.498] [INFO] 입력 패킷 수신 - 클라이언트 ID: 1, Forward: 1.000000, Right: 1.000000, Yaw: 106.067902, Jump: false, Attack: false
[12:53:50.514] [INFO] 입력 패킷 수신 - 클라이언트 ID: 1, Forward: 1.000000, Right: 1.000000, Yaw: 106.067902, Jump: false, Attack: false
[12:53:50.531] [INFO] 입력 패킷 수신 - 클라이언트 ID: 1, Forward: 1.000000, Right: 1.000000, Yaw: 106.067902, Jump: false, Attack: false
[12:53:50.548] [INFO] 입력 패킷 수신 - 클라이언트 ID: 1, Forward: 1.000000, Right: 1.000000, Yaw: 106.242905, Jump: false, Attack: false
[12:53:50.565] [INFO] 입력 패킷 수신 - 클라이언트 ID: 1, Forward: 1.000000, Right: 1.000000, Yaw: 106.417908, Jump: false, Attack: false
[12:53:50.582] [INFO] 입력 패킷 수신 - 클라이언트 ID: 1, Forward: 0.000000, Right: 1.000000, Yaw: 106.767906, Jump: false, Attack: false
