[18:47:45.879] [INFO] 로깅 시스템 초기화됨
[18:47:45.880] [INFO] 서버 인스턴스 생성됨
[18:47:45.880] [INFO] 서버 초기화 시작 (포트: 9000)
[18:47:45.881] [INFO] 윈속 초기화 성공
[18:47:45.882] [INFO] 리스닝 소켓 생성 성공
[18:47:45.882] [INFO] 소켓 바인딩 성공 (포트: 9000)
[18:47:45.882] [INFO] 리스닝 시작됨
[18:47:45.882] [INFO] IOCP 생성 성공
[18:47:45.883] [INFO] CPU 코어 수: 16, 생성할 작업자 스레드: 16
[18:47:45.883] [INFO] 작업자 스레드 #1 생성됨
[18:47:45.883] [INFO] 작업자 스레드 시작 (ThreadID: 32876)
[18:47:45.883] [INFO] 작업자 스레드 #2 생성됨
[18:47:45.884] [INFO] 작업자 스레드 시작 (ThreadID: 8936)
[18:47:45.884] [INFO] 작업자 스레드 #3 생성됨
[18:47:45.884] [INFO] 작업자 스레드 시작 (ThreadID: 21184)
[18:47:45.885] [INFO] 작업자 스레드 #4 생성됨
[18:47:45.885] [INFO] 작업자 스레드 시작 (ThreadID: 25128)
[18:47:45.885] [INFO] 작업자 스레드 #5 생성됨
[18:47:45.885] [INFO] 작업자 스레드 시작 (ThreadID: 2876)
[18:47:45.885] [INFO] 작업자 스레드 #6 생성됨
[18:47:45.886] [INFO] 작업자 스레드 시작 (ThreadID: 31196)
[18:47:45.886] [INFO] 작업자 스레드 #7 생성됨
[18:47:45.886] [INFO] 작업자 스레드 시작 (ThreadID: 34548)
[18:47:45.886] [INFO] 작업자 스레드 #8 생성됨
[18:47:45.886] [INFO] 작업자 스레드 시작 (ThreadID: 33780)
[18:47:45.887] [INFO] 작업자 스레드 #9 생성됨
[18:47:45.887] [INFO] 작업자 스레드 시작 (ThreadID: 9168)
[18:47:45.887] [INFO] 작업자 스레드 #10 생성됨
[18:47:45.887] [INFO] 작업자 스레드 시작 (ThreadID: 28608)
[18:47:45.888] [INFO] 작업자 스레드 #11 생성됨
[18:47:45.888] [INFO] 작업자 스레드 시작 (ThreadID: 33264)
[18:47:45.888] [INFO] 작업자 스레드 #12 생성됨
[18:47:45.888] [INFO] 작업자 스레드 시작 (ThreadID: 432)
[18:47:45.889] [INFO] 작업자 스레드 #13 생성됨
[18:47:45.889] [INFO] 작업자 스레드 시작 (ThreadID: 28192)
[18:47:45.889] [INFO] 작업자 스레드 #14 생성됨
[18:47:45.889] [INFO] 작업자 스레드 시작 (ThreadID: 20284)
[18:47:45.889] [INFO] 작업자 스레드 #15 생성됨
[18:47:45.890] [INFO] 작업자 스레드 시작 (ThreadID: 27748)
[18:47:45.890] [INFO] 작업자 스레드 #16 생성됨
[18:47:45.890] [INFO] 작업자 스레드 시작 (ThreadID: 33512)
[18:47:45.890] [INFO] 서버 초기화 완료
[18:47:45.890] [INFO] 서버 실행. 포트 번호: 9000
[18:47:45.890] [INFO] IOCP 멀티플레이어 서버 시작됨...
[18:47:45.891] [INFO] 서버 실행 시작
[18:47:49.151] [INFO] 클라이언트 연결됨: 127.0.0.1:10566 (ID: 1)
[18:47:49.151] [INFO] 새 클라이언트에게 ID 1 전송됨
[18:47:49.152] [INFO] 초기 위치 정보 전송됨 - 클라이언트 ID: 1, 위치: X=300.000000, Y=300.000000, Z=300.000000
[18:47:49.152] [INFO] 새 플레이어 정보(ID: 1) 브로드캐스트 - 수신자 수: 0
[18:47:49.152] [INFO] 기존 플레이어 정보 0개가 새 클라이언트(ID: 1)에게 전송됨
[18:47:49.152] [INFO] 서버 FPS: 0.615385, 평균 프레임 시간: 325.000000ms, 클라이언트 수: 1
[18:47:49.152] [INFO] 클라이언트 연결됨: 127.0.0.1:10567 (ID: 2)
[18:47:49.153] [INFO] 새 클라이언트에게 ID 2 전송됨
[18:47:49.153] [INFO] 초기 위치 정보 전송됨 - 클라이언트 ID: 2, 위치: X=300.000000, Y=0.000000, Z=90.000000
[18:47:49.153] [INFO] 새 플레이어 정보(ID: 2) 브로드캐스트 - 수신자 수: 1
[18:47:49.153] [INFO] 기존 플레이어 정보 1개가 새 클라이언트(ID: 2)에게 전송됨
[18:47:49.153] [WARNING] 비정상적으로 긴 델타 타임: 3.250000초
