[13:16:19.919] [INFO] 로깅 시스템 초기화됨
[13:16:19.920] [INFO] 서버 인스턴스 생성됨
[13:16:19.920] [INFO] 서버 초기화 시작 (포트: 9000)
[13:16:19.921] [INFO] 윈속 초기화 성공
[13:16:19.922] [INFO] 리스닝 소켓 생성 성공
[13:16:19.922] [INFO] 소켓 바인딩 성공 (포트: 9000)
[13:16:19.922] [INFO] 리스닝 시작됨
[13:16:19.923] [INFO] IOCP 생성 성공
[13:16:19.923] [INFO] CPU 코어 수: 16, 생성할 작업자 스레드: 16
[13:16:19.923] [INFO] 작업자 스레드 #1 생성됨
[13:16:19.923] [INFO] 작업자 스레드 시작 (ThreadID: 36008)
[13:16:19.923] [INFO] 작업자 스레드 #2 생성됨
[13:16:19.923] [INFO] 작업자 스레드 시작 (ThreadID: 30156)
[13:16:19.924] [INFO] 작업자 스레드 #3 생성됨
[13:16:19.924] [INFO] 작업자 스레드 시작 (ThreadID: 17960)
[13:16:19.924] [INFO] 작업자 스레드 #4 생성됨
[13:16:19.924] [INFO] 작업자 스레드 시작 (ThreadID: 32128)
[13:16:19.925] [INFO] 작업자 스레드 #5 생성됨
[13:16:19.925] [INFO] 작업자 스레드 시작 (ThreadID: 35384)
[13:16:19.925] [INFO] 작업자 스레드 #6 생성됨
[13:16:19.925] [INFO] 작업자 스레드 시작 (ThreadID: 28364)
[13:16:19.925] [INFO] 작업자 스레드 #7 생성됨
[13:16:19.926] [INFO] 작업자 스레드 시작 (ThreadID: 34832)
[13:16:19.926] [INFO] 작업자 스레드 #8 생성됨
[13:16:19.926] [INFO] 작업자 스레드 시작 (ThreadID: 35240)
[13:16:19.926] [INFO] 작업자 스레드 #9 생성됨
[13:16:19.926] [INFO] 작업자 스레드 시작 (ThreadID: 19096)
[13:16:19.926] [INFO] 작업자 스레드 #10 생성됨
[13:16:19.927] [INFO] 작업자 스레드 시작 (ThreadID: 17364)
[13:16:19.927] [INFO] 작업자 스레드 #11 생성됨
[13:16:19.927] [INFO] 작업자 스레드 시작 (ThreadID: 19780)
[13:16:19.927] [INFO] 작업자 스레드 #12 생성됨
[13:16:19.927] [INFO] 작업자 스레드 시작 (ThreadID: 32620)
[13:16:19.928] [INFO] 작업자 스레드 #13 생성됨
[13:16:19.928] [INFO] 작업자 스레드 시작 (ThreadID: 31852)
[13:16:19.928] [INFO] 작업자 스레드 #14 생성됨
[13:16:19.928] [INFO] 작업자 스레드 시작 (ThreadID: 26296)
[13:16:19.928] [INFO] 작업자 스레드 #15 생성됨
[13:16:19.928] [INFO] 작업자 스레드 시작 (ThreadID: 36064)
[13:16:19.928] [INFO] 작업자 스레드 #16 생성됨
[13:16:19.929] [INFO] 서버 초기화 완료
[13:16:19.929] [INFO] 서버 실행. 포트 번호: 9000
[13:16:19.929] [INFO] IOCP 멀티플레이어 서버 시작됨...
[13:16:19.929] [INFO] 서버 실행 시작
[13:16:19.929] [INFO] 작업자 스레드 시작 (ThreadID: 36160)
[13:16:19.929] [INFO] listenSocket 논블로킹 설정 성공
[13:16:20.940] [INFO] 서버 FPS: 33.497536, 평균 프레임 시간: 0.000000ms, 클라이언트 수: 0
[13:16:21.963] [INFO] 서버 FPS: 32.480316, 평균 프레임 시간: 0.000000ms, 클라이언트 수: 0
[13:16:22.991] [INFO] 서버 FPS: 32.977692, 평균 프레임 시간: 0.000000ms, 클라이언트 수: 0
[13:16:23.796] [INFO] 새 클라이언트에게 ID 1 전송됨
[13:16:23.796] [INFO] 새 플레이어 정보(ID: 1) 브로드캐스트 - 수신자 수: 0
[13:16:23.797] [INFO] 기존 플레이어 정보 0개가 새 클라이언트(ID: 1)에게 전송됨
[13:16:23.997] [INFO] 새 클라이언트에게 ID 2 전송됨
[13:16:23.998] [INFO] 새 플레이어 정보(ID: 2) 브로드캐스트 - 수신자 수: 1
[13:16:23.998] [INFO] 기존 플레이어 정보 1개가 새 클라이언트(ID: 2)에게 전송됨
[13:16:24.028] [INFO] 서버 FPS: 32.945736, 평균 프레임 시간: 0.000000ms, 클라이언트 수: 2
[13:16:25.036] [INFO] 서버 FPS: 32.512314, 평균 프레임 시간: 0.000000ms, 클라이언트 수: 2
[13:16:26.062] [INFO] 서버 FPS: 32.480316, 평균 프레임 시간: 0.000000ms, 클라이언트 수: 2
[13:16:27.075] [INFO] 서버 FPS: 32.512314, 평균 프레임 시간: 0.000000ms, 클라이언트 수: 2
[13:16:27.280] [INFO] [Packet] Pong 전송 - ClientId: 1
[13:16:27.282] [INFO] [Packet] Pong 전송 - ClientId: 2
[13:16:28.026] [INFO] 입력 패킷 수신 - 클라이언트 ID: 2, Forward: 0.000000, Right: 0.000000, Yaw: 0.000000, Jump: false, Attack: true
[13:16:28.098] [INFO] 서버 FPS: 32.945736, 평균 프레임 시간: 0.000000ms, 클라이언트 수: 2
[13:16:28.154] [INFO] [Packet] Pong 전송 - ClientId: 1
[13:16:28.155] [INFO] [Packet] Pong 전송 - ClientId: 2
[13:16:29.097] [INFO] [Packet] Pong 전송 - ClientId: 1
[13:16:29.097] [INFO] 입력 패킷 수신 - 클라이언트 ID: 2, Forward: 0.000000, Right: 0.000000, Yaw: 0.000000, Jump: false, Attack: false
[13:16:29.098] [INFO] [Packet] Pong 전송 - ClientId: 2
[13:16:29.130] [INFO] 서버 FPS: 32.977692, 평균 프레임 시간: 0.000000ms, 클라이언트 수: 2
[13:16:30.118] [INFO] [Packet] Pong 전송 - ClientId: 1
[13:16:30.119] [INFO] [Packet] Pong 전송 - ClientId: 2
[13:16:30.166] [INFO] 서버 FPS: 32.977692, 평균 프레임 시간: 0.000000ms, 클라이언트 수: 2
[13:16:31.106] [INFO] [Packet] Pong 전송 - ClientId: 1
[13:16:31.107] [INFO] [Packet] Pong 전송 - ClientId: 2
[13:16:31.184] [INFO] 서버 FPS: 32.480316, 평균 프레임 시간: 0.000000ms, 클라이언트 수: 2
[13:16:32.087] [INFO] [Packet] Pong 전송 - ClientId: 1
[13:16:32.088] [INFO] [Packet] Pong 전송 - ClientId: 2
[13:16:32.220] [INFO] 서버 FPS: 32.473736, 평균 프레임 시간: 0.000000ms, 클라이언트 수: 2
[13:16:33.147] [INFO] [Packet] Pong 전송 - ClientId: 1
[13:16:33.148] [INFO] [Packet] Pong 전송 - ClientId: 2
[13:16:33.258] [INFO] 서버 FPS: 32.977692, 평균 프레임 시간: 0.000000ms, 클라이언트 수: 2
[13:16:34.133] [INFO] [Packet] Pong 전송 - ClientId: 1
[13:16:34.134] [INFO] [Packet] Pong 전송 - ClientId: 2
[13:16:34.295] [INFO] 서버 FPS: 32.977692, 평균 프레임 시간: 0.000000ms, 클라이언트 수: 2
[13:16:34.377] [INFO] 입력 패킷 수신 - 클라이언트 ID: 2, Forward: 0.000000, Right: 0.000000, Yaw: 0.350000, Jump: false, Attack: false
[13:16:34.453] [INFO] 입력 패킷 수신 - 클라이언트 ID: 2, Forward: 0.000000, Right: 0.000000, Yaw: 6.650000, Jump: false, Attack: false
[13:16:34.530] [INFO] 입력 패킷 수신 - 클라이언트 ID: 2, Forward: 0.000000, Right: 0.000000, Yaw: 31.324999, Jump: false, Attack: false
[13:16:34.624] [INFO] 입력 패킷 수신 - 클라이언트 ID: 2, Forward: 0.000000, Right: 0.000000, Yaw: 31.324999, Jump: false, Attack: true
[13:16:34.625] [INFO] 입력 패킷 수신 - 클라이언트 ID: 2, Forward: 0.000000, Right: 0.000000, Yaw: 36.924999, Jump: false, Attack: true
[13:16:34.844] [INFO] 입력 패킷 수신 - 클라이언트 ID: 2, Forward: 0.000000, Right: 0.000000, Yaw: 36.750000, Jump: false, Attack: true
[13:16:35.081] [INFO] [Packet] Pong 전송 - ClientId: 1
[13:16:35.082] [INFO] [Packet] Pong 전송 - ClientId: 2
[13:16:35.298] [INFO] 서버 FPS: 32.480316, 평균 프레임 시간: 0.000000ms, 클라이언트 수: 2
[13:16:35.699] [INFO] 입력 패킷 수신 - 클라이언트 ID: 2, Forward: 0.000000, Right: 0.000000, Yaw: 36.750000, Jump: false, Attack: false
[13:16:35.700] [INFO] 입력 패킷 수신 - 클라이언트 ID: 2, Forward: 0.000000, Right: 0.000000, Yaw: 36.575001, Jump: false, Attack: false
[13:16:35.777] [INFO] 입력 패킷 수신 - 클라이언트 ID: 2, Forward: 0.000000, Right: 0.000000, Yaw: 22.749998, Jump: false, Attack: false
[13:16:35.861] [INFO] 입력 패킷 수신 - 클라이언트 ID: 2, Forward: 0.000000, Right: 0.000000, Yaw: 356.325012, Jump: false, Attack: false
[13:16:35.939] [INFO] 입력 패킷 수신 - 클라이언트 ID: 2, Forward: 0.000000, Right: 0.000000, Yaw: 343.899994, Jump: false, Attack: false
[13:16:36.018] [INFO] 입력 패킷 수신 - 클라이언트 ID: 2, Forward: 0.000000, Right: 0.000000, Yaw: 342.149994, Jump: false, Attack: false
[13:16:36.098] [INFO] [Packet] Pong 전송 - ClientId: 1
[13:16:36.099] [INFO] 입력 패킷 수신 - 클라이언트 ID: 2, Forward: 0.000000, Right: 0.000000, Yaw: 341.274994, Jump: false, Attack: false
[13:16:36.100] [INFO] [Packet] Pong 전송 - ClientId: 2
[13:16:36.179] [INFO] 입력 패킷 수신 - 클라이언트 ID: 2, Forward: 0.000000, Right: 0.000000, Yaw: 341.274994, Jump: true, Attack: false
[13:16:36.180] [INFO] 입력 패킷 수신 - 클라이언트 ID: 2, Forward: 0.000000, Right: 0.000000, Yaw: 341.100006, Jump: true, Attack: false
[13:16:36.336] [INFO] 서버 FPS: 32.977692, 평균 프레임 시간: 0.000000ms, 클라이언트 수: 2
[13:16:36.828] [INFO] 입력 패킷 수신 - 클라이언트 ID: 2, Forward: 0.000000, Right: 0.000000, Yaw: 341.274994, Jump: true, Attack: false
[13:16:37.058] [INFO] 입력 패킷 수신 - 클라이언트 ID: 2, Forward: 0.000000, Right: 0.000000, Yaw: 341.450012, Jump: true, Attack: false
[13:16:37.147] [INFO] [Packet] Pong 전송 - ClientId: 1
[13:16:37.148] [INFO] 입력 패킷 수신 - 클라이언트 ID: 2, Forward: 0.000000, Right: 0.000000, Yaw: 341.450012, Jump: false, Attack: true
[13:16:37.149] [INFO] [Packet] Pong 전송 - ClientId: 2
[13:16:37.285] [INFO] 입력 패킷 수신 - 클라이언트 ID: 2, Forward: 0.000000, Right: 0.000000, Yaw: 341.625000, Jump: false, Attack: true
[13:16:37.356] [INFO] 서버 FPS: 32.480316, 평균 프레임 시간: 0.000000ms, 클라이언트 수: 2
[13:16:38.131] [INFO] [Packet] Pong 전송 - ClientId: 1
[13:16:38.132] [INFO] [Packet] Pong 전송 - ClientId: 2
[13:16:38.132] [INFO] 입력 패킷 수신 - 클라이언트 ID: 2, Forward: 0.000000, Right: 0.000000, Yaw: 341.799988, Jump: false, Attack: true
[13:16:38.208] [INFO] 입력 패킷 수신 - 클라이언트 ID: 2, Forward: 0.000000, Right: 0.000000, Yaw: 341.799988, Jump: false, Attack: false
[13:16:38.374] [INFO] 서버 FPS: 32.512314, 평균 프레임 시간: 0.000000ms, 클라이언트 수: 2
[13:16:38.751] [INFO] 입력 패킷 수신 - 클라이언트 ID: 2, Forward: 0.000000, Right: 0.000000, Yaw: 341.975006, Jump: false, Attack: false
[13:16:38.828] [INFO] 입력 패킷 수신 - 클라이언트 ID: 2, Forward: 0.000000, Right: 0.000000, Yaw: 342.149994, Jump: false, Attack: false
[13:16:38.986] [INFO] 입력 패킷 수신 - 클라이언트 ID: 2, Forward: 0.000000, Right: 0.000000, Yaw: 342.325012, Jump: false, Attack: false
[13:16:39.142] [INFO] [Packet] Pong 전송 - ClientId: 1
[13:16:39.143] [INFO] [Packet] Pong 전송 - ClientId: 2
[13:16:39.393] [INFO] 서버 FPS: 31.976744, 평균 프레임 시간: 0.000000ms, 클라이언트 수: 2
[13:16:40.137] [INFO] [Packet] Pong 전송 - ClientId: 1
[13:16:40.138] [INFO] [Packet] Pong 전송 - ClientId: 2
[13:16:40.424] [INFO] 서버 FPS: 32.977692, 평균 프레임 시간: 0.000000ms, 클라이언트 수: 2
[13:16:41.126] [INFO] [Packet] Pong 전송 - ClientId: 1
[13:16:41.127] [INFO] [Packet] Pong 전송 - ClientId: 2
[13:16:41.204] [INFO] 입력 패킷 수신 - 클라이언트 ID: 2, Forward: 0.000000, Right: 0.000000, Yaw: 342.500000, Jump: false, Attack: false
[13:16:41.294] [INFO] 입력 패킷 수신 - 클라이언트 ID: 2, Forward: 0.000000, Right: 0.000000, Yaw: 342.674988, Jump: false, Attack: false
[13:16:41.443] [INFO] 서버 FPS: 32.512314, 평균 프레임 시간: 0.000000ms, 클라이언트 수: 2
[13:16:41.977] [INFO] 입력 패킷 수신 - 클라이언트 ID: 2, Forward: 0.000000, Right: 0.000000, Yaw: 343.200012, Jump: false, Attack: false
[13:16:42.054] [INFO] 입력 패킷 수신 - 클라이언트 ID: 2, Forward: 0.000000, Right: 0.000000, Yaw: 343.725006, Jump: false, Attack: false
[13:16:42.128] [INFO] [Packet] Pong 전송 - ClientId: 1
[13:16:42.129] [INFO] [Packet] Pong 전송 - ClientId: 2
[13:16:42.283] [INFO] 입력 패킷 수신 - 클라이언트 ID: 2, Forward: 0.000000, Right: 0.000000, Yaw: 343.899994, Jump: false, Attack: false
[13:16:42.458] [INFO] 서버 FPS: 32.480316, 평균 프레임 시간: 0.000000ms, 클라이언트 수: 2
[13:16:42.598] [INFO] 입력 패킷 수신 - 클라이언트 ID: 2, Forward: 0.000000, Right: 0.000000, Yaw: 344.424988, Jump: false, Attack: false
[13:16:42.674] [INFO] 입력 패킷 수신 - 클라이언트 ID: 2, Forward: 0.000000, Right: 0.000000, Yaw: 344.600006, Jump: false, Attack: false
[13:16:43.125] [INFO] [Packet] Pong 전송 - ClientId: 1
[13:16:43.126] [INFO] [Packet] Pong 전송 - ClientId: 2
[13:16:43.478] [INFO] 서버 FPS: 32.480316, 평균 프레임 시간: 0.000000ms, 클라이언트 수: 2
[13:16:43.608] [INFO] 입력 패킷 수신 - 클라이언트 ID: 2, Forward: 0.000000, Right: 0.000000, Yaw: 344.774994, Jump: false, Attack: false
[13:16:43.693] [INFO] 입력 패킷 수신 - 클라이언트 ID: 2, Forward: 0.000000, Right: 0.000000, Yaw: 345.299988, Jump: false, Attack: false
[13:16:44.097] [INFO] [Packet] Pong 전송 - ClientId: 1
[13:16:44.099] [INFO] [Packet] Pong 전송 - ClientId: 2
[13:16:44.496] [INFO] 서버 FPS: 32.512314, 평균 프레임 시간: 0.000000ms, 클라이언트 수: 2
[13:16:45.152] [INFO] [Packet] Pong 전송 - ClientId: 1
[13:16:45.153] [INFO] [Packet] Pong 전송 - ClientId: 2
[13:16:45.153] [INFO] 입력 패킷 수신 - 클라이언트 ID: 2, Forward: 0.000000, Right: 0.000000, Yaw: 345.475006, Jump: false, Attack: false
[13:16:45.386] [INFO] 입력 패킷 수신 - 클라이언트 ID: 2, Forward: 0.000000, Right: 0.000000, Yaw: 345.649994, Jump: false, Attack: false
[13:16:45.463] [INFO] 입력 패킷 수신 - 클라이언트 ID: 2, Forward: 0.000000, Right: 0.000000, Yaw: 345.825012, Jump: false, Attack: false
[13:16:45.512] [INFO] 서버 FPS: 32.480316, 평균 프레임 시간: 0.000000ms, 클라이언트 수: 2
[13:16:45.540] [INFO] 입력 패킷 수신 - 클라이언트 ID: 2, Forward: 0.000000, Right: 0.000000, Yaw: 346.000000, Jump: false, Attack: false
[13:16:45.692] [INFO] 입력 패킷 수신 - 클라이언트 ID: 2, Forward: 0.000000, Right: 0.000000, Yaw: 346.174988, Jump: false, Attack: false
[13:16:45.768] [INFO] 입력 패킷 수신 - 클라이언트 ID: 2, Forward: 0.000000, Right: 0.000000, Yaw: 346.524994, Jump: false, Attack: false
[13:16:45.919] [INFO] 입력 패킷 수신 - 클라이언트 ID: 2, Forward: 0.000000, Right: 0.000000, Yaw: 347.049988, Jump: false, Attack: false
[13:16:46.148] [INFO] [Packet] Pong 전송 - ClientId: 1
[13:16:46.149] [INFO] [Packet] Pong 전송 - ClientId: 2
[13:16:46.546] [INFO] 서버 FPS: 32.977692, 평균 프레임 시간: 0.000000ms, 클라이언트 수: 2
[13:16:47.137] [INFO] [Packet] Pong 전송 - ClientId: 1
[13:16:47.138] [INFO] [Packet] Pong 전송 - ClientId: 2
[13:16:47.138] [INFO] 입력 패킷 수신 - 클라이언트 ID: 2, Forward: 0.000000, Right: 0.000000, Yaw: 347.225006, Jump: false, Attack: false
[13:16:47.295] [INFO] 입력 패킷 수신 - 클라이언트 ID: 2, Forward: 0.000000, Right: 0.000000, Yaw: 347.575012, Jump: false, Attack: false
[13:16:47.374] [INFO] 입력 패킷 수신 - 클라이언트 ID: 2, Forward: 0.000000, Right: 0.000000, Yaw: 347.750000, Jump: false, Attack: false
[13:16:47.524] [INFO] 입력 패킷 수신 - 클라이언트 ID: 2, Forward: 0.000000, Right: 0.000000, Yaw: 348.274994, Jump: false, Attack: false
[13:16:47.567] [INFO] 서버 FPS: 32.007759, 평균 프레임 시간: 0.000000ms, 클라이언트 수: 2
[13:16:47.600] [INFO] 입력 패킷 수신 - 클라이언트 ID: 2, Forward: 0.000000, Right: 0.000000, Yaw: 348.450012, Jump: false, Attack: false
[13:16:47.751] [INFO] 입력 패킷 수신 - 클라이언트 ID: 2, Forward: 0.000000, Right: 0.000000, Yaw: 348.625000, Jump: false, Attack: false
[13:16:47.830] [INFO] 입력 패킷 수신 - 클라이언트 ID: 2, Forward: 0.000000, Right: 0.000000, Yaw: 349.325012, Jump: false, Attack: false
[13:16:47.981] [INFO] 입력 패킷 수신 - 클라이언트 ID: 2, Forward: 0.000000, Right: 0.000000, Yaw: 349.500000, Jump: false, Attack: false
[13:16:48.058] [INFO] 입력 패킷 수신 - 클라이언트 ID: 2, Forward: 0.000000, Right: 0.000000, Yaw: 350.200012, Jump: false, Attack: false
[13:16:48.133] [INFO] [Packet] Pong 전송 - ClientId: 1
[13:16:48.134] [INFO] [Packet] Pong 전송 - ClientId: 2
[13:16:48.285] [INFO] 입력 패킷 수신 - 클라이언트 ID: 2, Forward: 0.000000, Right: 0.000000, Yaw: 350.375000, Jump: false, Attack: false
[13:16:48.361] [INFO] 입력 패킷 수신 - 클라이언트 ID: 2, Forward: 0.000000, Right: 0.000000, Yaw: 350.549988, Jump: false, Attack: false
[13:16:48.601] [INFO] 서버 FPS: 32.945736, 평균 프레임 시간: 0.000000ms, 클라이언트 수: 2
[13:16:49.049] [INFO] 입력 패킷 수신 - 클라이언트 ID: 2, Forward: 0.000000, Right: 0.000000, Yaw: 350.725006, Jump: false, Attack: false
[13:16:49.125] [INFO] [Packet] Pong 전송 - ClientId: 1
[13:16:49.126] [INFO] [Packet] Pong 전송 - ClientId: 2
[13:16:49.621] [INFO] 서버 FPS: 32.512314, 평균 프레임 시간: 0.000000ms, 클라이언트 수: 2
[13:16:50.120] [INFO] [Packet] Pong 전송 - ClientId: 1
[13:16:50.121] [INFO] [Packet] Pong 전송 - ClientId: 2
[13:16:50.627] [INFO] 서버 FPS: 32.480316, 평균 프레임 시간: 0.000000ms, 클라이언트 수: 2
[13:16:51.115] [INFO] [Packet] Pong 전송 - ClientId: 1
[13:16:51.117] [INFO] [Packet] Pong 전송 - ClientId: 2
[13:16:51.650] [INFO] 서버 FPS: 32.480316, 평균 프레임 시간: 0.000000ms, 클라이언트 수: 2
[13:16:52.123] [INFO] [Packet] Pong 전송 - ClientId: 1
[13:16:52.124] [INFO] [Packet] Pong 전송 - ClientId: 2
[13:16:52.510] [INFO] 입력 패킷 수신 - 클라이언트 ID: 2, Forward: 0.000000, Right: 0.000000, Yaw: 350.899994, Jump: false, Attack: false
[13:16:52.672] [INFO] 서버 FPS: 32.512314, 평균 프레임 시간: 0.000000ms, 클라이언트 수: 2
[13:16:53.129] [INFO] [Packet] Pong 전송 - ClientId: 1
[13:16:53.130] [INFO] [Packet] Pong 전송 - ClientId: 2
[13:16:53.696] [INFO] 서버 FPS: 32.977692, 평균 프레임 시간: 0.000000ms, 클라이언트 수: 2
[13:16:54.044] [INFO] 입력 패킷 수신 - 클라이언트 ID: 2, Forward: 0.000000, Right: 0.000000, Yaw: 351.075012, Jump: false, Attack: false
[13:16:54.122] [INFO] [Packet] Pong 전송 - ClientId: 1
[13:16:54.123] [INFO] [Packet] Pong 전송 - ClientId: 2
[13:16:54.123] [INFO] 입력 패킷 수신 - 클라이언트 ID: 2, Forward: 0.000000, Right: 0.000000, Yaw: 351.424988, Jump: false, Attack: false
[13:16:54.208] [INFO] 입력 패킷 수신 - 클라이언트 ID: 2, Forward: 0.000000, Right: 0.000000, Yaw: 355.625000, Jump: false, Attack: false
[13:16:54.286] [INFO] 입력 패킷 수신 - 클라이언트 ID: 2, Forward: 0.000000, Right: 0.000000, Yaw: 6.650000, Jump: false, Attack: false
[13:16:54.368] [INFO] 입력 패킷 수신 - 클라이언트 ID: 2, Forward: 0.000000, Right: 0.000000, Yaw: 13.125000, Jump: false, Attack: false
[13:16:54.445] [INFO] 입력 패킷 수신 - 클라이언트 ID: 2, Forward: 0.000000, Right: 0.000000, Yaw: 35.174999, Jump: false, Attack: false
[13:16:54.522] [INFO] 입력 패킷 수신 - 클라이언트 ID: 2, Forward: 0.000000, Right: 0.000000, Yaw: 43.750000, Jump: false, Attack: false
[13:16:54.600] [INFO] 입력 패킷 수신 - 클라이언트 ID: 2, Forward: 0.000000, Right: 0.000000, Yaw: 44.625000, Jump: false, Attack: false
[13:16:54.680] [INFO] 입력 패킷 수신 - 클라이언트 ID: 2, Forward: 0.000000, Right: 0.000000, Yaw: 49.000000, Jump: false, Attack: false
[13:16:54.716] [INFO] 서버 FPS: 32.480316, 평균 프레임 시간: 0.000000ms, 클라이언트 수: 2
[13:16:54.923] [INFO] 입력 패킷 수신 - 클라이언트 ID: 2, Forward: 0.000000, Right: 0.000000, Yaw: 48.649998, Jump: false, Attack: false
[13:16:55.002] [INFO] 입력 패킷 수신 - 클라이언트 ID: 2, Forward: 0.000000, Right: 0.000000, Yaw: 42.875000, Jump: false, Attack: false
[13:16:55.080] [INFO] [Packet] Pong 전송 - ClientId: 1
[13:16:55.081] [INFO] 입력 패킷 수신 - 클라이언트 ID: 2, Forward: 0.000000, Right: 0.000000, Yaw: 28.350000, Jump: false, Attack: false
[13:16:55.082] [INFO] [Packet] Pong 전송 - ClientId: 2
[13:16:55.156] [INFO] 입력 패킷 수신 - 클라이언트 ID: 2, Forward: 0.000000, Right: 0.000000, Yaw: 14.700000, Jump: false, Attack: false
[13:16:55.233] [INFO] 입력 패킷 수신 - 클라이언트 ID: 2, Forward: 0.000000, Right: 0.000000, Yaw: 5.600000, Jump: false, Attack: false
[13:16:55.308] [INFO] 입력 패킷 수신 - 클라이언트 ID: 2, Forward: 0.000000, Right: 0.000000, Yaw: 356.149994, Jump: false, Attack: false
[13:16:55.386] [INFO] 입력 패킷 수신 - 클라이언트 ID: 2, Forward: 0.000000, Right: 0.000000, Yaw: 341.975006, Jump: false, Attack: false
[13:16:55.465] [INFO] 입력 패킷 수신 - 클라이언트 ID: 2, Forward: 0.000000, Right: 0.000000, Yaw: 334.625000, Jump: false, Attack: false
[13:16:55.541] [INFO] 입력 패킷 수신 - 클라이언트 ID: 2, Forward: 0.000000, Right: 0.000000, Yaw: 334.450012, Jump: false, Attack: false
[13:16:55.619] [INFO] 입력 패킷 수신 - 클라이언트 ID: 2, Forward: 0.000000, Right: 0.000000, Yaw: 334.100006, Jump: false, Attack: false
[13:16:55.696] [INFO] 입력 패킷 수신 - 클라이언트 ID: 2, Forward: 0.000000, Right: 0.000000, Yaw: 333.924988, Jump: false, Attack: false
[13:16:55.739] [INFO] 서버 FPS: 32.007759, 평균 프레임 시간: 0.000000ms, 클라이언트 수: 2
[13:16:56.068] [INFO] 입력 패킷 수신 - 클라이언트 ID: 2, Forward: 0.000000, Right: 0.000000, Yaw: 334.100006, Jump: false, Attack: false
[13:16:56.139] [INFO] [Packet] Pong 전송 - ClientId: 1
[13:16:56.140] [INFO] [Packet] Pong 전송 - ClientId: 2
[13:16:56.140] [INFO] 입력 패킷 수신 - 클라이언트 ID: 2, Forward: 0.000000, Right: 0.000000, Yaw: 337.600006, Jump: false, Attack: false
[13:16:56.215] [INFO] 입력 패킷 수신 - 클라이언트 ID: 2, Forward: 0.000000, Right: 0.000000, Yaw: 349.325012, Jump: false, Attack: false
[13:16:56.290] [INFO] 입력 패킷 수신 - 클라이언트 ID: 2, Forward: 0.000000, Right: 0.000000, Yaw: 2.799999, Jump: false, Attack: false
[13:16:56.370] [INFO] 입력 패킷 수신 - 클라이언트 ID: 2, Forward: 0.000000, Right: 0.000000, Yaw: 20.124998, Jump: false, Attack: false
[13:16:56.458] [INFO] 입력 패킷 수신 - 클라이언트 ID: 2, Forward: 0.000000, Right: 0.000000, Yaw: 42.174999, Jump: false, Attack: false
[13:16:56.534] [INFO] 입력 패킷 수신 - 클라이언트 ID: 2, Forward: 0.000000, Right: 0.000000, Yaw: 54.599998, Jump: false, Attack: false
[13:16:56.608] [INFO] 입력 패킷 수신 - 클라이언트 ID: 2, Forward: 0.000000, Right: 0.000000, Yaw: 67.899994, Jump: false, Attack: false
[13:16:56.685] [INFO] 입력 패킷 수신 - 클라이언트 ID: 2, Forward: 0.000000, Right: 0.000000, Yaw: 81.199997, Jump: false, Attack: false
[13:16:56.761] [INFO] 서버 FPS: 32.480316, 평균 프레임 시간: 0.000000ms, 클라이언트 수: 2
[13:16:56.763] [INFO] 입력 패킷 수신 - 클라이언트 ID: 2, Forward: 0.000000, Right: 0.000000, Yaw: 95.375000, Jump: false, Attack: false
[13:16:56.839] [INFO] 입력 패킷 수신 - 클라이언트 ID: 2, Forward: 0.000000, Right: 0.000000, Yaw: 110.599998, Jump: false, Attack: false
[13:16:56.919] [INFO] 입력 패킷 수신 - 클라이언트 ID: 2, Forward: 0.000000, Right: 0.000000, Yaw: 132.649994, Jump: false, Attack: false
[13:16:56.996] [INFO] 입력 패킷 수신 - 클라이언트 ID: 2, Forward: 0.000000, Right: 0.000000, Yaw: 149.449997, Jump: false, Attack: false
[13:16:57.072] [INFO] 입력 패킷 수신 - 클라이언트 ID: 2, Forward: 0.000000, Right: 0.000000, Yaw: 162.050003, Jump: false, Attack: false
[13:16:57.148] [INFO] [Packet] Pong 전송 - ClientId: 1
[13:16:57.149] [INFO] [Packet] Pong 전송 - ClientId: 2
[13:16:57.164] [INFO] 입력 패킷 수신 - 클라이언트 ID: 2, Forward: 0.000000, Right: 0.000000, Yaw: 169.050003, Jump: false, Attack: false
[13:16:57.228] [INFO] 입력 패킷 수신 - 클라이언트 ID: 2, Forward: 0.000000, Right: 0.000000, Yaw: 174.824997, Jump: false, Attack: false
[13:16:57.304] [INFO] 입력 패킷 수신 - 클라이언트 ID: 2, Forward: 0.000000, Right: 0.000000, Yaw: 180.074997, Jump: false, Attack: false
[13:16:57.381] [INFO] 입력 패킷 수신 - 클라이언트 ID: 2, Forward: 0.000000, Right: 0.000000, Yaw: 191.625000, Jump: false, Attack: false
[13:16:57.455] [INFO] 입력 패킷 수신 - 클라이언트 ID: 2, Forward: 0.000000, Right: 0.000000, Yaw: 199.149994, Jump: false, Attack: false
[13:16:57.530] [INFO] 입력 패킷 수신 - 클라이언트 ID: 2, Forward: 0.000000, Right: 0.000000, Yaw: 205.974991, Jump: false, Attack: false
[13:16:57.608] [INFO] 입력 패킷 수신 - 클라이언트 ID: 2, Forward: 0.000000, Right: 0.000000, Yaw: 213.324997, Jump: false, Attack: false
[13:16:57.684] [INFO] 입력 패킷 수신 - 클라이언트 ID: 2, Forward: 0.000000, Right: 0.000000, Yaw: 226.099991, Jump: false, Attack: false
[13:16:57.766] [INFO] 입력 패킷 수신 - 클라이언트 ID: 2, Forward: 0.000000, Right: 0.000000, Yaw: 239.050003, Jump: false, Attack: false
[13:16:57.797] [INFO] 서버 FPS: 32.977692, 평균 프레임 시간: 0.000000ms, 클라이언트 수: 2
[13:16:57.847] [INFO] 입력 패킷 수신 - 클라이언트 ID: 2, Forward: 0.000000, Right: 0.000000, Yaw: 246.574997, Jump: false, Attack: false
[13:16:57.923] [INFO] 입력 패킷 수신 - 클라이언트 ID: 2, Forward: 0.000000, Right: 0.000000, Yaw: 254.449997, Jump: false, Attack: false
[13:16:58.008] [INFO] 입력 패킷 수신 - 클라이언트 ID: 2, Forward: 0.000000, Right: 0.000000, Yaw: 259.000000, Jump: false, Attack: false
[13:16:58.081] [INFO] [Packet] Pong 전송 - ClientId: 1
[13:16:58.082] [INFO] [Packet] Pong 전송 - ClientId: 2
[13:16:58.310] [INFO] 입력 패킷 수신 - 클라이언트 ID: 2, Forward: 0.000000, Right: 0.000000, Yaw: 255.324997, Jump: false, Attack: false
[13:16:58.384] [INFO] 입력 패킷 수신 - 클라이언트 ID: 2, Forward: 0.000000, Right: 0.000000, Yaw: 254.974991, Jump: false, Attack: false
[13:16:58.620] [INFO] 입력 패킷 수신 - 클라이언트 ID: 2, Forward: 0.000000, Right: 0.000000, Yaw: 255.324997, Jump: false, Attack: false
[13:16:58.696] [INFO] 입력 패킷 수신 - 클라이언트 ID: 2, Forward: 0.000000, Right: 0.000000, Yaw: 268.975006, Jump: false, Attack: false
[13:16:58.773] [INFO] 입력 패킷 수신 - 클라이언트 ID: 2, Forward: 0.000000, Right: 0.000000, Yaw: 303.799988, Jump: false, Attack: false
[13:16:58.814] [INFO] 서버 FPS: 32.007759, 평균 프레임 시간: 0.000000ms, 클라이언트 수: 2
[13:16:58.847] [INFO] 입력 패킷 수신 - 클라이언트 ID: 2, Forward: 0.000000, Right: 0.000000, Yaw: 336.350006, Jump: false, Attack: false
[13:16:58.923] [INFO] 입력 패킷 수신 - 클라이언트 ID: 2, Forward: 0.000000, Right: 0.000000, Yaw: 351.399994, Jump: false, Attack: false
[13:16:58.998] [INFO] 입력 패킷 수신 - 클라이언트 ID: 2, Forward: 0.000000, Right: 0.000000, Yaw: 1.725002, Jump: false, Attack: false
[13:16:59.083] [INFO] [Packet] Pong 전송 - ClientId: 1
[13:16:59.084] [INFO] 입력 패킷 수신 - 클라이언트 ID: 2, Forward: 0.000000, Right: 0.000000, Yaw: 21.675003, Jump: false, Attack: false
[13:16:59.084] [INFO] [Packet] Pong 전송 - ClientId: 2
[13:16:59.163] [INFO] 입력 패킷 수신 - 클라이언트 ID: 2, Forward: 0.000000, Right: 0.000000, Yaw: 35.150002, Jump: false, Attack: false
[13:16:59.242] [INFO] 입력 패킷 수신 - 클라이언트 ID: 2, Forward: 0.000000, Right: 0.000000, Yaw: 36.550003, Jump: false, Attack: false
[13:16:59.468] [INFO] 입력 패킷 수신 - 클라이언트 ID: 2, Forward: 0.000000, Right: 0.000000, Yaw: 33.750004, Jump: false, Attack: false
[13:16:59.544] [INFO] 입력 패킷 수신 - 클라이언트 ID: 2, Forward: 0.000000, Right: 0.000000, Yaw: 28.325003, Jump: false, Attack: false
[13:16:59.623] [INFO] 입력 패킷 수신 - 클라이언트 ID: 2, Forward: 0.000000, Right: 0.000000, Yaw: 26.050003, Jump: false, Attack: false
[13:16:59.699] [INFO] 입력 패킷 수신 - 클라이언트 ID: 2, Forward: 0.000000, Right: 0.000000, Yaw: 25.000002, Jump: false, Attack: false
[13:16:59.833] [INFO] 서버 FPS: 32.480316, 평균 프레임 시간: 0.000000ms, 클라이언트 수: 2
[13:16:59.913] [INFO] 입력 패킷 수신 - 클라이언트 ID: 2, Forward: 0.000000, Right: 0.000000, Yaw: 20.450003, Jump: false, Attack: false
[13:16:59.985] [INFO] 입력 패킷 수신 - 클라이언트 ID: 2, Forward: 0.000000, Right: 0.000000, Yaw: 19.050001, Jump: false, Attack: false
[13:17:00.058] [INFO] 입력 패킷 수신 - 클라이언트 ID: 2, Forward: 0.000000, Right: 0.000000, Yaw: 18.875002, Jump: false, Attack: false
[13:17:00.136] [INFO] [Packet] Pong 전송 - ClientId: 1
[13:17:00.137] [INFO] [Packet] Pong 전송 - ClientId: 2
[13:17:00.137] [INFO] 입력 패킷 수신 - 클라이언트 ID: 2, Forward: 0.000000, Right: 0.000000, Yaw: 14.150002, Jump: false, Attack: false
[13:17:00.213] [INFO] 입력 패킷 수신 - 클라이언트 ID: 2, Forward: 0.000000, Right: 0.000000, Yaw: 11.875002, Jump: false, Attack: false
[13:17:00.295] [INFO] 입력 패킷 수신 - 클라이언트 ID: 2, Forward: 0.000000, Right: 0.000000, Yaw: 10.825002, Jump: false, Attack: false
[13:17:00.367] [INFO] 입력 패킷 수신 - 클라이언트 ID: 2, Forward: 0.000000, Right: 0.000000, Yaw: 10.475002, Jump: false, Attack: false
[13:17:00.513] [INFO] 입력 패킷 수신 - 클라이언트 ID: 2, Forward: 0.000000, Right: 0.000000, Yaw: 10.300002, Jump: false, Attack: false
[13:17:00.589] [INFO] 입력 패킷 수신 - 클라이언트 ID: 2, Forward: 0.000000, Right: 0.000000, Yaw: 9.950002, Jump: false, Attack: false
[13:17:00.850] [INFO] 서버 FPS: 32.480316, 평균 프레임 시간: 0.000000ms, 클라이언트 수: 2
[13:17:01.108] [INFO] [Packet] Pong 전송 - ClientId: 1
[13:17:01.110] [INFO] [Packet] Pong 전송 - ClientId: 2
[13:17:01.872] [INFO] 서버 FPS: 32.512314, 평균 프레임 시간: 0.000000ms, 클라이언트 수: 2
[13:17:02.114] [INFO] [Packet] Pong 전송 - ClientId: 1
[13:17:02.115] [INFO] [Packet] Pong 전송 - ClientId: 2
[13:17:02.357] [INFO] 입력 패킷 수신 - 클라이언트 ID: 1, Forward: 0.000000, Right: 0.000000, Yaw: 0.000000, Jump: false, Attack: true
[13:17:02.640] [INFO] 입력 패킷 수신 - 클라이언트 ID: 1, Forward: 0.000000, Right: 0.000000, Yaw: 359.825012, Jump: false, Attack: true
[13:17:02.719] [INFO] 입력 패킷 수신 - 클라이언트 ID: 1, Forward: 0.000000, Right: 0.000000, Yaw: 358.774994, Jump: false, Attack: true
[13:17:02.798] [INFO] 입력 패킷 수신 - 클라이언트 ID: 1, Forward: 0.000000, Right: 0.000000, Yaw: 358.075012, Jump: false, Attack: true
[13:17:02.876] [INFO] 입력 패킷 수신 - 클라이언트 ID: 1, Forward: 0.000000, Right: 0.000000, Yaw: 357.725006, Jump: false, Attack: true
[13:17:02.893] [INFO] 서버 FPS: 31.976744, 평균 프레임 시간: 0.000000ms, 클라이언트 수: 2
[13:17:02.955] [INFO] 입력 패킷 수신 - 클라이언트 ID: 1, Forward: 0.000000, Right: 0.000000, Yaw: 355.100006, Jump: false, Attack: true
[13:17:03.030] [INFO] 입력 패킷 수신 - 클라이언트 ID: 1, Forward: 0.000000, Right: 0.000000, Yaw: 350.200012, Jump: false, Attack: true
[13:17:03.103] [INFO] 입력 패킷 수신 - 클라이언트 ID: 1, Forward: 0.000000, Right: 0.000000, Yaw: 346.350006, Jump: false, Attack: true
[13:17:03.104] [INFO] [Packet] Pong 전송 - ClientId: 1
[13:17:03.104] [INFO] [Packet] Pong 전송 - ClientId: 2
[13:17:03.179] [INFO] 입력 패킷 수신 - 클라이언트 ID: 1, Forward: 0.000000, Right: 0.000000, Yaw: 345.125000, Jump: false, Attack: true
[13:17:03.254] [INFO] 입력 패킷 수신 - 클라이언트 ID: 1, Forward: 0.000000, Right: 0.000000, Yaw: 338.825012, Jump: false, Attack: true
[13:17:03.329] [INFO] 입력 패킷 수신 - 클라이언트 ID: 1, Forward: 0.000000, Right: 0.000000, Yaw: 321.674988, Jump: false, Attack: true
[13:17:03.401] [INFO] 입력 패킷 수신 - 클라이언트 ID: 1, Forward: 0.000000, Right: 0.000000, Yaw: 306.100006, Jump: false, Attack: true
[13:17:03.478] [INFO] 입력 패킷 수신 - 클라이언트 ID: 1, Forward: 0.000000, Right: 0.000000, Yaw: 306.100006, Jump: false, Attack: false
[13:17:03.479] [INFO] 입력 패킷 수신 - 클라이언트 ID: 1, Forward: 0.000000, Right: 0.000000, Yaw: 293.149994, Jump: false, Attack: false
[13:17:03.551] [INFO] 입력 패킷 수신 - 클라이언트 ID: 1, Forward: 0.000000, Right: 0.000000, Yaw: 281.075012, Jump: false, Attack: false
[13:17:03.623] [INFO] 입력 패킷 수신 - 클라이언트 ID: 1, Forward: 0.000000, Right: 0.000000, Yaw: 268.475006, Jump: false, Attack: false
[13:17:03.694] [INFO] 입력 패킷 수신 - 클라이언트 ID: 1, Forward: 0.000000, Right: 0.000000, Yaw: 235.574997, Jump: false, Attack: false
[13:17:03.769] [INFO] 입력 패킷 수신 - 클라이언트 ID: 1, Forward: 0.000000, Right: 0.000000, Yaw: 222.625000, Jump: false, Attack: false
[13:17:03.849] [INFO] 입력 패킷 수신 - 클라이언트 ID: 1, Forward: 0.000000, Right: 0.000000, Yaw: 219.824997, Jump: false, Attack: false
[13:17:03.911] [INFO] 서버 FPS: 32.512314, 평균 프레임 시간: 0.000000ms, 클라이언트 수: 2
[13:17:03.934] [INFO] 입력 패킷 수신 - 클라이언트 ID: 1, Forward: 0.000000, Right: 0.000000, Yaw: 214.225006, Jump: false, Attack: false
[13:17:04.013] [INFO] 입력 패킷 수신 - 클라이언트 ID: 1, Forward: 0.000000, Right: 0.000000, Yaw: 210.024994, Jump: false, Attack: false
[13:17:04.087] [INFO] 입력 패킷 수신 - 클라이언트 ID: 1, Forward: 0.000000, Right: 0.000000, Yaw: 209.500000, Jump: false, Attack: false
[13:17:04.087] [INFO] [Packet] Pong 전송 - ClientId: 1
[13:17:04.088] [INFO] [Packet] Pong 전송 - ClientId: 2
[13:17:04.599] [INFO] 입력 패킷 수신 - 클라이언트 ID: 1, Forward: 0.000000, Right: 0.000000, Yaw: 208.449997, Jump: false, Attack: false
[13:17:04.666] [INFO] 입력 패킷 수신 - 클라이언트 ID: 1, Forward: 0.000000, Right: 0.000000, Yaw: 207.050003, Jump: false, Attack: false
[13:17:04.739] [INFO] 입력 패킷 수신 - 클라이언트 ID: 1, Forward: 0.000000, Right: 0.000000, Yaw: 204.949997, Jump: false, Attack: false
[13:17:04.809] [INFO] 입력 패킷 수신 - 클라이언트 ID: 1, Forward: 0.000000, Right: 0.000000, Yaw: 203.550003, Jump: false, Attack: false
[13:17:04.888] [INFO] 입력 패킷 수신 - 클라이언트 ID: 1, Forward: 0.000000, Right: 0.000000, Yaw: 203.375000, Jump: false, Attack: false
[13:17:04.950] [INFO] 서버 FPS: 32.977692, 평균 프레임 시간: 0.000000ms, 클라이언트 수: 2
[13:17:04.961] [INFO] 입력 패킷 수신 - 클라이언트 ID: 1, Forward: 0.000000, Right: 0.000000, Yaw: 206.875000, Jump: false, Attack: false
[13:17:05.035] [INFO] 입력 패킷 수신 - 클라이언트 ID: 1, Forward: 0.000000, Right: 0.000000, Yaw: 227.875000, Jump: false, Attack: false
[13:17:05.105] [INFO] [Packet] Pong 전송 - ClientId: 1
[13:17:05.106] [INFO] 입력 패킷 수신 - 클라이언트 ID: 1, Forward: 0.000000, Right: 0.000000, Yaw: 258.149994, Jump: false, Attack: false
[13:17:05.106] [INFO] [Packet] Pong 전송 - ClientId: 2
[13:17:05.176] [INFO] 입력 패킷 수신 - 클라이언트 ID: 1, Forward: 0.000000, Right: 0.000000, Yaw: 282.299988, Jump: false, Attack: false
[13:17:05.248] [INFO] 입력 패킷 수신 - 클라이언트 ID: 1, Forward: 0.000000, Right: 0.000000, Yaw: 302.250000, Jump: false, Attack: false
[13:17:05.312] [INFO] 입력 패킷 수신 - 클라이언트 ID: 1, Forward: 0.000000, Right: 0.000000, Yaw: 316.075012, Jump: false, Attack: false
[13:17:05.388] [INFO] 입력 패킷 수신 - 클라이언트 ID: 1, Forward: 0.000000, Right: 0.000000, Yaw: 329.899994, Jump: false, Attack: false
[13:17:05.462] [INFO] 입력 패킷 수신 - 클라이언트 ID: 1, Forward: 0.000000, Right: 0.000000, Yaw: 334.450012, Jump: false, Attack: false
[13:17:05.961] [INFO] 서버 FPS: 33.464565, 평균 프레임 시간: 0.000000ms, 클라이언트 수: 2
[13:17:06.096] [INFO] [Packet] Pong 전송 - ClientId: 1
[13:17:06.097] [INFO] [Packet] Pong 전송 - ClientId: 2
[13:17:06.435] [INFO] 입력 패킷 수신 - 클라이언트 ID: 1, Forward: 0.000000, Right: 0.000000, Yaw: 333.924988, Jump: false, Attack: false
[13:17:06.660] [INFO] 클라이언트가 정상적으로 연결 종료함 - ID: 2
[13:17:06.660] [INFO] 클라이언트 연결 끊김 (ID: 2)
[13:17:06.661] [INFO] 클라이언트 연결 끊김 알림(ID: 2) - 수신자 수: 1
[13:17:06.674] [INFO] 클라이언트가 정상적으로 연결 종료함 - ID: 1
[13:17:06.675] [INFO] 클라이언트 연결 끊김 (ID: 1)
[13:17:06.675] [INFO] 클라이언트 연결 끊김 알림(ID: 1) - 수신자 수: 0
[13:17:06.993] [INFO] 서버 FPS: 33.947624, 평균 프레임 시간: 0.000000ms, 클라이언트 수: 0
[13:17:08.012] [INFO] 서버 FPS: 32.480316, 평균 프레임 시간: 0.000000ms, 클라이언트 수: 0
[13:17:09.025] [INFO] 서버 FPS: 33.464565, 평균 프레임 시간: 0.000000ms, 클라이언트 수: 0
[13:17:10.038] [INFO] 서버 FPS: 32.512314, 평균 프레임 시간: 0.000000ms, 클라이언트 수: 0
[13:17:11.052] [INFO] 서버 FPS: 32.480316, 평균 프레임 시간: 0.000000ms, 클라이언트 수: 0
[13:17:12.094] [INFO] 서버 FPS: 32.977692, 평균 프레임 시간: 0.000000ms, 클라이언트 수: 0
[13:17:13.124] [INFO] 서버 FPS: 32.007759, 평균 프레임 시간: 0.000000ms, 클라이언트 수: 0
[13:17:14.139] [INFO] 서버 FPS: 33.464565, 평균 프레임 시간: 0.000000ms, 클라이언트 수: 0
[13:17:15.151] [INFO] 서버 FPS: 33.464565, 평균 프레임 시간: 0.000000ms, 클라이언트 수: 0
[13:17:16.163] [INFO] 서버 FPS: 33.497536, 평균 프레임 시간: 0.000000ms, 클라이언트 수: 0
[13:17:17.191] [INFO] 서버 FPS: 33.947624, 평균 프레임 시간: 0.000000ms, 클라이언트 수: 0
[13:17:18.232] [INFO] 서버 FPS: 33.914730, 평균 프레임 시간: 0.000000ms, 클라이언트 수: 0
[13:17:19.260] [INFO] 서버 FPS: 33.947624, 평균 프레임 시간: 0.000000ms, 클라이언트 수: 0
[13:17:20.270] [INFO] 서버 FPS: 32.480316, 평균 프레임 시간: 0.000000ms, 클라이언트 수: 0
[13:17:21.313] [INFO] 서버 FPS: 32.977692, 평균 프레임 시간: 0.000000ms, 클라이언트 수: 0
[13:17:22.331] [INFO] 서버 FPS: 32.977692, 평균 프레임 시간: 0.000000ms, 클라이언트 수: 0
[13:17:23.357] [INFO] 서버 FPS: 32.480316, 평균 프레임 시간: 0.000000ms, 클라이언트 수: 0
[13:17:24.385] [INFO] 서버 FPS: 32.977692, 평균 프레임 시간: 0.000000ms, 클라이언트 수: 0
[13:17:25.409] [INFO] 서버 FPS: 33.947624, 평균 프레임 시간: 0.000000ms, 클라이언트 수: 0
[13:17:26.436] [INFO] 서버 FPS: 33.464565, 평균 프레임 시간: 0.000000ms, 클라이언트 수: 0
[13:17:27.447] [INFO] 서버 FPS: 32.512314, 평균 프레임 시간: 0.000000ms, 클라이언트 수: 0
[13:17:28.459] [INFO] 서버 FPS: 32.480316, 평균 프레임 시간: 0.000000ms, 클라이언트 수: 0
[13:17:29.499] [INFO] 서버 FPS: 32.977692, 평균 프레임 시간: 0.000000ms, 클라이언트 수: 0
[13:17:30.505] [INFO] 서버 FPS: 32.480316, 평균 프레임 시간: 0.000000ms, 클라이언트 수: 0
[13:17:31.544] [INFO] 서버 FPS: 32.977692, 평균 프레임 시간: 0.000000ms, 클라이언트 수: 0
[13:17:32.568] [INFO] 서버 FPS: 32.977692, 평균 프레임 시간: 0.000000ms, 클라이언트 수: 0
[13:17:33.610] [INFO] 서버 FPS: 33.914730, 평균 프레임 시간: 0.000000ms, 클라이언트 수: 0
[13:17:34.638] [INFO] 서버 FPS: 32.977692, 평균 프레임 시간: 0.000000ms, 클라이언트 수: 0
[13:17:35.652] [INFO] 서버 FPS: 32.480316, 평균 프레임 시간: 0.000000ms, 클라이언트 수: 0
[13:17:36.682] [INFO] 서버 FPS: 32.977692, 평균 프레임 시간: 0.000000ms, 클라이언트 수: 0
[13:17:37.694] [INFO] 서버 FPS: 32.512314, 평균 프레임 시간: 0.000000ms, 클라이언트 수: 0
[13:17:38.735] [INFO] 서버 FPS: 32.945736, 평균 프레임 시간: 0.000000ms, 클라이언트 수: 0
[13:17:39.747] [INFO] 서버 FPS: 34.482758, 평균 프레임 시간: 0.000000ms, 클라이언트 수: 0
[13:17:40.773] [INFO] 서버 FPS: 32.945736, 평균 프레임 시간: 0.000000ms, 클라이언트 수: 0
[13:17:41.801] [INFO] 서버 FPS: 32.977692, 평균 프레임 시간: 0.000000ms, 클라이언트 수: 0
[13:17:42.843] [INFO] 서버 FPS: 33.947624, 평균 프레임 시간: 0.000000ms, 클라이언트 수: 0
[13:17:43.851] [INFO] 서버 FPS: 33.464565, 평균 프레임 시간: 0.000000ms, 클라이언트 수: 0
[13:17:44.892] [INFO] 서버 FPS: 33.947624, 평균 프레임 시간: 0.000000ms, 클라이언트 수: 0
[13:17:45.899] [INFO] 서버 FPS: 32.480316, 평균 프레임 시간: 0.000000ms, 클라이언트 수: 0
[13:17:46.923] [INFO] 서버 FPS: 32.007759, 평균 프레임 시간: 0.000000ms, 클라이언트 수: 0
[13:17:47.966] [INFO] 서버 FPS: 32.977692, 평균 프레임 시간: 0.000000ms, 클라이언트 수: 0
[13:17:48.994] [INFO] 서버 FPS: 32.977692, 평균 프레임 시간: 0.000000ms, 클라이언트 수: 0
[13:17:50.016] [INFO] 서버 FPS: 32.480316, 평균 프레임 시간: 0.000000ms, 클라이언트 수: 0
[13:17:51.046] [INFO] 서버 FPS: 32.977692, 평균 프레임 시간: 0.000000ms, 클라이언트 수: 0
[13:17:52.072] [INFO] 서버 FPS: 32.977692, 평균 프레임 시간: 0.000000ms, 클라이언트 수: 0
[13:17:53.084] [INFO] 서버 FPS: 32.480316, 평균 프레임 시간: 0.000000ms, 클라이언트 수: 0
[13:17:54.115] [INFO] 서버 FPS: 32.977692, 평균 프레임 시간: 0.000000ms, 클라이언트 수: 0
[13:17:55.128] [INFO] 서버 FPS: 32.480316, 평균 프레임 시간: 0.000000ms, 클라이언트 수: 0
[13:17:56.172] [INFO] 서버 FPS: 33.947624, 평균 프레임 시간: 0.000000ms, 클라이언트 수: 0
[13:17:57.184] [INFO] 서버 FPS: 32.480316, 평균 프레임 시간: 0.000000ms, 클라이언트 수: 0
[13:17:58.205] [INFO] 서버 FPS: 32.977692, 평균 프레임 시간: 0.000000ms, 클라이언트 수: 0
[13:17:59.250] [INFO] 서버 FPS: 33.947624, 평균 프레임 시간: 0.000000ms, 클라이언트 수: 0
[13:18:00.277] [INFO] 서버 FPS: 31.976744, 평균 프레임 시간: 0.000000ms, 클라이언트 수: 0
[13:18:01.306] [INFO] 서버 FPS: 32.007759, 평균 프레임 시간: 0.000000ms, 클라이언트 수: 0
[13:18:02.319] [INFO] 서버 FPS: 32.512314, 평균 프레임 시간: 0.000000ms, 클라이언트 수: 0
[13:18:03.343] [INFO] 서버 FPS: 32.480316, 평균 프레임 시간: 0.000000ms, 클라이언트 수: 0
[13:18:04.372] [INFO] 서버 FPS: 33.947624, 평균 프레임 시간: 0.000000ms, 클라이언트 수: 0
[13:18:05.383] [INFO] 서버 FPS: 33.464565, 평균 프레임 시간: 0.000000ms, 클라이언트 수: 0
[13:18:06.414] [INFO] 서버 FPS: 34.917557, 평균 프레임 시간: 0.000000ms, 클라이언트 수: 0
[13:18:07.425] [INFO] 서버 FPS: 33.464565, 평균 프레임 시간: 0.000000ms, 클라이언트 수: 0
[13:18:08.439] [INFO] 서버 FPS: 32.512314, 평균 프레임 시간: 0.000000ms, 클라이언트 수: 0
[13:18:09.481] [INFO] 서버 FPS: 32.945736, 평균 프레임 시간: 0.000000ms, 클라이언트 수: 0
[13:18:10.512] [INFO] 서버 FPS: 32.977692, 평균 프레임 시간: 0.000000ms, 클라이언트 수: 0
[13:18:11.535] [INFO] 서버 FPS: 32.007759, 평균 프레임 시간: 0.000000ms, 클라이언트 수: 0
[13:18:12.564] [INFO] 서버 FPS: 32.977692, 평균 프레임 시간: 0.000000ms, 클라이언트 수: 0
[13:18:13.608] [INFO] 서버 FPS: 34.883720, 평균 프레임 시간: 0.000000ms, 클라이언트 수: 0
[13:18:14.613] [INFO] 서버 FPS: 32.512314, 평균 프레임 시간: 0.000000ms, 클라이언트 수: 0
[13:18:15.654] [INFO] 서버 FPS: 32.945736, 평균 프레임 시간: 0.000000ms, 클라이언트 수: 0
[13:18:16.683] [INFO] 서버 FPS: 32.977692, 평균 프레임 시간: 0.000000ms, 클라이언트 수: 0
[13:18:17.708] [INFO] 서버 FPS: 32.977692, 평균 프레임 시간: 0.000000ms, 클라이언트 수: 0
[13:18:18.728] [INFO] 서버 FPS: 32.480316, 평균 프레임 시간: 0.000000ms, 클라이언트 수: 0
[13:18:19.737] [INFO] 서버 FPS: 32.512314, 평균 프레임 시간: 0.000000ms, 클라이언트 수: 0
[13:18:20.762] [INFO] 서버 FPS: 33.464565, 평균 프레임 시간: 0.000000ms, 클라이언트 수: 0
[13:18:21.774] [INFO] 서버 FPS: 33.464565, 평균 프레임 시간: 0.000000ms, 클라이언트 수: 0
[13:18:22.799] [INFO] 서버 FPS: 32.977692, 평균 프레임 시간: 0.000000ms, 클라이언트 수: 0
[13:18:23.837] [INFO] 서버 FPS: 33.947624, 평균 프레임 시간: 0.000000ms, 클라이언트 수: 0
[13:18:24.860] [INFO] 서버 FPS: 33.464565, 평균 프레임 시간: 0.000000ms, 클라이언트 수: 0
[13:18:25.870] [INFO] 서버 FPS: 33.497536, 평균 프레임 시간: 0.000000ms, 클라이언트 수: 0
[13:18:26.878] [INFO] 서버 FPS: 32.480316, 평균 프레임 시간: 0.000000ms, 클라이언트 수: 0
[13:18:27.917] [INFO] 서버 FPS: 32.977692, 평균 프레임 시간: 0.000000ms, 클라이언트 수: 0
[13:18:28.924] [INFO] 서버 FPS: 32.480316, 평균 프레임 시간: 0.000000ms, 클라이언트 수: 0
[13:18:29.962] [INFO] 서버 FPS: 32.977692, 평균 프레임 시간: 0.000000ms, 클라이언트 수: 0
[13:18:30.986] [INFO] 서버 FPS: 32.977692, 평균 프레임 시간: 0.000000ms, 클라이언트 수: 0
[13:18:32.007] [INFO] 서버 FPS: 32.480316, 평균 프레임 시간: 0.000000ms, 클라이언트 수: 0
[13:18:33.042] [INFO] 서버 FPS: 32.977692, 평균 프레임 시간: 0.000000ms, 클라이언트 수: 0
[13:18:34.051] [INFO] 서버 FPS: 33.464565, 평균 프레임 시간: 0.000000ms, 클라이언트 수: 0
[13:18:35.078] [INFO] 서버 FPS: 34.482758, 평균 프레임 시간: 0.000000ms, 클라이언트 수: 0
[13:18:36.101] [INFO] 서버 FPS: 32.945736, 평균 프레임 시간: 0.000000ms, 클라이언트 수: 0
[13:18:37.122] [INFO] 서버 FPS: 32.512314, 평균 프레임 시간: 0.000000ms, 클라이언트 수: 0
[13:18:38.145] [INFO] 서버 FPS: 32.945736, 평균 프레임 시간: 0.000000ms, 클라이언트 수: 0
[13:18:39.184] [INFO] 서버 FPS: 33.947624, 평균 프레임 시간: 0.000000ms, 클라이언트 수: 0
[13:18:40.208] [INFO] 서버 FPS: 32.007759, 평균 프레임 시간: 0.000000ms, 클라이언트 수: 0
[13:18:41.246] [INFO] 서버 FPS: 32.977692, 평균 프레임 시간: 0.000000ms, 클라이언트 수: 0
[13:18:42.268] [INFO] 서버 FPS: 31.976744, 평균 프레임 시간: 0.000000ms, 클라이언트 수: 0
[13:18:43.289] [INFO] 서버 FPS: 33.497536, 평균 프레임 시간: 0.000000ms, 클라이언트 수: 0
[13:18:44.325] [INFO] 서버 FPS: 32.977692, 평균 프레임 시간: 0.000000ms, 클라이언트 수: 0
[13:18:45.337] [INFO] 서버 FPS: 33.464565, 평균 프레임 시간: 0.000000ms, 클라이언트 수: 0
[13:18:46.347] [INFO] 서버 FPS: 33.464565, 평균 프레임 시간: 0.000000ms, 클라이언트 수: 0
[13:18:47.386] [INFO] 서버 FPS: 33.947624, 평균 프레임 시간: 0.000000ms, 클라이언트 수: 0
[13:18:48.414] [INFO] 서버 FPS: 32.977692, 평균 프레임 시간: 0.000000ms, 클라이언트 수: 0
[13:18:49.453] [INFO] 서버 FPS: 33.947624, 평균 프레임 시간: 0.000000ms, 클라이언트 수: 0
[13:18:50.473] [INFO] 서버 FPS: 32.945736, 평균 프레임 시간: 0.000000ms, 클라이언트 수: 0
[13:18:51.514] [INFO] 서버 FPS: 33.947624, 평균 프레임 시간: 0.000000ms, 클라이언트 수: 0
[13:18:52.518] [INFO] 서버 FPS: 32.480316, 평균 프레임 시간: 0.000000ms, 클라이언트 수: 0
[13:18:53.538] [INFO] 서버 FPS: 32.512314, 평균 프레임 시간: 0.000000ms, 클라이언트 수: 0
[13:18:54.562] [INFO] 서버 FPS: 32.480316, 평균 프레임 시간: 0.000000ms, 클라이언트 수: 0
[13:18:55.571] [INFO] 서버 FPS: 33.497536, 평균 프레임 시간: 0.000000ms, 클라이언트 수: 0
[13:18:56.581] [INFO] 서버 FPS: 32.480316, 평균 프레임 시간: 0.000000ms, 클라이언트 수: 0
[13:18:57.605] [INFO] 서버 FPS: 34.448818, 평균 프레임 시간: 0.000000ms, 클라이언트 수: 0
[13:18:58.633] [INFO] 서버 FPS: 32.007759, 평균 프레임 시간: 0.000000ms, 클라이언트 수: 0
[13:18:59.672] [INFO] 서버 FPS: 32.977692, 평균 프레임 시간: 0.000000ms, 클라이언트 수: 0
[13:19:00.678] [INFO] 서버 FPS: 32.480316, 평균 프레임 시간: 0.000000ms, 클라이언트 수: 0
[13:19:01.718] [INFO] 서버 FPS: 32.977692, 평균 프레임 시간: 0.000000ms, 클라이언트 수: 0
[13:19:02.740] [INFO] 서버 FPS: 32.977692, 평균 프레임 시간: 0.000000ms, 클라이언트 수: 0
[13:19:03.781] [INFO] 서버 FPS: 32.945736, 평균 프레임 시간: 0.000000ms, 클라이언트 수: 0
[13:19:04.802] [INFO] 서버 FPS: 32.977692, 평균 프레임 시간: 0.000000ms, 클라이언트 수: 0
[13:19:05.842] [INFO] 서버 FPS: 33.947624, 평균 프레임 시간: 0.000000ms, 클라이언트 수: 0
[13:19:06.850] [INFO] 서버 FPS: 32.480316, 평균 프레임 시간: 0.000000ms, 클라이언트 수: 0
[13:19:07.871] [INFO] 서버 FPS: 32.512314, 평균 프레임 시간: 0.000000ms, 클라이언트 수: 0
[13:19:08.894] [INFO] 서버 FPS: 32.945736, 평균 프레임 시간: 0.000000ms, 클라이언트 수: 0
[13:19:09.918] [INFO] 서버 FPS: 34.482758, 평균 프레임 시간: 0.000000ms, 클라이언트 수: 0
[13:19:10.926] [INFO] 서버 FPS: 33.464565, 평균 프레임 시간: 0.000000ms, 클라이언트 수: 0
[13:19:11.951] [INFO] 서버 FPS: 33.497536, 평균 프레임 시간: 0.000000ms, 클라이언트 수: 0
[13:19:12.955] [INFO] 서버 FPS: 33.464565, 평균 프레임 시간: 0.000000ms, 클라이언트 수: 0
[13:19:13.995] [INFO] 서버 FPS: 32.977692, 평균 프레임 시간: 0.000000ms, 클라이언트 수: 0
[13:19:15.017] [INFO] 서버 FPS: 32.945736, 평균 프레임 시간: 0.000000ms, 클라이언트 수: 0
[13:19:16.040] [INFO] 서버 FPS: 33.497536, 평균 프레임 시간: 0.000000ms, 클라이언트 수: 0
[13:19:17.050] [INFO] 서버 FPS: 32.480316, 평균 프레임 시간: 0.000000ms, 클라이언트 수: 0
[13:19:18.073] [INFO] 서버 FPS: 33.497536, 평균 프레임 시간: 0.000000ms, 클라이언트 수: 0
[13:19:19.097] [INFO] 서버 FPS: 32.945736, 평균 프레임 시간: 0.000000ms, 클라이언트 수: 0
[13:19:20.111] [INFO] 서버 FPS: 33.497536, 평균 프레임 시간: 0.000000ms, 클라이언트 수: 0
[13:19:21.135] [INFO] 서버 FPS: 33.464565, 평균 프레임 시간: 0.000000ms, 클라이언트 수: 0
[13:19:22.143] [INFO] 서버 FPS: 33.464565, 평균 프레임 시간: 0.000000ms, 클라이언트 수: 0
[13:19:23.185] [INFO] 서버 FPS: 33.947624, 평균 프레임 시간: 0.000000ms, 클라이언트 수: 0
[13:19:23.882] [INFO] 새 클라이언트에게 ID 3 전송됨
[13:19:23.882] [INFO] 새 플레이어 정보(ID: 3) 브로드캐스트 - 수신자 수: 0
[13:19:23.882] [INFO] 기존 플레이어 정보 0개가 새 클라이언트(ID: 3)에게 전송됨
[13:19:24.069] [INFO] 새 클라이언트에게 ID 4 전송됨
[13:19:24.069] [INFO] 새 플레이어 정보(ID: 4) 브로드캐스트 - 수신자 수: 1
[13:19:24.069] [INFO] 기존 플레이어 정보 1개가 새 클라이언트(ID: 4)에게 전송됨
[13:19:24.192] [INFO] 서버 FPS: 32.512314, 평균 프레임 시간: 0.000000ms, 클라이언트 수: 2
[13:19:25.204] [INFO] 서버 FPS: 32.480316, 평균 프레임 시간: 0.000000ms, 클라이언트 수: 2
[13:19:26.233] [INFO] 서버 FPS: 32.480316, 평균 프레임 시간: 0.000000ms, 클라이언트 수: 2
[13:19:26.664] [INFO] [Packet] Pong 전송 - ClientId: 3
[13:19:26.666] [INFO] [Packet] Pong 전송 - ClientId: 4
[13:19:27.254] [INFO] 서버 FPS: 32.007759, 평균 프레임 시간: 0.000000ms, 클라이언트 수: 2
[13:19:27.467] [INFO] [Packet] Pong 전송 - ClientId: 3
[13:19:27.469] [INFO] [Packet] Pong 전송 - ClientId: 4
[13:19:28.193] [INFO] 입력 패킷 수신 - 클라이언트 ID: 3, Forward: 0.000000, Right: 0.000000, Yaw: 0.000000, Jump: false, Attack: true
[13:19:28.275] [INFO] 서버 FPS: 32.480316, 평균 프레임 시간: 0.000000ms, 클라이언트 수: 2
[13:19:28.430] [INFO] [Packet] Pong 전송 - ClientId: 3
[13:19:28.431] [INFO] [Packet] Pong 전송 - ClientId: 4
[13:19:29.185] [INFO] 입력 패킷 수신 - 클라이언트 ID: 3, Forward: 0.000000, Right: 0.000000, Yaw: 0.175000, Jump: false, Attack: true
[13:19:29.260] [INFO] 입력 패킷 수신 - 클라이언트 ID: 3, Forward: 0.000000, Right: 0.000000, Yaw: 0.175000, Jump: false, Attack: false
[13:19:29.287] [INFO] 서버 FPS: 32.512314, 평균 프레임 시간: 0.000000ms, 클라이언트 수: 2
[13:19:29.413] [INFO] 입력 패킷 수신 - 클라이언트 ID: 3, Forward: 0.000000, Right: 0.000000, Yaw: 0.350000, Jump: false, Attack: false
[13:19:29.413] [INFO] [Packet] Pong 전송 - ClientId: 3
[13:19:29.414] [INFO] [Packet] Pong 전송 - ClientId: 4
[13:19:29.485] [INFO] 입력 패킷 수신 - 클라이언트 ID: 3, Forward: 0.000000, Right: 0.000000, Yaw: 0.525000, Jump: false, Attack: false
[13:19:29.630] [INFO] 입력 패킷 수신 - 클라이언트 ID: 3, Forward: 0.000000, Right: 0.000000, Yaw: 0.875000, Jump: false, Attack: false
[13:19:30.328] [INFO] 서버 FPS: 32.977692, 평균 프레임 시간: 0.000000ms, 클라이언트 수: 2
[13:19:30.431] [INFO] [Packet] Pong 전송 - ClientId: 3
[13:19:30.432] [INFO] [Packet] Pong 전송 - ClientId: 4
[13:19:31.149] [INFO] 입력 패킷 수신 - 클라이언트 ID: 3, Forward: 0.000000, Right: 0.000000, Yaw: 1.225000, Jump: false, Attack: false
[13:19:31.281] [INFO] 입력 패킷 수신 - 클라이언트 ID: 3, Forward: 0.000000, Right: 0.000000, Yaw: 1.750000, Jump: false, Attack: false
[13:19:31.339] [INFO] 서버 FPS: 32.480316, 평균 프레임 시간: 0.000000ms, 클라이언트 수: 2
[13:19:31.386] [INFO] 입력 패킷 수신 - 클라이언트 ID: 3, Forward: 0.000000, Right: 0.000000, Yaw: 2.100000, Jump: false, Attack: false
[13:19:31.486] [INFO] [Packet] Pong 전송 - ClientId: 3
[13:19:31.486] [INFO] 입력 패킷 수신 - 클라이언트 ID: 3, Forward: 0.000000, Right: 0.000000, Yaw: 2.800000, Jump: false, Attack: false
[13:19:31.487] [INFO] [Packet] Pong 전송 - ClientId: 4
[13:19:31.564] [INFO] 입력 패킷 수신 - 클라이언트 ID: 3, Forward: 0.000000, Right: 0.000000, Yaw: 3.500000, Jump: false, Attack: false
[13:19:31.636] [INFO] 입력 패킷 수신 - 클라이언트 ID: 3, Forward: 0.000000, Right: 0.000000, Yaw: 4.025000, Jump: false, Attack: false
[13:19:31.706] [INFO] 입력 패킷 수신 - 클라이언트 ID: 3, Forward: 0.000000, Right: 0.000000, Yaw: 4.375000, Jump: false, Attack: false
[13:19:31.784] [INFO] 입력 패킷 수신 - 클라이언트 ID: 3, Forward: 0.000000, Right: 0.000000, Yaw: 4.550000, Jump: false, Attack: false
[13:19:32.017] [INFO] 클라이언트가 정상적으로 연결 종료함 - ID: 4
[13:19:32.018] [INFO] 클라이언트 연결 끊김 (ID: 4)
[13:19:32.018] [INFO] 클라이언트 연결 끊김 알림(ID: 4) - 수신자 수: 1
[13:19:32.030] [INFO] 클라이언트가 정상적으로 연결 종료함 - ID: 3
[13:19:32.031] [INFO] 클라이언트 연결 끊김 (ID: 3)
[13:19:32.031] [INFO] 클라이언트 연결 끊김 알림(ID: 3) - 수신자 수: 0
[13:19:32.364] [INFO] 서버 FPS: 32.007759, 평균 프레임 시간: 0.000000ms, 클라이언트 수: 0
[13:19:33.386] [INFO] 서버 FPS: 33.464565, 평균 프레임 시간: 0.000000ms, 클라이언트 수: 0
[13:19:34.401] [INFO] 서버 FPS: 33.464565, 평균 프레임 시간: 0.000000ms, 클라이언트 수: 0
[13:19:35.411] [INFO] 서버 FPS: 33.497536, 평균 프레임 시간: 0.000000ms, 클라이언트 수: 0
[13:19:36.452] [INFO] 서버 FPS: 32.977692, 평균 프레임 시간: 0.000000ms, 클라이언트 수: 0
[13:19:37.477] [INFO] 서버 FPS: 31.976744, 평균 프레임 시간: 0.000000ms, 클라이언트 수: 0
[13:19:38.505] [INFO] 서버 FPS: 32.977692, 평균 프레임 시간: 0.000000ms, 클라이언트 수: 0
[13:19:39.530] [INFO] 서버 FPS: 34.448818, 평균 프레임 시간: 0.000000ms, 클라이언트 수: 0
[13:19:40.558] [INFO] 서버 FPS: 32.977692, 평균 프레임 시간: 0.000000ms, 클라이언트 수: 0
[13:19:41.580] [INFO] 서버 FPS: 32.007759, 평균 프레임 시간: 0.000000ms, 클라이언트 수: 0
[13:19:42.619] [INFO] 서버 FPS: 33.947624, 평균 프레임 시간: 0.000000ms, 클라이언트 수: 0
[13:19:43.646] [INFO] 서버 FPS: 32.945736, 평균 프레임 시간: 0.000000ms, 클라이언트 수: 0
[13:19:44.665] [INFO] 서버 FPS: 33.497536, 평균 프레임 시간: 0.000000ms, 클라이언트 수: 0
[13:19:45.677] [INFO] 서버 FPS: 33.464565, 평균 프레임 시간: 0.000000ms, 클라이언트 수: 0
[13:19:46.699] [INFO] 서버 FPS: 33.497536, 평균 프레임 시간: 0.000000ms, 클라이언트 수: 0
[13:19:47.727] [INFO] 서버 FPS: 33.914730, 평균 프레임 시간: 0.000000ms, 클라이언트 수: 0
[13:19:48.748] [INFO] 서버 FPS: 32.512314, 평균 프레임 시간: 0.000000ms, 클라이언트 수: 0
[13:19:49.773] [INFO] 서버 FPS: 32.945736, 평균 프레임 시간: 0.000000ms, 클라이언트 수: 0
[13:19:50.789] [INFO] 서버 FPS: 35.467979, 평균 프레임 시간: 0.000000ms, 클라이언트 수: 0
