[22:59:46.818] [INFO] 로깅 시스템 초기화됨
[22:59:46.818] [INFO] 서버 인스턴스 생성됨
[22:59:46.818] [INFO] 서버 초기화 시작 (포트: 9000)
[22:59:46.819] [INFO] 윈속 초기화 성공
[22:59:46.820] [INFO] 리스닝 소켓 생성 성공
[22:59:46.820] [INFO] 소켓 바인딩 성공 (포트: 9000)
[22:59:46.820] [INFO] 리스닝 시작됨
[22:59:46.820] [INFO] IOCP 생성 성공
[22:59:46.821] [INFO] CPU 코어 수: 16, 생성할 작업자 스레드: 16
[22:59:46.821] [INFO] 작업자 스레드 #1 생성됨
[22:59:46.821] [INFO] 작업자 스레드 시작 (ThreadID: 34416)
[22:59:46.821] [INFO] 작업자 스레드 #2 생성됨
[22:59:46.821] [INFO] 작업자 스레드 시작 (ThreadID: 26792)
[22:59:46.822] [INFO] 작업자 스레드 #3 생성됨
[22:59:46.822] [INFO] 작업자 스레드 시작 (ThreadID: 8408)
[22:59:46.822] [INFO] 작업자 스레드 #4 생성됨
[22:59:46.822] [INFO] 작업자 스레드 시작 (ThreadID: 32640)
[22:59:46.822] [INFO] 작업자 스레드 #5 생성됨
[22:59:46.823] [INFO] 작업자 스레드 시작 (ThreadID: 25108)
[22:59:46.823] [INFO] 작업자 스레드 #6 생성됨
[22:59:46.823] [INFO] 작업자 스레드 시작 (ThreadID: 22212)
[22:59:46.823] [INFO] 작업자 스레드 #7 생성됨
[22:59:46.823] [INFO] 작업자 스레드 시작 (ThreadID: 16372)
[22:59:46.824] [INFO] 작업자 스레드 #8 생성됨
[22:59:46.824] [INFO] 작업자 스레드 시작 (ThreadID: 15584)
[22:59:46.824] [INFO] 작업자 스레드 #9 생성됨
[22:59:46.824] [INFO] 작업자 스레드 시작 (ThreadID: 16072)
[22:59:46.824] [INFO] 작업자 스레드 #10 생성됨
[22:59:46.824] [INFO] 작업자 스레드 시작 (ThreadID: 7508)
[22:59:46.824] [INFO] 작업자 스레드 #11 생성됨
[22:59:46.825] [INFO] 작업자 스레드 시작 (ThreadID: 12164)
[22:59:46.825] [INFO] 작업자 스레드 #12 생성됨
[22:59:46.825] [INFO] 작업자 스레드 시작 (ThreadID: 31712)
[22:59:46.825] [INFO] 작업자 스레드 #13 생성됨
[22:59:46.825] [INFO] 작업자 스레드 시작 (ThreadID: 24168)
[22:59:46.825] [INFO] 작업자 스레드 #14 생성됨
[22:59:46.826] [INFO] 작업자 스레드 시작 (ThreadID: 32080)
[22:59:46.826] [INFO] 작업자 스레드 #15 생성됨
[22:59:46.826] [INFO] 작업자 스레드 시작 (ThreadID: 31904)
[22:59:46.826] [INFO] 작업자 스레드 #16 생성됨
[22:59:46.826] [INFO] 작업자 스레드 시작 (ThreadID: 21548)
[22:59:46.826] [INFO] 서버 초기화 완료
[22:59:46.827] [INFO] 서버 실행. 포트 번호: 9000
[22:59:46.827] [INFO] IOCP 멀티플레이어 서버 시작됨...
[22:59:46.827] [INFO] 서버 실행 시작
[23:00:34.720] [INFO] 새 클라이언트에게 ID 1 전송됨
[23:00:34.720] [INFO] 초기 위치 정보 전송됨 - 클라이언트 ID: 1, 위치: X=0.000000, Y=0.000000, Z=90.000000
[23:00:34.720] [INFO] 새 플레이어 정보(ID: 1) 브로드캐스트 - 수신자 수: 0
[23:00:34.720] [INFO] 기존 플레이어 정보 0개가 새 클라이언트(ID: 1)에게 전송됨
[23:00:34.721] [INFO] 위치 업데이트 - 클라이언트 ID: 1, 위치: X=0.000000, Y=0.000000, Z=90.000000, 속도: X=0.000000, Y=0.000000, Z=0.000000
[23:00:34.721] [INFO] 서버 FPS: 0.041761, 평균 프레임 시간: 4789.100098ms, 클라이언트 수: 1
