[22:00:17.620] [INFO] 로깅 시스템 초기화됨
[22:00:17.620] [INFO] 서버 인스턴스 생성됨
[22:00:17.621] [INFO] 서버 초기화 시작 (포트: 9000)
[22:00:17.621] [INFO] 윈속 초기화 성공
[22:00:17.622] [INFO] 리스닝 소켓 생성 성공
[22:00:17.623] [INFO] 소켓 바인딩 성공 (포트: 9000)
[22:00:17.623] [INFO] 리스닝 시작됨
[22:00:17.623] [INFO] IOCP 생성 성공
[22:00:17.623] [INFO] CPU 코어 수: 16, 생성할 작업자 스레드: 16
[22:00:17.624] [INFO] 작업자 스레드 #1 생성됨
[22:00:17.624] [INFO] 작업자 스레드 시작 (ThreadID: 28360)
[22:00:17.624] [INFO] 작업자 스레드 #2 생성됨
[22:00:17.624] [INFO] 작업자 스레드 시작 (ThreadID: 28484)
[22:00:17.624] [INFO] 작업자 스레드 #3 생성됨
[22:00:17.625] [INFO] 작업자 스레드 시작 (ThreadID: 29176)
[22:00:17.625] [INFO] 작업자 스레드 #4 생성됨
[22:00:17.625] [INFO] 작업자 스레드 시작 (ThreadID: 21600)
[22:00:17.625] [INFO] 작업자 스레드 #5 생성됨
[22:00:17.626] [INFO] 작업자 스레드 시작 (ThreadID: 20820)
[22:00:17.626] [INFO] 작업자 스레드 #6 생성됨
[22:00:17.626] [INFO] 작업자 스레드 시작 (ThreadID: 33108)
[22:00:17.626] [INFO] 작업자 스레드 #7 생성됨
[22:00:17.626] [INFO] 작업자 스레드 시작 (ThreadID: 33460)
[22:00:17.626] [INFO] 작업자 스레드 #8 생성됨
[22:00:17.627] [INFO] 작업자 스레드 시작 (ThreadID: 23504)
[22:00:17.627] [INFO] 작업자 스레드 #9 생성됨
[22:00:17.627] [INFO] 작업자 스레드 시작 (ThreadID: 7864)
[22:00:17.627] [INFO] 작업자 스레드 #10 생성됨
[22:00:17.627] [INFO] 작업자 스레드 시작 (ThreadID: 29688)
[22:00:17.627] [INFO] 작업자 스레드 #11 생성됨
[22:00:17.628] [INFO] 작업자 스레드 시작 (ThreadID: 25648)
[22:00:17.628] [INFO] 작업자 스레드 #12 생성됨
[22:00:17.628] [INFO] 작업자 스레드 시작 (ThreadID: 21072)
[22:00:17.628] [INFO] 작업자 스레드 #13 생성됨
[22:00:17.628] [INFO] 작업자 스레드 시작 (ThreadID: 34344)
[22:00:17.628] [INFO] 작업자 스레드 #14 생성됨
[22:00:17.629] [INFO] 작업자 스레드 시작 (ThreadID: 20000)
[22:00:17.629] [INFO] 작업자 스레드 #15 생성됨
[22:00:17.629] [INFO] 작업자 스레드 시작 (ThreadID: 12180)
[22:00:17.629] [INFO] 작업자 스레드 #16 생성됨
[22:00:17.629] [INFO] 작업자 스레드 시작 (ThreadID: 23580)
[22:00:17.629] [INFO] 서버 초기화 완료
[22:00:17.629] [INFO] 서버 실행. 포트 번호: 9000
[22:00:17.630] [INFO] IOCP 멀티플레이어 서버 시작됨...
[22:00:17.630] [INFO] 서버 실행 시작
[22:00:21.165] [INFO] 새 클라이언트에게 ID 1 전송됨
[22:00:21.165] [INFO] 초기 위치 정보 전송됨 - 클라이언트 ID: 1, 위치: X=0.000000, Y=0.000000, Z=90.000000
[22:00:21.166] [INFO] 새 플레이어 정보(ID: 1) 브로드캐스트 - 수신자 수: 0
[22:00:21.166] [INFO] 기존 플레이어 정보 0개가 새 클라이언트(ID: 1)에게 전송됨
[22:00:21.166] [INFO] 위치 업데이트 - 클라이언트 ID: 1, 위치: X=0.000000, Y=0.000000, Z=90.000000, 속도: X=0.000000, Y=0.000000, Z=0.000000
[22:00:21.166] [INFO] 서버 FPS: 0.566412, 평균 프레임 시간: 353.100006ms, 클라이언트 수: 1
