[00:10:58.533] [INFO] 로깅 시스템 초기화됨
[00:10:58.533] [INFO] 서버 인스턴스 생성됨
[00:10:58.533] [INFO] 서버 초기화 시작 (포트: 9000)
[00:10:58.534] [INFO] 윈속 초기화 성공
[00:10:58.535] [INFO] 리스닝 소켓 생성 성공
[00:10:58.535] [INFO] 소켓 바인딩 성공 (포트: 9000)
[00:10:58.535] [INFO] 리스닝 시작됨
[00:10:58.535] [INFO] IOCP 생성 성공
[00:10:58.535] [INFO] CPU 코어 수: 16, 생성할 작업자 스레드: 16
[00:10:58.536] [INFO] 작업자 스레드 #1 생성됨
[00:10:58.536] [INFO] 작업자 스레드 시작 (ThreadID: 28008)
[00:10:58.536] [INFO] 작업자 스레드 #2 생성됨
[00:10:58.536] [INFO] 작업자 스레드 시작 (ThreadID: 32188)
[00:10:58.537] [INFO] 작업자 스레드 #3 생성됨
[00:10:58.537] [INFO] 작업자 스레드 시작 (ThreadID: 8372)
[00:10:58.537] [INFO] 작업자 스레드 #4 생성됨
[00:10:58.537] [INFO] 작업자 스레드 시작 (ThreadID: 28092)
[00:10:58.537] [INFO] 작업자 스레드 #5 생성됨
[00:10:58.537] [INFO] 작업자 스레드 시작 (ThreadID: 10788)
[00:10:58.538] [INFO] 작업자 스레드 #6 생성됨
[00:10:58.538] [INFO] 작업자 스레드 시작 (ThreadID: 24944)
[00:10:58.538] [INFO] 작업자 스레드 #7 생성됨
[00:10:58.538] [INFO] 작업자 스레드 시작 (ThreadID: 21712)
[00:10:58.539] [INFO] 작업자 스레드 #8 생성됨
[00:10:58.539] [INFO] 작업자 스레드 시작 (ThreadID: 30628)
[00:10:58.539] [INFO] 작업자 스레드 #9 생성됨
[00:10:58.539] [INFO] 작업자 스레드 시작 (ThreadID: 31484)
[00:10:58.539] [INFO] 작업자 스레드 #10 생성됨
[00:10:58.539] [INFO] 작업자 스레드 시작 (ThreadID: 33096)
[00:10:58.540] [INFO] 작업자 스레드 #11 생성됨
[00:10:58.540] [INFO] 작업자 스레드 시작 (ThreadID: 20076)
[00:10:58.540] [INFO] 작업자 스레드 #12 생성됨
[00:10:58.540] [INFO] 작업자 스레드 시작 (ThreadID: 32932)
[00:10:58.540] [INFO] 작업자 스레드 #13 생성됨
[00:10:58.540] [INFO] 작업자 스레드 시작 (ThreadID: 3272)
[00:10:58.541] [INFO] 작업자 스레드 #14 생성됨
[00:10:58.541] [INFO] 작업자 스레드 시작 (ThreadID: 27136)
[00:10:58.541] [INFO] 작업자 스레드 #15 생성됨
[00:10:58.541] [INFO] 작업자 스레드 시작 (ThreadID: 14724)
[00:10:58.541] [INFO] 작업자 스레드 #16 생성됨
[00:10:58.541] [INFO] 작업자 스레드 시작 (ThreadID: 33456)
[00:10:58.542] [INFO] 서버 초기화 완료
[00:10:58.542] [INFO] 서버 실행. 포트 번호: 9000
[00:10:58.542] [INFO] IOCP 멀티플레이어 서버 시작됨...
[00:10:58.542] [INFO] 서버 실행 시작
[00:11:02.177] [INFO] 새 클라이언트에게 ID 1 전송됨
[00:11:02.177] [INFO] 초기 위치 정보 전송됨 - 클라이언트 ID: 1, 위치: X=0.000000, Y=0.000000, Z=90.000000
[00:11:02.177] [INFO] 새 플레이어 정보(ID: 1) 브로드캐스트 - 수신자 수: 0
[00:11:02.178] [INFO] 기존 플레이어 정보 0개가 새 클라이언트(ID: 1)에게 전송됨
[00:11:02.178] [INFO] 위치 업데이트 - 클라이언트 ID: 1, 위치: X=0.000000, Y=0.000000, Z=90.000000, 속도: X=0.000000, Y=0.000000, Z=0.000000
[00:11:02.178] [INFO] 서버 FPS: 0.549300, 평균 프레임 시간: 364.100006ms, 클라이언트 수: 1
[00:11:02.178] [INFO] 새 클라이언트에게 ID 2 전송됨
[00:11:02.179] [INFO] 초기 위치 정보 전송됨 - 클라이언트 ID: 2, 위치: X=300.000000, Y=0.000000, Z=90.000000
[00:11:02.179] [INFO] 새 플레이어 정보(ID: 2) 브로드캐스트 - 수신자 수: 1
[00:11:02.179] [INFO] 기존 플레이어 정보 1개가 새 클라이언트(ID: 2)에게 전송됨
[00:11:02.180] [WARNING] 비정상적으로 긴 델타 타임: 3.641000초
[00:11:02.180] [INFO] 위치 업데이트 - 클라이언트 ID: 1, 위치: X=0.000000, Y=0.000000, Z=90.000000, 속도: X=0.000000, Y=0.000000, Z=0.000000
[00:11:02.180] [INFO] 위치 업데이트 - 클라이언트 ID: 2, 위치: X=300.000000, Y=0.000000, Z=90.000000, 속도: X=0.000000, Y=0.000000, Z=0.000000
[00:11:29.046] [INFO] 새 클라이언트에게 ID 3 전송됨
[00:11:29.046] [INFO] 초기 위치 정보 전송됨 - 클라이언트 ID: 3, 위치: X=-300.000000, Y=0.000000, Z=90.000000
[00:11:29.046] [INFO] 새 플레이어 정보(ID: 3) 브로드캐스트 - 수신자 수: 2
[00:11:29.047] [INFO] 기존 플레이어 정보 2개가 새 클라이언트(ID: 3)에게 전송됨
[00:11:29.047] [WARNING] 클라이언트 Ping 타임아웃 발생 - ID: 1
[00:11:29.047] [WARNING] 클라이언트 Ping 타임아웃 발생 - ID: 2
[00:11:29.047] [INFO] 위치 업데이트 - 클라이언트 ID: 3, 위치: X=-300.000000, Y=0.000000, Z=90.000000, 속도: X=0.000000, Y=0.000000, Z=0.000000
[00:11:29.047] [INFO] 클라이언트 연결 끊김 (ID: 1)
[00:11:29.048] [INFO] 클라이언트가 정상적으로 연결 종료함 - ID: 1
[00:11:29.048] [INFO] 클라이언트 연결 끊김 알림(ID: 1) - 수신자 수: 2
[00:11:29.048] [INFO] 클라이언트 연결 끊김 (ID: 2)
[00:11:29.048] [INFO] 클라이언트가 정상적으로 연결 종료함 - ID: 2
[00:11:29.048] [INFO] 클라이언트 연결 끊김 알림(ID: 2) - 수신자 수: 1
[00:11:29.048] [WARNING] 존재하지 않는 클라이언트 ID를 제거하려고 시도: 1
[00:11:29.048] [WARNING] 존재하지 않는 클라이언트 ID를 제거하려고 시도: 2
[00:11:29.049] [INFO] 서버 FPS: 0.074419, 평균 프레임 시간: 2979.321045ms, 클라이언트 수: 1
[00:20:40.292] [INFO] 새 클라이언트에게 ID 4 전송됨
[00:20:40.292] [INFO] 초기 위치 정보 전송됨 - 클라이언트 ID: 4, 위치: X=0.000000, Y=300.000000, Z=90.000000
[00:20:40.293] [INFO] 새 플레이어 정보(ID: 4) 브로드캐스트 - 수신자 수: 1
[00:20:40.293] [INFO] 기존 플레이어 정보 1개가 새 클라이언트(ID: 4)에게 전송됨
[00:20:40.293] [WARNING] 비정상적으로 긴 델타 타임: 26.844000초
[00:20:40.293] [WARNING] 클라이언트 Ping 타임아웃 발생 - ID: 3
[00:20:40.293] [INFO] 위치 업데이트 - 클라이언트 ID: 4, 위치: X=0.000000, Y=300.000000, Z=90.000000, 속도: X=0.000000, Y=0.000000, Z=0.000000
[00:20:40.294] [INFO] 클라이언트 연결 끊김 (ID: 3)
[00:20:40.294] [INFO] 클라이언트가 정상적으로 연결 종료함 - ID: 3
[00:20:40.294] [INFO] 클라이언트 연결 끊김 알림(ID: 3) - 수신자 수: 1
[00:20:40.294] [WARNING] 존재하지 않는 클라이언트 ID를 제거하려고 시도: 3
[00:20:40.294] [INFO] 서버 FPS: 0.001814, 평균 프레임 시간: 57804.792969ms, 클라이언트 수: 1
[00:25:23.156] [INFO] 새 클라이언트에게 ID 5 전송됨
[00:25:23.156] [INFO] 초기 위치 정보 전송됨 - 클라이언트 ID: 5, 위치: X=0.000000, Y=-300.000000, Z=90.000000
[00:25:23.157] [INFO] 새 플레이어 정보(ID: 5) 브로드캐스트 - 수신자 수: 1
[00:25:23.157] [INFO] 기존 플레이어 정보 1개가 새 클라이언트(ID: 5)에게 전송됨
[00:25:23.157] [WARNING] 비정상적으로 긴 델타 타임: 551.234009초
[00:25:23.157] [WARNING] 클라이언트 Ping 타임아웃 발생 - ID: 4
[00:25:23.157] [INFO] 위치 업데이트 - 클라이언트 ID: 5, 위치: X=0.000000, Y=-300.000000, Z=90.000000, 속도: X=0.000000, Y=0.000000, Z=0.000000
[00:25:23.158] [INFO] 클라이언트가 정상적으로 연결 종료함 - ID: 4
[00:25:23.158] [INFO] 클라이언트 연결 끊김 (ID: 4)
[00:25:23.158] [INFO] 클라이언트 연결 끊김 알림(ID: 4) - 수신자 수: 1
[00:25:23.159] [WARNING] 존재하지 않는 클라이언트 ID를 제거하려고 시도: 4
[00:25:23.159] [INFO] 서버 FPS: 0.003535, 평균 프레임 시간: 80311.812500ms, 클라이언트 수: 1
[00:26:00.387] [INFO] 새 클라이언트에게 ID 6 전송됨
[00:26:00.388] [INFO] 초기 위치 정보 전송됨 - 클라이언트 ID: 6, 위치: X=0.000000, Y=0.000000, Z=90.000000
[00:26:00.388] [INFO] 새 플레이어 정보(ID: 6) 브로드캐스트 - 수신자 수: 1
[00:26:00.388] [INFO] 기존 플레이어 정보 1개가 새 클라이언트(ID: 6)에게 전송됨
[00:26:00.388] [WARNING] 비정상적으로 긴 델타 타임: 282.875000초
[00:26:00.388] [WARNING] 클라이언트 Ping 타임아웃 발생 - ID: 5
[00:26:00.389] [INFO] 위치 업데이트 - 클라이언트 ID: 6, 위치: X=0.000000, Y=0.000000, Z=90.000000, 속도: X=0.000000, Y=0.000000, Z=0.000000
[00:26:00.389] [INFO] 클라이언트 연결 끊김 (ID: 5)
[00:26:00.389] [INFO] 클라이언트가 정상적으로 연결 종료함 - ID: 5
[00:26:00.389] [INFO] 클라이언트 연결 끊김 알림(ID: 5) - 수신자 수: 1
[00:26:00.390] [WARNING] 존재하지 않는 클라이언트 ID를 제거하려고 시도: 5
[00:26:00.390] [INFO] 서버 FPS: 0.026856, 평균 프레임 시간: 76004.132812ms, 클라이언트 수: 1
