[15:36:36.772] [INFO] 로깅 시스템 초기화됨
[15:36:36.773] [INFO] 서버 인스턴스 생성됨
[15:36:36.774] [INFO] 서버 초기화 시작 (포트: 9000)
[15:36:36.775] [INFO] 윈속 초기화 성공
[15:36:36.776] [INFO] 리스닝 소켓 생성 성공
[15:36:36.777] [INFO] 소켓 바인딩 성공 (포트: 9000)
[15:36:36.777] [INFO] 리스닝 시작됨
[15:36:36.778] [INFO] IOCP 생성 성공
[15:36:36.778] [INFO] CPU 코어 수: 16, 생성할 작업자 스레드: 16
[15:36:36.779] [INFO] 작업자 스레드 #1 생성됨
[15:36:36.779] [INFO] 작업자 스레드 시작 (ThreadID: 32272)
[15:36:36.780] [INFO] 작업자 스레드 #2 생성됨
[15:36:36.780] [INFO] 작업자 스레드 시작 (ThreadID: 7800)
[15:36:36.781] [INFO] 작업자 스레드 #3 생성됨
[15:36:36.781] [INFO] 작업자 스레드 시작 (ThreadID: 43964)
[15:36:36.781] [INFO] 작업자 스레드 #4 생성됨
[15:36:36.782] [INFO] 작업자 스레드 시작 (ThreadID: 30704)
[15:36:36.782] [INFO] 작업자 스레드 #5 생성됨
[15:36:36.783] [INFO] 작업자 스레드 시작 (ThreadID: 43300)
[15:36:36.783] [INFO] 작업자 스레드 #6 생성됨
[15:36:36.783] [INFO] 작업자 스레드 시작 (ThreadID: 4968)
[15:36:36.784] [INFO] 작업자 스레드 #7 생성됨
[15:36:36.784] [INFO] 작업자 스레드 시작 (ThreadID: 19596)
[15:36:36.785] [INFO] 작업자 스레드 #8 생성됨
[15:36:36.785] [INFO] 작업자 스레드 시작 (ThreadID: 27724)
[15:36:36.786] [INFO] 작업자 스레드 #9 생성됨
[15:36:36.786] [INFO] 작업자 스레드 시작 (ThreadID: 39824)
[15:36:36.787] [INFO] 작업자 스레드 #10 생성됨
[15:36:36.787] [INFO] 작업자 스레드 시작 (ThreadID: 18224)
[15:36:36.789] [INFO] 작업자 스레드 #11 생성됨
[15:36:36.789] [INFO] 작업자 스레드 시작 (ThreadID: 16200)
[15:36:36.790] [INFO] 작업자 스레드 #12 생성됨
[15:36:36.790] [INFO] 작업자 스레드 시작 (ThreadID: 43228)
[15:36:36.791] [INFO] 작업자 스레드 #13 생성됨
[15:36:36.791] [INFO] 작업자 스레드 시작 (ThreadID: 27116)
[15:36:36.791] [INFO] 작업자 스레드 #14 생성됨
[15:36:36.792] [INFO] 작업자 스레드 시작 (ThreadID: 5592)
[15:36:36.792] [INFO] 작업자 스레드 #15 생성됨
[15:36:36.792] [INFO] 작업자 스레드 시작 (ThreadID: 42388)
[15:36:36.793] [INFO] 작업자 스레드 #16 생성됨
[15:36:36.793] [INFO] 작업자 스레드 시작 (ThreadID: 31328)
[15:36:36.793] [INFO] 서버 초기화 완료
[15:36:36.794] [INFO] 서버 실행. 포트 번호: 9000
[15:36:36.794] [INFO] IOCP 멀티플레이어 서버 시작됨...
[15:36:36.794] [INFO] 서버 실행 시작
[15:36:40.258] [DEBUG] [SendPacket] WSASend 요청 성공 - 컨텍스트: SendClientId, 보낸 크기: 7, 클라이언트 ID: 1
[15:36:40.258] [INFO] 새 클라이언트에게 ID 1 전송됨
[15:36:40.259] [DEBUG] [SendPacket] WSASend 요청 성공 - 컨텍스트: SendInitialPosition, 보낸 크기: 32, 클라이언트 ID: 1
[15:36:40.259] [INFO] 초기 위치 정보 전송됨 - 클라이언트 ID: 1, 위치: X=0.000000, Y=0.000000, Z=90.000000
[15:36:40.259] [INFO] 새 플레이어 정보(ID: 1) 브로드캐스트 - 수신자 수: 0
[15:36:40.260] [INFO] 기존 플레이어 정보 0개가 새 클라이언트(ID: 1)에게 전송됨
[15:36:40.261] [INFO] [Run] Update() 호출 직전
[15:36:40.261] [INFO] Update() 호출
[15:36:40.261] [INFO] 위치 업데이트 - 클라이언트 ID: 1, 위치: X=0.000000, Y=0.000000, Z=90.000000, 속도: X=0.000000, Y=0.000000, Z=0.000000
[15:36:40.261] [INFO] Update() 호출 끝
[15:36:40.262] [INFO] [Run] Update() 호출 직후
[15:36:40.262] [INFO] 서버 FPS: 0.579206, 평균 프레임 시간: 345.300018ms, 클라이언트 수: 1
[15:36:41.425] [DEBUG] 데이터 수신: 11 바이트, 클라이언트 ID: 1
[15:36:41.425] [DEBUG] [ProcessPacket] Ping 수신, ClientId: 1
[15:36:41.426] [DEBUG] [SendPacket] WSASend 요청 성공 - 컨텍스트: ServerPong, 보낸 크기: 11, 클라이언트 ID: 1
[15:36:41.426] [INFO] [Packet] Pong 전송 - ClientId: 1
[15:36:42.425] [DEBUG] 데이터 수신: 11 바이트, 클라이언트 ID: 1
[15:36:42.426] [DEBUG] [ProcessPacket] Ping 수신, ClientId: 1
[15:36:42.426] [DEBUG] [SendPacket] WSASend 요청 성공 - 컨텍스트: ServerPong, 보낸 크기: 11, 클라이언트 ID: 1
[15:36:42.426] [INFO] [Packet] Pong 전송 - ClientId: 1
[15:36:43.425] [DEBUG] 데이터 수신: 11 바이트, 클라이언트 ID: 1
[15:36:43.425] [DEBUG] [ProcessPacket] Ping 수신, ClientId: 1
[15:36:43.426] [DEBUG] [SendPacket] WSASend 요청 성공 - 컨텍스트: ServerPong, 보낸 크기: 11, 클라이언트 ID: 1
[15:36:43.427] [INFO] [Packet] Pong 전송 - ClientId: 1
[15:36:44.425] [DEBUG] 데이터 수신: 11 바이트, 클라이언트 ID: 1
[15:36:44.425] [DEBUG] [ProcessPacket] Ping 수신, ClientId: 1
[15:36:44.426] [DEBUG] [SendPacket] WSASend 요청 성공 - 컨텍스트: ServerPong, 보낸 크기: 11, 클라이언트 ID: 1
[15:36:44.427] [INFO] [Packet] Pong 전송 - ClientId: 1
[15:36:45.425] [DEBUG] 데이터 수신: 11 바이트, 클라이언트 ID: 1
[15:36:45.426] [DEBUG] [ProcessPacket] Ping 수신, ClientId: 1
[15:36:45.426] [DEBUG] [SendPacket] WSASend 요청 성공 - 컨텍스트: ServerPong, 보낸 크기: 11, 클라이언트 ID: 1
[15:36:45.427] [INFO] [Packet] Pong 전송 - ClientId: 1
[15:36:46.425] [DEBUG] 데이터 수신: 11 바이트, 클라이언트 ID: 1
[15:36:46.425] [DEBUG] [ProcessPacket] Ping 수신, ClientId: 1
[15:36:46.426] [DEBUG] [SendPacket] WSASend 요청 성공 - 컨텍스트: ServerPong, 보낸 크기: 11, 클라이언트 ID: 1
[15:36:46.426] [INFO] [Packet] Pong 전송 - ClientId: 1
[15:36:47.426] [DEBUG] 데이터 수신: 11 바이트, 클라이언트 ID: 1
[15:36:47.427] [DEBUG] [ProcessPacket] Ping 수신, ClientId: 1
[15:36:47.427] [DEBUG] [SendPacket] WSASend 요청 성공 - 컨텍스트: ServerPong, 보낸 크기: 11, 클라이언트 ID: 1
[15:36:47.428] [INFO] [Packet] Pong 전송 - ClientId: 1
[15:36:48.426] [DEBUG] 데이터 수신: 11 바이트, 클라이언트 ID: 1
[15:36:48.427] [DEBUG] [ProcessPacket] Ping 수신, ClientId: 1
[15:36:48.427] [DEBUG] [SendPacket] WSASend 요청 성공 - 컨텍스트: ServerPong, 보낸 크기: 11, 클라이언트 ID: 1
[15:36:48.428] [INFO] [Packet] Pong 전송 - ClientId: 1
[15:36:49.425] [DEBUG] 데이터 수신: 11 바이트, 클라이언트 ID: 1
[15:36:49.425] [DEBUG] [ProcessPacket] Ping 수신, ClientId: 1
[15:36:49.426] [DEBUG] [SendPacket] WSASend 요청 성공 - 컨텍스트: ServerPong, 보낸 크기: 11, 클라이언트 ID: 1
[15:36:49.426] [INFO] [Packet] Pong 전송 - ClientId: 1
[15:36:50.425] [DEBUG] 데이터 수신: 11 바이트, 클라이언트 ID: 1
[15:36:50.425] [DEBUG] [ProcessPacket] Ping 수신, ClientId: 1
[15:36:50.426] [DEBUG] [SendPacket] WSASend 요청 성공 - 컨텍스트: ServerPong, 보낸 크기: 11, 클라이언트 ID: 1
[15:36:50.426] [INFO] [Packet] Pong 전송 - ClientId: 1
