[16:34:07.971] [INFO] 로깅 시스템 초기화됨
[16:34:07.971] [INFO] 서버 인스턴스 생성됨
[16:34:07.971] [INFO] 서버 초기화 시작 (포트: 9000)
[16:34:07.972] [INFO] 윈속 초기화 성공
[16:34:07.973] [INFO] 리스닝 소켓 생성 성공
[16:34:07.974] [INFO] 소켓 바인딩 성공 (포트: 9000)
[16:34:07.974] [INFO] 리스닝 시작됨
[16:34:07.974] [INFO] IOCP 생성 성공
[16:34:07.974] [INFO] CPU 코어 수: 16, 생성할 작업자 스레드: 16
[16:34:07.974] [INFO] 작업자 스레드 #1 생성됨
[16:34:07.975] [INFO] 작업자 스레드 시작 (ThreadID: 23584)
[16:34:07.975] [INFO] 작업자 스레드 #2 생성됨
[16:34:07.975] [INFO] 작업자 스레드 시작 (ThreadID: 18444)
[16:34:07.976] [INFO] 작업자 스레드 #3 생성됨
[16:34:07.976] [INFO] 작업자 스레드 시작 (ThreadID: 26232)
[16:34:07.976] [INFO] 작업자 스레드 #4 생성됨
[16:34:07.976] [INFO] 작업자 스레드 시작 (ThreadID: 10644)
[16:34:07.977] [INFO] 작업자 스레드 #5 생성됨
[16:34:07.977] [INFO] 작업자 스레드 시작 (ThreadID: 30192)
[16:34:07.978] [INFO] 작업자 스레드 #6 생성됨
[16:34:07.978] [INFO] 작업자 스레드 시작 (ThreadID: 32608)
[16:34:07.978] [INFO] 작업자 스레드 #7 생성됨
[16:34:07.979] [INFO] 작업자 스레드 시작 (ThreadID: 30100)
[16:34:07.979] [INFO] 작업자 스레드 #8 생성됨
[16:34:07.979] [INFO] 작업자 스레드 시작 (ThreadID: 31548)
[16:34:07.980] [INFO] 작업자 스레드 #9 생성됨
[16:34:07.980] [INFO] 작업자 스레드 시작 (ThreadID: 13924)
[16:34:07.981] [INFO] 작업자 스레드 #10 생성됨
[16:34:07.981] [INFO] 작업자 스레드 시작 (ThreadID: 31636)
[16:34:07.981] [INFO] 작업자 스레드 #11 생성됨
[16:34:07.981] [INFO] 작업자 스레드 시작 (ThreadID: 19860)
[16:34:07.982] [INFO] 작업자 스레드 #12 생성됨
[16:34:07.982] [INFO] 작업자 스레드 시작 (ThreadID: 28816)
[16:34:07.982] [INFO] 작업자 스레드 #13 생성됨
[16:34:07.982] [INFO] 작업자 스레드 시작 (ThreadID: 6888)
[16:34:07.983] [INFO] 작업자 스레드 #14 생성됨
[16:34:07.983] [INFO] 작업자 스레드 시작 (ThreadID: 29228)
[16:34:07.983] [INFO] 작업자 스레드 #15 생성됨
[16:34:07.983] [INFO] 작업자 스레드 시작 (ThreadID: 4600)
[16:34:07.984] [INFO] 작업자 스레드 #16 생성됨
[16:34:07.984] [INFO] 작업자 스레드 시작 (ThreadID: 28612)
[16:34:07.984] [INFO] 서버 초기화 완료
[16:34:07.984] [INFO] 서버 실행. 포트 번호: 9000
[16:34:07.985] [INFO] IOCP 멀티플레이어 서버 시작됨...
[16:34:07.985] [INFO] 서버 실행 시작
[16:34:13.630] [INFO] 클라이언트 연결됨: 127.0.0.1:9231 (ID: 1)
[16:34:13.630] [INFO] 새 클라이언트에게 ID 1 전송됨
[16:34:13.630] [INFO] 새 플레이어 정보(ID: 1) 브로드캐스트 - 수신자 수: 0
[16:34:13.631] [INFO] 새 클라이언트에게 ID 1 전송됨, 초기 위치: X=0.000000, Y=0.000000, Z=90.000000
[16:34:13.631] [INFO] 기존 플레이어 정보 0개가 새 클라이언트(ID: 1)에게 전송됨
[16:34:13.631] [INFO] 서버 FPS: 0.354547, 평균 프레임 시간: 564.100037ms, 클라이언트 수: 1
[16:34:13.631] [INFO] 클라이언트 연결됨: 127.0.0.1:9232 (ID: 2)
[16:34:13.632] [INFO] 새 클라이언트에게 ID 2 전송됨
[16:34:13.632] [INFO] 새 플레이어 정보(ID: 2) 브로드캐스트 - 수신자 수: 1
[16:34:13.632] [INFO] 새 클라이언트에게 ID 2 전송됨, 초기 위치: X=300.000000, Y=0.000000, Z=90.000000
[16:34:13.632] [INFO] 기존 플레이어 정보 1개가 새 클라이언트(ID: 2)에게 전송됨
[16:34:13.632] [WARNING] 비정상적으로 긴 델타 타임: 5.641000초
[16:34:14.639] [INFO] [서버] PingPacket 수신 - ClientId: 1
[16:34:14.640] [INFO] [서버] PingPacket 수신 - ClientId: 2
[16:34:15.641] [INFO] [서버] PingPacket 수신 - ClientId: 1
[16:34:15.642] [INFO] [서버] PingPacket 수신 - ClientId: 2
[16:34:16.647] [INFO] [서버] PingPacket 수신 - ClientId: 1
[16:34:16.648] [INFO] [서버] PingPacket 수신 - ClientId: 2
[16:34:17.658] [INFO] [서버] PingPacket 수신 - ClientId: 1
[16:34:17.658] [INFO] [서버] PingPacket 수신 - ClientId: 2
[16:34:18.658] [INFO] [서버] PingPacket 수신 - ClientId: 1
[16:34:18.659] [INFO] [서버] PingPacket 수신 - ClientId: 2
[16:34:19.658] [INFO] [서버] PingPacket 수신 - ClientId: 1
[16:34:19.659] [INFO] [서버] PingPacket 수신 - ClientId: 2
[16:34:20.659] [INFO] [서버] PingPacket 수신 - ClientId: 1
[16:34:20.660] [INFO] [서버] PingPacket 수신 - ClientId: 2
[16:35:49.360] [INFO] 클라이언트 연결됨: 127.0.0.1:9455 (ID: 3)
[16:35:49.360] [INFO] 새 클라이언트에게 ID 3 전송됨
[16:35:49.361] [INFO] 새 플레이어 정보(ID: 3) 브로드캐스트 - 수신자 수: 2
[16:35:49.361] [INFO] 새 클라이언트에게 ID 3 전송됨, 초기 위치: X=-300.000000, Y=0.000000, Z=90.000000
[16:35:49.361] [INFO] 기존 플레이어 정보 2개가 새 클라이언트(ID: 3)에게 전송됨
[16:35:49.361] [WARNING] 클라이언트 Ping 타임아웃 발생 - ID: 1
[16:35:49.361] [WARNING] 클라이언트 Ping 타임아웃 발생 - ID: 2
[16:35:49.362] [INFO] 클라이언트 연결 끊김 (ID: 1)
[16:35:49.362] [INFO] 클라이언트 연결 중단 - ID: 1, 오류: 알 수 없는 오류: 1236
[16:35:49.362] [INFO] 클라이언트 연결 끊김 알림(ID: 1) - 수신자 수: 2
[16:35:49.362] [INFO] 클라이언트 연결 끊김 (ID: 2)
[16:35:49.363] [INFO] 클라이언트 연결 중단 - ID: 2, 오류: 알 수 없는 오류: 1236
[16:35:49.363] [INFO] 클라이언트 연결 끊김 알림(ID: 2) - 수신자 수: 1
[16:35:49.363] [WARNING] 존재하지 않는 클라이언트 ID를 제거하려고 시도: 1
[16:35:49.363] [WARNING] 존재하지 않는 클라이언트 ID를 제거하려고 시도: 2
[16:35:49.363] [INFO] 서버 FPS: 0.020891, 평균 프레임 시간: 10028.720703ms, 클라이언트 수: 1
[16:35:49.364] [INFO] 클라이언트 연결됨: 127.0.0.1:9456 (ID: 4)
[16:35:49.364] [INFO] 새 클라이언트에게 ID 4 전송됨
[16:35:49.364] [INFO] 새 플레이어 정보(ID: 4) 브로드캐스트 - 수신자 수: 1
[16:35:49.364] [INFO] 새 클라이언트에게 ID 4 전송됨, 초기 위치: X=0.000000, Y=300.000000, Z=90.000000
[16:35:49.364] [INFO] 기존 플레이어 정보 1개가 새 클라이언트(ID: 4)에게 전송됨
[16:35:49.364] [WARNING] 비정상적으로 긴 델타 타임: 95.718002초
[16:35:50.369] [INFO] [서버] PingPacket 수신 - ClientId: 3
[16:35:50.370] [INFO] [서버] PingPacket 수신 - ClientId: 4
[16:35:51.371] [INFO] [서버] PingPacket 수신 - ClientId: 3
[16:35:51.371] [INFO] [서버] PingPacket 수신 - ClientId: 4
[16:35:52.535] [INFO] [서버] PingPacket 수신 - ClientId: 3
[16:35:52.536] [INFO] [서버] PingPacket 수신 - ClientId: 4
[16:35:53.535] [INFO] [서버] PingPacket 수신 - ClientId: 3
[16:35:53.536] [INFO] [서버] PingPacket 수신 - ClientId: 4
[16:35:54.535] [INFO] [서버] PingPacket 수신 - ClientId: 3
[16:35:54.536] [INFO] [서버] PingPacket 수신 - ClientId: 4
[16:35:55.536] [INFO] [서버] PingPacket 수신 - ClientId: 3
[16:35:55.537] [INFO] [서버] PingPacket 수신 - ClientId: 4
[16:35:56.544] [INFO] [서버] PingPacket 수신 - ClientId: 3
[16:35:56.545] [INFO] [서버] PingPacket 수신 - ClientId: 4
[16:35:57.555] [INFO] [서버] PingPacket 수신 - ClientId: 3
[16:35:57.556] [INFO] [서버] PingPacket 수신 - ClientId: 4
[16:36:25.747] [INFO] 클라이언트 연결됨: 127.0.0.1:9457 (ID: 5)
[16:36:25.747] [INFO] 새 클라이언트에게 ID 5 전송됨
[16:36:25.748] [INFO] 새 플레이어 정보(ID: 5) 브로드캐스트 - 수신자 수: 2
[16:36:25.748] [INFO] 새 클라이언트에게 ID 5 전송됨, 초기 위치: X=0.000000, Y=-300.000000, Z=90.000000
[16:36:25.748] [INFO] 기존 플레이어 정보 2개가 새 클라이언트(ID: 5)에게 전송됨
[16:36:25.748] [WARNING] 클라이언트 Ping 타임아웃 발생 - ID: 3
[16:36:25.748] [WARNING] 클라이언트 Ping 타임아웃 발생 - ID: 4
[16:36:25.749] [INFO] 클라이언트 연결 끊김 (ID: 3)
[16:36:25.749] [INFO] 클라이언트 연결 중단 - ID: 3, 오류: 알 수 없는 오류: 1236
[16:36:25.749] [INFO] 클라이언트 연결 끊김 알림(ID: 3) - 수신자 수: 2
[16:36:25.749] [INFO] 클라이언트 연결 끊김 (ID: 4)
[16:36:25.749] [INFO] 클라이언트 연결 중단 - ID: 4, 오류: 알 수 없는 오류: 1236
[16:36:25.749] [INFO] 클라이언트 연결 끊김 알림(ID: 4) - 수신자 수: 1
[16:36:25.749] [WARNING] 존재하지 않는 클라이언트 ID를 제거하려고 시도: 3
[16:36:25.750] [WARNING] 존재하지 않는 클라이언트 ID를 제거하려고 시도: 4
[16:36:25.750] [INFO] 서버 FPS: 0.054959, 평균 프레임 시간: 11759.164062ms, 클라이언트 수: 1
[16:36:25.750] [INFO] 클라이언트 연결됨: 127.0.0.1:9458 (ID: 6)
[16:36:25.750] [INFO] 새 클라이언트에게 ID 6 전송됨
[16:36:25.751] [INFO] 새 플레이어 정보(ID: 6) 브로드캐스트 - 수신자 수: 1
[16:36:25.751] [INFO] 새 클라이언트에게 ID 6 전송됨, 초기 위치: X=0.000000, Y=0.000000, Z=90.000000
[16:36:25.751] [INFO] 기존 플레이어 정보 1개가 새 클라이언트(ID: 6)에게 전송됨
[16:36:25.751] [WARNING] 비정상적으로 긴 델타 타임: 36.359001초
[16:36:26.753] [INFO] [서버] PingPacket 수신 - ClientId: 5
[16:36:26.754] [INFO] [서버] PingPacket 수신 - ClientId: 6
[16:36:27.759] [INFO] [서버] PingPacket 수신 - ClientId: 5
[16:36:27.760] [INFO] [서버] PingPacket 수신 - ClientId: 6
[16:36:28.764] [INFO] [서버] PingPacket 수신 - ClientId: 5
[16:36:28.765] [INFO] [서버] PingPacket 수신 - ClientId: 6
[16:36:29.772] [INFO] [서버] PingPacket 수신 - ClientId: 5
[16:36:29.773] [INFO] [서버] PingPacket 수신 - ClientId: 6
[16:36:30.773] [INFO] [서버] PingPacket 수신 - ClientId: 5
[16:36:30.773] [INFO] [서버] PingPacket 수신 - ClientId: 6
[16:36:31.776] [INFO] [서버] PingPacket 수신 - ClientId: 5
[16:36:31.777] [INFO] [서버] PingPacket 수신 - ClientId: 6
[16:36:32.779] [INFO] [서버] PingPacket 수신 - ClientId: 5
[16:36:32.780] [INFO] [서버] PingPacket 수신 - ClientId: 6
[16:36:33.785] [INFO] [서버] PingPacket 수신 - ClientId: 5
[16:36:33.785] [INFO] [서버] PingPacket 수신 - ClientId: 6
[16:36:34.795] [INFO] [서버] PingPacket 수신 - ClientId: 5
[16:36:34.795] [INFO] [서버] PingPacket 수신 - ClientId: 6
[16:36:35.799] [INFO] [서버] PingPacket 수신 - ClientId: 5
[16:36:35.800] [INFO] [서버] PingPacket 수신 - ClientId: 6
[16:36:37.082] [INFO] [서버] PingPacket 수신 - ClientId: 5
[16:36:37.083] [INFO] [서버] PingPacket 수신 - ClientId: 6
[16:36:38.091] [INFO] [서버] PingPacket 수신 - ClientId: 5
[16:36:38.092] [INFO] [서버] PingPacket 수신 - ClientId: 6
[16:36:39.101] [INFO] [서버] PingPacket 수신 - ClientId: 5
[16:36:39.102] [INFO] [서버] PingPacket 수신 - ClientId: 6
[16:36:40.105] [INFO] [서버] PingPacket 수신 - ClientId: 5
[16:36:40.105] [INFO] [서버] PingPacket 수신 - ClientId: 6
[16:36:41.114] [INFO] [서버] PingPacket 수신 - ClientId: 5
[16:36:41.114] [INFO] [서버] PingPacket 수신 - ClientId: 6
