[20:12:01.460] [INFO] 로깅 시스템 초기화됨
[20:12:01.460] [INFO] 서버 인스턴스 생성됨
[20:12:01.461] [INFO] 서버 초기화 시작 (포트: 9000)
[20:12:01.462] [INFO] 윈속 초기화 성공
[20:12:01.462] [INFO] 리스닝 소켓 생성 성공
[20:12:01.463] [INFO] 소켓 바인딩 성공 (포트: 9000)
[20:12:01.463] [INFO] 리스닝 시작됨
[20:12:01.463] [INFO] IOCP 생성 성공
[20:12:01.463] [INFO] CPU 코어 수: 16, 생성할 작업자 스레드: 16
[20:12:01.464] [INFO] 작업자 스레드 #1 생성됨
[20:12:01.464] [INFO] 작업자 스레드 시작 (ThreadID: 22624)
[20:12:01.464] [INFO] 작업자 스레드 #2 생성됨
[20:12:01.464] [INFO] 작업자 스레드 시작 (ThreadID: 25328)
[20:12:01.473] [INFO] 작업자 스레드 #3 생성됨
[20:12:01.473] [INFO] 작업자 스레드 시작 (ThreadID: 24052)
[20:12:01.473] [INFO] 작업자 스레드 #4 생성됨
[20:12:01.473] [INFO] 작업자 스레드 시작 (ThreadID: 32404)
[20:12:01.473] [INFO] 작업자 스레드 #5 생성됨
[20:12:01.474] [INFO] 작업자 스레드 시작 (ThreadID: 31624)
[20:12:01.474] [INFO] 작업자 스레드 #6 생성됨
[20:12:01.474] [INFO] 작업자 스레드 시작 (ThreadID: 31544)
[20:12:01.474] [INFO] 작업자 스레드 #7 생성됨
[20:12:01.474] [INFO] 작업자 스레드 시작 (ThreadID: 22784)
[20:12:01.475] [INFO] 작업자 스레드 #8 생성됨
[20:12:01.475] [INFO] 작업자 스레드 시작 (ThreadID: 13068)
[20:12:01.475] [INFO] 작업자 스레드 #9 생성됨
[20:12:01.475] [INFO] 작업자 스레드 시작 (ThreadID: 27204)
[20:12:01.475] [INFO] 작업자 스레드 #10 생성됨
[20:12:01.475] [INFO] 작업자 스레드 시작 (ThreadID: 23012)
[20:12:01.476] [INFO] 작업자 스레드 #11 생성됨
[20:12:01.476] [INFO] 작업자 스레드 시작 (ThreadID: 5604)
[20:12:01.476] [INFO] 작업자 스레드 #12 생성됨
[20:12:01.476] [INFO] 작업자 스레드 시작 (ThreadID: 29288)
[20:12:01.476] [INFO] 작업자 스레드 #13 생성됨
[20:12:01.477] [INFO] 작업자 스레드 시작 (ThreadID: 31036)
[20:12:01.477] [INFO] 작업자 스레드 #14 생성됨
[20:12:01.477] [INFO] 작업자 스레드 시작 (ThreadID: 28852)
[20:12:01.477] [INFO] 작업자 스레드 #15 생성됨
[20:12:01.477] [INFO] 작업자 스레드 시작 (ThreadID: 25540)
[20:12:01.478] [INFO] 작업자 스레드 시작 (ThreadID: 29192)
[20:12:01.478] [INFO] 작업자 스레드 #16 생성됨
[20:12:01.478] [INFO] 서버 초기화 완료
[20:12:01.478] [INFO] 서버 실행. 포트 번호: 9000
[20:12:01.478] [INFO] IOCP 멀티플레이어 서버 시작됨...
[20:12:01.478] [INFO] 서버 실행 시작
[20:12:04.361] [INFO] 클라이언트 연결됨: 127.0.0.1:11049 (ID: 1)
[20:12:04.361] [INFO] 새 클라이언트에게 ID 1 전송됨
[20:12:04.362] [INFO] 초기 위치 정보 전송됨 - 클라이언트 ID: 1, 위치: X=300.000000, Y=300.000000, Z=300.000000
[20:12:04.362] [INFO] 새 플레이어 정보(ID: 1) 브로드캐스트 - 수신자 수: 0
[20:12:04.362] [INFO] 기존 플레이어 정보 0개가 새 클라이언트(ID: 1)에게 전송됨
[20:12:04.363] [INFO] 서버 FPS: 0.692042, 평균 프레임 시간: 289.000000ms, 클라이언트 수: 1
