[23:01:14.960] [INFO] 로깅 시스템 초기화됨
[23:01:14.961] [INFO] 서버 인스턴스 생성됨
[23:01:14.961] [INFO] 서버 초기화 시작 (포트: 9000)
[23:01:14.962] [INFO] 윈속 초기화 성공
[23:01:14.963] [INFO] 리스닝 소켓 생성 성공
[23:01:14.963] [INFO] 소켓 바인딩 성공 (포트: 9000)
[23:01:14.963] [INFO] 리스닝 시작됨
[23:01:14.963] [INFO] IOCP 생성 성공
[23:01:14.964] [INFO] CPU 코어 수: 16, 생성할 작업자 스레드: 16
[23:01:14.964] [INFO] 작업자 스레드 #1 생성됨
[23:01:14.964] [INFO] 작업자 스레드 시작 (ThreadID: 28776)
[23:01:14.964] [INFO] 작업자 스레드 #2 생성됨
[23:01:14.964] [INFO] 작업자 스레드 시작 (ThreadID: 23904)
[23:01:14.965] [INFO] 작업자 스레드 #3 생성됨
[23:01:14.965] [INFO] 작업자 스레드 시작 (ThreadID: 31512)
[23:01:14.965] [INFO] 작업자 스레드 #4 생성됨
[23:01:14.965] [INFO] 작업자 스레드 시작 (ThreadID: 32500)
[23:01:14.966] [INFO] 작업자 스레드 #5 생성됨
[23:01:14.966] [INFO] 작업자 스레드 시작 (ThreadID: 12080)
[23:01:14.966] [INFO] 작업자 스레드 #6 생성됨
[23:01:14.966] [INFO] 작업자 스레드 시작 (ThreadID: 34296)
[23:01:14.966] [INFO] 작업자 스레드 #7 생성됨
[23:01:14.967] [INFO] 작업자 스레드 시작 (ThreadID: 21648)
[23:01:14.967] [INFO] 작업자 스레드 #8 생성됨
[23:01:14.967] [INFO] 작업자 스레드 시작 (ThreadID: 31808)
[23:01:14.967] [INFO] 작업자 스레드 #9 생성됨
[23:01:14.967] [INFO] 작업자 스레드 시작 (ThreadID: 31668)
[23:01:14.968] [INFO] 작업자 스레드 #10 생성됨
[23:01:14.968] [INFO] 작업자 스레드 시작 (ThreadID: 6636)
[23:01:14.968] [INFO] 작업자 스레드 #11 생성됨
[23:01:14.968] [INFO] 작업자 스레드 시작 (ThreadID: 6716)
[23:01:14.968] [INFO] 작업자 스레드 #12 생성됨
[23:01:14.968] [INFO] 작업자 스레드 시작 (ThreadID: 31736)
[23:01:14.969] [INFO] 작업자 스레드 #13 생성됨
[23:01:14.969] [INFO] 작업자 스레드 시작 (ThreadID: 23472)
[23:01:14.969] [INFO] 작업자 스레드 #14 생성됨
[23:01:14.969] [INFO] 작업자 스레드 시작 (ThreadID: 10956)
[23:01:14.969] [INFO] 작업자 스레드 #15 생성됨
[23:01:14.970] [INFO] 작업자 스레드 시작 (ThreadID: 19320)
[23:01:14.970] [INFO] 작업자 스레드 #16 생성됨
[23:01:14.970] [INFO] 작업자 스레드 시작 (ThreadID: 17704)
[23:01:14.970] [INFO] 서버 초기화 완료
[23:01:14.970] [INFO] 서버 실행. 포트 번호: 9000
[23:01:14.971] [INFO] IOCP 멀티플레이어 서버 시작됨...
[23:01:14.971] [INFO] 서버 실행 시작
[23:01:17.794] [INFO] 새 클라이언트에게 ID 1 전송됨
[23:01:17.794] [INFO] 초기 위치 정보 전송됨 - 클라이언트 ID: 1, 위치: X=0.000000, Y=0.000000, Z=90.000000
[23:01:17.794] [INFO] 새 플레이어 정보(ID: 1) 브로드캐스트 - 수신자 수: 0
[23:01:17.795] [INFO] 기존 플레이어 정보 0개가 새 클라이언트(ID: 1)에게 전송됨
[23:01:17.795] [INFO] 위치 업데이트 - 클라이언트 ID: 1, 위치: X=0.000000, Y=0.000000, Z=90.000000, 속도: X=0.000000, Y=0.000000, Z=0.000000
[23:01:17.795] [INFO] 서버 FPS: 0.707214, 평균 프레임 시간: 282.800018ms, 클라이언트 수: 1
[23:02:07.346] [INFO] 새 클라이언트에게 ID 2 전송됨
[23:02:07.346] [INFO] 초기 위치 정보 전송됨 - 클라이언트 ID: 2, 위치: X=300.000000, Y=0.000000, Z=90.000000
[23:02:07.346] [INFO] 새 플레이어 정보(ID: 2) 브로드캐스트 - 수신자 수: 1
[23:02:07.346] [INFO] 기존 플레이어 정보 1개가 새 클라이언트(ID: 2)에게 전송됨
[23:02:07.347] [WARNING] 비정상적으로 긴 델타 타임: 2.828000초
[23:02:07.347] [WARNING] 클라이언트 Ping 타임아웃 발생 - ID: 1
[23:02:07.347] [INFO] 위치 업데이트 - 클라이언트 ID: 2, 위치: X=300.000000, Y=0.000000, Z=90.000000, 속도: X=0.000000, Y=0.000000, Z=0.000000
[23:02:07.347] [INFO] 클라이언트 연결 끊김 (ID: 1)
[23:02:07.347] [INFO] 클라이언트가 정상적으로 연결 종료함 - ID: 1
[23:02:07.348] [INFO] 클라이언트 연결 끊김 알림(ID: 1) - 수신자 수: 1
[23:02:07.348] [WARNING] 존재하지 않는 클라이언트 ID를 제거하려고 시도: 1
[23:02:07.348] [INFO] 서버 FPS: 0.020183, 평균 프레임 시간: 5209.220215ms, 클라이언트 수: 1
[23:02:12.956] [INFO] 새 클라이언트에게 ID 3 전송됨
[23:02:12.956] [INFO] 초기 위치 정보 전송됨 - 클라이언트 ID: 3, 위치: X=-300.000000, Y=0.000000, Z=90.000000
[23:02:12.956] [INFO] 새 플레이어 정보(ID: 3) 브로드캐스트 - 수신자 수: 1
[23:02:12.957] [INFO] 기존 플레이어 정보 1개가 새 클라이언트(ID: 3)에게 전송됨
[23:02:12.957] [WARNING] 비정상적으로 긴 델타 타임: 49.547001초
[23:02:12.957] [INFO] 위치 업데이트 - 클라이언트 ID: 2, 위치: X=300.000000, Y=0.000000, Z=90.000000, 속도: X=0.000000, Y=0.000000, Z=0.000000
[23:02:12.957] [INFO] [서버] BroadcastPosition 준비 완료 - ClientId: 2, distMoved: 0.000000, State: 0, TimeSinceLastUpdate: 5.605469
[23:02:12.957] [INFO] [서버] BroadcastPosition 호출 - ClientId: 2, Position: (300.000000, 0.000000, 90.000000)
[23:02:12.958] [INFO] [서버] PositionUpdatePacket 전송 - From ClientId: 2 To ClientId: 3
[23:02:12.958] [INFO] 위치 업데이트 - 클라이언트 ID: 3, 위치: X=-300.000000, Y=0.000000, Z=90.000000, 속도: X=0.000000, Y=0.000000, Z=0.000000
[23:02:12.958] [INFO] 서버 FPS: 0.178285, 평균 프레임 시간: 5249.197754ms, 클라이언트 수: 2
[23:02:20.376] [INFO] 새 클라이언트에게 ID 4 전송됨
[23:02:20.376] [INFO] 초기 위치 정보 전송됨 - 클라이언트 ID: 4, 위치: X=0.000000, Y=300.000000, Z=90.000000
[23:02:20.377] [INFO] 새 플레이어 정보(ID: 4) 브로드캐스트 - 수신자 수: 2
[23:02:20.377] [INFO] 기존 플레이어 정보 2개가 새 클라이언트(ID: 4)에게 전송됨
[23:02:20.377] [WARNING] 비정상적으로 긴 델타 타임: 5.609000초
[23:02:20.377] [WARNING] 클라이언트 Ping 타임아웃 발생 - ID: 2
[23:02:20.377] [WARNING] 클라이언트 Ping 타임아웃 발생 - ID: 3
[23:02:20.378] [INFO] 위치 업데이트 - 클라이언트 ID: 4, 위치: X=0.000000, Y=300.000000, Z=90.000000, 속도: X=0.000000, Y=0.000000, Z=0.000000
[23:02:20.378] [INFO] 클라이언트가 정상적으로 연결 종료함 - ID: 2
[23:02:20.378] [INFO] 클라이언트 연결 끊김 (ID: 2)
[23:02:20.378] [INFO] 클라이언트 연결 끊김 알림(ID: 2) - 수신자 수: 2
[23:02:20.378] [INFO] 클라이언트가 정상적으로 연결 종료함 - ID: 3
[23:02:20.379] [INFO] 클라이언트 연결 끊김 (ID: 3)
[23:02:20.379] [INFO] 클라이언트 연결 끊김 알림(ID: 3) - 수신자 수: 1
[23:02:20.379] [WARNING] 존재하지 않는 클라이언트 ID를 제거하려고 시도: 2
[23:02:20.379] [WARNING] 존재하지 않는 클라이언트 ID를 제거하려고 시도: 3
[23:02:20.379] [INFO] 서버 FPS: 0.134735, 평균 프레임 시간: 5466.478027ms, 클라이언트 수: 1
[23:02:29.135] [INFO] 새 클라이언트에게 ID 5 전송됨
[23:02:29.135] [INFO] 초기 위치 정보 전송됨 - 클라이언트 ID: 5, 위치: X=0.000000, Y=-300.000000, Z=90.000000
[23:02:29.135] [INFO] 새 플레이어 정보(ID: 5) 브로드캐스트 - 수신자 수: 1
[23:02:29.135] [INFO] 기존 플레이어 정보 1개가 새 클라이언트(ID: 5)에게 전송됨
[23:02:29.136] [WARNING] 비정상적으로 긴 델타 타임: 7.422000초
[23:02:29.136] [INFO] 위치 업데이트 - 클라이언트 ID: 4, 위치: X=0.000000, Y=300.000000, Z=90.000000, 속도: X=0.000000, Y=0.000000, Z=0.000000
[23:02:29.136] [INFO] [서버] BroadcastPosition 준비 완료 - ClientId: 4, distMoved: 0.000000, State: 0, TimeSinceLastUpdate: 8.750000
[23:02:29.136] [INFO] [서버] BroadcastPosition 호출 - ClientId: 4, Position: (0.000000, 300.000000, 90.000000)
[23:02:29.136] [INFO] [서버] PositionUpdatePacket 전송 - From ClientId: 4 To ClientId: 5
[23:02:29.136] [INFO] 위치 업데이트 - 클라이언트 ID: 5, 위치: X=0.000000, Y=-300.000000, Z=90.000000, 속도: X=0.000000, Y=0.000000, Z=0.000000
[23:02:29.137] [INFO] 서버 FPS: 0.114286, 평균 프레임 시간: 5794.830078ms, 클라이언트 수: 2
[23:02:54.937] [INFO] 새 클라이언트에게 ID 6 전송됨
[23:02:54.937] [INFO] 초기 위치 정보 전송됨 - 클라이언트 ID: 6, 위치: X=0.000000, Y=0.000000, Z=90.000000
[23:02:54.938] [INFO] 새 플레이어 정보(ID: 6) 브로드캐스트 - 수신자 수: 2
[23:02:54.938] [INFO] 기존 플레이어 정보 2개가 새 클라이언트(ID: 6)에게 전송됨
[23:02:54.938] [WARNING] 비정상적으로 긴 델타 타임: 8.750000초
[23:02:54.938] [WARNING] 클라이언트 Ping 타임아웃 발생 - ID: 4
[23:02:54.938] [WARNING] 클라이언트 Ping 타임아웃 발생 - ID: 5
[23:02:54.938] [INFO] 위치 업데이트 - 클라이언트 ID: 6, 위치: X=0.000000, Y=0.000000, Z=90.000000, 속도: X=0.000000, Y=0.000000, Z=0.000000
[23:02:54.939] [INFO] 클라이언트 연결 끊김 (ID: 4)
[23:02:54.939] [INFO] 클라이언트가 정상적으로 연결 종료함 - ID: 4
[23:02:54.939] [INFO] 클라이언트 연결 끊김 알림(ID: 4) - 수신자 수: 2
[23:02:54.939] [INFO] 클라이언트 연결 끊김 (ID: 5)
[23:02:54.939] [INFO] 클라이언트가 정상적으로 연결 종료함 - ID: 5
[23:02:54.939] [INFO] 클라이언트 연결 끊김 알림(ID: 5) - 수신자 수: 1
[23:02:54.940] [WARNING] 존재하지 않는 클라이언트 ID를 제거하려고 시도: 4
[23:02:54.940] [WARNING] 존재하지 않는 클라이언트 ID를 제거하려고 시도: 5
[23:02:54.940] [INFO] 서버 FPS: 0.038742, 평균 프레임 시간: 7796.546875ms, 클라이언트 수: 1
[23:03:09.578] [INFO] 새 클라이언트에게 ID 7 전송됨
[23:03:09.579] [INFO] 초기 위치 정보 전송됨 - 클라이언트 ID: 7, 위치: X=300.000000, Y=0.000000, Z=90.000000
[23:03:09.579] [INFO] 새 플레이어 정보(ID: 7) 브로드캐스트 - 수신자 수: 1
[23:03:09.579] [INFO] 기존 플레이어 정보 1개가 새 클라이언트(ID: 7)에게 전송됨
[23:03:09.579] [WARNING] 비정상적으로 긴 델타 타임: 25.812000초
[23:03:09.579] [WARNING] 클라이언트 Ping 타임아웃 발생 - ID: 6
[23:03:09.580] [INFO] 위치 업데이트 - 클라이언트 ID: 7, 위치: X=300.000000, Y=0.000000, Z=90.000000, 속도: X=0.000000, Y=0.000000, Z=0.000000
[23:03:09.580] [INFO] 클라이언트 연결 끊김 (ID: 6)
[23:03:09.580] [INFO] 클라이언트가 정상적으로 연결 종료함 - ID: 6
[23:03:09.580] [INFO] 클라이언트 연결 끊김 알림(ID: 6) - 수신자 수: 1
[23:03:09.580] [WARNING] 존재하지 않는 클라이언트 ID를 제거하려고 시도: 6
[23:03:09.581] [INFO] 서버 FPS: 0.068301, 평균 프레임 시간: 8480.992188ms, 클라이언트 수: 1
