[19:55:56.006] [INFO] 로깅 시스템 초기화됨
[19:55:56.007] [INFO] 서버 인스턴스 생성됨
[19:55:56.007] [INFO] 서버 초기화 시작 (포트: 9000)
[19:55:56.007] [INFO] 윈속 초기화 성공
[19:55:56.009] [INFO] 리스닝 소켓 생성 성공
[19:55:56.009] [INFO] 소켓 바인딩 성공 (포트: 9000)
[19:55:56.009] [INFO] 리스닝 시작됨
[19:55:56.009] [INFO] IOCP 생성 성공
[19:55:56.009] [INFO] CPU 코어 수: 16, 생성할 작업자 스레드: 16
[19:55:56.010] [INFO] 작업자 스레드 #1 생성됨
[19:55:56.010] [INFO] 작업자 스레드 시작 (ThreadID: 30848)
[19:55:56.010] [INFO] 작업자 스레드 #2 생성됨
[19:55:56.010] [INFO] 작업자 스레드 시작 (ThreadID: 20408)
[19:55:56.011] [INFO] 작업자 스레드 #3 생성됨
[19:55:56.011] [INFO] 작업자 스레드 시작 (ThreadID: 21200)
[19:55:56.011] [INFO] 작업자 스레드 #4 생성됨
[19:55:56.012] [INFO] 작업자 스레드 시작 (ThreadID: 14192)
[19:55:56.012] [INFO] 작업자 스레드 #5 생성됨
[19:55:56.012] [INFO] 작업자 스레드 시작 (ThreadID: 27036)
[19:55:56.012] [INFO] 작업자 스레드 #6 생성됨
[19:55:56.013] [INFO] 작업자 스레드 시작 (ThreadID: 8216)
[19:55:56.013] [INFO] 작업자 스레드 #7 생성됨
[19:55:56.013] [INFO] 작업자 스레드 시작 (ThreadID: 22652)
[19:55:56.013] [INFO] 작업자 스레드 #8 생성됨
[19:55:56.014] [INFO] 작업자 스레드 시작 (ThreadID: 34712)
[19:55:56.014] [INFO] 작업자 스레드 #9 생성됨
[19:55:56.014] [INFO] 작업자 스레드 시작 (ThreadID: 33080)
[19:55:56.014] [INFO] 작업자 스레드 #10 생성됨
[19:55:56.015] [INFO] 작업자 스레드 시작 (ThreadID: 32872)
[19:55:56.015] [INFO] 작업자 스레드 #11 생성됨
[19:55:56.015] [INFO] 작업자 스레드 시작 (ThreadID: 736)
[19:55:56.016] [INFO] 작업자 스레드 #12 생성됨
[19:55:56.016] [INFO] 작업자 스레드 시작 (ThreadID: 31572)
[19:55:56.016] [INFO] 작업자 스레드 #13 생성됨
[19:55:56.016] [INFO] 작업자 스레드 시작 (ThreadID: 26204)
[19:55:56.017] [INFO] 작업자 스레드 #14 생성됨
[19:55:56.017] [INFO] 작업자 스레드 시작 (ThreadID: 436)
[19:55:56.017] [INFO] 작업자 스레드 #15 생성됨
[19:55:56.017] [INFO] 작업자 스레드 시작 (ThreadID: 32112)
[19:55:56.018] [INFO] 작업자 스레드 #16 생성됨
[19:55:56.018] [INFO] 작업자 스레드 시작 (ThreadID: 21984)
[19:55:56.018] [INFO] 서버 초기화 완료
[19:55:56.018] [INFO] 서버 실행. 포트 번호: 9000
[19:55:56.018] [INFO] IOCP 멀티플레이어 서버 시작됨...
[19:55:56.019] [INFO] 서버 실행 시작
[19:55:59.069] [INFO] 클라이언트 연결됨: 127.0.0.1:10903 (ID: 1)
[19:55:59.070] [INFO] 새 클라이언트에게 ID 1 전송됨
[19:55:59.080] [INFO] 초기 위치 정보 전송됨 - 클라이언트 ID: 1, 위치: X=300.000000, Y=300.000000, Z=300.000000
[19:55:59.080] [INFO] 새 플레이어 정보(ID: 1) 브로드캐스트 - 수신자 수: 0
[19:55:59.080] [INFO] 기존 플레이어 정보 0개가 새 클라이언트(ID: 1)에게 전송됨
[19:55:59.080] [WARNING] 잘못된 패킷 타입: 7, 클라이언트 ID: 1
[19:55:59.081] [INFO] 서버 FPS: 0.653168, 평균 프레임 시간: 306.200012ms, 클라이언트 수: 1
[19:55:59.081] [INFO] 클라이언트 연결됨: 127.0.0.1:10904 (ID: 2)
[19:55:59.082] [INFO] 새 클라이언트에게 ID 2 전송됨
[19:55:59.082] [INFO] 초기 위치 정보 전송됨 - 클라이언트 ID: 2, 위치: X=300.000000, Y=0.000000, Z=90.000000
[19:55:59.082] [INFO] 새 플레이어 정보(ID: 2) 브로드캐스트 - 수신자 수: 1
[19:55:59.082] [INFO] 기존 플레이어 정보 1개가 새 클라이언트(ID: 2)에게 전송됨
[19:55:59.082] [WARNING] 비정상적으로 긴 델타 타임: 3.062000초
[19:55:59.083] [WARNING] 잘못된 패킷 타입: 7, 클라이언트 ID: 2
[19:55:59.093] [WARNING] 잘못된 패킷 타입: 7, 클라이언트 ID: 1
[19:55:59.094] [WARNING] 잘못된 패킷 타입: 7, 클라이언트 ID: 2
[19:55:59.104] [WARNING] 잘못된 패킷 타입: 7, 클라이언트 ID: 1
[19:55:59.105] [WARNING] 잘못된 패킷 타입: 7, 클라이언트 ID: 2
[19:55:59.114] [WARNING] 잘못된 패킷 타입: 7, 클라이언트 ID: 1
[19:55:59.115] [WARNING] 잘못된 패킷 타입: 7, 클라이언트 ID: 2
[19:55:59.125] [WARNING] 잘못된 패킷 타입: 7, 클라이언트 ID: 1
[19:55:59.126] [WARNING] 잘못된 패킷 타입: 7, 클라이언트 ID: 2
[19:55:59.144] [WARNING] 잘못된 패킷 타입: 7, 클라이언트 ID: 1
[19:55:59.145] [WARNING] 잘못된 패킷 타입: 7, 클라이언트 ID: 2
[19:55:59.157] [WARNING] 잘못된 패킷 타입: 7, 클라이언트 ID: 1
[19:55:59.158] [WARNING] 잘못된 패킷 타입: 7, 클라이언트 ID: 2
[19:55:59.170] [WARNING] 잘못된 패킷 타입: 7, 클라이언트 ID: 1
[19:55:59.171] [WARNING] 잘못된 패킷 타입: 7, 클라이언트 ID: 2
[19:55:59.183] [WARNING] 잘못된 패킷 타입: 7, 클라이언트 ID: 1
[19:55:59.183] [WARNING] 잘못된 패킷 타입: 7, 클라이언트 ID: 2
[19:55:59.192] [WARNING] 잘못된 패킷 타입: 7, 클라이언트 ID: 1
[19:55:59.192] [WARNING] 잘못된 패킷 타입: 7, 클라이언트 ID: 2
[19:55:59.201] [WARNING] 잘못된 패킷 타입: 7, 클라이언트 ID: 1
[19:55:59.202] [WARNING] 잘못된 패킷 타입: 7, 클라이언트 ID: 2
[19:55:59.213] [WARNING] 잘못된 패킷 타입: 7, 클라이언트 ID: 1
[19:55:59.214] [WARNING] 잘못된 패킷 타입: 7, 클라이언트 ID: 2
[19:55:59.225] [WARNING] 잘못된 패킷 타입: 7, 클라이언트 ID: 1
[19:55:59.225] [WARNING] 잘못된 패킷 타입: 7, 클라이언트 ID: 2
[19:55:59.234] [WARNING] 잘못된 패킷 타입: 7, 클라이언트 ID: 1
[19:55:59.235] [WARNING] 잘못된 패킷 타입: 7, 클라이언트 ID: 2
[19:55:59.249] [WARNING] 잘못된 패킷 타입: 7, 클라이언트 ID: 1
[19:55:59.251] [WARNING] 잘못된 패킷 타입: 7, 클라이언트 ID: 2
[19:55:59.260] [WARNING] 잘못된 패킷 타입: 7, 클라이언트 ID: 1
[19:55:59.262] [WARNING] 잘못된 패킷 타입: 7, 클라이언트 ID: 2
[19:55:59.273] [WARNING] 잘못된 패킷 타입: 7, 클라이언트 ID: 1
[19:55:59.274] [WARNING] 잘못된 패킷 타입: 7, 클라이언트 ID: 2
[19:55:59.285] [WARNING] 잘못된 패킷 타입: 7, 클라이언트 ID: 1
[19:55:59.285] [WARNING] 잘못된 패킷 타입: 7, 클라이언트 ID: 2
[19:55:59.295] [WARNING] 잘못된 패킷 타입: 7, 클라이언트 ID: 1
[19:55:59.295] [WARNING] 잘못된 패킷 타입: 7, 클라이언트 ID: 2
[19:55:59.307] [WARNING] 잘못된 패킷 타입: 7, 클라이언트 ID: 1
[19:55:59.307] [WARNING] 잘못된 패킷 타입: 7, 클라이언트 ID: 2
[19:55:59.317] [WARNING] 잘못된 패킷 타입: 7, 클라이언트 ID: 1
[19:55:59.318] [WARNING] 잘못된 패킷 타입: 7, 클라이언트 ID: 2
[19:55:59.331] [WARNING] 잘못된 패킷 타입: 7, 클라이언트 ID: 1
[19:55:59.333] [WARNING] 잘못된 패킷 타입: 7, 클라이언트 ID: 2
[19:55:59.343] [WARNING] 잘못된 패킷 타입: 7, 클라이언트 ID: 1
[19:55:59.344] [WARNING] 잘못된 패킷 타입: 7, 클라이언트 ID: 2
[19:55:59.353] [WARNING] 잘못된 패킷 타입: 7, 클라이언트 ID: 1
[19:55:59.353] [WARNING] 잘못된 패킷 타입: 7, 클라이언트 ID: 2
[19:55:59.367] [WARNING] 잘못된 패킷 타입: 7, 클라이언트 ID: 1
[19:55:59.368] [WARNING] 잘못된 패킷 타입: 7, 클라이언트 ID: 2
[19:55:59.376] [WARNING] 잘못된 패킷 타입: 7, 클라이언트 ID: 1
[19:55:59.377] [WARNING] 잘못된 패킷 타입: 7, 클라이언트 ID: 2
[19:55:59.387] [WARNING] 잘못된 패킷 타입: 7, 클라이언트 ID: 1
[19:55:59.387] [WARNING] 잘못된 패킷 타입: 7, 클라이언트 ID: 2
[19:55:59.396] [WARNING] 잘못된 패킷 타입: 7, 클라이언트 ID: 1
[19:55:59.397] [WARNING] 잘못된 패킷 타입: 7, 클라이언트 ID: 2
[19:55:59.406] [WARNING] 잘못된 패킷 타입: 7, 클라이언트 ID: 1
[19:55:59.407] [WARNING] 잘못된 패킷 타입: 7, 클라이언트 ID: 2
[19:55:59.419] [WARNING] 잘못된 패킷 타입: 7, 클라이언트 ID: 1
[19:55:59.420] [WARNING] 잘못된 패킷 타입: 7, 클라이언트 ID: 2
[19:55:59.428] [WARNING] 잘못된 패킷 타입: 7, 클라이언트 ID: 1
[19:55:59.428] [WARNING] 잘못된 패킷 타입: 7, 클라이언트 ID: 2
[19:55:59.437] [WARNING] 잘못된 패킷 타입: 7, 클라이언트 ID: 1
[19:55:59.438] [WARNING] 잘못된 패킷 타입: 7, 클라이언트 ID: 2
[19:55:59.449] [WARNING] 잘못된 패킷 타입: 7, 클라이언트 ID: 1
[19:55:59.450] [WARNING] 잘못된 패킷 타입: 7, 클라이언트 ID: 2
[19:55:59.460] [WARNING] 잘못된 패킷 타입: 7, 클라이언트 ID: 1
[19:55:59.461] [WARNING] 잘못된 패킷 타입: 7, 클라이언트 ID: 2
[19:55:59.471] [WARNING] 잘못된 패킷 타입: 7, 클라이언트 ID: 1
[19:55:59.472] [WARNING] 잘못된 패킷 타입: 7, 클라이언트 ID: 2
[19:55:59.483] [WARNING] 잘못된 패킷 타입: 7, 클라이언트 ID: 1
[19:55:59.484] [WARNING] 잘못된 패킷 타입: 7, 클라이언트 ID: 2
[19:55:59.500] [WARNING] 잘못된 패킷 타입: 7, 클라이언트 ID: 1
[19:55:59.501] [WARNING] 잘못된 패킷 타입: 7, 클라이언트 ID: 2
[19:55:59.511] [WARNING] 잘못된 패킷 타입: 7, 클라이언트 ID: 1
[19:55:59.513] [WARNING] 잘못된 패킷 타입: 7, 클라이언트 ID: 2
[19:55:59.525] [WARNING] 잘못된 패킷 타입: 7, 클라이언트 ID: 1
[19:55:59.526] [WARNING] 잘못된 패킷 타입: 7, 클라이언트 ID: 2
[19:55:59.534] [WARNING] 잘못된 패킷 타입: 7, 클라이언트 ID: 1
[19:55:59.535] [WARNING] 잘못된 패킷 타입: 7, 클라이언트 ID: 2
[19:55:59.547] [WARNING] 잘못된 패킷 타입: 7, 클라이언트 ID: 1
[19:55:59.548] [WARNING] 잘못된 패킷 타입: 7, 클라이언트 ID: 2
[19:55:59.558] [WARNING] 잘못된 패킷 타입: 7, 클라이언트 ID: 1
[19:55:59.559] [WARNING] 잘못된 패킷 타입: 7, 클라이언트 ID: 2
[19:55:59.567] [WARNING] 잘못된 패킷 타입: 7, 클라이언트 ID: 1
[19:55:59.568] [WARNING] 잘못된 패킷 타입: 7, 클라이언트 ID: 2
[19:55:59.577] [WARNING] 잘못된 패킷 타입: 7, 클라이언트 ID: 1
[19:55:59.578] [WARNING] 잘못된 패킷 타입: 7, 클라이언트 ID: 2
[19:55:59.592] [WARNING] 잘못된 패킷 타입: 7, 클라이언트 ID: 1
[19:55:59.593] [WARNING] 잘못된 패킷 타입: 7, 클라이언트 ID: 2
[19:55:59.603] [WARNING] 잘못된 패킷 타입: 7, 클라이언트 ID: 1
[19:55:59.604] [WARNING] 잘못된 패킷 타입: 7, 클라이언트 ID: 2
[19:55:59.613] [WARNING] 잘못된 패킷 타입: 7, 클라이언트 ID: 1
[19:55:59.614] [WARNING] 잘못된 패킷 타입: 7, 클라이언트 ID: 2
[19:55:59.627] [WARNING] 잘못된 패킷 타입: 7, 클라이언트 ID: 1
[19:55:59.628] [WARNING] 잘못된 패킷 타입: 7, 클라이언트 ID: 2
[19:55:59.638] [WARNING] 잘못된 패킷 타입: 7, 클라이언트 ID: 1
[19:55:59.638] [WARNING] 잘못된 패킷 타입: 7, 클라이언트 ID: 2
[19:55:59.646] [WARNING] 잘못된 패킷 타입: 7, 클라이언트 ID: 1
[19:55:59.647] [WARNING] 잘못된 패킷 타입: 7, 클라이언트 ID: 2
[19:55:59.655] [WARNING] 잘못된 패킷 타입: 7, 클라이언트 ID: 1
[19:55:59.656] [WARNING] 잘못된 패킷 타입: 7, 클라이언트 ID: 2
[19:55:59.665] [WARNING] 잘못된 패킷 타입: 7, 클라이언트 ID: 1
[19:55:59.665] [WARNING] 잘못된 패킷 타입: 7, 클라이언트 ID: 2
[19:55:59.682] [WARNING] 잘못된 패킷 타입: 7, 클라이언트 ID: 1
[19:55:59.683] [WARNING] 잘못된 패킷 타입: 7, 클라이언트 ID: 2
[19:55:59.691] [WARNING] 잘못된 패킷 타입: 7, 클라이언트 ID: 1
[19:55:59.692] [WARNING] 잘못된 패킷 타입: 7, 클라이언트 ID: 2
[19:55:59.703] [WARNING] 잘못된 패킷 타입: 7, 클라이언트 ID: 1
[19:55:59.704] [WARNING] 잘못된 패킷 타입: 7, 클라이언트 ID: 2
[19:55:59.712] [WARNING] 잘못된 패킷 타입: 7, 클라이언트 ID: 1
[19:55:59.713] [WARNING] 잘못된 패킷 타입: 7, 클라이언트 ID: 2
[19:55:59.721] [WARNING] 잘못된 패킷 타입: 7, 클라이언트 ID: 1
[19:55:59.722] [WARNING] 잘못된 패킷 타입: 7, 클라이언트 ID: 2
[19:55:59.733] [WARNING] 잘못된 패킷 타입: 7, 클라이언트 ID: 1
[19:55:59.734] [WARNING] 잘못된 패킷 타입: 7, 클라이언트 ID: 2
[19:55:59.744] [WARNING] 잘못된 패킷 타입: 7, 클라이언트 ID: 1
[19:55:59.745] [WARNING] 잘못된 패킷 타입: 7, 클라이언트 ID: 2
[19:55:59.754] [WARNING] 잘못된 패킷 타입: 7, 클라이언트 ID: 1
[19:55:59.755] [WARNING] 잘못된 패킷 타입: 7, 클라이언트 ID: 2
[19:55:59.765] [WARNING] 잘못된 패킷 타입: 7, 클라이언트 ID: 1
[19:55:59.766] [WARNING] 잘못된 패킷 타입: 7, 클라이언트 ID: 2
[19:55:59.777] [WARNING] 잘못된 패킷 타입: 7, 클라이언트 ID: 1
[19:55:59.778] [WARNING] 잘못된 패킷 타입: 7, 클라이언트 ID: 2
[19:55:59.793] [WARNING] 잘못된 패킷 타입: 7, 클라이언트 ID: 1
[19:55:59.794] [WARNING] 잘못된 패킷 타입: 7, 클라이언트 ID: 2
[19:55:59.803] [WARNING] 잘못된 패킷 타입: 7, 클라이언트 ID: 1
[19:55:59.804] [WARNING] 잘못된 패킷 타입: 7, 클라이언트 ID: 2
[19:55:59.815] [WARNING] 잘못된 패킷 타입: 7, 클라이언트 ID: 1
[19:55:59.816] [WARNING] 잘못된 패킷 타입: 7, 클라이언트 ID: 2
[19:55:59.823] [WARNING] 잘못된 패킷 타입: 7, 클라이언트 ID: 1
[19:55:59.824] [WARNING] 잘못된 패킷 타입: 7, 클라이언트 ID: 2
[19:55:59.833] [WARNING] 잘못된 패킷 타입: 7, 클라이언트 ID: 1
[19:55:59.834] [WARNING] 잘못된 패킷 타입: 7, 클라이언트 ID: 2
[19:55:59.844] [WARNING] 잘못된 패킷 타입: 7, 클라이언트 ID: 1
[19:55:59.844] [WARNING] 잘못된 패킷 타입: 7, 클라이언트 ID: 2
[19:55:59.862] [WARNING] 잘못된 패킷 타입: 7, 클라이언트 ID: 1
[19:55:59.863] [WARNING] 잘못된 패킷 타입: 7, 클라이언트 ID: 2
[19:55:59.871] [WARNING] 잘못된 패킷 타입: 7, 클라이언트 ID: 1
[19:55:59.872] [WARNING] 잘못된 패킷 타입: 7, 클라이언트 ID: 2
[19:55:59.881] [WARNING] 잘못된 패킷 타입: 7, 클라이언트 ID: 1
[19:55:59.882] [WARNING] 잘못된 패킷 타입: 7, 클라이언트 ID: 2
[19:55:59.892] [WARNING] 잘못된 패킷 타입: 7, 클라이언트 ID: 1
[19:55:59.893] [WARNING] 잘못된 패킷 타입: 7, 클라이언트 ID: 2
[19:55:59.902] [WARNING] 잘못된 패킷 타입: 7, 클라이언트 ID: 1
[19:55:59.903] [WARNING] 잘못된 패킷 타입: 7, 클라이언트 ID: 2
[19:55:59.914] [WARNING] 잘못된 패킷 타입: 7, 클라이언트 ID: 1
[19:55:59.915] [WARNING] 잘못된 패킷 타입: 7, 클라이언트 ID: 2
[19:55:59.926] [WARNING] 잘못된 패킷 타입: 7, 클라이언트 ID: 1
[19:55:59.927] [WARNING] 잘못된 패킷 타입: 7, 클라이언트 ID: 2
[19:55:59.940] [WARNING] 잘못된 패킷 타입: 7, 클라이언트 ID: 1
[19:55:59.941] [WARNING] 잘못된 패킷 타입: 7, 클라이언트 ID: 2
[19:55:59.950] [WARNING] 잘못된 패킷 타입: 7, 클라이언트 ID: 1
[19:55:59.951] [WARNING] 잘못된 패킷 타입: 7, 클라이언트 ID: 2
[19:55:59.959] [WARNING] 잘못된 패킷 타입: 7, 클라이언트 ID: 1
[19:55:59.960] [WARNING] 잘못된 패킷 타입: 7, 클라이언트 ID: 2
[19:55:59.970] [WARNING] 잘못된 패킷 타입: 7, 클라이언트 ID: 1
[19:55:59.970] [WARNING] 잘못된 패킷 타입: 7, 클라이언트 ID: 2
[19:55:59.986] [WARNING] 잘못된 패킷 타입: 7, 클라이언트 ID: 1
[19:55:59.987] [WARNING] 잘못된 패킷 타입: 7, 클라이언트 ID: 2
[19:55:59.999] [WARNING] 잘못된 패킷 타입: 7, 클라이언트 ID: 1
[19:56:00.001] [WARNING] 잘못된 패킷 타입: 7, 클라이언트 ID: 2
[19:56:00.011] [WARNING] 잘못된 패킷 타입: 7, 클라이언트 ID: 1
[19:56:00.012] [WARNING] 잘못된 패킷 타입: 7, 클라이언트 ID: 2
[19:56:00.027] [WARNING] 잘못된 패킷 타입: 7, 클라이언트 ID: 1
[19:56:00.028] [WARNING] 잘못된 패킷 타입: 7, 클라이언트 ID: 2
[19:56:00.039] [WARNING] 잘못된 패킷 타입: 7, 클라이언트 ID: 1
[19:56:00.040] [WARNING] 잘못된 패킷 타입: 7, 클라이언트 ID: 2
[19:56:00.048] [WARNING] 잘못된 패킷 타입: 7, 클라이언트 ID: 1
[19:56:00.049] [WARNING] 잘못된 패킷 타입: 7, 클라이언트 ID: 2
[19:56:00.058] [WARNING] 잘못된 패킷 타입: 7, 클라이언트 ID: 1
[19:56:00.059] [WARNING] 잘못된 패킷 타입: 7, 클라이언트 ID: 2
[19:56:00.068] [WARNING] 잘못된 패킷 타입: 7, 클라이언트 ID: 1
[19:56:00.068] [WARNING] 잘못된 패킷 타입: 7, 클라이언트 ID: 2
[19:56:00.080] [WARNING] 잘못된 패킷 타입: 7, 클라이언트 ID: 1
[19:56:00.080] [WARNING] 잘못된 패킷 타입: 7, 클라이언트 ID: 2
[19:56:00.089] [WARNING] 잘못된 패킷 타입: 7, 클라이언트 ID: 1
[19:56:00.090] [WARNING] 잘못된 패킷 타입: 7, 클라이언트 ID: 2
[19:56:00.102] [WARNING] 잘못된 패킷 타입: 7, 클라이언트 ID: 1
[19:56:00.104] [WARNING] 잘못된 패킷 타입: 7, 클라이언트 ID: 2
[19:56:00.114] [WARNING] 잘못된 패킷 타입: 7, 클라이언트 ID: 1
[19:56:00.115] [WARNING] 잘못된 패킷 타입: 7, 클라이언트 ID: 2
[19:56:00.123] [WARNING] 잘못된 패킷 타입: 7, 클라이언트 ID: 1
[19:56:00.124] [WARNING] 잘못된 패킷 타입: 7, 클라이언트 ID: 2
[19:56:00.135] [WARNING] 잘못된 패킷 타입: 7, 클라이언트 ID: 1
[19:56:00.136] [WARNING] 잘못된 패킷 타입: 7, 클라이언트 ID: 2
[19:56:00.150] [WARNING] 잘못된 패킷 타입: 7, 클라이언트 ID: 1
[19:56:00.152] [WARNING] 잘못된 패킷 타입: 7, 클라이언트 ID: 2
[19:56:00.164] [WARNING] 잘못된 패킷 타입: 7, 클라이언트 ID: 1
[19:56:00.165] [WARNING] 잘못된 패킷 타입: 7, 클라이언트 ID: 2
[19:56:00.174] [WARNING] 잘못된 패킷 타입: 7, 클라이언트 ID: 1
[19:56:00.175] [WARNING] 잘못된 패킷 타입: 7, 클라이언트 ID: 2
[19:56:00.191] [WARNING] 잘못된 패킷 타입: 7, 클라이언트 ID: 1
[19:56:00.192] [WARNING] 잘못된 패킷 타입: 7, 클라이언트 ID: 2
[19:56:00.201] [WARNING] 잘못된 패킷 타입: 7, 클라이언트 ID: 1
[19:56:00.202] [WARNING] 잘못된 패킷 타입: 7, 클라이언트 ID: 2
[19:56:00.209] [WARNING] 잘못된 패킷 타입: 7, 클라이언트 ID: 1
[19:56:00.210] [WARNING] 잘못된 패킷 타입: 7, 클라이언트 ID: 2
[19:56:00.220] [WARNING] 잘못된 패킷 타입: 7, 클라이언트 ID: 1
[19:56:00.222] [WARNING] 잘못된 패킷 타입: 7, 클라이언트 ID: 2
[19:56:00.232] [WARNING] 잘못된 패킷 타입: 7, 클라이언트 ID: 1
[19:56:00.233] [WARNING] 잘못된 패킷 타입: 7, 클라이언트 ID: 2
[19:56:00.244] [WARNING] 잘못된 패킷 타입: 7, 클라이언트 ID: 1
[19:56:00.245] [WARNING] 잘못된 패킷 타입: 7, 클라이언트 ID: 2
[19:56:00.256] [WARNING] 잘못된 패킷 타입: 7, 클라이언트 ID: 1
[19:56:00.257] [WARNING] 잘못된 패킷 타입: 7, 클라이언트 ID: 2
[19:56:00.270] [WARNING] 잘못된 패킷 타입: 7, 클라이언트 ID: 1
[19:56:00.270] [WARNING] 잘못된 패킷 타입: 7, 클라이언트 ID: 2
[19:56:00.287] [WARNING] 잘못된 패킷 타입: 7, 클라이언트 ID: 1
[19:56:00.288] [WARNING] 잘못된 패킷 타입: 7, 클라이언트 ID: 2
[19:56:00.296] [WARNING] 잘못된 패킷 타입: 7, 클라이언트 ID: 1
[19:56:00.297] [WARNING] 잘못된 패킷 타입: 7, 클라이언트 ID: 2
[19:56:00.306] [WARNING] 잘못된 패킷 타입: 7, 클라이언트 ID: 1
[19:56:00.307] [WARNING] 잘못된 패킷 타입: 7, 클라이언트 ID: 2
[19:56:00.321] [WARNING] 잘못된 패킷 타입: 7, 클라이언트 ID: 1
[19:56:00.322] [WARNING] 잘못된 패킷 타입: 7, 클라이언트 ID: 2
[19:56:00.332] [WARNING] 잘못된 패킷 타입: 7, 클라이언트 ID: 1
[19:56:00.333] [WARNING] 잘못된 패킷 타입: 7, 클라이언트 ID: 2
[19:56:00.344] [WARNING] 잘못된 패킷 타입: 7, 클라이언트 ID: 1
[19:56:00.345] [WARNING] 잘못된 패킷 타입: 7, 클라이언트 ID: 2
[19:56:00.359] [WARNING] 잘못된 패킷 타입: 7, 클라이언트 ID: 1
[19:56:00.360] [WARNING] 잘못된 패킷 타입: 7, 클라이언트 ID: 2
[19:56:00.371] [WARNING] 잘못된 패킷 타입: 7, 클라이언트 ID: 1
[19:56:00.372] [WARNING] 잘못된 패킷 타입: 7, 클라이언트 ID: 2
[19:56:00.382] [WARNING] 잘못된 패킷 타입: 7, 클라이언트 ID: 1
[19:56:00.382] [WARNING] 잘못된 패킷 타입: 7, 클라이언트 ID: 2
[19:56:00.395] [WARNING] 잘못된 패킷 타입: 7, 클라이언트 ID: 1
[19:56:00.395] [WARNING] 잘못된 패킷 타입: 7, 클라이언트 ID: 2
[19:56:00.409] [WARNING] 잘못된 패킷 타입: 7, 클라이언트 ID: 1
[19:56:00.410] [WARNING] 잘못된 패킷 타입: 7, 클라이언트 ID: 2
[19:56:00.421] [WARNING] 잘못된 패킷 타입: 7, 클라이언트 ID: 1
[19:56:00.421] [WARNING] 잘못된 패킷 타입: 7, 클라이언트 ID: 2
[19:56:00.440] [WARNING] 잘못된 패킷 타입: 7, 클라이언트 ID: 1
[19:56:00.441] [WARNING] 잘못된 패킷 타입: 7, 클라이언트 ID: 2
[19:56:00.453] [WARNING] 잘못된 패킷 타입: 7, 클라이언트 ID: 1
[19:56:00.454] [WARNING] 잘못된 패킷 타입: 7, 클라이언트 ID: 2
[19:56:00.463] [WARNING] 잘못된 패킷 타입: 7, 클라이언트 ID: 1
[19:56:00.464] [WARNING] 잘못된 패킷 타입: 7, 클라이언트 ID: 2
[19:56:00.474] [WARNING] 잘못된 패킷 타입: 7, 클라이언트 ID: 1
[19:56:00.475] [WARNING] 잘못된 패킷 타입: 7, 클라이언트 ID: 2
[19:56:00.485] [WARNING] 잘못된 패킷 타입: 7, 클라이언트 ID: 1
[19:56:00.486] [WARNING] 잘못된 패킷 타입: 7, 클라이언트 ID: 2
[19:56:00.496] [WARNING] 잘못된 패킷 타입: 7, 클라이언트 ID: 1
[19:56:00.497] [WARNING] 잘못된 패킷 타입: 7, 클라이언트 ID: 2
[19:56:00.509] [WARNING] 잘못된 패킷 타입: 7, 클라이언트 ID: 1
[19:56:00.509] [WARNING] 잘못된 패킷 타입: 7, 클라이언트 ID: 2
[19:56:00.521] [WARNING] 잘못된 패킷 타입: 7, 클라이언트 ID: 1
[19:56:00.521] [WARNING] 잘못된 패킷 타입: 7, 클라이언트 ID: 2
[19:56:00.533] [WARNING] 잘못된 패킷 타입: 7, 클라이언트 ID: 1
[19:56:00.534] [WARNING] 잘못된 패킷 타입: 7, 클라이언트 ID: 2
[19:56:00.552] [WARNING] 잘못된 패킷 타입: 7, 클라이언트 ID: 1
[19:56:00.552] [WARNING] 잘못된 패킷 타입: 7, 클라이언트 ID: 2
[19:56:00.561] [WARNING] 잘못된 패킷 타입: 7, 클라이언트 ID: 1
[19:56:00.562] [WARNING] 잘못된 패킷 타입: 7, 클라이언트 ID: 2
[19:56:00.573] [WARNING] 잘못된 패킷 타입: 7, 클라이언트 ID: 1
[19:56:00.574] [WARNING] 잘못된 패킷 타입: 7, 클라이언트 ID: 2
[19:56:00.584] [WARNING] 잘못된 패킷 타입: 7, 클라이언트 ID: 1
[19:56:00.585] [WARNING] 잘못된 패킷 타입: 7, 클라이언트 ID: 2
[19:56:00.596] [WARNING] 잘못된 패킷 타입: 7, 클라이언트 ID: 1
[19:56:00.596] [WARNING] 잘못된 패킷 타입: 7, 클라이언트 ID: 2
[19:56:00.609] [WARNING] 잘못된 패킷 타입: 7, 클라이언트 ID: 1
[19:56:00.609] [WARNING] 잘못된 패킷 타입: 7, 클라이언트 ID: 2
[19:56:00.621] [WARNING] 잘못된 패킷 타입: 7, 클라이언트 ID: 1
[19:56:00.622] [WARNING] 잘못된 패킷 타입: 7, 클라이언트 ID: 2
[19:56:00.633] [WARNING] 잘못된 패킷 타입: 7, 클라이언트 ID: 1
[19:56:00.634] [WARNING] 잘못된 패킷 타입: 7, 클라이언트 ID: 2
[19:56:00.647] [WARNING] 잘못된 패킷 타입: 7, 클라이언트 ID: 1
[19:56:00.648] [WARNING] 잘못된 패킷 타입: 7, 클라이언트 ID: 2
[19:56:00.662] [WARNING] 잘못된 패킷 타입: 7, 클라이언트 ID: 1
[19:56:00.662] [WARNING] 잘못된 패킷 타입: 7, 클라이언트 ID: 2
[19:56:00.672] [WARNING] 잘못된 패킷 타입: 7, 클라이언트 ID: 1
[19:56:00.673] [WARNING] 잘못된 패킷 타입: 7, 클라이언트 ID: 2
[19:56:00.691] [WARNING] 잘못된 패킷 타입: 7, 클라이언트 ID: 1
[19:56:00.692] [WARNING] 잘못된 패킷 타입: 7, 클라이언트 ID: 2
[19:56:00.700] [WARNING] 잘못된 패킷 타입: 7, 클라이언트 ID: 1
[19:56:00.701] [WARNING] 잘못된 패킷 타입: 7, 클라이언트 ID: 2
[19:56:00.710] [WARNING] 잘못된 패킷 타입: 7, 클라이언트 ID: 1
[19:56:00.711] [WARNING] 잘못된 패킷 타입: 7, 클라이언트 ID: 2
[19:56:00.723] [WARNING] 잘못된 패킷 타입: 7, 클라이언트 ID: 1
[19:56:00.723] [WARNING] 잘못된 패킷 타입: 7, 클라이언트 ID: 2
[19:56:00.735] [WARNING] 잘못된 패킷 타입: 7, 클라이언트 ID: 1
[19:56:00.736] [WARNING] 잘못된 패킷 타입: 7, 클라이언트 ID: 2
[19:56:00.748] [WARNING] 잘못된 패킷 타입: 7, 클라이언트 ID: 1
[19:56:00.749] [WARNING] 잘못된 패킷 타입: 7, 클라이언트 ID: 2
[19:56:00.768] [WARNING] 잘못된 패킷 타입: 7, 클라이언트 ID: 1
[19:56:00.769] [WARNING] 잘못된 패킷 타입: 7, 클라이언트 ID: 2
[19:56:00.778] [WARNING] 잘못된 패킷 타입: 7, 클라이언트 ID: 1
[19:56:00.779] [WARNING] 잘못된 패킷 타입: 7, 클라이언트 ID: 2
[19:56:00.788] [WARNING] 잘못된 패킷 타입: 7, 클라이언트 ID: 1
[19:56:00.789] [WARNING] 잘못된 패킷 타입: 7, 클라이언트 ID: 2
[19:56:00.807] [WARNING] 잘못된 패킷 타입: 7, 클라이언트 ID: 1
[19:56:00.808] [WARNING] 잘못된 패킷 타입: 7, 클라이언트 ID: 2
[19:56:00.825] [WARNING] 잘못된 패킷 타입: 7, 클라이언트 ID: 1
[19:56:00.826] [WARNING] 잘못된 패킷 타입: 7, 클라이언트 ID: 2
[19:56:00.836] [WARNING] 잘못된 패킷 타입: 7, 클라이언트 ID: 1
[19:56:00.837] [WARNING] 잘못된 패킷 타입: 7, 클라이언트 ID: 2
[19:56:00.849] [WARNING] 잘못된 패킷 타입: 7, 클라이언트 ID: 1
[19:56:00.850] [WARNING] 잘못된 패킷 타입: 7, 클라이언트 ID: 2
[19:56:00.857] [WARNING] 잘못된 패킷 타입: 7, 클라이언트 ID: 1
[19:56:00.858] [WARNING] 잘못된 패킷 타입: 7, 클라이언트 ID: 2
[19:56:00.866] [WARNING] 잘못된 패킷 타입: 7, 클라이언트 ID: 1
[19:56:00.867] [WARNING] 잘못된 패킷 타입: 7, 클라이언트 ID: 2
[19:56:00.878] [WARNING] 잘못된 패킷 타입: 7, 클라이언트 ID: 1
[19:56:00.878] [WARNING] 잘못된 패킷 타입: 7, 클라이언트 ID: 2
[19:56:00.894] [WARNING] 잘못된 패킷 타입: 7, 클라이언트 ID: 1
[19:56:00.895] [WARNING] 잘못된 패킷 타입: 7, 클라이언트 ID: 2
[19:56:00.903] [WARNING] 잘못된 패킷 타입: 7, 클라이언트 ID: 1
[19:56:00.904] [WARNING] 잘못된 패킷 타입: 7, 클라이언트 ID: 2
[19:56:00.912] [WARNING] 잘못된 패킷 타입: 7, 클라이언트 ID: 1
[19:56:00.913] [WARNING] 잘못된 패킷 타입: 7, 클라이언트 ID: 2
[19:56:00.923] [WARNING] 잘못된 패킷 타입: 7, 클라이언트 ID: 1
[19:56:00.924] [WARNING] 잘못된 패킷 타입: 7, 클라이언트 ID: 2
[19:56:00.936] [WARNING] 잘못된 패킷 타입: 7, 클라이언트 ID: 1
[19:56:00.937] [WARNING] 잘못된 패킷 타입: 7, 클라이언트 ID: 2
[19:56:00.945] [WARNING] 잘못된 패킷 타입: 7, 클라이언트 ID: 1
[19:56:00.946] [WARNING] 잘못된 패킷 타입: 7, 클라이언트 ID: 2
[19:56:00.956] [WARNING] 잘못된 패킷 타입: 7, 클라이언트 ID: 1
[19:56:00.957] [WARNING] 잘못된 패킷 타입: 7, 클라이언트 ID: 2
[19:56:00.969] [WARNING] 잘못된 패킷 타입: 7, 클라이언트 ID: 1
[19:56:00.969] [WARNING] 잘못된 패킷 타입: 7, 클라이언트 ID: 2
[19:56:00.979] [WARNING] 잘못된 패킷 타입: 7, 클라이언트 ID: 1
[19:56:00.979] [WARNING] 잘못된 패킷 타입: 7, 클라이언트 ID: 2
[19:56:00.992] [WARNING] 잘못된 패킷 타입: 7, 클라이언트 ID: 1
[19:56:00.993] [WARNING] 잘못된 패킷 타입: 7, 클라이언트 ID: 2
[19:56:01.004] [WARNING] 잘못된 패킷 타입: 7, 클라이언트 ID: 1
[19:56:01.005] [WARNING] 잘못된 패킷 타입: 7, 클라이언트 ID: 2
[19:56:01.013] [WARNING] 잘못된 패킷 타입: 7, 클라이언트 ID: 1
[19:56:01.014] [WARNING] 잘못된 패킷 타입: 7, 클라이언트 ID: 2
[19:56:01.024] [WARNING] 잘못된 패킷 타입: 7, 클라이언트 ID: 1
[19:56:01.024] [WARNING] 잘못된 패킷 타입: 7, 클라이언트 ID: 2
[19:56:01.035] [WARNING] 잘못된 패킷 타입: 7, 클라이언트 ID: 1
[19:56:01.036] [WARNING] 잘못된 패킷 타입: 7, 클라이언트 ID: 2
[19:56:01.053] [WARNING] 잘못된 패킷 타입: 7, 클라이언트 ID: 1
[19:56:01.053] [WARNING] 잘못된 패킷 타입: 7, 클라이언트 ID: 2
[19:56:01.066] [WARNING] 잘못된 패킷 타입: 7, 클라이언트 ID: 1
[19:56:01.067] [WARNING] 잘못된 패킷 타입: 7, 클라이언트 ID: 2
[19:56:01.075] [WARNING] 잘못된 패킷 타입: 7, 클라이언트 ID: 1
[19:56:01.076] [WARNING] 잘못된 패킷 타입: 7, 클라이언트 ID: 2
[19:56:01.086] [WARNING] 잘못된 패킷 타입: 7, 클라이언트 ID: 1
[19:56:01.086] [WARNING] 잘못된 패킷 타입: 7, 클라이언트 ID: 2
[19:56:01.098] [WARNING] 잘못된 패킷 타입: 7, 클라이언트 ID: 1
[19:56:01.099] [WARNING] 잘못된 패킷 타입: 7, 클라이언트 ID: 2
[19:56:01.108] [WARNING] 잘못된 패킷 타입: 7, 클라이언트 ID: 1
[19:56:01.109] [WARNING] 잘못된 패킷 타입: 7, 클라이언트 ID: 2
[19:56:01.119] [WARNING] 잘못된 패킷 타입: 7, 클라이언트 ID: 1
[19:56:01.120] [WARNING] 잘못된 패킷 타입: 7, 클라이언트 ID: 2
[19:56:01.130] [WARNING] 잘못된 패킷 타입: 7, 클라이언트 ID: 1
[19:56:01.131] [WARNING] 잘못된 패킷 타입: 7, 클라이언트 ID: 2
[19:56:01.141] [WARNING] 잘못된 패킷 타입: 7, 클라이언트 ID: 1
[19:56:01.142] [WARNING] 잘못된 패킷 타입: 7, 클라이언트 ID: 2
[19:56:01.153] [WARNING] 잘못된 패킷 타입: 7, 클라이언트 ID: 1
[19:56:01.154] [WARNING] 잘못된 패킷 타입: 7, 클라이언트 ID: 2
[19:56:01.163] [WARNING] 잘못된 패킷 타입: 7, 클라이언트 ID: 1
[19:56:01.164] [WARNING] 잘못된 패킷 타입: 7, 클라이언트 ID: 2
[19:56:01.174] [WARNING] 잘못된 패킷 타입: 7, 클라이언트 ID: 1
[19:56:01.175] [WARNING] 잘못된 패킷 타입: 7, 클라이언트 ID: 2
[19:56:01.187] [WARNING] 잘못된 패킷 타입: 7, 클라이언트 ID: 1
[19:56:01.188] [WARNING] 잘못된 패킷 타입: 7, 클라이언트 ID: 2
[19:56:01.197] [WARNING] 잘못된 패킷 타입: 7, 클라이언트 ID: 1
[19:56:01.199] [WARNING] 잘못된 패킷 타입: 7, 클라이언트 ID: 2
[19:56:01.208] [WARNING] 잘못된 패킷 타입: 7, 클라이언트 ID: 1
[19:56:01.209] [WARNING] 잘못된 패킷 타입: 7, 클라이언트 ID: 2
[19:56:01.219] [WARNING] 잘못된 패킷 타입: 7, 클라이언트 ID: 1
[19:56:01.220] [WARNING] 잘못된 패킷 타입: 7, 클라이언트 ID: 2
[19:56:01.231] [WARNING] 잘못된 패킷 타입: 7, 클라이언트 ID: 1
[19:56:01.231] [WARNING] 잘못된 패킷 타입: 7, 클라이언트 ID: 2
[19:56:01.241] [WARNING] 잘못된 패킷 타입: 7, 클라이언트 ID: 1
[19:56:01.242] [WARNING] 잘못된 패킷 타입: 7, 클라이언트 ID: 2
[19:56:01.253] [WARNING] 잘못된 패킷 타입: 7, 클라이언트 ID: 1
[19:56:01.254] [WARNING] 잘못된 패킷 타입: 7, 클라이언트 ID: 2
[19:56:01.264] [WARNING] 잘못된 패킷 타입: 7, 클라이언트 ID: 1
[19:56:01.265] [WARNING] 잘못된 패킷 타입: 7, 클라이언트 ID: 2
[19:56:01.276] [WARNING] 잘못된 패킷 타입: 7, 클라이언트 ID: 1
[19:56:01.277] [WARNING] 잘못된 패킷 타입: 7, 클라이언트 ID: 2
[19:56:01.294] [WARNING] 잘못된 패킷 타입: 7, 클라이언트 ID: 1
[19:56:01.294] [WARNING] 잘못된 패킷 타입: 7, 클라이언트 ID: 2
[19:56:01.307] [WARNING] 잘못된 패킷 타입: 7, 클라이언트 ID: 1
[19:56:01.307] [WARNING] 잘못된 패킷 타입: 7, 클라이언트 ID: 2
[19:56:01.316] [WARNING] 잘못된 패킷 타입: 7, 클라이언트 ID: 1
[19:56:01.317] [WARNING] 잘못된 패킷 타입: 7, 클라이언트 ID: 2
[19:56:01.325] [WARNING] 잘못된 패킷 타입: 7, 클라이언트 ID: 1
[19:56:01.325] [WARNING] 잘못된 패킷 타입: 7, 클라이언트 ID: 2
[19:56:01.337] [WARNING] 잘못된 패킷 타입: 7, 클라이언트 ID: 1
[19:56:01.337] [WARNING] 잘못된 패킷 타입: 7, 클라이언트 ID: 2
[19:56:01.348] [WARNING] 잘못된 패킷 타입: 7, 클라이언트 ID: 1
[19:56:01.348] [WARNING] 잘못된 패킷 타입: 7, 클라이언트 ID: 2
[19:56:01.359] [WARNING] 잘못된 패킷 타입: 7, 클라이언트 ID: 1
[19:56:01.359] [WARNING] 잘못된 패킷 타입: 7, 클라이언트 ID: 2
[19:56:01.370] [WARNING] 잘못된 패킷 타입: 7, 클라이언트 ID: 1
[19:56:01.371] [WARNING] 잘못된 패킷 타입: 7, 클라이언트 ID: 2
[19:56:01.388] [WARNING] 잘못된 패킷 타입: 7, 클라이언트 ID: 1
[19:56:01.389] [WARNING] 잘못된 패킷 타입: 7, 클라이언트 ID: 2
[19:56:01.397] [WARNING] 잘못된 패킷 타입: 7, 클라이언트 ID: 1
[19:56:01.398] [WARNING] 잘못된 패킷 타입: 7, 클라이언트 ID: 2
[19:56:01.406] [WARNING] 잘못된 패킷 타입: 7, 클라이언트 ID: 1
[19:56:01.407] [WARNING] 잘못된 패킷 타입: 7, 클라이언트 ID: 2
[19:56:01.416] [WARNING] 잘못된 패킷 타입: 7, 클라이언트 ID: 1
[19:56:01.417] [WARNING] 잘못된 패킷 타입: 7, 클라이언트 ID: 2
[19:56:01.429] [WARNING] 잘못된 패킷 타입: 7, 클라이언트 ID: 1
[19:56:01.430] [WARNING] 잘못된 패킷 타입: 7, 클라이언트 ID: 2
[19:56:01.440] [WARNING] 잘못된 패킷 타입: 7, 클라이언트 ID: 1
[19:56:01.441] [WARNING] 잘못된 패킷 타입: 7, 클라이언트 ID: 2
[19:56:01.456] [WARNING] 잘못된 패킷 타입: 7, 클라이언트 ID: 1
[19:56:01.457] [WARNING] 잘못된 패킷 타입: 7, 클라이언트 ID: 2
[19:56:01.466] [WARNING] 잘못된 패킷 타입: 7, 클라이언트 ID: 1
[19:56:01.467] [WARNING] 잘못된 패킷 타입: 7, 클라이언트 ID: 2
[19:56:01.476] [WARNING] 잘못된 패킷 타입: 7, 클라이언트 ID: 1
[19:56:01.477] [WARNING] 잘못된 패킷 타입: 7, 클라이언트 ID: 2
[19:56:01.488] [WARNING] 잘못된 패킷 타입: 7, 클라이언트 ID: 1
[19:56:01.488] [WARNING] 잘못된 패킷 타입: 7, 클라이언트 ID: 2
[19:56:01.497] [WARNING] 잘못된 패킷 타입: 7, 클라이언트 ID: 1
[19:56:01.498] [WARNING] 잘못된 패킷 타입: 7, 클라이언트 ID: 2
[19:56:01.517] [WARNING] 잘못된 패킷 타입: 7, 클라이언트 ID: 1
[19:56:01.518] [WARNING] 잘못된 패킷 타입: 7, 클라이언트 ID: 2
[19:56:01.527] [WARNING] 잘못된 패킷 타입: 7, 클라이언트 ID: 1
[19:56:01.528] [WARNING] 잘못된 패킷 타입: 7, 클라이언트 ID: 2
[19:56:01.539] [WARNING] 잘못된 패킷 타입: 7, 클라이언트 ID: 1
[19:56:01.539] [WARNING] 잘못된 패킷 타입: 7, 클라이언트 ID: 2
[19:56:01.550] [WARNING] 잘못된 패킷 타입: 7, 클라이언트 ID: 1
[19:56:01.551] [WARNING] 잘못된 패킷 타입: 7, 클라이언트 ID: 2
[19:56:01.564] [WARNING] 잘못된 패킷 타입: 7, 클라이언트 ID: 1
[19:56:01.565] [WARNING] 잘못된 패킷 타입: 7, 클라이언트 ID: 2
[19:56:01.574] [WARNING] 잘못된 패킷 타입: 7, 클라이언트 ID: 1
[19:56:01.575] [WARNING] 잘못된 패킷 타입: 7, 클라이언트 ID: 2
[19:56:01.592] [WARNING] 잘못된 패킷 타입: 7, 클라이언트 ID: 1
[19:56:01.593] [WARNING] 잘못된 패킷 타입: 7, 클라이언트 ID: 2
