[00:32:02.344] [INFO] 로깅 시스템 초기화됨
[00:32:02.344] [INFO] 서버 인스턴스 생성됨
[00:32:02.344] [INFO] 서버 초기화 시작 (포트: 9000)
[00:32:02.345] [INFO] 윈속 초기화 성공
[00:32:02.345] [INFO] 리스닝 소켓 생성 성공
[00:32:02.345] [INFO] 소켓 바인딩 성공 (포트: 9000)
[00:32:02.345] [INFO] 리스닝 시작됨
[00:32:02.346] [INFO] IOCP 생성 성공
[00:32:02.346] [INFO] CPU 코어 수: 16, 생성할 작업자 스레드: 16
[00:32:02.346] [INFO] 작업자 스레드 #1 생성됨
[00:32:02.346] [INFO] 작업자 스레드 시작 (ThreadID: 22264)
[00:32:02.346] [INFO] 작업자 스레드 #2 생성됨
[00:32:02.346] [INFO] 작업자 스레드 시작 (ThreadID: 28112)
[00:32:02.347] [INFO] 작업자 스레드 #3 생성됨
[00:32:02.347] [INFO] 작업자 스레드 시작 (ThreadID: 26960)
[00:32:02.347] [INFO] 작업자 스레드 #4 생성됨
[00:32:02.347] [INFO] 작업자 스레드 시작 (ThreadID: 20940)
[00:32:02.347] [INFO] 작업자 스레드 #5 생성됨
[00:32:02.348] [INFO] 작업자 스레드 시작 (ThreadID: 8636)
[00:32:02.348] [INFO] 작업자 스레드 #6 생성됨
[00:32:02.348] [INFO] 작업자 스레드 시작 (ThreadID: 25984)
[00:32:02.348] [INFO] 작업자 스레드 #7 생성됨
[00:32:02.348] [INFO] 작업자 스레드 시작 (ThreadID: 27368)
[00:32:02.348] [INFO] 작업자 스레드 #8 생성됨
[00:32:02.349] [INFO] 작업자 스레드 시작 (ThreadID: 2676)
[00:32:02.349] [INFO] 작업자 스레드 #9 생성됨
[00:32:02.349] [INFO] 작업자 스레드 시작 (ThreadID: 14140)
[00:32:02.349] [INFO] 작업자 스레드 #10 생성됨
[00:32:02.349] [INFO] 작업자 스레드 시작 (ThreadID: 7512)
[00:32:02.349] [INFO] 작업자 스레드 #11 생성됨
[00:32:02.349] [INFO] 작업자 스레드 시작 (ThreadID: 33556)
[00:32:02.350] [INFO] 작업자 스레드 #12 생성됨
[00:32:02.350] [INFO] 작업자 스레드 시작 (ThreadID: 8136)
[00:32:02.350] [INFO] 작업자 스레드 #13 생성됨
[00:32:02.350] [INFO] 작업자 스레드 시작 (ThreadID: 3456)
[00:32:02.350] [INFO] 작업자 스레드 #14 생성됨
[00:32:02.350] [INFO] 작업자 스레드 시작 (ThreadID: 32280)
[00:32:02.350] [INFO] 작업자 스레드 #15 생성됨
[00:32:02.351] [INFO] 작업자 스레드 시작 (ThreadID: 16244)
[00:32:02.351] [INFO] 작업자 스레드 #16 생성됨
[00:32:02.351] [INFO] 작업자 스레드 시작 (ThreadID: 6148)
[00:32:02.351] [INFO] 서버 초기화 완료
[00:32:02.351] [INFO] 서버 실행. 포트 번호: 9000
[00:32:02.351] [INFO] IOCP 멀티플레이어 서버 시작됨...
[00:32:02.351] [INFO] 서버 실행 시작
[00:32:08.972] [INFO] 새 클라이언트에게 ID 1 전송됨
[00:32:08.973] [INFO] 초기 위치 정보 전송됨 - 클라이언트 ID: 1, 위치: X=0.000000, Y=0.000000, Z=90.000000
[00:32:08.973] [INFO] 새 플레이어 정보(ID: 1) 브로드캐스트 - 수신자 수: 0
[00:32:08.973] [INFO] 기존 플레이어 정보 0개가 새 클라이언트(ID: 1)에게 전송됨
[00:32:08.974] [INFO] 위치 업데이트 - 클라이언트 ID: 1, 위치: X=0.000000, Y=0.000000, Z=90.000000, 속도: X=0.000000, Y=0.000000, Z=0.000000
[00:32:08.974] [INFO] 서버 FPS: 0.301887, 평균 프레임 시간: 662.500000ms, 클라이언트 수: 1
[00:33:49.917] [INFO] 새 클라이언트에게 ID 2 전송됨
[00:33:49.918] [INFO] 초기 위치 정보 전송됨 - 클라이언트 ID: 2, 위치: X=300.000000, Y=0.000000, Z=90.000000
[00:33:49.918] [INFO] 새 플레이어 정보(ID: 2) 브로드캐스트 - 수신자 수: 1
[00:33:49.918] [INFO] 기존 플레이어 정보 1개가 새 클라이언트(ID: 2)에게 전송됨
[00:33:49.919] [WARNING] 비정상적으로 긴 델타 타임: 6.625000초
[00:33:49.919] [WARNING] 클라이언트 Ping 타임아웃 발생 - ID: 1
[00:33:49.919] [INFO] 위치 업데이트 - 클라이언트 ID: 2, 위치: X=300.000000, Y=0.000000, Z=90.000000, 속도: X=0.000000, Y=0.000000, Z=0.000000
[00:33:49.919] [INFO] 클라이언트 연결 끊김 (ID: 1)
[00:33:49.919] [INFO] 클라이언트가 정상적으로 연결 종료함 - ID: 1
[00:33:49.920] [INFO] 클라이언트 연결 끊김 알림(ID: 1) - 수신자 수: 1
[00:33:49.920] [WARNING] 존재하지 않는 클라이언트 ID를 제거하려고 시도: 1
[00:33:49.920] [INFO] 서버 FPS: 0.009906, 평균 프레임 시간: 10691.549805ms, 클라이언트 수: 1
