[15:09:49.738] [INFO] 로깅 시스템 초기화됨
[15:09:49.739] [INFO] 서버 인스턴스 생성됨
[15:09:49.739] [INFO] 서버 초기화 시작 (포트: 9000)
[15:09:49.740] [INFO] 윈속 초기화 성공
[15:09:49.740] [INFO] 리스닝 소켓 생성 성공
[15:09:49.741] [INFO] 소켓 바인딩 성공 (포트: 9000)
[15:09:49.741] [INFO] 리스닝 시작됨
[15:09:49.741] [INFO] IOCP 생성 성공
[15:09:49.741] [INFO] CPU 코어 수: 16, 생성할 작업자 스레드: 16
[15:09:49.741] [INFO] 작업자 스레드 #1 생성됨
[15:09:49.742] [INFO] 작업자 스레드 시작 (ThreadID: 15924)
[15:09:49.742] [INFO] 작업자 스레드 #2 생성됨
[15:09:49.742] [INFO] 작업자 스레드 시작 (ThreadID: 27464)
[15:09:49.742] [INFO] 작업자 스레드 #3 생성됨
[15:09:49.742] [INFO] 작업자 스레드 시작 (ThreadID: 3516)
[15:09:49.743] [INFO] 작업자 스레드 #4 생성됨
[15:09:49.743] [INFO] 작업자 스레드 시작 (ThreadID: 30312)
[15:09:49.743] [INFO] 작업자 스레드 #5 생성됨
[15:09:49.743] [INFO] 작업자 스레드 시작 (ThreadID: 32500)
[15:09:49.743] [INFO] 작업자 스레드 #6 생성됨
[15:09:49.744] [INFO] 작업자 스레드 시작 (ThreadID: 22600)
[15:09:49.744] [INFO] 작업자 스레드 #7 생성됨
[15:09:49.744] [INFO] 작업자 스레드 시작 (ThreadID: 30004)
[15:09:49.744] [INFO] 작업자 스레드 #8 생성됨
[15:09:49.744] [INFO] 작업자 스레드 시작 (ThreadID: 32208)
[15:09:49.745] [INFO] 작업자 스레드 #9 생성됨
[15:09:49.745] [INFO] 작업자 스레드 시작 (ThreadID: 23908)
[15:09:49.745] [INFO] 작업자 스레드 #10 생성됨
[15:09:49.745] [INFO] 작업자 스레드 시작 (ThreadID: 31388)
[15:09:49.745] [INFO] 작업자 스레드 #11 생성됨
[15:09:49.745] [INFO] 작업자 스레드 시작 (ThreadID: 25412)
[15:09:49.746] [INFO] 작업자 스레드 #12 생성됨
[15:09:49.746] [INFO] 작업자 스레드 시작 (ThreadID: 15664)
[15:09:49.746] [INFO] 작업자 스레드 #13 생성됨
[15:09:49.746] [INFO] 작업자 스레드 시작 (ThreadID: 23596)
[15:09:49.746] [INFO] 작업자 스레드 #14 생성됨
[15:09:49.747] [INFO] 작업자 스레드 시작 (ThreadID: 25328)
[15:09:49.747] [INFO] 작업자 스레드 #15 생성됨
[15:09:49.747] [INFO] 작업자 스레드 시작 (ThreadID: 22064)
[15:09:49.747] [INFO] 작업자 스레드 #16 생성됨
[15:09:49.747] [INFO] 작업자 스레드 시작 (ThreadID: 28664)
[15:09:49.747] [INFO] 서버 초기화 완료
[15:09:49.748] [INFO] 서버 실행. 포트 번호: 9000
[15:09:49.748] [INFO] IOCP 멀티플레이어 서버 시작됨...
[15:09:49.748] [INFO] 서버 실행 시작
