[03:41:39.675] [INFO] 로깅 시스템 초기화됨
[03:41:39.675] [INFO] 서버 인스턴스 생성됨
[03:41:39.675] [INFO] 서버 초기화 시작 (포트: 9000)
[03:41:39.676] [INFO] 윈속 초기화 성공
[03:41:39.678] [INFO] 리스닝 소켓 생성 성공
[03:41:39.678] [INFO] 소켓 바인딩 성공 (포트: 9000)
[03:41:39.678] [INFO] 리스닝 시작됨
[03:41:39.678] [INFO] IOCP 생성 성공
[03:41:39.678] [INFO] CPU 코어 수: 16, 생성할 작업자 스레드: 32
[03:41:39.678] [INFO] 작업자 스레드 #1 생성됨
[03:41:39.679] [INFO] 작업자 스레드 시작 (ThreadID: 30568)
[03:41:39.679] [INFO] 작업자 스레드 #2 생성됨
[03:41:39.679] [INFO] 작업자 스레드 시작 (ThreadID: 11628)
[03:41:39.680] [INFO] 작업자 스레드 #3 생성됨
[03:41:39.680] [INFO] 작업자 스레드 시작 (ThreadID: 25432)
[03:41:39.680] [INFO] 작업자 스레드 #4 생성됨
[03:41:39.680] [INFO] 작업자 스레드 시작 (ThreadID: 34472)
[03:41:39.681] [INFO] 작업자 스레드 #5 생성됨
[03:41:39.681] [INFO] 작업자 스레드 시작 (ThreadID: 26552)
[03:41:39.681] [INFO] 작업자 스레드 #6 생성됨
[03:41:39.681] [INFO] 작업자 스레드 시작 (ThreadID: 37208)
[03:41:39.681] [INFO] 작업자 스레드 #7 생성됨
[03:41:39.681] [INFO] 작업자 스레드 시작 (ThreadID: 27704)
[03:41:39.682] [INFO] 작업자 스레드 #8 생성됨
[03:41:39.682] [INFO] 작업자 스레드 시작 (ThreadID: 35444)
[03:41:39.682] [INFO] 작업자 스레드 #9 생성됨
[03:41:39.682] [INFO] 작업자 스레드 시작 (ThreadID: 6416)
[03:41:39.683] [INFO] 작업자 스레드 #10 생성됨
[03:41:39.683] [INFO] 작업자 스레드 시작 (ThreadID: 25908)
[03:41:39.683] [INFO] 작업자 스레드 #11 생성됨
[03:41:39.683] [INFO] 작업자 스레드 시작 (ThreadID: 37592)
[03:41:39.684] [INFO] 작업자 스레드 #12 생성됨
[03:41:39.684] [INFO] 작업자 스레드 시작 (ThreadID: 37612)
[03:41:39.684] [INFO] 작업자 스레드 #13 생성됨
[03:41:39.684] [INFO] 작업자 스레드 시작 (ThreadID: 22852)
[03:41:39.685] [INFO] 작업자 스레드 #14 생성됨
[03:41:39.685] [INFO] 작업자 스레드 시작 (ThreadID: 32732)
[03:41:39.685] [INFO] 작업자 스레드 #15 생성됨
[03:41:39.685] [INFO] 작업자 스레드 시작 (ThreadID: 36348)
[03:41:39.686] [INFO] 작업자 스레드 #16 생성됨
[03:41:39.686] [INFO] 작업자 스레드 시작 (ThreadID: 29496)
[03:41:39.686] [INFO] 작업자 스레드 #17 생성됨
[03:41:39.686] [INFO] 작업자 스레드 시작 (ThreadID: 29212)
[03:41:39.687] [INFO] 작업자 스레드 #18 생성됨
[03:41:39.687] [INFO] 작업자 스레드 시작 (ThreadID: 31016)
[03:41:39.687] [INFO] 작업자 스레드 #19 생성됨
[03:41:39.687] [INFO] 작업자 스레드 시작 (ThreadID: 32368)
[03:41:39.688] [INFO] 작업자 스레드 #20 생성됨
[03:41:39.688] [INFO] 작업자 스레드 시작 (ThreadID: 37600)
[03:41:39.688] [INFO] 작업자 스레드 #21 생성됨
[03:41:39.688] [INFO] 작업자 스레드 시작 (ThreadID: 36888)
[03:41:39.689] [INFO] 작업자 스레드 #22 생성됨
[03:41:39.689] [INFO] 작업자 스레드 시작 (ThreadID: 25484)
[03:41:39.689] [INFO] 작업자 스레드 #23 생성됨
[03:41:39.689] [INFO] 작업자 스레드 시작 (ThreadID: 5004)
[03:41:39.690] [INFO] 작업자 스레드 #24 생성됨
[03:41:39.690] [INFO] 작업자 스레드 시작 (ThreadID: 32804)
[03:41:39.690] [INFO] 작업자 스레드 #25 생성됨
[03:41:39.690] [INFO] 작업자 스레드 시작 (ThreadID: 36464)
[03:41:39.691] [INFO] 작업자 스레드 #26 생성됨
[03:41:39.691] [INFO] 작업자 스레드 시작 (ThreadID: 28452)
[03:41:39.691] [INFO] 작업자 스레드 #27 생성됨
[03:41:39.691] [INFO] 작업자 스레드 시작 (ThreadID: 23908)
[03:41:39.692] [INFO] 작업자 스레드 #28 생성됨
[03:41:39.692] [INFO] 작업자 스레드 시작 (ThreadID: 12840)
[03:41:39.692] [INFO] 작업자 스레드 #29 생성됨
[03:41:39.692] [INFO] 작업자 스레드 시작 (ThreadID: 35628)
[03:41:39.693] [INFO] 작업자 스레드 #30 생성됨
[03:41:39.693] [INFO] 작업자 스레드 시작 (ThreadID: 26800)
[03:41:39.693] [INFO] 작업자 스레드 #31 생성됨
[03:41:39.693] [INFO] 작업자 스레드 시작 (ThreadID: 26720)
[03:41:39.693] [INFO] 작업자 스레드 #32 생성됨
[03:41:39.694] [INFO] 작업자 스레드 시작 (ThreadID: 20484)
[03:41:39.694] [INFO] 서버 초기화 완료
[03:41:39.694] [INFO] 서버 실행. 포트 번호: 9000
[03:41:39.694] [INFO] IOCP 멀티플레이어 서버 시작됨...
[03:41:39.694] [INFO] 서버 실행 시작
[03:41:43.033] [INFO] 클라이언트 연결됨: 127.0.0.1:7434 (ID: 1)
[03:41:43.033] [INFO] 새 클라이언트에게 ID 1 전송됨
[03:41:43.033] [INFO] 새 플레이어 정보(ID: 1) 브로드캐스트 - 수신자 수: 0
[03:41:43.033] [INFO] 기존 플레이어 정보 0개가 새 클라이언트(ID: 1)에게 전송됨
[03:41:43.034] [INFO] [서버] BroadcastPosition 준비 완료 - ClientId: 1, distMoved: 90.000000, State: 0, TimeSinceLastUpdate: 0.000000
[03:41:43.034] [INFO] [서버] BroadcastPosition 호출 - ClientId: 1, Position: (0.000000, 0.000000, 90.000000)
[03:41:43.034] [INFO] 서버 FPS: 0.598086, 평균 프레임 시간: 334.399994ms, 클라이언트 수: 1
[03:41:43.034] [INFO] 클라이언트 연결됨: 127.0.0.1:7435 (ID: 2)
[03:41:43.034] [INFO] 새 클라이언트에게 ID 2 전송됨
[03:41:43.035] [INFO] 새 플레이어 정보(ID: 2) 브로드캐스트 - 수신자 수: 1
[03:41:43.035] [INFO] 기존 플레이어 정보 1개가 새 클라이언트(ID: 2)에게 전송됨
[03:41:43.035] [WARNING] 비정상적으로 긴 델타 타임: 3.344000초
[03:41:43.035] [INFO] [서버] BroadcastPosition 준비 완료 - ClientId: 2, distMoved: 90.000000, State: 0, TimeSinceLastUpdate: 0.000000
[03:41:43.036] [INFO] [서버] BroadcastPosition 호출 - ClientId: 2, Position: (0.000000, 0.000000, 90.000000)
[03:41:43.036] [INFO] [서버] PositionUpdatePacket 전송 - From ClientId: 2 To ClientId: 1
[03:41:43.043] [WARNING] 잘못된 패킷 타입: 5, 클라이언트 ID: 1
[03:41:43.044] [WARNING] 잘못된 패킷 타입: 5, 클라이언트 ID: 2
[03:41:43.053] [WARNING] 잘못된 패킷 타입: 5, 클라이언트 ID: 1
[03:41:43.053] [WARNING] 잘못된 패킷 타입: 5, 클라이언트 ID: 2
[03:41:43.063] [WARNING] 잘못된 패킷 타입: 5, 클라이언트 ID: 1
[03:41:43.063] [WARNING] 잘못된 패킷 타입: 5, 클라이언트 ID: 2
[03:41:43.073] [WARNING] 잘못된 패킷 타입: 5, 클라이언트 ID: 1
[03:41:43.074] [WARNING] 잘못된 패킷 타입: 5, 클라이언트 ID: 2
[03:41:43.084] [WARNING] 잘못된 패킷 타입: 5, 클라이언트 ID: 1
[03:41:43.084] [WARNING] 잘못된 패킷 타입: 5, 클라이언트 ID: 2
[03:41:43.094] [WARNING] 잘못된 패킷 타입: 5, 클라이언트 ID: 1
[03:41:43.095] [WARNING] 잘못된 패킷 타입: 5, 클라이언트 ID: 2
[03:41:43.105] [WARNING] 잘못된 패킷 타입: 5, 클라이언트 ID: 1
[03:41:43.105] [WARNING] 잘못된 패킷 타입: 5, 클라이언트 ID: 2
[03:41:43.121] [WARNING] 잘못된 패킷 타입: 5, 클라이언트 ID: 1
[03:41:43.122] [WARNING] 잘못된 패킷 타입: 5, 클라이언트 ID: 2
[03:41:43.130] [WARNING] 잘못된 패킷 타입: 5, 클라이언트 ID: 1
[03:41:43.130] [WARNING] 잘못된 패킷 타입: 5, 클라이언트 ID: 2
[03:41:43.143] [WARNING] 잘못된 패킷 타입: 5, 클라이언트 ID: 1
[03:41:43.144] [WARNING] 잘못된 패킷 타입: 5, 클라이언트 ID: 2
[03:41:43.152] [WARNING] 잘못된 패킷 타입: 5, 클라이언트 ID: 1
[03:41:43.153] [WARNING] 잘못된 패킷 타입: 5, 클라이언트 ID: 2
[03:41:43.160] [WARNING] 잘못된 패킷 타입: 5, 클라이언트 ID: 1
[03:41:43.161] [WARNING] 잘못된 패킷 타입: 5, 클라이언트 ID: 2
[03:41:43.171] [WARNING] 잘못된 패킷 타입: 5, 클라이언트 ID: 1
[03:41:43.172] [WARNING] 잘못된 패킷 타입: 5, 클라이언트 ID: 2
[03:41:43.182] [WARNING] 잘못된 패킷 타입: 5, 클라이언트 ID: 1
[03:41:43.183] [WARNING] 잘못된 패킷 타입: 5, 클라이언트 ID: 2
[03:41:43.193] [WARNING] 잘못된 패킷 타입: 5, 클라이언트 ID: 1
[03:41:43.193] [WARNING] 잘못된 패킷 타입: 5, 클라이언트 ID: 2
[03:41:43.209] [WARNING] 잘못된 패킷 타입: 5, 클라이언트 ID: 1
[03:41:43.210] [WARNING] 잘못된 패킷 타입: 5, 클라이언트 ID: 2
[03:41:43.218] [WARNING] 잘못된 패킷 타입: 5, 클라이언트 ID: 1
[03:41:43.218] [WARNING] 잘못된 패킷 타입: 5, 클라이언트 ID: 2
[03:41:43.227] [WARNING] 잘못된 패킷 타입: 5, 클라이언트 ID: 1
[03:41:43.228] [WARNING] 잘못된 패킷 타입: 5, 클라이언트 ID: 2
[03:41:43.237] [WARNING] 잘못된 패킷 타입: 5, 클라이언트 ID: 1
[03:41:43.237] [WARNING] 잘못된 패킷 타입: 5, 클라이언트 ID: 2
[03:41:43.248] [WARNING] 잘못된 패킷 타입: 5, 클라이언트 ID: 1
[03:41:43.249] [WARNING] 잘못된 패킷 타입: 5, 클라이언트 ID: 2
[03:41:43.258] [WARNING] 잘못된 패킷 타입: 5, 클라이언트 ID: 1
[03:41:43.258] [WARNING] 잘못된 패킷 타입: 5, 클라이언트 ID: 2
[03:41:43.274] [WARNING] 잘못된 패킷 타입: 5, 클라이언트 ID: 1
[03:41:43.275] [WARNING] 잘못된 패킷 타입: 5, 클라이언트 ID: 2
[03:41:43.282] [WARNING] 잘못된 패킷 타입: 5, 클라이언트 ID: 1
[03:41:43.283] [WARNING] 잘못된 패킷 타입: 5, 클라이언트 ID: 2
[03:41:43.291] [WARNING] 잘못된 패킷 타입: 5, 클라이언트 ID: 1
[03:41:43.292] [WARNING] 잘못된 패킷 타입: 5, 클라이언트 ID: 2
[03:41:43.301] [WARNING] 잘못된 패킷 타입: 5, 클라이언트 ID: 1
[03:41:43.301] [WARNING] 잘못된 패킷 타입: 5, 클라이언트 ID: 2
[03:41:43.311] [WARNING] 잘못된 패킷 타입: 5, 클라이언트 ID: 1
[03:41:43.312] [WARNING] 잘못된 패킷 타입: 5, 클라이언트 ID: 2
[03:41:43.322] [WARNING] 잘못된 패킷 타입: 5, 클라이언트 ID: 1
[03:41:43.322] [WARNING] 잘못된 패킷 타입: 5, 클라이언트 ID: 2
[03:41:43.332] [WARNING] 잘못된 패킷 타입: 5, 클라이언트 ID: 1
[03:41:43.333] [WARNING] 잘못된 패킷 타입: 5, 클라이언트 ID: 2
[03:41:43.342] [WARNING] 잘못된 패킷 타입: 5, 클라이언트 ID: 1
[03:41:43.343] [WARNING] 잘못된 패킷 타입: 5, 클라이언트 ID: 2
[03:41:43.354] [WARNING] 잘못된 패킷 타입: 5, 클라이언트 ID: 1
[03:41:43.355] [WARNING] 잘못된 패킷 타입: 5, 클라이언트 ID: 2
[03:41:43.370] [WARNING] 잘못된 패킷 타입: 5, 클라이언트 ID: 1
[03:41:43.370] [WARNING] 잘못된 패킷 타입: 5, 클라이언트 ID: 2
[03:41:43.378] [WARNING] 잘못된 패킷 타입: 5, 클라이언트 ID: 1
[03:41:43.378] [WARNING] 잘못된 패킷 타입: 5, 클라이언트 ID: 2
[03:41:43.386] [WARNING] 잘못된 패킷 타입: 5, 클라이언트 ID: 1
[03:41:43.387] [WARNING] 잘못된 패킷 타입: 5, 클라이언트 ID: 2
[03:41:43.397] [WARNING] 잘못된 패킷 타입: 5, 클라이언트 ID: 1
[03:41:43.397] [WARNING] 잘못된 패킷 타입: 5, 클라이언트 ID: 2
[03:41:43.408] [WARNING] 잘못된 패킷 타입: 5, 클라이언트 ID: 1
[03:41:43.408] [WARNING] 잘못된 패킷 타입: 5, 클라이언트 ID: 2
[03:41:43.418] [WARNING] 잘못된 패킷 타입: 5, 클라이언트 ID: 1
[03:41:43.419] [WARNING] 잘못된 패킷 타입: 5, 클라이언트 ID: 2
[03:41:43.429] [WARNING] 잘못된 패킷 타입: 5, 클라이언트 ID: 1
[03:41:43.429] [WARNING] 잘못된 패킷 타입: 5, 클라이언트 ID: 2
[03:41:43.439] [WARNING] 잘못된 패킷 타입: 5, 클라이언트 ID: 1
[03:41:43.440] [WARNING] 잘못된 패킷 타입: 5, 클라이언트 ID: 2
[03:41:43.450] [WARNING] 잘못된 패킷 타입: 5, 클라이언트 ID: 1
[03:41:43.451] [WARNING] 잘못된 패킷 타입: 5, 클라이언트 ID: 2
[03:41:43.478] [WARNING] 잘못된 패킷 타입: 5, 클라이언트 ID: 1
[03:41:43.479] [WARNING] 잘못된 패킷 타입: 5, 클라이언트 ID: 2
[03:41:43.486] [WARNING] 잘못된 패킷 타입: 5, 클라이언트 ID: 1
[03:41:43.487] [WARNING] 잘못된 패킷 타입: 5, 클라이언트 ID: 2
[03:41:43.495] [WARNING] 잘못된 패킷 타입: 5, 클라이언트 ID: 1
[03:41:43.496] [WARNING] 잘못된 패킷 타입: 5, 클라이언트 ID: 2
[03:41:43.506] [WARNING] 잘못된 패킷 타입: 5, 클라이언트 ID: 1
[03:41:43.507] [WARNING] 잘못된 패킷 타입: 5, 클라이언트 ID: 2
[03:41:43.516] [WARNING] 잘못된 패킷 타입: 5, 클라이언트 ID: 1
[03:41:43.517] [WARNING] 잘못된 패킷 타입: 5, 클라이언트 ID: 2
[03:41:43.525] [WARNING] 잘못된 패킷 타입: 5, 클라이언트 ID: 1
[03:41:43.526] [WARNING] 잘못된 패킷 타입: 5, 클라이언트 ID: 2
[03:41:43.536] [WARNING] 잘못된 패킷 타입: 5, 클라이언트 ID: 1
[03:41:43.538] [WARNING] 잘못된 패킷 타입: 5, 클라이언트 ID: 2
[03:41:43.547] [WARNING] 잘못된 패킷 타입: 5, 클라이언트 ID: 1
[03:41:43.548] [WARNING] 잘못된 패킷 타입: 5, 클라이언트 ID: 2
[03:41:43.559] [WARNING] 잘못된 패킷 타입: 5, 클라이언트 ID: 1
[03:41:43.560] [WARNING] 잘못된 패킷 타입: 5, 클라이언트 ID: 2
[03:41:43.569] [WARNING] 잘못된 패킷 타입: 5, 클라이언트 ID: 1
[03:41:43.569] [WARNING] 잘못된 패킷 타입: 5, 클라이언트 ID: 2
[03:41:43.579] [WARNING] 잘못된 패킷 타입: 5, 클라이언트 ID: 1
[03:41:43.580] [WARNING] 잘못된 패킷 타입: 5, 클라이언트 ID: 2
[03:41:43.589] [WARNING] 잘못된 패킷 타입: 5, 클라이언트 ID: 1
[03:41:43.589] [WARNING] 잘못된 패킷 타입: 5, 클라이언트 ID: 2
[03:41:43.600] [WARNING] 잘못된 패킷 타입: 5, 클라이언트 ID: 1
[03:41:43.601] [WARNING] 잘못된 패킷 타입: 5, 클라이언트 ID: 2
[03:41:43.610] [WARNING] 잘못된 패킷 타입: 5, 클라이언트 ID: 1
[03:41:43.611] [WARNING] 잘못된 패킷 타입: 5, 클라이언트 ID: 2
[03:41:43.621] [WARNING] 잘못된 패킷 타입: 5, 클라이언트 ID: 1
[03:41:43.622] [WARNING] 잘못된 패킷 타입: 5, 클라이언트 ID: 2
[03:41:43.632] [WARNING] 잘못된 패킷 타입: 5, 클라이언트 ID: 1
[03:41:43.633] [WARNING] 잘못된 패킷 타입: 5, 클라이언트 ID: 2
[03:41:43.646] [WARNING] 잘못된 패킷 타입: 5, 클라이언트 ID: 1
[03:41:43.647] [WARNING] 잘못된 패킷 타입: 5, 클라이언트 ID: 2
[03:41:43.654] [WARNING] 잘못된 패킷 타입: 5, 클라이언트 ID: 1
[03:41:43.655] [WARNING] 잘못된 패킷 타입: 5, 클라이언트 ID: 2
[03:41:43.670] [WARNING] 잘못된 패킷 타입: 5, 클라이언트 ID: 1
[03:41:43.670] [WARNING] 잘못된 패킷 타입: 5, 클라이언트 ID: 2
[03:41:43.678] [WARNING] 잘못된 패킷 타입: 5, 클라이언트 ID: 1
[03:41:43.678] [WARNING] 잘못된 패킷 타입: 5, 클라이언트 ID: 2
[03:41:43.687] [WARNING] 잘못된 패킷 타입: 5, 클라이언트 ID: 1
[03:41:43.687] [WARNING] 잘못된 패킷 타입: 5, 클라이언트 ID: 2
[03:41:43.697] [WARNING] 잘못된 패킷 타입: 5, 클라이언트 ID: 1
[03:41:43.697] [WARNING] 잘못된 패킷 타입: 5, 클라이언트 ID: 2
[03:41:43.709] [WARNING] 잘못된 패킷 타입: 5, 클라이언트 ID: 1
[03:41:43.710] [WARNING] 잘못된 패킷 타입: 5, 클라이언트 ID: 2
[03:41:43.719] [WARNING] 잘못된 패킷 타입: 5, 클라이언트 ID: 1
[03:41:43.720] [WARNING] 잘못된 패킷 타입: 5, 클라이언트 ID: 2
[03:41:43.729] [WARNING] 잘못된 패킷 타입: 5, 클라이언트 ID: 1
[03:41:43.729] [WARNING] 잘못된 패킷 타입: 5, 클라이언트 ID: 2
[03:41:43.740] [WARNING] 잘못된 패킷 타입: 5, 클라이언트 ID: 1
[03:41:43.740] [WARNING] 잘못된 패킷 타입: 5, 클라이언트 ID: 2
[03:41:43.750] [WARNING] 잘못된 패킷 타입: 5, 클라이언트 ID: 1
[03:41:43.751] [WARNING] 잘못된 패킷 타입: 5, 클라이언트 ID: 2
[03:41:43.761] [WARNING] 잘못된 패킷 타입: 5, 클라이언트 ID: 1
[03:41:43.761] [WARNING] 잘못된 패킷 타입: 5, 클라이언트 ID: 2
[03:41:43.777] [WARNING] 잘못된 패킷 타입: 5, 클라이언트 ID: 1
[03:41:43.778] [WARNING] 잘못된 패킷 타입: 5, 클라이언트 ID: 2
[03:41:43.785] [WARNING] 잘못된 패킷 타입: 5, 클라이언트 ID: 1
[03:41:43.786] [WARNING] 잘못된 패킷 타입: 5, 클라이언트 ID: 2
[03:41:43.800] [WARNING] 잘못된 패킷 타입: 5, 클라이언트 ID: 1
[03:41:43.801] [WARNING] 잘못된 패킷 타입: 5, 클라이언트 ID: 2
[03:41:43.808] [WARNING] 잘못된 패킷 타입: 5, 클라이언트 ID: 1
[03:41:43.809] [WARNING] 잘못된 패킷 타입: 5, 클라이언트 ID: 2
[03:41:43.817] [WARNING] 잘못된 패킷 타입: 5, 클라이언트 ID: 1
[03:41:43.818] [WARNING] 잘못된 패킷 타입: 5, 클라이언트 ID: 2
[03:41:43.827] [WARNING] 잘못된 패킷 타입: 5, 클라이언트 ID: 1
[03:41:43.829] [WARNING] 잘못된 패킷 타입: 5, 클라이언트 ID: 2
[03:41:43.838] [WARNING] 잘못된 패킷 타입: 5, 클라이언트 ID: 1
[03:41:43.839] [WARNING] 잘못된 패킷 타입: 5, 클라이언트 ID: 2
[03:41:43.850] [WARNING] 잘못된 패킷 타입: 5, 클라이언트 ID: 1
[03:41:43.851] [WARNING] 잘못된 패킷 타입: 5, 클라이언트 ID: 2
[03:41:43.866] [WARNING] 잘못된 패킷 타입: 5, 클라이언트 ID: 1
[03:41:43.867] [WARNING] 잘못된 패킷 타입: 5, 클라이언트 ID: 2
[03:41:43.874] [WARNING] 잘못된 패킷 타입: 5, 클라이언트 ID: 1
[03:41:43.875] [WARNING] 잘못된 패킷 타입: 5, 클라이언트 ID: 2
[03:41:43.884] [WARNING] 잘못된 패킷 타입: 5, 클라이언트 ID: 1
[03:41:43.885] [WARNING] 잘못된 패킷 타입: 5, 클라이언트 ID: 2
[03:41:43.893] [WARNING] 잘못된 패킷 타입: 5, 클라이언트 ID: 1
[03:41:43.894] [WARNING] 잘못된 패킷 타입: 5, 클라이언트 ID: 2
[03:41:43.904] [WARNING] 잘못된 패킷 타입: 5, 클라이언트 ID: 1
[03:41:43.904] [WARNING] 잘못된 패킷 타입: 5, 클라이언트 ID: 2
[03:41:43.915] [WARNING] 잘못된 패킷 타입: 5, 클라이언트 ID: 1
[03:41:43.916] [WARNING] 잘못된 패킷 타입: 5, 클라이언트 ID: 2
[03:41:43.925] [WARNING] 잘못된 패킷 타입: 5, 클라이언트 ID: 1
[03:41:43.925] [WARNING] 잘못된 패킷 타입: 5, 클라이언트 ID: 2
[03:41:43.935] [WARNING] 잘못된 패킷 타입: 5, 클라이언트 ID: 1
[03:41:43.936] [WARNING] 잘못된 패킷 타입: 5, 클라이언트 ID: 2
[03:41:43.946] [WARNING] 잘못된 패킷 타입: 5, 클라이언트 ID: 1
[03:41:43.947] [WARNING] 잘못된 패킷 타입: 5, 클라이언트 ID: 2
[03:41:43.957] [WARNING] 잘못된 패킷 타입: 5, 클라이언트 ID: 1
[03:41:43.957] [WARNING] 잘못된 패킷 타입: 5, 클라이언트 ID: 2
[03:41:43.967] [WARNING] 잘못된 패킷 타입: 5, 클라이언트 ID: 1
[03:41:43.968] [WARNING] 잘못된 패킷 타입: 5, 클라이언트 ID: 2
[03:41:43.979] [WARNING] 잘못된 패킷 타입: 5, 클라이언트 ID: 1
[03:41:43.979] [WARNING] 잘못된 패킷 타입: 5, 클라이언트 ID: 2
[03:41:43.993] [WARNING] 잘못된 패킷 타입: 5, 클라이언트 ID: 1
[03:41:43.994] [WARNING] 잘못된 패킷 타입: 5, 클라이언트 ID: 2
[03:41:44.002] [WARNING] 잘못된 패킷 타입: 5, 클라이언트 ID: 1
[03:41:44.003] [WARNING] 잘못된 패킷 타입: 5, 클라이언트 ID: 2
[03:41:44.011] [WARNING] 잘못된 패킷 타입: 5, 클라이언트 ID: 1
[03:41:44.011] [WARNING] 잘못된 패킷 타입: 5, 클라이언트 ID: 2
[03:41:44.021] [WARNING] 잘못된 패킷 타입: 5, 클라이언트 ID: 1
[03:41:44.022] [WARNING] 잘못된 패킷 타입: 5, 클라이언트 ID: 2
[03:41:44.032] [WARNING] 잘못된 패킷 타입: 5, 클라이언트 ID: 1
[03:41:44.033] [WARNING] 잘못된 패킷 타입: 5, 클라이언트 ID: 2
[03:41:44.043] [WARNING] 잘못된 패킷 타입: 5, 클라이언트 ID: 1
[03:41:44.044] [WARNING] 잘못된 패킷 타입: 5, 클라이언트 ID: 2
[03:41:44.053] [WARNING] 잘못된 패킷 타입: 5, 클라이언트 ID: 1
[03:41:44.054] [WARNING] 잘못된 패킷 타입: 5, 클라이언트 ID: 2
[03:41:44.065] [WARNING] 잘못된 패킷 타입: 5, 클라이언트 ID: 1
[03:41:44.065] [WARNING] 잘못된 패킷 타입: 5, 클라이언트 ID: 2
[03:41:44.075] [WARNING] 잘못된 패킷 타입: 5, 클라이언트 ID: 1
[03:41:44.075] [WARNING] 잘못된 패킷 타입: 5, 클라이언트 ID: 2
[03:41:44.087] [WARNING] 잘못된 패킷 타입: 5, 클라이언트 ID: 1
[03:41:44.087] [WARNING] 잘못된 패킷 타입: 5, 클라이언트 ID: 2
[03:41:44.096] [WARNING] 잘못된 패킷 타입: 5, 클라이언트 ID: 1
[03:41:44.096] [WARNING] 잘못된 패킷 타입: 5, 클라이언트 ID: 2
[03:41:44.107] [WARNING] 잘못된 패킷 타입: 5, 클라이언트 ID: 1
[03:41:44.108] [WARNING] 잘못된 패킷 타입: 5, 클라이언트 ID: 2
[03:41:44.118] [WARNING] 잘못된 패킷 타입: 5, 클라이언트 ID: 1
[03:41:44.119] [WARNING] 잘못된 패킷 타입: 5, 클라이언트 ID: 2
[03:41:44.130] [WARNING] 잘못된 패킷 타입: 5, 클라이언트 ID: 1
[03:41:44.130] [WARNING] 잘못된 패킷 타입: 5, 클라이언트 ID: 2
[03:41:44.142] [WARNING] 잘못된 패킷 타입: 5, 클라이언트 ID: 1
[03:41:44.143] [WARNING] 잘못된 패킷 타입: 5, 클라이언트 ID: 2
[03:41:44.153] [WARNING] 잘못된 패킷 타입: 5, 클라이언트 ID: 1
[03:41:44.153] [WARNING] 잘못된 패킷 타입: 5, 클라이언트 ID: 2
[03:41:44.165] [WARNING] 잘못된 패킷 타입: 5, 클라이언트 ID: 1
[03:41:44.166] [WARNING] 잘못된 패킷 타입: 5, 클라이언트 ID: 2
