[03:19:40.912] [INFO] 로깅 시스템 초기화됨
[03:19:40.912] [INFO] 서버 인스턴스 생성됨
[03:19:40.912] [INFO] 서버 초기화 시작 (포트: 9000)
[03:19:40.913] [INFO] 윈속 초기화 성공
[03:19:40.914] [INFO] 리스닝 소켓 생성 성공
[03:19:40.914] [INFO] 소켓 바인딩 성공 (포트: 9000)
[03:19:40.914] [INFO] 리스닝 시작됨
[03:19:40.914] [INFO] IOCP 생성 성공
[03:19:40.914] [INFO] CPU 코어 수: 16, 생성할 작업자 스레드: 32
[03:19:40.915] [INFO] 작업자 스레드 #1 생성됨
[03:19:40.915] [INFO] 작업자 스레드 시작 (ThreadID: 6444)
[03:19:40.915] [INFO] 작업자 스레드 #2 생성됨
[03:19:40.915] [INFO] 작업자 스레드 시작 (ThreadID: 32164)
[03:19:40.916] [INFO] 작업자 스레드 #3 생성됨
[03:19:40.916] [INFO] 작업자 스레드 시작 (ThreadID: 12588)
[03:19:40.916] [INFO] 작업자 스레드 #4 생성됨
[03:19:40.916] [INFO] 작업자 스레드 시작 (ThreadID: 37000)
[03:19:40.916] [INFO] 작업자 스레드 #5 생성됨
[03:19:40.916] [INFO] 작업자 스레드 시작 (ThreadID: 32136)
[03:19:40.917] [INFO] 작업자 스레드 #6 생성됨
[03:19:40.917] [INFO] 작업자 스레드 시작 (ThreadID: 26628)
[03:19:40.917] [INFO] 작업자 스레드 #7 생성됨
[03:19:40.917] [INFO] 작업자 스레드 시작 (ThreadID: 37260)
[03:19:40.917] [INFO] 작업자 스레드 #8 생성됨
[03:19:40.917] [INFO] 작업자 스레드 시작 (ThreadID: 2296)
[03:19:40.918] [INFO] 작업자 스레드 #9 생성됨
[03:19:40.918] [INFO] 작업자 스레드 시작 (ThreadID: 29168)
[03:19:40.918] [INFO] 작업자 스레드 #10 생성됨
[03:19:40.918] [INFO] 작업자 스레드 시작 (ThreadID: 27420)
[03:19:40.918] [INFO] 작업자 스레드 #11 생성됨
[03:19:40.918] [INFO] 작업자 스레드 시작 (ThreadID: 31128)
[03:19:40.919] [INFO] 작업자 스레드 #12 생성됨
[03:19:40.919] [INFO] 작업자 스레드 시작 (ThreadID: 36496)
[03:19:40.919] [INFO] 작업자 스레드 #13 생성됨
[03:19:40.919] [INFO] 작업자 스레드 시작 (ThreadID: 5188)
[03:19:40.919] [INFO] 작업자 스레드 #14 생성됨
[03:19:40.920] [INFO] 작업자 스레드 #15 생성됨
[03:19:40.920] [INFO] 작업자 스레드 시작 (ThreadID: 20788)
[03:19:40.920] [INFO] 작업자 스레드 시작 (ThreadID: 35352)
[03:19:40.920] [INFO] 작업자 스레드 #16 생성됨
[03:19:40.920] [INFO] 작업자 스레드 시작 (ThreadID: 31160)
[03:19:40.920] [INFO] 작업자 스레드 #17 생성됨
[03:19:40.921] [INFO] 작업자 스레드 시작 (ThreadID: 37488)
[03:19:40.921] [INFO] 작업자 스레드 #18 생성됨
[03:19:40.921] [INFO] 작업자 스레드 시작 (ThreadID: 2872)
[03:19:40.921] [INFO] 작업자 스레드 #19 생성됨
[03:19:40.921] [INFO] 작업자 스레드 시작 (ThreadID: 34100)
[03:19:40.921] [INFO] 작업자 스레드 #20 생성됨
[03:19:40.922] [INFO] 작업자 스레드 시작 (ThreadID: 5880)
[03:19:40.922] [INFO] 작업자 스레드 #21 생성됨
[03:19:40.922] [INFO] 작업자 스레드 시작 (ThreadID: 5152)
[03:19:40.922] [INFO] 작업자 스레드 #22 생성됨
[03:19:40.922] [INFO] 작업자 스레드 시작 (ThreadID: 32188)
[03:19:40.922] [INFO] 작업자 스레드 #23 생성됨
[03:19:40.923] [INFO] 작업자 스레드 시작 (ThreadID: 4728)
[03:19:40.923] [INFO] 작업자 스레드 #24 생성됨
[03:19:40.923] [INFO] 작업자 스레드 시작 (ThreadID: 12096)
[03:19:40.923] [INFO] 작업자 스레드 #25 생성됨
[03:19:40.923] [INFO] 작업자 스레드 시작 (ThreadID: 22384)
[03:19:40.923] [INFO] 작업자 스레드 #26 생성됨
[03:19:40.924] [INFO] 작업자 스레드 시작 (ThreadID: 31536)
[03:19:40.924] [INFO] 작업자 스레드 #27 생성됨
[03:19:40.924] [INFO] 작업자 스레드 시작 (ThreadID: 8456)
[03:19:40.924] [INFO] 작업자 스레드 #28 생성됨
[03:19:40.924] [INFO] 작업자 스레드 시작 (ThreadID: 23028)
[03:19:40.924] [INFO] 작업자 스레드 #29 생성됨
[03:19:40.925] [INFO] 작업자 스레드 시작 (ThreadID: 2804)
[03:19:40.925] [INFO] 작업자 스레드 #30 생성됨
[03:19:40.925] [INFO] 작업자 스레드 시작 (ThreadID: 16504)
[03:19:40.925] [INFO] 작업자 스레드 #31 생성됨
[03:19:40.925] [INFO] 작업자 스레드 시작 (ThreadID: 35228)
[03:19:40.925] [INFO] 작업자 스레드 #32 생성됨
[03:19:40.925] [INFO] 작업자 스레드 시작 (ThreadID: 29136)
[03:19:40.926] [INFO] 서버 초기화 완료
[03:19:40.926] [INFO] 서버 실행. 포트 번호: 9000
[03:19:40.926] [INFO] IOCP 멀티플레이어 서버 시작됨...
[03:19:40.926] [INFO] 서버 실행 시작
[03:19:51.125] [INFO] 클라이언트 연결됨: 127.0.0.1:7313 (ID: 1)
[03:19:51.125] [INFO] 새 클라이언트에게 ID 1 전송됨
[03:19:51.125] [INFO] 새 플레이어 정보(ID: 1) 브로드캐스트 - 수신자 수: 0
[03:19:51.126] [INFO] 기존 플레이어 정보 0개가 새 클라이언트(ID: 1)에게 전송됨
[03:19:51.126] [WARNING] 클라이언트 Ping 타임아웃 발생 - ID: 1
[03:19:51.136] [WARNING] 잘못된 패킷 타입: 5, 클라이언트 ID: 1
[03:19:51.146] [WARNING] 잘못된 패킷 타입: 5, 클라이언트 ID: 1
[03:19:51.480] [WARNING] 잘못된 패킷 타입: 5, 클라이언트 ID: 1
[03:19:51.814] [WARNING] 잘못된 패킷 타입: 5, 클라이언트 ID: 1
[03:19:52.147] [WARNING] 잘못된 패킷 타입: 5, 클라이언트 ID: 1
[03:19:52.480] [WARNING] 잘못된 패킷 타입: 5, 클라이언트 ID: 1
[03:19:52.814] [WARNING] 잘못된 패킷 타입: 5, 클라이언트 ID: 1
[03:19:53.147] [WARNING] 잘못된 패킷 타입: 5, 클라이언트 ID: 1
[03:19:53.480] [WARNING] 잘못된 패킷 타입: 5, 클라이언트 ID: 1
[03:19:53.814] [WARNING] 잘못된 패킷 타입: 5, 클라이언트 ID: 1
[03:19:54.147] [WARNING] 잘못된 패킷 타입: 5, 클라이언트 ID: 1
[03:19:54.480] [WARNING] 잘못된 패킷 타입: 5, 클라이언트 ID: 1
