[14:55:26.185] [INFO] 로깅 시스템 초기화됨
[14:55:26.185] [INFO] 서버 인스턴스 생성됨
[14:55:26.186] [INFO] 서버 초기화 시작 (포트: 9000)
[14:55:26.186] [INFO] 윈속 초기화 성공
[14:55:26.187] [INFO] 리스닝 소켓 생성 성공
[14:55:26.187] [INFO] 소켓 바인딩 성공 (포트: 9000)
[14:55:26.188] [INFO] 리스닝 시작됨
[14:55:26.188] [INFO] IOCP 생성 성공
[14:55:26.188] [INFO] CPU 코어 수: 16, 생성할 작업자 스레드: 16
[14:55:26.188] [INFO] 작업자 스레드 #1 생성됨
[14:55:26.188] [INFO] 작업자 스레드 시작 (ThreadID: 34544)
[14:55:26.189] [INFO] 작업자 스레드 #2 생성됨
[14:55:26.189] [INFO] 작업자 스레드 시작 (ThreadID: 12348)
[14:55:26.189] [INFO] 작업자 스레드 #3 생성됨
[14:55:26.189] [INFO] 작업자 스레드 시작 (ThreadID: 27756)
[14:55:26.190] [INFO] 작업자 스레드 #4 생성됨
[14:55:26.190] [INFO] 작업자 스레드 시작 (ThreadID: 37788)
[14:55:26.190] [INFO] 작업자 스레드 #5 생성됨
[14:55:26.190] [INFO] 작업자 스레드 시작 (ThreadID: 42500)
[14:55:26.191] [INFO] 작업자 스레드 #6 생성됨
[14:55:26.191] [INFO] 작업자 스레드 시작 (ThreadID: 27644)
[14:55:26.191] [INFO] 작업자 스레드 #7 생성됨
[14:55:26.191] [INFO] 작업자 스레드 시작 (ThreadID: 27324)
[14:55:26.192] [INFO] 작업자 스레드 #8 생성됨
[14:55:26.192] [INFO] 작업자 스레드 시작 (ThreadID: 41816)
[14:55:26.192] [INFO] 작업자 스레드 #9 생성됨
[14:55:26.192] [INFO] 작업자 스레드 시작 (ThreadID: 35752)
[14:55:26.192] [INFO] 작업자 스레드 #10 생성됨
[14:55:26.193] [INFO] 작업자 스레드 시작 (ThreadID: 27236)
[14:55:26.193] [INFO] 작업자 스레드 #11 생성됨
[14:55:26.193] [INFO] 작업자 스레드 시작 (ThreadID: 36084)
[14:55:26.193] [INFO] 작업자 스레드 #12 생성됨
[14:55:26.193] [INFO] 작업자 스레드 시작 (ThreadID: 34628)
[14:55:26.194] [INFO] 작업자 스레드 #13 생성됨
[14:55:26.194] [INFO] 작업자 스레드 시작 (ThreadID: 20812)
[14:55:26.194] [INFO] 작업자 스레드 #14 생성됨
[14:55:26.194] [INFO] 작업자 스레드 시작 (ThreadID: 21024)
[14:55:26.195] [INFO] 작업자 스레드 #15 생성됨
[14:55:26.195] [INFO] 작업자 스레드 시작 (ThreadID: 26588)
[14:55:26.195] [INFO] 작업자 스레드 #16 생성됨
[14:55:26.195] [INFO] 서버 초기화 완료
[14:55:26.196] [INFO] 서버 실행. 포트 번호: 9000
[14:55:26.196] [INFO] IOCP 멀티플레이어 서버 시작됨...
[14:55:26.196] [INFO] 서버 실행 시작
[14:55:26.196] [INFO] 작업자 스레드 시작 (ThreadID: 32320)
[14:55:26.196] [INFO] listenSocket 논블로킹 설정 성공
[14:55:27.218] [INFO] 서버 FPS: 34.448818, 평균 프레임 시간: 0.000000ms, 클라이언트 수: 0
[14:55:28.245] [INFO] 서버 FPS: 32.007759, 평균 프레임 시간: 0.000000ms, 클라이언트 수: 0
[14:55:29.271] [INFO] 서버 FPS: 31.976744, 평균 프레임 시간: 0.000000ms, 클라이언트 수: 0
[14:55:30.297] [INFO] 서버 FPS: 32.512314, 평균 프레임 시간: 0.000000ms, 클라이언트 수: 0
[14:55:30.593] [INFO] 새 클라이언트에게 ID 1 전송됨
[14:55:30.594] [INFO] 새 플레이어 정보(ID: 1) 브로드캐스트 - 수신자 수: 0
[14:55:30.594] [INFO] 기존 플레이어 정보 0개가 새 클라이언트(ID: 1)에게 전송됨
[14:55:30.624] [INFO] 새 클라이언트에게 ID 2 전송됨
[14:55:30.625] [INFO] 새 플레이어 정보(ID: 2) 브로드캐스트 - 수신자 수: 1
[14:55:30.625] [INFO] 기존 플레이어 정보 1개가 새 클라이언트(ID: 2)에게 전송됨
[14:55:31.311] [INFO] 서버 FPS: 32.480316, 평균 프레임 시간: 0.000000ms, 클라이언트 수: 2
[14:55:32.325] [INFO] 서버 FPS: 32.512314, 평균 프레임 시간: 0.000000ms, 클라이언트 수: 2
[14:55:33.350] [INFO] 서버 FPS: 31.976744, 평균 프레임 시간: 0.000000ms, 클라이언트 수: 2
[14:55:34.383] [INFO] 서버 FPS: 32.007759, 평균 프레임 시간: 0.000000ms, 클라이언트 수: 2
[14:55:35.408] [INFO] 서버 FPS: 32.007759, 평균 프레임 시간: 0.000000ms, 클라이언트 수: 2
[14:55:36.438] [INFO] 서버 FPS: 32.480316, 평균 프레임 시간: 0.000000ms, 클라이언트 수: 2
[14:55:37.448] [INFO] 서버 FPS: 32.512314, 평균 프레임 시간: 0.051505ms, 클라이언트 수: 2
[14:55:38.482] [INFO] 서버 FPS: 31.976744, 평균 프레임 시간: 0.001592ms, 클라이언트 수: 2
[14:55:39.510] [INFO] 서버 FPS: 32.007759, 평균 프레임 시간: 0.000049ms, 클라이언트 수: 2
[14:55:40.528] [INFO] 서버 FPS: 32.480316, 평균 프레임 시간: 0.000002ms, 클라이언트 수: 2
[14:55:41.557] [INFO] 서버 FPS: 32.007759, 평균 프레임 시간: 0.000000ms, 클라이언트 수: 2
[14:55:42.587] [INFO] 서버 FPS: 32.007759, 평균 프레임 시간: 0.000000ms, 클라이언트 수: 2
[14:55:43.602] [INFO] 서버 FPS: 32.480316, 평균 프레임 시간: 0.000000ms, 클라이언트 수: 2
[14:55:44.626] [INFO] 서버 FPS: 32.512314, 평균 프레임 시간: 0.000000ms, 클라이언트 수: 2
[14:55:45.639] [INFO] 서버 FPS: 33.464565, 평균 프레임 시간: 0.049445ms, 클라이언트 수: 2
[14:55:46.670] [INFO] 서버 FPS: 32.007759, 평균 프레임 시간: 0.001528ms, 클라이언트 수: 2
[14:55:47.697] [INFO] 서버 FPS: 32.007759, 평균 프레임 시간: 0.000047ms, 클라이언트 수: 2
[14:55:48.727] [INFO] 서버 FPS: 31.976744, 평균 프레임 시간: 0.000001ms, 클라이언트 수: 2
[14:55:49.767] [INFO] 서버 FPS: 32.473736, 평균 프레임 시간: 0.000000ms, 클라이언트 수: 2
[14:55:50.791] [INFO] 서버 FPS: 32.512314, 평균 프레임 시간: 0.000000ms, 클라이언트 수: 2
[14:55:51.818] [INFO] 서버 FPS: 32.007759, 평균 프레임 시간: 0.000000ms, 클라이언트 수: 2
[14:55:52.850] [INFO] 서버 FPS: 32.945736, 평균 프레임 시간: 0.000000ms, 클라이언트 수: 2
[14:55:53.877] [INFO] 서버 FPS: 32.007759, 평균 프레임 시간: 0.000000ms, 클라이언트 수: 2
[14:55:54.901] [INFO] 서버 FPS: 32.480316, 평균 프레임 시간: 0.000000ms, 클라이언트 수: 2
[14:55:55.929] [INFO] 서버 FPS: 32.977692, 평균 프레임 시간: 0.000000ms, 클라이언트 수: 2
[14:55:56.943] [INFO] 서버 FPS: 32.512314, 평균 프레임 시간: 0.000000ms, 클라이언트 수: 2
[14:55:57.971] [INFO] 서버 FPS: 31.976744, 평균 프레임 시간: 0.000000ms, 클라이언트 수: 2
[14:55:59.013] [INFO] 서버 FPS: 32.977692, 평균 프레임 시간: 0.000000ms, 클라이언트 수: 2
[14:56:00.040] [INFO] 서버 FPS: 32.007759, 평균 프레임 시간: 0.000000ms, 클라이언트 수: 2
[14:56:01.054] [INFO] 서버 FPS: 33.464565, 평균 프레임 시간: 0.000000ms, 클라이언트 수: 2
[14:56:02.081] [INFO] 서버 FPS: 32.007759, 평균 프레임 시간: 0.000000ms, 클라이언트 수: 2
[14:56:03.110] [INFO] 서버 FPS: 32.480316, 평균 프레임 시간: 0.000000ms, 클라이언트 수: 2
[14:56:04.137] [INFO] 서버 FPS: 32.007759, 평균 프레임 시간: 0.000000ms, 클라이언트 수: 2
[14:56:05.164] [INFO] 서버 FPS: 32.007759, 평균 프레임 시간: 0.000000ms, 클라이언트 수: 2
[14:56:06.181] [INFO] 서버 FPS: 32.480316, 평균 프레임 시간: 0.000000ms, 클라이언트 수: 2
[14:56:07.214] [INFO] 서버 FPS: 32.007759, 평균 프레임 시간: 0.000000ms, 클라이언트 수: 2
[14:56:08.244] [INFO] 서버 FPS: 32.007759, 평균 프레임 시간: 0.000000ms, 클라이언트 수: 2
[14:56:09.270] [INFO] 서버 FPS: 31.976744, 평균 프레임 시간: 0.000000ms, 클라이언트 수: 2
[14:56:10.295] [INFO] 서버 FPS: 32.512314, 평균 프레임 시간: 0.000000ms, 클라이언트 수: 2
[14:56:11.327] [INFO] 서버 FPS: 32.007759, 평균 프레임 시간: 0.000000ms, 클라이언트 수: 2
[14:56:12.356] [INFO] 서버 FPS: 31.976744, 평균 프레임 시간: 0.000000ms, 클라이언트 수: 2
[14:56:13.386] [INFO] 서버 FPS: 32.007759, 평균 프레임 시간: 0.000000ms, 클라이언트 수: 2
[14:56:14.419] [INFO] 서버 FPS: 32.007759, 평균 프레임 시간: 0.000000ms, 클라이언트 수: 2
[14:56:15.446] [INFO] 서버 FPS: 32.007759, 평균 프레임 시간: 0.000000ms, 클라이언트 수: 2
[14:56:16.462] [INFO] 서버 FPS: 32.480316, 평균 프레임 시간: 0.000000ms, 클라이언트 수: 2
[14:56:17.474] [INFO] 서버 FPS: 32.480316, 평균 프레임 시간: 0.000000ms, 클라이언트 수: 2
[14:56:18.506] [INFO] 서버 FPS: 32.007759, 평균 프레임 시간: 0.000000ms, 클라이언트 수: 2
[14:56:19.519] [INFO] 서버 FPS: 32.480316, 평균 프레임 시간: 0.000000ms, 클라이언트 수: 2
[14:56:20.548] [INFO] 서버 FPS: 32.007759, 평균 프레임 시간: 0.000000ms, 클라이언트 수: 2
[14:56:21.577] [INFO] 서버 FPS: 32.512314, 평균 프레임 시간: 0.000000ms, 클라이언트 수: 2
[14:56:22.595] [INFO] 서버 FPS: 31.976744, 평균 프레임 시간: 0.000000ms, 클라이언트 수: 2
[14:56:23.622] [INFO] 서버 FPS: 33.497536, 평균 프레임 시간: 0.083736ms, 클라이언트 수: 2
[14:56:24.650] [INFO] 서버 FPS: 31.976744, 평균 프레임 시간: 0.002588ms, 클라이언트 수: 2
[14:56:25.673] [INFO] 서버 FPS: 32.007759, 평균 프레임 시간: 0.000080ms, 클라이언트 수: 2
[14:56:26.701] [INFO] 서버 FPS: 32.512314, 평균 프레임 시간: 0.000002ms, 클라이언트 수: 2
[14:56:27.728] [INFO] 서버 FPS: 31.976744, 평균 프레임 시간: 0.000000ms, 클라이언트 수: 2
[14:56:27.913] [WARNING] 클라이언트 Ping 타임아웃 발생 - ID: 1, 마지막 Ping 후 경과 시간: 5.029297초
[14:56:27.914] [WARNING] 클라이언트 Ping 타임아웃 발생 - ID: 2, 마지막 Ping 후 경과 시간: 5.029297초
[14:56:27.915] [INFO] 클라이언트 연결 끊김 (ID: 1)
[14:56:27.915] [INFO] 클라이언트가 정상적으로 연결 종료함 - ID: 1
[14:56:27.915] [INFO] 클라이언트 연결 끊김 알림(ID: 1) - 수신자 수: 1
[14:56:27.915] [INFO] 클라이언트 연결 끊김 (ID: 2)
[14:56:27.916] [INFO] 클라이언트가 정상적으로 연결 종료함 - ID: 2
[14:56:27.916] [INFO] 클라이언트 연결 끊김 알림(ID: 2) - 수신자 수: 0
[14:56:27.916] [WARNING] 존재하지 않는 클라이언트 ID를 제거하려고 시도: 1
[14:56:27.916] [WARNING] 존재하지 않는 클라이언트 ID를 제거하려고 시도: 2
[14:56:28.739] [INFO] 서버 FPS: 33.497536, 평균 프레임 시간: 0.000000ms, 클라이언트 수: 0
[14:56:29.751] [INFO] 서버 FPS: 32.480316, 평균 프레임 시간: 0.000000ms, 클라이언트 수: 0
[14:56:30.779] [INFO] 서버 FPS: 33.464565, 평균 프레임 시간: 0.000000ms, 클라이언트 수: 0
[14:56:31.806] [INFO] 서버 FPS: 32.977692, 평균 프레임 시간: 0.000000ms, 클라이언트 수: 0
[14:56:32.821] [INFO] 서버 FPS: 32.512314, 평균 프레임 시간: 0.000000ms, 클라이언트 수: 0
[14:56:33.832] [INFO] 서버 FPS: 33.464565, 평균 프레임 시간: 0.000000ms, 클라이언트 수: 0
[14:56:34.863] [INFO] 서버 FPS: 33.947624, 평균 프레임 시간: 0.000000ms, 클라이언트 수: 0
[14:56:35.887] [INFO] 서버 FPS: 33.464565, 평균 프레임 시간: 0.000000ms, 클라이언트 수: 0
[14:56:36.904] [INFO] 서버 FPS: 34.448818, 평균 프레임 시간: 0.000000ms, 클라이언트 수: 0
[14:56:37.934] [INFO] 서버 FPS: 33.947624, 평균 프레임 시간: 0.000000ms, 클라이언트 수: 0
[14:56:38.946] [INFO] 서버 FPS: 32.512314, 평균 프레임 시간: 0.000000ms, 클라이언트 수: 0
[14:56:39.982] [INFO] 서버 FPS: 32.945736, 평균 프레임 시간: 0.000000ms, 클라이언트 수: 0
[14:56:41.013] [INFO] 서버 FPS: 32.977692, 평균 프레임 시간: 0.000000ms, 클라이언트 수: 0
[14:56:42.044] [INFO] 서버 FPS: 33.947624, 평균 프레임 시간: 0.000000ms, 클라이언트 수: 0
[14:56:43.069] [INFO] 서버 FPS: 32.977692, 평균 프레임 시간: 0.000000ms, 클라이언트 수: 0
[14:56:44.110] [INFO] 서버 FPS: 33.914730, 평균 프레임 시간: 0.000000ms, 클라이언트 수: 0
[14:56:45.139] [INFO] 서버 FPS: 34.917557, 평균 프레임 시간: 0.000000ms, 클라이언트 수: 0
[14:56:46.163] [INFO] 서버 FPS: 32.977692, 평균 프레임 시간: 0.000000ms, 클라이언트 수: 0
[14:56:47.202] [INFO] 서버 FPS: 32.977692, 평균 프레임 시간: 0.000000ms, 클라이언트 수: 0
[14:56:48.217] [INFO] 서버 FPS: 33.464565, 평균 프레임 시간: 0.000000ms, 클라이언트 수: 0
[14:56:49.229] [INFO] 서버 FPS: 32.480316, 평균 프레임 시간: 0.000000ms, 클라이언트 수: 0
[14:56:50.258] [INFO] 서버 FPS: 33.947624, 평균 프레임 시간: 0.000000ms, 클라이언트 수: 0
[14:56:51.282] [INFO] 서버 FPS: 32.007759, 평균 프레임 시간: 0.000000ms, 클라이언트 수: 0
[14:56:52.311] [INFO] 서버 FPS: 33.464565, 평균 프레임 시간: 0.000000ms, 클라이언트 수: 0
[14:56:53.335] [INFO] 서버 FPS: 33.947624, 평균 프레임 시간: 0.000000ms, 클라이언트 수: 0
[14:56:54.363] [INFO] 서버 FPS: 33.947624, 평균 프레임 시간: 0.000000ms, 클라이언트 수: 0
[14:56:55.378] [INFO] 서버 FPS: 33.464565, 평균 프레임 시간: 0.000000ms, 클라이언트 수: 0
[14:56:56.406] [INFO] 서버 FPS: 33.464565, 평균 프레임 시간: 0.000000ms, 클라이언트 수: 0
[14:56:57.421] [INFO] 서버 FPS: 35.467979, 평균 프레임 시간: 0.000000ms, 클라이언트 수: 0
[14:56:58.448] [INFO] 서버 FPS: 32.977692, 평균 프레임 시간: 0.000000ms, 클라이언트 수: 0
[14:56:59.472] [INFO] 서버 FPS: 31.976744, 평균 프레임 시간: 0.000000ms, 클라이언트 수: 0
[14:57:00.502] [INFO] 서버 FPS: 32.977692, 평균 프레임 시간: 0.000000ms, 클라이언트 수: 0
[14:57:01.527] [INFO] 서버 FPS: 33.464565, 평균 프레임 시간: 0.000000ms, 클라이언트 수: 0
[14:57:02.540] [INFO] 서버 FPS: 33.497536, 평균 프레임 시간: 0.000000ms, 클라이언트 수: 0
[14:57:03.571] [INFO] 서버 FPS: 32.977692, 평균 프레임 시간: 0.000000ms, 클라이언트 수: 0
[14:57:04.604] [INFO] 서버 FPS: 36.821705, 평균 프레임 시간: 0.000000ms, 클라이언트 수: 0
[14:57:05.630] [INFO] 서버 FPS: 32.977692, 평균 프레임 시간: 0.000000ms, 클라이언트 수: 0
[14:57:06.643] [INFO] 서버 FPS: 33.464565, 평균 프레임 시간: 0.000000ms, 클라이언트 수: 0
[14:57:07.688] [INFO] 서버 FPS: 33.947624, 평균 프레임 시간: 0.000000ms, 클라이언트 수: 0
[14:57:08.699] [INFO] 서버 FPS: 32.512314, 평균 프레임 시간: 0.000000ms, 클라이언트 수: 0
[14:57:09.727] [INFO] 서버 FPS: 32.945736, 평균 프레임 시간: 0.000000ms, 클라이언트 수: 0
[14:57:10.743] [INFO] 서버 FPS: 34.482758, 평균 프레임 시간: 0.000000ms, 클라이언트 수: 0
[14:57:11.756] [INFO] 서버 FPS: 32.480316, 평균 프레임 시간: 0.000000ms, 클라이언트 수: 0
[14:57:12.784] [INFO] 서버 FPS: 33.947624, 평균 프레임 시간: 0.000000ms, 클라이언트 수: 0
[14:57:13.825] [INFO] 서버 FPS: 32.977692, 평균 프레임 시간: 0.000000ms, 클라이언트 수: 0
[14:57:14.836] [INFO] 서버 FPS: 33.464565, 평균 프레임 시간: 0.000000ms, 클라이언트 수: 0
[14:57:15.849] [INFO] 서버 FPS: 32.480316, 평균 프레임 시간: 0.000000ms, 클라이언트 수: 0
[14:57:16.876] [INFO] 서버 FPS: 33.497536, 평균 프레임 시간: 0.000000ms, 클라이언트 수: 0
[14:57:17.900] [INFO] 서버 FPS: 32.945736, 평균 프레임 시간: 0.049445ms, 클라이언트 수: 0
[14:57:18.927] [INFO] 서버 FPS: 32.977692, 평균 프레임 시간: 0.001375ms, 클라이언트 수: 0
[14:57:19.938] [INFO] 서버 FPS: 34.482758, 평균 프레임 시간: 0.000034ms, 클라이언트 수: 0
[14:57:20.981] [INFO] 서버 FPS: 33.914730, 평균 프레임 시간: 0.000001ms, 클라이언트 수: 0
[14:57:21.988] [INFO] 서버 FPS: 33.497536, 평균 프레임 시간: 0.000000ms, 클라이언트 수: 0
[14:57:23.015] [INFO] 서버 FPS: 32.480316, 평균 프레임 시간: 0.000000ms, 클라이언트 수: 0
[14:57:24.043] [INFO] 서버 FPS: 32.007759, 평균 프레임 시간: 0.000000ms, 클라이언트 수: 0
[14:57:25.060] [INFO] 서버 FPS: 35.433071, 평균 프레임 시간: 0.000000ms, 클라이언트 수: 0
[14:57:26.086] [INFO] 서버 FPS: 32.007759, 평균 프레임 시간: 0.000000ms, 클라이언트 수: 0
[14:57:27.116] [INFO] 서버 FPS: 34.917557, 평균 프레임 시간: 0.000000ms, 클라이언트 수: 0
[14:57:28.146] [INFO] 서버 FPS: 32.945736, 평균 프레임 시간: 0.000000ms, 클라이언트 수: 0
[14:57:29.172] [INFO] 서버 FPS: 32.512314, 평균 프레임 시간: 0.000000ms, 클라이언트 수: 0
[14:57:30.185] [INFO] 서버 FPS: 33.464565, 평균 프레임 시간: 0.000000ms, 클라이언트 수: 0
[14:57:31.196] [INFO] 서버 FPS: 32.512314, 평균 프레임 시간: 0.000000ms, 클라이언트 수: 0
[14:57:32.224] [INFO] 서버 FPS: 32.945736, 평균 프레임 시간: 0.000000ms, 클라이언트 수: 0
[14:57:33.252] [INFO] 서버 FPS: 32.977692, 평균 프레임 시간: 0.000000ms, 클라이언트 수: 0
[14:57:34.279] [INFO] 서버 FPS: 34.448818, 평균 프레임 시간: 0.000000ms, 클라이언트 수: 0
[14:57:35.286] [INFO] 서버 FPS: 32.512314, 평균 프레임 시간: 0.000000ms, 클라이언트 수: 0
[14:57:36.323] [INFO] 서버 FPS: 32.977692, 평균 프레임 시간: 0.000000ms, 클라이언트 수: 0
[14:57:37.348] [INFO] 서버 FPS: 32.945736, 평균 프레임 시간: 0.000000ms, 클라이언트 수: 0
[14:57:38.362] [INFO] 서버 FPS: 33.497536, 평균 프레임 시간: 0.000000ms, 클라이언트 수: 0
[14:57:39.389] [INFO] 서버 FPS: 33.464565, 평균 프레임 시간: 0.000000ms, 클라이언트 수: 0
[14:57:40.403] [INFO] 서버 FPS: 32.480316, 평균 프레임 시간: 0.000000ms, 클라이언트 수: 0
[14:57:41.411] [INFO] 서버 FPS: 33.497536, 평균 프레임 시간: 0.000000ms, 클라이언트 수: 0
[14:57:42.449] [INFO] 서버 FPS: 32.977692, 평균 프레임 시간: 0.000000ms, 클라이언트 수: 0
[14:57:43.474] [INFO] 서버 FPS: 33.914730, 평균 프레임 시간: 0.000000ms, 클라이언트 수: 0
[14:57:44.497] [INFO] 서버 FPS: 33.497536, 평균 프레임 시간: 0.000000ms, 클라이언트 수: 0
[14:57:45.507] [INFO] 서버 FPS: 32.480316, 평균 프레임 시간: 0.000000ms, 클라이언트 수: 0
[14:57:46.517] [INFO] 서버 FPS: 32.480316, 평균 프레임 시간: 0.000000ms, 클라이언트 수: 0
[14:57:47.562] [INFO] 서버 FPS: 34.917557, 평균 프레임 시간: 0.000000ms, 클라이언트 수: 0
[14:57:48.589] [INFO] 서버 FPS: 32.977692, 평균 프레임 시간: 0.000000ms, 클라이언트 수: 0
[14:57:49.603] [INFO] 서버 FPS: 34.448818, 평균 프레임 시간: 0.000000ms, 클라이언트 수: 0
[14:57:50.633] [INFO] 서버 FPS: 33.947624, 평균 프레임 시간: 0.000000ms, 클라이언트 수: 0
[14:57:51.642] [INFO] 서버 FPS: 32.480316, 평균 프레임 시간: 0.000000ms, 클라이언트 수: 0
[14:57:52.680] [INFO] 서버 FPS: 33.947624, 평균 프레임 시간: 0.000000ms, 클라이언트 수: 0
[14:57:53.709] [INFO] 서버 FPS: 32.977692, 평균 프레임 시간: 0.000000ms, 클라이언트 수: 0
[14:57:54.738] [INFO] 서버 FPS: 33.947624, 평균 프레임 시간: 0.000000ms, 클라이언트 수: 0
[14:57:55.765] [INFO] 서버 FPS: 32.480316, 평균 프레임 시간: 0.000000ms, 클라이언트 수: 0
[14:57:56.775] [INFO] 서버 FPS: 32.480316, 평균 프레임 시간: 0.000000ms, 클라이언트 수: 0
[14:57:57.803] [INFO] 서버 FPS: 33.947624, 평균 프레임 시간: 0.000000ms, 클라이언트 수: 0
[14:57:58.843] [INFO] 서버 FPS: 33.947624, 평균 프레임 시간: 0.000000ms, 클라이언트 수: 0
[14:57:59.852] [INFO] 서버 FPS: 32.480316, 평균 프레임 시간: 0.000000ms, 클라이언트 수: 0
[14:58:00.864] [INFO] 서버 FPS: 32.512314, 평균 프레임 시간: 0.000000ms, 클라이언트 수: 0
[14:58:01.876] [INFO] 서버 FPS: 33.464565, 평균 프레임 시간: 0.000000ms, 클라이언트 수: 0
[14:58:02.921] [INFO] 서버 FPS: 33.947624, 평균 프레임 시간: 0.000000ms, 클라이언트 수: 0
[14:58:03.945] [INFO] 서버 FPS: 32.977692, 평균 프레임 시간: 0.000000ms, 클라이언트 수: 0
[14:58:04.957] [INFO] 서버 FPS: 33.464565, 평균 프레임 시간: 0.000000ms, 클라이언트 수: 0
[14:58:05.983] [INFO] 서버 FPS: 34.448818, 평균 프레임 시간: 0.000000ms, 클라이언트 수: 0
[14:58:06.994] [INFO] 서버 FPS: 33.497536, 평균 프레임 시간: 0.000000ms, 클라이언트 수: 0
[14:58:08.018] [INFO] 서버 FPS: 31.976744, 평균 프레임 시간: 0.000000ms, 클라이언트 수: 0
[14:58:09.044] [INFO] 서버 FPS: 33.497536, 평균 프레임 시간: 0.000000ms, 클라이언트 수: 0
[14:58:10.073] [INFO] 서버 FPS: 32.977692, 평균 프레임 시간: 0.000000ms, 클라이언트 수: 0
[14:58:11.095] [INFO] 서버 FPS: 33.914730, 평균 프레임 시간: 0.000000ms, 클라이언트 수: 0
[14:58:12.134] [INFO] 서버 FPS: 32.977692, 평균 프레임 시간: 0.000000ms, 클라이언트 수: 0
[14:58:13.158] [INFO] 서버 FPS: 32.977692, 평균 프레임 시간: 0.000000ms, 클라이언트 수: 0
[14:58:14.199] [INFO] 서버 FPS: 33.947624, 평균 프레임 시간: 0.000000ms, 클라이언트 수: 0
[14:58:15.208] [INFO] 서버 FPS: 32.480316, 평균 프레임 시간: 0.000000ms, 클라이언트 수: 0
[14:58:16.246] [INFO] 서버 FPS: 32.977692, 평균 프레임 시간: 0.000000ms, 클라이언트 수: 0
[14:58:17.277] [INFO] 서버 FPS: 32.945736, 평균 프레임 시간: 0.000000ms, 클라이언트 수: 0
[14:58:18.291] [INFO] 서버 FPS: 35.467979, 평균 프레임 시간: 0.000000ms, 클라이언트 수: 0
[14:58:19.320] [INFO] 서버 FPS: 33.947624, 평균 프레임 시간: 0.000000ms, 클라이언트 수: 0
[14:58:20.333] [INFO] 서버 FPS: 32.480316, 평균 프레임 시간: 0.000000ms, 클라이언트 수: 0
[14:58:21.357] [INFO] 서버 FPS: 33.464565, 평균 프레임 시간: 0.000000ms, 클라이언트 수: 0
[14:58:22.365] [INFO] 서버 FPS: 32.512314, 평균 프레임 시간: 0.000000ms, 클라이언트 수: 0
[14:58:23.378] [INFO] 서버 FPS: 33.464565, 평균 프레임 시간: 0.000000ms, 클라이언트 수: 0
[14:58:24.405] [INFO] 서버 FPS: 32.480316, 평균 프레임 시간: 0.000000ms, 클라이언트 수: 0
[14:58:25.435] [INFO] 서버 FPS: 32.007759, 평균 프레임 시간: 0.000000ms, 클라이언트 수: 0
[14:58:26.442] [INFO] 서버 FPS: 32.512314, 평균 프레임 시간: 0.000000ms, 클라이언트 수: 0
[14:58:27.454] [INFO] 서버 FPS: 32.480316, 평균 프레임 시간: 0.000000ms, 클라이언트 수: 0
[14:58:28.484] [INFO] 서버 FPS: 33.464565, 평균 프레임 시간: 0.000000ms, 클라이언트 수: 0
[14:58:29.515] [INFO] 서버 FPS: 33.947624, 평균 프레임 시간: 0.000000ms, 클라이언트 수: 0
[14:58:30.526] [INFO] 서버 FPS: 32.480316, 평균 프레임 시간: 0.000000ms, 클라이언트 수: 0
[14:58:31.539] [INFO] 서버 FPS: 32.512314, 평균 프레임 시간: 0.000000ms, 클라이언트 수: 0
[14:58:32.551] [INFO] 서버 FPS: 32.480316, 평균 프레임 시간: 0.000000ms, 클라이언트 수: 0
[14:58:33.565] [INFO] 서버 FPS: 32.512314, 평균 프레임 시간: 0.000000ms, 클라이언트 수: 0
[14:58:34.596] [INFO] 서버 FPS: 32.945736, 평균 프레임 시간: 0.000000ms, 클라이언트 수: 0
[14:58:35.626] [INFO] 서버 FPS: 32.512314, 평균 프레임 시간: 0.000000ms, 클라이언트 수: 0
[14:58:36.656] [INFO] 서버 FPS: 31.976744, 평균 프레임 시간: 0.000000ms, 클라이언트 수: 0
[14:58:37.688] [INFO] 서버 FPS: 32.007759, 평균 프레임 시간: 0.000000ms, 클라이언트 수: 0
[14:58:38.717] [INFO] 서버 FPS: 32.007759, 평균 프레임 시간: 0.000000ms, 클라이언트 수: 0
[14:58:39.746] [INFO] 서버 FPS: 32.007759, 평균 프레임 시간: 0.000000ms, 클라이언트 수: 0
[14:58:40.777] [INFO] 서버 FPS: 32.945736, 평균 프레임 시간: 0.000000ms, 클라이언트 수: 0
[14:58:41.808] [INFO] 서버 FPS: 32.007759, 평균 프레임 시간: 0.000000ms, 클라이언트 수: 0
[14:58:42.823] [INFO] 서버 FPS: 32.512314, 평균 프레임 시간: 0.000000ms, 클라이언트 수: 0
[14:58:43.842] [INFO] 서버 FPS: 32.480316, 평균 프레임 시간: 0.000000ms, 클라이언트 수: 0
[14:58:44.857] [INFO] 서버 FPS: 33.464565, 평균 프레임 시간: 0.000000ms, 클라이언트 수: 0
[14:58:45.873] [INFO] 서버 FPS: 32.512314, 평균 프레임 시간: 0.000000ms, 클라이언트 수: 0
[14:58:46.890] [INFO] 서버 FPS: 32.480316, 평균 프레임 시간: 0.000000ms, 클라이언트 수: 0
[14:58:47.904] [INFO] 서버 FPS: 32.480316, 평균 프레임 시간: 0.000000ms, 클라이언트 수: 0
[14:58:48.919] [INFO] 서버 FPS: 32.512314, 평균 프레임 시간: 0.000000ms, 클라이언트 수: 0
[14:58:49.949] [INFO] 서버 FPS: 32.007759, 평균 프레임 시간: 0.000000ms, 클라이언트 수: 0
[14:58:50.960] [INFO] 서버 FPS: 32.480316, 평균 프레임 시간: 0.000000ms, 클라이언트 수: 0
[14:58:51.987] [INFO] 서버 FPS: 32.977692, 평균 프레임 시간: 0.000000ms, 클라이언트 수: 0
[14:58:53.001] [INFO] 서버 FPS: 32.480316, 평균 프레임 시간: 0.000000ms, 클라이언트 수: 0
[14:58:54.046] [INFO] 서버 FPS: 32.977692, 평균 프레임 시간: 0.000000ms, 클라이언트 수: 0
[14:58:55.075] [INFO] 서버 FPS: 32.977692, 평균 프레임 시간: 0.000000ms, 클라이언트 수: 0
[14:58:56.105] [INFO] 서버 FPS: 32.945736, 평균 프레임 시간: 0.000000ms, 클라이언트 수: 0
[14:58:57.129] [INFO] 서버 FPS: 32.977692, 평균 프레임 시간: 0.000000ms, 클라이언트 수: 0
[14:58:58.156] [INFO] 서버 FPS: 32.480316, 평균 프레임 시간: 0.000000ms, 클라이언트 수: 0
[14:58:59.169] [INFO] 서버 FPS: 32.512314, 평균 프레임 시간: 0.000000ms, 클라이언트 수: 0
[14:59:00.183] [INFO] 서버 FPS: 32.480316, 평균 프레임 시간: 0.000000ms, 클라이언트 수: 0
[14:59:01.214] [INFO] 서버 FPS: 32.977692, 평균 프레임 시간: 0.000000ms, 클라이언트 수: 0
[14:59:02.244] [INFO] 서버 FPS: 32.977692, 평균 프레임 시간: 0.000000ms, 클라이언트 수: 0
[14:59:03.270] [INFO] 서버 FPS: 31.976744, 평균 프레임 시간: 0.000000ms, 클라이언트 수: 0
[14:59:04.288] [INFO] 서버 FPS: 32.512314, 평균 프레임 시간: 0.000000ms, 클라이언트 수: 0
[14:59:05.318] [INFO] 서버 FPS: 32.007759, 평균 프레임 시간: 0.000000ms, 클라이언트 수: 0
[14:59:06.333] [INFO] 서버 FPS: 32.480316, 평균 프레임 시간: 0.000000ms, 클라이언트 수: 0
[14:59:07.347] [INFO] 서버 FPS: 32.480316, 평균 프레임 시간: 0.000000ms, 클라이언트 수: 0
[14:59:08.380] [INFO] 서버 FPS: 32.007759, 평균 프레임 시간: 0.000000ms, 클라이언트 수: 0
[14:59:09.409] [INFO] 서버 FPS: 32.007759, 평균 프레임 시간: 0.000000ms, 클라이언트 수: 0
[14:59:10.424] [INFO] 서버 FPS: 32.480316, 평균 프레임 시간: 0.000000ms, 클라이언트 수: 0
[14:59:11.440] [INFO] 서버 FPS: 32.512314, 평균 프레임 시간: 0.000000ms, 클라이언트 수: 0
[14:59:12.455] [INFO] 서버 FPS: 32.480316, 평균 프레임 시간: 0.000000ms, 클라이언트 수: 0
[14:59:13.487] [INFO] 서버 FPS: 32.977692, 평균 프레임 시간: 0.000000ms, 클라이언트 수: 0
[14:59:14.528] [INFO] 서버 FPS: 32.945736, 평균 프레임 시간: 0.000000ms, 클라이언트 수: 0
[14:59:15.540] [INFO] 서버 FPS: 32.512314, 평균 프레임 시간: 0.000000ms, 클라이언트 수: 0
[14:59:16.553] [INFO] 서버 FPS: 32.480316, 평균 프레임 시간: 0.000000ms, 클라이언트 수: 0
[14:59:17.580] [INFO] 서버 FPS: 32.007759, 평균 프레임 시간: 0.000000ms, 클라이언트 수: 0
[14:59:18.625] [INFO] 서버 FPS: 32.977692, 평균 프레임 시간: 0.000000ms, 클라이언트 수: 0
[14:59:19.654] [INFO] 서버 FPS: 31.976744, 평균 프레임 시간: 0.000000ms, 클라이언트 수: 0
[14:59:20.665] [INFO] 서버 FPS: 32.512314, 평균 프레임 시간: 0.000000ms, 클라이언트 수: 0
[14:59:21.697] [INFO] 서버 FPS: 32.977692, 평균 프레임 시간: 0.000000ms, 클라이언트 수: 0
[14:59:22.727] [INFO] 서버 FPS: 31.976744, 평균 프레임 시간: 0.000000ms, 클라이언트 수: 0
[14:59:23.751] [INFO] 서버 FPS: 32.007759, 평균 프레임 시간: 0.000000ms, 클라이언트 수: 0
[14:59:24.796] [INFO] 서버 FPS: 32.977692, 평균 프레임 시간: 0.000000ms, 클라이언트 수: 0
[14:59:25.826] [INFO] 서버 FPS: 32.007759, 평균 프레임 시간: 0.000000ms, 클라이언트 수: 0
[14:59:26.856] [INFO] 서버 FPS: 31.976744, 평균 프레임 시간: 0.000000ms, 클라이언트 수: 0
[14:59:27.889] [INFO] 서버 FPS: 32.977692, 평균 프레임 시간: 0.000000ms, 클라이언트 수: 0
[14:59:28.916] [INFO] 서버 FPS: 32.977692, 평균 프레임 시간: 0.000000ms, 클라이언트 수: 0
[14:59:29.932] [INFO] 서버 FPS: 32.480316, 평균 프레임 시간: 0.000000ms, 클라이언트 수: 0
[14:59:30.949] [INFO] 서버 FPS: 33.497536, 평균 프레임 시간: 0.000000ms, 클라이언트 수: 0
[14:59:31.959] [INFO] 서버 FPS: 32.480316, 평균 프레임 시간: 0.000000ms, 클라이언트 수: 0
[14:59:32.990] [INFO] 서버 FPS: 32.007759, 평균 프레임 시간: 0.000000ms, 클라이언트 수: 0
[14:59:34.022] [INFO] 서버 FPS: 33.914730, 평균 프레임 시간: 0.000000ms, 클라이언트 수: 0
[14:59:35.034] [INFO] 서버 FPS: 32.512314, 평균 프레임 시간: 0.000000ms, 클라이언트 수: 0
[14:59:36.065] [INFO] 서버 FPS: 32.007759, 평균 프레임 시간: 0.000000ms, 클라이언트 수: 0
[14:59:37.080] [INFO] 서버 FPS: 32.480316, 평균 프레임 시간: 0.000000ms, 클라이언트 수: 0
[14:59:38.124] [INFO] 서버 FPS: 32.977692, 평균 프레임 시간: 0.000000ms, 클라이언트 수: 0
[14:59:39.135] [INFO] 서버 FPS: 32.480316, 평균 프레임 시간: 0.000000ms, 클라이언트 수: 0
[14:59:40.149] [INFO] 서버 FPS: 32.480316, 평균 프레임 시간: 0.000000ms, 클라이언트 수: 0
[14:59:41.179] [INFO] 서버 FPS: 32.007759, 평균 프레임 시간: 0.000000ms, 클라이언트 수: 0
[14:59:42.206] [INFO] 서버 FPS: 32.007759, 평균 프레임 시간: 0.000000ms, 클라이언트 수: 0
[14:59:43.223] [INFO] 서버 FPS: 32.480316, 평균 프레임 시간: 0.000000ms, 클라이언트 수: 0
[14:59:44.249] [INFO] 서버 FPS: 33.497536, 평균 프레임 시간: 0.000000ms, 클라이언트 수: 0
[14:59:45.265] [INFO] 서버 FPS: 32.480316, 평균 프레임 시간: 0.000000ms, 클라이언트 수: 0
[14:59:46.293] [INFO] 서버 FPS: 33.947624, 평균 프레임 시간: 0.000000ms, 클라이언트 수: 0
[14:59:47.305] [INFO] 서버 FPS: 32.480316, 평균 프레임 시간: 0.000000ms, 클라이언트 수: 0
[14:59:48.322] [INFO] 서버 FPS: 32.512314, 평균 프레임 시간: 0.000000ms, 클라이언트 수: 0
[14:59:49.335] [INFO] 서버 FPS: 32.480316, 평균 프레임 시간: 0.000000ms, 클라이언트 수: 0
[14:59:50.345] [INFO] 서버 FPS: 32.480316, 평균 프레임 시간: 0.000000ms, 클라이언트 수: 0
[14:59:51.371] [INFO] 서버 FPS: 32.512314, 평균 프레임 시간: 0.000000ms, 클라이언트 수: 0
[14:59:52.400] [INFO] 서버 FPS: 33.914730, 평균 프레임 시간: 0.000000ms, 클라이언트 수: 0
[14:59:53.409] [INFO] 서버 FPS: 32.512314, 평균 프레임 시간: 0.000000ms, 클라이언트 수: 0
[14:59:54.425] [INFO] 서버 FPS: 33.464565, 평균 프레임 시간: 0.000000ms, 클라이언트 수: 0
[14:59:55.455] [INFO] 서버 FPS: 32.007759, 평균 프레임 시간: 0.000000ms, 클라이언트 수: 0
[14:59:56.485] [INFO] 서버 FPS: 33.464565, 평균 프레임 시간: 0.000000ms, 클라이언트 수: 0
[14:59:57.498] [INFO] 서버 FPS: 32.512314, 평균 프레임 시간: 0.000000ms, 클라이언트 수: 0
[14:59:58.531] [INFO] 서버 FPS: 31.976744, 평균 프레임 시간: 0.000000ms, 클라이언트 수: 0
[14:59:59.545] [INFO] 서버 FPS: 32.512314, 평균 프레임 시간: 0.000000ms, 클라이언트 수: 0
[15:00:00.569] [INFO] 서버 FPS: 32.977692, 평균 프레임 시간: 0.000000ms, 클라이언트 수: 0
[15:00:01.593] [INFO] 서버 FPS: 34.448818, 평균 프레임 시간: 0.000000ms, 클라이언트 수: 0
[15:00:02.618] [INFO] 서버 FPS: 32.007759, 평균 프레임 시간: 0.000000ms, 클라이언트 수: 0
[15:00:03.647] [INFO] 서버 FPS: 31.976744, 평균 프레임 시간: 0.000000ms, 클라이언트 수: 0
[15:00:04.657] [INFO] 서버 FPS: 32.512314, 평균 프레임 시간: 0.000000ms, 클라이언트 수: 0
[15:00:05.688] [INFO] 서버 FPS: 33.464565, 평균 프레임 시간: 0.000000ms, 클라이언트 수: 0
[15:00:06.688] [INFO] 서버 FPS: 32.512314, 평균 프레임 시간: 0.000000ms, 클라이언트 수: 0
[15:00:07.729] [INFO] 서버 FPS: 33.914730, 평균 프레임 시간: 0.000000ms, 클라이언트 수: 0
[15:00:08.758] [INFO] 서버 FPS: 32.977692, 평균 프레임 시간: 0.000000ms, 클라이언트 수: 0
[15:00:09.767] [INFO] 서버 FPS: 32.480316, 평균 프레임 시간: 0.000000ms, 클라이언트 수: 0
[15:00:10.811] [INFO] 서버 FPS: 32.977692, 평균 프레임 시간: 0.000000ms, 클라이언트 수: 0
[15:00:11.825] [INFO] 서버 FPS: 32.512314, 평균 프레임 시간: 0.000000ms, 클라이언트 수: 0
[15:00:12.852] [INFO] 서버 FPS: 31.976744, 평균 프레임 시간: 0.000000ms, 클라이언트 수: 0
[15:00:13.863] [INFO] 서버 FPS: 32.512314, 평균 프레임 시간: 0.000000ms, 클라이언트 수: 0
[15:00:14.878] [INFO] 서버 FPS: 32.480316, 평균 프레임 시간: 0.000000ms, 클라이언트 수: 0
[15:00:15.909] [INFO] 서버 FPS: 32.977692, 평균 프레임 시간: 0.000000ms, 클라이언트 수: 0
[15:00:16.936] [INFO] 서버 FPS: 33.464565, 평균 프레임 시간: 0.000000ms, 클라이언트 수: 0
[15:00:17.945] [INFO] 서버 FPS: 32.512314, 평균 프레임 시간: 0.000000ms, 클라이언트 수: 0
[15:00:18.972] [INFO] 서버 FPS: 31.976744, 평균 프레임 시간: 0.000000ms, 클라이언트 수: 0
[15:00:20.014] [INFO] 서버 FPS: 32.977692, 평균 프레임 시간: 0.000000ms, 클라이언트 수: 0
[15:00:21.044] [INFO] 서버 FPS: 32.977692, 평균 프레임 시간: 0.000000ms, 클라이언트 수: 0
[15:00:22.073] [INFO] 서버 FPS: 32.977692, 평균 프레임 시간: 0.000000ms, 클라이언트 수: 0
[15:00:23.089] [INFO] 서버 FPS: 33.464565, 평균 프레임 시간: 0.000000ms, 클라이언트 수: 0
[15:00:24.102] [INFO] 서버 FPS: 32.480316, 평균 프레임 시간: 0.000000ms, 클라이언트 수: 0
[15:00:25.117] [INFO] 서버 FPS: 32.512314, 평균 프레임 시간: 0.000000ms, 클라이언트 수: 0
[15:00:26.128] [INFO] 서버 FPS: 32.480316, 평균 프레임 시간: 0.000000ms, 클라이언트 수: 0
[15:00:27.154] [INFO] 서버 FPS: 32.480316, 평균 프레임 시간: 0.000000ms, 클라이언트 수: 0
[15:00:28.178] [INFO] 서버 FPS: 32.977692, 평균 프레임 시간: 0.000000ms, 클라이언트 수: 0
[15:00:29.204] [INFO] 서버 FPS: 32.512314, 평균 프레임 시간: 0.000000ms, 클라이언트 수: 0
[15:00:30.232] [INFO] 서버 FPS: 32.945736, 평균 프레임 시간: 0.000000ms, 클라이언트 수: 0
[15:00:31.257] [INFO] 서버 FPS: 32.007759, 평균 프레임 시간: 0.000000ms, 클라이언트 수: 0
[15:00:32.283] [INFO] 서버 FPS: 32.007759, 평균 프레임 시간: 0.000000ms, 클라이언트 수: 0
[15:00:33.311] [INFO] 서버 FPS: 33.464565, 평균 프레임 시간: 0.000000ms, 클라이언트 수: 0
[15:00:34.325] [INFO] 서버 FPS: 32.512314, 평균 프레임 시간: 0.000000ms, 클라이언트 수: 0
[15:00:35.355] [INFO] 서버 FPS: 31.976744, 평균 프레임 시간: 0.000000ms, 클라이언트 수: 0
[15:00:36.367] [INFO] 서버 FPS: 32.512314, 평균 프레임 시간: 0.000000ms, 클라이언트 수: 0
[15:00:37.380] [INFO] 서버 FPS: 32.480316, 평균 프레임 시간: 0.000000ms, 클라이언트 수: 0
[15:00:38.394] [INFO] 서버 FPS: 32.480316, 평균 프레임 시간: 0.000000ms, 클라이언트 수: 0
[15:00:39.429] [INFO] 서버 FPS: 34.917557, 평균 프레임 시간: 0.000000ms, 클라이언트 수: 0
[15:00:40.443] [INFO] 서버 FPS: 33.497536, 평균 프레임 시간: 0.000000ms, 클라이언트 수: 0
[15:00:41.457] [INFO] 서버 FPS: 32.480316, 평균 프레임 시간: 0.000000ms, 클라이언트 수: 0
[15:00:42.500] [INFO] 서버 FPS: 32.977692, 평균 프레임 시간: 0.000000ms, 클라이언트 수: 0
[15:00:43.517] [INFO] 서버 FPS: 31.976744, 평균 프레임 시간: 0.000000ms, 클라이언트 수: 0
[15:00:44.545] [INFO] 서버 FPS: 32.512314, 평균 프레임 시간: 0.000000ms, 클라이언트 수: 0
[15:00:45.573] [INFO] 서버 FPS: 32.007759, 평균 프레임 시간: 0.000000ms, 클라이언트 수: 0
[15:00:46.597] [INFO] 서버 FPS: 31.976744, 평균 프레임 시간: 0.000000ms, 클라이언트 수: 0
[15:00:47.640] [INFO] 서버 FPS: 32.977692, 평균 프레임 시간: 0.000000ms, 클라이언트 수: 0
[15:00:48.669] [INFO] 서버 FPS: 32.977692, 평균 프레임 시간: 0.000000ms, 클라이언트 수: 0
[15:00:49.683] [INFO] 서버 FPS: 32.480316, 평균 프레임 시간: 0.000000ms, 클라이언트 수: 0
[15:00:50.697] [INFO] 서버 FPS: 33.497536, 평균 프레임 시간: 0.000000ms, 클라이언트 수: 0
[15:00:51.728] [INFO] 서버 FPS: 32.945736, 평균 프레임 시간: 0.000000ms, 클라이언트 수: 0
[15:00:52.759] [INFO] 서버 FPS: 32.007759, 평균 프레임 시간: 0.000000ms, 클라이언트 수: 0
[15:00:53.787] [INFO] 서버 FPS: 32.007759, 평균 프레임 시간: 0.000000ms, 클라이언트 수: 0
[15:00:54.815] [INFO] 서버 FPS: 32.007759, 평균 프레임 시간: 0.000000ms, 클라이언트 수: 0
[15:00:55.842] [INFO] 서버 FPS: 33.464565, 평균 프레임 시간: 0.000000ms, 클라이언트 수: 0
[15:00:56.867] [INFO] 서버 FPS: 32.007759, 평균 프레임 시간: 0.000000ms, 클라이언트 수: 0
[15:00:57.896] [INFO] 서버 FPS: 31.976744, 평균 프레임 시간: 0.000000ms, 클라이언트 수: 0
[15:00:58.922] [INFO] 서버 FPS: 32.512314, 평균 프레임 시간: 0.000000ms, 클라이언트 수: 0
[15:00:59.935] [INFO] 서버 FPS: 32.480316, 평균 프레임 시간: 0.000000ms, 클라이언트 수: 0
[15:01:00.946] [INFO] 서버 FPS: 32.512314, 평균 프레임 시간: 0.000000ms, 클라이언트 수: 0
[15:01:01.975] [INFO] 서버 FPS: 32.945736, 평균 프레임 시간: 0.000000ms, 클라이언트 수: 0
[15:01:03.005] [INFO] 서버 FPS: 32.977692, 평균 프레임 시간: 0.000000ms, 클라이언트 수: 0
[15:01:04.036] [INFO] 서버 FPS: 33.947624, 평균 프레임 시간: 0.000000ms, 클라이언트 수: 0
[15:01:05.069] [INFO] 서버 FPS: 32.977692, 평균 프레임 시간: 0.000000ms, 클라이언트 수: 0
[15:01:06.109] [INFO] 서버 FPS: 32.945736, 평균 프레임 시간: 0.000000ms, 클라이언트 수: 0
[15:01:07.140] [INFO] 서버 FPS: 32.977692, 평균 프레임 시간: 0.000000ms, 클라이언트 수: 0
[15:01:08.169] [INFO] 서버 FPS: 32.977692, 평균 프레임 시간: 0.000000ms, 클라이언트 수: 0
[15:01:09.197] [INFO] 서버 FPS: 32.977692, 평균 프레임 시간: 0.000000ms, 클라이언트 수: 0
[15:01:10.226] [INFO] 서버 FPS: 32.945736, 평균 프레임 시간: 0.000000ms, 클라이언트 수: 0
[15:01:11.253] [INFO] 서버 FPS: 32.007759, 평균 프레임 시간: 0.000000ms, 클라이언트 수: 0
[15:01:12.282] [INFO] 서버 FPS: 32.977692, 평균 프레임 시간: 0.000000ms, 클라이언트 수: 0
[15:01:13.310] [INFO] 서버 FPS: 32.480316, 평균 프레임 시간: 0.000000ms, 클라이언트 수: 0
[15:01:14.335] [INFO] 서버 FPS: 32.007759, 평균 프레임 시간: 0.000000ms, 클라이언트 수: 0
[15:01:15.348] [INFO] 서버 FPS: 32.480316, 평균 프레임 시간: 0.000000ms, 클라이언트 수: 0
[15:01:16.379] [INFO] 서버 FPS: 33.947624, 평균 프레임 시간: 0.000000ms, 클라이언트 수: 0
[15:01:17.420] [INFO] 서버 FPS: 32.977692, 평균 프레임 시간: 0.000000ms, 클라이언트 수: 0
[15:01:18.450] [INFO] 서버 FPS: 32.007759, 평균 프레임 시간: 0.000000ms, 클라이언트 수: 0
[15:01:19.462] [INFO] 서버 FPS: 32.480316, 평균 프레임 시간: 0.000000ms, 클라이언트 수: 0
[15:01:20.489] [INFO] 서버 FPS: 32.007759, 평균 프레임 시간: 0.000000ms, 클라이언트 수: 0
[15:01:21.532] [INFO] 서버 FPS: 32.945736, 평균 프레임 시간: 0.000000ms, 클라이언트 수: 0
[15:01:22.557] [INFO] 서버 FPS: 32.007759, 평균 프레임 시간: 0.000000ms, 클라이언트 수: 0
[15:01:23.586] [INFO] 서버 FPS: 32.977692, 평균 프레임 시간: 0.000000ms, 클라이언트 수: 0
[15:01:24.615] [INFO] 서버 FPS: 32.007759, 평균 프레임 시간: 0.000000ms, 클라이언트 수: 0
[15:01:25.630] [INFO] 서버 FPS: 32.480316, 평균 프레임 시간: 0.000000ms, 클라이언트 수: 0
[15:01:26.644] [INFO] 서버 FPS: 32.480316, 평균 프레임 시간: 0.000000ms, 클라이언트 수: 0
[15:01:27.674] [INFO] 서버 FPS: 32.007759, 평균 프레임 시간: 0.000000ms, 클라이언트 수: 0
[15:01:28.690] [INFO] 서버 FPS: 32.512314, 평균 프레임 시간: 0.000000ms, 클라이언트 수: 0
[15:01:29.718] [INFO] 서버 FPS: 32.480316, 평균 프레임 시간: 0.000000ms, 클라이언트 수: 0
[15:01:30.749] [INFO] 서버 FPS: 32.007759, 평균 프레임 시간: 0.000000ms, 클라이언트 수: 0
[15:01:31.778] [INFO] 서버 FPS: 32.945736, 평균 프레임 시간: 0.000000ms, 클라이언트 수: 0
[15:01:32.808] [INFO] 서버 FPS: 32.007759, 평균 프레임 시간: 0.000000ms, 클라이언트 수: 0
[15:01:33.836] [INFO] 서버 FPS: 32.007759, 평균 프레임 시간: 0.000000ms, 클라이언트 수: 0
[15:01:34.851] [INFO] 서버 FPS: 32.480316, 평균 프레임 시간: 0.000000ms, 클라이언트 수: 0
[15:01:35.882] [INFO] 서버 FPS: 32.977692, 평균 프레임 시간: 0.000000ms, 클라이언트 수: 0
[15:01:36.899] [INFO] 서버 FPS: 32.480316, 평균 프레임 시간: 0.000000ms, 클라이언트 수: 0
[15:01:37.914] [INFO] 서버 FPS: 32.512314, 평균 프레임 시간: 0.000000ms, 클라이언트 수: 0
[15:01:38.945] [INFO] 서버 FPS: 32.007759, 평균 프레임 시간: 0.000000ms, 클라이언트 수: 0
[15:01:39.972] [INFO] 서버 FPS: 31.976744, 평균 프레임 시간: 0.000000ms, 클라이언트 수: 0
[15:01:40.988] [INFO] 서버 FPS: 32.512314, 평균 프레임 시간: 0.000000ms, 클라이언트 수: 0
[15:01:42.007] [INFO] 서버 FPS: 32.480316, 평균 프레임 시간: 0.000000ms, 클라이언트 수: 0
[15:01:43.027] [INFO] 서버 FPS: 32.480316, 평균 프레임 시간: 0.000000ms, 클라이언트 수: 0
[15:01:44.047] [INFO] 서버 FPS: 32.512314, 평균 프레임 시간: 0.000000ms, 클라이언트 수: 0
[15:01:45.078] [INFO] 서버 FPS: 32.007759, 평균 프레임 시간: 0.000000ms, 클라이언트 수: 0
[15:01:46.106] [INFO] 서버 FPS: 31.976744, 평균 프레임 시간: 0.000000ms, 클라이언트 수: 0
[15:01:47.139] [INFO] 서버 FPS: 32.977692, 평균 프레임 시간: 0.000000ms, 클라이언트 수: 0
[15:01:48.150] [INFO] 서버 FPS: 32.480316, 평균 프레임 시간: 0.000000ms, 클라이언트 수: 0
[15:01:49.167] [INFO] 서버 FPS: 33.497536, 평균 프레임 시간: 0.000000ms, 클라이언트 수: 0
[15:01:50.180] [INFO] 서버 FPS: 32.480316, 평균 프레임 시간: 0.000000ms, 클라이언트 수: 0
[15:01:51.195] [INFO] 서버 FPS: 32.512314, 평균 프레임 시간: 0.000000ms, 클라이언트 수: 0
[15:01:52.209] [INFO] 서버 FPS: 32.480316, 평균 프레임 시간: 0.000000ms, 클라이언트 수: 0
[15:01:53.240] [INFO] 서버 FPS: 32.007759, 평균 프레임 시간: 0.000000ms, 클라이언트 수: 0
[15:01:54.268] [INFO] 서버 FPS: 31.976744, 평균 프레임 시간: 0.000000ms, 클라이언트 수: 0
[15:01:55.282] [INFO] 서버 FPS: 32.512314, 평균 프레임 시간: 0.000000ms, 클라이언트 수: 0
[15:01:56.310] [INFO] 서버 FPS: 33.464565, 평균 프레임 시간: 0.000000ms, 클라이언트 수: 0
[15:01:57.335] [INFO] 서버 FPS: 32.977692, 평균 프레임 시간: 0.000000ms, 클라이언트 수: 0
[15:01:58.371] [INFO] 서버 FPS: 33.947624, 평균 프레임 시간: 0.000000ms, 클라이언트 수: 0
[15:01:59.385] [INFO] 서버 FPS: 33.464565, 평균 프레임 시간: 0.000000ms, 클라이언트 수: 0
[15:02:00.413] [INFO] 서버 FPS: 32.007759, 평균 프레임 시간: 0.000000ms, 클라이언트 수: 0
[15:02:01.442] [INFO] 서버 FPS: 32.977692, 평균 프레임 시간: 0.000000ms, 클라이언트 수: 0
[15:02:02.455] [INFO] 서버 FPS: 32.480316, 평균 프레임 시간: 0.000000ms, 클라이언트 수: 0
[15:02:03.497] [INFO] 서버 FPS: 32.977692, 평균 프레임 시간: 0.000000ms, 클라이언트 수: 0
[15:02:04.513] [INFO] 서버 FPS: 32.480316, 평균 프레임 시간: 0.000000ms, 클라이언트 수: 0
[15:02:05.539] [INFO] 서버 FPS: 32.977692, 평균 프레임 시간: 0.000000ms, 클라이언트 수: 0
[15:02:06.569] [INFO] 서버 FPS: 32.977692, 평균 프레임 시간: 0.000000ms, 클라이언트 수: 0
[15:02:07.597] [INFO] 서버 FPS: 32.945736, 평균 프레임 시간: 0.000000ms, 클라이언트 수: 0
[15:02:08.628] [INFO] 서버 FPS: 32.007759, 평균 프레임 시간: 0.000000ms, 클라이언트 수: 0
[15:02:09.643] [INFO] 서버 FPS: 32.480316, 평균 프레임 시간: 0.000000ms, 클라이언트 수: 0
[15:02:10.669] [INFO] 서버 FPS: 32.512314, 평균 프레임 시간: 0.000000ms, 클라이언트 수: 0
[15:02:11.699] [INFO] 서버 FPS: 32.977692, 평균 프레임 시간: 0.000000ms, 클라이언트 수: 0
[15:02:12.713] [INFO] 서버 FPS: 33.464565, 평균 프레임 시간: 0.000000ms, 클라이언트 수: 0
[15:02:13.727] [INFO] 서버 FPS: 33.464565, 평균 프레임 시간: 0.000000ms, 클라이언트 수: 0
[15:02:14.753] [INFO] 서버 FPS: 32.007759, 평균 프레임 시간: 0.000000ms, 클라이언트 수: 0
[15:02:15.781] [INFO] 서버 FPS: 33.464565, 평균 프레임 시간: 0.000000ms, 클라이언트 수: 0
[15:02:16.811] [INFO] 서버 FPS: 32.977692, 평균 프레임 시간: 0.000000ms, 클라이언트 수: 0
[15:02:17.842] [INFO] 서버 FPS: 32.977692, 평균 프레임 시간: 0.000000ms, 클라이언트 수: 0
[15:02:18.871] [INFO] 서버 FPS: 32.007759, 평균 프레임 시간: 0.000000ms, 클라이언트 수: 0
[15:02:19.885] [INFO] 서버 FPS: 32.480316, 평균 프레임 시간: 0.000000ms, 클라이언트 수: 0
[15:02:20.912] [INFO] 서버 FPS: 32.007759, 평균 프레임 시간: 0.000000ms, 클라이언트 수: 0
[15:02:21.953] [INFO] 서버 FPS: 32.977692, 평균 프레임 시간: 0.000000ms, 클라이언트 수: 0
[15:02:22.966] [INFO] 서버 FPS: 32.480316, 평균 프레임 시간: 0.000000ms, 클라이언트 수: 0
[15:02:23.993] [INFO] 서버 FPS: 32.977692, 평균 프레임 시간: 0.000000ms, 클라이언트 수: 0
[15:02:25.022] [INFO] 서버 FPS: 31.976744, 평균 프레임 시간: 0.000000ms, 클라이언트 수: 0
[15:02:26.052] [INFO] 서버 FPS: 33.947624, 평균 프레임 시간: 0.000000ms, 클라이언트 수: 0
[15:02:27.079] [INFO] 서버 FPS: 33.497536, 평균 프레임 시간: 0.000000ms, 클라이언트 수: 0
[15:02:28.095] [INFO] 서버 FPS: 33.464565, 평균 프레임 시간: 0.000000ms, 클라이언트 수: 0
[15:02:29.110] [INFO] 서버 FPS: 34.448818, 평균 프레임 시간: 0.044501ms, 클라이언트 수: 0
[15:02:30.124] [INFO] 서버 FPS: 32.512314, 평균 프레임 시간: 0.001375ms, 클라이언트 수: 0
[15:02:31.155] [INFO] 서버 FPS: 31.976744, 평균 프레임 시간: 0.000042ms, 클라이언트 수: 0
[15:02:32.181] [INFO] 서버 FPS: 32.007759, 평균 프레임 시간: 0.000001ms, 클라이언트 수: 0
[15:02:33.210] [INFO] 서버 FPS: 32.007759, 평균 프레임 시간: 0.000000ms, 클라이언트 수: 0
[15:02:34.223] [INFO] 서버 FPS: 32.480316, 평균 프레임 시간: 0.000000ms, 클라이언트 수: 0
[15:02:35.237] [INFO] 서버 FPS: 33.497536, 평균 프레임 시간: 0.000000ms, 클라이언트 수: 0
[15:02:36.265] [INFO] 서버 FPS: 32.480316, 평균 프레임 시간: 0.000000ms, 클라이언트 수: 0
[15:02:37.274] [INFO] 서버 FPS: 32.480316, 평균 프레임 시간: 0.000000ms, 클라이언트 수: 0
[15:02:38.285] [INFO] 서버 FPS: 32.512314, 평균 프레임 시간: 0.000000ms, 클라이언트 수: 0
[15:02:39.326] [INFO] 서버 FPS: 32.977692, 평균 프레임 시간: 0.000000ms, 클라이언트 수: 0
[15:02:40.355] [INFO] 서버 FPS: 32.945736, 평균 프레임 시간: 0.000000ms, 클라이언트 수: 0
[15:02:41.384] [INFO] 서버 FPS: 32.007759, 평균 프레임 시간: 0.000000ms, 클라이언트 수: 0
[15:02:42.411] [INFO] 서버 FPS: 32.007759, 평균 프레임 시간: 0.000000ms, 클라이언트 수: 0
[15:02:43.445] [INFO] 서버 FPS: 32.007759, 평균 프레임 시간: 0.000000ms, 클라이언트 수: 0
[15:02:44.475] [INFO] 서버 FPS: 31.976744, 평균 프레임 시간: 0.000000ms, 클라이언트 수: 0
[15:02:45.490] [INFO] 서버 FPS: 32.512314, 평균 프레임 시간: 0.000000ms, 클라이언트 수: 0
[15:02:46.503] [INFO] 서버 FPS: 32.480316, 평균 프레임 시간: 0.000000ms, 클라이언트 수: 0
[15:02:47.531] [INFO] 서버 FPS: 32.480316, 평균 프레임 시간: 0.000000ms, 클라이언트 수: 0
[15:02:48.543] [INFO] 서버 FPS: 32.512314, 평균 프레임 시간: 0.000000ms, 클라이언트 수: 0
[15:02:49.558] [INFO] 서버 FPS: 33.464565, 평균 프레임 시간: 0.000000ms, 클라이언트 수: 0
[15:02:50.567] [INFO] 서버 FPS: 32.512314, 평균 프레임 시간: 0.000000ms, 클라이언트 수: 0
[15:02:51.600] [INFO] 서버 FPS: 31.976744, 평균 프레임 시간: 0.000000ms, 클라이언트 수: 0
[15:02:52.627] [INFO] 서버 FPS: 32.977692, 평균 프레임 시간: 0.000000ms, 클라이언트 수: 0
[15:02:53.656] [INFO] 서버 FPS: 32.480316, 평균 프레임 시간: 0.000000ms, 클라이언트 수: 0
[15:02:54.670] [INFO] 서버 FPS: 33.497536, 평균 프레임 시간: 0.000000ms, 클라이언트 수: 0
[15:02:55.673] [INFO] 서버 FPS: 31.496063, 평균 프레임 시간: 0.000000ms, 클라이언트 수: 0
[15:02:56.719] [INFO] 서버 FPS: 34.917557, 평균 프레임 시간: 0.000000ms, 클라이언트 수: 0
[15:02:57.726] [INFO] 서버 FPS: 33.464565, 평균 프레임 시간: 0.049445ms, 클라이언트 수: 0
[15:02:58.738] [INFO] 서버 FPS: 32.512314, 평균 프레임 시간: 0.001528ms, 클라이언트 수: 0
[15:02:59.768] [INFO] 서버 FPS: 31.976744, 평균 프레임 시간: 0.000047ms, 클라이언트 수: 0
[15:03:00.802] [INFO] 서버 FPS: 33.947624, 평균 프레임 시간: 0.000001ms, 클라이언트 수: 0
[15:03:01.815] [INFO] 서버 FPS: 32.512314, 평균 프레임 시간: 0.000000ms, 클라이언트 수: 0
[15:03:02.841] [INFO] 서버 FPS: 32.480316, 평균 프레임 시간: 0.000000ms, 클라이언트 수: 0
[15:03:03.872] [INFO] 서버 FPS: 32.977692, 평균 프레임 시간: 0.000000ms, 클라이언트 수: 0
[15:03:04.902] [INFO] 서버 FPS: 32.945736, 평균 프레임 시간: 0.000000ms, 클라이언트 수: 0
[15:03:05.915] [INFO] 서버 FPS: 33.497536, 평균 프레임 시간: 0.000000ms, 클라이언트 수: 0
[15:03:06.931] [INFO] 서버 FPS: 32.480316, 평균 프레임 시간: 0.000000ms, 클라이언트 수: 0
[15:03:07.958] [INFO] 서버 FPS: 32.007759, 평균 프레임 시간: 0.000000ms, 클라이언트 수: 0
[15:03:08.989] [INFO] 서버 FPS: 32.977692, 평균 프레임 시간: 0.000000ms, 클라이언트 수: 0
[15:03:10.017] [INFO] 서버 FPS: 32.945736, 평균 프레임 시간: 0.000000ms, 클라이언트 수: 0
[15:03:11.044] [INFO] 서버 FPS: 32.512314, 평균 프레임 시간: 0.000000ms, 클라이언트 수: 0
[15:03:12.072] [INFO] 서버 FPS: 32.007759, 평균 프레임 시간: 0.000000ms, 클라이언트 수: 0
[15:03:13.102] [INFO] 서버 FPS: 31.976744, 평균 프레임 시간: 0.000000ms, 클라이언트 수: 0
[15:03:14.131] [INFO] 서버 FPS: 32.007759, 평균 프레임 시간: 0.000000ms, 클라이언트 수: 0
[15:03:15.146] [INFO] 서버 FPS: 33.464565, 평균 프레임 시간: 0.000000ms, 클라이언트 수: 0
[15:03:16.160] [INFO] 서버 FPS: 32.512314, 평균 프레임 시간: 0.000000ms, 클라이언트 수: 0
[15:03:17.191] [INFO] 서버 FPS: 32.007759, 평균 프레임 시간: 0.000000ms, 클라이언트 수: 0
[15:03:18.218] [INFO] 서버 FPS: 32.480316, 평균 프레임 시간: 0.000000ms, 클라이언트 수: 0
[15:03:19.233] [INFO] 서버 FPS: 32.480316, 평균 프레임 시간: 0.000000ms, 클라이언트 수: 0
[15:03:20.261] [INFO] 서버 FPS: 32.977692, 평균 프레임 시간: 0.000000ms, 클라이언트 수: 0
[15:03:21.296] [INFO] 서버 FPS: 32.977692, 평균 프레임 시간: 0.000000ms, 클라이언트 수: 0
[15:03:22.298] [INFO] 서버 FPS: 32.480316, 평균 프레임 시간: 0.000000ms, 클라이언트 수: 0
[15:03:23.344] [INFO] 서버 FPS: 32.977692, 평균 프레임 시간: 0.000000ms, 클라이언트 수: 0
[15:03:24.372] [INFO] 서버 FPS: 32.007759, 평균 프레임 시간: 0.000000ms, 클라이언트 수: 0
[15:03:25.400] [INFO] 서버 FPS: 32.945736, 평균 프레임 시간: 0.000000ms, 클라이언트 수: 0
[15:03:26.416] [INFO] 서버 FPS: 32.512314, 평균 프레임 시간: 0.000000ms, 클라이언트 수: 0
[15:03:27.444] [INFO] 서버 FPS: 32.977692, 평균 프레임 시간: 0.000000ms, 클라이언트 수: 0
[15:03:28.458] [INFO] 서버 FPS: 32.480316, 평균 프레임 시간: 0.000000ms, 클라이언트 수: 0
[15:03:29.501] [INFO] 서버 FPS: 33.947624, 평균 프레임 시간: 0.000000ms, 클라이언트 수: 0
[15:03:30.530] [INFO] 서버 FPS: 31.976744, 평균 프레임 시간: 0.000000ms, 클라이언트 수: 0
[15:03:31.557] [INFO] 서버 FPS: 32.977692, 평균 프레임 시간: 0.000000ms, 클라이언트 수: 0
[15:03:32.577] [INFO] 서버 FPS: 32.512314, 평균 프레임 시간: 0.000000ms, 클라이언트 수: 0
[15:03:33.605] [INFO] 서버 FPS: 31.976744, 평균 프레임 시간: 0.000000ms, 클라이언트 수: 0
[15:03:34.633] [INFO] 서버 FPS: 32.007759, 평균 프레임 시간: 0.000000ms, 클라이언트 수: 0
[15:03:35.665] [INFO] 서버 FPS: 32.007759, 평균 프레임 시간: 0.000000ms, 클라이언트 수: 0
[15:03:36.693] [INFO] 서버 FPS: 32.007759, 평균 프레임 시간: 0.000000ms, 클라이언트 수: 0
[15:03:37.726] [INFO] 서버 FPS: 31.976744, 평균 프레임 시간: 0.000000ms, 클라이언트 수: 0
[15:03:38.743] [INFO] 서버 FPS: 32.512314, 평균 프레임 시간: 0.000000ms, 클라이언트 수: 0
[15:03:39.772] [INFO] 서버 FPS: 31.976744, 평균 프레임 시간: 0.000000ms, 클라이언트 수: 0
[15:03:40.786] [INFO] 서버 FPS: 32.512314, 평균 프레임 시간: 0.000000ms, 클라이언트 수: 0
[15:03:41.815] [INFO] 서버 FPS: 32.977692, 평균 프레임 시간: 0.000000ms, 클라이언트 수: 0
[15:03:42.849] [INFO] 서버 FPS: 32.945736, 평균 프레임 시간: 0.000000ms, 클라이언트 수: 0
[15:03:43.879] [INFO] 서버 FPS: 32.007759, 평균 프레임 시간: 0.000000ms, 클라이언트 수: 0
[15:03:44.904] [INFO] 서버 FPS: 32.480316, 평균 프레임 시간: 0.000000ms, 클라이언트 수: 0
[15:03:45.935] [INFO] 서버 FPS: 32.007759, 평균 프레임 시간: 0.000000ms, 클라이언트 수: 0
[15:03:46.962] [INFO] 서버 FPS: 32.007759, 평균 프레임 시간: 0.000000ms, 클라이언트 수: 0
[15:03:47.973] [INFO] 서버 FPS: 32.480316, 평균 프레임 시간: 0.000000ms, 클라이언트 수: 0
[15:03:49.002] [INFO] 서버 FPS: 32.977692, 평균 프레임 시간: 0.000000ms, 클라이언트 수: 0
[15:03:50.033] [INFO] 서버 FPS: 32.007759, 평균 프레임 시간: 0.000000ms, 클라이언트 수: 0
[15:03:51.063] [INFO] 서버 FPS: 32.480316, 평균 프레임 시간: 0.000000ms, 클라이언트 수: 0
[15:03:52.065] [INFO] 서버 FPS: 32.512314, 평균 프레임 시간: 0.000000ms, 클라이언트 수: 0
[15:03:53.100] [INFO] 서버 FPS: 32.945736, 평균 프레임 시간: 0.000000ms, 클라이언트 수: 0
[15:03:54.135] [INFO] 서버 FPS: 32.977692, 평균 프레임 시간: 0.000000ms, 클라이언트 수: 0
[15:03:55.148] [INFO] 서버 FPS: 33.464565, 평균 프레임 시간: 0.000000ms, 클라이언트 수: 0
[15:03:56.179] [INFO] 서버 FPS: 33.947624, 평균 프레임 시간: 0.000000ms, 클라이언트 수: 0
[15:03:57.191] [INFO] 서버 FPS: 32.512314, 평균 프레임 시간: 0.000000ms, 클라이언트 수: 0
[15:03:58.205] [INFO] 서버 FPS: 32.480316, 평균 프레임 시간: 0.000000ms, 클라이언트 수: 0
[15:03:59.251] [INFO] 서버 FPS: 32.473736, 평균 프레임 시간: 0.000000ms, 클라이언트 수: 0
[15:04:00.279] [INFO] 서버 FPS: 33.464565, 평균 프레임 시간: 0.000000ms, 클라이언트 수: 0
[15:04:01.295] [INFO] 서버 FPS: 32.512314, 평균 프레임 시간: 0.000000ms, 클라이언트 수: 0
[15:04:02.309] [INFO] 서버 FPS: 32.480316, 평균 프레임 시간: 0.000000ms, 클라이언트 수: 0
[15:04:03.324] [INFO] 서버 FPS: 32.512314, 평균 프레임 시간: 0.000000ms, 클라이언트 수: 0
[15:04:04.354] [INFO] 서버 FPS: 33.914730, 평균 프레임 시간: 0.000000ms, 클라이언트 수: 0
[15:04:05.380] [INFO] 서버 FPS: 33.947624, 평균 프레임 시간: 0.000000ms, 클라이언트 수: 0
[15:04:06.397] [INFO] 서버 FPS: 32.480316, 평균 프레임 시간: 0.000000ms, 클라이언트 수: 0
[15:04:07.408] [INFO] 서버 FPS: 32.512314, 평균 프레임 시간: 0.000000ms, 클라이언트 수: 0
[15:04:08.449] [INFO] 서버 FPS: 32.977692, 평균 프레임 시간: 0.000000ms, 클라이언트 수: 0
[15:04:09.473] [INFO] 서버 FPS: 31.976744, 평균 프레임 시간: 0.000000ms, 클라이언트 수: 0
[15:04:10.488] [INFO] 서버 FPS: 33.497536, 평균 프레임 시간: 0.000000ms, 클라이언트 수: 0
[15:04:11.501] [INFO] 서버 FPS: 32.480316, 평균 프레임 시간: 0.000000ms, 클라이언트 수: 0
[15:04:12.545] [INFO] 서버 FPS: 32.977692, 평균 프레임 시간: 0.000000ms, 클라이언트 수: 0
[15:04:13.576] [INFO] 서버 FPS: 32.007759, 평균 프레임 시간: 0.000000ms, 클라이언트 수: 0
[15:04:14.608] [INFO] 서버 FPS: 32.945736, 평균 프레임 시간: 0.000000ms, 클라이언트 수: 0
[15:04:15.619] [INFO] 서버 FPS: 32.512314, 평균 프레임 시간: 0.000000ms, 클라이언트 수: 0
[15:04:16.649] [INFO] 서버 FPS: 32.945736, 평균 프레임 시간: 0.000000ms, 클라이언트 수: 0
[15:04:17.663] [INFO] 서버 FPS: 32.512314, 평균 프레임 시간: 0.000000ms, 클라이언트 수: 0
[15:04:18.692] [INFO] 서버 FPS: 32.007759, 평균 프레임 시간: 0.000000ms, 클라이언트 수: 0
[15:04:19.704] [INFO] 서버 FPS: 32.480316, 평균 프레임 시간: 0.000000ms, 클라이언트 수: 0
[15:04:20.732] [INFO] 서버 FPS: 32.480316, 평균 프레임 시간: 0.000000ms, 클라이언트 수: 0
[15:04:21.761] [INFO] 서버 FPS: 32.007759, 평균 프레임 시간: 0.000000ms, 클라이언트 수: 0
[15:04:22.787] [INFO] 서버 FPS: 32.007759, 평균 프레임 시간: 0.000000ms, 클라이언트 수: 0
[15:04:23.815] [INFO] 서버 FPS: 32.007759, 평균 프레임 시간: 0.000000ms, 클라이언트 수: 0
[15:04:24.859] [INFO] 서버 FPS: 32.945736, 평균 프레임 시간: 0.000000ms, 클라이언트 수: 0
[15:04:25.872] [INFO] 서버 FPS: 32.512314, 평균 프레임 시간: 0.000000ms, 클라이언트 수: 0
[15:04:26.903] [INFO] 서버 FPS: 31.976744, 평균 프레임 시간: 0.000000ms, 클라이언트 수: 0
[15:04:27.920] [INFO] 서버 FPS: 32.512314, 평균 프레임 시간: 0.000000ms, 클라이언트 수: 0
[15:04:28.952] [INFO] 서버 FPS: 32.977692, 평균 프레임 시간: 0.000000ms, 클라이언트 수: 0
[15:04:29.981] [INFO] 서버 FPS: 31.976744, 평균 프레임 시간: 0.000000ms, 클라이언트 수: 0
[15:04:31.011] [INFO] 서버 FPS: 32.007759, 평균 프레임 시간: 0.000000ms, 클라이언트 수: 0
[15:04:32.042] [INFO] 서버 FPS: 32.007759, 평균 프레임 시간: 0.000000ms, 클라이언트 수: 0
[15:04:33.075] [INFO] 서버 FPS: 32.007759, 평균 프레임 시간: 0.000000ms, 클라이언트 수: 0
[15:04:34.086] [INFO] 서버 FPS: 32.480316, 평균 프레임 시간: 0.000000ms, 클라이언트 수: 0
[15:04:35.115] [INFO] 서버 FPS: 32.977692, 평균 프레임 시간: 0.000000ms, 클라이언트 수: 0
[15:04:36.142] [INFO] 서버 FPS: 32.945736, 평균 프레임 시간: 0.000000ms, 클라이언트 수: 0
[15:04:37.159] [INFO] 서버 FPS: 32.512314, 평균 프레임 시간: 0.000000ms, 클라이언트 수: 0
[15:04:38.173] [INFO] 서버 FPS: 32.480316, 평균 프레임 시간: 0.000000ms, 클라이언트 수: 0
[15:04:39.201] [INFO] 서버 FPS: 32.512314, 평균 프레임 시간: 0.000000ms, 클라이언트 수: 0
[15:04:40.233] [INFO] 서버 FPS: 32.945736, 평균 프레임 시간: 0.000000ms, 클라이언트 수: 0
[15:04:41.262] [INFO] 서버 FPS: 32.007759, 평균 프레임 시간: 0.000000ms, 클라이언트 수: 0
[15:04:42.291] [INFO] 서버 FPS: 32.007759, 평균 프레임 시간: 0.000000ms, 클라이언트 수: 0
[15:04:43.319] [INFO] 서버 FPS: 32.977692, 평균 프레임 시간: 0.000000ms, 클라이언트 수: 0
[15:04:44.343] [INFO] 서버 FPS: 32.480316, 평균 프레임 시간: 0.000000ms, 클라이언트 수: 0
[15:04:45.366] [INFO] 서버 FPS: 32.007759, 평균 프레임 시간: 0.000000ms, 클라이언트 수: 0
[15:04:46.405] [INFO] 서버 FPS: 32.945736, 평균 프레임 시간: 0.000000ms, 클라이언트 수: 0
[15:04:47.435] [INFO] 서버 FPS: 32.977692, 평균 프레임 시간: 0.000000ms, 클라이언트 수: 0
[15:04:48.449] [INFO] 서버 FPS: 32.512314, 평균 프레임 시간: 0.000000ms, 클라이언트 수: 0
[15:04:49.459] [INFO] 서버 FPS: 32.480316, 평균 프레임 시간: 0.000000ms, 클라이언트 수: 0
[15:04:50.470] [INFO] 서버 FPS: 32.480316, 평균 프레임 시간: 0.000000ms, 클라이언트 수: 0
[15:04:51.494] [INFO] 서버 FPS: 32.512314, 평균 프레임 시간: 0.000000ms, 클라이언트 수: 0
[15:04:52.523] [INFO] 서버 FPS: 32.945736, 평균 프레임 시간: 0.000000ms, 클라이언트 수: 0
[15:04:53.538] [INFO] 서버 FPS: 32.512314, 평균 프레임 시간: 0.000000ms, 클라이언트 수: 0
[15:04:54.566] [INFO] 서버 FPS: 32.977692, 평균 프레임 시간: 0.000000ms, 클라이언트 수: 0
[15:04:55.579] [INFO] 서버 FPS: 32.480316, 평균 프레임 시간: 0.000000ms, 클라이언트 수: 0
[15:04:56.624] [INFO] 서버 FPS: 32.977692, 평균 프레임 시간: 0.000000ms, 클라이언트 수: 0
[15:04:57.651] [INFO] 서버 FPS: 31.976744, 평균 프레임 시간: 0.000000ms, 클라이언트 수: 0
[15:04:58.680] [INFO] 서버 FPS: 32.977692, 평균 프레임 시간: 0.000000ms, 클라이언트 수: 0
[15:04:59.710] [INFO] 서버 FPS: 32.977692, 평균 프레임 시간: 0.000000ms, 클라이언트 수: 0
[15:05:00.741] [INFO] 서버 FPS: 33.947624, 평균 프레임 시간: 0.000000ms, 클라이언트 수: 0
[15:05:01.753] [INFO] 서버 FPS: 33.464565, 평균 프레임 시간: 0.000000ms, 클라이언트 수: 0
[15:05:02.781] [INFO] 서버 FPS: 32.480316, 평균 프레임 시간: 0.000000ms, 클라이언트 수: 0
[15:05:03.811] [INFO] 서버 FPS: 32.977692, 평균 프레임 시간: 0.000000ms, 클라이언트 수: 0
[15:05:04.822] [INFO] 서버 FPS: 32.512314, 평균 프레임 시간: 0.000000ms, 클라이언트 수: 0
[15:05:05.847] [INFO] 서버 FPS: 31.976744, 평균 프레임 시간: 0.000000ms, 클라이언트 수: 0
[15:05:06.861] [INFO] 서버 FPS: 32.512314, 평균 프레임 시간: 0.000000ms, 클라이언트 수: 0
[15:05:07.903] [INFO] 서버 FPS: 33.914730, 평균 프레임 시간: 0.000000ms, 클라이언트 수: 0
[15:05:08.917] [INFO] 서버 FPS: 32.512314, 평균 프레임 시간: 0.000000ms, 클라이언트 수: 0
[15:05:09.926] [INFO] 서버 FPS: 33.464565, 평균 프레임 시간: 0.000000ms, 클라이언트 수: 0
[15:05:10.940] [INFO] 서버 FPS: 33.497536, 평균 프레임 시간: 0.000000ms, 클라이언트 수: 0
[15:05:11.962] [INFO] 서버 FPS: 33.464565, 평균 프레임 시간: 0.000000ms, 클라이언트 수: 0
[15:05:12.990] [INFO] 서버 FPS: 32.007759, 평균 프레임 시간: 0.000000ms, 클라이언트 수: 0
[15:05:14.002] [INFO] 서버 FPS: 32.480316, 평균 프레임 시간: 0.000000ms, 클라이언트 수: 0
[15:05:15.045] [INFO] 서버 FPS: 32.977692, 평균 프레임 시간: 0.000000ms, 클라이언트 수: 0
[15:05:16.068] [INFO] 서버 FPS: 32.007759, 평균 프레임 시간: 0.000000ms, 클라이언트 수: 0
[15:05:17.109] [INFO] 서버 FPS: 32.945736, 평균 프레임 시간: 0.000000ms, 클라이언트 수: 0
[15:05:18.131] [INFO] 서버 FPS: 32.977692, 평균 프레임 시간: 0.000000ms, 클라이언트 수: 0
[15:05:19.158] [INFO] 서버 FPS: 32.007759, 평균 프레임 시간: 0.000000ms, 클라이언트 수: 0
[15:05:20.199] [INFO] 서버 FPS: 32.977692, 평균 프레임 시간: 0.000000ms, 클라이언트 수: 0
[15:05:21.232] [INFO] 서버 FPS: 31.976744, 평균 프레임 시간: 0.000000ms, 클라이언트 수: 0
[15:05:22.248] [INFO] 서버 FPS: 32.512314, 평균 프레임 시간: 0.000000ms, 클라이언트 수: 0
[15:05:23.280] [INFO] 서버 FPS: 32.945736, 평균 프레임 시간: 0.000000ms, 클라이언트 수: 0
[15:05:24.309] [INFO] 서버 FPS: 32.007759, 평균 프레임 시간: 0.000000ms, 클라이언트 수: 0
[15:05:25.339] [INFO] 서버 FPS: 32.007759, 평균 프레임 시간: 0.000000ms, 클라이언트 수: 0
[15:05:26.350] [INFO] 서버 FPS: 33.464565, 평균 프레임 시간: 0.000000ms, 클라이언트 수: 0
[15:05:27.364] [INFO] 서버 FPS: 32.512314, 평균 프레임 시간: 0.000000ms, 클라이언트 수: 0
[15:05:28.389] [INFO] 서버 FPS: 33.464565, 평균 프레임 시간: 0.000000ms, 클라이언트 수: 0
[15:05:29.416] [INFO] 서버 FPS: 32.977692, 평균 프레임 시간: 0.000000ms, 클라이언트 수: 0
[15:05:30.445] [INFO] 서버 FPS: 32.007759, 평균 프레임 시간: 0.000000ms, 클라이언트 수: 0
[15:05:31.459] [INFO] 서버 FPS: 32.480316, 평균 프레임 시간: 0.000000ms, 클라이언트 수: 0
[15:05:32.488] [INFO] 서버 FPS: 32.977692, 평균 프레임 시간: 0.000000ms, 클라이언트 수: 0
[15:05:33.507] [INFO] 서버 FPS: 33.464565, 평균 프레임 시간: 0.000000ms, 클라이언트 수: 0
[15:05:34.520] [INFO] 서버 FPS: 33.464565, 평균 프레임 시간: 0.000000ms, 클라이언트 수: 0
[15:05:35.548] [INFO] 서버 FPS: 33.947624, 평균 프레임 시간: 0.000000ms, 클라이언트 수: 0
[15:05:36.593] [INFO] 서버 FPS: 32.977692, 평균 프레임 시간: 0.000000ms, 클라이언트 수: 0
[15:05:37.621] [INFO] 서버 FPS: 32.007759, 평균 프레임 시간: 0.000000ms, 클라이언트 수: 0
[15:05:38.643] [INFO] 서버 FPS: 32.945736, 평균 프레임 시간: 0.000000ms, 클라이언트 수: 0
[15:05:39.686] [INFO] 서버 FPS: 32.977692, 평균 프레임 시간: 0.000000ms, 클라이언트 수: 0
[15:05:40.713] [INFO] 서버 FPS: 32.977692, 평균 프레임 시간: 0.000000ms, 클라이언트 수: 0
[15:05:41.728] [INFO] 서버 FPS: 33.464565, 평균 프레임 시간: 0.000000ms, 클라이언트 수: 0
[15:05:42.758] [INFO] 서버 FPS: 32.977692, 평균 프레임 시간: 0.000000ms, 클라이언트 수: 0
[15:05:43.785] [INFO] 서버 FPS: 32.007759, 평균 프레임 시간: 0.000000ms, 클라이언트 수: 0
[15:05:44.817] [INFO] 서버 FPS: 32.977692, 평균 프레임 시간: 0.000000ms, 클라이언트 수: 0
[15:05:45.842] [INFO] 서버 FPS: 32.480316, 평균 프레임 시간: 0.000000ms, 클라이언트 수: 0
[15:05:46.855] [INFO] 서버 FPS: 33.464565, 평균 프레임 시간: 0.000000ms, 클라이언트 수: 0
[15:05:47.867] [INFO] 서버 FPS: 33.497536, 평균 프레임 시간: 0.000000ms, 클라이언트 수: 0
[15:05:48.914] [INFO] 서버 FPS: 29.608404, 평균 프레임 시간: 0.000000ms, 클라이언트 수: 0
[15:05:49.943] [INFO] 서버 FPS: 32.977692, 평균 프레임 시간: 0.000000ms, 클라이언트 수: 0
[15:05:50.972] [INFO] 서버 FPS: 31.976744, 평균 프레임 시간: 0.000000ms, 클라이언트 수: 0
[15:05:52.005] [INFO] 서버 FPS: 32.977692, 평균 프레임 시간: 0.000000ms, 클라이언트 수: 0
[15:05:53.023] [INFO] 서버 FPS: 33.464565, 평균 프레임 시간: 0.000000ms, 클라이언트 수: 0
[15:05:54.036] [INFO] 서버 FPS: 32.512314, 평균 프레임 시간: 0.000000ms, 클라이언트 수: 0
[15:05:55.063] [INFO] 서버 FPS: 33.464565, 평균 프레임 시간: 0.000000ms, 클라이언트 수: 0
[15:05:56.094] [INFO] 서버 FPS: 32.007759, 평균 프레임 시간: 0.000000ms, 클라이언트 수: 0
[15:05:57.106] [INFO] 서버 FPS: 32.480316, 평균 프레임 시간: 0.000000ms, 클라이언트 수: 0
[15:05:58.140] [INFO] 서버 FPS: 32.007759, 평균 프레임 시간: 0.000000ms, 클라이언트 수: 0
[15:05:59.153] [INFO] 서버 FPS: 32.480316, 평균 프레임 시간: 0.000000ms, 클라이언트 수: 0
[15:06:00.168] [INFO] 서버 FPS: 32.512314, 평균 프레임 시간: 0.000000ms, 클라이언트 수: 0
[15:06:01.194] [INFO] 서버 FPS: 32.007759, 평균 프레임 시간: 0.000000ms, 클라이언트 수: 0
[15:06:02.209] [INFO] 서버 FPS: 33.464565, 평균 프레임 시간: 0.000000ms, 클라이언트 수: 0
[15:06:03.234] [INFO] 서버 FPS: 33.464565, 평균 프레임 시간: 0.000000ms, 클라이언트 수: 0
[15:06:04.248] [INFO] 서버 FPS: 32.512314, 평균 프레임 시간: 0.000000ms, 클라이언트 수: 0
[15:06:05.258] [INFO] 서버 FPS: 32.480316, 평균 프레임 시간: 0.000000ms, 클라이언트 수: 0
[15:06:06.272] [INFO] 서버 FPS: 33.464565, 평균 프레임 시간: 0.000000ms, 클라이언트 수: 0
[15:06:07.302] [INFO] 서버 FPS: 33.947624, 평균 프레임 시간: 0.000000ms, 클라이언트 수: 0
[15:06:08.330] [INFO] 서버 FPS: 32.007759, 평균 프레임 시간: 0.000000ms, 클라이언트 수: 0
[15:06:09.369] [INFO] 서버 FPS: 32.977692, 평균 프레임 시간: 0.000000ms, 클라이언트 수: 0
[15:06:10.399] [INFO] 서버 FPS: 31.976744, 평균 프레임 시간: 0.000000ms, 클라이언트 수: 0
[15:06:11.427] [INFO] 서버 FPS: 32.007759, 평균 프레임 시간: 0.000000ms, 클라이언트 수: 0
[15:06:12.455] [INFO] 서버 FPS: 32.977692, 평균 프레임 시간: 0.000000ms, 클라이언트 수: 0
[15:06:13.480] [INFO] 서버 FPS: 32.480316, 평균 프레임 시간: 0.000000ms, 클라이언트 수: 0
[15:06:14.494] [INFO] 서버 FPS: 32.512314, 평균 프레임 시간: 0.000000ms, 클라이언트 수: 0
[15:06:15.517] [INFO] 서버 FPS: 32.945736, 평균 프레임 시간: 0.000000ms, 클라이언트 수: 0
