[12:10:38.828] [INFO] 로깅 시스템 초기화됨
[12:10:38.829] [INFO] 서버 인스턴스 생성됨
[12:10:38.829] [INFO] 서버 초기화 시작 (포트: 9000)
[12:10:38.829] [INFO] 윈속 초기화 성공
[12:10:38.830] [INFO] 리스닝 소켓 생성 성공
[12:10:38.830] [INFO] 소켓 바인딩 성공 (포트: 9000)
[12:10:38.831] [INFO] 리스닝 시작됨
[12:10:38.831] [INFO] IOCP 생성 성공
[12:10:38.831] [INFO] CPU 코어 수: 16, 생성할 작업자 스레드: 16
[12:10:38.831] [INFO] 작업자 스레드 #1 생성됨
[12:10:38.831] [INFO] 작업자 스레드 시작 (ThreadID: 32252)
[12:10:38.831] [INFO] 작업자 스레드 #2 생성됨
[12:10:38.832] [INFO] 작업자 스레드 시작 (ThreadID: 18560)
[12:10:38.832] [INFO] 작업자 스레드 #3 생성됨
[12:10:38.832] [INFO] 작업자 스레드 시작 (ThreadID: 33612)
[12:10:38.832] [INFO] 작업자 스레드 #4 생성됨
[12:10:38.833] [INFO] 작업자 스레드 시작 (ThreadID: 2100)
[12:10:38.833] [INFO] 작업자 스레드 #5 생성됨
[12:10:38.833] [INFO] 작업자 스레드 시작 (ThreadID: 26216)
[12:10:38.833] [INFO] 작업자 스레드 #6 생성됨
[12:10:38.833] [INFO] 작업자 스레드 시작 (ThreadID: 2624)
[12:10:38.834] [INFO] 작업자 스레드 #7 생성됨
[12:10:38.834] [INFO] 작업자 스레드 시작 (ThreadID: 32120)
[12:10:38.834] [INFO] 작업자 스레드 #8 생성됨
[12:10:38.834] [INFO] 작업자 스레드 시작 (ThreadID: 23892)
[12:10:38.834] [INFO] 작업자 스레드 #9 생성됨
[12:10:38.834] [INFO] 작업자 스레드 시작 (ThreadID: 28544)
[12:10:38.835] [INFO] 작업자 스레드 #10 생성됨
[12:10:38.835] [INFO] 작업자 스레드 시작 (ThreadID: 31160)
[12:10:38.835] [INFO] 작업자 스레드 #11 생성됨
[12:10:38.835] [INFO] 작업자 스레드 시작 (ThreadID: 30056)
[12:10:38.835] [INFO] 작업자 스레드 #12 생성됨
[12:10:38.835] [INFO] 작업자 스레드 시작 (ThreadID: 3792)
[12:10:38.836] [INFO] 작업자 스레드 #13 생성됨
[12:10:38.836] [INFO] 작업자 스레드 시작 (ThreadID: 13376)
[12:10:38.836] [INFO] 작업자 스레드 #14 생성됨
[12:10:38.836] [INFO] 작업자 스레드 시작 (ThreadID: 22052)
[12:10:38.836] [INFO] 작업자 스레드 #15 생성됨
[12:10:38.836] [INFO] 작업자 스레드 시작 (ThreadID: 12592)
[12:10:38.837] [INFO] 작업자 스레드 #16 생성됨
[12:10:38.837] [INFO] 서버 초기화 완료
[12:10:38.837] [INFO] 서버 실행. 포트 번호: 9000
[12:10:38.837] [INFO] IOCP 멀티플레이어 서버 시작됨...
[12:10:38.837] [INFO] 서버 실행 시작
[12:10:38.837] [INFO] 작업자 스레드 시작 (ThreadID: 1672)
[12:10:38.837] [INFO] listenSocket 논블로킹 설정 성공
[12:10:39.870] [INFO] 서버 FPS: 33.947624, 평균 프레임 시간: 0.000000ms, 클라이언트 수: 0
[12:10:40.771] [INFO] 새 클라이언트에게 ID 1 전송됨
[12:10:40.772] [INFO] 새 플레이어 정보(ID: 1) 브로드캐스트 - 수신자 수: 0
[12:10:40.772] [INFO] 기존 플레이어 정보 0개가 새 클라이언트(ID: 1)에게 전송됨
[12:10:40.895] [INFO] 서버 FPS: 31.976744, 평균 프레임 시간: 0.000000ms, 클라이언트 수: 1
[12:10:41.913] [INFO] 서버 FPS: 33.497536, 평균 프레임 시간: 0.000000ms, 클라이언트 수: 1
[12:10:42.249] [INFO] [Packet] Pong 전송 - ClientId: 1
[12:10:42.938] [INFO] 서버 FPS: 32.480316, 평균 프레임 시간: 0.000000ms, 클라이언트 수: 1
[12:10:43.245] [INFO] [Packet] Pong 전송 - ClientId: 1
[12:10:43.946] [INFO] 서버 FPS: 33.497536, 평균 프레임 시간: 0.000000ms, 클라이언트 수: 1
[12:10:44.241] [INFO] [Packet] Pong 전송 - ClientId: 1
[12:10:44.981] [INFO] 서버 FPS: 32.945736, 평균 프레임 시간: 0.000000ms, 클라이언트 수: 1
[12:10:45.251] [INFO] [Packet] Pong 전송 - ClientId: 1
[12:10:45.997] [INFO] 서버 FPS: 32.512314, 평균 프레임 시간: 0.000000ms, 클라이언트 수: 1
[12:10:46.240] [INFO] [Packet] Pong 전송 - ClientId: 1
[12:10:47.017] [INFO] 서버 FPS: 32.945736, 평균 프레임 시간: 0.000000ms, 클라이언트 수: 1
[12:10:47.257] [INFO] [Packet] Pong 전송 - ClientId: 1
[12:10:48.034] [INFO] 서버 FPS: 32.512314, 평균 프레임 시간: 0.000000ms, 클라이언트 수: 1
[12:10:48.286] [INFO] [Packet] Pong 전송 - ClientId: 1
[12:10:49.072] [INFO] 서버 FPS: 32.977692, 평균 프레임 시간: 0.000000ms, 클라이언트 수: 1
[12:10:49.256] [INFO] [Packet] Pong 전송 - ClientId: 1
[12:10:50.096] [INFO] 서버 FPS: 31.976744, 평균 프레임 시간: 0.000000ms, 클라이언트 수: 1
[12:10:50.242] [INFO] [Packet] Pong 전송 - ClientId: 1
[12:10:51.112] [INFO] 서버 FPS: 32.512314, 평균 프레임 시간: 0.000000ms, 클라이언트 수: 1
[12:10:51.239] [INFO] [Packet] Pong 전송 - ClientId: 1
[12:10:52.148] [INFO] 서버 FPS: 33.914730, 평균 프레임 시간: 0.000000ms, 클라이언트 수: 1
[12:10:52.276] [INFO] [Packet] Pong 전송 - ClientId: 1
[12:10:53.171] [INFO] 서버 FPS: 32.512314, 평균 프레임 시간: 0.000000ms, 클라이언트 수: 1
[12:10:53.196] [INFO] 클라이언트가 정상적으로 연결 종료함 - ID: 1
[12:10:53.196] [INFO] 클라이언트 연결 끊김 (ID: 1)
[12:10:53.196] [INFO] 클라이언트 연결 끊김 알림(ID: 1) - 수신자 수: 0
[12:10:54.178] [INFO] 서버 FPS: 32.480316, 평균 프레임 시간: 0.000000ms, 클라이언트 수: 0
[12:10:55.205] [INFO] 서버 FPS: 32.977692, 평균 프레임 시간: 0.000000ms, 클라이언트 수: 0
[12:10:56.248] [INFO] 서버 FPS: 33.947624, 평균 프레임 시간: 0.000000ms, 클라이언트 수: 0
[12:10:57.274] [INFO] 서버 FPS: 33.914730, 평균 프레임 시간: 0.000000ms, 클라이언트 수: 0
[12:10:58.285] [INFO] 서버 FPS: 33.497536, 평균 프레임 시간: 0.000000ms, 클라이언트 수: 0
[12:10:59.328] [INFO] 서버 FPS: 32.977692, 평균 프레임 시간: 0.000000ms, 클라이언트 수: 0
[12:11:00.332] [INFO] 서버 FPS: 32.480316, 평균 프레임 시간: 0.000000ms, 클라이언트 수: 0
[12:11:01.348] [INFO] 서버 FPS: 32.480316, 평균 프레임 시간: 0.000000ms, 클라이언트 수: 0
[12:11:02.381] [INFO] 서버 FPS: 32.977692, 평균 프레임 시간: 0.000000ms, 클라이언트 수: 0
[12:11:03.395] [INFO] 서버 FPS: 32.480316, 평균 프레임 시간: 0.000000ms, 클라이언트 수: 0
[12:11:04.420] [INFO] 서버 FPS: 33.497536, 평균 프레임 시간: 0.000000ms, 클라이언트 수: 0
[12:11:05.434] [INFO] 서버 FPS: 32.480316, 평균 프레임 시간: 0.000000ms, 클라이언트 수: 0
[12:11:06.461] [INFO] 서버 FPS: 32.007759, 평균 프레임 시간: 0.000000ms, 클라이언트 수: 0
[12:11:07.473] [INFO] 서버 FPS: 32.480316, 평균 프레임 시간: 0.000000ms, 클라이언트 수: 0
[12:11:08.516] [INFO] 서버 FPS: 32.977692, 평균 프레임 시간: 0.000000ms, 클라이언트 수: 0
[12:11:09.525] [INFO] 서버 FPS: 32.480316, 평균 프레임 시간: 0.000000ms, 클라이언트 수: 0
[12:11:10.552] [INFO] 서버 FPS: 32.007759, 평균 프레임 시간: 0.000000ms, 클라이언트 수: 0
[12:11:11.580] [INFO] 서버 FPS: 33.947624, 평균 프레임 시간: 0.000000ms, 클라이언트 수: 0
[12:11:12.625] [INFO] 서버 FPS: 32.977692, 평균 프레임 시간: 0.000000ms, 클라이언트 수: 0
[12:11:13.640] [INFO] 서버 FPS: 33.464565, 평균 프레임 시간: 0.000000ms, 클라이언트 수: 0
[12:11:14.669] [INFO] 서버 FPS: 32.007759, 평균 프레임 시간: 0.000000ms, 클라이언트 수: 0
[12:11:15.682] [INFO] 서버 FPS: 32.480316, 평균 프레임 시간: 0.000000ms, 클라이언트 수: 0
[12:11:16.710] [INFO] 서버 FPS: 32.007759, 평균 프레임 시간: 0.000000ms, 클라이언트 수: 0
[12:11:17.739] [INFO] 서버 FPS: 33.947624, 평균 프레임 시간: 0.000000ms, 클라이언트 수: 0
[12:11:18.766] [INFO] 서버 FPS: 33.464565, 평균 프레임 시간: 0.000000ms, 클라이언트 수: 0
[12:11:19.778] [INFO] 서버 FPS: 33.464565, 평균 프레임 시간: 0.000000ms, 클라이언트 수: 0
[12:11:20.793] [INFO] 서버 FPS: 34.482758, 평균 프레임 시간: 0.000000ms, 클라이언트 수: 0
[12:11:21.806] [INFO] 서버 FPS: 33.464565, 평균 프레임 시간: 0.000000ms, 클라이언트 수: 0
[12:11:22.833] [INFO] 서버 FPS: 32.007759, 평균 프레임 시간: 0.000000ms, 클라이언트 수: 0
[12:11:23.863] [INFO] 서버 FPS: 32.977692, 평균 프레임 시간: 0.000000ms, 클라이언트 수: 0
[12:11:24.889] [INFO] 서버 FPS: 32.480316, 평균 프레임 시간: 0.000000ms, 클라이언트 수: 0
[12:11:25.900] [INFO] 서버 FPS: 32.480316, 평균 프레임 시간: 0.000000ms, 클라이언트 수: 0
[12:11:26.911] [INFO] 서버 FPS: 32.512314, 평균 프레임 시간: 0.000000ms, 클라이언트 수: 0
[12:11:27.940] [INFO] 서버 FPS: 32.007759, 평균 프레임 시간: 0.000000ms, 클라이언트 수: 0
[12:11:28.967] [INFO] 서버 FPS: 32.480316, 평균 프레임 시간: 0.000000ms, 클라이언트 수: 0
[12:11:29.977] [INFO] 서버 FPS: 32.480316, 평균 프레임 시간: 0.000000ms, 클라이언트 수: 0
[12:11:31.005] [INFO] 서버 FPS: 32.007759, 평균 프레임 시간: 0.000000ms, 클라이언트 수: 0
[12:11:32.044] [INFO] 서버 FPS: 32.977692, 평균 프레임 시간: 0.000000ms, 클라이언트 수: 0
[12:11:33.073] [INFO] 서버 FPS: 32.977692, 평균 프레임 시간: 0.000000ms, 클라이언트 수: 0
[12:11:34.102] [INFO] 서버 FPS: 33.914730, 평균 프레임 시간: 0.000000ms, 클라이언트 수: 0
[12:11:35.127] [INFO] 서버 FPS: 33.947624, 평균 프레임 시간: 0.000000ms, 클라이언트 수: 0
[12:11:36.167] [INFO] 서버 FPS: 33.947624, 평균 프레임 시간: 0.000000ms, 클라이언트 수: 0
[12:11:37.175] [INFO] 서버 FPS: 33.464565, 평균 프레임 시간: 0.000000ms, 클라이언트 수: 0
[12:11:38.203] [INFO] 서버 FPS: 34.482758, 평균 프레임 시간: 0.000000ms, 클라이언트 수: 0
[12:11:39.224] [INFO] 서버 FPS: 31.976744, 평균 프레임 시간: 0.000000ms, 클라이언트 수: 0
[12:11:40.263] [INFO] 서버 FPS: 34.917557, 평균 프레임 시간: 0.000000ms, 클라이언트 수: 0
[12:11:41.288] [INFO] 서버 FPS: 32.977692, 평균 프레임 시간: 0.000000ms, 클라이언트 수: 0
[12:11:42.316] [INFO] 서버 FPS: 32.977692, 평균 프레임 시간: 0.000000ms, 클라이언트 수: 0
[12:11:43.338] [INFO] 서버 FPS: 32.480316, 평균 프레임 시간: 0.000000ms, 클라이언트 수: 0
[12:11:44.358] [INFO] 서버 FPS: 32.480316, 평균 프레임 시간: 0.000000ms, 클라이언트 수: 0
[12:11:45.384] [INFO] 서버 FPS: 32.977692, 평균 프레임 시간: 0.000000ms, 클라이언트 수: 0
[12:11:46.407] [INFO] 서버 FPS: 33.464565, 평균 프레임 시간: 0.000000ms, 클라이언트 수: 0
[12:11:47.434] [INFO] 서버 FPS: 32.977692, 평균 프레임 시간: 0.000000ms, 클라이언트 수: 0
[12:11:48.457] [INFO] 서버 FPS: 32.977692, 평균 프레임 시간: 0.000000ms, 클라이언트 수: 0
[12:11:49.496] [INFO] 서버 FPS: 32.977692, 평균 프레임 시간: 0.000000ms, 클라이언트 수: 0
[12:11:50.520] [INFO] 서버 FPS: 31.976744, 평균 프레임 시간: 0.000000ms, 클라이언트 수: 0
[12:11:51.533] [INFO] 서버 FPS: 32.512314, 평균 프레임 시간: 0.000000ms, 클라이언트 수: 0
[12:11:52.556] [INFO] 서버 FPS: 32.480316, 평균 프레임 시간: 0.000000ms, 클라이언트 수: 0
[12:11:53.580] [INFO] 서버 FPS: 32.007759, 평균 프레임 시간: 0.000000ms, 클라이언트 수: 0
[12:11:54.622] [INFO] 서버 FPS: 33.947624, 평균 프레임 시간: 0.000000ms, 클라이언트 수: 0
[12:11:55.648] [INFO] 서버 FPS: 31.976744, 평균 프레임 시간: 0.000000ms, 클라이언트 수: 0
[12:11:56.674] [INFO] 서버 FPS: 32.977692, 평균 프레임 시간: 0.000000ms, 클라이언트 수: 0
[12:11:57.717] [INFO] 서버 FPS: 32.977692, 평균 프레임 시간: 0.000000ms, 클라이언트 수: 0
[12:11:58.724] [INFO] 서버 FPS: 32.480316, 평균 프레임 시간: 0.000000ms, 클라이언트 수: 0
[12:11:59.742] [INFO] 서버 FPS: 33.497536, 평균 프레임 시간: 0.000000ms, 클라이언트 수: 0
[12:12:00.769] [INFO] 서버 FPS: 31.976744, 평균 프레임 시간: 0.000000ms, 클라이언트 수: 0
[12:12:01.798] [INFO] 서버 FPS: 32.512314, 평균 프레임 시간: 0.000000ms, 클라이언트 수: 0
[12:12:02.823] [INFO] 서버 FPS: 32.977692, 평균 프레임 시간: 0.000000ms, 클라이언트 수: 0
[12:12:03.834] [INFO] 서버 FPS: 32.480316, 평균 프레임 시간: 0.000000ms, 클라이언트 수: 0
[12:12:04.863] [INFO] 서버 FPS: 33.947624, 평균 프레임 시간: 0.000000ms, 클라이언트 수: 0
[12:12:05.890] [INFO] 서버 FPS: 33.464565, 평균 프레임 시간: 0.000000ms, 클라이언트 수: 0
[12:12:06.907] [INFO] 서버 FPS: 34.448818, 평균 프레임 시간: 0.000000ms, 클라이언트 수: 0
[12:12:07.923] [INFO] 서버 FPS: 33.497536, 평균 프레임 시간: 0.000000ms, 클라이언트 수: 0
[12:12:08.950] [INFO] 서버 FPS: 32.977692, 평균 프레임 시간: 0.000000ms, 클라이언트 수: 0
[12:12:09.964] [INFO] 서버 FPS: 32.480316, 평균 프레임 시간: 0.000000ms, 클라이언트 수: 0
[12:12:10.976] [INFO] 서버 FPS: 32.480316, 평균 프레임 시간: 0.000000ms, 클라이언트 수: 0
[12:12:12.001] [INFO] 서버 FPS: 33.497536, 평균 프레임 시간: 0.000000ms, 클라이언트 수: 0
[12:12:13.013] [INFO] 서버 FPS: 32.480316, 평균 프레임 시간: 0.000000ms, 클라이언트 수: 0
[12:12:14.025] [INFO] 서버 FPS: 32.480316, 평균 프레임 시간: 0.000000ms, 클라이언트 수: 0
[12:12:15.040] [INFO] 서버 FPS: 32.512314, 평균 프레임 시간: 0.000000ms, 클라이언트 수: 0
[12:12:16.055] [INFO] 서버 FPS: 32.480316, 평균 프레임 시간: 0.000000ms, 클라이언트 수: 0
[12:12:17.084] [INFO] 서버 FPS: 32.977692, 평균 프레임 시간: 0.000000ms, 클라이언트 수: 0
[12:12:18.116] [INFO] 서버 FPS: 33.947624, 평균 프레임 시간: 0.000000ms, 클라이언트 수: 0
[12:12:19.145] [INFO] 서버 FPS: 32.945736, 평균 프레임 시간: 0.000000ms, 클라이언트 수: 0
[12:12:20.187] [INFO] 서버 FPS: 32.977692, 평균 프레임 시간: 0.000000ms, 클라이언트 수: 0
[12:12:21.201] [INFO] 서버 FPS: 33.497536, 평균 프레임 시간: 0.000000ms, 클라이언트 수: 0
[12:12:22.217] [INFO] 서버 FPS: 33.464565, 평균 프레임 시간: 0.000000ms, 클라이언트 수: 0
[12:12:23.229] [INFO] 서버 FPS: 34.448818, 평균 프레임 시간: 0.000000ms, 클라이언트 수: 0
[12:12:24.260] [INFO] 서버 FPS: 32.977692, 평균 프레임 시간: 0.000000ms, 클라이언트 수: 0
[12:12:25.289] [INFO] 서버 FPS: 32.977692, 평균 프레임 시간: 0.000000ms, 클라이언트 수: 0
[12:12:26.302] [INFO] 서버 FPS: 33.464565, 평균 프레임 시간: 0.000000ms, 클라이언트 수: 0
[12:12:27.330] [INFO] 서버 FPS: 32.007759, 평균 프레임 시간: 0.000000ms, 클라이언트 수: 0
[12:12:28.354] [INFO] 서버 FPS: 32.480316, 평균 프레임 시간: 0.000000ms, 클라이언트 수: 0
[12:12:29.369] [INFO] 서버 FPS: 33.497536, 평균 프레임 시간: 0.000000ms, 클라이언트 수: 0
[12:12:30.379] [INFO] 서버 FPS: 32.480316, 평균 프레임 시간: 0.000000ms, 클라이언트 수: 0
[12:12:31.392] [INFO] 서버 FPS: 33.464565, 평균 프레임 시간: 0.000000ms, 클라이언트 수: 0
[12:12:32.435] [INFO] 서버 FPS: 32.977692, 평균 프레임 시간: 0.000000ms, 클라이언트 수: 0
[12:12:33.461] [INFO] 서버 FPS: 32.007759, 평균 프레임 시간: 0.000000ms, 클라이언트 수: 0
[12:12:34.491] [INFO] 서버 FPS: 32.977692, 평균 프레임 시간: 0.000000ms, 클라이언트 수: 0
[12:12:35.508] [INFO] 서버 FPS: 32.480316, 평균 프레임 시간: 0.000000ms, 클라이언트 수: 0
[12:12:36.537] [INFO] 서버 FPS: 32.007759, 평균 프레임 시간: 0.000000ms, 클라이언트 수: 0
[12:12:37.564] [INFO] 서버 FPS: 32.007759, 평균 프레임 시간: 0.000000ms, 클라이언트 수: 0
[12:12:38.610] [INFO] 서버 FPS: 32.945736, 평균 프레임 시간: 0.000000ms, 클라이언트 수: 0
[12:12:39.638] [INFO] 서버 FPS: 32.977692, 평균 프레임 시간: 0.000000ms, 클라이언트 수: 0
[12:12:40.650] [INFO] 서버 FPS: 32.480316, 평균 프레임 시간: 0.000000ms, 클라이언트 수: 0
[12:12:41.678] [INFO] 서버 FPS: 32.977692, 평균 프레임 시간: 0.000000ms, 클라이언트 수: 0
[12:12:42.717] [INFO] 서버 FPS: 32.977692, 평균 프레임 시간: 0.000000ms, 클라이언트 수: 0
[12:12:43.729] [INFO] 서버 FPS: 32.480316, 평균 프레임 시간: 0.000000ms, 클라이언트 수: 0
[12:12:44.761] [INFO] 서버 FPS: 32.007759, 평균 프레임 시간: 0.000000ms, 클라이언트 수: 0
[12:12:45.788] [INFO] 서버 FPS: 32.977692, 평균 프레임 시간: 0.000000ms, 클라이언트 수: 0
[12:12:46.805] [INFO] 서버 FPS: 34.448818, 평균 프레임 시간: 0.000000ms, 클라이언트 수: 0
[12:12:47.829] [INFO] 서버 FPS: 33.497536, 평균 프레임 시간: 0.000000ms, 클라이언트 수: 0
[12:12:48.857] [INFO] 서버 FPS: 32.945736, 평균 프레임 시간: 0.000000ms, 클라이언트 수: 0
[12:12:49.870] [INFO] 서버 FPS: 32.512314, 평균 프레임 시간: 0.000000ms, 클라이언트 수: 0
[12:12:50.900] [INFO] 서버 FPS: 31.976744, 평균 프레임 시간: 0.000000ms, 클라이언트 수: 0
[12:12:51.926] [INFO] 서버 FPS: 32.977692, 평균 프레임 시간: 0.000000ms, 클라이언트 수: 0
[12:12:52.968] [INFO] 서버 FPS: 33.947624, 평균 프레임 시간: 0.000000ms, 클라이언트 수: 0
[12:12:53.998] [INFO] 서버 FPS: 32.007759, 평균 프레임 시간: 0.000000ms, 클라이언트 수: 0
[12:12:55.023] [INFO] 서버 FPS: 31.976744, 평균 프레임 시간: 0.000000ms, 클라이언트 수: 0
[12:12:56.046] [INFO] 서버 FPS: 33.497536, 평균 프레임 시간: 0.000000ms, 클라이언트 수: 0
[12:12:57.074] [INFO] 서버 FPS: 32.977692, 평균 프레임 시간: 0.000000ms, 클라이언트 수: 0
[12:12:58.096] [INFO] 서버 FPS: 33.914730, 평균 프레임 시간: 0.000000ms, 클라이언트 수: 0
[12:12:59.121] [INFO] 서버 FPS: 33.497536, 평균 프레임 시간: 0.000000ms, 클라이언트 수: 0
[12:13:00.145] [INFO] 서버 FPS: 32.945736, 평균 프레임 시간: 0.000000ms, 클라이언트 수: 0
[12:13:01.184] [INFO] 서버 FPS: 32.977692, 평균 프레임 시간: 0.000000ms, 클라이언트 수: 0
[12:13:02.196] [INFO] 서버 FPS: 32.512314, 평균 프레임 시간: 0.000000ms, 클라이언트 수: 0
[12:13:03.224] [INFO] 서버 FPS: 32.945736, 평균 프레임 시간: 0.000000ms, 클라이언트 수: 0
[12:13:04.266] [INFO] 서버 FPS: 33.947624, 평균 프레임 시간: 0.000000ms, 클라이언트 수: 0
[12:13:05.292] [INFO] 서버 FPS: 32.007759, 평균 프레임 시간: 0.000000ms, 클라이언트 수: 0
[12:13:06.319] [INFO] 서버 FPS: 32.977692, 평균 프레임 시간: 0.000000ms, 클라이언트 수: 0
[12:13:07.348] [INFO] 서버 FPS: 32.945736, 평균 프레임 시간: 0.000000ms, 클라이언트 수: 0
[12:13:08.379] [INFO] 서버 FPS: 32.977692, 평균 프레임 시간: 0.164128ms, 클라이언트 수: 0
[12:13:09.407] [INFO] 서버 FPS: 32.977692, 평균 프레임 시간: 0.004565ms, 클라이언트 수: 0
[12:13:10.453] [INFO] 서버 FPS: 32.977692, 평균 프레임 시간: 0.000127ms, 클라이언트 수: 0
[12:13:11.475] [INFO] 서버 FPS: 32.945736, 평균 프레임 시간: 0.000004ms, 클라이언트 수: 0
[12:13:12.511] [INFO] 서버 FPS: 32.977692, 평균 프레임 시간: 0.000000ms, 클라이언트 수: 0
[12:13:13.521] [INFO] 서버 FPS: 33.464565, 평균 프레임 시간: 0.000000ms, 클라이언트 수: 0
[12:13:14.547] [INFO] 서버 FPS: 33.497536, 평균 프레임 시간: 0.000000ms, 클라이언트 수: 0
[12:13:15.572] [INFO] 서버 FPS: 32.977692, 평균 프레임 시간: 0.000000ms, 클라이언트 수: 0
[12:13:16.583] [INFO] 서버 FPS: 34.448818, 평균 프레임 시간: 0.000000ms, 클라이언트 수: 0
[12:13:17.609] [INFO] 서버 FPS: 32.480316, 평균 프레임 시간: 0.000000ms, 클라이언트 수: 0
[12:13:18.622] [INFO] 서버 FPS: 34.482758, 평균 프레임 시간: 0.000000ms, 클라이언트 수: 0
[12:13:19.648] [INFO] 서버 FPS: 31.976744, 평균 프레임 시간: 0.000000ms, 클라이언트 수: 0
[12:13:20.674] [INFO] 서버 FPS: 33.947624, 평균 프레임 시간: 0.000000ms, 클라이언트 수: 0
[12:13:21.713] [INFO] 서버 FPS: 32.977692, 평균 프레임 시간: 0.000000ms, 클라이언트 수: 0
[12:13:22.740] [INFO] 서버 FPS: 33.947624, 평균 프레임 시간: 0.000000ms, 클라이언트 수: 0
[12:13:23.763] [INFO] 서버 FPS: 34.448818, 평균 프레임 시간: 0.000000ms, 클라이언트 수: 0
[12:13:24.775] [INFO] 서버 FPS: 33.464565, 평균 프레임 시간: 0.000000ms, 클라이언트 수: 0
[12:13:25.804] [INFO] 서버 FPS: 32.977692, 평균 프레임 시간: 0.000000ms, 클라이언트 수: 0
[12:13:26.830] [INFO] 서버 FPS: 32.977692, 평균 프레임 시간: 0.000000ms, 클라이언트 수: 0
[12:13:27.857] [INFO] 서버 FPS: 34.448818, 평균 프레임 시간: 0.000000ms, 클라이언트 수: 0
[12:13:28.869] [INFO] 서버 FPS: 33.497536, 평균 프레임 시간: 0.000000ms, 클라이언트 수: 0
[12:13:29.897] [INFO] 서버 FPS: 33.914730, 평균 프레임 시간: 0.000000ms, 클라이언트 수: 0
[12:13:30.911] [INFO] 서버 FPS: 33.497536, 평균 프레임 시간: 0.000000ms, 클라이언트 수: 0
[12:13:31.936] [INFO] 서버 FPS: 34.448818, 평균 프레임 시간: 0.000000ms, 클라이언트 수: 0
[12:13:32.961] [INFO] 서버 FPS: 32.007759, 평균 프레임 시간: 0.000000ms, 클라이언트 수: 0
[12:13:33.989] [INFO] 서버 FPS: 32.977692, 평균 프레임 시간: 0.000000ms, 클라이언트 수: 0
[12:13:35.030] [INFO] 서버 FPS: 33.914730, 평균 프레임 시간: 0.000000ms, 클라이언트 수: 0
[12:13:36.055] [INFO] 서버 FPS: 33.947624, 평균 프레임 시간: 0.000000ms, 클라이언트 수: 0
[12:13:37.095] [INFO] 서버 FPS: 32.977692, 평균 프레임 시간: 0.000000ms, 클라이언트 수: 0
[12:13:38.107] [INFO] 서버 FPS: 32.480316, 평균 프레임 시간: 0.000000ms, 클라이언트 수: 0
[12:13:39.128] [INFO] 서버 FPS: 32.977692, 평균 프레임 시간: 0.000000ms, 클라이언트 수: 0
[12:13:40.168] [INFO] 서버 FPS: 32.977692, 평균 프레임 시간: 0.000000ms, 클라이언트 수: 0
[12:13:41.177] [INFO] 서버 FPS: 33.464565, 평균 프레임 시간: 0.000000ms, 클라이언트 수: 0
[12:13:42.217] [INFO] 서버 FPS: 32.977692, 평균 프레임 시간: 0.000000ms, 클라이언트 수: 0
[12:13:43.228] [INFO] 서버 FPS: 32.480316, 평균 프레임 시간: 0.000000ms, 클라이언트 수: 0
[12:13:44.254] [INFO] 서버 FPS: 32.007759, 평균 프레임 시간: 0.000000ms, 클라이언트 수: 0
[12:13:45.276] [INFO] 서버 FPS: 32.480316, 평균 프레임 시간: 0.000000ms, 클라이언트 수: 0
[12:13:46.300] [INFO] 서버 FPS: 32.007759, 평균 프레임 시간: 0.000000ms, 클라이언트 수: 0
[12:13:47.340] [INFO] 서버 FPS: 32.977692, 평균 프레임 시간: 0.000000ms, 클라이언트 수: 0
[12:13:48.369] [INFO] 서버 FPS: 32.977692, 평균 프레임 시간: 0.000000ms, 클라이언트 수: 0
[12:13:49.406] [INFO] 서버 FPS: 32.945736, 평균 프레임 시간: 0.000000ms, 클라이언트 수: 0
[12:13:50.417] [INFO] 서버 FPS: 32.512314, 평균 프레임 시간: 0.000000ms, 클라이언트 수: 0
[12:13:51.432] [INFO] 서버 FPS: 33.464565, 평균 프레임 시간: 0.000000ms, 클라이언트 수: 0
[12:13:52.455] [INFO] 서버 FPS: 32.977692, 평균 프레임 시간: 0.000000ms, 클라이언트 수: 0
[12:13:53.479] [INFO] 서버 FPS: 34.448818, 평균 프레임 시간: 0.000000ms, 클라이언트 수: 0
[12:13:54.492] [INFO] 서버 FPS: 32.512314, 평균 프레임 시간: 0.000000ms, 클라이언트 수: 0
[12:13:55.519] [INFO] 서버 FPS: 32.945736, 평균 프레임 시간: 0.000000ms, 클라이언트 수: 0
[12:13:56.548] [INFO] 서버 FPS: 33.497536, 평균 프레임 시간: 0.000000ms, 클라이언트 수: 0
[12:13:57.557] [INFO] 서버 FPS: 34.448818, 평균 프레임 시간: 0.000000ms, 클라이언트 수: 0
[12:13:58.571] [INFO] 서버 FPS: 34.482758, 평균 프레임 시간: 0.000000ms, 클라이언트 수: 0
[12:13:59.599] [INFO] 서버 FPS: 32.945736, 평균 프레임 시간: 0.000000ms, 클라이언트 수: 0
[12:14:00.625] [INFO] 서버 FPS: 33.497536, 평균 프레임 시간: 0.000000ms, 클라이언트 수: 0
[12:14:01.656] [INFO] 서버 FPS: 35.852715, 평균 프레임 시간: 0.000000ms, 클라이언트 수: 0
[12:14:02.671] [INFO] 서버 FPS: 32.512314, 평균 프레임 시간: 0.000000ms, 클라이언트 수: 0
[12:14:03.682] [INFO] 서버 FPS: 33.464565, 평균 프레임 시간: 0.000000ms, 클라이언트 수: 0
[12:14:04.709] [INFO] 서버 FPS: 32.977692, 평균 프레임 시간: 0.000000ms, 클라이언트 수: 0
[12:14:05.750] [INFO] 서버 FPS: 33.947624, 평균 프레임 시간: 0.000000ms, 클라이언트 수: 0
[12:14:06.776] [INFO] 서버 FPS: 31.976744, 평균 프레임 시간: 0.000000ms, 클라이언트 수: 0
[12:14:07.803] [INFO] 서버 FPS: 32.977692, 평균 프레임 시간: 0.000000ms, 클라이언트 수: 0
[12:14:08.817] [INFO] 서버 FPS: 33.497536, 평균 프레임 시간: 0.000000ms, 클라이언트 수: 0
[12:14:09.859] [INFO] 서버 FPS: 35.852715, 평균 프레임 시간: 0.000000ms, 클라이언트 수: 0
[12:14:10.873] [INFO] 서버 FPS: 33.497536, 평균 프레임 시간: 0.000000ms, 클라이언트 수: 0
[12:14:11.899] [INFO] 서버 FPS: 32.945736, 평균 프레임 시간: 0.000000ms, 클라이언트 수: 0
[12:14:12.926] [INFO] 서버 FPS: 32.977692, 평균 프레임 시간: 0.000000ms, 클라이언트 수: 0
[12:14:13.969] [INFO] 서버 FPS: 34.917557, 평균 프레임 시간: 0.000000ms, 클라이언트 수: 0
[12:14:14.979] [INFO] 서버 FPS: 33.464565, 평균 프레임 시간: 0.000000ms, 클라이언트 수: 0
[12:14:15.991] [INFO] 서버 FPS: 33.497536, 평균 프레임 시간: 0.000000ms, 클라이언트 수: 0
[12:14:17.029] [INFO] 서버 FPS: 32.945736, 평균 프레임 시간: 0.000000ms, 클라이언트 수: 0
[12:14:18.040] [INFO] 서버 FPS: 33.497536, 평균 프레임 시간: 0.000000ms, 클라이언트 수: 0
[12:14:19.066] [INFO] 서버 FPS: 32.977692, 평균 프레임 시간: 0.000000ms, 클라이언트 수: 0
[12:14:20.097] [INFO] 서버 FPS: 32.945736, 평균 프레임 시간: 0.000000ms, 클라이언트 수: 0
[12:14:21.124] [INFO] 서버 FPS: 33.497536, 평균 프레임 시간: 0.000000ms, 클라이언트 수: 0
[12:14:22.146] [INFO] 서버 FPS: 31.976744, 평균 프레임 시간: 0.000000ms, 클라이언트 수: 0
[12:14:23.172] [INFO] 서버 FPS: 36.453201, 평균 프레임 시간: 0.000000ms, 클라이언트 수: 0
[12:14:24.196] [INFO] 서버 FPS: 32.977692, 평균 프레임 시간: 0.000000ms, 클라이언트 수: 0
[12:14:25.207] [INFO] 서버 FPS: 32.480316, 평균 프레임 시간: 0.000000ms, 클라이언트 수: 0
[12:14:26.235] [INFO] 서버 FPS: 34.448818, 평균 프레임 시간: 0.000000ms, 클라이언트 수: 0
[12:14:27.261] [INFO] 서버 FPS: 32.977692, 평균 프레임 시간: 0.000000ms, 클라이언트 수: 0
[12:14:28.292] [INFO] 서버 FPS: 34.917557, 평균 프레임 시간: 0.000000ms, 클라이언트 수: 0
[12:14:29.302] [INFO] 서버 FPS: 32.480316, 평균 프레임 시간: 0.000000ms, 클라이언트 수: 0
[12:14:30.328] [INFO] 서버 FPS: 33.497536, 평균 프레임 시간: 0.000000ms, 클라이언트 수: 0
[12:14:31.357] [INFO] 서버 FPS: 32.945736, 평균 프레임 시간: 0.000000ms, 클라이언트 수: 0
[12:14:32.383] [INFO] 서버 FPS: 33.947624, 평균 프레임 시간: 0.000000ms, 클라이언트 수: 0
[12:14:33.396] [INFO] 서버 FPS: 34.448818, 평균 프레임 시간: 0.000000ms, 클라이언트 수: 0
[12:14:34.433] [INFO] 서버 FPS: 32.977692, 평균 프레임 시간: 0.000000ms, 클라이언트 수: 0
[12:14:35.453] [INFO] 서버 FPS: 33.497536, 평균 프레임 시간: 0.000000ms, 클라이언트 수: 0
[12:14:36.466] [INFO] 서버 FPS: 32.480316, 평균 프레임 시간: 0.000000ms, 클라이언트 수: 0
[12:14:37.476] [INFO] 서버 FPS: 32.480316, 평균 프레임 시간: 0.000000ms, 클라이언트 수: 0
[12:14:38.504] [INFO] 서버 FPS: 32.977692, 평균 프레임 시간: 0.000000ms, 클라이언트 수: 0
[12:14:39.537] [INFO] 서버 FPS: 32.977692, 평균 프레임 시간: 0.000000ms, 클라이언트 수: 0
[12:14:40.550] [INFO] 서버 FPS: 32.480316, 평균 프레임 시간: 0.000000ms, 클라이언트 수: 0
[12:14:41.592] [INFO] 서버 FPS: 32.977692, 평균 프레임 시간: 0.000000ms, 클라이언트 수: 0
[12:14:42.620] [INFO] 서버 FPS: 32.007759, 평균 프레임 시간: 0.000000ms, 클라이언트 수: 0
[12:14:43.633] [INFO] 서버 FPS: 32.480316, 평균 프레임 시간: 0.000000ms, 클라이언트 수: 0
[12:14:44.645] [INFO] 서버 FPS: 32.480316, 평균 프레임 시간: 0.000000ms, 클라이언트 수: 0
[12:14:45.677] [INFO] 서버 FPS: 34.917557, 평균 프레임 시간: 0.000000ms, 클라이언트 수: 0
[12:14:46.702] [INFO] 서버 FPS: 33.497536, 평균 프레임 시간: 0.000000ms, 클라이언트 수: 0
[12:14:46.875] [INFO] 새 클라이언트에게 ID 2 전송됨
[12:14:46.875] [INFO] 새 플레이어 정보(ID: 2) 브로드캐스트 - 수신자 수: 0
[12:14:46.876] [INFO] 기존 플레이어 정보 0개가 새 클라이언트(ID: 2)에게 전송됨
[12:14:47.727] [INFO] 서버 FPS: 32.945736, 평균 프레임 시간: 0.000000ms, 클라이언트 수: 1
[12:14:47.884] [INFO] [Packet] Pong 전송 - ClientId: 2
[12:14:48.764] [INFO] 서버 FPS: 32.977692, 평균 프레임 시간: 0.000000ms, 클라이언트 수: 1
[12:14:48.890] [INFO] [Packet] Pong 전송 - ClientId: 2
[12:14:49.786] [INFO] 서버 FPS: 32.007759, 평균 프레임 시간: 0.000000ms, 클라이언트 수: 1
[12:14:49.889] [INFO] [Packet] Pong 전송 - ClientId: 2
[12:14:50.823] [INFO] 서버 FPS: 32.977692, 평균 프레임 시간: 0.000000ms, 클라이언트 수: 1
[12:14:50.854] [INFO] [Packet] Pong 전송 - ClientId: 2
[12:14:51.849] [INFO] [Packet] Pong 전송 - ClientId: 2
[12:14:51.849] [INFO] 서버 FPS: 32.945736, 평균 프레임 시간: 0.000000ms, 클라이언트 수: 1
[12:14:52.867] [INFO] 서버 FPS: 32.512314, 평균 프레임 시간: 0.000000ms, 클라이언트 수: 1
[12:14:52.889] [INFO] [Packet] Pong 전송 - ClientId: 2
[12:14:53.876] [INFO] [Packet] Pong 전송 - ClientId: 2
[12:14:53.892] [INFO] 서버 FPS: 32.945736, 평균 프레임 시간: 0.000000ms, 클라이언트 수: 1
[12:14:54.867] [INFO] [Packet] Pong 전송 - ClientId: 2
[12:14:54.930] [INFO] 서버 FPS: 32.977692, 평균 프레임 시간: 0.000000ms, 클라이언트 수: 1
[12:14:55.857] [INFO] [Packet] Pong 전송 - ClientId: 2
[12:14:55.969] [INFO] 서버 FPS: 32.977692, 평균 프레임 시간: 0.000000ms, 클라이언트 수: 1
[12:14:56.850] [INFO] [Packet] Pong 전송 - ClientId: 2
[12:14:56.992] [INFO] 서버 FPS: 32.007759, 평균 프레임 시간: 0.000000ms, 클라이언트 수: 1
[12:14:57.885] [INFO] [Packet] Pong 전송 - ClientId: 2
[12:14:58.017] [INFO] 서버 FPS: 33.464565, 평균 프레임 시간: 0.000000ms, 클라이언트 수: 1
[12:14:58.878] [INFO] [Packet] Pong 전송 - ClientId: 2
[12:14:59.033] [INFO] 서버 FPS: 32.007759, 평균 프레임 시간: 0.000000ms, 클라이언트 수: 1
[12:14:59.868] [INFO] [Packet] Pong 전송 - ClientId: 2
[12:15:00.054] [INFO] 서버 FPS: 33.464565, 평균 프레임 시간: 0.000000ms, 클라이언트 수: 1
[12:15:00.857] [INFO] [Packet] Pong 전송 - ClientId: 2
[12:15:01.091] [INFO] 서버 FPS: 32.977692, 평균 프레임 시간: 0.000000ms, 클라이언트 수: 1
[12:15:01.859] [INFO] [Packet] Pong 전송 - ClientId: 2
[12:15:02.126] [INFO] 서버 FPS: 32.977692, 평균 프레임 시간: 0.000000ms, 클라이언트 수: 1
[12:15:02.856] [INFO] [Packet] Pong 전송 - ClientId: 2
[12:15:03.147] [INFO] 서버 FPS: 32.945736, 평균 프레임 시간: 0.000000ms, 클라이언트 수: 1
[12:15:03.888] [INFO] [Packet] Pong 전송 - ClientId: 2
[12:15:04.169] [INFO] 서버 FPS: 32.512314, 평균 프레임 시간: 0.000000ms, 클라이언트 수: 1
[12:15:04.878] [INFO] [Packet] Pong 전송 - ClientId: 2
[12:15:05.190] [INFO] 서버 FPS: 32.007759, 평균 프레임 시간: 0.000000ms, 클라이언트 수: 1
[12:15:05.871] [INFO] [Packet] Pong 전송 - ClientId: 2
[12:15:06.232] [INFO] 서버 FPS: 32.945736, 평균 프레임 시간: 0.000000ms, 클라이언트 수: 1
[12:15:06.873] [INFO] [Packet] Pong 전송 - ClientId: 2
[12:15:07.253] [INFO] 서버 FPS: 33.947624, 평균 프레임 시간: 0.000000ms, 클라이언트 수: 1
[12:15:07.885] [INFO] [Packet] Pong 전송 - ClientId: 2
[12:15:08.270] [INFO] 서버 FPS: 33.464565, 평균 프레임 시간: 0.000000ms, 클라이언트 수: 1
[12:15:08.887] [INFO] [Packet] Pong 전송 - ClientId: 2
[12:15:09.305] [INFO] 서버 FPS: 33.947624, 평균 프레임 시간: 0.000000ms, 클라이언트 수: 1
[12:15:09.879] [INFO] [Packet] Pong 전송 - ClientId: 2
[12:15:10.330] [INFO] 서버 FPS: 32.977692, 평균 프레임 시간: 0.000000ms, 클라이언트 수: 1
[12:15:10.871] [INFO] [Packet] Pong 전송 - ClientId: 2
[12:15:11.351] [INFO] 서버 FPS: 33.464565, 평균 프레임 시간: 0.000000ms, 클라이언트 수: 1
[12:15:11.860] [INFO] [Packet] Pong 전송 - ClientId: 2
[12:15:12.373] [INFO] 서버 FPS: 32.512314, 평균 프레임 시간: 0.000000ms, 클라이언트 수: 1
[12:15:12.859] [INFO] [Packet] Pong 전송 - ClientId: 2
[12:15:13.395] [INFO] 서버 FPS: 31.976744, 평균 프레임 시간: 0.000000ms, 클라이언트 수: 1
[12:15:13.854] [INFO] [Packet] Pong 전송 - ClientId: 2
[12:15:14.024] [INFO] 클라이언트가 정상적으로 연결 종료함 - ID: 2
[12:15:14.024] [INFO] 클라이언트 연결 끊김 (ID: 2)
[12:15:14.024] [INFO] 클라이언트 연결 끊김 알림(ID: 2) - 수신자 수: 0
[12:15:14.415] [INFO] 서버 FPS: 32.512314, 평균 프레임 시간: 0.000000ms, 클라이언트 수: 0
[12:15:15.453] [INFO] 서버 FPS: 32.977692, 평균 프레임 시간: 0.000000ms, 클라이언트 수: 0
[12:15:16.474] [INFO] 서버 FPS: 31.976744, 평균 프레임 시간: 0.000000ms, 클라이언트 수: 0
[12:15:17.510] [INFO] 서버 FPS: 32.977692, 평균 프레임 시간: 0.000000ms, 클라이언트 수: 0
[12:15:18.517] [INFO] 서버 FPS: 32.480316, 평균 프레임 시간: 0.000000ms, 클라이언트 수: 0
[12:15:19.535] [INFO] 서버 FPS: 32.512314, 평균 프레임 시간: 0.000000ms, 클라이언트 수: 0
[12:15:20.561] [INFO] 서버 FPS: 34.448818, 평균 프레임 시간: 0.000000ms, 클라이언트 수: 0
[12:15:21.572] [INFO] 서버 FPS: 33.497536, 평균 프레임 시간: 0.000000ms, 클라이언트 수: 0
[12:15:22.600] [INFO] 서버 FPS: 32.945736, 평균 프레임 시간: 0.000000ms, 클라이언트 수: 0
[12:15:23.626] [INFO] 서버 FPS: 32.977692, 평균 프레임 시간: 0.000000ms, 클라이언트 수: 0
[12:15:24.670] [INFO] 서버 FPS: 32.977692, 평균 프레임 시간: 0.000000ms, 클라이언트 수: 0
[12:15:25.674] [INFO] 서버 FPS: 33.464565, 평균 프레임 시간: 0.000000ms, 클라이언트 수: 0
[12:15:26.719] [INFO] 서버 FPS: 32.977692, 평균 프레임 시간: 0.000000ms, 클라이언트 수: 0
[12:15:27.745] [INFO] 서버 FPS: 32.977692, 평균 프레임 시간: 0.000000ms, 클라이언트 수: 0
[12:15:28.774] [INFO] 서버 FPS: 31.976744, 평균 프레임 시간: 0.000000ms, 클라이언트 수: 0
[12:15:29.801] [INFO] 서버 FPS: 32.007759, 평균 프레임 시간: 0.000000ms, 클라이언트 수: 0
[12:15:30.814] [INFO] 서버 FPS: 34.482758, 평균 프레임 시간: 0.000000ms, 클라이언트 수: 0
[12:15:31.841] [INFO] 서버 FPS: 33.464565, 평균 프레임 시간: 0.000000ms, 클라이언트 수: 0
[12:15:32.863] [INFO] 서버 FPS: 32.977692, 평균 프레임 시간: 0.000000ms, 클라이언트 수: 0
[12:15:33.890] [INFO] 서버 FPS: 34.448818, 평균 프레임 시간: 0.000000ms, 클라이언트 수: 0
[12:15:34.898] [INFO] 서버 FPS: 32.480316, 평균 프레임 시간: 0.000000ms, 클라이언트 수: 0
[12:15:35.918] [INFO] 서버 FPS: 33.497536, 평균 프레임 시간: 0.000000ms, 클라이언트 수: 0
[12:15:36.940] [INFO] 서버 FPS: 32.007759, 평균 프레임 시간: 0.000000ms, 클라이언트 수: 0
[12:15:37.961] [INFO] 서버 FPS: 32.480316, 평균 프레임 시간: 0.000000ms, 클라이언트 수: 0
[12:15:38.985] [INFO] 서버 FPS: 34.448818, 평균 프레임 시간: 0.000000ms, 클라이언트 수: 0
[12:15:40.011] [INFO] 서버 FPS: 32.007759, 평균 프레임 시간: 0.000000ms, 클라이언트 수: 0
[12:15:41.027] [INFO] 서버 FPS: 33.464565, 평균 프레임 시간: 0.000000ms, 클라이언트 수: 0
[12:15:42.049] [INFO] 서버 FPS: 32.007759, 평균 프레임 시간: 0.000000ms, 클라이언트 수: 0
[12:15:43.076] [INFO] 서버 FPS: 32.512314, 평균 프레임 시간: 0.000000ms, 클라이언트 수: 0
[12:15:44.106] [INFO] 서버 FPS: 32.945736, 평균 프레임 시간: 0.000000ms, 클라이언트 수: 0
[12:15:45.117] [INFO] 서버 FPS: 32.512314, 평균 프레임 시간: 0.000000ms, 클라이언트 수: 0
[12:15:46.128] [INFO] 서버 FPS: 32.480316, 평균 프레임 시간: 0.000000ms, 클라이언트 수: 0
[12:15:47.170] [INFO] 서버 FPS: 32.977692, 평균 프레임 시간: 0.000000ms, 클라이언트 수: 0
[12:15:48.180] [INFO] 서버 FPS: 33.464565, 평균 프레임 시간: 0.000000ms, 클라이언트 수: 0
[12:15:49.206] [INFO] 서버 FPS: 32.007759, 평균 프레임 시간: 0.000000ms, 클라이언트 수: 0
[12:15:50.237] [INFO] 서버 FPS: 34.917557, 평균 프레임 시간: 0.000000ms, 클라이언트 수: 0
[12:15:51.279] [INFO] 서버 FPS: 32.945736, 평균 프레임 시간: 0.000000ms, 클라이언트 수: 0
[12:15:52.305] [INFO] 서버 FPS: 32.007759, 평균 프레임 시간: 0.000000ms, 클라이언트 수: 0
[12:15:53.318] [INFO] 서버 FPS: 33.497536, 평균 프레임 시간: 0.000000ms, 클라이언트 수: 0
[12:15:54.341] [INFO] 서버 FPS: 32.480316, 평균 프레임 시간: 0.000000ms, 클라이언트 수: 0
[12:15:55.351] [INFO] 서버 FPS: 32.480316, 평균 프레임 시간: 0.000000ms, 클라이언트 수: 0
[12:15:56.363] [INFO] 서버 FPS: 33.497536, 평균 프레임 시간: 0.000000ms, 클라이언트 수: 0
[12:15:57.396] [INFO] 서버 FPS: 33.914730, 평균 프레임 시간: 0.000000ms, 클라이언트 수: 0
[12:15:58.436] [INFO] 서버 FPS: 33.947624, 평균 프레임 시간: 0.000000ms, 클라이언트 수: 0
[12:15:59.453] [INFO] 서버 FPS: 33.497536, 평균 프레임 시간: 0.000000ms, 클라이언트 수: 0
[12:16:00.480] [INFO] 서버 FPS: 32.945736, 평균 프레임 시간: 0.000000ms, 클라이언트 수: 0
[12:16:01.509] [INFO] 서버 FPS: 32.977692, 평균 프레임 시간: 0.000000ms, 클라이언트 수: 0
[12:16:02.523] [INFO] 서버 FPS: 32.480316, 평균 프레임 시간: 0.000000ms, 클라이언트 수: 0
[12:16:03.562] [INFO] 서버 FPS: 32.977692, 평균 프레임 시간: 0.000000ms, 클라이언트 수: 0
[12:16:04.571] [INFO] 서버 FPS: 32.512314, 평균 프레임 시간: 0.000000ms, 클라이언트 수: 0
[12:16:05.595] [INFO] 서버 FPS: 33.464565, 평균 프레임 시간: 0.000000ms, 클라이언트 수: 0
[12:16:06.603] [INFO] 서버 FPS: 33.464565, 평균 프레임 시간: 0.000000ms, 클라이언트 수: 0
[12:16:07.614] [INFO] 서버 FPS: 33.497536, 평균 프레임 시간: 0.000000ms, 클라이언트 수: 0
[12:16:08.641] [INFO] 서버 FPS: 32.480316, 평균 프레임 시간: 0.000000ms, 클라이언트 수: 0
[12:16:09.652] [INFO] 서버 FPS: 32.480316, 평균 프레임 시간: 0.000000ms, 클라이언트 수: 0
[12:16:10.665] [INFO] 서버 FPS: 33.497536, 평균 프레임 시간: 0.000000ms, 클라이언트 수: 0
[12:16:11.673] [INFO] 서버 FPS: 32.480316, 평균 프레임 시간: 0.000000ms, 클라이언트 수: 0
[12:16:12.702] [INFO] 서버 FPS: 32.512314, 평균 프레임 시간: 0.000000ms, 클라이언트 수: 0
[12:16:13.715] [INFO] 서버 FPS: 33.464565, 평균 프레임 시간: 0.000000ms, 클라이언트 수: 0
[12:16:14.742] [INFO] 서버 FPS: 32.007759, 평균 프레임 시간: 0.000000ms, 클라이언트 수: 0
[12:16:15.756] [INFO] 서버 FPS: 33.464565, 평균 프레임 시간: 0.000000ms, 클라이언트 수: 0
[12:16:16.770] [INFO] 서버 FPS: 32.480316, 평균 프레임 시간: 0.000000ms, 클라이언트 수: 0
[12:16:17.799] [INFO] 서버 FPS: 32.007759, 평균 프레임 시간: 0.000000ms, 클라이언트 수: 0
[12:16:18.827] [INFO] 서버 FPS: 33.497536, 평균 프레임 시간: 0.000000ms, 클라이언트 수: 0
[12:16:19.852] [INFO] 서버 FPS: 32.945736, 평균 프레임 시간: 0.000000ms, 클라이언트 수: 0
[12:16:20.864] [INFO] 서버 FPS: 32.512314, 평균 프레임 시간: 0.000000ms, 클라이언트 수: 0
[12:16:21.895] [INFO] 서버 FPS: 32.945736, 평균 프레임 시간: 0.000000ms, 클라이언트 수: 0
[12:16:22.925] [INFO] 서버 FPS: 32.977692, 평균 프레임 시간: 0.000000ms, 클라이언트 수: 0
[12:16:23.954] [INFO] 서버 FPS: 33.947624, 평균 프레임 시간: 0.000000ms, 클라이언트 수: 0
[12:16:24.983] [INFO] 서버 FPS: 33.464565, 평균 프레임 시간: 0.000000ms, 클라이언트 수: 0
[12:16:26.011] [INFO] 서버 FPS: 32.977692, 평균 프레임 시간: 0.000000ms, 클라이언트 수: 0
[12:16:27.022] [INFO] 서버 FPS: 32.480316, 평균 프레임 시간: 0.000000ms, 클라이언트 수: 0
[12:16:28.052] [INFO] 서버 FPS: 32.007759, 평균 프레임 시간: 0.000000ms, 클라이언트 수: 0
[12:16:29.079] [INFO] 서버 FPS: 32.007759, 평균 프레임 시간: 0.000000ms, 클라이언트 수: 0
[12:16:30.122] [INFO] 서버 FPS: 32.977692, 평균 프레임 시간: 0.000000ms, 클라이언트 수: 0
[12:16:31.136] [INFO] 서버 FPS: 33.464565, 평균 프레임 시간: 0.000000ms, 클라이언트 수: 0
[12:16:32.147] [INFO] 서버 FPS: 32.480316, 평균 프레임 시간: 0.000000ms, 클라이언트 수: 0
[12:16:33.162] [INFO] 서버 FPS: 32.512314, 평균 프레임 시간: 0.000000ms, 클라이언트 수: 0
[12:16:34.187] [INFO] 서버 FPS: 32.480316, 평균 프레임 시간: 0.000000ms, 클라이언트 수: 0
[12:16:35.209] [INFO] 서버 FPS: 32.977692, 평균 프레임 시간: 0.000000ms, 클라이언트 수: 0
[12:16:36.227] [INFO] 서버 FPS: 32.480316, 평균 프레임 시간: 0.000000ms, 클라이언트 수: 0
[12:16:37.242] [INFO] 서버 FPS: 33.497536, 평균 프레임 시간: 0.000000ms, 클라이언트 수: 0
[12:16:38.270] [INFO] 서버 FPS: 32.945736, 평균 프레임 시간: 0.000000ms, 클라이언트 수: 0
[12:16:39.311] [INFO] 서버 FPS: 33.947624, 평균 프레임 시간: 0.000000ms, 클라이언트 수: 0
[12:16:40.341] [INFO] 서버 FPS: 32.977692, 평균 프레임 시간: 0.000000ms, 클라이언트 수: 0
[12:16:41.370] [INFO] 서버 FPS: 32.977692, 평균 프레임 시간: 0.000000ms, 클라이언트 수: 0
[12:16:42.395] [INFO] 서버 FPS: 32.945736, 평균 프레임 시간: 0.000000ms, 클라이언트 수: 0
[12:16:43.407] [INFO] 서버 FPS: 32.512314, 평균 프레임 시간: 0.000000ms, 클라이언트 수: 0
[12:16:44.436] [INFO] 서버 FPS: 33.464565, 평균 프레임 시간: 0.000000ms, 클라이언트 수: 0
[12:16:45.450] [INFO] 서버 FPS: 34.482758, 평균 프레임 시간: 0.000000ms, 클라이언트 수: 0
[12:16:46.464] [INFO] 서버 FPS: 32.480316, 평균 프레임 시간: 0.000000ms, 클라이언트 수: 0
[12:16:47.472] [INFO] 서버 FPS: 32.480316, 평균 프레임 시간: 0.000000ms, 클라이언트 수: 0
[12:16:48.513] [INFO] 서버 FPS: 32.977692, 평균 프레임 시간: 0.000000ms, 클라이언트 수: 0
[12:16:49.541] [INFO] 서버 FPS: 32.007759, 평균 프레임 시간: 0.000000ms, 클라이언트 수: 0
[12:16:50.570] [INFO] 서버 FPS: 32.977692, 평균 프레임 시간: 0.000000ms, 클라이언트 수: 0
[12:16:51.579] [INFO] 서버 FPS: 32.480316, 평균 프레임 시간: 0.000000ms, 클라이언트 수: 0
[12:16:52.622] [INFO] 서버 FPS: 32.977692, 평균 프레임 시간: 0.000000ms, 클라이언트 수: 0
[12:16:53.652] [INFO] 서버 FPS: 32.945736, 평균 프레임 시간: 0.000000ms, 클라이언트 수: 0
[12:16:54.662] [INFO] 서버 FPS: 32.512314, 평균 프레임 시간: 0.000000ms, 클라이언트 수: 0
[12:16:55.676] [INFO] 서버 FPS: 33.464565, 평균 프레임 시간: 0.000000ms, 클라이언트 수: 0
[12:16:56.689] [INFO] 서버 FPS: 32.512314, 평균 프레임 시간: 0.000000ms, 클라이언트 수: 0
[12:16:57.717] [INFO] 서버 FPS: 33.464565, 평균 프레임 시간: 0.000000ms, 클라이언트 수: 0
[12:16:58.743] [INFO] 서버 FPS: 32.977692, 평균 프레임 시간: 0.000000ms, 클라이언트 수: 0
[12:16:59.758] [INFO] 서버 FPS: 33.464565, 평균 프레임 시간: 0.000000ms, 클라이언트 수: 0
[12:17:00.770] [INFO] 서버 FPS: 33.464565, 평균 프레임 시간: 0.000000ms, 클라이언트 수: 0
[12:17:01.783] [INFO] 서버 FPS: 32.512314, 평균 프레임 시간: 0.000000ms, 클라이언트 수: 0
[12:17:02.809] [INFO] 서버 FPS: 32.480316, 평균 프레임 시간: 0.000000ms, 클라이언트 수: 0
[12:17:03.821] [INFO] 서버 FPS: 32.512314, 평균 프레임 시간: 0.000000ms, 클라이언트 수: 0
[12:17:04.847] [INFO] 서버 FPS: 31.976744, 평균 프레임 시간: 0.000000ms, 클라이언트 수: 0
[12:17:05.877] [INFO] 서버 FPS: 32.977692, 평균 프레임 시간: 0.000000ms, 클라이언트 수: 0
[12:17:06.904] [INFO] 서버 FPS: 34.448818, 평균 프레임 시간: 0.000000ms, 클라이언트 수: 0
[12:17:07.932] [INFO] 서버 FPS: 32.007759, 평균 프레임 시간: 0.000000ms, 클라이언트 수: 0
[12:17:08.944] [INFO] 서버 FPS: 33.497536, 평균 프레임 시간: 0.000000ms, 클라이언트 수: 0
[12:17:09.971] [INFO] 서버 FPS: 32.945736, 평균 프레임 시간: 0.000000ms, 클라이언트 수: 0
[12:17:11.001] [INFO] 서버 FPS: 33.497536, 평균 프레임 시간: 0.000000ms, 클라이언트 수: 0
[12:17:12.011] [INFO] 서버 FPS: 33.464565, 평균 프레임 시간: 0.000000ms, 클라이언트 수: 0
[12:17:13.036] [INFO] 서버 FPS: 32.007759, 평균 프레임 시간: 0.000000ms, 클라이언트 수: 0
[12:17:14.079] [INFO] 서버 FPS: 32.977692, 평균 프레임 시간: 0.000000ms, 클라이언트 수: 0
[12:17:15.107] [INFO] 서버 FPS: 32.945736, 평균 프레임 시간: 0.000000ms, 클라이언트 수: 0
[12:17:15.451] [INFO] 새 클라이언트에게 ID 3 전송됨
[12:17:15.451] [INFO] 새 플레이어 정보(ID: 3) 브로드캐스트 - 수신자 수: 0
[12:17:15.451] [INFO] 기존 플레이어 정보 0개가 새 클라이언트(ID: 3)에게 전송됨
[12:17:16.134] [INFO] 서버 FPS: 32.007759, 평균 프레임 시간: 0.000000ms, 클라이언트 수: 1
[12:17:16.541] [INFO] [Packet] Pong 전송 - ClientId: 3
[12:17:17.154] [INFO] 서버 FPS: 33.464565, 평균 프레임 시간: 0.000000ms, 클라이언트 수: 1
[12:17:17.538] [INFO] [Packet] Pong 전송 - ClientId: 3
[12:17:18.171] [INFO] 서버 FPS: 32.512314, 평균 프레임 시간: 0.000000ms, 클라이언트 수: 1
[12:17:18.554] [INFO] [Packet] Pong 전송 - ClientId: 3
[12:17:19.181] [INFO] 서버 FPS: 32.480316, 평균 프레임 시간: 0.000000ms, 클라이언트 수: 1
[12:17:19.558] [INFO] [Packet] Pong 전송 - ClientId: 3
[12:17:20.190] [INFO] 서버 FPS: 32.512314, 평균 프레임 시간: 0.000000ms, 클라이언트 수: 1
[12:17:20.524] [INFO] [Packet] Pong 전송 - ClientId: 3
[12:17:21.212] [INFO] 서버 FPS: 32.480316, 평균 프레임 시간: 0.000000ms, 클라이언트 수: 1
[12:17:21.424] [INFO] 클라이언트가 정상적으로 연결 종료함 - ID: 3
[12:17:21.424] [INFO] 클라이언트 연결 끊김 (ID: 3)
[12:17:21.424] [INFO] 클라이언트 연결 끊김 알림(ID: 3) - 수신자 수: 0
[12:17:22.234] [INFO] 서버 FPS: 32.480316, 평균 프레임 시간: 0.000000ms, 클라이언트 수: 0
[12:17:23.242] [INFO] 서버 FPS: 32.512314, 평균 프레임 시간: 0.000000ms, 클라이언트 수: 0
[12:17:24.254] [INFO] 서버 FPS: 32.480316, 평균 프레임 시간: 0.000000ms, 클라이언트 수: 0
[12:17:25.269] [INFO] 서버 FPS: 32.480316, 평균 프레임 시간: 0.000000ms, 클라이언트 수: 0
[12:17:26.299] [INFO] 서버 FPS: 32.007759, 평균 프레임 시간: 0.000000ms, 클라이언트 수: 0
[12:17:27.327] [INFO] 서버 FPS: 32.512314, 평균 프레임 시간: 0.000000ms, 클라이언트 수: 0
[12:17:28.335] [INFO] 서버 FPS: 33.464565, 평균 프레임 시간: 0.000000ms, 클라이언트 수: 0
[12:17:29.347] [INFO] 서버 FPS: 32.480316, 평균 프레임 시간: 0.000000ms, 클라이언트 수: 0
[12:17:30.391] [INFO] 서버 FPS: 32.977692, 평균 프레임 시간: 0.000000ms, 클라이언트 수: 0
[12:17:31.419] [INFO] 서버 FPS: 32.007759, 평균 프레임 시간: 0.000000ms, 클라이언트 수: 0
[12:17:32.432] [INFO] 서버 FPS: 33.464565, 평균 프레임 시간: 0.000000ms, 클라이언트 수: 0
[12:17:33.462] [INFO] 서버 FPS: 32.977692, 평균 프레임 시간: 0.000000ms, 클라이언트 수: 0
[12:17:34.492] [INFO] 서버 FPS: 32.007759, 평균 프레임 시간: 0.000000ms, 클라이언트 수: 0
[12:17:35.521] [INFO] 서버 FPS: 31.976744, 평균 프레임 시간: 0.000000ms, 클라이언트 수: 0
[12:17:36.535] [INFO] 서버 FPS: 32.512314, 평균 프레임 시간: 0.000000ms, 클라이언트 수: 0
[12:17:37.549] [INFO] 서버 FPS: 32.480316, 평균 프레임 시간: 0.000000ms, 클라이언트 수: 0
[12:17:38.593] [INFO] 서버 FPS: 32.977692, 평균 프레임 시간: 0.000000ms, 클라이언트 수: 0
[12:17:39.604] [INFO] 서버 FPS: 32.480316, 평균 프레임 시간: 0.000000ms, 클라이언트 수: 0
[12:17:40.634] [INFO] 서버 FPS: 32.977692, 평균 프레임 시간: 0.000000ms, 클라이언트 수: 0
[12:17:41.664] [INFO] 서버 FPS: 32.007759, 평균 프레임 시간: 0.000000ms, 클라이언트 수: 0
[12:17:42.685] [INFO] 서버 FPS: 33.464565, 평균 프레임 시간: 0.000000ms, 클라이언트 수: 0
[12:17:43.716] [INFO] 서버 FPS: 32.007759, 평균 프레임 시간: 0.000000ms, 클라이언트 수: 0
[12:17:44.746] [INFO] 서버 FPS: 32.007759, 평균 프레임 시간: 0.000000ms, 클라이언트 수: 0
[12:17:45.782] [INFO] 서버 FPS: 31.976744, 평균 프레임 시간: 0.000000ms, 클라이언트 수: 0
[12:17:46.799] [INFO] 서버 FPS: 32.007759, 평균 프레임 시간: 0.000000ms, 클라이언트 수: 0
[12:17:47.844] [INFO] 서버 FPS: 33.947624, 평균 프레임 시간: 0.000000ms, 클라이언트 수: 0
[12:17:48.872] [INFO] 서버 FPS: 32.007759, 평균 프레임 시간: 0.000000ms, 클라이언트 수: 0
[12:17:49.899] [INFO] 서버 FPS: 32.945736, 평균 프레임 시간: 0.000000ms, 클라이언트 수: 0
[12:17:50.932] [INFO] 서버 FPS: 33.947624, 평균 프레임 시간: 0.000000ms, 클라이언트 수: 0
[12:17:51.943] [INFO] 서버 FPS: 32.512314, 평균 프레임 시간: 0.000000ms, 클라이언트 수: 0
[12:17:52.974] [INFO] 서버 FPS: 34.883720, 평균 프레임 시간: 0.000000ms, 클라이언트 수: 0
[12:17:53.997] [INFO] 서버 FPS: 33.497536, 평균 프레임 시간: 0.000000ms, 클라이언트 수: 0
[12:17:55.022] [INFO] 서버 FPS: 31.976744, 평균 프레임 시간: 0.000000ms, 클라이언트 수: 0
[12:17:56.035] [INFO] 서버 FPS: 32.512314, 평균 프레임 시간: 0.000000ms, 클라이언트 수: 0
[12:17:57.059] [INFO] 서버 FPS: 32.480316, 평균 프레임 시간: 0.000000ms, 클라이언트 수: 0
[12:17:58.088] [INFO] 서버 FPS: 32.977692, 평균 프레임 시간: 0.000000ms, 클라이언트 수: 0
[12:17:59.098] [INFO] 서버 FPS: 33.464565, 평균 프레임 시간: 0.000000ms, 클라이언트 수: 0
[12:18:00.132] [INFO] 서버 FPS: 34.917557, 평균 프레임 시간: 0.000000ms, 클라이언트 수: 0
[12:18:01.148] [INFO] 서버 FPS: 33.464565, 평균 프레임 시간: 0.000000ms, 클라이언트 수: 0
[12:18:02.162] [INFO] 서버 FPS: 32.512314, 평균 프레임 시간: 0.000000ms, 클라이언트 수: 0
[12:18:03.192] [INFO] 서버 FPS: 33.947624, 평균 프레임 시간: 0.000000ms, 클라이언트 수: 0
[12:18:04.224] [INFO] 서버 FPS: 33.914730, 평균 프레임 시간: 0.000000ms, 클라이언트 수: 0
[12:18:05.256] [INFO] 서버 FPS: 34.917557, 평균 프레임 시간: 0.000000ms, 클라이언트 수: 0
[12:18:06.288] [INFO] 서버 FPS: 32.977692, 평균 프레임 시간: 0.000000ms, 클라이언트 수: 0
[12:18:07.318] [INFO] 서버 FPS: 32.977692, 평균 프레임 시간: 0.000000ms, 클라이언트 수: 0
[12:18:08.345] [INFO] 서버 FPS: 31.976744, 평균 프레임 시간: 0.000000ms, 클라이언트 수: 0
[12:18:09.391] [INFO] 서버 FPS: 32.977692, 평균 프레임 시간: 0.000000ms, 클라이언트 수: 0
[12:18:10.405] [INFO] 서버 FPS: 33.464565, 평균 프레임 시간: 0.000000ms, 클라이언트 수: 0
[12:18:11.429] [INFO] 서버 FPS: 32.007759, 평균 프레임 시간: 0.000000ms, 클라이언트 수: 0
[12:18:12.460] [INFO] 서버 FPS: 32.977692, 평균 프레임 시간: 0.000000ms, 클라이언트 수: 0
[12:18:13.486] [INFO] 서버 FPS: 32.977692, 평균 프레임 시간: 0.000000ms, 클라이언트 수: 0
[12:18:14.514] [INFO] 서버 FPS: 32.480316, 평균 프레임 시간: 0.000000ms, 클라이언트 수: 0
[12:18:15.528] [INFO] 서버 FPS: 32.480316, 평균 프레임 시간: 0.000000ms, 클라이언트 수: 0
[12:18:16.540] [INFO] 서버 FPS: 32.512314, 평균 프레임 시간: 0.000000ms, 클라이언트 수: 0
[12:18:17.553] [INFO] 서버 FPS: 32.480316, 평균 프레임 시간: 0.000000ms, 클라이언트 수: 0
[12:18:18.579] [INFO] 서버 FPS: 32.977692, 평균 프레임 시간: 0.000000ms, 클라이언트 수: 0
[12:18:19.595] [INFO] 서버 FPS: 33.464565, 평균 프레임 시간: 0.000000ms, 클라이언트 수: 0
[12:18:20.612] [INFO] 서버 FPS: 32.512314, 평균 프레임 시간: 0.000000ms, 클라이언트 수: 0
[12:18:21.656] [INFO] 서버 FPS: 32.945736, 평균 프레임 시간: 0.000000ms, 클라이언트 수: 0
[12:18:22.672] [INFO] 서버 FPS: 33.497536, 평균 프레임 시간: 0.000000ms, 클라이언트 수: 0
[12:18:23.704] [INFO] 서버 FPS: 32.473736, 평균 프레임 시간: 0.000000ms, 클라이언트 수: 0
[12:18:24.748] [INFO] 서버 FPS: 32.977692, 평균 프레임 시간: 0.000000ms, 클라이언트 수: 0
[12:18:25.780] [INFO] 서버 FPS: 32.945736, 평균 프레임 시간: 0.000000ms, 클라이언트 수: 0
[12:18:26.809] [INFO] 서버 FPS: 32.007759, 평균 프레임 시간: 0.000000ms, 클라이언트 수: 0
[12:18:27.824] [INFO] 서버 FPS: 33.497536, 평균 프레임 시간: 0.000000ms, 클라이언트 수: 0
[12:18:28.855] [INFO] 서버 FPS: 32.945736, 평균 프레임 시간: 0.000000ms, 클라이언트 수: 0
[12:18:29.864] [INFO] 서버 FPS: 32.512314, 평균 프레임 시간: 0.000000ms, 클라이언트 수: 0
[12:18:30.895] [INFO] 서버 FPS: 31.976744, 평균 프레임 시간: 0.000000ms, 클라이언트 수: 0
[12:18:31.925] [INFO] 서버 FPS: 32.007759, 평균 프레임 시간: 0.000000ms, 클라이언트 수: 0
[12:18:32.941] [INFO] 서버 FPS: 32.512314, 평균 프레임 시간: 0.000000ms, 클라이언트 수: 0
[12:18:33.969] [INFO] 서버 FPS: 32.480316, 평균 프레임 시간: 0.000000ms, 클라이언트 수: 0
[12:18:34.997] [INFO] 서버 FPS: 32.977692, 평균 프레임 시간: 0.000000ms, 클라이언트 수: 0
[12:18:36.014] [INFO] 서버 FPS: 33.464565, 평균 프레임 시간: 0.000000ms, 클라이언트 수: 0
[12:18:37.041] [INFO] 서버 FPS: 32.007759, 평균 프레임 시간: 0.000000ms, 클라이언트 수: 0
[12:18:38.054] [INFO] 서버 FPS: 32.480316, 평균 프레임 시간: 0.000000ms, 클라이언트 수: 0
[12:18:39.091] [INFO] 서버 FPS: 32.977692, 평균 프레임 시간: 0.000000ms, 클라이언트 수: 0
[12:18:40.111] [INFO] 서버 FPS: 32.977692, 평균 프레임 시간: 0.000000ms, 클라이언트 수: 0
[12:18:41.148] [INFO] 서버 FPS: 32.945736, 평균 프레임 시간: 0.000000ms, 클라이언트 수: 0
[12:18:42.169] [INFO] 서버 FPS: 33.497536, 평균 프레임 시간: 0.000000ms, 클라이언트 수: 0
[12:18:43.189] [INFO] 서버 FPS: 32.007759, 평균 프레임 시간: 0.000000ms, 클라이언트 수: 0
[12:18:44.206] [INFO] 서버 FPS: 32.480316, 평균 프레임 시간: 0.000000ms, 클라이언트 수: 0
[12:18:45.224] [INFO] 서버 FPS: 32.480316, 평균 프레임 시간: 0.000000ms, 클라이언트 수: 0
[12:18:46.251] [INFO] 서버 FPS: 32.977692, 평균 프레임 시간: 0.000000ms, 클라이언트 수: 0
[12:18:47.291] [INFO] 서버 FPS: 32.977692, 평균 프레임 시간: 0.000000ms, 클라이언트 수: 0
[12:18:48.311] [INFO] 서버 FPS: 33.464565, 평균 프레임 시간: 0.000000ms, 클라이언트 수: 0
[12:18:49.316] [INFO] 서버 FPS: 32.512314, 평균 프레임 시간: 0.000000ms, 클라이언트 수: 0
[12:18:50.339] [INFO] 서버 FPS: 32.480316, 평균 프레임 시간: 0.000000ms, 클라이언트 수: 0
[12:18:51.375] [INFO] 서버 FPS: 32.977692, 평균 프레임 시간: 0.000000ms, 클라이언트 수: 0
[12:18:52.394] [INFO] 서버 FPS: 31.976744, 평균 프레임 시간: 0.000000ms, 클라이언트 수: 0
[12:18:53.409] [INFO] 서버 FPS: 32.512314, 평균 프레임 시간: 0.000000ms, 클라이언트 수: 0
[12:18:54.423] [INFO] 서버 FPS: 33.464565, 평균 프레임 시간: 0.000000ms, 클라이언트 수: 0
[12:18:55.468] [INFO] 서버 FPS: 32.977692, 평균 프레임 시간: 0.000000ms, 클라이언트 수: 0
[12:18:56.495] [INFO] 서버 FPS: 32.977692, 평균 프레임 시간: 0.000000ms, 클라이언트 수: 0
[12:18:57.510] [INFO] 서버 FPS: 32.480316, 평균 프레임 시간: 0.000000ms, 클라이언트 수: 0
[12:18:58.541] [INFO] 서버 FPS: 33.947624, 평균 프레임 시간: 0.000000ms, 클라이언트 수: 0
[12:18:59.552] [INFO] 서버 FPS: 32.480316, 평균 프레임 시간: 0.000000ms, 클라이언트 수: 0
[12:19:00.594] [INFO] 서버 FPS: 32.977692, 평균 프레임 시간: 0.000000ms, 클라이언트 수: 0
[12:19:01.615] [INFO] 서버 FPS: 32.977692, 평균 프레임 시간: 0.000000ms, 클라이언트 수: 0
[12:19:02.627] [INFO] 서버 FPS: 33.464565, 평균 프레임 시간: 0.000000ms, 클라이언트 수: 0
[12:19:03.659] [INFO] 서버 FPS: 33.947624, 평균 프레임 시간: 0.000000ms, 클라이언트 수: 0
[12:19:04.688] [INFO] 서버 FPS: 34.448818, 평균 프레임 시간: 0.000000ms, 클라이언트 수: 0
[12:19:05.696] [INFO] 서버 FPS: 32.512314, 평균 프레임 시간: 0.000000ms, 클라이언트 수: 0
[12:19:06.709] [INFO] 서버 FPS: 32.480316, 평균 프레임 시간: 0.000000ms, 클라이언트 수: 0
[12:19:07.737] [INFO] 서버 FPS: 32.977692, 평균 프레임 시간: 0.000000ms, 클라이언트 수: 0
[12:19:08.776] [INFO] 서버 FPS: 32.945736, 평균 프레임 시간: 0.000000ms, 클라이언트 수: 0
[12:19:09.805] [INFO] 서버 FPS: 32.007759, 평균 프레임 시간: 0.000000ms, 클라이언트 수: 0
[12:19:10.832] [INFO] 서버 FPS: 33.947624, 평균 프레임 시간: 0.000000ms, 클라이언트 수: 0
[12:19:11.845] [INFO] 서버 FPS: 33.464565, 평균 프레임 시간: 0.000000ms, 클라이언트 수: 0
[12:19:12.876] [INFO] 서버 FPS: 32.977692, 평균 프레임 시간: 0.000000ms, 클라이언트 수: 0
[12:19:13.908] [INFO] 서버 FPS: 34.917557, 평균 프레임 시간: 0.000000ms, 클라이언트 수: 0
[12:19:14.940] [INFO] 서버 FPS: 32.977692, 평균 프레임 시간: 0.000000ms, 클라이언트 수: 0
[12:19:15.971] [INFO] 서버 FPS: 33.914730, 평균 프레임 시간: 0.000000ms, 클라이언트 수: 0
[12:19:16.998] [INFO] 서버 FPS: 33.497536, 평균 프레임 시간: 0.000000ms, 클라이언트 수: 0
[12:19:18.013] [INFO] 서버 FPS: 32.480316, 평균 프레임 시간: 0.000000ms, 클라이언트 수: 0
[12:19:19.044] [INFO] 서버 FPS: 32.977692, 평균 프레임 시간: 0.000000ms, 클라이언트 수: 0
[12:19:20.071] [INFO] 서버 FPS: 33.947624, 평균 프레임 시간: 0.000000ms, 클라이언트 수: 0
[12:19:21.080] [INFO] 서버 FPS: 33.464565, 평균 프레임 시간: 0.000000ms, 클라이언트 수: 0
[12:19:22.121] [INFO] 서버 FPS: 32.977692, 평균 프레임 시간: 0.000000ms, 클라이언트 수: 0
[12:19:23.131] [INFO] 서버 FPS: 32.480316, 평균 프레임 시간: 0.000000ms, 클라이언트 수: 0
[12:19:24.172] [INFO] 서버 FPS: 32.977692, 평균 프레임 시간: 0.000000ms, 클라이언트 수: 0
[12:19:25.184] [INFO] 서버 FPS: 32.480316, 평균 프레임 시간: 0.000000ms, 클라이언트 수: 0
[12:19:26.196] [INFO] 서버 FPS: 33.497536, 평균 프레임 시간: 0.000000ms, 클라이언트 수: 0
[12:19:27.210] [INFO] 서버 FPS: 32.480316, 평균 프레임 시간: 0.000000ms, 클라이언트 수: 0
[12:19:28.221] [INFO] 서버 FPS: 33.464565, 평균 프레임 시간: 0.000000ms, 클라이언트 수: 0
[12:19:29.266] [INFO] 서버 FPS: 32.977692, 평균 프레임 시간: 0.000000ms, 클라이언트 수: 0
[12:19:30.294] [INFO] 서버 FPS: 32.977692, 평균 프레임 시간: 0.000000ms, 클라이언트 수: 0
[12:19:31.322] [INFO] 서버 FPS: 32.007759, 평균 프레임 시간: 0.000000ms, 클라이언트 수: 0
[12:19:32.351] [INFO] 서버 FPS: 32.945736, 평균 프레임 시간: 0.000000ms, 클라이언트 수: 0
[12:19:33.364] [INFO] 서버 FPS: 32.512314, 평균 프레임 시간: 0.000000ms, 클라이언트 수: 0
[12:19:34.392] [INFO] 서버 FPS: 31.976744, 평균 프레임 시간: 0.000000ms, 클라이언트 수: 0
[12:19:35.407] [INFO] 서버 FPS: 32.512314, 평균 프레임 시간: 0.000000ms, 클라이언트 수: 0
[12:19:36.434] [INFO] 서버 FPS: 32.480316, 평균 프레임 시간: 0.000000ms, 클라이언트 수: 0
[12:19:37.445] [INFO] 서버 FPS: 32.512314, 평균 프레임 시간: 0.000000ms, 클라이언트 수: 0
[12:19:38.457] [INFO] 서버 FPS: 32.480316, 평균 프레임 시간: 0.000000ms, 클라이언트 수: 0
[12:19:39.481] [INFO] 서버 FPS: 33.464565, 평균 프레임 시간: 0.000000ms, 클라이언트 수: 0
[12:19:40.508] [INFO] 서버 FPS: 32.977692, 평균 프레임 시간: 0.000000ms, 클라이언트 수: 0
[12:19:41.519] [INFO] 서버 FPS: 33.464565, 평균 프레임 시간: 0.000000ms, 클라이언트 수: 0
[12:19:42.560] [INFO] 서버 FPS: 32.977692, 평균 프레임 시간: 0.000000ms, 클라이언트 수: 0
[12:19:43.587] [INFO] 서버 FPS: 33.947624, 평균 프레임 시간: 0.000000ms, 클라이언트 수: 0
[12:19:44.614] [INFO] 서버 FPS: 32.977692, 평균 프레임 시간: 0.000000ms, 클라이언트 수: 0
[12:19:45.630] [INFO] 서버 FPS: 33.464565, 평균 프레임 시간: 0.000000ms, 클라이언트 수: 0
[12:19:46.657] [INFO] 서버 FPS: 34.448818, 평균 프레임 시간: 0.000000ms, 클라이언트 수: 0
[12:19:47.665] [INFO] 서버 FPS: 33.497536, 평균 프레임 시간: 0.000000ms, 클라이언트 수: 0
[12:19:48.691] [INFO] 서버 FPS: 32.977692, 평균 프레임 시간: 0.000000ms, 클라이언트 수: 0
[12:19:49.734] [INFO] 서버 FPS: 32.945736, 평균 프레임 시간: 0.000000ms, 클라이언트 수: 0
[12:19:50.761] [INFO] 서버 FPS: 32.977692, 평균 프레임 시간: 0.000000ms, 클라이언트 수: 0
[12:19:51.791] [INFO] 서버 FPS: 33.947624, 평균 프레임 시간: 0.000000ms, 클라이언트 수: 0
[12:19:52.817] [INFO] 서버 FPS: 32.007759, 평균 프레임 시간: 0.000000ms, 클라이언트 수: 0
[12:19:53.843] [INFO] 서버 FPS: 33.464565, 평균 프레임 시간: 0.000000ms, 클라이언트 수: 0
[12:19:54.858] [INFO] 서버 FPS: 32.480316, 평균 프레임 시간: 0.000000ms, 클라이언트 수: 0
[12:19:55.873] [INFO] 서버 FPS: 32.512314, 평균 프레임 시간: 0.000000ms, 클라이언트 수: 0
[12:19:56.903] [INFO] 서버 FPS: 32.945736, 평균 프레임 시간: 0.000000ms, 클라이언트 수: 0
[12:19:57.911] [INFO] 서버 FPS: 32.512314, 평균 프레임 시간: 0.000000ms, 클라이언트 수: 0
[12:19:58.925] [INFO] 서버 FPS: 32.480316, 평균 프레임 시간: 0.000000ms, 클라이언트 수: 0
[12:19:59.941] [INFO] 서버 FPS: 33.497536, 평균 프레임 시간: 0.000000ms, 클라이언트 수: 0
[12:20:00.968] [INFO] 서버 FPS: 33.464565, 평균 프레임 시간: 0.000000ms, 클라이언트 수: 0
[12:20:01.982] [INFO] 서버 FPS: 33.464565, 평균 프레임 시간: 0.000000ms, 클라이언트 수: 0
[12:20:03.010] [INFO] 서버 FPS: 32.977692, 평균 프레임 시간: 0.000000ms, 클라이언트 수: 0
[12:20:04.020] [INFO] 서버 FPS: 33.464565, 평균 프레임 시간: 0.000000ms, 클라이언트 수: 0
[12:20:05.050] [INFO] 서버 FPS: 32.977692, 평균 프레임 시간: 0.000000ms, 클라이언트 수: 0
[12:20:06.079] [INFO] 서버 FPS: 32.977692, 평균 프레임 시간: 0.000000ms, 클라이언트 수: 0
[12:20:07.122] [INFO] 서버 FPS: 32.977692, 평균 프레임 시간: 0.000000ms, 클라이언트 수: 0
[12:20:08.132] [INFO] 서버 FPS: 32.480316, 평균 프레임 시간: 0.000000ms, 클라이언트 수: 0
[12:20:09.145] [INFO] 서버 FPS: 32.480316, 평균 프레임 시간: 0.000000ms, 클라이언트 수: 0
[12:20:10.174] [INFO] 서버 FPS: 32.977692, 평균 프레임 시간: 0.000000ms, 클라이언트 수: 0
[12:20:11.199] [INFO] 서버 FPS: 34.482758, 평균 프레임 시간: 0.000000ms, 클라이언트 수: 0
[12:20:12.211] [INFO] 서버 FPS: 33.464565, 평균 프레임 시간: 0.000000ms, 클라이언트 수: 0
[12:20:13.237] [INFO] 서버 FPS: 32.977692, 평균 프레임 시간: 0.000000ms, 클라이언트 수: 0
[12:20:14.279] [INFO] 서버 FPS: 33.914730, 평균 프레임 시간: 0.000000ms, 클라이언트 수: 0
[12:20:15.292] [INFO] 서버 FPS: 32.512314, 평균 프레임 시간: 0.000000ms, 클라이언트 수: 0
[12:20:16.305] [INFO] 서버 FPS: 32.480316, 평균 프레임 시간: 0.000000ms, 클라이언트 수: 0
[12:20:17.333] [INFO] 서버 FPS: 32.977692, 평균 프레임 시간: 0.000000ms, 클라이언트 수: 0
[12:20:18.359] [INFO] 서버 FPS: 33.464565, 평균 프레임 시간: 0.000000ms, 클라이언트 수: 0
[12:20:19.373] [INFO] 서버 FPS: 32.512314, 평균 프레임 시간: 0.000000ms, 클라이언트 수: 0
[12:20:20.384] [INFO] 서버 FPS: 32.480316, 평균 프레임 시간: 0.000000ms, 클라이언트 수: 0
[12:20:21.413] [INFO] 서버 FPS: 33.947624, 평균 프레임 시간: 0.000000ms, 클라이언트 수: 0
[12:20:22.441] [INFO] 서버 FPS: 32.977692, 평균 프레임 시간: 0.000000ms, 클라이언트 수: 0
[12:20:23.474] [INFO] 서버 FPS: 31.976744, 평균 프레임 시간: 0.000000ms, 클라이언트 수: 0
[12:20:24.505] [INFO] 서버 FPS: 32.007759, 평균 프레임 시간: 0.000000ms, 클라이언트 수: 0
[12:20:25.535] [INFO] 서버 FPS: 32.007759, 평균 프레임 시간: 0.000000ms, 클라이언트 수: 0
[12:20:26.559] [INFO] 서버 FPS: 32.480316, 평균 프레임 시간: 0.000000ms, 클라이언트 수: 0
[12:20:27.598] [INFO] 서버 FPS: 31.518625, 평균 프레임 시간: 0.000000ms, 클라이언트 수: 0
[12:20:28.617] [INFO] 서버 FPS: 32.512314, 평균 프레임 시간: 0.051505ms, 클라이언트 수: 0
[12:20:29.647] [INFO] 서버 FPS: 31.976744, 평균 프레임 시간: 0.001592ms, 클라이언트 수: 0
[12:20:30.674] [INFO] 서버 FPS: 32.007759, 평균 프레임 시간: 0.000049ms, 클라이언트 수: 0
[12:20:31.715] [INFO] 서버 FPS: 32.977692, 평균 프레임 시간: 0.000001ms, 클라이언트 수: 0
[12:20:32.728] [INFO] 서버 FPS: 32.480316, 평균 프레임 시간: 0.000000ms, 클라이언트 수: 0
[12:20:33.740] [INFO] 서버 FPS: 33.497536, 평균 프레임 시간: 0.000000ms, 클라이언트 수: 0
[12:20:34.768] [INFO] 서버 FPS: 33.914730, 평균 프레임 시간: 0.000000ms, 클라이언트 수: 0
[12:20:35.793] [INFO] 서버 FPS: 32.512314, 평균 프레임 시간: 0.000000ms, 클라이언트 수: 0
[12:20:36.819] [INFO] 서버 FPS: 32.007759, 평균 프레임 시간: 0.000000ms, 클라이언트 수: 0
[12:20:37.832] [INFO] 서버 FPS: 32.480316, 평균 프레임 시간: 0.000000ms, 클라이언트 수: 0
[12:20:38.862] [INFO] 서버 FPS: 32.977692, 평균 프레임 시간: 0.000000ms, 클라이언트 수: 0
[12:20:39.893] [INFO] 서버 FPS: 31.976744, 평균 프레임 시간: 0.000000ms, 클라이언트 수: 0
[12:20:40.920] [INFO] 서버 FPS: 33.497536, 평균 프레임 시간: 0.000000ms, 클라이언트 수: 0
[12:20:41.930] [INFO] 서버 FPS: 33.464565, 평균 프레임 시간: 0.000000ms, 클라이언트 수: 0
[12:20:42.960] [INFO] 서버 FPS: 33.947624, 평균 프레임 시간: 0.000000ms, 클라이언트 수: 0
[12:20:43.982] [INFO] 서버 FPS: 33.464565, 평균 프레임 시간: 0.000000ms, 클라이언트 수: 0
[12:20:45.007] [INFO] 서버 FPS: 33.947624, 평균 프레임 시간: 0.000000ms, 클라이언트 수: 0
[12:20:46.034] [INFO] 서버 FPS: 32.977692, 평균 프레임 시간: 0.000000ms, 클라이언트 수: 0
[12:20:47.077] [INFO] 서버 FPS: 33.947624, 평균 프레임 시간: 0.000000ms, 클라이언트 수: 0
[12:20:48.090] [INFO] 서버 FPS: 32.480316, 평균 프레임 시간: 0.000000ms, 클라이언트 수: 0
[12:20:49.118] [INFO] 서버 FPS: 32.977692, 평균 프레임 시간: 0.000000ms, 클라이언트 수: 0
[12:20:50.147] [INFO] 서버 FPS: 31.976744, 평균 프레임 시간: 0.000000ms, 클라이언트 수: 0
[12:20:51.175] [INFO] 서버 FPS: 32.977692, 평균 프레임 시간: 0.000000ms, 클라이언트 수: 0
[12:20:52.215] [INFO] 서버 FPS: 32.977692, 평균 프레임 시간: 0.000000ms, 클라이언트 수: 0
[12:20:53.225] [INFO] 서버 FPS: 31.496063, 평균 프레임 시간: 0.000000ms, 클라이언트 수: 0
[12:20:54.256] [INFO] 서버 FPS: 32.007759, 평균 프레임 시간: 0.000000ms, 클라이언트 수: 0
[12:20:55.293] [INFO] 서버 FPS: 32.977692, 평균 프레임 시간: 0.000000ms, 클라이언트 수: 0
[12:20:56.320] [INFO] 서버 FPS: 32.977692, 평균 프레임 시간: 0.000000ms, 클라이언트 수: 0
[12:20:57.334] [INFO] 서버 FPS: 33.464565, 평균 프레임 시간: 0.000000ms, 클라이언트 수: 0
[12:20:58.347] [INFO] 서버 FPS: 33.464565, 평균 프레임 시간: 0.000000ms, 클라이언트 수: 0
[12:20:59.390] [INFO] 서버 FPS: 32.977692, 평균 프레임 시간: 0.000000ms, 클라이언트 수: 0
[12:20:59.624] [INFO] 새 클라이언트에게 ID 4 전송됨
[12:20:59.624] [INFO] 새 플레이어 정보(ID: 4) 브로드캐스트 - 수신자 수: 0
[12:20:59.624] [INFO] 기존 플레이어 정보 0개가 새 클라이언트(ID: 4)에게 전송됨
[12:21:00.415] [INFO] 서버 FPS: 32.977692, 평균 프레임 시간: 0.000000ms, 클라이언트 수: 1
[12:21:00.902] [INFO] [Packet] Pong 전송 - ClientId: 4
[12:21:01.432] [INFO] 서버 FPS: 34.448818, 평균 프레임 시간: 0.000000ms, 클라이언트 수: 1
[12:21:01.904] [INFO] [Packet] Pong 전송 - ClientId: 4
[12:21:02.455] [INFO] 서버 FPS: 32.977692, 평균 프레임 시간: 0.000000ms, 클라이언트 수: 1
[12:21:02.912] [INFO] [Packet] Pong 전송 - ClientId: 4
[12:21:03.492] [INFO] 서버 FPS: 32.977692, 평균 프레임 시간: 0.000000ms, 클라이언트 수: 1
[12:21:03.892] [INFO] [Packet] Pong 전송 - ClientId: 4
[12:21:04.512] [INFO] 서버 FPS: 32.480316, 평균 프레임 시간: 0.000000ms, 클라이언트 수: 1
[12:21:05.538] [INFO] 서버 FPS: 32.977692, 평균 프레임 시간: 0.000000ms, 클라이언트 수: 1
[12:21:06.550] [INFO] 서버 FPS: 32.480316, 평균 프레임 시간: 0.000000ms, 클라이언트 수: 1
[12:21:06.768] [INFO] [Packet] Pong 전송 - ClientId: 4
[12:21:07.590] [INFO] 서버 FPS: 33.947624, 평균 프레임 시간: 0.000000ms, 클라이언트 수: 1
[12:21:07.685] [INFO] [Packet] Pong 전송 - ClientId: 4
[12:21:08.600] [INFO] 서버 FPS: 33.464565, 평균 프레임 시간: 0.000000ms, 클라이언트 수: 1
[12:21:08.681] [INFO] [Packet] Pong 전송 - ClientId: 4
[12:21:08.861] [INFO] 클라이언트가 정상적으로 연결 종료함 - ID: 4
[12:21:08.861] [INFO] 클라이언트 연결 끊김 (ID: 4)
[12:21:08.862] [INFO] 클라이언트 연결 끊김 알림(ID: 4) - 수신자 수: 0
[12:21:09.625] [INFO] 서버 FPS: 32.512314, 평균 프레임 시간: 0.000000ms, 클라이언트 수: 0
[12:21:10.652] [INFO] 서버 FPS: 31.976744, 평균 프레임 시간: 0.000000ms, 클라이언트 수: 0
[12:21:11.671] [INFO] 서버 FPS: 33.497536, 평균 프레임 시간: 0.000000ms, 클라이언트 수: 0
[12:21:12.675] [INFO] 서버 FPS: 32.480316, 평균 프레임 시간: 0.000000ms, 클라이언트 수: 0
[12:21:13.709] [INFO] 서버 FPS: 33.947624, 평균 프레임 시간: 0.000000ms, 클라이언트 수: 0
[12:21:14.732] [INFO] 서버 FPS: 34.448818, 평균 프레임 시간: 0.000000ms, 클라이언트 수: 0
[12:21:15.760] [INFO] 서버 FPS: 33.947624, 평균 프레임 시간: 0.000000ms, 클라이언트 수: 0
[12:21:16.770] [INFO] 서버 FPS: 32.480316, 평균 프레임 시간: 0.000000ms, 클라이언트 수: 0
[12:21:17.797] [INFO] 서버 FPS: 32.512314, 평균 프레임 시간: 0.000000ms, 클라이언트 수: 0
[12:21:18.825] [INFO] 서버 FPS: 33.947624, 평균 프레임 시간: 0.000000ms, 클라이언트 수: 0
[12:21:19.831] [INFO] 서버 FPS: 32.480316, 평균 프레임 시간: 0.000000ms, 클라이언트 수: 0
[12:21:20.873] [INFO] 서버 FPS: 34.917557, 평균 프레임 시간: 0.000000ms, 클라이언트 수: 0
[12:21:21.899] [INFO] 서버 FPS: 31.976744, 평균 프레임 시간: 0.000000ms, 클라이언트 수: 0
[12:21:22.930] [INFO] 서버 FPS: 34.917557, 평균 프레임 시간: 0.000000ms, 클라이언트 수: 0
[12:21:23.952] [INFO] 서버 FPS: 35.467979, 평균 프레임 시간: 0.000000ms, 클라이언트 수: 0
[12:21:24.973] [INFO] 서버 FPS: 31.976744, 평균 프레임 시간: 0.000000ms, 클라이언트 수: 0
[12:21:25.994] [INFO] 서버 FPS: 32.512314, 평균 프레임 시간: 0.000000ms, 클라이언트 수: 0
[12:21:27.016] [INFO] 서버 FPS: 32.480316, 평균 프레임 시간: 0.000000ms, 클라이언트 수: 0
[12:21:28.029] [INFO] 서버 FPS: 33.464565, 평균 프레임 시간: 0.000000ms, 클라이언트 수: 0
[12:21:29.040] [INFO] 서버 FPS: 33.497536, 평균 프레임 시간: 0.000000ms, 클라이언트 수: 0
[12:21:30.078] [INFO] 서버 FPS: 33.947624, 평균 프레임 시간: 0.000000ms, 클라이언트 수: 0
[12:21:31.100] [INFO] 서버 FPS: 31.976744, 평균 프레임 시간: 0.000000ms, 클라이언트 수: 0
[12:21:32.136] [INFO] 서버 FPS: 32.977692, 평균 프레임 시간: 0.000000ms, 클라이언트 수: 0
[12:21:33.157] [INFO] 서버 FPS: 33.464565, 평균 프레임 시간: 0.000000ms, 클라이언트 수: 0
[12:21:33.717] [INFO] 새 클라이언트에게 ID 5 전송됨
[12:21:33.718] [INFO] 새 플레이어 정보(ID: 5) 브로드캐스트 - 수신자 수: 0
[12:21:33.718] [INFO] 기존 플레이어 정보 0개가 새 클라이언트(ID: 5)에게 전송됨
[12:21:34.167] [INFO] 서버 FPS: 33.497536, 평균 프레임 시간: 0.000000ms, 클라이언트 수: 1
[12:21:34.798] [INFO] [Packet] Pong 전송 - ClientId: 5
[12:21:35.191] [INFO] 서버 FPS: 32.007759, 평균 프레임 시간: 0.000000ms, 클라이언트 수: 1
[12:21:35.766] [INFO] [Packet] Pong 전송 - ClientId: 5
[12:21:36.220] [INFO] 서버 FPS: 32.945736, 평균 프레임 시간: 0.000000ms, 클라이언트 수: 1
[12:21:36.763] [INFO] [Packet] Pong 전송 - ClientId: 5
[12:21:37.081] [INFO] 클라이언트가 정상적으로 연결 종료함 - ID: 5
[12:21:37.081] [INFO] 클라이언트 연결 끊김 (ID: 5)
[12:21:37.082] [INFO] 클라이언트 연결 끊김 알림(ID: 5) - 수신자 수: 0
[12:21:37.264] [INFO] 서버 FPS: 33.947624, 평균 프레임 시간: 0.000000ms, 클라이언트 수: 0
[12:21:38.294] [INFO] 서버 FPS: 33.947624, 평균 프레임 시간: 0.000000ms, 클라이언트 수: 0
[12:21:39.306] [INFO] 서버 FPS: 34.448818, 평균 프레임 시간: 0.000000ms, 클라이언트 수: 0
[12:21:40.317] [INFO] 서버 FPS: 32.512314, 평균 프레임 시간: 0.000000ms, 클라이언트 수: 0
[12:21:41.329] [INFO] 서버 FPS: 33.464565, 평균 프레임 시간: 0.000000ms, 클라이언트 수: 0
[12:21:42.368] [INFO] 서버 FPS: 32.977692, 평균 프레임 시간: 0.000000ms, 클라이언트 수: 0
[12:21:43.404] [INFO] 서버 FPS: 33.914730, 평균 프레임 시간: 0.000000ms, 클라이언트 수: 0
[12:21:44.427] [INFO] 서버 FPS: 32.007759, 평균 프레임 시간: 0.000000ms, 클라이언트 수: 0
[12:21:45.443] [INFO] 서버 FPS: 33.497536, 평균 프레임 시간: 0.000000ms, 클라이언트 수: 0
[12:21:46.468] [INFO] 서버 FPS: 33.464565, 평균 프레임 시간: 0.000000ms, 클라이언트 수: 0
[12:21:47.476] [INFO] 서버 FPS: 33.464565, 평균 프레임 시간: 0.000000ms, 클라이언트 수: 0
[12:21:48.500] [INFO] 서버 FPS: 34.482758, 평균 프레임 시간: 0.000000ms, 클라이언트 수: 0
[12:21:49.528] [INFO] 서버 FPS: 32.945736, 평균 프레임 시간: 0.000000ms, 클라이언트 수: 0
[12:21:50.542] [INFO] 서버 FPS: 33.497536, 평균 프레임 시간: 0.000000ms, 클라이언트 수: 0
[12:21:51.566] [INFO] 서버 FPS: 32.977692, 평균 프레임 시간: 0.000000ms, 클라이언트 수: 0
[12:21:52.593] [INFO] 서버 FPS: 33.464565, 평균 프레임 시간: 0.000000ms, 클라이언트 수: 0
[12:21:53.621] [INFO] 서버 FPS: 32.007759, 평균 프레임 시간: 0.000000ms, 클라이언트 수: 0
[12:21:54.629] [INFO] 서버 FPS: 32.480316, 평균 프레임 시간: 0.000000ms, 클라이언트 수: 0
[12:21:55.654] [INFO] 서버 FPS: 33.464565, 평균 프레임 시간: 0.000000ms, 클라이언트 수: 0
[12:21:56.664] [INFO] 서버 FPS: 32.512314, 평균 프레임 시간: 0.000000ms, 클라이언트 수: 0
[12:21:57.675] [INFO] 서버 FPS: 32.480316, 평균 프레임 시간: 0.000000ms, 클라이언트 수: 0
[12:21:58.689] [INFO] 서버 FPS: 32.512314, 평균 프레임 시간: 0.000000ms, 클라이언트 수: 0
[12:21:59.731] [INFO] 서버 FPS: 32.945736, 평균 프레임 시간: 0.000000ms, 클라이언트 수: 0
[12:22:00.742] [INFO] 서버 FPS: 33.497536, 평균 프레임 시간: 0.000000ms, 클라이언트 수: 0
[12:22:01.767] [INFO] 서버 FPS: 31.976744, 평균 프레임 시간: 0.000000ms, 클라이언트 수: 0
[12:22:02.789] [INFO] 서버 FPS: 32.512314, 평균 프레임 시간: 0.000000ms, 클라이언트 수: 0
[12:22:03.812] [INFO] 서버 FPS: 32.480316, 평균 프레임 시간: 0.000000ms, 클라이언트 수: 0
[12:22:04.839] [INFO] 서버 FPS: 32.007759, 평균 프레임 시간: 0.000000ms, 클라이언트 수: 0
[12:22:05.864] [INFO] 서버 FPS: 32.977692, 평균 프레임 시간: 0.000000ms, 클라이언트 수: 0
[12:22:06.903] [INFO] 서버 FPS: 33.914730, 평균 프레임 시간: 0.000000ms, 클라이언트 수: 0
[12:22:07.911] [INFO] 서버 FPS: 34.482758, 평균 프레임 시간: 0.000000ms, 클라이언트 수: 0
[12:22:08.939] [INFO] 서버 FPS: 34.917557, 평균 프레임 시간: 0.000000ms, 클라이언트 수: 0
[12:22:09.969] [INFO] 서버 FPS: 35.433071, 평균 프레임 시간: 0.000000ms, 클라이언트 수: 0
[12:22:10.998] [INFO] 서버 FPS: 33.947624, 평균 프레임 시간: 0.000000ms, 클라이언트 수: 0
[12:22:12.007] [INFO] 서버 FPS: 34.448818, 평균 프레임 시간: 0.000000ms, 클라이언트 수: 0
[12:22:13.036] [INFO] 서버 FPS: 32.977692, 평균 프레임 시간: 0.000000ms, 클라이언트 수: 0
[12:22:14.079] [INFO] 서버 FPS: 33.947624, 평균 프레임 시간: 0.000000ms, 클라이언트 수: 0
[12:22:15.091] [INFO] 서버 FPS: 33.464565, 평균 프레임 시간: 0.000000ms, 클라이언트 수: 0
[12:22:16.102] [INFO] 서버 FPS: 33.464565, 평균 프레임 시간: 0.000000ms, 클라이언트 수: 0
[12:22:17.113] [INFO] 서버 FPS: 34.482758, 평균 프레임 시간: 0.000000ms, 클라이언트 수: 0
[12:22:18.155] [INFO] 서버 FPS: 33.914730, 평균 프레임 시간: 0.000000ms, 클라이언트 수: 0
[12:22:19.167] [INFO] 서버 FPS: 33.497536, 평균 프레임 시간: 0.000000ms, 클라이언트 수: 0
[12:22:20.175] [INFO] 서버 FPS: 33.464565, 평균 프레임 시간: 0.000000ms, 클라이언트 수: 0
[12:22:21.215] [INFO] 서버 FPS: 32.977692, 평균 프레임 시간: 0.000000ms, 클라이언트 수: 0
[12:22:22.242] [INFO] 서버 FPS: 33.947624, 평균 프레임 시간: 0.000000ms, 클라이언트 수: 0
[12:22:23.269] [INFO] 서버 FPS: 33.914730, 평균 프레임 시간: 0.000000ms, 클라이언트 수: 0
[12:22:24.283] [INFO] 서버 FPS: 35.467979, 평균 프레임 시간: 0.000000ms, 클라이언트 수: 0
[12:22:25.327] [INFO] 서버 FPS: 34.917557, 평균 프레임 시간: 0.000000ms, 클라이언트 수: 0
[12:22:26.336] [INFO] 서버 FPS: 33.464565, 평균 프레임 시간: 0.000000ms, 클라이언트 수: 0
[12:22:27.363] [INFO] 서버 FPS: 33.947624, 평균 프레임 시간: 0.000000ms, 클라이언트 수: 0
[12:22:28.377] [INFO] 서버 FPS: 35.433071, 평균 프레임 시간: 0.000000ms, 클라이언트 수: 0
[12:22:29.418] [INFO] 서버 FPS: 32.977692, 평균 프레임 시간: 0.000000ms, 클라이언트 수: 0
[12:22:30.425] [INFO] 서버 FPS: 32.480316, 평균 프레임 시간: 0.000000ms, 클라이언트 수: 0
[12:22:31.466] [INFO] 서버 FPS: 33.947624, 평균 프레임 시간: 0.000000ms, 클라이언트 수: 0
[12:22:32.481] [INFO] 서버 FPS: 34.448818, 평균 프레임 시간: 0.000000ms, 클라이언트 수: 0
[12:22:33.505] [INFO] 서버 FPS: 33.947624, 평균 프레임 시간: 0.000000ms, 클라이언트 수: 0
[12:22:34.534] [INFO] 서버 FPS: 33.947624, 평균 프레임 시간: 0.000000ms, 클라이언트 수: 0
[12:22:35.573] [INFO] 서버 FPS: 32.977692, 평균 프레임 시간: 0.000000ms, 클라이언트 수: 0
[12:22:36.601] [INFO] 서버 FPS: 33.914730, 평균 프레임 시간: 0.000000ms, 클라이언트 수: 0
[12:22:37.627] [INFO] 서버 FPS: 32.977692, 평균 프레임 시간: 0.000000ms, 클라이언트 수: 0
[12:22:38.655] [INFO] 서버 FPS: 35.433071, 평균 프레임 시간: 0.000000ms, 클라이언트 수: 0
[12:22:39.663] [INFO] 서버 FPS: 32.512314, 평균 프레임 시간: 0.000000ms, 클라이언트 수: 0
[12:22:40.690] [INFO] 서버 FPS: 32.007759, 평균 프레임 시간: 0.000000ms, 클라이언트 수: 0
[12:22:41.732] [INFO] 서버 FPS: 33.914730, 평균 프레임 시간: 0.000000ms, 클라이언트 수: 0
[12:22:42.747] [INFO] 서버 FPS: 33.497536, 평균 프레임 시간: 0.000000ms, 클라이언트 수: 0
[12:22:43.757] [INFO] 서버 FPS: 32.480316, 평균 프레임 시간: 0.000000ms, 클라이언트 수: 0
[12:22:44.769] [INFO] 서버 FPS: 33.464565, 평균 프레임 시간: 0.000000ms, 클라이언트 수: 0
[12:22:45.811] [INFO] 서버 FPS: 32.977692, 평균 프레임 시간: 0.000000ms, 클라이언트 수: 0
[12:22:46.836] [INFO] 서버 FPS: 32.007759, 평균 프레임 시간: 0.000000ms, 클라이언트 수: 0
[12:22:47.865] [INFO] 서버 FPS: 32.977692, 평균 프레임 시간: 0.000000ms, 클라이언트 수: 0
[12:22:48.892] [INFO] 서버 FPS: 32.945736, 평균 프레임 시간: 0.000000ms, 클라이언트 수: 0
[12:22:49.935] [INFO] 서버 FPS: 33.947624, 평균 프레임 시간: 0.000000ms, 클라이언트 수: 0
[12:22:50.945] [INFO] 서버 FPS: 33.497536, 평균 프레임 시간: 0.000000ms, 클라이언트 수: 0
[12:22:51.974] [INFO] 서버 FPS: 32.945736, 평균 프레임 시간: 0.000000ms, 클라이언트 수: 0
[12:22:53.015] [INFO] 서버 FPS: 32.977692, 평균 프레임 시간: 0.000000ms, 클라이언트 수: 0
[12:22:54.028] [INFO] 서버 FPS: 34.448818, 평균 프레임 시간: 0.000000ms, 클라이언트 수: 0
[12:22:55.053] [INFO] 서버 FPS: 32.977692, 평균 프레임 시간: 0.000000ms, 클라이언트 수: 0
[12:22:56.093] [INFO] 서버 FPS: 33.947624, 평균 프레임 시간: 0.000000ms, 클라이언트 수: 0
[12:22:57.120] [INFO] 서버 FPS: 32.977692, 평균 프레임 시간: 0.000000ms, 클라이언트 수: 0
[12:22:58.130] [INFO] 서버 FPS: 32.480316, 평균 프레임 시간: 0.000000ms, 클라이언트 수: 0
[12:22:59.154] [INFO] 서버 FPS: 33.464565, 평균 프레임 시간: 0.000000ms, 클라이언트 수: 0
[12:23:00.168] [INFO] 서버 FPS: 32.512314, 평균 프레임 시간: 0.000000ms, 클라이언트 수: 0
[12:23:01.196] [INFO] 서버 FPS: 32.977692, 평균 프레임 시간: 0.000000ms, 클라이언트 수: 0
[12:23:02.221] [INFO] 서버 FPS: 31.976744, 평균 프레임 시간: 0.000000ms, 클라이언트 수: 0
[12:23:03.263] [INFO] 서버 FPS: 33.947624, 평균 프레임 시간: 0.000000ms, 클라이언트 수: 0
[12:23:04.274] [INFO] 서버 FPS: 32.480316, 평균 프레임 시간: 0.000000ms, 클라이언트 수: 0
[12:23:05.299] [INFO] 서버 FPS: 32.977692, 평균 프레임 시간: 0.000000ms, 클라이언트 수: 0
[12:23:05.611] [INFO] 새 클라이언트에게 ID 6 전송됨
[12:23:05.611] [INFO] 새 플레이어 정보(ID: 6) 브로드캐스트 - 수신자 수: 0
[12:23:05.611] [INFO] 기존 플레이어 정보 0개가 새 클라이언트(ID: 6)에게 전송됨
[12:23:06.328] [INFO] 서버 FPS: 32.512314, 평균 프레임 시간: 0.000000ms, 클라이언트 수: 1
[12:23:06.697] [INFO] [Packet] Pong 전송 - ClientId: 6
[12:23:07.074] [INFO] 입력 패킷 수신 - 클라이언트 ID: 6, Forward: 0.000000, Right: 0.000000, Yaw: 0.000000, Jump: false, Attack: true
[12:23:07.348] [INFO] 서버 FPS: 32.945736, 평균 프레임 시간: 0.000000ms, 클라이언트 수: 1
[12:23:07.704] [INFO] 입력 패킷 수신 - 클라이언트 ID: 6, Forward: 1.000000, Right: 0.000000, Yaw: 0.000000, Jump: false, Attack: true
[12:23:07.708] [INFO] [Packet] Pong 전송 - ClientId: 6
[12:23:08.134] [INFO] 입력 패킷 수신 - 클라이언트 ID: 6, Forward: 1.000000, Right: 0.000000, Yaw: 0.000000, Jump: false, Attack: false
[12:23:08.184] [INFO] 입력 패킷 수신 - 클라이언트 ID: 6, Forward: 1.000000, Right: 0.000000, Yaw: 1.925000, Jump: false, Attack: false
[12:23:08.230] [INFO] 입력 패킷 수신 - 클라이언트 ID: 6, Forward: 1.000000, Right: 0.000000, Yaw: 13.650001, Jump: false, Attack: false
[12:23:08.277] [INFO] 입력 패킷 수신 - 클라이언트 ID: 6, Forward: 1.000000, Right: 0.000000, Yaw: 18.025000, Jump: false, Attack: false
[12:23:08.373] [INFO] 서버 FPS: 32.512314, 평균 프레임 시간: 0.000000ms, 클라이언트 수: 1
[12:23:08.609] [INFO] 입력 패킷 수신 - 클라이언트 ID: 6, Forward: 1.000000, Right: 0.000000, Yaw: 18.200001, Jump: false, Attack: false
[12:23:08.655] [INFO] 입력 패킷 수신 - 클라이언트 ID: 6, Forward: 1.000000, Right: 0.000000, Yaw: 18.375000, Jump: false, Attack: false
[12:23:08.700] [INFO] [Packet] Pong 전송 - ClientId: 6
[12:23:08.840] [INFO] 입력 패킷 수신 - 클라이언트 ID: 6, Forward: 1.000000, Right: 0.000000, Yaw: 18.725000, Jump: false, Attack: false
[12:23:08.885] [INFO] 입력 패킷 수신 - 클라이언트 ID: 6, Forward: 1.000000, Right: 0.000000, Yaw: 18.900000, Jump: false, Attack: false
[12:23:08.932] [INFO] 입력 패킷 수신 - 클라이언트 ID: 6, Forward: -1.000000, Right: -0.000000, Yaw: 18.900000, Jump: false, Attack: false
[12:23:08.932] [INFO] 입력 패킷 수신 - 클라이언트 ID: 6, Forward: -1.000000, Right: -0.000000, Yaw: 19.075001, Jump: false, Attack: false
[12:23:08.977] [INFO] 입력 패킷 수신 - 클라이언트 ID: 6, Forward: -1.000000, Right: -0.000000, Yaw: 19.250000, Jump: false, Attack: false
[12:23:09.021] [INFO] 입력 패킷 수신 - 클라이언트 ID: 6, Forward: -1.000000, Right: -0.000000, Yaw: 19.425001, Jump: false, Attack: false
[12:23:09.109] [INFO] 입력 패킷 수신 - 클라이언트 ID: 6, Forward: -1.000000, Right: -0.000000, Yaw: 19.600000, Jump: false, Attack: false
[12:23:09.110] [INFO] 입력 패킷 수신 - 클라이언트 ID: 6, Forward: -1.000000, Right: -0.000000, Yaw: 20.475000, Jump: false, Attack: false
[12:23:09.156] [INFO] 입력 패킷 수신 - 클라이언트 ID: 6, Forward: -1.000000, Right: -0.000000, Yaw: 21.525000, Jump: false, Attack: false
[12:23:09.202] [INFO] 입력 패킷 수신 - 클라이언트 ID: 6, Forward: -1.000000, Right: -0.000000, Yaw: 22.925001, Jump: false, Attack: false
[12:23:09.248] [INFO] 입력 패킷 수신 - 클라이언트 ID: 6, Forward: -1.000000, Right: -0.000000, Yaw: 23.975000, Jump: false, Attack: false
[12:23:09.296] [INFO] 입력 패킷 수신 - 클라이언트 ID: 6, Forward: -1.000000, Right: -0.000000, Yaw: 25.200001, Jump: false, Attack: false
[12:23:09.342] [INFO] 입력 패킷 수신 - 클라이언트 ID: 6, Forward: -0.000000, Right: -1.000000, Yaw: 25.200001, Jump: false, Attack: false
[12:23:09.343] [INFO] 입력 패킷 수신 - 클라이언트 ID: 6, Forward: -0.000000, Right: -1.000000, Yaw: 26.075001, Jump: false, Attack: false
[12:23:09.388] [INFO] 입력 패킷 수신 - 클라이언트 ID: 6, Forward: -0.000000, Right: -1.000000, Yaw: 27.300001, Jump: false, Attack: false
[12:23:09.393] [INFO] 서버 FPS: 31.976744, 평균 프레임 시간: 0.000000ms, 클라이언트 수: 1
[12:23:09.431] [INFO] 입력 패킷 수신 - 클라이언트 ID: 6, Forward: -0.000000, Right: -1.000000, Yaw: 31.675001, Jump: false, Attack: false
[12:23:09.477] [INFO] 입력 패킷 수신 - 클라이언트 ID: 6, Forward: -0.000000, Right: -1.000000, Yaw: 35.350002, Jump: false, Attack: false
[12:23:09.521] [INFO] 입력 패킷 수신 - 클라이언트 ID: 6, Forward: -0.000000, Right: -1.000000, Yaw: 36.225002, Jump: false, Attack: false
[12:23:09.603] [INFO] 입력 패킷 수신 - 클라이언트 ID: 6, Forward: -0.000000, Right: -1.000000, Yaw: 37.450001, Jump: false, Attack: false
[12:23:09.604] [INFO] 입력 패킷 수신 - 클라이언트 ID: 6, Forward: -0.000000, Right: -1.000000, Yaw: 38.674999, Jump: false, Attack: false
[12:23:09.642] [INFO] 입력 패킷 수신 - 클라이언트 ID: 6, Forward: -0.000000, Right: -1.000000, Yaw: 39.725002, Jump: false, Attack: false
[12:23:09.682] [INFO] [Packet] Pong 전송 - ClientId: 6
[12:23:09.682] [INFO] 입력 패킷 수신 - 클라이언트 ID: 6, Forward: -0.000000, Right: -1.000000, Yaw: 42.350002, Jump: false, Attack: false
[12:23:09.720] [INFO] 입력 패킷 수신 - 클라이언트 ID: 6, Forward: -0.000000, Right: -1.000000, Yaw: 43.225002, Jump: false, Attack: false
[12:23:09.798] [INFO] 입력 패킷 수신 - 클라이언트 ID: 6, Forward: 1.000000, Right: -1.000000, Yaw: 43.924999, Jump: false, Attack: false
[12:23:09.879] [INFO] 입력 패킷 수신 - 클라이언트 ID: 6, Forward: 1.000000, Right: 0.000000, Yaw: 43.924999, Jump: false, Attack: false
[12:23:09.956] [INFO] 입력 패킷 수신 - 클라이언트 ID: 6, Forward: 1.000000, Right: 0.000000, Yaw: 43.924999, Jump: false, Attack: true
[12:23:09.956] [INFO] 입력 패킷 수신 - 클라이언트 ID: 6, Forward: 1.000000, Right: 0.000000, Yaw: 44.100002, Jump: false, Attack: true
[12:23:10.235] [INFO] 입력 패킷 수신 - 클라이언트 ID: 6, Forward: 1.000000, Right: 0.000000, Yaw: 44.275002, Jump: false, Attack: true
[12:23:10.408] [INFO] 입력 패킷 수신 - 클라이언트 ID: 6, Forward: -1.000000, Right: -0.000000, Yaw: 44.275002, Jump: false, Attack: true
[12:23:10.417] [INFO] 서버 FPS: 33.497536, 평균 프레임 시간: 0.000000ms, 클라이언트 수: 1
[12:23:10.681] [INFO] [Packet] Pong 전송 - ClientId: 6
[12:23:10.681] [INFO] 입력 패킷 수신 - 클라이언트 ID: 6, Forward: -1.000000, Right: -0.000000, Yaw: 44.450001, Jump: false, Attack: true
[12:23:10.753] [INFO] 입력 패킷 수신 - 클라이언트 ID: 6, Forward: -1.000000, Right: -0.000000, Yaw: 44.625000, Jump: false, Attack: true
[12:23:10.753] [INFO] 입력 패킷 수신 - 클라이언트 ID: 6, Forward: -1.000000, Right: -0.000000, Yaw: 44.975002, Jump: false, Attack: true
[12:23:10.790] [INFO] 입력 패킷 수신 - 클라이언트 ID: 6, Forward: -1.000000, Right: 1.000000, Yaw: 44.975002, Jump: false, Attack: true
[12:23:10.790] [INFO] 입력 패킷 수신 - 클라이언트 ID: 6, Forward: -1.000000, Right: 1.000000, Yaw: 45.325001, Jump: false, Attack: true
[12:23:10.824] [INFO] 입력 패킷 수신 - 클라이언트 ID: 6, Forward: -1.000000, Right: 1.000000, Yaw: 45.150002, Jump: false, Attack: true
[12:23:10.859] [INFO] 입력 패킷 수신 - 클라이언트 ID: 6, Forward: 0.000000, Right: 1.000000, Yaw: 45.150002, Jump: false, Attack: true
[12:23:10.896] [INFO] 입력 패킷 수신 - 클라이언트 ID: 6, Forward: 0.000000, Right: 1.000000, Yaw: 43.924999, Jump: false, Attack: true
[12:23:10.897] [INFO] 입력 패킷 수신 - 클라이언트 ID: 6, Forward: 0.000000, Right: 1.000000, Yaw: 41.650002, Jump: false, Attack: true
[12:23:10.935] [INFO] 입력 패킷 수신 - 클라이언트 ID: 6, Forward: 0.000000, Right: 1.000000, Yaw: 40.075001, Jump: false, Attack: true
[12:23:10.975] [INFO] 입력 패킷 수신 - 클라이언트 ID: 6, Forward: 0.000000, Right: 1.000000, Yaw: 37.625000, Jump: false, Attack: false
[12:23:11.053] [INFO] 입력 패킷 수신 - 클라이언트 ID: 6, Forward: 0.000000, Right: 1.000000, Yaw: 35.525002, Jump: false, Attack: false
[12:23:11.054] [INFO] 입력 패킷 수신 - 클라이언트 ID: 6, Forward: 0.000000, Right: 1.000000, Yaw: 33.775002, Jump: false, Attack: false
[12:23:11.091] [INFO] 입력 패킷 수신 - 클라이언트 ID: 6, Forward: 0.000000, Right: 1.000000, Yaw: 31.325001, Jump: false, Attack: false
[12:23:11.129] [INFO] 입력 패킷 수신 - 클라이언트 ID: 6, Forward: 0.000000, Right: 1.000000, Yaw: 28.700001, Jump: false, Attack: false
[12:23:11.207] [INFO] 입력 패킷 수신 - 클라이언트 ID: 6, Forward: 0.000000, Right: 1.000000, Yaw: 23.975000, Jump: false, Attack: false
[12:23:11.208] [INFO] 입력 패킷 수신 - 클라이언트 ID: 6, Forward: 0.000000, Right: 1.000000, Yaw: 20.475000, Jump: false, Attack: false
[12:23:11.249] [INFO] 입력 패킷 수신 - 클라이언트 ID: 6, Forward: 0.000000, Right: 1.000000, Yaw: 18.900000, Jump: false, Attack: false
[12:23:11.289] [INFO] 입력 패킷 수신 - 클라이언트 ID: 6, Forward: 1.000000, Right: 1.000000, Yaw: 18.900000, Jump: false, Attack: false
[12:23:11.290] [INFO] 입력 패킷 수신 - 클라이언트 ID: 6, Forward: 1.000000, Right: 1.000000, Yaw: 15.750000, Jump: false, Attack: false
[12:23:11.328] [INFO] 입력 패킷 수신 - 클라이언트 ID: 6, Forward: 1.000000, Right: 1.000000, Yaw: 13.475000, Jump: false, Attack: false
[12:23:11.408] [INFO] 입력 패킷 수신 - 클라이언트 ID: 6, Forward: 1.000000, Right: 1.000000, Yaw: 11.900001, Jump: false, Attack: false
[12:23:11.408] [INFO] 입력 패킷 수신 - 클라이언트 ID: 6, Forward: 1.000000, Right: 1.000000, Yaw: 9.975000, Jump: false, Attack: false
[12:23:11.442] [INFO] 서버 FPS: 32.977692, 평균 프레임 시간: 0.000000ms, 클라이언트 수: 1
[12:23:11.448] [INFO] 입력 패킷 수신 - 클라이언트 ID: 6, Forward: 1.000000, Right: 1.000000, Yaw: 9.450000, Jump: false, Attack: false
[12:23:11.490] [INFO] 입력 패킷 수신 - 클라이언트 ID: 6, Forward: 1.000000, Right: 0.000000, Yaw: 9.450000, Jump: true, Attack: false
[12:23:11.491] [INFO] 입력 패킷 수신 - 클라이언트 ID: 6, Forward: 1.000000, Right: 0.000000, Yaw: 8.575000, Jump: true, Attack: false
[12:23:11.529] [INFO] 입력 패킷 수신 - 클라이언트 ID: 6, Forward: 1.000000, Right: 0.000000, Yaw: 7.350000, Jump: true, Attack: false
[12:23:11.570] [INFO] 입력 패킷 수신 - 클라이언트 ID: 6, Forward: 1.000000, Right: 0.000000, Yaw: 7.000000, Jump: true, Attack: false
[12:23:11.646] [INFO] 입력 패킷 수신 - 클라이언트 ID: 6, Forward: 1.000000, Right: 0.000000, Yaw: 6.825000, Jump: true, Attack: false
[12:23:11.646] [INFO] 입력 패킷 수신 - 클라이언트 ID: 6, Forward: 1.000000, Right: 0.000000, Yaw: 6.650000, Jump: true, Attack: false
[12:23:11.686] [INFO] [Packet] Pong 전송 - ClientId: 6
[12:23:11.686] [INFO] 입력 패킷 수신 - 클라이언트 ID: 6, Forward: 1.000000, Right: 0.000000, Yaw: 6.300000, Jump: true, Attack: false
[12:23:11.725] [INFO] 입력 패킷 수신 - 클라이언트 ID: 6, Forward: 1.000000, Right: 0.000000, Yaw: 5.950000, Jump: true, Attack: false
[12:23:11.769] [INFO] 입력 패킷 수신 - 클라이언트 ID: 6, Forward: 1.000000, Right: 0.000000, Yaw: 5.600000, Jump: true, Attack: false
[12:23:11.851] [INFO] 입력 패킷 수신 - 클라이언트 ID: 6, Forward: 1.000000, Right: 0.000000, Yaw: 5.425000, Jump: true, Attack: false
[12:23:11.852] [INFO] 입력 패킷 수신 - 클라이언트 ID: 6, Forward: 1.000000, Right: 0.000000, Yaw: 5.250000, Jump: true, Attack: false
[12:23:11.891] [INFO] 입력 패킷 수신 - 클라이언트 ID: 6, Forward: 1.000000, Right: 0.000000, Yaw: 5.250000, Jump: false, Attack: true
[12:23:11.892] [INFO] 입력 패킷 수신 - 클라이언트 ID: 6, Forward: 1.000000, Right: 0.000000, Yaw: 5.075000, Jump: false, Attack: true
[12:23:11.931] [INFO] 입력 패킷 수신 - 클라이언트 ID: 6, Forward: 1.000000, Right: 0.000000, Yaw: 4.900000, Jump: false, Attack: true
[12:23:11.969] [INFO] 입력 패킷 수신 - 클라이언트 ID: 6, Forward: 1.000000, Right: 0.000000, Yaw: 4.550000, Jump: false, Attack: true
[12:23:12.047] [INFO] 입력 패킷 수신 - 클라이언트 ID: 6, Forward: -0.000000, Right: -1.000000, Yaw: 356.850006, Jump: false, Attack: true
[12:23:12.047] [INFO] 입력 패킷 수신 - 클라이언트 ID: 6, Forward: -0.000000, Right: -1.000000, Yaw: 354.924988, Jump: false, Attack: true
[12:23:12.086] [INFO] 입력 패킷 수신 - 클라이언트 ID: 6, Forward: -0.000000, Right: -1.000000, Yaw: 354.399994, Jump: false, Attack: true
[12:23:12.125] [INFO] 입력 패킷 수신 - 클라이언트 ID: 6, Forward: -0.000000, Right: -1.000000, Yaw: 353.875000, Jump: false, Attack: true
[12:23:12.205] [INFO] 입력 패킷 수신 - 클라이언트 ID: 6, Forward: -0.000000, Right: -1.000000, Yaw: 353.700012, Jump: false, Attack: true
[12:23:12.205] [INFO] 입력 패킷 수신 - 클라이언트 ID: 6, Forward: -0.000000, Right: -1.000000, Yaw: 353.524994, Jump: false, Attack: true
[12:23:12.243] [INFO] 입력 패킷 수신 - 클라이언트 ID: 6, Forward: -0.000000, Right: -1.000000, Yaw: 353.174988, Jump: false, Attack: true
[12:23:12.280] [INFO] 입력 패킷 수신 - 클라이언트 ID: 6, Forward: -0.000000, Right: -1.000000, Yaw: 353.000000, Jump: false, Attack: true
[12:23:12.353] [INFO] 입력 패킷 수신 - 클라이언트 ID: 6, Forward: -0.000000, Right: -1.000000, Yaw: 351.774994, Jump: false, Attack: true
[12:23:12.354] [INFO] 입력 패킷 수신 - 클라이언트 ID: 6, Forward: -0.000000, Right: -1.000000, Yaw: 348.625000, Jump: false, Attack: true
[12:23:12.392] [INFO] 입력 패킷 수신 - 클라이언트 ID: 6, Forward: -0.000000, Right: -1.000000, Yaw: 344.075012, Jump: false, Attack: true
[12:23:12.430] [INFO] 입력 패킷 수신 - 클라이언트 ID: 6, Forward: -0.000000, Right: -1.000000, Yaw: 340.049988, Jump: false, Attack: true
[12:23:12.467] [INFO] 서버 FPS: 33.464565, 평균 프레임 시간: 0.000000ms, 클라이언트 수: 1
[12:23:12.503] [INFO] 입력 패킷 수신 - 클라이언트 ID: 6, Forward: -0.000000, Right: -1.000000, Yaw: 333.049988, Jump: false, Attack: true
[12:23:12.504] [INFO] 입력 패킷 수신 - 클라이언트 ID: 6, Forward: -0.000000, Right: -1.000000, Yaw: 323.075012, Jump: false, Attack: true
[12:23:12.541] [INFO] 입력 패킷 수신 - 클라이언트 ID: 6, Forward: 1.000000, Right: -1.000000, Yaw: 323.075012, Jump: false, Attack: true
[12:23:12.541] [INFO] 입력 패킷 수신 - 클라이언트 ID: 6, Forward: 1.000000, Right: -1.000000, Yaw: 310.825012, Jump: false, Attack: true
[12:23:12.578] [INFO] 입력 패킷 수신 - 클라이언트 ID: 6, Forward: 1.000000, Right: -1.000000, Yaw: 301.375000, Jump: false, Attack: true
[12:23:12.651] [INFO] 입력 패킷 수신 - 클라이언트 ID: 6, Forward: 1.000000, Right: -1.000000, Yaw: 294.200012, Jump: false, Attack: true
[12:23:12.651] [INFO] 입력 패킷 수신 - 클라이언트 ID: 6, Forward: 1.000000, Right: -1.000000, Yaw: 284.750000, Jump: false, Attack: true
[12:23:12.690] [INFO] [Packet] Pong 전송 - ClientId: 6
[12:23:12.690] [INFO] 입력 패킷 수신 - 클라이언트 ID: 6, Forward: 1.000000, Right: -1.000000, Yaw: 277.399994, Jump: false, Attack: true
[12:23:12.731] [INFO] 입력 패킷 수신 - 클라이언트 ID: 6, Forward: 1.000000, Right: -1.000000, Yaw: 270.750000, Jump: false, Attack: true
[12:23:12.773] [INFO] 입력 패킷 수신 - 클라이언트 ID: 6, Forward: 1.000000, Right: -1.000000, Yaw: 264.274994, Jump: false, Attack: true
[12:23:12.853] [INFO] 입력 패킷 수신 - 클라이언트 ID: 6, Forward: 1.000000, Right: -1.000000, Yaw: 262.174988, Jump: false, Attack: true
[12:23:12.934] [INFO] 입력 패킷 수신 - 클라이언트 ID: 6, Forward: 1.000000, Right: -1.000000, Yaw: 262.174988, Jump: false, Attack: false
[12:23:13.058] [INFO] 입력 패킷 수신 - 클라이언트 ID: 6, Forward: 1.000000, Right: -1.000000, Yaw: 261.825012, Jump: false, Attack: false
[12:23:13.097] [INFO] 입력 패킷 수신 - 클라이언트 ID: 6, Forward: 1.000000, Right: -1.000000, Yaw: 260.600006, Jump: false, Attack: false
[12:23:13.135] [INFO] 입력 패킷 수신 - 클라이언트 ID: 6, Forward: 1.000000, Right: -1.000000, Yaw: 260.950012, Jump: false, Attack: false
[12:23:13.247] [INFO] 입력 패킷 수신 - 클라이언트 ID: 6, Forward: 1.000000, Right: 0.000000, Yaw: 260.950012, Jump: false, Attack: false
[12:23:13.247] [INFO] 입력 패킷 수신 - 클라이언트 ID: 6, Forward: 1.000000, Right: 0.000000, Yaw: 263.225006, Jump: false, Attack: false
[12:23:13.288] [INFO] 입력 패킷 수신 - 클라이언트 ID: 6, Forward: 1.000000, Right: 0.000000, Yaw: 273.024994, Jump: false, Attack: false
[12:23:13.325] [INFO] 입력 패킷 수신 - 클라이언트 ID: 6, Forward: 1.000000, Right: 0.000000, Yaw: 273.024994, Jump: false, Attack: true
[12:23:13.326] [INFO] 입력 패킷 수신 - 클라이언트 ID: 6, Forward: 1.000000, Right: 0.000000, Yaw: 284.399994, Jump: false, Attack: true
[12:23:13.399] [INFO] 입력 패킷 수신 - 클라이언트 ID: 6, Forward: 1.000000, Right: 0.000000, Yaw: 284.750000, Jump: false, Attack: true
[12:23:13.399] [INFO] 입력 패킷 수신 - 클라이언트 ID: 6, Forward: 1.000000, Right: 0.000000, Yaw: 284.924988, Jump: false, Attack: true
[12:23:13.438] [INFO] 입력 패킷 수신 - 클라이언트 ID: 6, Forward: 1.000000, Right: 0.000000, Yaw: 285.975006, Jump: false, Attack: true
[12:23:13.476] [INFO] 입력 패킷 수신 - 클라이언트 ID: 6, Forward: 1.000000, Right: 0.000000, Yaw: 286.149994, Jump: false, Attack: true
[12:23:13.490] [INFO] 서버 FPS: 32.977692, 평균 프레임 시간: 0.000000ms, 클라이언트 수: 1
[12:23:13.554] [INFO] 입력 패킷 수신 - 클라이언트 ID: 6, Forward: 1.000000, Right: 0.000000, Yaw: 287.725006, Jump: false, Attack: true
[12:23:13.554] [INFO] 입력 패킷 수신 - 클라이언트 ID: 6, Forward: 1.000000, Right: 0.000000, Yaw: 293.850006, Jump: false, Attack: true
[12:23:13.591] [INFO] 입력 패킷 수신 - 클라이언트 ID: 6, Forward: 1.000000, Right: 0.000000, Yaw: 299.625000, Jump: false, Attack: true
[12:23:13.630] [INFO] 입력 패킷 수신 - 클라이언트 ID: 6, Forward: 1.000000, Right: 0.000000, Yaw: 299.799988, Jump: false, Attack: true
[12:23:13.704] [INFO] [Packet] Pong 전송 - ClientId: 6
[12:23:13.704] [INFO] 입력 패킷 수신 - 클라이언트 ID: 6, Forward: 1.000000, Right: 0.000000, Yaw: 299.625000, Jump: false, Attack: true
[12:23:13.743] [INFO] 입력 패킷 수신 - 클라이언트 ID: 6, Forward: 1.000000, Right: 0.000000, Yaw: 298.225006, Jump: false, Attack: true
[12:23:13.779] [INFO] 입력 패킷 수신 - 클라이언트 ID: 6, Forward: 1.000000, Right: 0.000000, Yaw: 295.075012, Jump: false, Attack: true
[12:23:13.850] [INFO] 입력 패킷 수신 - 클라이언트 ID: 6, Forward: 1.000000, Right: 0.000000, Yaw: 291.225006, Jump: false, Attack: true
[12:23:13.851] [INFO] 입력 패킷 수신 - 클라이언트 ID: 6, Forward: 1.000000, Right: 0.000000, Yaw: 285.975006, Jump: false, Attack: true
[12:23:13.887] [INFO] 입력 패킷 수신 - 클라이언트 ID: 6, Forward: 1.000000, Right: 0.000000, Yaw: 282.299988, Jump: false, Attack: true
[12:23:13.922] [INFO] 입력 패킷 수신 - 클라이언트 ID: 6, Forward: 1.000000, Right: 0.000000, Yaw: 281.774994, Jump: false, Attack: true
[12:23:14.147] [INFO] 입력 패킷 수신 - 클라이언트 ID: 6, Forward: 1.000000, Right: 0.000000, Yaw: 281.600006, Jump: false, Attack: true
[12:23:14.385] [INFO] 입력 패킷 수신 - 클라이언트 ID: 6, Forward: 1.000000, Right: 0.000000, Yaw: 281.600006, Jump: false, Attack: false
[12:23:14.513] [INFO] 서버 FPS: 33.464565, 평균 프레임 시간: 0.000000ms, 클라이언트 수: 1
[12:23:14.698] [INFO] [Packet] Pong 전송 - ClientId: 6
[12:23:15.527] [INFO] 서버 FPS: 32.480316, 평균 프레임 시간: 0.000000ms, 클라이언트 수: 1
[12:23:15.695] [INFO] [Packet] Pong 전송 - ClientId: 6
[12:23:15.939] [INFO] 클라이언트가 정상적으로 연결 종료함 - ID: 6
[12:23:15.940] [INFO] 클라이언트 연결 끊김 (ID: 6)
[12:23:15.940] [INFO] 클라이언트 연결 끊김 알림(ID: 6) - 수신자 수: 0
[12:23:16.554] [INFO] 서버 FPS: 32.977692, 평균 프레임 시간: 0.000000ms, 클라이언트 수: 0
[12:23:17.582] [INFO] 서버 FPS: 33.947624, 평균 프레임 시간: 0.000000ms, 클라이언트 수: 0
[12:23:18.624] [INFO] 서버 FPS: 33.947624, 평균 프레임 시간: 0.000000ms, 클라이언트 수: 0
[12:23:19.636] [INFO] 서버 FPS: 32.480316, 평균 프레임 시간: 0.000000ms, 클라이언트 수: 0
[12:23:20.650] [INFO] 서버 FPS: 32.480316, 평균 프레임 시간: 0.000000ms, 클라이언트 수: 0
[12:23:21.680] [INFO] 서버 FPS: 32.007759, 평균 프레임 시간: 0.000000ms, 클라이언트 수: 0
