[20:02:12.280] [INFO] 로깅 시스템 초기화됨
[20:02:12.281] [INFO] 서버 인스턴스 생성됨
[20:02:12.281] [INFO] 서버 초기화 시작 (포트: 9000)
[20:02:12.282] [INFO] 윈속 초기화 성공
[20:02:12.282] [INFO] 리스닝 소켓 생성 성공
[20:02:12.282] [INFO] 소켓 바인딩 성공 (포트: 9000)
[20:02:12.283] [INFO] 리스닝 시작됨
[20:02:12.283] [INFO] IOCP 생성 성공
[20:02:12.283] [INFO] CPU 코어 수: 16, 생성할 작업자 스레드: 32
[20:02:12.283] [INFO] 작업자 스레드 #1 생성됨
[20:02:12.283] [INFO] 작업자 스레드 시작 (ThreadID: 27048)
[20:02:12.284] [INFO] 작업자 스레드 #2 생성됨
[20:02:12.284] [INFO] 작업자 스레드 시작 (ThreadID: 5812)
[20:02:12.284] [INFO] 작업자 스레드 #3 생성됨
[20:02:12.284] [INFO] 작업자 스레드 시작 (ThreadID: 17732)
[20:02:12.284] [INFO] 작업자 스레드 #4 생성됨
[20:02:12.285] [INFO] 작업자 스레드 시작 (ThreadID: 13632)
[20:02:12.285] [INFO] 작업자 스레드 #5 생성됨
[20:02:12.285] [INFO] 작업자 스레드 시작 (ThreadID: 31792)
[20:02:12.285] [INFO] 작업자 스레드 #6 생성됨
[20:02:12.285] [INFO] 작업자 스레드 시작 (ThreadID: 28032)
[20:02:12.285] [INFO] 작업자 스레드 #7 생성됨
[20:02:12.286] [INFO] 작업자 스레드 시작 (ThreadID: 12048)
[20:02:12.286] [INFO] 작업자 스레드 #8 생성됨
[20:02:12.286] [INFO] 작업자 스레드 시작 (ThreadID: 25828)
[20:02:12.286] [INFO] 작업자 스레드 #9 생성됨
[20:02:12.286] [INFO] 작업자 스레드 시작 (ThreadID: 28716)
[20:02:12.286] [INFO] 작업자 스레드 #10 생성됨
[20:02:12.287] [INFO] 작업자 스레드 시작 (ThreadID: 26372)
[20:02:12.287] [INFO] 작업자 스레드 #11 생성됨
[20:02:12.287] [INFO] 작업자 스레드 시작 (ThreadID: 28440)
[20:02:12.287] [INFO] 작업자 스레드 #12 생성됨
[20:02:12.287] [INFO] 작업자 스레드 시작 (ThreadID: 25604)
[20:02:12.287] [INFO] 작업자 스레드 #13 생성됨
[20:02:12.288] [INFO] 작업자 스레드 시작 (ThreadID: 19948)
[20:02:12.288] [INFO] 작업자 스레드 #14 생성됨
[20:02:12.288] [INFO] 작업자 스레드 시작 (ThreadID: 30988)
[20:02:12.288] [INFO] 작업자 스레드 #15 생성됨
[20:02:12.288] [INFO] 작업자 스레드 시작 (ThreadID: 29992)
[20:02:12.288] [INFO] 작업자 스레드 #16 생성됨
[20:02:12.288] [INFO] 작업자 스레드 시작 (ThreadID: 12664)
[20:02:12.289] [INFO] 작업자 스레드 #17 생성됨
[20:02:12.289] [INFO] 작업자 스레드 시작 (ThreadID: 30020)
[20:02:12.289] [INFO] 작업자 스레드 #18 생성됨
[20:02:12.289] [INFO] 작업자 스레드 시작 (ThreadID: 26864)
[20:02:12.289] [INFO] 작업자 스레드 #19 생성됨
[20:02:12.289] [INFO] 작업자 스레드 시작 (ThreadID: 28748)
[20:02:12.290] [INFO] 작업자 스레드 #20 생성됨
[20:02:12.290] [INFO] 작업자 스레드 시작 (ThreadID: 31692)
[20:02:12.290] [INFO] 작업자 스레드 #21 생성됨
[20:02:12.290] [INFO] 작업자 스레드 시작 (ThreadID: 29032)
[20:02:12.290] [INFO] 작업자 스레드 #22 생성됨
[20:02:12.290] [INFO] 작업자 스레드 시작 (ThreadID: 20384)
[20:02:12.291] [INFO] 작업자 스레드 #23 생성됨
[20:02:12.291] [INFO] 작업자 스레드 시작 (ThreadID: 27868)
[20:02:12.291] [INFO] 작업자 스레드 #24 생성됨
[20:02:12.291] [INFO] 작업자 스레드 시작 (ThreadID: 24580)
[20:02:12.291] [INFO] 작업자 스레드 #25 생성됨
[20:02:12.291] [INFO] 작업자 스레드 시작 (ThreadID: 28832)
[20:02:12.291] [INFO] 작업자 스레드 #26 생성됨
[20:02:12.292] [INFO] 작업자 스레드 시작 (ThreadID: 21592)
[20:02:12.292] [INFO] 작업자 스레드 #27 생성됨
[20:02:12.292] [INFO] 작업자 스레드 시작 (ThreadID: 30496)
[20:02:12.292] [INFO] 작업자 스레드 #28 생성됨
[20:02:12.292] [INFO] 작업자 스레드 시작 (ThreadID: 13284)
[20:02:12.292] [INFO] 작업자 스레드 #29 생성됨
[20:02:12.293] [INFO] 작업자 스레드 시작 (ThreadID: 30928)
[20:02:12.293] [INFO] 작업자 스레드 #30 생성됨
[20:02:12.293] [INFO] 작업자 스레드 시작 (ThreadID: 23772)
[20:02:12.293] [INFO] 작업자 스레드 #31 생성됨
[20:02:12.293] [INFO] 작업자 스레드 시작 (ThreadID: 32440)
[20:02:12.293] [INFO] 작업자 스레드 #32 생성됨
[20:02:12.294] [INFO] 작업자 스레드 시작 (ThreadID: 31200)
[20:02:12.294] [INFO] 서버 초기화 완료
[20:02:12.294] [INFO] 서버 실행. 포트 번호: 9000
[20:02:12.294] [INFO] IOCP 멀티플레이어 서버 시작됨...
[20:02:12.294] [INFO] 서버 실행 시작
[20:02:14.212] [INFO] 클라이언트 연결됨: 127.0.0.1:6358 (ID: 1)
[20:02:14.212] [INFO] 새 클라이언트에게 ID 1 전송됨
[20:02:14.212] [INFO] 새 플레이어 정보(ID: 1) 브로드캐스트 - 수신자 수: 0
[20:02:14.212] [INFO] 기존 플레이어 정보 0개가 새 클라이언트(ID: 1)에게 전송됨
[20:02:14.213] [INFO] 플레이어 위치 변경 - 클라이언트 ID: 1, 위치: X=0.000000, Y=0.000000, Z=90.000000
[20:02:14.213] [INFO] 서버 FPS: 1.049318, 평균 프레임 시간: 190.600006ms, 클라이언트 수: 1
[20:02:33.716] [INFO] 클라이언트가 정상적으로 연결 종료 - ID: 1
[20:02:33.716] [INFO] 클라이언트 연결 끊김 (ID: 1)
[20:02:33.717] [INFO] 클라이언트 연결 끊김 알림(ID: 1) - 수신자 수: 0
