[17:39:23.536] [INFO] 로깅 시스템 초기화됨
[17:39:23.536] [INFO] 서버 인스턴스 생성됨
[17:39:23.536] [INFO] 서버 초기화 시작 (포트: 9000)
[17:39:23.537] [INFO] 윈속 초기화 성공
[17:39:23.538] [INFO] 리스닝 소켓 생성 성공
[17:39:23.538] [INFO] 소켓 바인딩 성공 (포트: 9000)
[17:39:23.538] [INFO] 리스닝 시작됨
[17:39:23.538] [INFO] IOCP 생성 성공
[17:39:23.538] [INFO] CPU 코어 수: 16, 생성할 작업자 스레드: 16
[17:39:23.539] [INFO] 작업자 스레드 #1 생성됨
[17:39:23.539] [INFO] 작업자 스레드 시작 (ThreadID: 32516)
[17:39:23.539] [INFO] 작업자 스레드 #2 생성됨
[17:39:23.539] [INFO] 작업자 스레드 시작 (ThreadID: 28468)
[17:39:23.540] [INFO] 작업자 스레드 #3 생성됨
[17:39:23.540] [INFO] 작업자 스레드 시작 (ThreadID: 7300)
[17:39:23.540] [INFO] 작업자 스레드 #4 생성됨
[17:39:23.540] [INFO] 작업자 스레드 시작 (ThreadID: 24148)
[17:39:23.540] [INFO] 작업자 스레드 #5 생성됨
[17:39:23.541] [INFO] 작업자 스레드 시작 (ThreadID: 16868)
[17:39:23.541] [INFO] 작업자 스레드 #6 생성됨
[17:39:23.541] [INFO] 작업자 스레드 시작 (ThreadID: 2004)
[17:39:23.541] [INFO] 작업자 스레드 #7 생성됨
[17:39:23.541] [INFO] 작업자 스레드 시작 (ThreadID: 31020)
[17:39:23.541] [INFO] 작업자 스레드 #8 생성됨
[17:39:23.542] [INFO] 작업자 스레드 시작 (ThreadID: 21508)
[17:39:23.542] [INFO] 작업자 스레드 #9 생성됨
[17:39:23.542] [INFO] 작업자 스레드 시작 (ThreadID: 34732)
[17:39:23.542] [INFO] 작업자 스레드 #10 생성됨
[17:39:23.542] [INFO] 작업자 스레드 시작 (ThreadID: 32000)
[17:39:23.542] [INFO] 작업자 스레드 #11 생성됨
[17:39:23.543] [INFO] 작업자 스레드 시작 (ThreadID: 23896)
[17:39:23.543] [INFO] 작업자 스레드 #12 생성됨
[17:39:23.543] [INFO] 작업자 스레드 시작 (ThreadID: 34808)
[17:39:23.543] [INFO] 작업자 스레드 #13 생성됨
[17:39:23.543] [INFO] 작업자 스레드 시작 (ThreadID: 25272)
[17:39:23.544] [INFO] 작업자 스레드 #14 생성됨
[17:39:23.544] [INFO] 작업자 스레드 시작 (ThreadID: 25776)
[17:39:23.544] [INFO] 작업자 스레드 #15 생성됨
[17:39:23.544] [INFO] 작업자 스레드 시작 (ThreadID: 2676)
[17:39:23.544] [INFO] 작업자 스레드 #16 생성됨
[17:39:23.544] [INFO] 작업자 스레드 시작 (ThreadID: 27036)
[17:39:23.545] [INFO] 서버 초기화 완료
[17:39:23.545] [INFO] 서버 실행. 포트 번호: 9000
[17:39:23.545] [INFO] IOCP 멀티플레이어 서버 시작됨...
[17:39:23.545] [INFO] 서버 실행 시작
[17:39:26.075] [INFO] 클라이언트 연결됨: 127.0.0.1:9810 (ID: 1)
[17:39:26.075] [INFO] 새 클라이언트에게 ID 1 전송됨
[17:39:26.076] [INFO] 새 플레이어 정보(ID: 1) 브로드캐스트 - 수신자 수: 0
[17:39:26.076] [INFO] 새 클라이언트에게 ID 1 전송됨, 초기 위치: X=0.000000, Y=0.000000, Z=90.000000
[17:39:26.076] [INFO] 기존 플레이어 정보 0개가 새 클라이언트(ID: 1)에게 전송됨
[17:39:26.076] [INFO] 서버 FPS: 0.790201, 평균 프레임 시간: 253.100006ms, 클라이언트 수: 1
[17:39:26.077] [INFO] 클라이언트 연결됨: 127.0.0.1:9811 (ID: 2)
[17:39:26.077] [INFO] 새 클라이언트에게 ID 2 전송됨
[17:39:26.077] [INFO] 새 플레이어 정보(ID: 2) 브로드캐스트 - 수신자 수: 1
[17:39:26.077] [INFO] 새 클라이언트에게 ID 2 전송됨, 초기 위치: X=300.000000, Y=0.000000, Z=90.000000
[17:39:26.078] [INFO] 기존 플레이어 정보 1개가 새 클라이언트(ID: 2)에게 전송됨
[17:39:26.078] [WARNING] 비정상적으로 긴 델타 타임: 2.531000초
[17:39:27.079] [INFO] [서버] PingPacket 수신 - ClientId: 1
[17:39:27.080] [INFO] [서버] PingPacket 수신 - ClientId: 2
[17:39:28.084] [INFO] [서버] PingPacket 수신 - ClientId: 1
[17:39:28.084] [INFO] [서버] PingPacket 수신 - ClientId: 2
[17:39:29.595] [INFO] [서버] PingPacket 수신 - ClientId: 1
[17:39:29.596] [INFO] [서버] PingPacket 수신 - ClientId: 2
[17:39:30.604] [INFO] [서버] PingPacket 수신 - ClientId: 1
[17:39:30.605] [INFO] [서버] PingPacket 수신 - ClientId: 2
[17:39:31.610] [INFO] [서버] PingPacket 수신 - ClientId: 1
[17:39:31.611] [INFO] [서버] PingPacket 수신 - ClientId: 2
[17:39:32.616] [INFO] [서버] PingPacket 수신 - ClientId: 1
[17:39:32.616] [INFO] [서버] PingPacket 수신 - ClientId: 2
[17:39:33.625] [INFO] [서버] PingPacket 수신 - ClientId: 1
[17:39:33.626] [INFO] [서버] PingPacket 수신 - ClientId: 2
