[17:23:24.005] [INFO] 로깅 시스템 초기화됨
[17:23:24.006] [INFO] 서버 인스턴스 생성됨
[17:23:24.006] [INFO] 서버 초기화 시작 (포트: 9000)
[17:23:24.007] [INFO] 윈속 초기화 성공
[17:23:24.008] [INFO] 리스닝 소켓 생성 성공
[17:23:24.008] [INFO] 소켓 바인딩 성공 (포트: 9000)
[17:23:24.008] [INFO] 리스닝 시작됨
[17:23:24.008] [INFO] IOCP 생성 성공
[17:23:24.009] [INFO] CPU 코어 수: 16, 생성할 작업자 스레드: 16
[17:23:24.009] [INFO] 작업자 스레드 #1 생성됨
[17:23:24.009] [INFO] 작업자 스레드 시작 (ThreadID: 33444)
[17:23:24.009] [INFO] 작업자 스레드 #2 생성됨
[17:23:24.009] [INFO] 작업자 스레드 시작 (ThreadID: 33564)
[17:23:24.019] [INFO] 작업자 스레드 #3 생성됨
[17:23:24.019] [INFO] 작업자 스레드 시작 (ThreadID: 2880)
[17:23:24.019] [INFO] 작업자 스레드 #4 생성됨
[17:23:24.019] [INFO] 작업자 스레드 시작 (ThreadID: 2160)
[17:23:24.020] [INFO] 작업자 스레드 #5 생성됨
[17:23:24.020] [INFO] 작업자 스레드 시작 (ThreadID: 14184)
[17:23:24.020] [INFO] 작업자 스레드 #6 생성됨
[17:23:24.020] [INFO] 작업자 스레드 시작 (ThreadID: 7456)
[17:23:24.020] [INFO] 작업자 스레드 #7 생성됨
[17:23:24.020] [INFO] 작업자 스레드 시작 (ThreadID: 8708)
[17:23:24.021] [INFO] 작업자 스레드 #8 생성됨
[17:23:24.021] [INFO] 작업자 스레드 시작 (ThreadID: 13172)
[17:23:24.021] [INFO] 작업자 스레드 #9 생성됨
[17:23:24.021] [INFO] 작업자 스레드 시작 (ThreadID: 7340)
[17:23:24.021] [INFO] 작업자 스레드 #10 생성됨
[17:23:24.022] [INFO] 작업자 스레드 시작 (ThreadID: 16360)
[17:23:24.022] [INFO] 작업자 스레드 #11 생성됨
[17:23:24.022] [INFO] 작업자 스레드 시작 (ThreadID: 30860)
[17:23:24.022] [INFO] 작업자 스레드 #12 생성됨
[17:23:24.022] [INFO] 작업자 스레드 시작 (ThreadID: 33896)
[17:23:24.022] [INFO] 작업자 스레드 #13 생성됨
[17:23:24.023] [INFO] 작업자 스레드 시작 (ThreadID: 23156)
[17:23:24.023] [INFO] 작업자 스레드 #14 생성됨
[17:23:24.023] [INFO] 작업자 스레드 시작 (ThreadID: 27488)
[17:23:24.023] [INFO] 작업자 스레드 #15 생성됨
[17:23:24.023] [INFO] 작업자 스레드 시작 (ThreadID: 22156)
[17:23:24.024] [INFO] 작업자 스레드 #16 생성됨
[17:23:24.024] [INFO] 작업자 스레드 시작 (ThreadID: 32852)
[17:23:24.024] [INFO] 서버 초기화 완료
[17:23:24.024] [INFO] 서버 실행. 포트 번호: 9000
[17:23:24.024] [INFO] IOCP 멀티플레이어 서버 시작됨...
[17:23:24.024] [INFO] 서버 실행 시작
[17:23:30.828] [INFO] 클라이언트 연결됨: 127.0.0.1:9728 (ID: 1)
[17:23:30.828] [INFO] 새 클라이언트에게 ID 1 전송됨
[17:23:30.829] [INFO] 새 플레이어 정보(ID: 1) 브로드캐스트 - 수신자 수: 0
[17:23:30.829] [INFO] 새 클라이언트에게 ID 1 전송됨, 초기 위치: X=0.000000, Y=0.000000, Z=90.000000
[17:23:30.829] [INFO] 기존 플레이어 정보 0개가 새 클라이언트(ID: 1)에게 전송됨
[17:23:30.829] [INFO] [서버] BroadcastPosition 호출 - ClientId: 1, Position: (0.000000, 0.000000, 90.000000)
[17:23:30.829] [INFO] 서버 FPS: 0.293600, 평균 프레임 시간: 681.200012ms, 클라이언트 수: 1
[17:23:30.830] [INFO] 클라이언트 연결됨: 127.0.0.1:9729 (ID: 2)
[17:23:30.830] [INFO] 새 클라이언트에게 ID 2 전송됨
[17:23:30.830] [INFO] 새 플레이어 정보(ID: 2) 브로드캐스트 - 수신자 수: 1
[17:23:30.830] [INFO] 새 클라이언트에게 ID 2 전송됨, 초기 위치: X=300.000000, Y=0.000000, Z=90.000000
[17:23:30.831] [INFO] 기존 플레이어 정보 1개가 새 클라이언트(ID: 2)에게 전송됨
[17:23:30.831] [INFO] [서버] BroadcastPosition 호출 - ClientId: 2, Position: (300.000000, 0.000000, 90.000000)
[17:23:30.831] [INFO] [서버] PositionUpdatePacket 전송 - From ClientId: 2 To ClientId: 1
[17:23:30.831] [WARNING] 비정상적으로 긴 델타 타임: 6.812000초
[17:23:31.835] [INFO] [서버] PingPacket 수신 - ClientId: 1
[17:23:31.836] [INFO] [서버] PingPacket 수신 - ClientId: 2
[17:23:32.848] [INFO] [서버] PingPacket 수신 - ClientId: 1
[17:23:32.849] [INFO] [서버] PingPacket 수신 - ClientId: 2
