[13:59:49.931] [INFO] 로깅 시스템 초기화됨
[13:59:49.932] [INFO] 서버 인스턴스 생성됨
[13:59:49.933] [INFO] 서버 초기화 시작 (포트: 9000)
[13:59:49.933] [INFO] 윈속 초기화 성공
[13:59:49.935] [INFO] 리스닝 소켓 생성 성공
[13:59:49.935] [INFO] 소켓 바인딩 성공 (포트: 9000)
[13:59:49.936] [INFO] 리스닝 시작됨
[13:59:49.936] [INFO] IOCP 생성 성공
[13:59:49.936] [INFO] CPU 코어 수: 16, 생성할 작업자 스레드: 16
[13:59:49.936] [INFO] 작업자 스레드 #1 생성됨
[13:59:49.937] [INFO] 작업자 스레드 시작 (ThreadID: 35548)
[13:59:49.937] [INFO] 작업자 스레드 #2 생성됨
[13:59:49.937] [INFO] 작업자 스레드 시작 (ThreadID: 29472)
[13:59:49.938] [INFO] 작업자 스레드 #3 생성됨
[13:59:49.938] [INFO] 작업자 스레드 시작 (ThreadID: 24396)
[13:59:49.939] [INFO] 작업자 스레드 #4 생성됨
[13:59:49.939] [INFO] 작업자 스레드 시작 (ThreadID: 9092)
[13:59:49.939] [INFO] 작업자 스레드 #5 생성됨
[13:59:49.940] [INFO] 작업자 스레드 시작 (ThreadID: 35956)
[13:59:49.940] [INFO] 작업자 스레드 #6 생성됨
[13:59:49.940] [INFO] 작업자 스레드 시작 (ThreadID: 2376)
[13:59:49.941] [INFO] 작업자 스레드 #7 생성됨
[13:59:49.941] [INFO] 작업자 스레드 시작 (ThreadID: 18208)
[13:59:49.941] [INFO] 작업자 스레드 #8 생성됨
[13:59:49.941] [INFO] 작업자 스레드 시작 (ThreadID: 9152)
[13:59:49.942] [INFO] 작업자 스레드 #9 생성됨
[13:59:49.942] [INFO] 작업자 스레드 시작 (ThreadID: 33600)
[13:59:49.943] [INFO] 작업자 스레드 #10 생성됨
[13:59:49.943] [INFO] 작업자 스레드 시작 (ThreadID: 5932)
[13:59:49.943] [INFO] 작업자 스레드 #11 생성됨
[13:59:49.944] [INFO] 작업자 스레드 시작 (ThreadID: 43136)
[13:59:49.944] [INFO] 작업자 스레드 #12 생성됨
[13:59:49.944] [INFO] 작업자 스레드 시작 (ThreadID: 19872)
[13:59:49.944] [INFO] 작업자 스레드 #13 생성됨
[13:59:49.945] [INFO] 작업자 스레드 시작 (ThreadID: 27784)
[13:59:49.945] [INFO] 작업자 스레드 #14 생성됨
[13:59:49.945] [INFO] 작업자 스레드 시작 (ThreadID: 17500)
[13:59:49.946] [INFO] 작업자 스레드 #15 생성됨
[13:59:49.946] [INFO] 작업자 스레드 시작 (ThreadID: 34568)
[13:59:49.946] [INFO] 작업자 스레드 #16 생성됨
[13:59:49.946] [INFO] 작업자 스레드 시작 (ThreadID: 39584)
[13:59:49.946] [INFO] 서버 초기화 완료
[13:59:49.947] [INFO] 서버 실행. 포트 번호: 9000
[13:59:49.947] [INFO] IOCP 멀티플레이어 서버 시작됨...
[13:59:49.947] [INFO] 서버 실행 시작
[13:59:53.242] [DEBUG] [SendPacket] WSASend 요청 성공 - 컨텍스트: SendClientId, 보낸 크기: 7, 클라이언트 ID: 1
[13:59:53.243] [INFO] 새 클라이언트에게 ID 1 전송됨
[13:59:53.243] [DEBUG] [SendPacket] WSASend 요청 성공 - 컨텍스트: SendInitialPosition, 보낸 크기: 32, 클라이언트 ID: 1
[13:59:53.243] [INFO] 초기 위치 정보 전송됨 - 클라이언트 ID: 1, 위치: X=0.000000, Y=0.000000, Z=90.000000
[13:59:53.243] [INFO] 새 플레이어 정보(ID: 1) 브로드캐스트 - 수신자 수: 0
[13:59:53.244] [INFO] 기존 플레이어 정보 0개가 새 클라이언트(ID: 1)에게 전송됨
[13:59:53.244] [DEBUG] [SendPacket] WSASend 요청 성공 - 컨텍스트: ServerPing, 보낸 크기: 11, 클라이언트 ID: 1
[13:59:53.244] [DEBUG] [서버] Ping 전송 - ClientId: 1
[13:59:53.245] [INFO] 위치 업데이트 - 클라이언트 ID: 1, 위치: X=0.000000, Y=0.000000, Z=90.000000, 속도: X=0.000000, Y=0.000000, Z=0.000000
[13:59:53.245] [INFO] 서버 FPS: 0.606612, 평균 프레임 시간: 329.700012ms, 클라이언트 수: 1
[14:00:00.822] [DEBUG] 데이터 수신: 16 바이트, 클라이언트 ID: 1
[14:00:00.822] [DEBUG] [서버] Pong 수신 - RTT: 7.578125초, ClientId: 1
[14:00:00.822] [DEBUG] [SendPacket] WSASend 요청 성공 - 컨텍스트: ServerPing, 보낸 크기: 11, 클라이언트 ID: 1
[14:00:00.823] [DEBUG] [서버] Ping 전송 - ClientId: 1
[14:00:02.487] [DEBUG] 데이터 수신: 36 바이트, 클라이언트 ID: 1
[14:00:02.487] [WARNING] 처리되지 않은 패킷 타입: 2, 클라이언트 ID: 1
[14:00:04.325] [DEBUG] 데이터 수신: 36 바이트, 클라이언트 ID: 1
[14:00:04.325] [WARNING] 처리되지 않은 패킷 타입: 2, 클라이언트 ID: 1
[14:00:04.603] [DEBUG] 데이터 수신: 36 바이트, 클라이언트 ID: 1
[14:00:04.603] [WARNING] 처리되지 않은 패킷 타입: 2, 클라이언트 ID: 1
[14:00:06.629] [DEBUG] 데이터 수신: 36 바이트, 클라이언트 ID: 1
[14:00:06.630] [WARNING] 처리되지 않은 패킷 타입: 2, 클라이언트 ID: 1
[14:00:06.878] [DEBUG] 데이터 수신: 36 바이트, 클라이언트 ID: 1
[14:00:06.879] [WARNING] 처리되지 않은 패킷 타입: 2, 클라이언트 ID: 1
[14:00:07.847] [DEBUG] 데이터 수신: 36 바이트, 클라이언트 ID: 1
[14:00:07.847] [WARNING] 처리되지 않은 패킷 타입: 2, 클라이언트 ID: 1
[14:00:08.120] [DEBUG] 데이터 수신: 36 바이트, 클라이언트 ID: 1
[14:00:08.120] [WARNING] 처리되지 않은 패킷 타입: 2, 클라이언트 ID: 1
[14:00:09.059] [DEBUG] 데이터 수신: 36 바이트, 클라이언트 ID: 1
[14:00:09.059] [WARNING] 처리되지 않은 패킷 타입: 2, 클라이언트 ID: 1
[14:00:09.309] [DEBUG] 데이터 수신: 36 바이트, 클라이언트 ID: 1
[14:00:09.309] [WARNING] 처리되지 않은 패킷 타입: 2, 클라이언트 ID: 1
[14:00:10.678] [DEBUG] 데이터 수신: 36 바이트, 클라이언트 ID: 1
[14:00:10.679] [WARNING] 처리되지 않은 패킷 타입: 2, 클라이언트 ID: 1
[14:00:10.984] [DEBUG] 데이터 수신: 36 바이트, 클라이언트 ID: 1
[14:00:10.984] [WARNING] 처리되지 않은 패킷 타입: 2, 클라이언트 ID: 1
[14:00:11.817] [DEBUG] 데이터 수신: 36 바이트, 클라이언트 ID: 1
[14:00:11.818] [WARNING] 처리되지 않은 패킷 타입: 2, 클라이언트 ID: 1
[14:00:11.929] [DEBUG] 데이터 수신: 36 바이트, 클라이언트 ID: 1
[14:00:11.929] [WARNING] 처리되지 않은 패킷 타입: 2, 클라이언트 ID: 1
[14:00:12.905] [DEBUG] 데이터 수신: 36 바이트, 클라이언트 ID: 1
[14:00:12.905] [WARNING] 처리되지 않은 패킷 타입: 2, 클라이언트 ID: 1
[14:00:14.055] [DEBUG] 데이터 수신: 36 바이트, 클라이언트 ID: 1
[14:00:14.055] [WARNING] 처리되지 않은 패킷 타입: 2, 클라이언트 ID: 1
[14:00:14.396] [DEBUG] 데이터 수신: 36 바이트, 클라이언트 ID: 1
[14:00:14.397] [WARNING] 처리되지 않은 패킷 타입: 2, 클라이언트 ID: 1
[14:00:17.398] [DEBUG] 데이터 수신: 36 바이트, 클라이언트 ID: 1
[14:00:17.398] [WARNING] 처리되지 않은 패킷 타입: 2, 클라이언트 ID: 1
[14:00:18.489] [DEBUG] 데이터 수신: 36 바이트, 클라이언트 ID: 1
[14:00:18.490] [WARNING] 처리되지 않은 패킷 타입: 2, 클라이언트 ID: 1
[14:00:18.968] [DEBUG] 데이터 수신: 36 바이트, 클라이언트 ID: 1
[14:00:18.969] [WARNING] 처리되지 않은 패킷 타입: 2, 클라이언트 ID: 1
[14:00:19.253] [DEBUG] 데이터 수신: 36 바이트, 클라이언트 ID: 1
[14:00:19.253] [WARNING] 처리되지 않은 패킷 타입: 2, 클라이언트 ID: 1
[14:00:20.631] [DEBUG] 데이터 수신: 36 바이트, 클라이언트 ID: 1
[14:00:20.631] [WARNING] 처리되지 않은 패킷 타입: 2, 클라이언트 ID: 1
[14:00:20.897] [DEBUG] 데이터 수신: 36 바이트, 클라이언트 ID: 1
[14:00:20.897] [WARNING] 처리되지 않은 패킷 타입: 2, 클라이언트 ID: 1
[14:00:23.803] [DEBUG] 데이터 수신: 36 바이트, 클라이언트 ID: 1
[14:00:23.804] [WARNING] 처리되지 않은 패킷 타입: 2, 클라이언트 ID: 1
[14:00:24.516] [DEBUG] 데이터 수신: 16 바이트, 클라이언트 ID: 1
[14:00:24.517] [DEBUG] [서버] Pong 수신 - RTT: 23.704102초, ClientId: 1
[14:00:24.517] [DEBUG] [SendPacket] WSASend 요청 성공 - 컨텍스트: ServerPing, 보낸 크기: 11, 클라이언트 ID: 1
[14:00:24.517] [DEBUG] [서버] Ping 전송 - ClientId: 1
[14:00:26.188] [DEBUG] 데이터 수신: 36 바이트, 클라이언트 ID: 1
[14:00:26.189] [WARNING] 처리되지 않은 패킷 타입: 2, 클라이언트 ID: 1
[14:00:28.527] [DEBUG] 데이터 수신: 16 바이트, 클라이언트 ID: 1
[14:00:28.527] [DEBUG] [서버] Pong 수신 - RTT: 4.000000초, ClientId: 1
[14:00:28.528] [DEBUG] [SendPacket] WSASend 요청 성공 - 컨텍스트: ServerPing, 보낸 크기: 11, 클라이언트 ID: 1
[14:00:28.528] [DEBUG] [서버] Ping 전송 - ClientId: 1
[14:00:30.193] [DEBUG] 데이터 수신: 36 바이트, 클라이언트 ID: 1
[14:00:30.194] [WARNING] 처리되지 않은 패킷 타입: 2, 클라이언트 ID: 1
[14:00:31.664] [DEBUG] 데이터 수신: 16 바이트, 클라이언트 ID: 1
[14:00:31.664] [DEBUG] [서버] Pong 수신 - RTT: 3.139648초, ClientId: 1
[14:00:31.665] [DEBUG] [SendPacket] WSASend 요청 성공 - 컨텍스트: ServerPing, 보낸 크기: 11, 클라이언트 ID: 1
[14:00:31.665] [DEBUG] [서버] Ping 전송 - ClientId: 1
[14:00:33.333] [DEBUG] 데이터 수신: 36 바이트, 클라이언트 ID: 1
[14:00:33.334] [WARNING] 처리되지 않은 패킷 타입: 2, 클라이언트 ID: 1
[14:00:37.348] [DEBUG] 데이터 수신: 16 바이트, 클라이언트 ID: 1
[14:00:37.348] [DEBUG] [서버] Pong 수신 - RTT: 5.688477초, ClientId: 1
[14:00:37.349] [DEBUG] [SendPacket] WSASend 요청 성공 - 컨텍스트: ServerPing, 보낸 크기: 11, 클라이언트 ID: 1
[14:00:37.349] [DEBUG] [서버] Ping 전송 - ClientId: 1
[14:00:39.022] [DEBUG] 데이터 수신: 36 바이트, 클라이언트 ID: 1
[14:00:39.022] [WARNING] 처리되지 않은 패킷 타입: 2, 클라이언트 ID: 1
[14:00:39.978] [DEBUG] 데이터 수신: 36 바이트, 클라이언트 ID: 1
[14:00:39.978] [WARNING] 처리되지 않은 패킷 타입: 2, 클라이언트 ID: 1
[14:00:40.191] [DEBUG] 데이터 수신: 36 바이트, 클라이언트 ID: 1
[14:00:40.192] [WARNING] 처리되지 않은 패킷 타입: 2, 클라이언트 ID: 1
[14:00:41.950] [DEBUG] 데이터 수신: 16 바이트, 클라이언트 ID: 1
[14:00:41.950] [DEBUG] [서버] Pong 수신 - RTT: 4.608398초, ClientId: 1
[14:00:41.951] [DEBUG] [SendPacket] WSASend 요청 성공 - 컨텍스트: ServerPing, 보낸 크기: 11, 클라이언트 ID: 1
[14:00:41.951] [DEBUG] [서버] Ping 전송 - ClientId: 1
[14:00:43.647] [DEBUG] 데이터 수신: 36 바이트, 클라이언트 ID: 1
[14:00:43.648] [WARNING] 처리되지 않은 패킷 타입: 2, 클라이언트 ID: 1
[14:00:44.345] [DEBUG] 데이터 수신: 16 바이트, 클라이언트 ID: 1
[14:00:44.346] [DEBUG] [서버] Pong 수신 - RTT: 2.391602초, ClientId: 1
[14:00:44.346] [DEBUG] [SendPacket] WSASend 요청 성공 - 컨텍스트: ServerPing, 보낸 크기: 11, 클라이언트 ID: 1
[14:00:44.346] [DEBUG] [서버] Ping 전송 - ClientId: 1
[14:00:46.028] [DEBUG] 데이터 수신: 36 바이트, 클라이언트 ID: 1
[14:00:46.029] [WARNING] 처리되지 않은 패킷 타입: 2, 클라이언트 ID: 1
[14:00:47.761] [DEBUG] 데이터 수신: 16 바이트, 클라이언트 ID: 1
[14:00:47.761] [WARNING] 처리되지 않은 패킷 타입: 3, 클라이언트 ID: 1
[14:00:49.190] [DEBUG] 데이터 수신: 36 바이트, 클라이언트 ID: 1
[14:00:49.190] [WARNING] 처리되지 않은 패킷 타입: 2, 클라이언트 ID: 1
[14:00:50.117] [DEBUG] 데이터 수신: 16 바이트, 클라이언트 ID: 1
[14:00:50.117] [WARNING] 처리되지 않은 패킷 타입: 3, 클라이언트 ID: 1
[14:00:51.516] [DEBUG] 데이터 수신: 36 바이트, 클라이언트 ID: 1
[14:00:51.517] [WARNING] 처리되지 않은 패킷 타입: 2, 클라이언트 ID: 1
[14:00:52.678] [DEBUG] 데이터 수신: 16 바이트, 클라이언트 ID: 1
[14:00:52.678] [DEBUG] [서버] Pong 수신 - RTT: 8.328125초, ClientId: 1
[14:00:52.679] [DEBUG] [SendPacket] WSASend 요청 성공 - 컨텍스트: ServerPing, 보낸 크기: 11, 클라이언트 ID: 1
[14:00:52.679] [DEBUG] [서버] Ping 전송 - ClientId: 1
[14:00:54.020] [INFO] 클라이언트가 정상적으로 연결 종료함 - ID: 1
[14:00:54.021] [INFO] 클라이언트 연결 끊김 (ID: 1)
[14:00:54.021] [INFO] 클라이언트 연결 끊김 알림(ID: 1) - 수신자 수: 0
