[20:00:06.977] [INFO] 로깅 시스템 초기화됨
[20:00:06.977] [INFO] 서버 인스턴스 생성됨
[20:00:06.977] [INFO] 서버 초기화 시작 (포트: 9000)
[20:00:06.978] [INFO] 윈속 초기화 성공
[20:00:06.979] [INFO] 리스닝 소켓 생성 성공
[20:00:06.979] [INFO] 소켓 바인딩 성공 (포트: 9000)
[20:00:06.979] [INFO] 리스닝 시작됨
[20:00:06.979] [INFO] IOCP 생성 성공
[20:00:06.979] [INFO] CPU 코어 수: 16, 생성할 작업자 스레드: 32
[20:00:06.980] [INFO] 작업자 스레드 #1 생성됨
[20:00:06.980] [INFO] 작업자 스레드 시작 (ThreadID: 31092)
[20:00:06.980] [INFO] 작업자 스레드 #2 생성됨
[20:00:06.980] [INFO] 작업자 스레드 시작 (ThreadID: 22704)
[20:00:06.981] [INFO] 작업자 스레드 #3 생성됨
[20:00:06.981] [INFO] 작업자 스레드 시작 (ThreadID: 32492)
[20:00:06.981] [INFO] 작업자 스레드 #4 생성됨
[20:00:06.981] [INFO] 작업자 스레드 시작 (ThreadID: 8700)
[20:00:06.981] [INFO] 작업자 스레드 #5 생성됨
[20:00:06.982] [INFO] 작업자 스레드 시작 (ThreadID: 26996)
[20:00:06.982] [INFO] 작업자 스레드 #6 생성됨
[20:00:06.982] [INFO] 작업자 스레드 시작 (ThreadID: 29024)
[20:00:06.982] [INFO] 작업자 스레드 #7 생성됨
[20:00:06.982] [INFO] 작업자 스레드 시작 (ThreadID: 6744)
[20:00:06.982] [INFO] 작업자 스레드 #8 생성됨
[20:00:06.983] [INFO] 작업자 스레드 시작 (ThreadID: 29508)
[20:00:06.983] [INFO] 작업자 스레드 #9 생성됨
[20:00:06.983] [INFO] 작업자 스레드 시작 (ThreadID: 24880)
[20:00:06.983] [INFO] 작업자 스레드 #10 생성됨
[20:00:06.983] [INFO] 작업자 스레드 시작 (ThreadID: 25292)
[20:00:06.983] [INFO] 작업자 스레드 #11 생성됨
[20:00:06.984] [INFO] 작업자 스레드 시작 (ThreadID: 13040)
[20:00:06.984] [INFO] 작업자 스레드 #12 생성됨
[20:00:06.984] [INFO] 작업자 스레드 시작 (ThreadID: 17948)
[20:00:06.984] [INFO] 작업자 스레드 #13 생성됨
[20:00:06.984] [INFO] 작업자 스레드 시작 (ThreadID: 31760)
[20:00:06.984] [INFO] 작업자 스레드 #14 생성됨
[20:00:06.985] [INFO] 작업자 스레드 시작 (ThreadID: 26744)
[20:00:06.985] [INFO] 작업자 스레드 #15 생성됨
[20:00:06.985] [INFO] 작업자 스레드 시작 (ThreadID: 15336)
[20:00:06.985] [INFO] 작업자 스레드 #16 생성됨
[20:00:06.985] [INFO] 작업자 스레드 시작 (ThreadID: 7292)
[20:00:06.985] [INFO] 작업자 스레드 #17 생성됨
[20:00:06.985] [INFO] 작업자 스레드 시작 (ThreadID: 13744)
[20:00:06.986] [INFO] 작업자 스레드 #18 생성됨
[20:00:06.986] [INFO] 작업자 스레드 시작 (ThreadID: 13508)
[20:00:06.986] [INFO] 작업자 스레드 #19 생성됨
[20:00:06.986] [INFO] 작업자 스레드 시작 (ThreadID: 30304)
[20:00:06.986] [INFO] 작업자 스레드 #20 생성됨
[20:00:06.986] [INFO] 작업자 스레드 시작 (ThreadID: 25948)
[20:00:06.987] [INFO] 작업자 스레드 #21 생성됨
[20:00:06.987] [INFO] 작업자 스레드 시작 (ThreadID: 4156)
[20:00:06.987] [INFO] 작업자 스레드 #22 생성됨
[20:00:06.987] [INFO] 작업자 스레드 시작 (ThreadID: 31696)
[20:00:06.987] [INFO] 작업자 스레드 #23 생성됨
[20:00:06.987] [INFO] 작업자 스레드 시작 (ThreadID: 30560)
[20:00:06.988] [INFO] 작업자 스레드 #24 생성됨
[20:00:06.988] [INFO] 작업자 스레드 시작 (ThreadID: 31144)
[20:00:06.988] [INFO] 작업자 스레드 #25 생성됨
[20:00:06.988] [INFO] 작업자 스레드 시작 (ThreadID: 31572)
[20:00:06.988] [INFO] 작업자 스레드 #26 생성됨
[20:00:06.988] [INFO] 작업자 스레드 시작 (ThreadID: 32384)
[20:00:06.988] [INFO] 작업자 스레드 #27 생성됨
[20:00:06.989] [INFO] 작업자 스레드 시작 (ThreadID: 22352)
[20:00:06.989] [INFO] 작업자 스레드 #28 생성됨
[20:00:06.989] [INFO] 작업자 스레드 시작 (ThreadID: 12492)
[20:00:06.989] [INFO] 작업자 스레드 #29 생성됨
[20:00:06.989] [INFO] 작업자 스레드 시작 (ThreadID: 28812)
[20:00:06.989] [INFO] 작업자 스레드 #30 생성됨
[20:00:06.990] [INFO] 작업자 스레드 시작 (ThreadID: 7412)
[20:00:06.990] [INFO] 작업자 스레드 #31 생성됨
[20:00:06.990] [INFO] 작업자 스레드 시작 (ThreadID: 27632)
[20:00:06.990] [INFO] 작업자 스레드 #32 생성됨
[20:00:06.990] [INFO] 작업자 스레드 시작 (ThreadID: 18788)
[20:00:06.990] [INFO] 서버 초기화 완료
[20:00:06.990] [INFO] 서버 실행. 포트 번호: 9000
[20:00:06.991] [INFO] IOCP 멀티플레이어 서버 시작됨...
[20:00:06.991] [INFO] 서버 실행 시작
[20:00:09.891] [INFO] 클라이언트 연결됨: 127.0.0.1:6328 (ID: 1)
[20:00:09.892] [INFO] 새 클라이언트에게 ID 1 전송됨
[20:00:09.892] [INFO] 새 플레이어 정보(ID: 1) 브로드캐스트 - 수신자 수: 0
[20:00:09.892] [INFO] 기존 플레이어 정보 0개가 새 클라이언트(ID: 1)에게 전송됨
[20:00:09.892] [INFO] 서버 FPS: 0.687994, 평균 프레임 시간: 290.700012ms, 클라이언트 수: 1
[20:00:09.901] [DEBUG] 데이터 수신: 17 바이트, 클라이언트 ID: 1
[20:00:09.909] [DEBUG] 데이터 수신: 17 바이트, 클라이언트 ID: 1
[20:00:09.917] [DEBUG] 데이터 수신: 17 바이트, 클라이언트 ID: 1
[20:00:09.926] [DEBUG] 데이터 수신: 17 바이트, 클라이언트 ID: 1
[20:00:09.934] [DEBUG] 데이터 수신: 17 바이트, 클라이언트 ID: 1
[20:00:09.942] [DEBUG] 데이터 수신: 17 바이트, 클라이언트 ID: 1
[20:00:09.951] [DEBUG] 데이터 수신: 17 바이트, 클라이언트 ID: 1
[20:00:09.959] [DEBUG] 데이터 수신: 17 바이트, 클라이언트 ID: 1
[20:00:09.967] [DEBUG] 데이터 수신: 17 바이트, 클라이언트 ID: 1
[20:00:09.976] [DEBUG] 데이터 수신: 17 바이트, 클라이언트 ID: 1
[20:00:09.984] [DEBUG] 데이터 수신: 17 바이트, 클라이언트 ID: 1
[20:00:09.992] [DEBUG] 데이터 수신: 17 바이트, 클라이언트 ID: 1
[20:00:10.001] [DEBUG] 데이터 수신: 17 바이트, 클라이언트 ID: 1
[20:00:10.010] [DEBUG] 데이터 수신: 17 바이트, 클라이언트 ID: 1
[20:00:10.018] [DEBUG] 데이터 수신: 17 바이트, 클라이언트 ID: 1
[20:00:10.026] [DEBUG] 데이터 수신: 17 바이트, 클라이언트 ID: 1
[20:00:10.035] [DEBUG] 데이터 수신: 17 바이트, 클라이언트 ID: 1
[20:00:10.044] [DEBUG] 데이터 수신: 17 바이트, 클라이언트 ID: 1
[20:00:10.052] [DEBUG] 데이터 수신: 17 바이트, 클라이언트 ID: 1
[20:00:10.060] [DEBUG] 데이터 수신: 17 바이트, 클라이언트 ID: 1
[20:00:10.069] [DEBUG] 데이터 수신: 17 바이트, 클라이언트 ID: 1
[20:00:10.077] [DEBUG] 데이터 수신: 17 바이트, 클라이언트 ID: 1
[20:00:10.085] [DEBUG] 데이터 수신: 17 바이트, 클라이언트 ID: 1
[20:00:10.094] [DEBUG] 데이터 수신: 17 바이트, 클라이언트 ID: 1
[20:00:10.102] [DEBUG] 데이터 수신: 17 바이트, 클라이언트 ID: 1
[20:00:10.110] [DEBUG] 데이터 수신: 17 바이트, 클라이언트 ID: 1
[20:00:10.124] [DEBUG] 데이터 수신: 17 바이트, 클라이언트 ID: 1
[20:00:10.132] [DEBUG] 데이터 수신: 17 바이트, 클라이언트 ID: 1
[20:00:10.141] [DEBUG] 데이터 수신: 17 바이트, 클라이언트 ID: 1
[20:00:10.149] [DEBUG] 데이터 수신: 17 바이트, 클라이언트 ID: 1
[20:00:10.157] [DEBUG] 데이터 수신: 17 바이트, 클라이언트 ID: 1
[20:00:10.167] [DEBUG] 데이터 수신: 17 바이트, 클라이언트 ID: 1
[20:00:10.175] [DEBUG] 데이터 수신: 17 바이트, 클라이언트 ID: 1
[20:00:10.183] [DEBUG] 데이터 수신: 17 바이트, 클라이언트 ID: 1
[20:00:10.192] [DEBUG] 데이터 수신: 17 바이트, 클라이언트 ID: 1
[20:00:10.200] [DEBUG] 데이터 수신: 17 바이트, 클라이언트 ID: 1
[20:00:10.208] [DEBUG] 데이터 수신: 17 바이트, 클라이언트 ID: 1
[20:00:10.217] [DEBUG] 데이터 수신: 17 바이트, 클라이언트 ID: 1
[20:00:10.225] [DEBUG] 데이터 수신: 17 바이트, 클라이언트 ID: 1
[20:00:10.233] [DEBUG] 데이터 수신: 17 바이트, 클라이언트 ID: 1
[20:00:10.242] [DEBUG] 데이터 수신: 17 바이트, 클라이언트 ID: 1
[20:00:10.250] [DEBUG] 데이터 수신: 17 바이트, 클라이언트 ID: 1
[20:00:10.258] [DEBUG] 데이터 수신: 17 바이트, 클라이언트 ID: 1
[20:00:10.267] [DEBUG] 데이터 수신: 17 바이트, 클라이언트 ID: 1
[20:00:10.275] [DEBUG] 데이터 수신: 17 바이트, 클라이언트 ID: 1
[20:00:10.283] [DEBUG] 데이터 수신: 17 바이트, 클라이언트 ID: 1
[20:00:10.292] [DEBUG] 데이터 수신: 17 바이트, 클라이언트 ID: 1
[20:00:10.300] [DEBUG] 데이터 수신: 17 바이트, 클라이언트 ID: 1
[20:00:10.308] [DEBUG] 데이터 수신: 17 바이트, 클라이언트 ID: 1
[20:00:10.317] [DEBUG] 데이터 수신: 17 바이트, 클라이언트 ID: 1
[20:00:10.325] [DEBUG] 데이터 수신: 17 바이트, 클라이언트 ID: 1
[20:00:10.333] [DEBUG] 데이터 수신: 17 바이트, 클라이언트 ID: 1
[20:00:10.342] [DEBUG] 데이터 수신: 17 바이트, 클라이언트 ID: 1
[20:00:10.351] [DEBUG] 데이터 수신: 17 바이트, 클라이언트 ID: 1
[20:00:10.359] [DEBUG] 데이터 수신: 17 바이트, 클라이언트 ID: 1
[20:00:10.693] [DEBUG] 데이터 수신: 17 바이트, 클라이언트 ID: 1
[20:00:11.026] [DEBUG] 데이터 수신: 17 바이트, 클라이언트 ID: 1
[20:00:11.360] [DEBUG] 데이터 수신: 17 바이트, 클라이언트 ID: 1
[20:00:11.369] [DEBUG] 데이터 수신: 17 바이트, 클라이언트 ID: 1
[20:00:11.377] [DEBUG] 데이터 수신: 17 바이트, 클라이언트 ID: 1
[20:00:11.385] [DEBUG] 데이터 수신: 17 바이트, 클라이언트 ID: 1
[20:00:11.394] [DEBUG] 데이터 수신: 17 바이트, 클라이언트 ID: 1
[20:00:11.402] [DEBUG] 데이터 수신: 17 바이트, 클라이언트 ID: 1
[20:00:11.411] [DEBUG] 데이터 수신: 17 바이트, 클라이언트 ID: 1
[20:00:11.419] [DEBUG] 데이터 수신: 17 바이트, 클라이언트 ID: 1
[20:00:11.427] [DEBUG] 데이터 수신: 17 바이트, 클라이언트 ID: 1
[20:00:11.437] [DEBUG] 데이터 수신: 17 바이트, 클라이언트 ID: 1
[20:00:11.445] [DEBUG] 데이터 수신: 17 바이트, 클라이언트 ID: 1
[20:00:11.453] [DEBUG] 데이터 수신: 17 바이트, 클라이언트 ID: 1
[20:00:11.461] [DEBUG] 데이터 수신: 17 바이트, 클라이언트 ID: 1
[20:00:11.470] [DEBUG] 데이터 수신: 17 바이트, 클라이언트 ID: 1
[20:00:11.479] [DEBUG] 데이터 수신: 17 바이트, 클라이언트 ID: 1
[20:00:11.498] [DEBUG] 데이터 수신: 17 바이트, 클라이언트 ID: 1
[20:00:11.507] [DEBUG] 데이터 수신: 17 바이트, 클라이언트 ID: 1
[20:00:11.533] [DEBUG] 데이터 수신: 17 바이트, 클라이언트 ID: 1
[20:00:11.542] [DEBUG] 데이터 수신: 17 바이트, 클라이언트 ID: 1
[20:00:11.554] [DEBUG] 데이터 수신: 17 바이트, 클라이언트 ID: 1
[20:00:11.562] [DEBUG] 데이터 수신: 17 바이트, 클라이언트 ID: 1
[20:00:11.573] [DEBUG] 데이터 수신: 17 바이트, 클라이언트 ID: 1
[20:00:11.584] [DEBUG] 데이터 수신: 17 바이트, 클라이언트 ID: 1
[20:00:11.594] [DEBUG] 데이터 수신: 17 바이트, 클라이언트 ID: 1
[20:00:11.604] [DEBUG] 데이터 수신: 17 바이트, 클라이언트 ID: 1
[20:00:11.612] [DEBUG] 데이터 수신: 17 바이트, 클라이언트 ID: 1
[20:00:11.622] [DEBUG] 데이터 수신: 17 바이트, 클라이언트 ID: 1
[20:00:11.631] [DEBUG] 데이터 수신: 17 바이트, 클라이언트 ID: 1
[20:00:11.639] [DEBUG] 데이터 수신: 17 바이트, 클라이언트 ID: 1
[20:00:11.647] [DEBUG] 데이터 수신: 17 바이트, 클라이언트 ID: 1
[20:00:11.656] [DEBUG] 데이터 수신: 17 바이트, 클라이언트 ID: 1
[20:00:11.665] [DEBUG] 데이터 수신: 17 바이트, 클라이언트 ID: 1
[20:00:11.674] [DEBUG] 데이터 수신: 17 바이트, 클라이언트 ID: 1
[20:00:11.684] [DEBUG] 데이터 수신: 17 바이트, 클라이언트 ID: 1
[20:00:11.692] [DEBUG] 데이터 수신: 17 바이트, 클라이언트 ID: 1
[20:00:11.701] [DEBUG] 데이터 수신: 17 바이트, 클라이언트 ID: 1
[20:00:11.710] [DEBUG] 데이터 수신: 17 바이트, 클라이언트 ID: 1
[20:00:11.720] [DEBUG] 데이터 수신: 17 바이트, 클라이언트 ID: 1
[20:00:11.730] [DEBUG] 데이터 수신: 17 바이트, 클라이언트 ID: 1
[20:00:11.739] [DEBUG] 데이터 수신: 17 바이트, 클라이언트 ID: 1
[20:00:11.748] [DEBUG] 데이터 수신: 17 바이트, 클라이언트 ID: 1
[20:00:11.757] [DEBUG] 데이터 수신: 17 바이트, 클라이언트 ID: 1
[20:00:11.766] [DEBUG] 데이터 수신: 17 바이트, 클라이언트 ID: 1
[20:00:11.775] [DEBUG] 데이터 수신: 17 바이트, 클라이언트 ID: 1
[20:00:11.784] [DEBUG] 데이터 수신: 17 바이트, 클라이언트 ID: 1
[20:00:11.793] [DEBUG] 데이터 수신: 17 바이트, 클라이언트 ID: 1
[20:00:11.803] [DEBUG] 데이터 수신: 17 바이트, 클라이언트 ID: 1
[20:00:11.812] [DEBUG] 데이터 수신: 17 바이트, 클라이언트 ID: 1
[20:00:11.821] [DEBUG] 데이터 수신: 17 바이트, 클라이언트 ID: 1
[20:00:11.830] [DEBUG] 데이터 수신: 17 바이트, 클라이언트 ID: 1
[20:00:11.839] [DEBUG] 데이터 수신: 17 바이트, 클라이언트 ID: 1
[20:00:11.848] [DEBUG] 데이터 수신: 17 바이트, 클라이언트 ID: 1
[20:00:11.857] [DEBUG] 데이터 수신: 17 바이트, 클라이언트 ID: 1
[20:00:11.866] [DEBUG] 데이터 수신: 17 바이트, 클라이언트 ID: 1
[20:00:11.876] [DEBUG] 데이터 수신: 17 바이트, 클라이언트 ID: 1
[20:00:11.884] [DEBUG] 데이터 수신: 17 바이트, 클라이언트 ID: 1
[20:00:11.894] [DEBUG] 데이터 수신: 17 바이트, 클라이언트 ID: 1
[20:00:11.903] [DEBUG] 데이터 수신: 17 바이트, 클라이언트 ID: 1
[20:00:11.912] [DEBUG] 데이터 수신: 17 바이트, 클라이언트 ID: 1
[20:00:11.922] [DEBUG] 데이터 수신: 17 바이트, 클라이언트 ID: 1
[20:00:11.931] [DEBUG] 데이터 수신: 17 바이트, 클라이언트 ID: 1
[20:00:11.941] [DEBUG] 데이터 수신: 17 바이트, 클라이언트 ID: 1
[20:00:11.950] [DEBUG] 데이터 수신: 17 바이트, 클라이언트 ID: 1
[20:00:11.959] [DEBUG] 데이터 수신: 17 바이트, 클라이언트 ID: 1
[20:00:11.969] [DEBUG] 데이터 수신: 17 바이트, 클라이언트 ID: 1
[20:00:11.978] [DEBUG] 데이터 수신: 17 바이트, 클라이언트 ID: 1
[20:00:11.987] [DEBUG] 데이터 수신: 17 바이트, 클라이언트 ID: 1
[20:00:11.998] [DEBUG] 데이터 수신: 17 바이트, 클라이언트 ID: 1
[20:00:12.007] [DEBUG] 데이터 수신: 17 바이트, 클라이언트 ID: 1
[20:00:12.016] [DEBUG] 데이터 수신: 17 바이트, 클라이언트 ID: 1
[20:00:12.027] [DEBUG] 데이터 수신: 17 바이트, 클라이언트 ID: 1
[20:00:12.036] [DEBUG] 데이터 수신: 17 바이트, 클라이언트 ID: 1
[20:00:12.045] [DEBUG] 데이터 수신: 17 바이트, 클라이언트 ID: 1
[20:00:12.054] [DEBUG] 데이터 수신: 17 바이트, 클라이언트 ID: 1
[20:00:12.065] [DEBUG] 데이터 수신: 17 바이트, 클라이언트 ID: 1
[20:00:12.074] [DEBUG] 데이터 수신: 17 바이트, 클라이언트 ID: 1
[20:00:12.084] [DEBUG] 데이터 수신: 17 바이트, 클라이언트 ID: 1
[20:00:12.093] [DEBUG] 데이터 수신: 17 바이트, 클라이언트 ID: 1
[20:00:12.102] [DEBUG] 데이터 수신: 17 바이트, 클라이언트 ID: 1
[20:00:12.111] [DEBUG] 데이터 수신: 17 바이트, 클라이언트 ID: 1
[20:00:12.120] [DEBUG] 데이터 수신: 17 바이트, 클라이언트 ID: 1
[20:00:12.129] [DEBUG] 데이터 수신: 17 바이트, 클라이언트 ID: 1
[20:00:12.138] [DEBUG] 데이터 수신: 17 바이트, 클라이언트 ID: 1
[20:00:12.147] [DEBUG] 데이터 수신: 17 바이트, 클라이언트 ID: 1
[20:00:12.157] [DEBUG] 데이터 수신: 17 바이트, 클라이언트 ID: 1
[20:00:12.167] [DEBUG] 데이터 수신: 17 바이트, 클라이언트 ID: 1
[20:00:12.175] [DEBUG] 데이터 수신: 17 바이트, 클라이언트 ID: 1
[20:00:12.184] [DEBUG] 데이터 수신: 17 바이트, 클라이언트 ID: 1
[20:00:12.193] [DEBUG] 데이터 수신: 17 바이트, 클라이언트 ID: 1
[20:00:12.201] [DEBUG] 데이터 수신: 17 바이트, 클라이언트 ID: 1
[20:00:12.210] [DEBUG] 데이터 수신: 17 바이트, 클라이언트 ID: 1
[20:00:12.220] [DEBUG] 데이터 수신: 17 바이트, 클라이언트 ID: 1
[20:00:12.229] [DEBUG] 데이터 수신: 17 바이트, 클라이언트 ID: 1
[20:00:12.238] [DEBUG] 데이터 수신: 17 바이트, 클라이언트 ID: 1
[20:00:12.247] [DEBUG] 데이터 수신: 17 바이트, 클라이언트 ID: 1
[20:00:12.256] [DEBUG] 데이터 수신: 17 바이트, 클라이언트 ID: 1
[20:00:12.265] [DEBUG] 데이터 수신: 17 바이트, 클라이언트 ID: 1
[20:00:12.275] [DEBUG] 데이터 수신: 17 바이트, 클라이언트 ID: 1
[20:00:12.284] [DEBUG] 데이터 수신: 17 바이트, 클라이언트 ID: 1
[20:00:12.293] [DEBUG] 데이터 수신: 17 바이트, 클라이언트 ID: 1
[20:00:12.303] [DEBUG] 데이터 수신: 17 바이트, 클라이언트 ID: 1
[20:00:12.311] [DEBUG] 데이터 수신: 17 바이트, 클라이언트 ID: 1
[20:00:12.320] [DEBUG] 데이터 수신: 17 바이트, 클라이언트 ID: 1
[20:00:12.328] [DEBUG] 데이터 수신: 17 바이트, 클라이언트 ID: 1
[20:00:12.342] [DEBUG] 데이터 수신: 17 바이트, 클라이언트 ID: 1
[20:00:12.350] [DEBUG] 데이터 수신: 17 바이트, 클라이언트 ID: 1
[20:00:12.358] [DEBUG] 데이터 수신: 17 바이트, 클라이언트 ID: 1
[20:00:12.368] [DEBUG] 데이터 수신: 17 바이트, 클라이언트 ID: 1
[20:00:12.376] [DEBUG] 데이터 수신: 17 바이트, 클라이언트 ID: 1
[20:00:12.385] [DEBUG] 데이터 수신: 17 바이트, 클라이언트 ID: 1
[20:00:12.395] [DEBUG] 데이터 수신: 17 바이트, 클라이언트 ID: 1
[20:00:12.404] [DEBUG] 데이터 수신: 17 바이트, 클라이언트 ID: 1
[20:00:12.413] [DEBUG] 데이터 수신: 17 바이트, 클라이언트 ID: 1
[20:00:12.422] [DEBUG] 데이터 수신: 17 바이트, 클라이언트 ID: 1
[20:00:12.431] [DEBUG] 데이터 수신: 17 바이트, 클라이언트 ID: 1
[20:00:12.440] [DEBUG] 데이터 수신: 17 바이트, 클라이언트 ID: 1
[20:00:12.450] [DEBUG] 데이터 수신: 17 바이트, 클라이언트 ID: 1
[20:00:12.458] [DEBUG] 데이터 수신: 17 바이트, 클라이언트 ID: 1
[20:00:12.467] [DEBUG] 데이터 수신: 17 바이트, 클라이언트 ID: 1
[20:00:12.476] [DEBUG] 데이터 수신: 17 바이트, 클라이언트 ID: 1
[20:00:12.486] [DEBUG] 데이터 수신: 17 바이트, 클라이언트 ID: 1
[20:00:12.495] [DEBUG] 데이터 수신: 17 바이트, 클라이언트 ID: 1
[20:00:12.509] [DEBUG] 데이터 수신: 17 바이트, 클라이언트 ID: 1
[20:00:12.515] [DEBUG] 데이터 수신: 17 바이트, 클라이언트 ID: 1
[20:00:12.524] [DEBUG] 데이터 수신: 17 바이트, 클라이언트 ID: 1
[20:00:12.533] [DEBUG] 데이터 수신: 17 바이트, 클라이언트 ID: 1
[20:00:12.542] [DEBUG] 데이터 수신: 17 바이트, 클라이언트 ID: 1
[20:00:12.550] [DEBUG] 데이터 수신: 17 바이트, 클라이언트 ID: 1
[20:00:12.558] [DEBUG] 데이터 수신: 17 바이트, 클라이언트 ID: 1
[20:00:12.568] [DEBUG] 데이터 수신: 17 바이트, 클라이언트 ID: 1
[20:00:12.576] [DEBUG] 데이터 수신: 17 바이트, 클라이언트 ID: 1
[20:00:12.585] [DEBUG] 데이터 수신: 17 바이트, 클라이언트 ID: 1
[20:00:12.594] [DEBUG] 데이터 수신: 17 바이트, 클라이언트 ID: 1
[20:00:12.604] [DEBUG] 데이터 수신: 17 바이트, 클라이언트 ID: 1
[20:00:12.613] [DEBUG] 데이터 수신: 17 바이트, 클라이언트 ID: 1
[20:00:12.622] [DEBUG] 데이터 수신: 17 바이트, 클라이언트 ID: 1
[20:00:12.631] [DEBUG] 데이터 수신: 17 바이트, 클라이언트 ID: 1
[20:00:12.640] [DEBUG] 데이터 수신: 17 바이트, 클라이언트 ID: 1
[20:00:12.649] [DEBUG] 데이터 수신: 17 바이트, 클라이언트 ID: 1
[20:00:12.657] [DEBUG] 데이터 수신: 17 바이트, 클라이언트 ID: 1
[20:00:12.666] [DEBUG] 데이터 수신: 17 바이트, 클라이언트 ID: 1
[20:00:12.675] [DEBUG] 데이터 수신: 17 바이트, 클라이언트 ID: 1
[20:00:12.684] [DEBUG] 데이터 수신: 17 바이트, 클라이언트 ID: 1
[20:00:12.699] [DEBUG] 데이터 수신: 17 바이트, 클라이언트 ID: 1
[20:00:12.706] [DEBUG] 데이터 수신: 17 바이트, 클라이언트 ID: 1
[20:00:12.714] [DEBUG] 데이터 수신: 17 바이트, 클라이언트 ID: 1
[20:00:12.723] [DEBUG] 데이터 수신: 17 바이트, 클라이언트 ID: 1
[20:00:12.731] [DEBUG] 데이터 수신: 17 바이트, 클라이언트 ID: 1
[20:00:12.739] [DEBUG] 데이터 수신: 17 바이트, 클라이언트 ID: 1
[20:00:12.748] [DEBUG] 데이터 수신: 17 바이트, 클라이언트 ID: 1
[20:00:12.757] [DEBUG] 데이터 수신: 17 바이트, 클라이언트 ID: 1
[20:00:12.765] [DEBUG] 데이터 수신: 17 바이트, 클라이언트 ID: 1
[20:00:12.775] [DEBUG] 데이터 수신: 17 바이트, 클라이언트 ID: 1
[20:00:12.784] [DEBUG] 데이터 수신: 17 바이트, 클라이언트 ID: 1
[20:00:12.792] [DEBUG] 데이터 수신: 17 바이트, 클라이언트 ID: 1
[20:00:12.801] [DEBUG] 데이터 수신: 17 바이트, 클라이언트 ID: 1
[20:00:12.810] [DEBUG] 데이터 수신: 17 바이트, 클라이언트 ID: 1
[20:00:12.819] [DEBUG] 데이터 수신: 17 바이트, 클라이언트 ID: 1
[20:00:12.828] [DEBUG] 데이터 수신: 17 바이트, 클라이언트 ID: 1
[20:00:12.837] [DEBUG] 데이터 수신: 17 바이트, 클라이언트 ID: 1
[20:00:12.846] [DEBUG] 데이터 수신: 17 바이트, 클라이언트 ID: 1
[20:00:12.854] [DEBUG] 데이터 수신: 17 바이트, 클라이언트 ID: 1
[20:00:12.864] [DEBUG] 데이터 수신: 17 바이트, 클라이언트 ID: 1
[20:00:12.872] [DEBUG] 데이터 수신: 17 바이트, 클라이언트 ID: 1
[20:00:12.881] [DEBUG] 데이터 수신: 17 바이트, 클라이언트 ID: 1
[20:00:12.890] [DEBUG] 데이터 수신: 17 바이트, 클라이언트 ID: 1
[20:00:12.900] [DEBUG] 데이터 수신: 17 바이트, 클라이언트 ID: 1
[20:00:12.909] [DEBUG] 데이터 수신: 17 바이트, 클라이언트 ID: 1
[20:00:12.918] [DEBUG] 데이터 수신: 17 바이트, 클라이언트 ID: 1
[20:00:12.927] [DEBUG] 데이터 수신: 17 바이트, 클라이언트 ID: 1
[20:00:12.936] [DEBUG] 데이터 수신: 17 바이트, 클라이언트 ID: 1
[20:00:12.945] [DEBUG] 데이터 수신: 17 바이트, 클라이언트 ID: 1
[20:00:12.954] [DEBUG] 데이터 수신: 17 바이트, 클라이언트 ID: 1
[20:00:12.963] [DEBUG] 데이터 수신: 17 바이트, 클라이언트 ID: 1
[20:00:12.971] [DEBUG] 데이터 수신: 17 바이트, 클라이언트 ID: 1
[20:00:12.980] [DEBUG] 데이터 수신: 17 바이트, 클라이언트 ID: 1
[20:00:12.989] [DEBUG] 데이터 수신: 17 바이트, 클라이언트 ID: 1
[20:00:12.999] [DEBUG] 데이터 수신: 17 바이트, 클라이언트 ID: 1
[20:00:13.008] [DEBUG] 데이터 수신: 17 바이트, 클라이언트 ID: 1
[20:00:13.017] [DEBUG] 데이터 수신: 17 바이트, 클라이언트 ID: 1
[20:00:13.026] [DEBUG] 데이터 수신: 17 바이트, 클라이언트 ID: 1
[20:00:13.035] [DEBUG] 데이터 수신: 17 바이트, 클라이언트 ID: 1
[20:00:13.044] [DEBUG] 데이터 수신: 17 바이트, 클라이언트 ID: 1
[20:00:13.053] [DEBUG] 데이터 수신: 17 바이트, 클라이언트 ID: 1
[20:00:13.063] [DEBUG] 데이터 수신: 17 바이트, 클라이언트 ID: 1
[20:00:13.071] [DEBUG] 데이터 수신: 17 바이트, 클라이언트 ID: 1
[20:00:13.081] [DEBUG] 데이터 수신: 17 바이트, 클라이언트 ID: 1
[20:00:13.089] [DEBUG] 데이터 수신: 17 바이트, 클라이언트 ID: 1
[20:00:13.098] [DEBUG] 데이터 수신: 17 바이트, 클라이언트 ID: 1
[20:00:13.107] [DEBUG] 데이터 수신: 17 바이트, 클라이언트 ID: 1
[20:00:13.116] [DEBUG] 데이터 수신: 17 바이트, 클라이언트 ID: 1
[20:00:13.125] [DEBUG] 데이터 수신: 17 바이트, 클라이언트 ID: 1
[20:00:13.136] [DEBUG] 데이터 수신: 17 바이트, 클라이언트 ID: 1
[20:00:13.144] [DEBUG] 데이터 수신: 17 바이트, 클라이언트 ID: 1
[20:00:13.154] [DEBUG] 데이터 수신: 17 바이트, 클라이언트 ID: 1
[20:00:13.163] [DEBUG] 데이터 수신: 17 바이트, 클라이언트 ID: 1
[20:00:13.172] [DEBUG] 데이터 수신: 17 바이트, 클라이언트 ID: 1
[20:00:13.181] [DEBUG] 데이터 수신: 17 바이트, 클라이언트 ID: 1
[20:00:13.190] [DEBUG] 데이터 수신: 17 바이트, 클라이언트 ID: 1
[20:00:13.201] [DEBUG] 데이터 수신: 17 바이트, 클라이언트 ID: 1
[20:00:13.210] [DEBUG] 데이터 수신: 17 바이트, 클라이언트 ID: 1
[20:00:13.219] [DEBUG] 데이터 수신: 17 바이트, 클라이언트 ID: 1
[20:00:13.228] [DEBUG] 데이터 수신: 17 바이트, 클라이언트 ID: 1
[20:00:13.237] [DEBUG] 데이터 수신: 17 바이트, 클라이언트 ID: 1
[20:00:13.246] [DEBUG] 데이터 수신: 17 바이트, 클라이언트 ID: 1
[20:00:13.256] [DEBUG] 데이터 수신: 17 바이트, 클라이언트 ID: 1
[20:00:13.265] [DEBUG] 데이터 수신: 17 바이트, 클라이언트 ID: 1
[20:00:13.274] [DEBUG] 데이터 수신: 17 바이트, 클라이언트 ID: 1
[20:00:13.283] [DEBUG] 데이터 수신: 17 바이트, 클라이언트 ID: 1
[20:00:13.293] [DEBUG] 데이터 수신: 17 바이트, 클라이언트 ID: 1
[20:00:13.302] [DEBUG] 데이터 수신: 17 바이트, 클라이언트 ID: 1
[20:00:13.311] [DEBUG] 데이터 수신: 17 바이트, 클라이언트 ID: 1
[20:00:13.321] [DEBUG] 데이터 수신: 17 바이트, 클라이언트 ID: 1
[20:00:13.329] [DEBUG] 데이터 수신: 17 바이트, 클라이언트 ID: 1
[20:00:13.338] [DEBUG] 데이터 수신: 17 바이트, 클라이언트 ID: 1
[20:00:13.347] [DEBUG] 데이터 수신: 17 바이트, 클라이언트 ID: 1
[20:00:13.356] [DEBUG] 데이터 수신: 17 바이트, 클라이언트 ID: 1
[20:00:13.366] [DEBUG] 데이터 수신: 17 바이트, 클라이언트 ID: 1
[20:00:13.374] [DEBUG] 데이터 수신: 17 바이트, 클라이언트 ID: 1
[20:00:13.384] [DEBUG] 데이터 수신: 17 바이트, 클라이언트 ID: 1
[20:00:13.393] [DEBUG] 데이터 수신: 17 바이트, 클라이언트 ID: 1
[20:00:13.402] [DEBUG] 데이터 수신: 17 바이트, 클라이언트 ID: 1
[20:00:13.411] [DEBUG] 데이터 수신: 17 바이트, 클라이언트 ID: 1
[20:00:13.420] [DEBUG] 데이터 수신: 17 바이트, 클라이언트 ID: 1
[20:00:13.430] [DEBUG] 데이터 수신: 17 바이트, 클라이언트 ID: 1
[20:00:13.439] [DEBUG] 데이터 수신: 17 바이트, 클라이언트 ID: 1
[20:00:13.448] [DEBUG] 데이터 수신: 17 바이트, 클라이언트 ID: 1
[20:00:13.458] [DEBUG] 데이터 수신: 17 바이트, 클라이언트 ID: 1
[20:00:13.467] [DEBUG] 데이터 수신: 17 바이트, 클라이언트 ID: 1
[20:00:13.476] [DEBUG] 데이터 수신: 17 바이트, 클라이언트 ID: 1
[20:00:13.485] [DEBUG] 데이터 수신: 17 바이트, 클라이언트 ID: 1
[20:00:13.494] [DEBUG] 데이터 수신: 17 바이트, 클라이언트 ID: 1
[20:00:13.504] [DEBUG] 데이터 수신: 17 바이트, 클라이언트 ID: 1
[20:00:13.514] [DEBUG] 데이터 수신: 17 바이트, 클라이언트 ID: 1
[20:00:13.522] [DEBUG] 데이터 수신: 17 바이트, 클라이언트 ID: 1
[20:00:13.532] [DEBUG] 데이터 수신: 17 바이트, 클라이언트 ID: 1
[20:00:13.543] [DEBUG] 데이터 수신: 17 바이트, 클라이언트 ID: 1
[20:00:13.551] [DEBUG] 데이터 수신: 17 바이트, 클라이언트 ID: 1
[20:00:13.561] [DEBUG] 데이터 수신: 17 바이트, 클라이언트 ID: 1
[20:00:13.569] [DEBUG] 데이터 수신: 17 바이트, 클라이언트 ID: 1
[20:00:13.579] [DEBUG] 데이터 수신: 17 바이트, 클라이언트 ID: 1
[20:00:13.587] [DEBUG] 데이터 수신: 17 바이트, 클라이언트 ID: 1
[20:00:13.597] [DEBUG] 데이터 수신: 17 바이트, 클라이언트 ID: 1
[20:00:13.605] [DEBUG] 데이터 수신: 17 바이트, 클라이언트 ID: 1
[20:00:13.615] [DEBUG] 데이터 수신: 17 바이트, 클라이언트 ID: 1
[20:00:13.625] [DEBUG] 데이터 수신: 17 바이트, 클라이언트 ID: 1
[20:00:13.634] [DEBUG] 데이터 수신: 17 바이트, 클라이언트 ID: 1
[20:00:13.644] [DEBUG] 데이터 수신: 17 바이트, 클라이언트 ID: 1
[20:00:13.653] [DEBUG] 데이터 수신: 17 바이트, 클라이언트 ID: 1
[20:00:13.662] [DEBUG] 데이터 수신: 17 바이트, 클라이언트 ID: 1
[20:00:13.671] [DEBUG] 데이터 수신: 17 바이트, 클라이언트 ID: 1
[20:00:13.680] [DEBUG] 데이터 수신: 17 바이트, 클라이언트 ID: 1
[20:00:13.690] [DEBUG] 데이터 수신: 17 바이트, 클라이언트 ID: 1
[20:00:13.699] [DEBUG] 데이터 수신: 17 바이트, 클라이언트 ID: 1
[20:00:13.708] [DEBUG] 데이터 수신: 17 바이트, 클라이언트 ID: 1
[20:00:13.718] [DEBUG] 데이터 수신: 17 바이트, 클라이언트 ID: 1
[20:00:13.727] [DEBUG] 데이터 수신: 17 바이트, 클라이언트 ID: 1
[20:00:13.736] [DEBUG] 데이터 수신: 17 바이트, 클라이언트 ID: 1
[20:00:13.746] [DEBUG] 데이터 수신: 17 바이트, 클라이언트 ID: 1
[20:00:13.755] [DEBUG] 데이터 수신: 17 바이트, 클라이언트 ID: 1
[20:00:13.764] [DEBUG] 데이터 수신: 17 바이트, 클라이언트 ID: 1
[20:00:13.774] [DEBUG] 데이터 수신: 17 바이트, 클라이언트 ID: 1
[20:00:13.785] [DEBUG] 데이터 수신: 17 바이트, 클라이언트 ID: 1
[20:00:13.793] [DEBUG] 데이터 수신: 17 바이트, 클라이언트 ID: 1
[20:00:13.802] [DEBUG] 데이터 수신: 17 바이트, 클라이언트 ID: 1
[20:00:13.811] [DEBUG] 데이터 수신: 17 바이트, 클라이언트 ID: 1
[20:00:13.820] [DEBUG] 데이터 수신: 17 바이트, 클라이언트 ID: 1
[20:00:13.830] [DEBUG] 데이터 수신: 17 바이트, 클라이언트 ID: 1
[20:00:13.838] [DEBUG] 데이터 수신: 17 바이트, 클라이언트 ID: 1
[20:00:13.848] [DEBUG] 데이터 수신: 17 바이트, 클라이언트 ID: 1
[20:00:13.857] [DEBUG] 데이터 수신: 17 바이트, 클라이언트 ID: 1
[20:00:13.866] [DEBUG] 데이터 수신: 17 바이트, 클라이언트 ID: 1
[20:00:13.875] [DEBUG] 데이터 수신: 17 바이트, 클라이언트 ID: 1
[20:00:13.884] [DEBUG] 데이터 수신: 17 바이트, 클라이언트 ID: 1
[20:00:13.894] [DEBUG] 데이터 수신: 17 바이트, 클라이언트 ID: 1
[20:00:13.903] [DEBUG] 데이터 수신: 17 바이트, 클라이언트 ID: 1
[20:00:13.913] [DEBUG] 데이터 수신: 17 바이트, 클라이언트 ID: 1
[20:00:13.922] [DEBUG] 데이터 수신: 17 바이트, 클라이언트 ID: 1
[20:00:13.932] [DEBUG] 데이터 수신: 17 바이트, 클라이언트 ID: 1
[20:00:13.942] [DEBUG] 데이터 수신: 17 바이트, 클라이언트 ID: 1
[20:00:13.950] [DEBUG] 데이터 수신: 17 바이트, 클라이언트 ID: 1
[20:00:13.959] [DEBUG] 데이터 수신: 17 바이트, 클라이언트 ID: 1
[20:00:13.968] [DEBUG] 데이터 수신: 17 바이트, 클라이언트 ID: 1
[20:00:13.977] [DEBUG] 데이터 수신: 17 바이트, 클라이언트 ID: 1
[20:00:13.987] [DEBUG] 데이터 수신: 17 바이트, 클라이언트 ID: 1
[20:00:13.995] [DEBUG] 데이터 수신: 17 바이트, 클라이언트 ID: 1
[20:00:14.005] [DEBUG] 데이터 수신: 17 바이트, 클라이언트 ID: 1
[20:00:14.014] [DEBUG] 데이터 수신: 17 바이트, 클라이언트 ID: 1
[20:00:14.023] [DEBUG] 데이터 수신: 17 바이트, 클라이언트 ID: 1
[20:00:14.033] [DEBUG] 데이터 수신: 17 바이트, 클라이언트 ID: 1
[20:00:14.042] [DEBUG] 데이터 수신: 17 바이트, 클라이언트 ID: 1
[20:00:14.051] [DEBUG] 데이터 수신: 17 바이트, 클라이언트 ID: 1
[20:00:14.060] [DEBUG] 데이터 수신: 17 바이트, 클라이언트 ID: 1
[20:00:14.070] [DEBUG] 데이터 수신: 17 바이트, 클라이언트 ID: 1
[20:00:14.079] [DEBUG] 데이터 수신: 17 바이트, 클라이언트 ID: 1
[20:00:14.088] [DEBUG] 데이터 수신: 17 바이트, 클라이언트 ID: 1
[20:00:14.097] [DEBUG] 데이터 수신: 17 바이트, 클라이언트 ID: 1
[20:00:14.107] [DEBUG] 데이터 수신: 17 바이트, 클라이언트 ID: 1
[20:00:14.121] [DEBUG] 데이터 수신: 17 바이트, 클라이언트 ID: 1
[20:00:14.128] [DEBUG] 데이터 수신: 17 바이트, 클라이언트 ID: 1
[20:00:14.136] [DEBUG] 데이터 수신: 17 바이트, 클라이언트 ID: 1
[20:00:14.146] [DEBUG] 데이터 수신: 17 바이트, 클라이언트 ID: 1
[20:00:14.155] [DEBUG] 데이터 수신: 17 바이트, 클라이언트 ID: 1
[20:00:14.164] [DEBUG] 데이터 수신: 17 바이트, 클라이언트 ID: 1
[20:00:14.173] [DEBUG] 데이터 수신: 17 바이트, 클라이언트 ID: 1
[20:00:14.183] [DEBUG] 데이터 수신: 17 바이트, 클라이언트 ID: 1
[20:00:14.192] [DEBUG] 데이터 수신: 17 바이트, 클라이언트 ID: 1
[20:00:14.201] [DEBUG] 데이터 수신: 17 바이트, 클라이언트 ID: 1
[20:00:14.210] [DEBUG] 데이터 수신: 17 바이트, 클라이언트 ID: 1
[20:00:14.220] [DEBUG] 데이터 수신: 17 바이트, 클라이언트 ID: 1
[20:00:14.229] [DEBUG] 데이터 수신: 17 바이트, 클라이언트 ID: 1
[20:00:14.239] [DEBUG] 데이터 수신: 17 바이트, 클라이언트 ID: 1
[20:00:14.248] [DEBUG] 데이터 수신: 17 바이트, 클라이언트 ID: 1
[20:00:14.258] [DEBUG] 데이터 수신: 17 바이트, 클라이언트 ID: 1
[20:00:14.267] [DEBUG] 데이터 수신: 17 바이트, 클라이언트 ID: 1
[20:00:14.276] [DEBUG] 데이터 수신: 17 바이트, 클라이언트 ID: 1
[20:00:14.286] [DEBUG] 데이터 수신: 17 바이트, 클라이언트 ID: 1
[20:00:14.296] [DEBUG] 데이터 수신: 17 바이트, 클라이언트 ID: 1
[20:00:14.304] [DEBUG] 데이터 수신: 17 바이트, 클라이언트 ID: 1
[20:00:14.314] [DEBUG] 데이터 수신: 17 바이트, 클라이언트 ID: 1
[20:00:14.323] [DEBUG] 데이터 수신: 17 바이트, 클라이언트 ID: 1
[20:00:14.333] [DEBUG] 데이터 수신: 17 바이트, 클라이언트 ID: 1
[20:00:14.342] [DEBUG] 데이터 수신: 17 바이트, 클라이언트 ID: 1
[20:00:14.352] [DEBUG] 데이터 수신: 17 바이트, 클라이언트 ID: 1
[20:00:14.360] [DEBUG] 데이터 수신: 17 바이트, 클라이언트 ID: 1
[20:00:14.370] [DEBUG] 데이터 수신: 17 바이트, 클라이언트 ID: 1
[20:00:14.379] [DEBUG] 데이터 수신: 17 바이트, 클라이언트 ID: 1
[20:00:14.389] [DEBUG] 데이터 수신: 17 바이트, 클라이언트 ID: 1
[20:00:14.399] [DEBUG] 데이터 수신: 17 바이트, 클라이언트 ID: 1
[20:00:14.407] [DEBUG] 데이터 수신: 17 바이트, 클라이언트 ID: 1
[20:00:14.417] [DEBUG] 데이터 수신: 17 바이트, 클라이언트 ID: 1
[20:00:14.426] [DEBUG] 데이터 수신: 17 바이트, 클라이언트 ID: 1
[20:00:14.435] [DEBUG] 데이터 수신: 17 바이트, 클라이언트 ID: 1
[20:00:14.445] [DEBUG] 데이터 수신: 17 바이트, 클라이언트 ID: 1
[20:00:14.455] [DEBUG] 데이터 수신: 17 바이트, 클라이언트 ID: 1
[20:00:14.464] [DEBUG] 데이터 수신: 17 바이트, 클라이언트 ID: 1
[20:00:14.473] [DEBUG] 데이터 수신: 17 바이트, 클라이언트 ID: 1
[20:00:14.483] [DEBUG] 데이터 수신: 17 바이트, 클라이언트 ID: 1
[20:00:14.492] [DEBUG] 데이터 수신: 17 바이트, 클라이언트 ID: 1
[20:00:14.502] [DEBUG] 데이터 수신: 17 바이트, 클라이언트 ID: 1
[20:00:14.511] [DEBUG] 데이터 수신: 17 바이트, 클라이언트 ID: 1
[20:00:14.520] [DEBUG] 데이터 수신: 17 바이트, 클라이언트 ID: 1
[20:00:14.529] [DEBUG] 데이터 수신: 17 바이트, 클라이언트 ID: 1
[20:00:14.538] [DEBUG] 데이터 수신: 17 바이트, 클라이언트 ID: 1
[20:00:14.548] [DEBUG] 데이터 수신: 17 바이트, 클라이언트 ID: 1
[20:00:14.558] [DEBUG] 데이터 수신: 17 바이트, 클라이언트 ID: 1
[20:00:14.568] [DEBUG] 데이터 수신: 17 바이트, 클라이언트 ID: 1
[20:00:14.577] [DEBUG] 데이터 수신: 17 바이트, 클라이언트 ID: 1
[20:00:14.586] [DEBUG] 데이터 수신: 17 바이트, 클라이언트 ID: 1
[20:00:14.596] [DEBUG] 데이터 수신: 17 바이트, 클라이언트 ID: 1
[20:00:14.605] [DEBUG] 데이터 수신: 17 바이트, 클라이언트 ID: 1
[20:00:14.615] [DEBUG] 데이터 수신: 17 바이트, 클라이언트 ID: 1
[20:00:14.624] [DEBUG] 데이터 수신: 17 바이트, 클라이언트 ID: 1
[20:00:14.633] [DEBUG] 데이터 수신: 17 바이트, 클라이언트 ID: 1
[20:00:14.643] [DEBUG] 데이터 수신: 17 바이트, 클라이언트 ID: 1
[20:00:14.653] [DEBUG] 데이터 수신: 17 바이트, 클라이언트 ID: 1
[20:00:14.661] [DEBUG] 데이터 수신: 17 바이트, 클라이언트 ID: 1
[20:00:14.670] [DEBUG] 데이터 수신: 17 바이트, 클라이언트 ID: 1
[20:00:14.680] [DEBUG] 데이터 수신: 17 바이트, 클라이언트 ID: 1
[20:00:14.689] [DEBUG] 데이터 수신: 17 바이트, 클라이언트 ID: 1
[20:00:14.699] [DEBUG] 데이터 수신: 17 바이트, 클라이언트 ID: 1
[20:00:14.708] [DEBUG] 데이터 수신: 17 바이트, 클라이언트 ID: 1
[20:00:14.718] [DEBUG] 데이터 수신: 17 바이트, 클라이언트 ID: 1
[20:00:14.726] [DEBUG] 데이터 수신: 17 바이트, 클라이언트 ID: 1
[20:00:14.736] [DEBUG] 데이터 수신: 17 바이트, 클라이언트 ID: 1
[20:00:14.745] [DEBUG] 데이터 수신: 17 바이트, 클라이언트 ID: 1
[20:00:14.754] [DEBUG] 데이터 수신: 17 바이트, 클라이언트 ID: 1
[20:00:14.764] [DEBUG] 데이터 수신: 17 바이트, 클라이언트 ID: 1
[20:00:14.773] [DEBUG] 데이터 수신: 17 바이트, 클라이언트 ID: 1
[20:00:14.782] [DEBUG] 데이터 수신: 17 바이트, 클라이언트 ID: 1
[20:00:14.791] [DEBUG] 데이터 수신: 17 바이트, 클라이언트 ID: 1
[20:00:14.800] [DEBUG] 데이터 수신: 17 바이트, 클라이언트 ID: 1
[20:00:14.809] [DEBUG] 데이터 수신: 17 바이트, 클라이언트 ID: 1
[20:00:14.818] [DEBUG] 데이터 수신: 17 바이트, 클라이언트 ID: 1
[20:00:14.828] [DEBUG] 데이터 수신: 17 바이트, 클라이언트 ID: 1
[20:00:14.837] [DEBUG] 데이터 수신: 17 바이트, 클라이언트 ID: 1
[20:00:14.847] [DEBUG] 데이터 수신: 17 바이트, 클라이언트 ID: 1
[20:00:14.857] [DEBUG] 데이터 수신: 17 바이트, 클라이언트 ID: 1
[20:00:14.866] [DEBUG] 데이터 수신: 17 바이트, 클라이언트 ID: 1
[20:00:14.876] [DEBUG] 데이터 수신: 17 바이트, 클라이언트 ID: 1
[20:00:14.886] [DEBUG] 데이터 수신: 17 바이트, 클라이언트 ID: 1
[20:00:14.895] [DEBUG] 데이터 수신: 17 바이트, 클라이언트 ID: 1
[20:00:14.903] [DEBUG] 데이터 수신: 17 바이트, 클라이언트 ID: 1
[20:00:14.912] [DEBUG] 데이터 수신: 17 바이트, 클라이언트 ID: 1
[20:00:14.921] [DEBUG] 데이터 수신: 17 바이트, 클라이언트 ID: 1
[20:00:14.931] [DEBUG] 데이터 수신: 17 바이트, 클라이언트 ID: 1
[20:00:14.940] [DEBUG] 데이터 수신: 17 바이트, 클라이언트 ID: 1
[20:00:14.950] [DEBUG] 데이터 수신: 17 바이트, 클라이언트 ID: 1
[20:00:14.959] [DEBUG] 데이터 수신: 17 바이트, 클라이언트 ID: 1
[20:00:14.968] [DEBUG] 데이터 수신: 17 바이트, 클라이언트 ID: 1
[20:00:14.977] [DEBUG] 데이터 수신: 17 바이트, 클라이언트 ID: 1
[20:00:14.987] [DEBUG] 데이터 수신: 17 바이트, 클라이언트 ID: 1
[20:00:14.997] [DEBUG] 데이터 수신: 17 바이트, 클라이언트 ID: 1
[20:00:15.005] [DEBUG] 데이터 수신: 17 바이트, 클라이언트 ID: 1
[20:00:15.014] [DEBUG] 데이터 수신: 17 바이트, 클라이언트 ID: 1
[20:00:15.023] [DEBUG] 데이터 수신: 17 바이트, 클라이언트 ID: 1
[20:00:15.033] [DEBUG] 데이터 수신: 17 바이트, 클라이언트 ID: 1
[20:00:15.042] [DEBUG] 데이터 수신: 17 바이트, 클라이언트 ID: 1
[20:00:15.051] [DEBUG] 데이터 수신: 17 바이트, 클라이언트 ID: 1
[20:00:15.061] [DEBUG] 데이터 수신: 17 바이트, 클라이언트 ID: 1
[20:00:15.071] [DEBUG] 데이터 수신: 17 바이트, 클라이언트 ID: 1
[20:00:15.080] [DEBUG] 데이터 수신: 17 바이트, 클라이언트 ID: 1
[20:00:15.089] [DEBUG] 데이터 수신: 17 바이트, 클라이언트 ID: 1
[20:00:15.098] [DEBUG] 데이터 수신: 17 바이트, 클라이언트 ID: 1
[20:00:15.108] [DEBUG] 데이터 수신: 17 바이트, 클라이언트 ID: 1
[20:00:15.117] [DEBUG] 데이터 수신: 17 바이트, 클라이언트 ID: 1
[20:00:15.126] [DEBUG] 데이터 수신: 17 바이트, 클라이언트 ID: 1
[20:00:15.136] [DEBUG] 데이터 수신: 17 바이트, 클라이언트 ID: 1
[20:00:15.144] [DEBUG] 데이터 수신: 17 바이트, 클라이언트 ID: 1
[20:00:15.153] [DEBUG] 데이터 수신: 17 바이트, 클라이언트 ID: 1
[20:00:15.163] [DEBUG] 데이터 수신: 17 바이트, 클라이언트 ID: 1
[20:00:15.172] [DEBUG] 데이터 수신: 17 바이트, 클라이언트 ID: 1
[20:00:15.181] [DEBUG] 데이터 수신: 17 바이트, 클라이언트 ID: 1
[20:00:15.190] [DEBUG] 데이터 수신: 17 바이트, 클라이언트 ID: 1
[20:00:15.200] [DEBUG] 데이터 수신: 17 바이트, 클라이언트 ID: 1
[20:00:15.210] [DEBUG] 데이터 수신: 17 바이트, 클라이언트 ID: 1
[20:00:15.218] [DEBUG] 데이터 수신: 17 바이트, 클라이언트 ID: 1
[20:00:15.227] [DEBUG] 데이터 수신: 17 바이트, 클라이언트 ID: 1
[20:00:15.237] [DEBUG] 데이터 수신: 17 바이트, 클라이언트 ID: 1
[20:00:15.246] [DEBUG] 데이터 수신: 17 바이트, 클라이언트 ID: 1
[20:00:15.255] [DEBUG] 데이터 수신: 17 바이트, 클라이언트 ID: 1
[20:00:15.265] [DEBUG] 데이터 수신: 17 바이트, 클라이언트 ID: 1
[20:00:15.274] [DEBUG] 데이터 수신: 17 바이트, 클라이언트 ID: 1
[20:00:15.283] [DEBUG] 데이터 수신: 17 바이트, 클라이언트 ID: 1
[20:00:15.293] [DEBUG] 데이터 수신: 17 바이트, 클라이언트 ID: 1
[20:00:15.301] [DEBUG] 데이터 수신: 17 바이트, 클라이언트 ID: 1
[20:00:15.310] [DEBUG] 데이터 수신: 17 바이트, 클라이언트 ID: 1
[20:00:15.320] [DEBUG] 데이터 수신: 17 바이트, 클라이언트 ID: 1
[20:00:15.329] [DEBUG] 데이터 수신: 17 바이트, 클라이언트 ID: 1
[20:00:15.338] [DEBUG] 데이터 수신: 17 바이트, 클라이언트 ID: 1
[20:00:15.347] [DEBUG] 데이터 수신: 17 바이트, 클라이언트 ID: 1
[20:00:15.356] [DEBUG] 데이터 수신: 17 바이트, 클라이언트 ID: 1
[20:00:15.366] [DEBUG] 데이터 수신: 17 바이트, 클라이언트 ID: 1
[20:00:15.375] [DEBUG] 데이터 수신: 17 바이트, 클라이언트 ID: 1
[20:00:15.385] [DEBUG] 데이터 수신: 17 바이트, 클라이언트 ID: 1
[20:00:15.394] [DEBUG] 데이터 수신: 17 바이트, 클라이언트 ID: 1
[20:00:15.404] [DEBUG] 데이터 수신: 17 바이트, 클라이언트 ID: 1
[20:00:15.413] [DEBUG] 데이터 수신: 17 바이트, 클라이언트 ID: 1
[20:00:15.422] [DEBUG] 데이터 수신: 17 바이트, 클라이언트 ID: 1
[20:00:15.431] [DEBUG] 데이터 수신: 17 바이트, 클라이언트 ID: 1
[20:00:15.441] [DEBUG] 데이터 수신: 17 바이트, 클라이언트 ID: 1
[20:00:15.450] [DEBUG] 데이터 수신: 17 바이트, 클라이언트 ID: 1
[20:00:15.459] [DEBUG] 데이터 수신: 17 바이트, 클라이언트 ID: 1
[20:00:15.469] [DEBUG] 데이터 수신: 17 바이트, 클라이언트 ID: 1
[20:00:15.478] [DEBUG] 데이터 수신: 17 바이트, 클라이언트 ID: 1
[20:00:15.487] [DEBUG] 데이터 수신: 17 바이트, 클라이언트 ID: 1
[20:00:15.496] [DEBUG] 데이터 수신: 17 바이트, 클라이언트 ID: 1
[20:00:15.505] [DEBUG] 데이터 수신: 17 바이트, 클라이언트 ID: 1
[20:00:15.515] [DEBUG] 데이터 수신: 17 바이트, 클라이언트 ID: 1
[20:00:15.524] [DEBUG] 데이터 수신: 17 바이트, 클라이언트 ID: 1
[20:00:15.534] [DEBUG] 데이터 수신: 17 바이트, 클라이언트 ID: 1
[20:00:15.543] [DEBUG] 데이터 수신: 17 바이트, 클라이언트 ID: 1
[20:00:15.553] [DEBUG] 데이터 수신: 17 바이트, 클라이언트 ID: 1
[20:00:15.563] [DEBUG] 데이터 수신: 17 바이트, 클라이언트 ID: 1
[20:00:15.572] [DEBUG] 데이터 수신: 17 바이트, 클라이언트 ID: 1
[20:00:15.582] [DEBUG] 데이터 수신: 17 바이트, 클라이언트 ID: 1
[20:00:15.591] [DEBUG] 데이터 수신: 17 바이트, 클라이언트 ID: 1
[20:00:15.600] [DEBUG] 데이터 수신: 17 바이트, 클라이언트 ID: 1
[20:00:15.610] [DEBUG] 데이터 수신: 17 바이트, 클라이언트 ID: 1
[20:00:15.623] [DEBUG] 데이터 수신: 17 바이트, 클라이언트 ID: 1
[20:00:15.630] [DEBUG] 데이터 수신: 17 바이트, 클라이언트 ID: 1
[20:00:15.639] [DEBUG] 데이터 수신: 17 바이트, 클라이언트 ID: 1
[20:00:15.648] [DEBUG] 데이터 수신: 17 바이트, 클라이언트 ID: 1
[20:00:15.657] [DEBUG] 데이터 수신: 17 바이트, 클라이언트 ID: 1
[20:00:15.666] [DEBUG] 데이터 수신: 17 바이트, 클라이언트 ID: 1
[20:00:15.676] [DEBUG] 데이터 수신: 17 바이트, 클라이언트 ID: 1
[20:00:15.685] [DEBUG] 데이터 수신: 17 바이트, 클라이언트 ID: 1
[20:00:15.695] [DEBUG] 데이터 수신: 17 바이트, 클라이언트 ID: 1
[20:00:15.704] [DEBUG] 데이터 수신: 17 바이트, 클라이언트 ID: 1
[20:00:15.714] [DEBUG] 데이터 수신: 17 바이트, 클라이언트 ID: 1
[20:00:15.723] [DEBUG] 데이터 수신: 17 바이트, 클라이언트 ID: 1
[20:00:15.732] [DEBUG] 데이터 수신: 17 바이트, 클라이언트 ID: 1
[20:00:15.741] [DEBUG] 데이터 수신: 17 바이트, 클라이언트 ID: 1
[20:00:15.751] [DEBUG] 데이터 수신: 17 바이트, 클라이언트 ID: 1
[20:00:15.761] [DEBUG] 데이터 수신: 17 바이트, 클라이언트 ID: 1
[20:00:15.771] [DEBUG] 데이터 수신: 17 바이트, 클라이언트 ID: 1
[20:00:15.780] [DEBUG] 데이터 수신: 17 바이트, 클라이언트 ID: 1
[20:00:15.789] [DEBUG] 데이터 수신: 17 바이트, 클라이언트 ID: 1
[20:00:15.799] [DEBUG] 데이터 수신: 17 바이트, 클라이언트 ID: 1
[20:00:15.809] [DEBUG] 데이터 수신: 17 바이트, 클라이언트 ID: 1
[20:00:15.818] [DEBUG] 데이터 수신: 17 바이트, 클라이언트 ID: 1
[20:00:15.828] [DEBUG] 데이터 수신: 17 바이트, 클라이언트 ID: 1
[20:00:15.837] [DEBUG] 데이터 수신: 17 바이트, 클라이언트 ID: 1
[20:00:15.847] [DEBUG] 데이터 수신: 17 바이트, 클라이언트 ID: 1
[20:00:15.857] [DEBUG] 데이터 수신: 17 바이트, 클라이언트 ID: 1
[20:00:15.867] [DEBUG] 데이터 수신: 17 바이트, 클라이언트 ID: 1
[20:00:15.876] [DEBUG] 데이터 수신: 17 바이트, 클라이언트 ID: 1
[20:00:15.885] [DEBUG] 데이터 수신: 17 바이트, 클라이언트 ID: 1
[20:00:15.894] [DEBUG] 데이터 수신: 17 바이트, 클라이언트 ID: 1
[20:00:15.904] [DEBUG] 데이터 수신: 17 바이트, 클라이언트 ID: 1
[20:00:15.913] [DEBUG] 데이터 수신: 17 바이트, 클라이언트 ID: 1
[20:00:15.924] [DEBUG] 데이터 수신: 17 바이트, 클라이언트 ID: 1
[20:00:15.933] [DEBUG] 데이터 수신: 17 바이트, 클라이언트 ID: 1
[20:00:15.942] [DEBUG] 데이터 수신: 17 바이트, 클라이언트 ID: 1
[20:00:15.952] [DEBUG] 데이터 수신: 17 바이트, 클라이언트 ID: 1
[20:00:15.961] [DEBUG] 데이터 수신: 17 바이트, 클라이언트 ID: 1
[20:00:15.971] [DEBUG] 데이터 수신: 17 바이트, 클라이언트 ID: 1
[20:00:15.980] [DEBUG] 데이터 수신: 17 바이트, 클라이언트 ID: 1
[20:00:15.989] [DEBUG] 데이터 수신: 17 바이트, 클라이언트 ID: 1
[20:00:15.999] [DEBUG] 데이터 수신: 17 바이트, 클라이언트 ID: 1
[20:00:16.008] [DEBUG] 데이터 수신: 17 바이트, 클라이언트 ID: 1
[20:00:16.018] [DEBUG] 데이터 수신: 17 바이트, 클라이언트 ID: 1
[20:00:16.027] [DEBUG] 데이터 수신: 17 바이트, 클라이언트 ID: 1
[20:00:16.036] [DEBUG] 데이터 수신: 17 바이트, 클라이언트 ID: 1
[20:00:16.046] [DEBUG] 데이터 수신: 17 바이트, 클라이언트 ID: 1
[20:00:16.056] [DEBUG] 데이터 수신: 17 바이트, 클라이언트 ID: 1
[20:00:16.066] [DEBUG] 데이터 수신: 17 바이트, 클라이언트 ID: 1
[20:00:16.075] [DEBUG] 데이터 수신: 17 바이트, 클라이언트 ID: 1
[20:00:16.085] [DEBUG] 데이터 수신: 17 바이트, 클라이언트 ID: 1
[20:00:16.094] [DEBUG] 데이터 수신: 17 바이트, 클라이언트 ID: 1
[20:00:16.104] [DEBUG] 데이터 수신: 17 바이트, 클라이언트 ID: 1
[20:00:16.113] [DEBUG] 데이터 수신: 17 바이트, 클라이언트 ID: 1
[20:00:16.122] [DEBUG] 데이터 수신: 17 바이트, 클라이언트 ID: 1
[20:00:16.132] [DEBUG] 데이터 수신: 17 바이트, 클라이언트 ID: 1
[20:00:16.141] [DEBUG] 데이터 수신: 17 바이트, 클라이언트 ID: 1
[20:00:16.151] [DEBUG] 데이터 수신: 17 바이트, 클라이언트 ID: 1
[20:00:16.161] [DEBUG] 데이터 수신: 17 바이트, 클라이언트 ID: 1
[20:00:16.171] [DEBUG] 데이터 수신: 17 바이트, 클라이언트 ID: 1
[20:00:16.180] [DEBUG] 데이터 수신: 17 바이트, 클라이언트 ID: 1
[20:00:16.190] [DEBUG] 데이터 수신: 17 바이트, 클라이언트 ID: 1
[20:00:16.199] [DEBUG] 데이터 수신: 17 바이트, 클라이언트 ID: 1
[20:00:16.209] [DEBUG] 데이터 수신: 17 바이트, 클라이언트 ID: 1
[20:00:16.220] [DEBUG] 데이터 수신: 17 바이트, 클라이언트 ID: 1
[20:00:16.229] [DEBUG] 데이터 수신: 17 바이트, 클라이언트 ID: 1
[20:00:16.238] [DEBUG] 데이터 수신: 17 바이트, 클라이언트 ID: 1
[20:00:16.248] [DEBUG] 데이터 수신: 17 바이트, 클라이언트 ID: 1
[20:00:16.257] [DEBUG] 데이터 수신: 17 바이트, 클라이언트 ID: 1
[20:00:16.267] [DEBUG] 데이터 수신: 17 바이트, 클라이언트 ID: 1
[20:00:16.276] [DEBUG] 데이터 수신: 17 바이트, 클라이언트 ID: 1
[20:00:16.286] [DEBUG] 데이터 수신: 17 바이트, 클라이언트 ID: 1
[20:00:16.295] [DEBUG] 데이터 수신: 17 바이트, 클라이언트 ID: 1
[20:00:16.304] [DEBUG] 데이터 수신: 17 바이트, 클라이언트 ID: 1
[20:00:16.313] [DEBUG] 데이터 수신: 17 바이트, 클라이언트 ID: 1
[20:00:16.323] [DEBUG] 데이터 수신: 17 바이트, 클라이언트 ID: 1
[20:00:16.333] [DEBUG] 데이터 수신: 17 바이트, 클라이언트 ID: 1
[20:00:16.343] [DEBUG] 데이터 수신: 17 바이트, 클라이언트 ID: 1
[20:00:16.351] [DEBUG] 데이터 수신: 17 바이트, 클라이언트 ID: 1
[20:00:16.360] [DEBUG] 데이터 수신: 17 바이트, 클라이언트 ID: 1
[20:00:16.370] [DEBUG] 데이터 수신: 17 바이트, 클라이언트 ID: 1
[20:00:16.379] [DEBUG] 데이터 수신: 17 바이트, 클라이언트 ID: 1
[20:00:16.389] [DEBUG] 데이터 수신: 17 바이트, 클라이언트 ID: 1
[20:00:16.398] [DEBUG] 데이터 수신: 17 바이트, 클라이언트 ID: 1
[20:00:16.408] [DEBUG] 데이터 수신: 17 바이트, 클라이언트 ID: 1
[20:00:16.418] [DEBUG] 데이터 수신: 17 바이트, 클라이언트 ID: 1
[20:00:16.426] [DEBUG] 데이터 수신: 17 바이트, 클라이언트 ID: 1
[20:00:16.436] [DEBUG] 데이터 수신: 17 바이트, 클라이언트 ID: 1
[20:00:16.445] [DEBUG] 데이터 수신: 17 바이트, 클라이언트 ID: 1
[20:00:16.454] [DEBUG] 데이터 수신: 17 바이트, 클라이언트 ID: 1
[20:00:16.464] [DEBUG] 데이터 수신: 17 바이트, 클라이언트 ID: 1
[20:00:16.473] [DEBUG] 데이터 수신: 17 바이트, 클라이언트 ID: 1
[20:00:16.482] [DEBUG] 데이터 수신: 17 바이트, 클라이언트 ID: 1
[20:00:16.491] [DEBUG] 데이터 수신: 17 바이트, 클라이언트 ID: 1
[20:00:16.501] [DEBUG] 데이터 수신: 17 바이트, 클라이언트 ID: 1
[20:00:16.510] [DEBUG] 데이터 수신: 17 바이트, 클라이언트 ID: 1
[20:00:16.520] [DEBUG] 데이터 수신: 17 바이트, 클라이언트 ID: 1
[20:00:16.529] [DEBUG] 데이터 수신: 17 바이트, 클라이언트 ID: 1
[20:00:16.538] [DEBUG] 데이터 수신: 17 바이트, 클라이언트 ID: 1
[20:00:16.547] [DEBUG] 데이터 수신: 17 바이트, 클라이언트 ID: 1
[20:00:16.556] [DEBUG] 데이터 수신: 17 바이트, 클라이언트 ID: 1
[20:00:16.566] [DEBUG] 데이터 수신: 17 바이트, 클라이언트 ID: 1
[20:00:16.575] [DEBUG] 데이터 수신: 17 바이트, 클라이언트 ID: 1
[20:00:16.585] [DEBUG] 데이터 수신: 17 바이트, 클라이언트 ID: 1
[20:00:16.595] [DEBUG] 데이터 수신: 17 바이트, 클라이언트 ID: 1
[20:00:16.603] [DEBUG] 데이터 수신: 17 바이트, 클라이언트 ID: 1
[20:00:16.613] [DEBUG] 데이터 수신: 17 바이트, 클라이언트 ID: 1
[20:00:16.622] [DEBUG] 데이터 수신: 17 바이트, 클라이언트 ID: 1
[20:00:16.631] [DEBUG] 데이터 수신: 17 바이트, 클라이언트 ID: 1
[20:00:16.641] [DEBUG] 데이터 수신: 17 바이트, 클라이언트 ID: 1
[20:00:16.649] [DEBUG] 데이터 수신: 17 바이트, 클라이언트 ID: 1
[20:00:16.658] [DEBUG] 데이터 수신: 17 바이트, 클라이언트 ID: 1
[20:00:16.666] [DEBUG] 데이터 수신: 17 바이트, 클라이언트 ID: 1
[20:00:16.675] [DEBUG] 데이터 수신: 17 바이트, 클라이언트 ID: 1
[20:00:16.684] [DEBUG] 데이터 수신: 17 바이트, 클라이언트 ID: 1
[20:00:16.693] [DEBUG] 데이터 수신: 17 바이트, 클라이언트 ID: 1
[20:00:16.701] [DEBUG] 데이터 수신: 17 바이트, 클라이언트 ID: 1
[20:00:16.709] [DEBUG] 데이터 수신: 17 바이트, 클라이언트 ID: 1
[20:00:16.718] [DEBUG] 데이터 수신: 17 바이트, 클라이언트 ID: 1
[20:00:16.726] [DEBUG] 데이터 수신: 17 바이트, 클라이언트 ID: 1
[20:00:16.734] [DEBUG] 데이터 수신: 17 바이트, 클라이언트 ID: 1
[20:00:16.743] [DEBUG] 데이터 수신: 17 바이트, 클라이언트 ID: 1
[20:00:16.752] [DEBUG] 데이터 수신: 17 바이트, 클라이언트 ID: 1
[20:00:16.760] [DEBUG] 데이터 수신: 17 바이트, 클라이언트 ID: 1
[20:00:16.769] [DEBUG] 데이터 수신: 17 바이트, 클라이언트 ID: 1
[20:00:16.777] [DEBUG] 데이터 수신: 17 바이트, 클라이언트 ID: 1
[20:00:16.787] [DEBUG] 데이터 수신: 17 바이트, 클라이언트 ID: 1
[20:00:16.796] [DEBUG] 데이터 수신: 17 바이트, 클라이언트 ID: 1
[20:00:16.804] [DEBUG] 데이터 수신: 17 바이트, 클라이언트 ID: 1
[20:00:16.813] [DEBUG] 데이터 수신: 17 바이트, 클라이언트 ID: 1
[20:00:16.821] [DEBUG] 데이터 수신: 17 바이트, 클라이언트 ID: 1
[20:00:16.830] [DEBUG] 데이터 수신: 17 바이트, 클라이언트 ID: 1
[20:00:16.839] [DEBUG] 데이터 수신: 17 바이트, 클라이언트 ID: 1
[20:00:16.847] [DEBUG] 데이터 수신: 17 바이트, 클라이언트 ID: 1
[20:00:16.856] [DEBUG] 데이터 수신: 17 바이트, 클라이언트 ID: 1
[20:00:16.865] [DEBUG] 데이터 수신: 17 바이트, 클라이언트 ID: 1
[20:00:16.873] [DEBUG] 데이터 수신: 17 바이트, 클라이언트 ID: 1
[20:00:16.883] [DEBUG] 데이터 수신: 17 바이트, 클라이언트 ID: 1
[20:00:16.891] [DEBUG] 데이터 수신: 17 바이트, 클라이언트 ID: 1
[20:00:16.900] [DEBUG] 데이터 수신: 17 바이트, 클라이언트 ID: 1
[20:00:16.909] [DEBUG] 데이터 수신: 17 바이트, 클라이언트 ID: 1
[20:00:16.918] [DEBUG] 데이터 수신: 17 바이트, 클라이언트 ID: 1
[20:00:16.926] [DEBUG] 데이터 수신: 17 바이트, 클라이언트 ID: 1
[20:00:16.935] [DEBUG] 데이터 수신: 17 바이트, 클라이언트 ID: 1
[20:00:16.943] [DEBUG] 데이터 수신: 17 바이트, 클라이언트 ID: 1
[20:00:16.952] [DEBUG] 데이터 수신: 17 바이트, 클라이언트 ID: 1
[20:00:16.961] [DEBUG] 데이터 수신: 17 바이트, 클라이언트 ID: 1
[20:00:16.971] [DEBUG] 데이터 수신: 17 바이트, 클라이언트 ID: 1
[20:00:16.980] [DEBUG] 데이터 수신: 17 바이트, 클라이언트 ID: 1
[20:00:16.989] [DEBUG] 데이터 수신: 17 바이트, 클라이언트 ID: 1
[20:00:16.998] [DEBUG] 데이터 수신: 17 바이트, 클라이언트 ID: 1
[20:00:17.007] [DEBUG] 데이터 수신: 17 바이트, 클라이언트 ID: 1
[20:00:17.016] [DEBUG] 데이터 수신: 17 바이트, 클라이언트 ID: 1
[20:00:17.025] [DEBUG] 데이터 수신: 17 바이트, 클라이언트 ID: 1
[20:00:17.034] [DEBUG] 데이터 수신: 17 바이트, 클라이언트 ID: 1
[20:00:17.043] [DEBUG] 데이터 수신: 17 바이트, 클라이언트 ID: 1
[20:00:17.053] [DEBUG] 데이터 수신: 17 바이트, 클라이언트 ID: 1
[20:00:17.062] [DEBUG] 데이터 수신: 17 바이트, 클라이언트 ID: 1
[20:00:17.072] [DEBUG] 데이터 수신: 17 바이트, 클라이언트 ID: 1
[20:00:17.080] [DEBUG] 데이터 수신: 17 바이트, 클라이언트 ID: 1
[20:00:17.089] [DEBUG] 데이터 수신: 17 바이트, 클라이언트 ID: 1
[20:00:17.098] [DEBUG] 데이터 수신: 17 바이트, 클라이언트 ID: 1
[20:00:17.107] [DEBUG] 데이터 수신: 17 바이트, 클라이언트 ID: 1
[20:00:17.116] [DEBUG] 데이터 수신: 17 바이트, 클라이언트 ID: 1
[20:00:17.125] [DEBUG] 데이터 수신: 17 바이트, 클라이언트 ID: 1
[20:00:17.134] [DEBUG] 데이터 수신: 17 바이트, 클라이언트 ID: 1
[20:00:17.143] [DEBUG] 데이터 수신: 17 바이트, 클라이언트 ID: 1
[20:00:17.152] [DEBUG] 데이터 수신: 17 바이트, 클라이언트 ID: 1
[20:00:17.160] [DEBUG] 데이터 수신: 17 바이트, 클라이언트 ID: 1
[20:00:17.170] [DEBUG] 데이터 수신: 17 바이트, 클라이언트 ID: 1
[20:00:17.184] [DEBUG] 데이터 수신: 17 바이트, 클라이언트 ID: 1
[20:00:17.191] [DEBUG] 데이터 수신: 17 바이트, 클라이언트 ID: 1
[20:00:17.199] [DEBUG] 데이터 수신: 17 바이트, 클라이언트 ID: 1
[20:00:17.208] [DEBUG] 데이터 수신: 17 바이트, 클라이언트 ID: 1
[20:00:17.216] [DEBUG] 데이터 수신: 17 바이트, 클라이언트 ID: 1
[20:00:17.224] [DEBUG] 데이터 수신: 17 바이트, 클라이언트 ID: 1
[20:00:17.233] [DEBUG] 데이터 수신: 17 바이트, 클라이언트 ID: 1
[20:00:17.241] [DEBUG] 데이터 수신: 17 바이트, 클라이언트 ID: 1
[20:00:17.251] [DEBUG] 데이터 수신: 17 바이트, 클라이언트 ID: 1
[20:00:17.259] [DEBUG] 데이터 수신: 17 바이트, 클라이언트 ID: 1
[20:00:17.268] [DEBUG] 데이터 수신: 17 바이트, 클라이언트 ID: 1
[20:00:17.277] [DEBUG] 데이터 수신: 17 바이트, 클라이언트 ID: 1
[20:00:17.286] [DEBUG] 데이터 수신: 17 바이트, 클라이언트 ID: 1
[20:00:17.295] [DEBUG] 데이터 수신: 17 바이트, 클라이언트 ID: 1
[20:00:17.304] [DEBUG] 데이터 수신: 17 바이트, 클라이언트 ID: 1
[20:00:17.313] [DEBUG] 데이터 수신: 17 바이트, 클라이언트 ID: 1
[20:00:17.321] [DEBUG] 데이터 수신: 17 바이트, 클라이언트 ID: 1
[20:00:17.330] [DEBUG] 데이터 수신: 17 바이트, 클라이언트 ID: 1
[20:00:17.348] [DEBUG] 데이터 수신: 17 바이트, 클라이언트 ID: 1
[20:00:17.358] [DEBUG] 데이터 수신: 17 바이트, 클라이언트 ID: 1
[20:00:17.367] [DEBUG] 데이터 수신: 17 바이트, 클라이언트 ID: 1
[20:00:17.380] [DEBUG] 데이터 수신: 17 바이트, 클라이언트 ID: 1
[20:00:17.389] [DEBUG] 데이터 수신: 17 바이트, 클라이언트 ID: 1
[20:00:17.397] [DEBUG] 데이터 수신: 17 바이트, 클라이언트 ID: 1
[20:00:17.405] [DEBUG] 데이터 수신: 17 바이트, 클라이언트 ID: 1
[20:00:17.413] [DEBUG] 데이터 수신: 17 바이트, 클라이언트 ID: 1
[20:00:17.422] [DEBUG] 데이터 수신: 17 바이트, 클라이언트 ID: 1
[20:00:17.430] [DEBUG] 데이터 수신: 17 바이트, 클라이언트 ID: 1
[20:00:17.439] [DEBUG] 데이터 수신: 17 바이트, 클라이언트 ID: 1
[20:00:17.447] [DEBUG] 데이터 수신: 17 바이트, 클라이언트 ID: 1
[20:00:17.456] [DEBUG] 데이터 수신: 17 바이트, 클라이언트 ID: 1
[20:00:17.466] [DEBUG] 데이터 수신: 17 바이트, 클라이언트 ID: 1
[20:00:17.475] [DEBUG] 데이터 수신: 17 바이트, 클라이언트 ID: 1
[20:00:17.484] [DEBUG] 데이터 수신: 17 바이트, 클라이언트 ID: 1
[20:00:17.493] [DEBUG] 데이터 수신: 17 바이트, 클라이언트 ID: 1
[20:00:17.502] [DEBUG] 데이터 수신: 17 바이트, 클라이언트 ID: 1
[20:00:17.511] [DEBUG] 데이터 수신: 17 바이트, 클라이언트 ID: 1
[20:00:17.520] [DEBUG] 데이터 수신: 17 바이트, 클라이언트 ID: 1
[20:00:17.529] [DEBUG] 데이터 수신: 17 바이트, 클라이언트 ID: 1
[20:00:17.538] [DEBUG] 데이터 수신: 17 바이트, 클라이언트 ID: 1
[20:00:17.547] [DEBUG] 데이터 수신: 17 바이트, 클라이언트 ID: 1
[20:00:17.556] [DEBUG] 데이터 수신: 17 바이트, 클라이언트 ID: 1
[20:00:17.565] [DEBUG] 데이터 수신: 17 바이트, 클라이언트 ID: 1
[20:00:17.574] [DEBUG] 데이터 수신: 17 바이트, 클라이언트 ID: 1
[20:00:17.583] [DEBUG] 데이터 수신: 17 바이트, 클라이언트 ID: 1
[20:00:17.593] [DEBUG] 데이터 수신: 17 바이트, 클라이언트 ID: 1
[20:00:17.601] [DEBUG] 데이터 수신: 17 바이트, 클라이언트 ID: 1
[20:00:17.610] [DEBUG] 데이터 수신: 17 바이트, 클라이언트 ID: 1
[20:00:17.620] [DEBUG] 데이터 수신: 17 바이트, 클라이언트 ID: 1
[20:00:17.629] [DEBUG] 데이터 수신: 17 바이트, 클라이언트 ID: 1
[20:00:17.638] [DEBUG] 데이터 수신: 17 바이트, 클라이언트 ID: 1
[20:00:17.647] [DEBUG] 데이터 수신: 17 바이트, 클라이언트 ID: 1
[20:00:17.656] [DEBUG] 데이터 수신: 17 바이트, 클라이언트 ID: 1
[20:00:17.664] [DEBUG] 데이터 수신: 17 바이트, 클라이언트 ID: 1
[20:00:17.673] [DEBUG] 데이터 수신: 17 바이트, 클라이언트 ID: 1
[20:00:17.682] [DEBUG] 데이터 수신: 17 바이트, 클라이언트 ID: 1
[20:00:17.692] [DEBUG] 데이터 수신: 17 바이트, 클라이언트 ID: 1
[20:00:17.701] [DEBUG] 데이터 수신: 17 바이트, 클라이언트 ID: 1
[20:00:17.711] [DEBUG] 데이터 수신: 17 바이트, 클라이언트 ID: 1
[20:00:17.720] [DEBUG] 데이터 수신: 17 바이트, 클라이언트 ID: 1
[20:00:17.729] [DEBUG] 데이터 수신: 17 바이트, 클라이언트 ID: 1
[20:00:17.738] [DEBUG] 데이터 수신: 17 바이트, 클라이언트 ID: 1
[20:00:17.748] [DEBUG] 데이터 수신: 17 바이트, 클라이언트 ID: 1
[20:00:17.756] [DEBUG] 데이터 수신: 17 바이트, 클라이언트 ID: 1
[20:00:17.765] [DEBUG] 데이터 수신: 17 바이트, 클라이언트 ID: 1
[20:00:17.774] [DEBUG] 데이터 수신: 17 바이트, 클라이언트 ID: 1
[20:00:17.784] [DEBUG] 데이터 수신: 17 바이트, 클라이언트 ID: 1
[20:00:17.793] [DEBUG] 데이터 수신: 17 바이트, 클라이언트 ID: 1
[20:00:17.802] [DEBUG] 데이터 수신: 17 바이트, 클라이언트 ID: 1
[20:00:17.811] [DEBUG] 데이터 수신: 17 바이트, 클라이언트 ID: 1
[20:00:17.821] [DEBUG] 데이터 수신: 17 바이트, 클라이언트 ID: 1
[20:00:17.830] [DEBUG] 데이터 수신: 17 바이트, 클라이언트 ID: 1
[20:00:17.839] [DEBUG] 데이터 수신: 17 바이트, 클라이언트 ID: 1
[20:00:17.849] [DEBUG] 데이터 수신: 17 바이트, 클라이언트 ID: 1
[20:00:17.858] [DEBUG] 데이터 수신: 17 바이트, 클라이언트 ID: 1
[20:00:17.867] [DEBUG] 데이터 수신: 17 바이트, 클라이언트 ID: 1
[20:00:17.876] [DEBUG] 데이터 수신: 17 바이트, 클라이언트 ID: 1
[20:00:17.885] [DEBUG] 데이터 수신: 17 바이트, 클라이언트 ID: 1
[20:00:17.894] [DEBUG] 데이터 수신: 17 바이트, 클라이언트 ID: 1
[20:00:17.903] [DEBUG] 데이터 수신: 17 바이트, 클라이언트 ID: 1
[20:00:17.913] [DEBUG] 데이터 수신: 17 바이트, 클라이언트 ID: 1
[20:00:17.922] [DEBUG] 데이터 수신: 17 바이트, 클라이언트 ID: 1
[20:00:17.931] [DEBUG] 데이터 수신: 17 바이트, 클라이언트 ID: 1
[20:00:17.940] [DEBUG] 데이터 수신: 17 바이트, 클라이언트 ID: 1
[20:00:17.949] [DEBUG] 데이터 수신: 17 바이트, 클라이언트 ID: 1
[20:00:17.958] [DEBUG] 데이터 수신: 17 바이트, 클라이언트 ID: 1
[20:00:17.967] [DEBUG] 데이터 수신: 17 바이트, 클라이언트 ID: 1
[20:00:17.976] [DEBUG] 데이터 수신: 17 바이트, 클라이언트 ID: 1
[20:00:17.986] [DEBUG] 데이터 수신: 17 바이트, 클라이언트 ID: 1
[20:00:17.995] [DEBUG] 데이터 수신: 17 바이트, 클라이언트 ID: 1
[20:00:18.004] [DEBUG] 데이터 수신: 17 바이트, 클라이언트 ID: 1
[20:00:18.013] [DEBUG] 데이터 수신: 17 바이트, 클라이언트 ID: 1
[20:00:18.023] [DEBUG] 데이터 수신: 17 바이트, 클라이언트 ID: 1
[20:00:18.033] [DEBUG] 데이터 수신: 17 바이트, 클라이언트 ID: 1
[20:00:18.042] [DEBUG] 데이터 수신: 17 바이트, 클라이언트 ID: 1
[20:00:18.052] [DEBUG] 데이터 수신: 17 바이트, 클라이언트 ID: 1
[20:00:18.060] [DEBUG] 데이터 수신: 17 바이트, 클라이언트 ID: 1
[20:00:18.070] [DEBUG] 데이터 수신: 17 바이트, 클라이언트 ID: 1
[20:00:18.079] [DEBUG] 데이터 수신: 17 바이트, 클라이언트 ID: 1
[20:00:18.088] [DEBUG] 데이터 수신: 17 바이트, 클라이언트 ID: 1
[20:00:18.097] [DEBUG] 데이터 수신: 17 바이트, 클라이언트 ID: 1
[20:00:18.106] [DEBUG] 데이터 수신: 17 바이트, 클라이언트 ID: 1
[20:00:18.115] [DEBUG] 데이터 수신: 17 바이트, 클라이언트 ID: 1
[20:00:18.124] [DEBUG] 데이터 수신: 17 바이트, 클라이언트 ID: 1
[20:00:18.133] [DEBUG] 데이터 수신: 17 바이트, 클라이언트 ID: 1
[20:00:18.143] [DEBUG] 데이터 수신: 17 바이트, 클라이언트 ID: 1
[20:00:18.198] [INFO] 클라이언트가 정상적으로 연결 종료 - ID: 1
[20:00:18.198] [INFO] 클라이언트 연결 끊김 (ID: 1)
[20:00:18.199] [INFO] 클라이언트 연결 끊김 알림(ID: 1) - 수신자 수: 0
