[00:10:47.805] [INFO] 로깅 시스템 초기화됨
[00:10:47.806] [INFO] 서버 인스턴스 생성됨
[00:10:47.806] [INFO] 서버 초기화 시작 (포트: 9000)
[00:10:47.807] [INFO] 윈속 초기화 성공
[00:10:47.807] [INFO] 리스닝 소켓 생성 성공
[00:10:47.808] [INFO] 소켓 바인딩 성공 (포트: 9000)
[00:10:47.808] [INFO] 리스닝 시작됨
[00:10:47.808] [INFO] IOCP 생성 성공
[00:10:47.808] [INFO] CPU 코어 수: 16, 생성할 작업자 스레드: 32
[00:10:47.808] [INFO] 작업자 스레드 #1 생성됨
[00:10:47.808] [INFO] 작업자 스레드 시작 (ThreadID: 32424)
[00:10:47.809] [INFO] 작업자 스레드 #2 생성됨
[00:10:47.809] [INFO] 작업자 스레드 시작 (ThreadID: 9100)
[00:10:47.817] [INFO] 작업자 스레드 #3 생성됨
[00:10:47.817] [INFO] 작업자 스레드 시작 (ThreadID: 19236)
[00:10:47.817] [INFO] 작업자 스레드 #4 생성됨
[00:10:47.817] [INFO] 작업자 스레드 시작 (ThreadID: 34288)
[00:10:47.818] [INFO] 작업자 스레드 #5 생성됨
[00:10:47.818] [INFO] 작업자 스레드 시작 (ThreadID: 23172)
[00:10:47.818] [INFO] 작업자 스레드 #6 생성됨
[00:10:47.818] [INFO] 작업자 스레드 시작 (ThreadID: 19836)
[00:10:47.818] [INFO] 작업자 스레드 #7 생성됨
[00:10:47.818] [INFO] 작업자 스레드 시작 (ThreadID: 23120)
[00:10:47.819] [INFO] 작업자 스레드 #8 생성됨
[00:10:47.819] [INFO] 작업자 스레드 시작 (ThreadID: 7812)
[00:10:47.819] [INFO] 작업자 스레드 #9 생성됨
[00:10:47.819] [INFO] 작업자 스레드 시작 (ThreadID: 27628)
[00:10:47.819] [INFO] 작업자 스레드 #10 생성됨
[00:10:47.820] [INFO] 작업자 스레드 시작 (ThreadID: 20872)
[00:10:47.820] [INFO] 작업자 스레드 #11 생성됨
[00:10:47.820] [INFO] 작업자 스레드 시작 (ThreadID: 25264)
[00:10:47.820] [INFO] 작업자 스레드 #12 생성됨
[00:10:47.820] [INFO] 작업자 스레드 시작 (ThreadID: 12412)
[00:10:47.821] [INFO] 작업자 스레드 #13 생성됨
[00:10:47.821] [INFO] 작업자 스레드 시작 (ThreadID: 20912)
[00:10:47.821] [INFO] 작업자 스레드 #14 생성됨
[00:10:47.821] [INFO] 작업자 스레드 시작 (ThreadID: 7016)
[00:10:47.821] [INFO] 작업자 스레드 #15 생성됨
[00:10:47.821] [INFO] 작업자 스레드 시작 (ThreadID: 744)
[00:10:47.822] [INFO] 작업자 스레드 #16 생성됨
[00:10:47.822] [INFO] 작업자 스레드 시작 (ThreadID: 25308)
[00:10:47.822] [INFO] 작업자 스레드 #17 생성됨
[00:10:47.822] [INFO] 작업자 스레드 시작 (ThreadID: 33504)
[00:10:47.822] [INFO] 작업자 스레드 #18 생성됨
[00:10:47.822] [INFO] 작업자 스레드 시작 (ThreadID: 27296)
[00:10:47.822] [INFO] 작업자 스레드 #19 생성됨
[00:10:47.823] [INFO] 작업자 스레드 시작 (ThreadID: 27248)
[00:10:47.823] [INFO] 작업자 스레드 #20 생성됨
[00:10:47.823] [INFO] 작업자 스레드 시작 (ThreadID: 26684)
[00:10:47.823] [INFO] 작업자 스레드 #21 생성됨
[00:10:47.823] [INFO] 작업자 스레드 시작 (ThreadID: 27104)
[00:10:47.823] [INFO] 작업자 스레드 #22 생성됨
[00:10:47.824] [INFO] 작업자 스레드 시작 (ThreadID: 30404)
[00:10:47.824] [INFO] 작업자 스레드 #23 생성됨
[00:10:47.824] [INFO] 작업자 스레드 시작 (ThreadID: 14196)
[00:10:47.824] [INFO] 작업자 스레드 #24 생성됨
[00:10:47.824] [INFO] 작업자 스레드 시작 (ThreadID: 13144)
[00:10:47.824] [INFO] 작업자 스레드 #25 생성됨
[00:10:47.825] [INFO] 작업자 스레드 시작 (ThreadID: 31892)
[00:10:47.825] [INFO] 작업자 스레드 #26 생성됨
[00:10:47.825] [INFO] 작업자 스레드 시작 (ThreadID: 32848)
[00:10:47.825] [INFO] 작업자 스레드 #27 생성됨
[00:10:47.825] [INFO] 작업자 스레드 시작 (ThreadID: 18892)
[00:10:47.825] [INFO] 작업자 스레드 #28 생성됨
[00:10:47.826] [INFO] 작업자 스레드 시작 (ThreadID: 29056)
[00:10:47.826] [INFO] 작업자 스레드 #29 생성됨
[00:10:47.826] [INFO] 작업자 스레드 시작 (ThreadID: 22580)
[00:10:47.826] [INFO] 작업자 스레드 #30 생성됨
[00:10:47.826] [INFO] 작업자 스레드 시작 (ThreadID: 26740)
[00:10:47.826] [INFO] 작업자 스레드 #31 생성됨
[00:10:47.827] [INFO] 작업자 스레드 시작 (ThreadID: 10408)
[00:10:47.827] [INFO] 작업자 스레드 #32 생성됨
[00:10:47.827] [INFO] 작업자 스레드 시작 (ThreadID: 29632)
[00:10:47.827] [INFO] 서버 초기화 완료
[00:10:47.827] [INFO] 서버 실행. 포트 번호: 9000
[00:10:47.827] [INFO] IOCP 멀티플레이어 서버 시작됨...
[00:10:47.827] [INFO] 서버 실행 시작
[00:10:51.663] [INFO] 클라이언트 연결됨: 127.0.0.1:10046 (ID: 1)
[00:10:51.663] [INFO] 새 클라이언트에게 ID 1 전송됨
[00:10:51.664] [INFO] 새 플레이어 정보(ID: 1) 브로드캐스트 - 수신자 수: 0
[00:10:51.664] [INFO] 기존 플레이어 정보 0개가 새 클라이언트(ID: 1)에게 전송됨
[00:10:51.664] [INFO] 서버 FPS: 0.522466, 평균 프레임 시간: 382.800018ms, 클라이언트 수: 1
[00:10:51.664] [INFO] 클라이언트 연결됨: 127.0.0.1:10047 (ID: 2)
[00:10:51.665] [INFO] 새 클라이언트에게 ID 2 전송됨
[00:10:51.665] [INFO] 새 플레이어 정보(ID: 2) 브로드캐스트 - 수신자 수: 1
[00:10:51.665] [INFO] 기존 플레이어 정보 1개가 새 클라이언트(ID: 2)에게 전송됨
[00:10:51.666] [WARNING] 비정상적으로 긴 델타 타임: 3.828000초
[00:11:06.758] [INFO] 클라이언트가 정상적으로 연결 종료 - ID: 2
[00:11:06.758] [INFO] 클라이언트 연결 끊김 (ID: 2)
[00:11:06.759] [INFO] 클라이언트 연결 끊김 알림(ID: 2) - 수신자 수: 1
[00:11:06.778] [INFO] 클라이언트 연결 중단 - ID: 1, 오류: 알 수 없는 오류: 64
[00:11:06.778] [INFO] 클라이언트 연결 끊김 (ID: 1)
[00:11:06.779] [INFO] 클라이언트 연결 끊김 알림(ID: 1) - 수신자 수: 0
