[13:34:28.036] [INFO] 로깅 시스템 초기화됨
[13:34:28.036] [INFO] 서버 인스턴스 생성됨
[13:34:28.036] [INFO] 서버 초기화 시작 (포트: 9000)
[13:34:28.037] [INFO] 윈속 초기화 성공
[13:34:28.038] [INFO] 리스닝 소켓 생성 성공
[13:34:28.038] [INFO] 소켓 바인딩 성공 (포트: 9000)
[13:34:28.039] [INFO] 리스닝 시작됨
[13:34:28.039] [INFO] IOCP 생성 성공
[13:34:28.039] [INFO] CPU 코어 수: 16, 생성할 작업자 스레드: 32
[13:34:28.039] [INFO] 작업자 스레드 #1 생성됨
[13:34:28.039] [INFO] 작업자 스레드 시작 (ThreadID: 28632)
[13:34:28.040] [INFO] 작업자 스레드 #2 생성됨
[13:34:28.040] [INFO] 작업자 스레드 시작 (ThreadID: 22056)
[13:34:28.040] [INFO] 작업자 스레드 #3 생성됨
[13:34:28.041] [INFO] 작업자 스레드 시작 (ThreadID: 9508)
[13:34:28.041] [INFO] 작업자 스레드 #4 생성됨
[13:34:28.041] [INFO] 작업자 스레드 시작 (ThreadID: 26928)
[13:34:28.041] [INFO] 작업자 스레드 #5 생성됨
[13:34:28.041] [INFO] 작업자 스레드 시작 (ThreadID: 24428)
[13:34:28.042] [INFO] 작업자 스레드 #6 생성됨
[13:34:28.042] [INFO] 작업자 스레드 시작 (ThreadID: 27232)
[13:34:28.042] [INFO] 작업자 스레드 #7 생성됨
[13:34:28.042] [INFO] 작업자 스레드 시작 (ThreadID: 25736)
[13:34:28.043] [INFO] 작업자 스레드 #8 생성됨
[13:34:28.043] [INFO] 작업자 스레드 시작 (ThreadID: 27244)
[13:34:28.043] [INFO] 작업자 스레드 #9 생성됨
[13:34:28.043] [INFO] 작업자 스레드 시작 (ThreadID: 23108)
[13:34:28.044] [INFO] 작업자 스레드 #10 생성됨
[13:34:28.044] [INFO] 작업자 스레드 시작 (ThreadID: 12496)
[13:34:28.044] [INFO] 작업자 스레드 #11 생성됨
[13:34:28.044] [INFO] 작업자 스레드 시작 (ThreadID: 20076)
[13:34:28.045] [INFO] 작업자 스레드 #12 생성됨
[13:34:28.045] [INFO] 작업자 스레드 시작 (ThreadID: 8796)
[13:34:28.045] [INFO] 작업자 스레드 #13 생성됨
[13:34:28.045] [INFO] 작업자 스레드 시작 (ThreadID: 11456)
[13:34:28.046] [INFO] 작업자 스레드 #14 생성됨
[13:34:28.046] [INFO] 작업자 스레드 시작 (ThreadID: 23388)
[13:34:28.046] [INFO] 작업자 스레드 #15 생성됨
[13:34:28.046] [INFO] 작업자 스레드 시작 (ThreadID: 20248)
[13:34:28.047] [INFO] 작업자 스레드 시작 (ThreadID: 14868)
[13:34:28.047] [INFO] 작업자 스레드 #16 생성됨
[13:34:28.047] [INFO] 작업자 스레드 #17 생성됨
[13:34:28.047] [INFO] 작업자 스레드 시작 (ThreadID: 9872)
[13:34:28.048] [INFO] 작업자 스레드 #18 생성됨
[13:34:28.048] [INFO] 작업자 스레드 시작 (ThreadID: 28516)
[13:34:28.048] [INFO] 작업자 스레드 #19 생성됨
[13:34:28.049] [INFO] 작업자 스레드 시작 (ThreadID: 6476)
[13:34:28.049] [INFO] 작업자 스레드 #20 생성됨
[13:34:28.049] [INFO] 작업자 스레드 시작 (ThreadID: 25648)
[13:34:28.050] [INFO] 작업자 스레드 #21 생성됨
[13:34:28.050] [INFO] 작업자 스레드 시작 (ThreadID: 14308)
[13:34:28.050] [INFO] 작업자 스레드 #22 생성됨
[13:34:28.050] [INFO] 작업자 스레드 시작 (ThreadID: 27224)
[13:34:28.050] [INFO] 작업자 스레드 #23 생성됨
[13:34:28.051] [INFO] 작업자 스레드 시작 (ThreadID: 7700)
[13:34:28.051] [INFO] 작업자 스레드 #24 생성됨
[13:34:28.051] [INFO] 작업자 스레드 시작 (ThreadID: 28004)
[13:34:28.052] [INFO] 작업자 스레드 #25 생성됨
[13:34:28.052] [INFO] 작업자 스레드 시작 (ThreadID: 20484)
[13:34:28.052] [INFO] 작업자 스레드 #26 생성됨
[13:34:28.052] [INFO] 작업자 스레드 시작 (ThreadID: 9188)
[13:34:28.052] [INFO] 작업자 스레드 #27 생성됨
[13:34:28.053] [INFO] 작업자 스레드 시작 (ThreadID: 27080)
[13:34:28.053] [INFO] 작업자 스레드 #28 생성됨
[13:34:28.053] [INFO] 작업자 스레드 시작 (ThreadID: 23052)
[13:34:28.054] [INFO] 작업자 스레드 #29 생성됨
[13:34:28.054] [INFO] 작업자 스레드 시작 (ThreadID: 28268)
[13:34:28.054] [INFO] 작업자 스레드 #30 생성됨
[13:34:28.054] [INFO] 작업자 스레드 시작 (ThreadID: 25328)
[13:34:28.055] [INFO] 작업자 스레드 #31 생성됨
[13:34:28.055] [INFO] 작업자 스레드 시작 (ThreadID: 27536)
[13:34:28.055] [INFO] 작업자 스레드 #32 생성됨
[13:34:28.055] [INFO] 작업자 스레드 시작 (ThreadID: 10824)
[13:34:28.055] [INFO] 서버 초기화 완료
[13:34:28.055] [INFO] 서버 실행. 포트 번호: 9000
[13:34:28.056] [INFO] IOCP 멀티플레이어 서버 시작됨...
[13:34:28.056] [INFO] 서버 실행 시작
[13:34:31.799] [INFO] 클라이언트 연결됨: 127.0.0.1:7353 (ID: 1)
[13:34:31.799] [INFO] 새 클라이언트에게 ID 1 전송됨
[13:34:31.799] [INFO] 새 플레이어 정보(ID: 1) 브로드캐스트 - 수신자 수: 0
[13:34:31.800] [INFO] 기존 플레이어 정보 0개가 새 클라이언트(ID: 1)에게 전송됨
[13:34:31.800] [INFO] 서버 FPS: 0.533333, 평균 프레임 시간: 375.000000ms, 클라이언트 수: 1
[13:34:31.800] [INFO] 클라이언트 연결됨: 127.0.0.1:7354 (ID: 2)
[13:34:31.800] [INFO] 새 클라이언트에게 ID 2 전송됨
[13:34:31.800] [INFO] 새 플레이어 정보(ID: 2) 브로드캐스트 - 수신자 수: 1
[13:34:31.801] [INFO] 기존 플레이어 정보 1개가 새 클라이언트(ID: 2)에게 전송됨
[13:34:31.801] [WARNING] 비정상적으로 긴 델타 타임: 3.750000초
[13:34:32.805] [INFO] [서버] PingPacket 수신 - ClientId: 1
[13:34:32.805] [INFO] [서버] PingPacket 수신 - ClientId: 2
[13:34:33.812] [INFO] [서버] PingPacket 수신 - ClientId: 1
[13:34:33.813] [INFO] [서버] PingPacket 수신 - ClientId: 2
[13:34:34.812] [INFO] [서버] PingPacket 수신 - ClientId: 1
[13:34:34.813] [INFO] [서버] PingPacket 수신 - ClientId: 2
[13:34:35.815] [INFO] [서버] PingPacket 수신 - ClientId: 1
[13:34:35.815] [INFO] [서버] PingPacket 수신 - ClientId: 2
[13:34:36.816] [INFO] [서버] PingPacket 수신 - ClientId: 1
[13:34:36.817] [INFO] [서버] PingPacket 수신 - ClientId: 2
[13:34:37.821] [INFO] [서버] PingPacket 수신 - ClientId: 1
[13:34:37.822] [INFO] [서버] PingPacket 수신 - ClientId: 2
[13:34:38.823] [INFO] [서버] PingPacket 수신 - ClientId: 1
[13:34:38.823] [INFO] [서버] PingPacket 수신 - ClientId: 2
[13:35:24.324] [INFO] 클라이언트 연결됨: 127.0.0.1:7367 (ID: 3)
[13:35:24.324] [INFO] 새 클라이언트에게 ID 3 전송됨
[13:35:24.325] [INFO] 새 플레이어 정보(ID: 3) 브로드캐스트 - 수신자 수: 2
[13:35:24.325] [INFO] 기존 플레이어 정보 2개가 새 클라이언트(ID: 3)에게 전송됨
[13:35:24.325] [WARNING] 클라이언트 Ping 타임아웃 발생 - ID: 1
[13:35:24.325] [INFO] 클라이언트 연결 중단 - ID: 1, 오류: 알 수 없는 오류: 1236
[13:35:24.326] [WARNING] 클라이언트 Ping 타임아웃 발생 - ID: 2
[13:35:24.326] [INFO] 클라이언트 연결 중단 - ID: -572662307, 오류: 알 수 없는 오류: 1236
[13:35:24.326] [WARNING] 존재하지 않는 클라이언트 ID를 제거하려고 시도: -572662307
[13:35:24.326] [INFO] 서버 FPS: 0.038084, 평균 프레임 시간: 5553.750000ms, 클라이언트 수: 1
[13:35:24.326] [WARNING] 존재하지 않는 클라이언트 ID를 제거하려고 시도: -572662307
[13:35:24.327] [INFO] 클라이언트 연결됨: 127.0.0.1:7368 (ID: 4)
[13:35:24.327] [INFO] 새 클라이언트에게 ID 4 전송됨
[13:35:24.327] [INFO] 새 플레이어 정보(ID: 4) 브로드캐스트 - 수신자 수: 1
[13:35:24.327] [INFO] 기존 플레이어 정보 1개가 새 클라이언트(ID: 4)에게 전송됨
[13:35:24.327] [WARNING] 비정상적으로 긴 델타 타임: 52.500000초
[13:35:25.325] [INFO] [서버] PingPacket 수신 - ClientId: 3
[13:35:25.326] [INFO] [서버] PingPacket 수신 - ClientId: 4
[13:35:26.330] [INFO] [서버] PingPacket 수신 - ClientId: 3
[13:35:26.331] [INFO] [서버] PingPacket 수신 - ClientId: 4
[13:35:27.333] [INFO] [서버] PingPacket 수신 - ClientId: 3
[13:35:27.333] [INFO] [서버] PingPacket 수신 - ClientId: 4
[13:35:28.337] [INFO] [서버] PingPacket 수신 - ClientId: 3
[13:35:28.337] [INFO] [서버] PingPacket 수신 - ClientId: 4
[13:35:29.338] [INFO] [서버] PingPacket 수신 - ClientId: 3
[13:35:29.339] [INFO] [서버] PingPacket 수신 - ClientId: 4
[13:35:30.338] [INFO] [서버] PingPacket 수신 - ClientId: 3
[13:35:30.339] [INFO] [서버] PingPacket 수신 - ClientId: 4
[13:35:31.341] [INFO] [서버] PingPacket 수신 - ClientId: 3
[13:35:31.342] [INFO] [서버] PingPacket 수신 - ClientId: 4
[13:35:32.352] [INFO] [서버] PingPacket 수신 - ClientId: 3
[13:35:32.352] [INFO] [서버] PingPacket 수신 - ClientId: 4
[13:35:33.352] [INFO] [서버] PingPacket 수신 - ClientId: 3
[13:35:33.353] [INFO] [서버] PingPacket 수신 - ClientId: 4
[13:35:34.354] [INFO] [서버] PingPacket 수신 - ClientId: 3
[13:35:34.355] [INFO] [서버] PingPacket 수신 - ClientId: 4
[13:35:35.364] [INFO] [서버] PingPacket 수신 - ClientId: 3
[13:35:35.365] [INFO] [서버] PingPacket 수신 - ClientId: 4
[13:35:36.365] [INFO] [서버] PingPacket 수신 - ClientId: 3
[13:35:36.366] [INFO] [서버] PingPacket 수신 - ClientId: 4
[13:35:37.369] [INFO] [서버] PingPacket 수신 - ClientId: 3
[13:35:37.370] [INFO] [서버] PingPacket 수신 - ClientId: 4
[13:35:38.369] [INFO] [서버] PingPacket 수신 - ClientId: 3
[13:35:38.370] [INFO] [서버] PingPacket 수신 - ClientId: 4
[13:35:39.375] [INFO] [서버] PingPacket 수신 - ClientId: 3
[13:35:39.376] [INFO] [서버] PingPacket 수신 - ClientId: 4
