[16:05:47.606] [INFO] 로깅 시스템 초기화됨
[16:05:47.608] [INFO] 서버 인스턴스 생성됨
[16:05:47.608] [INFO] 서버 초기화 시작 (포트: 9000)
[16:05:47.611] [INFO] 윈속 초기화 성공
[16:05:47.613] [INFO] 리스닝 소켓 생성 성공
[16:05:47.614] [INFO] 소켓 바인딩 성공 (포트: 9000)
[16:05:47.614] [INFO] 리스닝 시작됨
[16:05:47.615] [INFO] IOCP 생성 성공
[16:05:47.616] [INFO] CPU 코어 수: 16, 생성할 작업자 스레드: 16
[16:05:47.617] [INFO] 작업자 스레드 #1 생성됨
[16:05:47.618] [INFO] 작업자 스레드 시작 (ThreadID: 30772)
[16:05:47.619] [INFO] 작업자 스레드 #2 생성됨
[16:05:47.619] [INFO] 작업자 스레드 시작 (ThreadID: 25916)
[16:05:47.620] [INFO] 작업자 스레드 #3 생성됨
[16:05:47.621] [INFO] 작업자 스레드 시작 (ThreadID: 28340)
[16:05:47.621] [INFO] 작업자 스레드 #4 생성됨
[16:05:47.622] [INFO] 작업자 스레드 시작 (ThreadID: 9144)
[16:05:47.623] [INFO] 작업자 스레드 #5 생성됨
[16:05:47.623] [INFO] 작업자 스레드 시작 (ThreadID: 32048)
[16:05:47.624] [INFO] 작업자 스레드 #6 생성됨
[16:05:47.625] [INFO] 작업자 스레드 시작 (ThreadID: 17388)
[16:05:47.625] [INFO] 작업자 스레드 #7 생성됨
[16:05:47.626] [INFO] 작업자 스레드 시작 (ThreadID: 41748)
[16:05:47.626] [INFO] 작업자 스레드 #8 생성됨
[16:05:47.627] [INFO] 작업자 스레드 시작 (ThreadID: 7112)
[16:05:47.628] [INFO] 작업자 스레드 #9 생성됨
[16:05:47.628] [INFO] 작업자 스레드 시작 (ThreadID: 19736)
[16:05:47.629] [INFO] 작업자 스레드 #10 생성됨
[16:05:47.630] [INFO] 작업자 스레드 시작 (ThreadID: 37580)
[16:05:47.630] [INFO] 작업자 스레드 #11 생성됨
[16:05:47.631] [INFO] 작업자 스레드 시작 (ThreadID: 5100)
[16:05:47.632] [INFO] 작업자 스레드 #12 생성됨
[16:05:47.632] [INFO] 작업자 스레드 시작 (ThreadID: 24116)
[16:05:47.633] [INFO] 작업자 스레드 #13 생성됨
[16:05:47.633] [INFO] 작업자 스레드 시작 (ThreadID: 31572)
[16:05:47.634] [INFO] 작업자 스레드 #14 생성됨
[16:05:47.635] [INFO] 작업자 스레드 시작 (ThreadID: 34096)
[16:05:47.636] [INFO] 작업자 스레드 #15 생성됨
[16:05:47.636] [INFO] 작업자 스레드 시작 (ThreadID: 36444)
[16:05:47.637] [INFO] 작업자 스레드 #16 생성됨
[16:05:47.638] [INFO] 작업자 스레드 시작 (ThreadID: 37780)
[16:05:47.638] [INFO] 서버 초기화 완료
[16:05:47.639] [INFO] 서버 실행. 포트 번호: 9000
[16:05:47.639] [INFO] IOCP 멀티플레이어 서버 시작됨...
[16:05:47.640] [INFO] 서버 실행 시작
[16:05:47.641] [INFO] listenSocket 논블로킹 설정 성공
[16:05:48.669] [INFO] 서버 FPS: 33.947624, 평균 프레임 시간: 0.000000ms, 클라이언트 수: 0
[16:05:49.697] [INFO] 서버 FPS: 32.007759, 평균 프레임 시간: 0.000000ms, 클라이언트 수: 0
[16:05:50.723] [INFO] 서버 FPS: 31.976744, 평균 프레임 시간: 0.000000ms, 클라이언트 수: 0
[16:05:51.751] [INFO] 서버 FPS: 32.512314, 평균 프레임 시간: 0.000000ms, 클라이언트 수: 0
[16:05:52.781] [INFO] 서버 FPS: 32.945736, 평균 프레임 시간: 0.049445ms, 클라이언트 수: 0
