[13:07:56.404] [INFO] 로깅 시스템 초기화됨
[13:07:56.405] [INFO] 서버 인스턴스 생성됨
[13:07:56.405] [INFO] 서버 초기화 시작 (포트: 9000)
[13:07:56.406] [INFO] 윈속 초기화 성공
[13:07:56.406] [INFO] 리스닝 소켓 생성 성공
[13:07:56.406] [INFO] 소켓 바인딩 성공 (포트: 9000)
[13:07:56.407] [INFO] 리스닝 시작됨
[13:07:56.407] [INFO] IOCP 생성 성공
[13:07:56.407] [INFO] CPU 코어 수: 16, 생성할 작업자 스레드: 32
[13:07:56.407] [INFO] 작업자 스레드 #1 생성됨
[13:07:56.407] [INFO] 작업자 스레드 시작 (ThreadID: 15292)
[13:07:56.407] [INFO] 작업자 스레드 #2 생성됨
[13:07:56.408] [INFO] 작업자 스레드 시작 (ThreadID: 21568)
[13:07:56.408] [INFO] 작업자 스레드 #3 생성됨
[13:07:56.408] [INFO] 작업자 스레드 시작 (ThreadID: 25672)
[13:07:56.408] [INFO] 작업자 스레드 #4 생성됨
[13:07:56.408] [INFO] 작업자 스레드 시작 (ThreadID: 19676)
[13:07:56.409] [INFO] 작업자 스레드 #5 생성됨
[13:07:56.409] [INFO] 작업자 스레드 시작 (ThreadID: 27564)
[13:07:56.409] [INFO] 작업자 스레드 #6 생성됨
[13:07:56.409] [INFO] 작업자 스레드 시작 (ThreadID: 23564)
[13:07:56.409] [INFO] 작업자 스레드 #7 생성됨
[13:07:56.409] [INFO] 작업자 스레드 시작 (ThreadID: 27772)
[13:07:56.410] [INFO] 작업자 스레드 #8 생성됨
[13:07:56.410] [INFO] 작업자 스레드 시작 (ThreadID: 9700)
[13:07:56.410] [INFO] 작업자 스레드 #9 생성됨
[13:07:56.410] [INFO] 작업자 스레드 시작 (ThreadID: 22560)
[13:07:56.410] [INFO] 작업자 스레드 #10 생성됨
[13:07:56.410] [INFO] 작업자 스레드 시작 (ThreadID: 1732)
[13:07:56.411] [INFO] 작업자 스레드 #11 생성됨
[13:07:56.411] [INFO] 작업자 스레드 시작 (ThreadID: 25544)
[13:07:56.411] [INFO] 작업자 스레드 #12 생성됨
[13:07:56.411] [INFO] 작업자 스레드 시작 (ThreadID: 27696)
[13:07:56.411] [INFO] 작업자 스레드 #13 생성됨
[13:07:56.411] [INFO] 작업자 스레드 시작 (ThreadID: 27800)
[13:07:56.412] [INFO] 작업자 스레드 #14 생성됨
[13:07:56.412] [INFO] 작업자 스레드 시작 (ThreadID: 27168)
[13:07:56.412] [INFO] 작업자 스레드 #15 생성됨
[13:07:56.412] [INFO] 작업자 스레드 시작 (ThreadID: 26832)
[13:07:56.412] [INFO] 작업자 스레드 #16 생성됨
[13:07:56.412] [INFO] 작업자 스레드 시작 (ThreadID: 7132)
[13:07:56.413] [INFO] 작업자 스레드 #17 생성됨
[13:07:56.413] [INFO] 작업자 스레드 시작 (ThreadID: 25772)
[13:07:56.413] [INFO] 작업자 스레드 #18 생성됨
[13:07:56.413] [INFO] 작업자 스레드 시작 (ThreadID: 28024)
[13:07:56.413] [INFO] 작업자 스레드 #19 생성됨
[13:07:56.413] [INFO] 작업자 스레드 시작 (ThreadID: 28624)
[13:07:56.414] [INFO] 작업자 스레드 #20 생성됨
[13:07:56.414] [INFO] 작업자 스레드 시작 (ThreadID: 3292)
[13:07:56.414] [INFO] 작업자 스레드 #21 생성됨
[13:07:56.414] [INFO] 작업자 스레드 시작 (ThreadID: 21076)
[13:07:56.414] [INFO] 작업자 스레드 #22 생성됨
[13:07:56.414] [INFO] 작업자 스레드 시작 (ThreadID: 22156)
[13:07:56.415] [INFO] 작업자 스레드 #23 생성됨
[13:07:56.415] [INFO] 작업자 스레드 시작 (ThreadID: 26372)
[13:07:56.415] [INFO] 작업자 스레드 #24 생성됨
[13:07:56.415] [INFO] 작업자 스레드 시작 (ThreadID: 8536)
[13:07:56.415] [INFO] 작업자 스레드 #25 생성됨
[13:07:56.416] [INFO] 작업자 스레드 시작 (ThreadID: 28276)
[13:07:56.416] [INFO] 작업자 스레드 #26 생성됨
[13:07:56.416] [INFO] 작업자 스레드 시작 (ThreadID: 25104)
[13:07:56.416] [INFO] 작업자 스레드 #27 생성됨
[13:07:56.416] [INFO] 작업자 스레드 시작 (ThreadID: 27876)
[13:07:56.416] [INFO] 작업자 스레드 #28 생성됨
[13:07:56.417] [INFO] 작업자 스레드 시작 (ThreadID: 27340)
[13:07:56.417] [INFO] 작업자 스레드 #29 생성됨
[13:07:56.417] [INFO] 작업자 스레드 시작 (ThreadID: 27512)
[13:07:56.417] [INFO] 작업자 스레드 #30 생성됨
[13:07:56.417] [INFO] 작업자 스레드 시작 (ThreadID: 23572)
[13:07:56.417] [INFO] 작업자 스레드 #31 생성됨
[13:07:56.418] [INFO] 작업자 스레드 시작 (ThreadID: 24544)
[13:07:56.418] [INFO] 작업자 스레드 #32 생성됨
[13:07:56.418] [INFO] 작업자 스레드 시작 (ThreadID: 8188)
[13:07:56.418] [INFO] 서버 초기화 완료
[13:07:56.418] [INFO] 서버 실행. 포트 번호: 9000
[13:07:56.418] [INFO] IOCP 멀티플레이어 서버 시작됨...
[13:07:56.419] [INFO] 서버 실행 시작
[13:09:03.708] [INFO] 클라이언트 연결됨: 127.0.0.1:7003 (ID: 1)
[13:09:03.708] [INFO] 새 클라이언트에게 ID 1 전송됨
[13:09:03.708] [INFO] 새 플레이어 정보(ID: 1) 브로드캐스트 - 수신자 수: 0
[13:09:03.708] [INFO] 기존 플레이어 정보 0개가 새 클라이언트(ID: 1)에게 전송됨
[13:09:03.712] [INFO] 서버 FPS: 0.029719, 평균 프레임 시간: 6729.700195ms, 클라이언트 수: 1
[13:09:03.712] [INFO] 클라이언트 연결됨: 127.0.0.1:7004 (ID: 2)
[13:09:03.712] [INFO] 새 클라이언트에게 ID 2 전송됨
[13:09:03.713] [INFO] 새 플레이어 정보(ID: 2) 브로드캐스트 - 수신자 수: 1
[13:09:03.713] [INFO] 기존 플레이어 정보 1개가 새 클라이언트(ID: 2)에게 전송됨
[13:09:03.713] [WARNING] 비정상적으로 긴 델타 타임: 67.296997초
[13:09:46.547] [INFO] 클라이언트 연결됨: 127.0.0.1:7015 (ID: 3)
[13:09:46.547] [INFO] 새 클라이언트에게 ID 3 전송됨
[13:09:46.547] [INFO] 새 플레이어 정보(ID: 3) 브로드캐스트 - 수신자 수: 2
[13:09:46.547] [INFO] 기존 플레이어 정보 2개가 새 클라이언트(ID: 3)에게 전송됨
[13:09:46.548] [WARNING] 클라이언트 Ping 타임아웃 발생 - ID: 1
