[17:48:24.397] [INFO] 로깅 시스템 초기화됨
[17:48:24.397] [INFO] 서버 인스턴스 생성됨
[17:48:24.398] [INFO] 서버 초기화 시작 (포트: 9000)
[17:48:24.398] [INFO] 윈속 초기화 성공
[17:48:24.399] [INFO] 리스닝 소켓 생성 성공
[17:48:24.399] [INFO] 소켓 바인딩 성공 (포트: 9000)
[17:48:24.400] [INFO] 리스닝 시작됨
[17:48:24.400] [INFO] IOCP 생성 성공
[17:48:24.400] [INFO] CPU 코어 수: 16, 생성할 작업자 스레드: 16
[17:48:24.401] [INFO] 작업자 스레드 #1 생성됨
[17:48:24.401] [INFO] 작업자 스레드 시작 (ThreadID: 32292)
[17:48:24.401] [INFO] 작업자 스레드 #2 생성됨
[17:48:24.401] [INFO] 작업자 스레드 시작 (ThreadID: 21116)
[17:48:24.402] [INFO] 작업자 스레드 #3 생성됨
[17:48:24.402] [INFO] 작업자 스레드 시작 (ThreadID: 31208)
[17:48:24.402] [INFO] 작업자 스레드 #4 생성됨
[17:48:24.402] [INFO] 작업자 스레드 시작 (ThreadID: 3948)
[17:48:24.402] [INFO] 작업자 스레드 #5 생성됨
[17:48:24.403] [INFO] 작업자 스레드 시작 (ThreadID: 32560)
[17:48:24.403] [INFO] 작업자 스레드 #6 생성됨
[17:48:24.403] [INFO] 작업자 스레드 시작 (ThreadID: 31548)
[17:48:24.403] [INFO] 작업자 스레드 #7 생성됨
[17:48:24.403] [INFO] 작업자 스레드 시작 (ThreadID: 13108)
[17:48:24.404] [INFO] 작업자 스레드 #8 생성됨
[17:48:24.404] [INFO] 작업자 스레드 시작 (ThreadID: 27364)
[17:48:24.404] [INFO] 작업자 스레드 #9 생성됨
[17:48:24.404] [INFO] 작업자 스레드 시작 (ThreadID: 31240)
[17:48:24.404] [INFO] 작업자 스레드 #10 생성됨
[17:48:24.404] [INFO] 작업자 스레드 시작 (ThreadID: 33324)
[17:48:24.405] [INFO] 작업자 스레드 #11 생성됨
[17:48:24.405] [INFO] 작업자 스레드 시작 (ThreadID: 33044)
[17:48:24.405] [INFO] 작업자 스레드 #12 생성됨
[17:48:24.405] [INFO] 작업자 스레드 시작 (ThreadID: 11064)
[17:48:24.405] [INFO] 작업자 스레드 #13 생성됨
[17:48:24.406] [INFO] 작업자 스레드 시작 (ThreadID: 26796)
[17:48:24.406] [INFO] 작업자 스레드 #14 생성됨
[17:48:24.406] [INFO] 작업자 스레드 시작 (ThreadID: 27652)
[17:48:24.406] [INFO] 작업자 스레드 #15 생성됨
[17:48:24.406] [INFO] 작업자 스레드 시작 (ThreadID: 25960)
[17:48:24.407] [INFO] 작업자 스레드 #16 생성됨
[17:48:24.407] [INFO] 작업자 스레드 시작 (ThreadID: 27728)
[17:48:24.407] [INFO] 서버 초기화 완료
[17:48:24.407] [INFO] 서버 실행. 포트 번호: 9000
[17:48:24.407] [INFO] IOCP 멀티플레이어 서버 시작됨...
[17:48:24.408] [INFO] 서버 실행 시작
[17:48:28.069] [INFO] 클라이언트 연결됨: 127.0.0.1:9882 (ID: 1)
[17:48:28.069] [INFO] 새 클라이언트에게 ID 1 전송됨
[17:48:28.069] [INFO] 새 플레이어 정보(ID: 1) 브로드캐스트 - 수신자 수: 0
[17:48:28.069] [INFO] 새 클라이언트에게 ID 1 전송됨, 초기 위치: X=0.000000, Y=0.000000, Z=90.000000
[17:48:28.070] [INFO] 기존 플레이어 정보 0개가 새 클라이언트(ID: 1)에게 전송됨
[17:48:28.093] [INFO] 서버 FPS: 0.542299, 평균 프레임 시간: 368.800018ms, 클라이언트 수: 1
[17:48:28.093] [INFO] 클라이언트 연결됨: 127.0.0.1:9883 (ID: 2)
[17:48:28.094] [INFO] 새 클라이언트에게 ID 2 전송됨
[17:48:28.094] [INFO] 새 플레이어 정보(ID: 2) 브로드캐스트 - 수신자 수: 1
[17:48:28.094] [INFO] 새 클라이언트에게 ID 2 전송됨, 초기 위치: X=300.000000, Y=0.000000, Z=90.000000
[17:48:28.094] [INFO] 기존 플레이어 정보 1개가 새 클라이언트(ID: 2)에게 전송됨
[17:48:28.094] [WARNING] 비정상적으로 긴 델타 타임: 3.688000초
[17:48:29.076] [INFO] [서버] PingPacket 수신 - ClientId: 1
[17:48:29.077] [INFO] [서버] PingPacket 수신 - ClientId: 2
[17:48:30.083] [INFO] [서버] PingPacket 수신 - ClientId: 1
[17:48:30.084] [INFO] [서버] PingPacket 수신 - ClientId: 2
