[14:49:25.248] [INFO] 로깅 시스템 초기화됨
[14:49:25.249] [INFO] 서버 인스턴스 생성됨
[14:49:25.249] [INFO] 서버 초기화 시작 (포트: 9000)
[14:49:25.250] [INFO] 윈속 초기화 성공
[14:49:25.252] [INFO] 리스닝 소켓 생성 성공
[14:49:25.253] [INFO] 소켓 바인딩 성공 (포트: 9000)
[14:49:25.253] [INFO] 리스닝 시작됨
[14:49:25.253] [INFO] IOCP 생성 성공
[14:49:25.254] [INFO] CPU 코어 수: 16, 생성할 작업자 스레드: 16
[14:49:25.254] [INFO] 작업자 스레드 #1 생성됨
[14:49:25.255] [INFO] 작업자 스레드 시작 (ThreadID: 33932)
[14:49:25.255] [INFO] 작업자 스레드 #2 생성됨
[14:49:25.256] [INFO] 작업자 스레드 시작 (ThreadID: 10660)
[14:49:25.256] [INFO] 작업자 스레드 #3 생성됨
[14:49:25.256] [INFO] 작업자 스레드 시작 (ThreadID: 33216)
[14:49:25.257] [INFO] 작업자 스레드 #4 생성됨
[14:49:25.257] [INFO] 작업자 스레드 시작 (ThreadID: 25312)
[14:49:25.257] [INFO] 작업자 스레드 #5 생성됨
[14:49:25.258] [INFO] 작업자 스레드 시작 (ThreadID: 44756)
[14:49:25.258] [INFO] 작업자 스레드 #6 생성됨
[14:49:25.258] [INFO] 작업자 스레드 시작 (ThreadID: 35656)
[14:49:25.259] [INFO] 작업자 스레드 #7 생성됨
[14:49:25.259] [INFO] 작업자 스레드 시작 (ThreadID: 36256)
[14:49:25.260] [INFO] 작업자 스레드 #8 생성됨
[14:49:25.260] [INFO] 작업자 스레드 시작 (ThreadID: 33436)
[14:49:25.261] [INFO] 작업자 스레드 #9 생성됨
[14:49:25.261] [INFO] 작업자 스레드 시작 (ThreadID: 26700)
[14:49:25.261] [INFO] 작업자 스레드 #10 생성됨
[14:49:25.262] [INFO] 작업자 스레드 시작 (ThreadID: 35248)
[14:49:25.263] [INFO] 작업자 스레드 #11 생성됨
[14:49:25.263] [INFO] 작업자 스레드 시작 (ThreadID: 18212)
[14:49:25.263] [INFO] 작업자 스레드 #12 생성됨
[14:49:25.264] [INFO] 작업자 스레드 시작 (ThreadID: 22012)
[14:49:25.264] [INFO] 작업자 스레드 #13 생성됨
[14:49:25.264] [INFO] 작업자 스레드 시작 (ThreadID: 27208)
[14:49:25.265] [INFO] 작업자 스레드 #14 생성됨
[14:49:25.265] [INFO] 작업자 스레드 시작 (ThreadID: 11188)
[14:49:25.265] [INFO] 작업자 스레드 #15 생성됨
[14:49:25.266] [INFO] 작업자 스레드 시작 (ThreadID: 28480)
[14:49:25.266] [INFO] 작업자 스레드 #16 생성됨
[14:49:25.266] [INFO] 작업자 스레드 시작 (ThreadID: 8676)
[14:49:25.266] [INFO] 서버 초기화 완료
[14:49:25.267] [INFO] 서버 실행. 포트 번호: 9000
[14:49:25.267] [INFO] IOCP 멀티플레이어 서버 시작됨...
[14:49:25.267] [INFO] 서버 실행 시작
[14:49:29.006] [DEBUG] [SendPacket] WSASend 요청 성공 - 컨텍스트: SendClientId, 보낸 크기: 7, 클라이언트 ID: 1
[14:49:29.007] [INFO] 새 클라이언트에게 ID 1 전송됨
[14:49:29.007] [DEBUG] [SendPacket] WSASend 요청 성공 - 컨텍스트: SendInitialPosition, 보낸 크기: 32, 클라이언트 ID: 1
[14:49:29.007] [INFO] 초기 위치 정보 전송됨 - 클라이언트 ID: 1, 위치: X=0.000000, Y=0.000000, Z=90.000000
[14:49:29.008] [INFO] 새 플레이어 정보(ID: 1) 브로드캐스트 - 수신자 수: 0
[14:49:29.008] [INFO] 기존 플레이어 정보 0개가 새 클라이언트(ID: 1)에게 전송됨
[14:49:29.008] [INFO] 위치 업데이트 - 클라이언트 ID: 1, 위치: X=0.000000, Y=0.000000, Z=90.000000, 속도: X=0.000000, Y=0.000000, Z=0.000000
[14:49:29.008] [INFO] 서버 FPS: 0.535619, 평균 프레임 시간: 373.399994ms, 클라이언트 수: 1
[14:49:29.009] [DEBUG] [SendPacket] WSASend 요청 성공 - 컨텍스트: SendClientId, 보낸 크기: 7, 클라이언트 ID: 2
[14:49:29.009] [INFO] 새 클라이언트에게 ID 2 전송됨
[14:49:29.009] [DEBUG] [SendPacket] WSASend 요청 성공 - 컨텍스트: SendInitialPosition, 보낸 크기: 32, 클라이언트 ID: 2
[14:49:29.009] [INFO] 초기 위치 정보 전송됨 - 클라이언트 ID: 2, 위치: X=300.000000, Y=0.000000, Z=90.000000
[14:49:29.009] [DEBUG] [SendPacket] WSASend 요청 성공 - 컨텍스트: BroadcastNewPlayer, 보낸 크기: 32, 클라이언트 ID: 1
[14:49:29.010] [INFO] 새 플레이어 정보(ID: 2) 브로드캐스트 - 수신자 수: 1
[14:49:29.010] [DEBUG] [SendPacket] WSASend 요청 성공 - 컨텍스트: SendExistingPlayers, 보낸 크기: 32, 클라이언트 ID: 2
[14:49:29.010] [INFO] 기존 플레이어 정보 1개가 새 클라이언트(ID: 2)에게 전송됨
[14:49:29.010] [WARNING] 비정상적으로 긴 델타 타임: 3.734000초
[14:49:29.011] [INFO] 위치 업데이트 - 클라이언트 ID: 1, 위치: X=0.000000, Y=0.000000, Z=90.000000, 속도: X=0.000000, Y=0.000000, Z=0.000000
[14:49:29.011] [INFO] 위치 업데이트 - 클라이언트 ID: 2, 위치: X=300.000000, Y=0.000000, Z=90.000000, 속도: X=0.000000, Y=0.000000, Z=0.000000
[14:49:30.005] [DEBUG] 데이터 수신: 11 바이트, 클라이언트 ID: 1
[14:49:30.006] [DEBUG] [ProcessPacket] Ping 수신, ClientId: 1
[14:49:30.006] [DEBUG] [SendPacket] WSASend 요청 성공 - 컨텍스트: ServerPong, 보낸 크기: 11, 클라이언트 ID: 1
[14:49:30.007] [INFO] [Packet] Pong 전송 - ClientId: 1
[14:49:30.007] [DEBUG] 데이터 수신: 11 바이트, 클라이언트 ID: 2
[14:49:30.007] [DEBUG] [ProcessPacket] Ping 수신, ClientId: 2
[14:49:30.008] [DEBUG] [SendPacket] WSASend 요청 성공 - 컨텍스트: ServerPong, 보낸 크기: 11, 클라이언트 ID: 2
[14:49:30.008] [INFO] [Packet] Pong 전송 - ClientId: 2
[14:49:31.006] [DEBUG] 데이터 수신: 11 바이트, 클라이언트 ID: 1
[14:49:31.006] [DEBUG] [ProcessPacket] Ping 수신, ClientId: 1
[14:49:31.007] [DEBUG] [SendPacket] WSASend 요청 성공 - 컨텍스트: ServerPong, 보낸 크기: 11, 클라이언트 ID: 1
[14:49:31.007] [INFO] [Packet] Pong 전송 - ClientId: 1
[14:49:31.008] [DEBUG] 데이터 수신: 11 바이트, 클라이언트 ID: 2
[14:49:31.009] [DEBUG] [ProcessPacket] Ping 수신, ClientId: 2
[14:49:31.009] [DEBUG] [SendPacket] WSASend 요청 성공 - 컨텍스트: ServerPong, 보낸 크기: 11, 클라이언트 ID: 2
[14:49:31.009] [INFO] [Packet] Pong 전송 - ClientId: 2
[14:49:32.005] [DEBUG] 데이터 수신: 11 바이트, 클라이언트 ID: 1
[14:49:32.006] [DEBUG] [ProcessPacket] Ping 수신, ClientId: 1
[14:49:32.006] [DEBUG] [SendPacket] WSASend 요청 성공 - 컨텍스트: ServerPong, 보낸 크기: 11, 클라이언트 ID: 1
[14:49:32.007] [INFO] [Packet] Pong 전송 - ClientId: 1
[14:49:32.007] [DEBUG] 데이터 수신: 11 바이트, 클라이언트 ID: 2
[14:49:32.007] [DEBUG] [ProcessPacket] Ping 수신, ClientId: 2
[14:49:32.007] [DEBUG] [SendPacket] WSASend 요청 성공 - 컨텍스트: ServerPong, 보낸 크기: 11, 클라이언트 ID: 2
[14:49:32.008] [INFO] [Packet] Pong 전송 - ClientId: 2
[14:49:33.004] [DEBUG] 데이터 수신: 11 바이트, 클라이언트 ID: 1
[14:49:33.005] [DEBUG] [ProcessPacket] Ping 수신, ClientId: 1
[14:49:33.005] [DEBUG] [SendPacket] WSASend 요청 성공 - 컨텍스트: ServerPong, 보낸 크기: 11, 클라이언트 ID: 1
[14:49:33.005] [INFO] [Packet] Pong 전송 - ClientId: 1
[14:49:33.005] [DEBUG] 데이터 수신: 11 바이트, 클라이언트 ID: 2
[14:49:33.006] [DEBUG] [ProcessPacket] Ping 수신, ClientId: 2
[14:49:33.006] [DEBUG] [SendPacket] WSASend 요청 성공 - 컨텍스트: ServerPong, 보낸 크기: 11, 클라이언트 ID: 2
[14:49:33.006] [INFO] [Packet] Pong 전송 - ClientId: 2
[14:49:34.005] [DEBUG] 데이터 수신: 11 바이트, 클라이언트 ID: 1
[14:49:34.006] [DEBUG] [ProcessPacket] Ping 수신, ClientId: 1
[14:49:34.006] [DEBUG] [SendPacket] WSASend 요청 성공 - 컨텍스트: ServerPong, 보낸 크기: 11, 클라이언트 ID: 1
[14:49:34.007] [INFO] [Packet] Pong 전송 - ClientId: 1
[14:49:34.008] [DEBUG] 데이터 수신: 11 바이트, 클라이언트 ID: 2
[14:49:34.009] [DEBUG] [ProcessPacket] Ping 수신, ClientId: 2
[14:49:34.009] [DEBUG] [SendPacket] WSASend 요청 성공 - 컨텍스트: ServerPong, 보낸 크기: 11, 클라이언트 ID: 2
[14:49:34.010] [INFO] [Packet] Pong 전송 - ClientId: 2
[14:49:35.005] [DEBUG] 데이터 수신: 11 바이트, 클라이언트 ID: 1
[14:49:35.005] [DEBUG] [ProcessPacket] Ping 수신, ClientId: 1
[14:49:35.006] [DEBUG] [SendPacket] WSASend 요청 성공 - 컨텍스트: ServerPong, 보낸 크기: 11, 클라이언트 ID: 1
[14:49:35.006] [INFO] [Packet] Pong 전송 - ClientId: 1
[14:49:35.006] [DEBUG] 데이터 수신: 11 바이트, 클라이언트 ID: 2
[14:49:35.007] [DEBUG] [ProcessPacket] Ping 수신, ClientId: 2
[14:49:35.007] [DEBUG] [SendPacket] WSASend 요청 성공 - 컨텍스트: ServerPong, 보낸 크기: 11, 클라이언트 ID: 2
[14:49:35.007] [INFO] [Packet] Pong 전송 - ClientId: 2
[14:49:36.005] [DEBUG] 데이터 수신: 11 바이트, 클라이언트 ID: 1
[14:49:36.006] [DEBUG] [ProcessPacket] Ping 수신, ClientId: 1
[14:49:36.007] [DEBUG] [SendPacket] WSASend 요청 성공 - 컨텍스트: ServerPong, 보낸 크기: 11, 클라이언트 ID: 1
[14:49:36.007] [INFO] [Packet] Pong 전송 - ClientId: 1
[14:49:36.008] [DEBUG] 데이터 수신: 11 바이트, 클라이언트 ID: 2
[14:49:36.008] [DEBUG] [ProcessPacket] Ping 수신, ClientId: 2
[14:49:36.009] [DEBUG] [SendPacket] WSASend 요청 성공 - 컨텍스트: ServerPong, 보낸 크기: 11, 클라이언트 ID: 2
[14:49:36.009] [INFO] [Packet] Pong 전송 - ClientId: 2
[14:49:37.050] [DEBUG] 데이터 수신: 11 바이트, 클라이언트 ID: 1
[14:49:37.051] [DEBUG] [ProcessPacket] Ping 수신, ClientId: 1
[14:49:37.051] [DEBUG] [SendPacket] WSASend 요청 성공 - 컨텍스트: ServerPong, 보낸 크기: 11, 클라이언트 ID: 1
[14:49:37.052] [INFO] [Packet] Pong 전송 - ClientId: 1
[14:49:37.052] [DEBUG] 데이터 수신: 21 바이트, 클라이언트 ID: 1
[14:49:37.052] [INFO] 입력 패킷 수신 - 클라이언트 ID: 1, Forward: 0.000000, Right: 0.000000, Yaw: 0.000000, Jump: false, Attack: true
[14:49:37.052] [DEBUG] 데이터 수신: 11 바이트, 클라이언트 ID: 2
[14:49:37.052] [DEBUG] [ProcessPacket] Ping 수신, ClientId: 2
[14:49:37.053] [DEBUG] [SendPacket] WSASend 요청 성공 - 컨텍스트: ServerPong, 보낸 크기: 11, 클라이언트 ID: 2
[14:49:37.053] [INFO] [Packet] Pong 전송 - ClientId: 2
[14:49:37.101] [DEBUG] 데이터 수신: 21 바이트, 클라이언트 ID: 1
[14:49:37.102] [INFO] 입력 패킷 수신 - 클라이언트 ID: 1, Forward: 0.000000, Right: 0.000000, Yaw: 0.000000, Jump: false, Attack: true
[14:49:38.051] [DEBUG] 데이터 수신: 11 바이트, 클라이언트 ID: 1
[14:49:38.051] [DEBUG] [ProcessPacket] Ping 수신, ClientId: 1
[14:49:38.052] [DEBUG] [SendPacket] WSASend 요청 성공 - 컨텍스트: ServerPong, 보낸 크기: 11, 클라이언트 ID: 1
[14:49:38.052] [INFO] [Packet] Pong 전송 - ClientId: 1
[14:49:38.052] [DEBUG] 데이터 수신: 11 바이트, 클라이언트 ID: 2
[14:49:38.053] [DEBUG] [ProcessPacket] Ping 수신, ClientId: 2
[14:49:38.053] [DEBUG] [SendPacket] WSASend 요청 성공 - 컨텍스트: ServerPong, 보낸 크기: 11, 클라이언트 ID: 2
[14:49:38.053] [INFO] [Packet] Pong 전송 - ClientId: 2
[14:49:39.090] [DEBUG] 데이터 수신: 11 바이트, 클라이언트 ID: 1
[14:49:39.090] [DEBUG] [ProcessPacket] Ping 수신, ClientId: 1
[14:49:39.091] [DEBUG] [SendPacket] WSASend 요청 성공 - 컨텍스트: ServerPong, 보낸 크기: 11, 클라이언트 ID: 1
[14:49:39.091] [INFO] [Packet] Pong 전송 - ClientId: 1
[14:49:39.091] [DEBUG] 데이터 수신: 11 바이트, 클라이언트 ID: 2
[14:49:39.092] [DEBUG] [ProcessPacket] Ping 수신, ClientId: 2
[14:49:39.092] [DEBUG] [SendPacket] WSASend 요청 성공 - 컨텍스트: ServerPong, 보낸 크기: 11, 클라이언트 ID: 2
[14:49:39.092] [INFO] [Packet] Pong 전송 - ClientId: 2
[14:49:40.111] [DEBUG] 데이터 수신: 11 바이트, 클라이언트 ID: 1
[14:49:40.112] [DEBUG] [ProcessPacket] Ping 수신, ClientId: 1
[14:49:40.112] [DEBUG] [SendPacket] WSASend 요청 성공 - 컨텍스트: ServerPong, 보낸 크기: 11, 클라이언트 ID: 1
[14:49:40.112] [INFO] [Packet] Pong 전송 - ClientId: 1
[14:49:40.113] [DEBUG] 데이터 수신: 11 바이트, 클라이언트 ID: 2
[14:49:40.113] [DEBUG] [ProcessPacket] Ping 수신, ClientId: 2
[14:49:40.113] [DEBUG] [SendPacket] WSASend 요청 성공 - 컨텍스트: ServerPong, 보낸 크기: 11, 클라이언트 ID: 2
[14:49:40.113] [INFO] [Packet] Pong 전송 - ClientId: 2
[14:49:41.140] [DEBUG] 데이터 수신: 11 바이트, 클라이언트 ID: 1
[14:49:41.140] [DEBUG] [ProcessPacket] Ping 수신, ClientId: 1
[14:49:41.141] [DEBUG] [SendPacket] WSASend 요청 성공 - 컨텍스트: ServerPong, 보낸 크기: 11, 클라이언트 ID: 1
[14:49:41.141] [INFO] [Packet] Pong 전송 - ClientId: 1
[14:49:41.141] [DEBUG] 데이터 수신: 11 바이트, 클라이언트 ID: 2
[14:49:41.141] [DEBUG] [ProcessPacket] Ping 수신, ClientId: 2
[14:49:41.142] [DEBUG] [SendPacket] WSASend 요청 성공 - 컨텍스트: ServerPong, 보낸 크기: 11, 클라이언트 ID: 2
[14:49:41.142] [INFO] [Packet] Pong 전송 - ClientId: 2
[14:49:44.985] [DEBUG] [SendPacket] WSASend 요청 성공 - 컨텍스트: SendClientId, 보낸 크기: 7, 클라이언트 ID: 3
[14:49:44.986] [INFO] 새 클라이언트에게 ID 3 전송됨
[14:49:44.986] [DEBUG] [SendPacket] WSASend 요청 성공 - 컨텍스트: SendInitialPosition, 보낸 크기: 32, 클라이언트 ID: 3
[14:49:44.987] [INFO] 초기 위치 정보 전송됨 - 클라이언트 ID: 3, 위치: X=-300.000000, Y=0.000000, Z=90.000000
[14:49:44.987] [DEBUG] [SendPacket] WSASend 요청 성공 - 컨텍스트: BroadcastNewPlayer, 보낸 크기: 32, 클라이언트 ID: 1
[14:49:44.987] [DEBUG] [SendPacket] WSASend 요청 성공 - 컨텍스트: BroadcastNewPlayer, 보낸 크기: 32, 클라이언트 ID: 2
[14:49:44.988] [INFO] 새 플레이어 정보(ID: 3) 브로드캐스트 - 수신자 수: 2
[14:49:44.988] [DEBUG] [SendPacket] WSASend 요청 성공 - 컨텍스트: SendExistingPlayers, 보낸 크기: 32, 클라이언트 ID: 3
[14:49:44.988] [DEBUG] [SendPacket] WSASend 요청 성공 - 컨텍스트: SendExistingPlayers, 보낸 크기: 32, 클라이언트 ID: 3
[14:49:44.988] [INFO] 기존 플레이어 정보 2개가 새 클라이언트(ID: 3)에게 전송됨
[14:49:44.989] [INFO] 위치 업데이트 - 클라이언트 ID: 1, 위치: X=0.000000, Y=0.000000, Z=90.000000, 속도: X=0.000000, Y=0.000000, Z=0.000000
[14:49:44.989] [INFO] [서버] BroadcastPosition 준비 완료 - ClientId: 1, distMoved: 0.000000, State: 3, TimeSinceLastUpdate: 15.983398
[14:49:44.989] [INFO] [서버] BroadcastPosition 호출 - ClientId: 1, Position: (0.000000, 0.000000, 90.000000)
[14:49:44.989] [INFO] [서버] PositionUpdatePacket 전송 - From ClientId: 1 To ClientId: 2
[14:49:44.990] [DEBUG] [SendPacket] WSASend 요청 성공 - 컨텍스트: BroadcastPosition, 보낸 크기: 32, 클라이언트 ID: 2
[14:49:44.990] [INFO] [서버] PositionUpdatePacket 전송 - From ClientId: 1 To ClientId: 3
[14:49:44.990] [DEBUG] [SendPacket] WSASend 요청 성공 - 컨텍스트: BroadcastPosition, 보낸 크기: 32, 클라이언트 ID: 3
[14:49:44.990] [INFO] 위치 업데이트 - 클라이언트 ID: 2, 위치: X=300.000000, Y=0.000000, Z=90.000000, 속도: X=0.000000, Y=0.000000, Z=0.000000
[14:49:44.990] [INFO] [서버] BroadcastPosition 준비 완료 - ClientId: 2, distMoved: 0.000000, State: 0, TimeSinceLastUpdate: 15.983398
[14:49:44.991] [INFO] [서버] BroadcastPosition 호출 - ClientId: 2, Position: (300.000000, 0.000000, 90.000000)
[14:49:44.991] [INFO] [서버] PositionUpdatePacket 전송 - From ClientId: 2 To ClientId: 1
[14:49:44.991] [DEBUG] [SendPacket] WSASend 요청 성공 - 컨텍스트: BroadcastPosition, 보낸 크기: 32, 클라이언트 ID: 1
[14:49:44.992] [INFO] [서버] PositionUpdatePacket 전송 - From ClientId: 2 To ClientId: 3
[14:49:44.992] [DEBUG] [SendPacket] WSASend 요청 성공 - 컨텍스트: BroadcastPosition, 보낸 크기: 32, 클라이언트 ID: 3
[14:49:44.993] [INFO] 위치 업데이트 - 클라이언트 ID: 3, 위치: X=-300.000000, Y=0.000000, Z=90.000000, 속도: X=0.000000, Y=0.000000, Z=0.000000
[14:49:44.993] [INFO] 서버 FPS: 0.125125, 평균 프레임 시간: 1897.754028ms, 클라이언트 수: 3
[14:49:44.994] [DEBUG] [SendPacket] WSASend 요청 성공 - 컨텍스트: SendClientId, 보낸 크기: 7, 클라이언트 ID: 4
[14:49:44.994] [INFO] 새 클라이언트에게 ID 4 전송됨
[14:49:44.995] [DEBUG] [SendPacket] WSASend 요청 성공 - 컨텍스트: SendInitialPosition, 보낸 크기: 32, 클라이언트 ID: 4
[14:49:44.995] [INFO] 초기 위치 정보 전송됨 - 클라이언트 ID: 4, 위치: X=0.000000, Y=300.000000, Z=90.000000
[14:49:44.995] [DEBUG] [SendPacket] WSASend 요청 성공 - 컨텍스트: BroadcastNewPlayer, 보낸 크기: 32, 클라이언트 ID: 1
[14:49:44.995] [DEBUG] [SendPacket] WSASend 요청 성공 - 컨텍스트: BroadcastNewPlayer, 보낸 크기: 32, 클라이언트 ID: 2
[14:49:44.996] [DEBUG] [SendPacket] WSASend 요청 성공 - 컨텍스트: BroadcastNewPlayer, 보낸 크기: 32, 클라이언트 ID: 3
[14:49:44.996] [INFO] 새 플레이어 정보(ID: 4) 브로드캐스트 - 수신자 수: 3
[14:49:44.996] [DEBUG] [SendPacket] WSASend 요청 성공 - 컨텍스트: SendExistingPlayers, 보낸 크기: 32, 클라이언트 ID: 4
[14:49:44.996] [DEBUG] [SendPacket] WSASend 요청 성공 - 컨텍스트: SendExistingPlayers, 보낸 크기: 32, 클라이언트 ID: 4
[14:49:44.997] [DEBUG] [SendPacket] WSASend 요청 성공 - 컨텍스트: SendExistingPlayers, 보낸 크기: 32, 클라이언트 ID: 4
[14:49:44.997] [INFO] 기존 플레이어 정보 3개가 새 클라이언트(ID: 4)에게 전송됨
[14:49:44.997] [WARNING] 비정상적으로 긴 델타 타임: 15.953000초
[14:49:44.998] [INFO] 위치 업데이트 - 클라이언트 ID: 1, 위치: X=0.000000, Y=0.000000, Z=90.000000, 속도: X=0.000000, Y=0.000000, Z=0.000000
[14:49:44.998] [INFO] [서버] BroadcastPosition 준비 완료 - ClientId: 1, distMoved: 0.000000, State: 0, TimeSinceLastUpdate: 0.016602
[14:49:44.998] [INFO] [서버] BroadcastPosition 호출 - ClientId: 1, Position: (0.000000, 0.000000, 90.000000)
[14:49:44.999] [INFO] [서버] PositionUpdatePacket 전송 - From ClientId: 1 To ClientId: 2
[14:49:44.999] [DEBUG] [SendPacket] WSASend 요청 성공 - 컨텍스트: BroadcastPosition, 보낸 크기: 32, 클라이언트 ID: 2
[14:49:45.000] [INFO] [서버] PositionUpdatePacket 전송 - From ClientId: 1 To ClientId: 3
[14:49:45.000] [DEBUG] [SendPacket] WSASend 요청 성공 - 컨텍스트: BroadcastPosition, 보낸 크기: 32, 클라이언트 ID: 3
[14:49:45.000] [INFO] [서버] PositionUpdatePacket 전송 - From ClientId: 1 To ClientId: 4
[14:49:45.001] [DEBUG] [SendPacket] WSASend 요청 성공 - 컨텍스트: BroadcastPosition, 보낸 크기: 32, 클라이언트 ID: 4
[14:49:45.001] [INFO] 위치 업데이트 - 클라이언트 ID: 2, 위치: X=300.000000, Y=0.000000, Z=90.000000, 속도: X=0.000000, Y=0.000000, Z=0.000000
[14:49:45.002] [INFO] 위치 업데이트 - 클라이언트 ID: 3, 위치: X=-300.000000, Y=0.000000, Z=90.000000, 속도: X=0.000000, Y=0.000000, Z=0.000000
[14:49:45.002] [INFO] 위치 업데이트 - 클라이언트 ID: 4, 위치: X=0.000000, Y=300.000000, Z=90.000000, 속도: X=0.000000, Y=0.000000, Z=0.000000
[14:49:45.982] [DEBUG] 데이터 수신: 11 바이트, 클라이언트 ID: 3
[14:49:45.982] [DEBUG] [ProcessPacket] Ping 수신, ClientId: 3
[14:49:45.983] [DEBUG] [SendPacket] WSASend 요청 성공 - 컨텍스트: ServerPong, 보낸 크기: 11, 클라이언트 ID: 3
[14:49:45.983] [INFO] [Packet] Pong 전송 - ClientId: 3
[14:49:45.985] [DEBUG] 데이터 수신: 11 바이트, 클라이언트 ID: 4
[14:49:45.986] [DEBUG] [ProcessPacket] Ping 수신, ClientId: 4
[14:49:45.986] [DEBUG] [SendPacket] WSASend 요청 성공 - 컨텍스트: ServerPong, 보낸 크기: 11, 클라이언트 ID: 4
[14:49:45.986] [INFO] [Packet] Pong 전송 - ClientId: 4
[14:49:46.980] [DEBUG] 데이터 수신: 11 바이트, 클라이언트 ID: 3
[14:49:46.981] [DEBUG] [ProcessPacket] Ping 수신, ClientId: 3
[14:49:46.981] [DEBUG] [SendPacket] WSASend 요청 성공 - 컨텍스트: ServerPong, 보낸 크기: 11, 클라이언트 ID: 3
[14:49:46.982] [INFO] [Packet] Pong 전송 - ClientId: 3
[14:49:46.983] [DEBUG] 데이터 수신: 11 바이트, 클라이언트 ID: 4
[14:49:46.983] [DEBUG] [ProcessPacket] Ping 수신, ClientId: 4
[14:49:46.984] [DEBUG] [SendPacket] WSASend 요청 성공 - 컨텍스트: ServerPong, 보낸 크기: 11, 클라이언트 ID: 4
[14:49:46.984] [INFO] [Packet] Pong 전송 - ClientId: 4
[14:49:47.980] [DEBUG] 데이터 수신: 11 바이트, 클라이언트 ID: 3
[14:49:47.981] [DEBUG] [ProcessPacket] Ping 수신, ClientId: 3
[14:49:47.982] [DEBUG] [SendPacket] WSASend 요청 성공 - 컨텍스트: ServerPong, 보낸 크기: 11, 클라이언트 ID: 3
[14:49:47.982] [INFO] [Packet] Pong 전송 - ClientId: 3
[14:49:47.983] [DEBUG] 데이터 수신: 11 바이트, 클라이언트 ID: 4
[14:49:47.983] [DEBUG] [ProcessPacket] Ping 수신, ClientId: 4
[14:49:47.983] [DEBUG] [SendPacket] WSASend 요청 성공 - 컨텍스트: ServerPong, 보낸 크기: 11, 클라이언트 ID: 4
[14:49:47.984] [INFO] [Packet] Pong 전송 - ClientId: 4
[14:49:48.980] [DEBUG] 데이터 수신: 11 바이트, 클라이언트 ID: 3
[14:49:48.981] [DEBUG] [ProcessPacket] Ping 수신, ClientId: 3
[14:49:48.981] [DEBUG] [SendPacket] WSASend 요청 성공 - 컨텍스트: ServerPong, 보낸 크기: 11, 클라이언트 ID: 3
[14:49:48.981] [INFO] [Packet] Pong 전송 - ClientId: 3
[14:49:48.982] [DEBUG] 데이터 수신: 11 바이트, 클라이언트 ID: 4
[14:49:48.982] [DEBUG] [ProcessPacket] Ping 수신, ClientId: 4
[14:49:48.982] [DEBUG] [SendPacket] WSASend 요청 성공 - 컨텍스트: ServerPong, 보낸 크기: 11, 클라이언트 ID: 4
[14:49:48.982] [INFO] [Packet] Pong 전송 - ClientId: 4
[14:49:49.981] [DEBUG] 데이터 수신: 11 바이트, 클라이언트 ID: 3
[14:49:49.982] [DEBUG] [ProcessPacket] Ping 수신, ClientId: 3
[14:49:49.983] [DEBUG] [SendPacket] WSASend 요청 성공 - 컨텍스트: ServerPong, 보낸 크기: 11, 클라이언트 ID: 3
[14:49:49.983] [INFO] [Packet] Pong 전송 - ClientId: 3
[14:49:49.984] [DEBUG] 데이터 수신: 11 바이트, 클라이언트 ID: 4
[14:49:49.984] [DEBUG] [ProcessPacket] Ping 수신, ClientId: 4
[14:49:49.985] [DEBUG] [SendPacket] WSASend 요청 성공 - 컨텍스트: ServerPong, 보낸 크기: 11, 클라이언트 ID: 4
[14:49:49.985] [INFO] [Packet] Pong 전송 - ClientId: 4
[14:49:50.981] [DEBUG] 데이터 수신: 11 바이트, 클라이언트 ID: 3
[14:49:50.981] [DEBUG] [ProcessPacket] Ping 수신, ClientId: 3
[14:49:50.982] [DEBUG] [SendPacket] WSASend 요청 성공 - 컨텍스트: ServerPong, 보낸 크기: 11, 클라이언트 ID: 3
[14:49:50.982] [INFO] [Packet] Pong 전송 - ClientId: 3
[14:49:50.982] [DEBUG] 데이터 수신: 11 바이트, 클라이언트 ID: 4
[14:49:50.982] [DEBUG] [ProcessPacket] Ping 수신, ClientId: 4
[14:49:50.983] [DEBUG] [SendPacket] WSASend 요청 성공 - 컨텍스트: ServerPong, 보낸 크기: 11, 클라이언트 ID: 4
[14:49:50.983] [INFO] [Packet] Pong 전송 - ClientId: 4
[14:49:51.980] [DEBUG] 데이터 수신: 11 바이트, 클라이언트 ID: 3
[14:49:51.981] [DEBUG] [ProcessPacket] Ping 수신, ClientId: 3
[14:49:51.981] [DEBUG] [SendPacket] WSASend 요청 성공 - 컨텍스트: ServerPong, 보낸 크기: 11, 클라이언트 ID: 3
[14:49:51.982] [DEBUG] 데이터 수신: 11 바이트, 클라이언트 ID: 4
[14:49:51.982] [DEBUG] [ProcessPacket] Ping 수신, ClientId: 4
[14:49:51.982] [INFO] [Packet] Pong 전송 - ClientId: 3
[14:49:51.982] [DEBUG] [SendPacket] WSASend 요청 성공 - 컨텍스트: ServerPong, 보낸 크기: 11, 클라이언트 ID: 4
[14:49:51.982] [INFO] [Packet] Pong 전송 - ClientId: 4
[14:49:52.981] [DEBUG] 데이터 수신: 11 바이트, 클라이언트 ID: 3
[14:49:52.982] [DEBUG] [ProcessPacket] Ping 수신, ClientId: 3
[14:49:52.982] [DEBUG] [SendPacket] WSASend 요청 성공 - 컨텍스트: ServerPong, 보낸 크기: 11, 클라이언트 ID: 3
[14:49:52.982] [INFO] [Packet] Pong 전송 - ClientId: 3
[14:49:52.982] [DEBUG] 데이터 수신: 11 바이트, 클라이언트 ID: 4
[14:49:52.984] [DEBUG] [ProcessPacket] Ping 수신, ClientId: 4
[14:49:52.984] [DEBUG] [SendPacket] WSASend 요청 성공 - 컨텍스트: ServerPong, 보낸 크기: 11, 클라이언트 ID: 4
[14:49:52.984] [INFO] [Packet] Pong 전송 - ClientId: 4
[14:49:53.981] [DEBUG] 데이터 수신: 11 바이트, 클라이언트 ID: 3
[14:49:53.982] [DEBUG] [ProcessPacket] Ping 수신, ClientId: 3
[14:49:53.982] [DEBUG] [SendPacket] WSASend 요청 성공 - 컨텍스트: ServerPong, 보낸 크기: 11, 클라이언트 ID: 3
[14:49:53.983] [INFO] [Packet] Pong 전송 - ClientId: 3
[14:49:53.984] [DEBUG] 데이터 수신: 11 바이트, 클라이언트 ID: 4
[14:49:53.984] [DEBUG] [ProcessPacket] Ping 수신, ClientId: 4
[14:49:53.984] [DEBUG] [SendPacket] WSASend 요청 성공 - 컨텍스트: ServerPong, 보낸 크기: 11, 클라이언트 ID: 4
[14:49:53.985] [INFO] [Packet] Pong 전송 - ClientId: 4
[14:49:54.982] [DEBUG] 데이터 수신: 11 바이트, 클라이언트 ID: 3
[14:49:54.982] [DEBUG] [ProcessPacket] Ping 수신, ClientId: 3
[14:49:54.983] [DEBUG] [SendPacket] WSASend 요청 성공 - 컨텍스트: ServerPong, 보낸 크기: 11, 클라이언트 ID: 3
[14:49:54.983] [DEBUG] 데이터 수신: 11 바이트, 클라이언트 ID: 4
[14:49:54.984] [INFO] [Packet] Pong 전송 - ClientId: 3
[14:49:54.985] [DEBUG] [ProcessPacket] Ping 수신, ClientId: 4
[14:49:54.985] [DEBUG] [SendPacket] WSASend 요청 성공 - 컨텍스트: ServerPong, 보낸 크기: 11, 클라이언트 ID: 4
[14:49:54.985] [INFO] [Packet] Pong 전송 - ClientId: 4
[14:49:55.981] [DEBUG] 데이터 수신: 11 바이트, 클라이언트 ID: 3
[14:49:55.982] [DEBUG] [ProcessPacket] Ping 수신, ClientId: 3
[14:49:55.982] [DEBUG] [SendPacket] WSASend 요청 성공 - 컨텍스트: ServerPong, 보낸 크기: 11, 클라이언트 ID: 3
[14:49:55.982] [INFO] [Packet] Pong 전송 - ClientId: 3
[14:49:55.982] [DEBUG] 데이터 수신: 11 바이트, 클라이언트 ID: 4
[14:49:55.983] [DEBUG] [ProcessPacket] Ping 수신, ClientId: 4
[14:49:55.983] [DEBUG] [SendPacket] WSASend 요청 성공 - 컨텍스트: ServerPong, 보낸 크기: 11, 클라이언트 ID: 4
[14:49:55.983] [INFO] [Packet] Pong 전송 - ClientId: 4
[14:49:56.982] [DEBUG] 데이터 수신: 11 바이트, 클라이언트 ID: 3
[14:49:56.982] [DEBUG] [ProcessPacket] Ping 수신, ClientId: 3
[14:49:56.983] [DEBUG] [SendPacket] WSASend 요청 성공 - 컨텍스트: ServerPong, 보낸 크기: 11, 클라이언트 ID: 3
[14:49:56.983] [INFO] [Packet] Pong 전송 - ClientId: 3
[14:49:56.984] [DEBUG] 데이터 수신: 11 바이트, 클라이언트 ID: 4
[14:49:56.984] [DEBUG] [ProcessPacket] Ping 수신, ClientId: 4
[14:49:56.984] [DEBUG] [SendPacket] WSASend 요청 성공 - 컨텍스트: ServerPong, 보낸 크기: 11, 클라이언트 ID: 4
[14:49:56.984] [INFO] [Packet] Pong 전송 - ClientId: 4
[14:49:57.982] [DEBUG] 데이터 수신: 11 바이트, 클라이언트 ID: 3
[14:49:57.983] [DEBUG] [ProcessPacket] Ping 수신, ClientId: 3
[14:49:57.983] [DEBUG] [SendPacket] WSASend 요청 성공 - 컨텍스트: ServerPong, 보낸 크기: 11, 클라이언트 ID: 3
[14:49:57.984] [INFO] [Packet] Pong 전송 - ClientId: 3
[14:49:57.984] [DEBUG] 데이터 수신: 11 바이트, 클라이언트 ID: 4
[14:49:57.984] [DEBUG] [ProcessPacket] Ping 수신, ClientId: 4
[14:49:57.985] [DEBUG] [SendPacket] WSASend 요청 성공 - 컨텍스트: ServerPong, 보낸 크기: 11, 클라이언트 ID: 4
[14:49:57.985] [INFO] [Packet] Pong 전송 - ClientId: 4
[14:49:58.981] [DEBUG] 데이터 수신: 11 바이트, 클라이언트 ID: 3
[14:49:58.982] [DEBUG] [ProcessPacket] Ping 수신, ClientId: 3
[14:49:58.982] [DEBUG] [SendPacket] WSASend 요청 성공 - 컨텍스트: ServerPong, 보낸 크기: 11, 클라이언트 ID: 3
[14:49:58.982] [INFO] [Packet] Pong 전송 - ClientId: 3
[14:49:58.983] [DEBUG] 데이터 수신: 11 바이트, 클라이언트 ID: 4
[14:49:58.983] [DEBUG] [ProcessPacket] Ping 수신, ClientId: 4
[14:49:58.983] [DEBUG] [SendPacket] WSASend 요청 성공 - 컨텍스트: ServerPong, 보낸 크기: 11, 클라이언트 ID: 4
[14:49:58.983] [INFO] [Packet] Pong 전송 - ClientId: 4
[14:49:59.982] [DEBUG] 데이터 수신: 11 바이트, 클라이언트 ID: 3
[14:49:59.983] [DEBUG] [ProcessPacket] Ping 수신, ClientId: 3
[14:49:59.984] [DEBUG] [SendPacket] WSASend 요청 성공 - 컨텍스트: ServerPong, 보낸 크기: 11, 클라이언트 ID: 3
[14:49:59.984] [INFO] [Packet] Pong 전송 - ClientId: 3
[14:49:59.984] [DEBUG] 데이터 수신: 11 바이트, 클라이언트 ID: 4
[14:49:59.985] [DEBUG] [ProcessPacket] Ping 수신, ClientId: 4
[14:49:59.985] [DEBUG] [SendPacket] WSASend 요청 성공 - 컨텍스트: ServerPong, 보낸 크기: 11, 클라이언트 ID: 4
[14:49:59.985] [INFO] [Packet] Pong 전송 - ClientId: 4
[14:50:00.982] [DEBUG] 데이터 수신: 11 바이트, 클라이언트 ID: 3
[14:50:00.982] [DEBUG] [ProcessPacket] Ping 수신, ClientId: 3
[14:50:00.983] [DEBUG] [SendPacket] WSASend 요청 성공 - 컨텍스트: ServerPong, 보낸 크기: 11, 클라이언트 ID: 3
[14:50:00.983] [INFO] [Packet] Pong 전송 - ClientId: 3
[14:50:00.984] [DEBUG] 데이터 수신: 11 바이트, 클라이언트 ID: 4
[14:50:00.984] [DEBUG] [ProcessPacket] Ping 수신, ClientId: 4
[14:50:00.984] [DEBUG] [SendPacket] WSASend 요청 성공 - 컨텍스트: ServerPong, 보낸 크기: 11, 클라이언트 ID: 4
[14:50:00.984] [INFO] [Packet] Pong 전송 - ClientId: 4
[14:50:01.983] [DEBUG] 데이터 수신: 11 바이트, 클라이언트 ID: 3
[14:50:01.984] [DEBUG] [ProcessPacket] Ping 수신, ClientId: 3
[14:50:01.984] [DEBUG] [SendPacket] WSASend 요청 성공 - 컨텍스트: ServerPong, 보낸 크기: 11, 클라이언트 ID: 3
[14:50:01.985] [INFO] [Packet] Pong 전송 - ClientId: 3
[14:50:01.985] [DEBUG] 데이터 수신: 11 바이트, 클라이언트 ID: 4
[14:50:01.986] [DEBUG] [ProcessPacket] Ping 수신, ClientId: 4
[14:50:01.986] [DEBUG] [SendPacket] WSASend 요청 성공 - 컨텍스트: ServerPong, 보낸 크기: 11, 클라이언트 ID: 4
[14:50:01.987] [INFO] [Packet] Pong 전송 - ClientId: 4
[14:50:02.982] [DEBUG] 데이터 수신: 11 바이트, 클라이언트 ID: 3
[14:50:02.983] [DEBUG] [ProcessPacket] Ping 수신, ClientId: 3
[14:50:02.983] [DEBUG] [SendPacket] WSASend 요청 성공 - 컨텍스트: ServerPong, 보낸 크기: 11, 클라이언트 ID: 3
[14:50:02.983] [INFO] [Packet] Pong 전송 - ClientId: 3
[14:50:02.985] [DEBUG] 데이터 수신: 11 바이트, 클라이언트 ID: 4
[14:50:02.985] [DEBUG] [ProcessPacket] Ping 수신, ClientId: 4
[14:50:02.986] [DEBUG] [SendPacket] WSASend 요청 성공 - 컨텍스트: ServerPong, 보낸 크기: 11, 클라이언트 ID: 4
[14:50:02.986] [INFO] [Packet] Pong 전송 - ClientId: 4
[14:50:03.982] [DEBUG] 데이터 수신: 11 바이트, 클라이언트 ID: 3
[14:50:03.982] [DEBUG] [ProcessPacket] Ping 수신, ClientId: 3
[14:50:03.983] [DEBUG] [SendPacket] WSASend 요청 성공 - 컨텍스트: ServerPong, 보낸 크기: 11, 클라이언트 ID: 3
[14:50:03.983] [INFO] [Packet] Pong 전송 - ClientId: 3
[14:50:03.983] [DEBUG] 데이터 수신: 11 바이트, 클라이언트 ID: 4
[14:50:03.984] [DEBUG] [ProcessPacket] Ping 수신, ClientId: 4
[14:50:03.985] [DEBUG] [SendPacket] WSASend 요청 성공 - 컨텍스트: ServerPong, 보낸 크기: 11, 클라이언트 ID: 4
[14:50:03.985] [INFO] [Packet] Pong 전송 - ClientId: 4
[14:50:04.982] [DEBUG] 데이터 수신: 11 바이트, 클라이언트 ID: 3
[14:50:04.982] [DEBUG] [ProcessPacket] Ping 수신, ClientId: 3
[14:50:04.983] [DEBUG] [SendPacket] WSASend 요청 성공 - 컨텍스트: ServerPong, 보낸 크기: 11, 클라이언트 ID: 3
[14:50:04.983] [INFO] [Packet] Pong 전송 - ClientId: 3
[14:50:04.983] [DEBUG] 데이터 수신: 11 바이트, 클라이언트 ID: 4
[14:50:04.985] [DEBUG] [ProcessPacket] Ping 수신, ClientId: 4
[14:50:04.985] [DEBUG] [SendPacket] WSASend 요청 성공 - 컨텍스트: ServerPong, 보낸 크기: 11, 클라이언트 ID: 4
[14:50:04.985] [INFO] [Packet] Pong 전송 - ClientId: 4
[14:50:05.984] [DEBUG] 데이터 수신: 11 바이트, 클라이언트 ID: 3
[14:50:05.985] [DEBUG] [ProcessPacket] Ping 수신, ClientId: 3
[14:50:05.986] [DEBUG] [SendPacket] WSASend 요청 성공 - 컨텍스트: ServerPong, 보낸 크기: 11, 클라이언트 ID: 3
[14:50:05.986] [INFO] [Packet] Pong 전송 - ClientId: 3
[14:50:05.986] [DEBUG] 데이터 수신: 11 바이트, 클라이언트 ID: 4
[14:50:05.987] [DEBUG] [ProcessPacket] Ping 수신, ClientId: 4
[14:50:05.987] [DEBUG] [SendPacket] WSASend 요청 성공 - 컨텍스트: ServerPong, 보낸 크기: 11, 클라이언트 ID: 4
[14:50:05.987] [INFO] [Packet] Pong 전송 - ClientId: 4
[14:50:07.199] [DEBUG] 데이터 수신: 11 바이트, 클라이언트 ID: 3
[14:50:07.200] [DEBUG] [ProcessPacket] Ping 수신, ClientId: 3
[14:50:07.201] [DEBUG] [SendPacket] WSASend 요청 성공 - 컨텍스트: ServerPong, 보낸 크기: 11, 클라이언트 ID: 3
[14:50:07.201] [INFO] [Packet] Pong 전송 - ClientId: 3
[14:50:07.202] [DEBUG] 데이터 수신: 11 바이트, 클라이언트 ID: 4
[14:50:07.202] [DEBUG] [ProcessPacket] Ping 수신, ClientId: 4
[14:50:07.202] [DEBUG] [SendPacket] WSASend 요청 성공 - 컨텍스트: ServerPong, 보낸 크기: 11, 클라이언트 ID: 4
[14:50:07.202] [INFO] [Packet] Pong 전송 - ClientId: 4
[14:50:08.199] [DEBUG] 데이터 수신: 11 바이트, 클라이언트 ID: 3
[14:50:08.199] [DEBUG] [ProcessPacket] Ping 수신, ClientId: 3
[14:50:08.200] [DEBUG] [SendPacket] WSASend 요청 성공 - 컨텍스트: ServerPong, 보낸 크기: 11, 클라이언트 ID: 3
[14:50:08.200] [INFO] [Packet] Pong 전송 - ClientId: 3
[14:50:08.201] [DEBUG] 데이터 수신: 11 바이트, 클라이언트 ID: 4
[14:50:08.201] [DEBUG] [ProcessPacket] Ping 수신, ClientId: 4
[14:50:08.202] [DEBUG] [SendPacket] WSASend 요청 성공 - 컨텍스트: ServerPong, 보낸 크기: 11, 클라이언트 ID: 4
[14:50:08.202] [INFO] [Packet] Pong 전송 - ClientId: 4
[14:50:09.197] [DEBUG] 데이터 수신: 11 바이트, 클라이언트 ID: 3
[14:50:09.198] [DEBUG] [ProcessPacket] Ping 수신, ClientId: 3
[14:50:09.198] [DEBUG] [SendPacket] WSASend 요청 성공 - 컨텍스트: ServerPong, 보낸 크기: 11, 클라이언트 ID: 3
[14:50:09.199] [INFO] [Packet] Pong 전송 - ClientId: 3
[14:50:09.199] [DEBUG] 데이터 수신: 11 바이트, 클라이언트 ID: 4
[14:50:09.200] [DEBUG] [ProcessPacket] Ping 수신, ClientId: 4
[14:50:09.201] [DEBUG] [SendPacket] WSASend 요청 성공 - 컨텍스트: ServerPong, 보낸 크기: 11, 클라이언트 ID: 4
[14:50:09.201] [INFO] [Packet] Pong 전송 - ClientId: 4
[14:50:10.198] [DEBUG] 데이터 수신: 11 바이트, 클라이언트 ID: 3
[14:50:10.199] [DEBUG] [ProcessPacket] Ping 수신, ClientId: 3
[14:50:10.200] [DEBUG] [SendPacket] WSASend 요청 성공 - 컨텍스트: ServerPong, 보낸 크기: 11, 클라이언트 ID: 3
[14:50:10.200] [INFO] [Packet] Pong 전송 - ClientId: 3
[14:50:10.200] [DEBUG] 데이터 수신: 11 바이트, 클라이언트 ID: 4
[14:50:10.201] [DEBUG] [ProcessPacket] Ping 수신, ClientId: 4
[14:50:10.201] [DEBUG] [SendPacket] WSASend 요청 성공 - 컨텍스트: ServerPong, 보낸 크기: 11, 클라이언트 ID: 4
[14:50:10.201] [INFO] [Packet] Pong 전송 - ClientId: 4
[14:50:11.198] [DEBUG] 데이터 수신: 11 바이트, 클라이언트 ID: 3
[14:50:11.198] [DEBUG] [ProcessPacket] Ping 수신, ClientId: 3
[14:50:11.199] [DEBUG] [SendPacket] WSASend 요청 성공 - 컨텍스트: ServerPong, 보낸 크기: 11, 클라이언트 ID: 3
[14:50:11.199] [INFO] [Packet] Pong 전송 - ClientId: 3
[14:50:11.199] [DEBUG] 데이터 수신: 11 바이트, 클라이언트 ID: 4
[14:50:11.199] [DEBUG] [ProcessPacket] Ping 수신, ClientId: 4
[14:50:11.200] [DEBUG] [SendPacket] WSASend 요청 성공 - 컨텍스트: ServerPong, 보낸 크기: 11, 클라이언트 ID: 4
[14:50:11.200] [INFO] [Packet] Pong 전송 - ClientId: 4
[14:50:12.198] [DEBUG] 데이터 수신: 11 바이트, 클라이언트 ID: 3
[14:50:12.198] [DEBUG] [ProcessPacket] Ping 수신, ClientId: 3
[14:50:12.199] [DEBUG] [SendPacket] WSASend 요청 성공 - 컨텍스트: ServerPong, 보낸 크기: 11, 클라이언트 ID: 3
[14:50:12.199] [INFO] [Packet] Pong 전송 - ClientId: 3
[14:50:12.199] [DEBUG] 데이터 수신: 11 바이트, 클라이언트 ID: 4
[14:50:12.199] [DEBUG] [ProcessPacket] Ping 수신, ClientId: 4
[14:50:12.200] [DEBUG] [SendPacket] WSASend 요청 성공 - 컨텍스트: ServerPong, 보낸 크기: 11, 클라이언트 ID: 4
[14:50:12.200] [INFO] [Packet] Pong 전송 - ClientId: 4
[14:50:13.199] [DEBUG] 데이터 수신: 11 바이트, 클라이언트 ID: 3
[14:50:13.200] [DEBUG] [ProcessPacket] Ping 수신, ClientId: 3
[14:50:13.200] [DEBUG] [SendPacket] WSASend 요청 성공 - 컨텍스트: ServerPong, 보낸 크기: 11, 클라이언트 ID: 3
[14:50:13.201] [INFO] [Packet] Pong 전송 - ClientId: 3
[14:50:13.201] [DEBUG] 데이터 수신: 11 바이트, 클라이언트 ID: 4
[14:50:13.201] [DEBUG] [ProcessPacket] Ping 수신, ClientId: 4
[14:50:13.202] [DEBUG] [SendPacket] WSASend 요청 성공 - 컨텍스트: ServerPong, 보낸 크기: 11, 클라이언트 ID: 4
[14:50:13.202] [INFO] [Packet] Pong 전송 - ClientId: 4
[14:50:14.198] [DEBUG] 데이터 수신: 11 바이트, 클라이언트 ID: 3
[14:50:14.198] [DEBUG] [ProcessPacket] Ping 수신, ClientId: 3
[14:50:14.199] [DEBUG] [SendPacket] WSASend 요청 성공 - 컨텍스트: ServerPong, 보낸 크기: 11, 클라이언트 ID: 3
[14:50:14.199] [INFO] [Packet] Pong 전송 - ClientId: 3
[14:50:14.199] [DEBUG] 데이터 수신: 11 바이트, 클라이언트 ID: 4
[14:50:14.200] [DEBUG] [ProcessPacket] Ping 수신, ClientId: 4
[14:50:14.200] [DEBUG] [SendPacket] WSASend 요청 성공 - 컨텍스트: ServerPong, 보낸 크기: 11, 클라이언트 ID: 4
[14:50:14.200] [INFO] [Packet] Pong 전송 - ClientId: 4
[14:50:15.198] [DEBUG] 데이터 수신: 11 바이트, 클라이언트 ID: 3
[14:50:15.198] [DEBUG] [ProcessPacket] Ping 수신, ClientId: 3
[14:50:15.199] [DEBUG] [SendPacket] WSASend 요청 성공 - 컨텍스트: ServerPong, 보낸 크기: 11, 클라이언트 ID: 3
[14:50:15.199] [INFO] [Packet] Pong 전송 - ClientId: 3
[14:50:15.199] [DEBUG] 데이터 수신: 11 바이트, 클라이언트 ID: 4
[14:50:15.199] [DEBUG] [ProcessPacket] Ping 수신, ClientId: 4
[14:50:15.200] [DEBUG] [SendPacket] WSASend 요청 성공 - 컨텍스트: ServerPong, 보낸 크기: 11, 클라이언트 ID: 4
[14:50:15.200] [INFO] [Packet] Pong 전송 - ClientId: 4
[14:50:16.199] [DEBUG] 데이터 수신: 11 바이트, 클라이언트 ID: 3
[14:50:16.200] [DEBUG] [ProcessPacket] Ping 수신, ClientId: 3
[14:50:16.200] [DEBUG] [SendPacket] WSASend 요청 성공 - 컨텍스트: ServerPong, 보낸 크기: 11, 클라이언트 ID: 3
[14:50:16.201] [INFO] [Packet] Pong 전송 - ClientId: 3
[14:50:16.201] [DEBUG] 데이터 수신: 11 바이트, 클라이언트 ID: 4
[14:50:16.202] [DEBUG] [ProcessPacket] Ping 수신, ClientId: 4
[14:50:16.202] [DEBUG] [SendPacket] WSASend 요청 성공 - 컨텍스트: ServerPong, 보낸 크기: 11, 클라이언트 ID: 4
[14:50:16.202] [INFO] [Packet] Pong 전송 - ClientId: 4
[14:50:17.198] [DEBUG] 데이터 수신: 11 바이트, 클라이언트 ID: 3
[14:50:17.198] [DEBUG] [ProcessPacket] Ping 수신, ClientId: 3
[14:50:17.199] [DEBUG] [SendPacket] WSASend 요청 성공 - 컨텍스트: ServerPong, 보낸 크기: 11, 클라이언트 ID: 3
[14:50:17.199] [DEBUG] 데이터 수신: 11 바이트, 클라이언트 ID: 4
[14:50:17.200] [INFO] [Packet] Pong 전송 - ClientId: 3
[14:50:17.200] [DEBUG] [ProcessPacket] Ping 수신, ClientId: 4
[14:50:17.200] [DEBUG] [SendPacket] WSASend 요청 성공 - 컨텍스트: ServerPong, 보낸 크기: 11, 클라이언트 ID: 4
[14:50:17.200] [INFO] [Packet] Pong 전송 - ClientId: 4
[14:50:18.199] [DEBUG] 데이터 수신: 11 바이트, 클라이언트 ID: 3
[14:50:18.200] [DEBUG] [ProcessPacket] Ping 수신, ClientId: 3
[14:50:18.200] [DEBUG] [SendPacket] WSASend 요청 성공 - 컨텍스트: ServerPong, 보낸 크기: 11, 클라이언트 ID: 3
[14:50:18.200] [INFO] [Packet] Pong 전송 - ClientId: 3
[14:50:18.200] [DEBUG] 데이터 수신: 11 바이트, 클라이언트 ID: 4
[14:50:18.201] [DEBUG] [ProcessPacket] Ping 수신, ClientId: 4
[14:50:18.201] [DEBUG] [SendPacket] WSASend 요청 성공 - 컨텍스트: ServerPong, 보낸 크기: 11, 클라이언트 ID: 4
[14:50:18.201] [INFO] [Packet] Pong 전송 - ClientId: 4
[14:50:19.198] [DEBUG] 데이터 수신: 11 바이트, 클라이언트 ID: 3
[14:50:19.198] [DEBUG] [ProcessPacket] Ping 수신, ClientId: 3
[14:50:19.199] [DEBUG] [SendPacket] WSASend 요청 성공 - 컨텍스트: ServerPong, 보낸 크기: 11, 클라이언트 ID: 3
[14:50:19.199] [INFO] [Packet] Pong 전송 - ClientId: 3
[14:50:19.199] [DEBUG] 데이터 수신: 11 바이트, 클라이언트 ID: 4
[14:50:19.200] [DEBUG] [ProcessPacket] Ping 수신, ClientId: 4
[14:50:19.200] [DEBUG] [SendPacket] WSASend 요청 성공 - 컨텍스트: ServerPong, 보낸 크기: 11, 클라이언트 ID: 4
[14:50:19.201] [INFO] [Packet] Pong 전송 - ClientId: 4
[14:50:20.198] [DEBUG] 데이터 수신: 11 바이트, 클라이언트 ID: 3
[14:50:20.198] [DEBUG] [ProcessPacket] Ping 수신, ClientId: 3
[14:50:20.199] [DEBUG] [SendPacket] WSASend 요청 성공 - 컨텍스트: ServerPong, 보낸 크기: 11, 클라이언트 ID: 3
[14:50:20.199] [INFO] [Packet] Pong 전송 - ClientId: 3
[14:50:20.199] [DEBUG] 데이터 수신: 11 바이트, 클라이언트 ID: 4
[14:50:20.199] [DEBUG] [ProcessPacket] Ping 수신, ClientId: 4
[14:50:20.200] [DEBUG] [SendPacket] WSASend 요청 성공 - 컨텍스트: ServerPong, 보낸 크기: 11, 클라이언트 ID: 4
[14:50:20.201] [INFO] [Packet] Pong 전송 - ClientId: 4
[14:50:21.199] [DEBUG] 데이터 수신: 11 바이트, 클라이언트 ID: 3
[14:50:21.199] [DEBUG] [ProcessPacket] Ping 수신, ClientId: 3
[14:50:21.200] [DEBUG] [SendPacket] WSASend 요청 성공 - 컨텍스트: ServerPong, 보낸 크기: 11, 클라이언트 ID: 3
[14:50:21.200] [INFO] [Packet] Pong 전송 - ClientId: 3
[14:50:21.201] [DEBUG] 데이터 수신: 11 바이트, 클라이언트 ID: 4
[14:50:21.201] [DEBUG] [ProcessPacket] Ping 수신, ClientId: 4
[14:50:21.201] [DEBUG] [SendPacket] WSASend 요청 성공 - 컨텍스트: ServerPong, 보낸 크기: 11, 클라이언트 ID: 4
[14:50:21.202] [INFO] [Packet] Pong 전송 - ClientId: 4
[14:50:22.199] [DEBUG] 데이터 수신: 11 바이트, 클라이언트 ID: 3
[14:50:22.200] [DEBUG] [ProcessPacket] Ping 수신, ClientId: 3
[14:50:22.200] [DEBUG] [SendPacket] WSASend 요청 성공 - 컨텍스트: ServerPong, 보낸 크기: 11, 클라이언트 ID: 3
[14:50:22.201] [INFO] [Packet] Pong 전송 - ClientId: 3
[14:50:22.201] [DEBUG] 데이터 수신: 11 바이트, 클라이언트 ID: 4
[14:50:22.201] [DEBUG] [ProcessPacket] Ping 수신, ClientId: 4
[14:50:22.202] [DEBUG] [SendPacket] WSASend 요청 성공 - 컨텍스트: ServerPong, 보낸 크기: 11, 클라이언트 ID: 4
[14:50:22.202] [INFO] [Packet] Pong 전송 - ClientId: 4
[14:50:23.198] [DEBUG] 데이터 수신: 11 바이트, 클라이언트 ID: 3
[14:50:23.198] [DEBUG] [ProcessPacket] Ping 수신, ClientId: 3
[14:50:23.199] [DEBUG] [SendPacket] WSASend 요청 성공 - 컨텍스트: ServerPong, 보낸 크기: 11, 클라이언트 ID: 3
[14:50:23.199] [INFO] [Packet] Pong 전송 - ClientId: 3
[14:50:23.199] [DEBUG] 데이터 수신: 11 바이트, 클라이언트 ID: 4
[14:50:23.200] [DEBUG] [ProcessPacket] Ping 수신, ClientId: 4
[14:50:23.200] [DEBUG] [SendPacket] WSASend 요청 성공 - 컨텍스트: ServerPong, 보낸 크기: 11, 클라이언트 ID: 4
[14:50:23.200] [INFO] [Packet] Pong 전송 - ClientId: 4
[14:50:24.198] [DEBUG] 데이터 수신: 11 바이트, 클라이언트 ID: 3
[14:50:24.198] [DEBUG] [ProcessPacket] Ping 수신, ClientId: 3
[14:50:24.199] [DEBUG] [SendPacket] WSASend 요청 성공 - 컨텍스트: ServerPong, 보낸 크기: 11, 클라이언트 ID: 3
[14:50:24.199] [INFO] [Packet] Pong 전송 - ClientId: 3
[14:50:24.199] [DEBUG] 데이터 수신: 11 바이트, 클라이언트 ID: 4
[14:50:24.200] [DEBUG] [ProcessPacket] Ping 수신, ClientId: 4
[14:50:24.200] [DEBUG] [SendPacket] WSASend 요청 성공 - 컨텍스트: ServerPong, 보낸 크기: 11, 클라이언트 ID: 4
[14:50:24.200] [INFO] [Packet] Pong 전송 - ClientId: 4
[14:50:25.198] [DEBUG] 데이터 수신: 11 바이트, 클라이언트 ID: 3
[14:50:25.199] [DEBUG] [ProcessPacket] Ping 수신, ClientId: 3
[14:50:25.199] [DEBUG] [SendPacket] WSASend 요청 성공 - 컨텍스트: ServerPong, 보낸 크기: 11, 클라이언트 ID: 3
[14:50:25.200] [INFO] [Packet] Pong 전송 - ClientId: 3
[14:50:25.200] [DEBUG] 데이터 수신: 11 바이트, 클라이언트 ID: 4
[14:50:25.200] [DEBUG] [ProcessPacket] Ping 수신, ClientId: 4
[14:50:25.200] [DEBUG] [SendPacket] WSASend 요청 성공 - 컨텍스트: ServerPong, 보낸 크기: 11, 클라이언트 ID: 4
[14:50:25.201] [INFO] [Packet] Pong 전송 - ClientId: 4
[14:50:26.200] [DEBUG] 데이터 수신: 11 바이트, 클라이언트 ID: 3
[14:50:26.201] [DEBUG] [ProcessPacket] Ping 수신, ClientId: 3
[14:50:26.202] [DEBUG] [SendPacket] WSASend 요청 성공 - 컨텍스트: ServerPong, 보낸 크기: 11, 클라이언트 ID: 3
[14:50:26.202] [INFO] [Packet] Pong 전송 - ClientId: 3
[14:50:26.202] [DEBUG] 데이터 수신: 11 바이트, 클라이언트 ID: 4
[14:50:26.202] [DEBUG] [ProcessPacket] Ping 수신, ClientId: 4
[14:50:26.203] [DEBUG] [SendPacket] WSASend 요청 성공 - 컨텍스트: ServerPong, 보낸 크기: 11, 클라이언트 ID: 4
[14:50:26.203] [INFO] [Packet] Pong 전송 - ClientId: 4
[14:50:27.200] [DEBUG] 데이터 수신: 11 바이트, 클라이언트 ID: 3
[14:50:27.200] [DEBUG] [ProcessPacket] Ping 수신, ClientId: 3
[14:50:27.201] [DEBUG] [SendPacket] WSASend 요청 성공 - 컨텍스트: ServerPong, 보낸 크기: 11, 클라이언트 ID: 3
[14:50:27.201] [INFO] [Packet] Pong 전송 - ClientId: 3
[14:50:27.201] [DEBUG] 데이터 수신: 11 바이트, 클라이언트 ID: 4
[14:50:27.202] [DEBUG] [ProcessPacket] Ping 수신, ClientId: 4
[14:50:27.202] [DEBUG] [SendPacket] WSASend 요청 성공 - 컨텍스트: ServerPong, 보낸 크기: 11, 클라이언트 ID: 4
[14:50:27.202] [INFO] [Packet] Pong 전송 - ClientId: 4
[14:50:28.199] [DEBUG] 데이터 수신: 11 바이트, 클라이언트 ID: 3
[14:50:28.200] [DEBUG] [ProcessPacket] Ping 수신, ClientId: 3
[14:50:28.201] [DEBUG] [SendPacket] WSASend 요청 성공 - 컨텍스트: ServerPong, 보낸 크기: 11, 클라이언트 ID: 3
[14:50:28.202] [INFO] [Packet] Pong 전송 - ClientId: 3
[14:50:28.202] [DEBUG] 데이터 수신: 11 바이트, 클라이언트 ID: 4
[14:50:28.202] [DEBUG] [ProcessPacket] Ping 수신, ClientId: 4
[14:50:28.203] [DEBUG] [SendPacket] WSASend 요청 성공 - 컨텍스트: ServerPong, 보낸 크기: 11, 클라이언트 ID: 4
[14:50:28.203] [INFO] [Packet] Pong 전송 - ClientId: 4
[14:50:29.200] [DEBUG] 데이터 수신: 11 바이트, 클라이언트 ID: 3
[14:50:29.200] [DEBUG] [ProcessPacket] Ping 수신, ClientId: 3
[14:50:29.201] [DEBUG] [SendPacket] WSASend 요청 성공 - 컨텍스트: ServerPong, 보낸 크기: 11, 클라이언트 ID: 3
[14:50:29.201] [INFO] [Packet] Pong 전송 - ClientId: 3
[14:50:29.202] [DEBUG] 데이터 수신: 11 바이트, 클라이언트 ID: 4
[14:50:29.202] [DEBUG] [ProcessPacket] Ping 수신, ClientId: 4
[14:50:29.202] [DEBUG] [SendPacket] WSASend 요청 성공 - 컨텍스트: ServerPong, 보낸 크기: 11, 클라이언트 ID: 4
[14:50:29.202] [INFO] [Packet] Pong 전송 - ClientId: 4
[14:50:30.199] [DEBUG] 데이터 수신: 11 바이트, 클라이언트 ID: 3
[14:50:30.200] [DEBUG] [ProcessPacket] Ping 수신, ClientId: 3
[14:50:30.200] [DEBUG] [SendPacket] WSASend 요청 성공 - 컨텍스트: ServerPong, 보낸 크기: 11, 클라이언트 ID: 3
[14:50:30.201] [DEBUG] 데이터 수신: 11 바이트, 클라이언트 ID: 4
[14:50:30.201] [INFO] [Packet] Pong 전송 - ClientId: 3
[14:50:30.201] [DEBUG] [ProcessPacket] Ping 수신, ClientId: 4
[14:50:30.202] [DEBUG] [SendPacket] WSASend 요청 성공 - 컨텍스트: ServerPong, 보낸 크기: 11, 클라이언트 ID: 4
[14:50:30.202] [INFO] [Packet] Pong 전송 - ClientId: 4
[14:50:31.199] [DEBUG] 데이터 수신: 11 바이트, 클라이언트 ID: 3
[14:50:31.200] [DEBUG] [ProcessPacket] Ping 수신, ClientId: 3
[14:50:31.200] [DEBUG] [SendPacket] WSASend 요청 성공 - 컨텍스트: ServerPong, 보낸 크기: 11, 클라이언트 ID: 3
[14:50:31.201] [INFO] [Packet] Pong 전송 - ClientId: 3
[14:50:31.201] [DEBUG] 데이터 수신: 11 바이트, 클라이언트 ID: 4
[14:50:31.201] [DEBUG] [ProcessPacket] Ping 수신, ClientId: 4
[14:50:31.202] [DEBUG] [SendPacket] WSASend 요청 성공 - 컨텍스트: ServerPong, 보낸 크기: 11, 클라이언트 ID: 4
[14:50:31.202] [INFO] [Packet] Pong 전송 - ClientId: 4
[14:50:32.200] [DEBUG] 데이터 수신: 11 바이트, 클라이언트 ID: 3
[14:50:32.200] [DEBUG] [ProcessPacket] Ping 수신, ClientId: 3
[14:50:32.201] [DEBUG] [SendPacket] WSASend 요청 성공 - 컨텍스트: ServerPong, 보낸 크기: 11, 클라이언트 ID: 3
[14:50:32.201] [INFO] [Packet] Pong 전송 - ClientId: 3
[14:50:32.202] [DEBUG] 데이터 수신: 11 바이트, 클라이언트 ID: 4
[14:50:32.202] [DEBUG] [ProcessPacket] Ping 수신, ClientId: 4
[14:50:32.202] [DEBUG] [SendPacket] WSASend 요청 성공 - 컨텍스트: ServerPong, 보낸 크기: 11, 클라이언트 ID: 4
[14:50:32.202] [INFO] [Packet] Pong 전송 - ClientId: 4
[14:50:33.200] [DEBUG] 데이터 수신: 11 바이트, 클라이언트 ID: 3
[14:50:33.200] [DEBUG] [ProcessPacket] Ping 수신, ClientId: 3
[14:50:33.201] [DEBUG] [SendPacket] WSASend 요청 성공 - 컨텍스트: ServerPong, 보낸 크기: 11, 클라이언트 ID: 3
[14:50:33.201] [INFO] [Packet] Pong 전송 - ClientId: 3
[14:50:33.201] [DEBUG] 데이터 수신: 11 바이트, 클라이언트 ID: 4
[14:50:33.201] [DEBUG] [ProcessPacket] Ping 수신, ClientId: 4
[14:50:33.202] [DEBUG] [SendPacket] WSASend 요청 성공 - 컨텍스트: ServerPong, 보낸 크기: 11, 클라이언트 ID: 4
[14:50:33.202] [INFO] [Packet] Pong 전송 - ClientId: 4
[14:50:34.200] [DEBUG] 데이터 수신: 11 바이트, 클라이언트 ID: 3
[14:50:34.200] [DEBUG] [ProcessPacket] Ping 수신, ClientId: 3
[14:50:34.201] [DEBUG] [SendPacket] WSASend 요청 성공 - 컨텍스트: ServerPong, 보낸 크기: 11, 클라이언트 ID: 3
[14:50:34.201] [DEBUG] 데이터 수신: 11 바이트, 클라이언트 ID: 4
[14:50:34.201] [INFO] [Packet] Pong 전송 - ClientId: 3
[14:50:34.202] [DEBUG] [ProcessPacket] Ping 수신, ClientId: 4
[14:50:34.202] [DEBUG] [SendPacket] WSASend 요청 성공 - 컨텍스트: ServerPong, 보낸 크기: 11, 클라이언트 ID: 4
[14:50:34.202] [INFO] [Packet] Pong 전송 - ClientId: 4
[14:50:35.201] [DEBUG] 데이터 수신: 11 바이트, 클라이언트 ID: 3
[14:50:35.202] [DEBUG] [ProcessPacket] Ping 수신, ClientId: 3
[14:50:35.202] [DEBUG] [SendPacket] WSASend 요청 성공 - 컨텍스트: ServerPong, 보낸 크기: 11, 클라이언트 ID: 3
[14:50:35.202] [INFO] [Packet] Pong 전송 - ClientId: 3
[14:50:35.203] [DEBUG] 데이터 수신: 11 바이트, 클라이언트 ID: 4
[14:50:35.203] [DEBUG] [ProcessPacket] Ping 수신, ClientId: 4
[14:50:35.204] [DEBUG] [SendPacket] WSASend 요청 성공 - 컨텍스트: ServerPong, 보낸 크기: 11, 클라이언트 ID: 4
[14:50:35.204] [INFO] [Packet] Pong 전송 - ClientId: 4
[14:50:36.199] [DEBUG] 데이터 수신: 11 바이트, 클라이언트 ID: 3
[14:50:36.200] [DEBUG] [ProcessPacket] Ping 수신, ClientId: 3
[14:50:36.200] [DEBUG] [SendPacket] WSASend 요청 성공 - 컨텍스트: ServerPong, 보낸 크기: 11, 클라이언트 ID: 3
[14:50:36.201] [INFO] [Packet] Pong 전송 - ClientId: 3
[14:50:36.201] [DEBUG] 데이터 수신: 11 바이트, 클라이언트 ID: 4
[14:50:36.201] [DEBUG] [ProcessPacket] Ping 수신, ClientId: 4
[14:50:36.201] [DEBUG] [SendPacket] WSASend 요청 성공 - 컨텍스트: ServerPong, 보낸 크기: 11, 클라이언트 ID: 4
[14:50:36.202] [INFO] [Packet] Pong 전송 - ClientId: 4
[14:50:37.200] [DEBUG] 데이터 수신: 11 바이트, 클라이언트 ID: 3
[14:50:37.200] [DEBUG] [ProcessPacket] Ping 수신, ClientId: 3
[14:50:37.201] [DEBUG] [SendPacket] WSASend 요청 성공 - 컨텍스트: ServerPong, 보낸 크기: 11, 클라이언트 ID: 3
[14:50:37.201] [INFO] [Packet] Pong 전송 - ClientId: 3
[14:50:37.201] [DEBUG] 데이터 수신: 11 바이트, 클라이언트 ID: 4
[14:50:37.202] [DEBUG] [ProcessPacket] Ping 수신, ClientId: 4
[14:50:37.202] [DEBUG] [SendPacket] WSASend 요청 성공 - 컨텍스트: ServerPong, 보낸 크기: 11, 클라이언트 ID: 4
[14:50:37.202] [INFO] [Packet] Pong 전송 - ClientId: 4
[14:50:38.202] [DEBUG] 데이터 수신: 11 바이트, 클라이언트 ID: 3
[14:50:38.203] [DEBUG] [ProcessPacket] Ping 수신, ClientId: 3
[14:50:38.203] [DEBUG] [SendPacket] WSASend 요청 성공 - 컨텍스트: ServerPong, 보낸 크기: 11, 클라이언트 ID: 3
[14:50:38.203] [INFO] [Packet] Pong 전송 - ClientId: 3
[14:50:38.204] [DEBUG] 데이터 수신: 11 바이트, 클라이언트 ID: 4
[14:50:38.204] [DEBUG] [ProcessPacket] Ping 수신, ClientId: 4
[14:50:38.205] [DEBUG] [SendPacket] WSASend 요청 성공 - 컨텍스트: ServerPong, 보낸 크기: 11, 클라이언트 ID: 4
[14:50:38.205] [INFO] [Packet] Pong 전송 - ClientId: 4
[14:50:39.202] [DEBUG] 데이터 수신: 11 바이트, 클라이언트 ID: 3
[14:50:39.203] [DEBUG] [ProcessPacket] Ping 수신, ClientId: 3
[14:50:39.203] [DEBUG] [SendPacket] WSASend 요청 성공 - 컨텍스트: ServerPong, 보낸 크기: 11, 클라이언트 ID: 3
[14:50:39.203] [INFO] [Packet] Pong 전송 - ClientId: 3
[14:50:39.204] [DEBUG] 데이터 수신: 11 바이트, 클라이언트 ID: 4
[14:50:39.204] [DEBUG] [ProcessPacket] Ping 수신, ClientId: 4
[14:50:39.205] [DEBUG] [SendPacket] WSASend 요청 성공 - 컨텍스트: ServerPong, 보낸 크기: 11, 클라이언트 ID: 4
[14:50:39.205] [INFO] [Packet] Pong 전송 - ClientId: 4
[14:50:40.202] [DEBUG] 데이터 수신: 11 바이트, 클라이언트 ID: 3
[14:50:40.202] [DEBUG] [ProcessPacket] Ping 수신, ClientId: 3
[14:50:40.203] [DEBUG] [SendPacket] WSASend 요청 성공 - 컨텍스트: ServerPong, 보낸 크기: 11, 클라이언트 ID: 3
[14:50:40.203] [INFO] [Packet] Pong 전송 - ClientId: 3
[14:50:40.203] [DEBUG] 데이터 수신: 11 바이트, 클라이언트 ID: 4
[14:50:40.203] [DEBUG] [ProcessPacket] Ping 수신, ClientId: 4
[14:50:40.204] [DEBUG] [SendPacket] WSASend 요청 성공 - 컨텍스트: ServerPong, 보낸 크기: 11, 클라이언트 ID: 4
[14:50:40.204] [INFO] [Packet] Pong 전송 - ClientId: 4
[14:50:40.425] [DEBUG] 데이터 수신: 21 바이트, 클라이언트 ID: 3
[14:50:40.425] [INFO] 입력 패킷 수신 - 클라이언트 ID: 3, Forward: 0.000000, Right: 0.000000, Yaw: 0.000000, Jump: false, Attack: true
[14:50:41.241] [DEBUG] 데이터 수신: 11 바이트, 클라이언트 ID: 3
[14:50:41.241] [DEBUG] [ProcessPacket] Ping 수신, ClientId: 3
[14:50:41.242] [DEBUG] [SendPacket] WSASend 요청 성공 - 컨텍스트: ServerPong, 보낸 크기: 11, 클라이언트 ID: 3
[14:50:41.242] [INFO] [Packet] Pong 전송 - ClientId: 3
[14:50:41.243] [DEBUG] 데이터 수신: 11 바이트, 클라이언트 ID: 4
[14:50:41.243] [DEBUG] [ProcessPacket] Ping 수신, ClientId: 4
[14:50:41.243] [DEBUG] [SendPacket] WSASend 요청 성공 - 컨텍스트: ServerPong, 보낸 크기: 11, 클라이언트 ID: 4
[14:50:41.243] [INFO] [Packet] Pong 전송 - ClientId: 4
[14:50:42.275] [DEBUG] 데이터 수신: 11 바이트, 클라이언트 ID: 3
[14:50:42.276] [DEBUG] [ProcessPacket] Ping 수신, ClientId: 3
[14:50:42.276] [DEBUG] [SendPacket] WSASend 요청 성공 - 컨텍스트: ServerPong, 보낸 크기: 11, 클라이언트 ID: 3
[14:50:42.277] [INFO] [Packet] Pong 전송 - ClientId: 3
[14:50:42.277] [DEBUG] 데이터 수신: 11 바이트, 클라이언트 ID: 4
[14:50:42.278] [DEBUG] [ProcessPacket] Ping 수신, ClientId: 4
[14:50:42.278] [DEBUG] [SendPacket] WSASend 요청 성공 - 컨텍스트: ServerPong, 보낸 크기: 11, 클라이언트 ID: 4
[14:50:42.278] [INFO] [Packet] Pong 전송 - ClientId: 4
[14:50:42.314] [DEBUG] 데이터 수신: 21 바이트, 클라이언트 ID: 3
[14:50:42.314] [INFO] 입력 패킷 수신 - 클라이언트 ID: 3, Forward: 0.000000, Right: 1.000000, Yaw: 8.650002, Jump: false, Attack: false
[14:50:42.365] [DEBUG] 데이터 수신: 21 바이트, 클라이언트 ID: 3
[14:50:42.365] [INFO] 입력 패킷 수신 - 클라이언트 ID: 3, Forward: 0.000000, Right: 1.000000, Yaw: 9.175002, Jump: false, Attack: false
[14:50:42.416] [DEBUG] 데이터 수신: 21 바이트, 클라이언트 ID: 3
[14:50:42.416] [INFO] 입력 패킷 수신 - 클라이언트 ID: 3, Forward: 0.000000, Right: 1.000000, Yaw: 9.175002, Jump: false, Attack: false
[14:50:42.470] [DEBUG] 데이터 수신: 21 바이트, 클라이언트 ID: 3
[14:50:42.470] [INFO] 입력 패킷 수신 - 클라이언트 ID: 3, Forward: 0.000000, Right: 1.000000, Yaw: 9.175002, Jump: false, Attack: false
[14:50:42.525] [DEBUG] 데이터 수신: 21 바이트, 클라이언트 ID: 3
[14:50:42.525] [INFO] 입력 패킷 수신 - 클라이언트 ID: 3, Forward: 0.000000, Right: 1.000000, Yaw: 9.175002, Jump: false, Attack: false
[14:50:42.583] [DEBUG] 데이터 수신: 21 바이트, 클라이언트 ID: 3
[14:50:42.583] [INFO] 입력 패킷 수신 - 클라이언트 ID: 3, Forward: 0.000000, Right: 1.000000, Yaw: 9.175002, Jump: false, Attack: false
[14:50:42.640] [DEBUG] 데이터 수신: 21 바이트, 클라이언트 ID: 3
[14:50:42.641] [INFO] 입력 패킷 수신 - 클라이언트 ID: 3, Forward: 0.000000, Right: 1.000000, Yaw: 9.175002, Jump: false, Attack: false
[14:50:42.698] [DEBUG] 데이터 수신: 21 바이트, 클라이언트 ID: 3
[14:50:42.699] [INFO] 입력 패킷 수신 - 클라이언트 ID: 3, Forward: 0.000000, Right: 1.000000, Yaw: 9.175002, Jump: false, Attack: false
[14:50:42.773] [DEBUG] 데이터 수신: 21 바이트, 클라이언트 ID: 3
[14:50:42.774] [INFO] 입력 패킷 수신 - 클라이언트 ID: 3, Forward: 0.000000, Right: 1.000000, Yaw: 9.175002, Jump: false, Attack: false
[14:50:42.825] [DEBUG] 데이터 수신: 21 바이트, 클라이언트 ID: 3
[14:50:42.826] [INFO] 입력 패킷 수신 - 클라이언트 ID: 3, Forward: 0.000000, Right: 1.000000, Yaw: 9.175002, Jump: false, Attack: false
[14:50:42.879] [DEBUG] 데이터 수신: 21 바이트, 클라이언트 ID: 3
[14:50:42.879] [INFO] 입력 패킷 수신 - 클라이언트 ID: 3, Forward: 0.000000, Right: 1.000000, Yaw: 8.650002, Jump: false, Attack: false
[14:50:42.930] [DEBUG] 데이터 수신: 21 바이트, 클라이언트 ID: 3
[14:50:42.931] [INFO] 입력 패킷 수신 - 클라이언트 ID: 3, Forward: 0.000000, Right: 1.000000, Yaw: 5.850002, Jump: false, Attack: false
[14:50:42.981] [DEBUG] 데이터 수신: 21 바이트, 클라이언트 ID: 3
[14:50:42.981] [INFO] 입력 패킷 수신 - 클라이언트 ID: 3, Forward: 0.000000, Right: 1.000000, Yaw: 4.100002, Jump: false, Attack: false
[14:50:43.031] [DEBUG] 데이터 수신: 21 바이트, 클라이언트 ID: 3
[14:50:43.031] [INFO] 입력 패킷 수신 - 클라이언트 ID: 3, Forward: 0.000000, Right: 1.000000, Yaw: 3.050002, Jump: false, Attack: false
[14:50:43.079] [DEBUG] 데이터 수신: 21 바이트, 클라이언트 ID: 3
[14:50:43.080] [INFO] 입력 패킷 수신 - 클라이언트 ID: 3, Forward: 0.000000, Right: 1.000000, Yaw: 1.125002, Jump: false, Attack: false
[14:50:43.131] [DEBUG] 데이터 수신: 21 바이트, 클라이언트 ID: 3
[14:50:43.131] [INFO] 입력 패킷 수신 - 클라이언트 ID: 3, Forward: 0.000000, Right: 1.000000, Yaw: 358.149994, Jump: false, Attack: false
[14:50:43.179] [DEBUG] 데이터 수신: 21 바이트, 클라이언트 ID: 3
[14:50:43.180] [INFO] 입력 패킷 수신 - 클라이언트 ID: 3, Forward: 0.000000, Right: 1.000000, Yaw: 355.350006, Jump: false, Attack: false
[14:50:43.230] [DEBUG] 데이터 수신: 21 바이트, 클라이언트 ID: 3
[14:50:43.231] [INFO] 입력 패킷 수신 - 클라이언트 ID: 3, Forward: 0.000000, Right: 1.000000, Yaw: 352.200012, Jump: false, Attack: false
[14:50:43.279] [DEBUG] 데이터 수신: 11 바이트, 클라이언트 ID: 3
[14:50:43.280] [DEBUG] [ProcessPacket] Ping 수신, ClientId: 3
[14:50:43.280] [DEBUG] [SendPacket] WSASend 요청 성공 - 컨텍스트: ServerPong, 보낸 크기: 11, 클라이언트 ID: 3
[14:50:43.280] [INFO] [Packet] Pong 전송 - ClientId: 3
[14:50:43.281] [DEBUG] 데이터 수신: 21 바이트, 클라이언트 ID: 3
[14:50:43.281] [INFO] 입력 패킷 수신 - 클라이언트 ID: 3, Forward: 0.000000, Right: 1.000000, Yaw: 350.100006, Jump: false, Attack: false
[14:50:43.281] [DEBUG] 데이터 수신: 11 바이트, 클라이언트 ID: 4
[14:50:43.281] [DEBUG] [ProcessPacket] Ping 수신, ClientId: 4
[14:50:43.281] [DEBUG] [SendPacket] WSASend 요청 성공 - 컨텍스트: ServerPong, 보낸 크기: 11, 클라이언트 ID: 4
[14:50:43.282] [INFO] [Packet] Pong 전송 - ClientId: 4
[14:50:43.331] [DEBUG] 데이터 수신: 21 바이트, 클라이언트 ID: 3
[14:50:43.332] [INFO] 입력 패킷 수신 - 클라이언트 ID: 3, Forward: 0.000000, Right: 1.000000, Yaw: 349.225006, Jump: false, Attack: false
[14:50:43.388] [DEBUG] 데이터 수신: 21 바이트, 클라이언트 ID: 3
[14:50:43.389] [INFO] 입력 패킷 수신 - 클라이언트 ID: 3, Forward: 0.000000, Right: 1.000000, Yaw: 348.524994, Jump: false, Attack: false
[14:50:43.440] [DEBUG] 데이터 수신: 21 바이트, 클라이언트 ID: 3
[14:50:43.441] [INFO] 입력 패킷 수신 - 클라이언트 ID: 3, Forward: 0.000000, Right: 1.000000, Yaw: 348.000000, Jump: false, Attack: false
[14:50:43.490] [DEBUG] 데이터 수신: 21 바이트, 클라이언트 ID: 3
[14:50:43.491] [INFO] 입력 패킷 수신 - 클라이언트 ID: 3, Forward: 0.000000, Right: 1.000000, Yaw: 346.250000, Jump: false, Attack: false
[14:50:43.540] [DEBUG] 데이터 수신: 21 바이트, 클라이언트 ID: 3
[14:50:43.541] [INFO] 입력 패킷 수신 - 클라이언트 ID: 3, Forward: 0.000000, Right: 1.000000, Yaw: 344.325012, Jump: false, Attack: false
[14:50:43.589] [DEBUG] 데이터 수신: 21 바이트, 클라이언트 ID: 3
[14:50:43.590] [INFO] 입력 패킷 수신 - 클라이언트 ID: 3, Forward: 0.000000, Right: 1.000000, Yaw: 342.049988, Jump: false, Attack: false
[14:50:43.641] [DEBUG] 데이터 수신: 21 바이트, 클라이언트 ID: 3
[14:50:43.642] [INFO] 입력 패킷 수신 - 클라이언트 ID: 3, Forward: 0.000000, Right: 1.000000, Yaw: 340.475006, Jump: false, Attack: false
[14:50:43.690] [DEBUG] 데이터 수신: 21 바이트, 클라이언트 ID: 3
[14:50:43.690] [INFO] 입력 패킷 수신 - 클라이언트 ID: 3, Forward: 0.000000, Right: 1.000000, Yaw: 338.375000, Jump: false, Attack: false
[14:50:43.738] [DEBUG] 데이터 수신: 21 바이트, 클라이언트 ID: 3
[14:50:43.739] [INFO] 입력 패킷 수신 - 클라이언트 ID: 3, Forward: 0.000000, Right: 1.000000, Yaw: 336.975006, Jump: false, Attack: false
[14:50:43.786] [DEBUG] 데이터 수신: 21 바이트, 클라이언트 ID: 3
[14:50:43.786] [INFO] 입력 패킷 수신 - 클라이언트 ID: 3, Forward: 0.000000, Right: 1.000000, Yaw: 333.475006, Jump: false, Attack: false
[14:50:43.839] [DEBUG] 데이터 수신: 21 바이트, 클라이언트 ID: 3
[14:50:43.840] [INFO] 입력 패킷 수신 - 클라이언트 ID: 3, Forward: 0.000000, Right: 1.000000, Yaw: 328.399994, Jump: false, Attack: false
[14:50:43.888] [DEBUG] 데이터 수신: 21 바이트, 클라이언트 ID: 3
[14:50:43.888] [INFO] 입력 패킷 수신 - 클라이언트 ID: 3, Forward: 0.000000, Right: 1.000000, Yaw: 322.100006, Jump: false, Attack: false
[14:50:43.942] [DEBUG] 데이터 수신: 21 바이트, 클라이언트 ID: 3
[14:50:43.942] [INFO] 입력 패킷 수신 - 클라이언트 ID: 3, Forward: 0.000000, Right: 1.000000, Yaw: 315.975006, Jump: false, Attack: false
[14:50:43.995] [DEBUG] 데이터 수신: 21 바이트, 클라이언트 ID: 3
[14:50:43.996] [INFO] 입력 패킷 수신 - 클라이언트 ID: 3, Forward: 0.000000, Right: 1.000000, Yaw: 311.774994, Jump: false, Attack: false
[14:50:44.072] [DEBUG] 데이터 수신: 21 바이트, 클라이언트 ID: 3
[14:50:44.072] [INFO] 입력 패킷 수신 - 클라이언트 ID: 3, Forward: 0.000000, Right: 1.000000, Yaw: 309.500000, Jump: false, Attack: false
[14:50:44.122] [DEBUG] 데이터 수신: 21 바이트, 클라이언트 ID: 3
[14:50:44.123] [INFO] 입력 패킷 수신 - 클라이언트 ID: 3, Forward: 0.000000, Right: 1.000000, Yaw: 304.424988, Jump: false, Attack: false
[14:50:44.173] [DEBUG] 데이터 수신: 21 바이트, 클라이언트 ID: 3
[14:50:44.173] [INFO] 입력 패킷 수신 - 클라이언트 ID: 3, Forward: 0.000000, Right: 1.000000, Yaw: 300.399994, Jump: false, Attack: false
[14:50:44.221] [DEBUG] 데이터 수신: 21 바이트, 클라이언트 ID: 3
[14:50:44.221] [INFO] 입력 패킷 수신 - 클라이언트 ID: 3, Forward: 0.000000, Right: 1.000000, Yaw: 298.299988, Jump: false, Attack: false
[14:50:44.269] [DEBUG] 데이터 수신: 21 바이트, 클라이언트 ID: 3
[14:50:44.270] [INFO] 입력 패킷 수신 - 클라이언트 ID: 3, Forward: 0.000000, Right: 1.000000, Yaw: 297.250000, Jump: false, Attack: false
[14:50:44.317] [DEBUG] 데이터 수신: 11 바이트, 클라이언트 ID: 3
[14:50:44.317] [DEBUG] [ProcessPacket] Ping 수신, ClientId: 3
[14:50:44.318] [DEBUG] [SendPacket] WSASend 요청 성공 - 컨텍스트: ServerPong, 보낸 크기: 11, 클라이언트 ID: 3
[14:50:44.318] [INFO] [Packet] Pong 전송 - ClientId: 3
[14:50:44.318] [DEBUG] 데이터 수신: 21 바이트, 클라이언트 ID: 3
[14:50:44.318] [DEBUG] 데이터 수신: 11 바이트, 클라이언트 ID: 4
[14:50:44.319] [INFO] 입력 패킷 수신 - 클라이언트 ID: 3, Forward: 0.000000, Right: 1.000000, Yaw: 295.325012, Jump: false, Attack: false
[14:50:44.319] [DEBUG] [ProcessPacket] Ping 수신, ClientId: 4
[14:50:44.319] [DEBUG] [SendPacket] WSASend 요청 성공 - 컨텍스트: ServerPong, 보낸 크기: 11, 클라이언트 ID: 4
[14:50:44.320] [INFO] [Packet] Pong 전송 - ClientId: 4
[14:50:44.366] [DEBUG] 데이터 수신: 21 바이트, 클라이언트 ID: 3
[14:50:44.367] [INFO] 입력 패킷 수신 - 클라이언트 ID: 3, Forward: 1.000000, Right: 1.000000, Yaw: 293.399994, Jump: false, Attack: false
[14:50:44.413] [DEBUG] 데이터 수신: 21 바이트, 클라이언트 ID: 3
[14:50:44.413] [INFO] 입력 패킷 수신 - 클라이언트 ID: 3, Forward: 1.000000, Right: 1.000000, Yaw: 293.225006, Jump: false, Attack: false
[14:50:44.461] [DEBUG] 데이터 수신: 21 바이트, 클라이언트 ID: 3
[14:50:44.462] [INFO] 입력 패킷 수신 - 클라이언트 ID: 3, Forward: 1.000000, Right: 1.000000, Yaw: 291.649994, Jump: false, Attack: false
[14:50:44.509] [DEBUG] 데이터 수신: 21 바이트, 클라이언트 ID: 3
[14:50:44.509] [INFO] 입력 패킷 수신 - 클라이언트 ID: 3, Forward: 1.000000, Right: 1.000000, Yaw: 290.950012, Jump: false, Attack: false
[14:50:44.560] [DEBUG] 데이터 수신: 21 바이트, 클라이언트 ID: 3
[14:50:44.561] [INFO] 입력 패킷 수신 - 클라이언트 ID: 3, Forward: 1.000000, Right: 1.000000, Yaw: 290.424988, Jump: false, Attack: false
[14:50:44.609] [DEBUG] 데이터 수신: 21 바이트, 클라이언트 ID: 3
[14:50:44.610] [INFO] 입력 패킷 수신 - 클라이언트 ID: 3, Forward: 1.000000, Right: 1.000000, Yaw: 289.725006, Jump: false, Attack: false
[14:50:44.657] [DEBUG] 데이터 수신: 21 바이트, 클라이언트 ID: 3
[14:50:44.657] [INFO] 입력 패킷 수신 - 클라이언트 ID: 3, Forward: 1.000000, Right: 1.000000, Yaw: 289.549988, Jump: false, Attack: false
[14:50:44.704] [DEBUG] 데이터 수신: 21 바이트, 클라이언트 ID: 3
[14:50:44.705] [INFO] 입력 패킷 수신 - 클라이언트 ID: 3, Forward: 1.000000, Right: 1.000000, Yaw: 288.850006, Jump: false, Attack: false
[14:50:44.752] [DEBUG] 데이터 수신: 21 바이트, 클라이언트 ID: 3
[14:50:44.753] [INFO] 입력 패킷 수신 - 클라이언트 ID: 3, Forward: 1.000000, Right: 1.000000, Yaw: 287.625000, Jump: false, Attack: false
[14:50:44.801] [DEBUG] 데이터 수신: 21 바이트, 클라이언트 ID: 3
[14:50:44.801] [INFO] 입력 패킷 수신 - 클라이언트 ID: 3, Forward: 1.000000, Right: 1.000000, Yaw: 286.399994, Jump: false, Attack: false
[14:50:44.848] [DEBUG] 데이터 수신: 21 바이트, 클라이언트 ID: 3
[14:50:44.849] [INFO] 입력 패킷 수신 - 클라이언트 ID: 3, Forward: 1.000000, Right: 1.000000, Yaw: 285.700012, Jump: false, Attack: false
[14:50:44.896] [DEBUG] 데이터 수신: 21 바이트, 클라이언트 ID: 3
[14:50:44.897] [INFO] 입력 패킷 수신 - 클라이언트 ID: 3, Forward: 1.000000, Right: 1.000000, Yaw: 283.774994, Jump: false, Attack: false
[14:50:44.947] [DEBUG] 데이터 수신: 21 바이트, 클라이언트 ID: 3
[14:50:44.948] [INFO] 입력 패킷 수신 - 클라이언트 ID: 3, Forward: 1.000000, Right: 1.000000, Yaw: 281.674988, Jump: false, Attack: false
[14:50:45.001] [DEBUG] 데이터 수신: 21 바이트, 클라이언트 ID: 3
[14:50:45.001] [INFO] 입력 패킷 수신 - 클라이언트 ID: 3, Forward: 1.000000, Right: 1.000000, Yaw: 279.575012, Jump: false, Attack: false
[14:50:45.055] [DEBUG] 데이터 수신: 21 바이트, 클라이언트 ID: 3
[14:50:45.056] [INFO] 입력 패킷 수신 - 클라이언트 ID: 3, Forward: 1.000000, Right: 1.000000, Yaw: 275.899994, Jump: false, Attack: false
[14:50:45.104] [DEBUG] 데이터 수신: 21 바이트, 클라이언트 ID: 3
[14:50:45.105] [INFO] 입력 패킷 수신 - 클라이언트 ID: 3, Forward: 1.000000, Right: 1.000000, Yaw: 271.700012, Jump: false, Attack: false
[14:50:45.156] [DEBUG] 데이터 수신: 21 바이트, 클라이언트 ID: 3
[14:50:45.157] [INFO] 입력 패킷 수신 - 클라이언트 ID: 3, Forward: 1.000000, Right: 1.000000, Yaw: 267.325012, Jump: false, Attack: false
[14:50:45.205] [DEBUG] 데이터 수신: 21 바이트, 클라이언트 ID: 3
[14:50:45.206] [INFO] 입력 패킷 수신 - 클라이언트 ID: 3, Forward: 1.000000, Right: 1.000000, Yaw: 264.700012, Jump: false, Attack: false
[14:50:45.253] [DEBUG] 데이터 수신: 21 바이트, 클라이언트 ID: 3
[14:50:45.254] [INFO] 입력 패킷 수신 - 클라이언트 ID: 3, Forward: 1.000000, Right: 1.000000, Yaw: 261.549988, Jump: false, Attack: false
[14:50:45.307] [DEBUG] 데이터 수신: 21 바이트, 클라이언트 ID: 3
[14:50:45.308] [INFO] 입력 패킷 수신 - 클라이언트 ID: 3, Forward: 1.000000, Right: 1.000000, Yaw: 259.274994, Jump: false, Attack: false
[14:50:45.374] [DEBUG] 데이터 수신: 11 바이트, 클라이언트 ID: 3
[14:50:45.374] [DEBUG] [ProcessPacket] Ping 수신, ClientId: 3
[14:50:45.375] [DEBUG] [SendPacket] WSASend 요청 성공 - 컨텍스트: ServerPong, 보낸 크기: 11, 클라이언트 ID: 3
[14:50:45.375] [INFO] [Packet] Pong 전송 - ClientId: 3
[14:50:45.375] [DEBUG] 데이터 수신: 21 바이트, 클라이언트 ID: 3
[14:50:45.376] [INFO] 입력 패킷 수신 - 클라이언트 ID: 3, Forward: 1.000000, Right: 0.000000, Yaw: 257.700012, Jump: false, Attack: false
[14:50:45.376] [DEBUG] 데이터 수신: 11 바이트, 클라이언트 ID: 4
[14:50:45.376] [DEBUG] [ProcessPacket] Ping 수신, ClientId: 4
[14:50:45.376] [DEBUG] [SendPacket] WSASend 요청 성공 - 컨텍스트: ServerPong, 보낸 크기: 11, 클라이언트 ID: 4
[14:50:45.377] [INFO] [Packet] Pong 전송 - ClientId: 4
[14:50:45.408] [DEBUG] 데이터 수신: 21 바이트, 클라이언트 ID: 3
[14:50:45.408] [INFO] 입력 패킷 수신 - 클라이언트 ID: 3, Forward: 1.000000, Right: 0.000000, Yaw: 255.774994, Jump: false, Attack: false
[14:50:45.481] [DEBUG] 데이터 수신: 21 바이트, 클라이언트 ID: 3
[14:50:45.481] [INFO] 입력 패킷 수신 - 클라이언트 ID: 3, Forward: 1.000000, Right: 0.000000, Yaw: 254.375000, Jump: false, Attack: false
[14:50:45.526] [DEBUG] 데이터 수신: 21 바이트, 클라이언트 ID: 3
[14:50:45.526] [INFO] 입력 패킷 수신 - 클라이언트 ID: 3, Forward: 1.000000, Right: 0.000000, Yaw: 253.149994, Jump: false, Attack: false
[14:50:45.581] [DEBUG] 데이터 수신: 21 바이트, 클라이언트 ID: 3
[14:50:45.582] [INFO] 입력 패킷 수신 - 클라이언트 ID: 3, Forward: 1.000000, Right: 0.000000, Yaw: 252.274994, Jump: false, Attack: false
[14:50:45.629] [DEBUG] 데이터 수신: 21 바이트, 클라이언트 ID: 3
[14:50:45.629] [INFO] 입력 패킷 수신 - 클라이언트 ID: 3, Forward: 1.000000, Right: 0.000000, Yaw: 251.750000, Jump: false, Attack: false
[14:50:45.680] [DEBUG] 데이터 수신: 21 바이트, 클라이언트 ID: 3
[14:50:45.680] [INFO] 입력 패킷 수신 - 클라이언트 ID: 3, Forward: 1.000000, Right: 0.000000, Yaw: 250.175003, Jump: false, Attack: false
[14:50:46.353] [DEBUG] 데이터 수신: 21 바이트, 클라이언트 ID: 3
[14:50:46.353] [INFO] 입력 패킷 수신 - 클라이언트 ID: 3, Forward: 1.000000, Right: 0.000000, Yaw: 244.574997, Jump: false, Attack: false
[14:50:46.401] [DEBUG] 데이터 수신: 11 바이트, 클라이언트 ID: 3
[14:50:46.402] [DEBUG] [ProcessPacket] Ping 수신, ClientId: 3
[14:50:46.402] [DEBUG] [SendPacket] WSASend 요청 성공 - 컨텍스트: ServerPong, 보낸 크기: 11, 클라이언트 ID: 3
[14:50:46.402] [INFO] [Packet] Pong 전송 - ClientId: 3
[14:50:46.403] [DEBUG] 데이터 수신: 21 바이트, 클라이언트 ID: 3
[14:50:46.403] [INFO] 입력 패킷 수신 - 클라이언트 ID: 3, Forward: 1.000000, Right: 0.000000, Yaw: 244.399994, Jump: false, Attack: false
[14:50:46.403] [DEBUG] 데이터 수신: 11 바이트, 클라이언트 ID: 4
[14:50:46.403] [DEBUG] [ProcessPacket] Ping 수신, ClientId: 4
[14:50:46.404] [DEBUG] [SendPacket] WSASend 요청 성공 - 컨텍스트: ServerPong, 보낸 크기: 11, 클라이언트 ID: 4
[14:50:46.404] [INFO] [Packet] Pong 전송 - ClientId: 4
[14:50:46.448] [DEBUG] 데이터 수신: 21 바이트, 클라이언트 ID: 3
[14:50:46.449] [INFO] 입력 패킷 수신 - 클라이언트 ID: 3, Forward: 1.000000, Right: 0.000000, Yaw: 243.524994, Jump: false, Attack: false
[14:50:46.497] [DEBUG] 데이터 수신: 21 바이트, 클라이언트 ID: 3
[14:50:46.498] [INFO] 입력 패킷 수신 - 클라이언트 ID: 3, Forward: 1.000000, Right: 0.000000, Yaw: 243.350006, Jump: false, Attack: false
[14:50:46.546] [DEBUG] 데이터 수신: 21 바이트, 클라이언트 ID: 3
[14:50:46.546] [INFO] 입력 패킷 수신 - 클라이언트 ID: 3, Forward: 1.000000, Right: 0.000000, Yaw: 243.350006, Jump: false, Attack: false
[14:50:46.594] [DEBUG] 데이터 수신: 21 바이트, 클라이언트 ID: 3
[14:50:46.595] [INFO] 입력 패킷 수신 - 클라이언트 ID: 3, Forward: 1.000000, Right: 0.000000, Yaw: 243.175003, Jump: false, Attack: false
[14:50:46.642] [DEBUG] 데이터 수신: 21 바이트, 클라이언트 ID: 3
[14:50:46.643] [INFO] 입력 패킷 수신 - 클라이언트 ID: 3, Forward: 1.000000, Right: 0.000000, Yaw: 243.175003, Jump: false, Attack: false
[14:50:47.418] [DEBUG] 데이터 수신: 11 바이트, 클라이언트 ID: 3
[14:50:47.418] [DEBUG] [ProcessPacket] Ping 수신, ClientId: 3
[14:50:47.419] [DEBUG] [SendPacket] WSASend 요청 성공 - 컨텍스트: ServerPong, 보낸 크기: 11, 클라이언트 ID: 3
[14:50:47.419] [INFO] [Packet] Pong 전송 - ClientId: 3
[14:50:47.419] [DEBUG] 데이터 수신: 11 바이트, 클라이언트 ID: 4
[14:50:47.420] [DEBUG] [ProcessPacket] Ping 수신, ClientId: 4
[14:50:47.420] [DEBUG] [SendPacket] WSASend 요청 성공 - 컨텍스트: ServerPong, 보낸 크기: 11, 클라이언트 ID: 4
[14:50:47.420] [INFO] [Packet] Pong 전송 - ClientId: 4
[14:50:47.518] [DEBUG] 데이터 수신: 21 바이트, 클라이언트 ID: 3
[14:50:47.519] [INFO] 입력 패킷 수신 - 클라이언트 ID: 3, Forward: 0.000000, Right: 1.000000, Yaw: 227.949997, Jump: false, Attack: false
[14:50:47.569] [DEBUG] 데이터 수신: 21 바이트, 클라이언트 ID: 3
[14:50:47.570] [INFO] 입력 패킷 수신 - 클라이언트 ID: 3, Forward: 0.000000, Right: 1.000000, Yaw: 223.225006, Jump: false, Attack: false
[14:50:47.618] [DEBUG] 데이터 수신: 21 바이트, 클라이언트 ID: 3
[14:50:47.618] [INFO] 입력 패킷 수신 - 클라이언트 ID: 3, Forward: 0.000000, Right: 1.000000, Yaw: 223.225006, Jump: false, Attack: false
[14:50:47.667] [DEBUG] 데이터 수신: 21 바이트, 클라이언트 ID: 3
[14:50:47.667] [INFO] 입력 패킷 수신 - 클라이언트 ID: 3, Forward: 0.000000, Right: 1.000000, Yaw: 222.875000, Jump: false, Attack: false
[14:50:47.716] [DEBUG] 데이터 수신: 21 바이트, 클라이언트 ID: 3
[14:50:47.716] [INFO] 입력 패킷 수신 - 클라이언트 ID: 3, Forward: 1.000000, Right: 1.000000, Yaw: 221.649994, Jump: false, Attack: false
[14:50:47.764] [DEBUG] 데이터 수신: 21 바이트, 클라이언트 ID: 3
[14:50:47.765] [INFO] 입력 패킷 수신 - 클라이언트 ID: 3, Forward: 1.000000, Right: 1.000000, Yaw: 218.675003, Jump: false, Attack: false
[14:50:47.812] [DEBUG] 데이터 수신: 21 바이트, 클라이언트 ID: 3
[14:50:47.813] [INFO] 입력 패킷 수신 - 클라이언트 ID: 3, Forward: 1.000000, Right: 1.000000, Yaw: 217.100006, Jump: false, Attack: false
[14:50:47.860] [DEBUG] 데이터 수신: 21 바이트, 클라이언트 ID: 3
[14:50:47.861] [INFO] 입력 패킷 수신 - 클라이언트 ID: 3, Forward: 1.000000, Right: 1.000000, Yaw: 215.699997, Jump: false, Attack: false
[14:50:47.909] [DEBUG] 데이터 수신: 21 바이트, 클라이언트 ID: 3
[14:50:47.910] [INFO] 입력 패킷 수신 - 클라이언트 ID: 3, Forward: 1.000000, Right: 0.000000, Yaw: 214.300003, Jump: false, Attack: false
[14:50:47.959] [DEBUG] 데이터 수신: 21 바이트, 클라이언트 ID: 3
[14:50:47.959] [INFO] 입력 패킷 수신 - 클라이언트 ID: 3, Forward: 1.000000, Right: 0.000000, Yaw: 212.024994, Jump: false, Attack: false
[14:50:48.007] [DEBUG] 데이터 수신: 21 바이트, 클라이언트 ID: 3
[14:50:48.007] [INFO] 입력 패킷 수신 - 클라이언트 ID: 3, Forward: 1.000000, Right: 0.000000, Yaw: 209.750000, Jump: false, Attack: false
[14:50:48.055] [DEBUG] 데이터 수신: 21 바이트, 클라이언트 ID: 3
[14:50:48.055] [INFO] 입력 패킷 수신 - 클라이언트 ID: 3, Forward: 1.000000, Right: 0.000000, Yaw: 208.350006, Jump: false, Attack: false
[14:50:48.121] [DEBUG] 데이터 수신: 21 바이트, 클라이언트 ID: 3
[14:50:48.121] [INFO] 입력 패킷 수신 - 클라이언트 ID: 3, Forward: 1.000000, Right: 0.000000, Yaw: 207.125000, Jump: false, Attack: false
[14:50:48.178] [DEBUG] 데이터 수신: 21 바이트, 클라이언트 ID: 3
[14:50:48.178] [INFO] 입력 패킷 수신 - 클라이언트 ID: 3, Forward: 1.000000, Right: 0.000000, Yaw: 206.425003, Jump: false, Attack: false
[14:50:48.226] [DEBUG] 데이터 수신: 21 바이트, 클라이언트 ID: 3
[14:50:48.227] [INFO] 입력 패킷 수신 - 클라이언트 ID: 3, Forward: 1.000000, Right: 0.000000, Yaw: 206.425003, Jump: false, Attack: false
[14:50:48.275] [DEBUG] 데이터 수신: 21 바이트, 클라이언트 ID: 3
[14:50:48.276] [INFO] 입력 패킷 수신 - 클라이언트 ID: 3, Forward: 0.000000, Right: 1.000000, Yaw: 206.425003, Jump: false, Attack: false
[14:50:48.324] [DEBUG] 데이터 수신: 21 바이트, 클라이언트 ID: 3
[14:50:48.324] [INFO] 입력 패킷 수신 - 클라이언트 ID: 3, Forward: 0.000000, Right: 1.000000, Yaw: 206.425003, Jump: false, Attack: false
[14:50:48.377] [DEBUG] 데이터 수신: 21 바이트, 클라이언트 ID: 3
[14:50:48.377] [INFO] 입력 패킷 수신 - 클라이언트 ID: 3, Forward: 0.000000, Right: 1.000000, Yaw: 206.250000, Jump: false, Attack: true
[14:50:48.421] [DEBUG] 데이터 수신: 11 바이트, 클라이언트 ID: 3
[14:50:48.421] [DEBUG] [ProcessPacket] Ping 수신, ClientId: 3
[14:50:48.422] [DEBUG] [SendPacket] WSASend 요청 성공 - 컨텍스트: ServerPong, 보낸 크기: 11, 클라이언트 ID: 3
[14:50:48.422] [INFO] [Packet] Pong 전송 - ClientId: 3
[14:50:48.422] [DEBUG] 데이터 수신: 21 바이트, 클라이언트 ID: 3
[14:50:48.422] [INFO] 입력 패킷 수신 - 클라이언트 ID: 3, Forward: 0.000000, Right: 1.000000, Yaw: 206.250000, Jump: false, Attack: true
[14:50:48.423] [DEBUG] 데이터 수신: 11 바이트, 클라이언트 ID: 4
[14:50:48.423] [DEBUG] [ProcessPacket] Ping 수신, ClientId: 4
[14:50:48.423] [DEBUG] [SendPacket] WSASend 요청 성공 - 컨텍스트: ServerPong, 보낸 크기: 11, 클라이언트 ID: 4
[14:50:48.424] [INFO] [Packet] Pong 전송 - ClientId: 4
[14:50:48.469] [DEBUG] 데이터 수신: 21 바이트, 클라이언트 ID: 3
[14:50:48.470] [INFO] 입력 패킷 수신 - 클라이언트 ID: 3, Forward: 0.000000, Right: 1.000000, Yaw: 206.250000, Jump: false, Attack: false
[14:50:48.520] [DEBUG] 데이터 수신: 21 바이트, 클라이언트 ID: 3
[14:50:48.520] [INFO] 입력 패킷 수신 - 클라이언트 ID: 3, Forward: 0.000000, Right: 1.000000, Yaw: 206.074997, Jump: false, Attack: false
[14:50:48.569] [DEBUG] 데이터 수신: 21 바이트, 클라이언트 ID: 3
[14:50:48.570] [INFO] 입력 패킷 수신 - 클라이언트 ID: 3, Forward: 0.000000, Right: 1.000000, Yaw: 205.899994, Jump: false, Attack: false
[14:50:48.619] [DEBUG] 데이터 수신: 21 바이트, 클라이언트 ID: 3
[14:50:48.619] [INFO] 입력 패킷 수신 - 클라이언트 ID: 3, Forward: 0.000000, Right: 1.000000, Yaw: 203.975006, Jump: false, Attack: false
[14:50:48.676] [DEBUG] 데이터 수신: 21 바이트, 클라이언트 ID: 3
[14:50:48.677] [INFO] 입력 패킷 수신 - 클라이언트 ID: 3, Forward: 0.000000, Right: 1.000000, Yaw: 202.925003, Jump: false, Attack: false
[14:50:48.731] [DEBUG] 데이터 수신: 21 바이트, 클라이언트 ID: 3
[14:50:48.733] [INFO] 입력 패킷 수신 - 클라이언트 ID: 3, Forward: 0.000000, Right: 1.000000, Yaw: 201.699997, Jump: false, Attack: false
[14:50:48.786] [DEBUG] 데이터 수신: 21 바이트, 클라이언트 ID: 3
[14:50:48.786] [INFO] 입력 패킷 수신 - 클라이언트 ID: 3, Forward: 0.000000, Right: 1.000000, Yaw: 200.824997, Jump: false, Attack: false
[14:50:48.837] [DEBUG] 데이터 수신: 21 바이트, 클라이언트 ID: 3
[14:50:48.837] [INFO] 입력 패킷 수신 - 클라이언트 ID: 3, Forward: 0.000000, Right: 1.000000, Yaw: 200.824997, Jump: false, Attack: false
[14:50:48.889] [DEBUG] 데이터 수신: 21 바이트, 클라이언트 ID: 3
[14:50:48.890] [INFO] 입력 패킷 수신 - 클라이언트 ID: 3, Forward: 0.000000, Right: 1.000000, Yaw: 200.824997, Jump: false, Attack: false
[14:50:48.939] [DEBUG] 데이터 수신: 21 바이트, 클라이언트 ID: 3
[14:50:48.940] [INFO] 입력 패킷 수신 - 클라이언트 ID: 3, Forward: 0.000000, Right: 1.000000, Yaw: 200.824997, Jump: false, Attack: false
[14:50:49.009] [DEBUG] 데이터 수신: 21 바이트, 클라이언트 ID: 3
[14:50:49.010] [INFO] 입력 패킷 수신 - 클라이언트 ID: 3, Forward: -1.000000, Right: 1.000000, Yaw: 200.300003, Jump: false, Attack: false
[14:50:49.047] [DEBUG] 데이터 수신: 21 바이트, 클라이언트 ID: 3
[14:50:49.047] [INFO] 입력 패킷 수신 - 클라이언트 ID: 3, Forward: -1.000000, Right: 0.000000, Yaw: 199.425003, Jump: false, Attack: false
[14:50:49.099] [DEBUG] 데이터 수신: 21 바이트, 클라이언트 ID: 3
[14:50:49.099] [INFO] 입력 패킷 수신 - 클라이언트 ID: 3, Forward: -1.000000, Right: 0.000000, Yaw: 199.425003, Jump: false, Attack: false
[14:50:49.148] [DEBUG] 데이터 수신: 21 바이트, 클라이언트 ID: 3
[14:50:49.149] [INFO] 입력 패킷 수신 - 클라이언트 ID: 3, Forward: -1.000000, Right: 0.000000, Yaw: 199.250000, Jump: false, Attack: false
[14:50:49.196] [DEBUG] 데이터 수신: 21 바이트, 클라이언트 ID: 3
[14:50:49.196] [INFO] 입력 패킷 수신 - 클라이언트 ID: 3, Forward: -1.000000, Right: 0.000000, Yaw: 198.899994, Jump: false, Attack: false
[14:50:49.246] [DEBUG] 데이터 수신: 21 바이트, 클라이언트 ID: 3
[14:50:49.247] [INFO] 입력 패킷 수신 - 클라이언트 ID: 3, Forward: -1.000000, Right: 0.000000, Yaw: 196.274994, Jump: false, Attack: false
[14:50:49.294] [DEBUG] 데이터 수신: 21 바이트, 클라이언트 ID: 3
[14:50:49.295] [INFO] 입력 패킷 수신 - 클라이언트 ID: 3, Forward: -1.000000, Right: 0.000000, Yaw: 191.725006, Jump: false, Attack: false
[14:50:49.347] [DEBUG] 데이터 수신: 21 바이트, 클라이언트 ID: 3
[14:50:49.347] [INFO] 입력 패킷 수신 - 클라이언트 ID: 3, Forward: -1.000000, Right: 0.000000, Yaw: 189.625000, Jump: false, Attack: false
[14:50:49.398] [DEBUG] 데이터 수신: 21 바이트, 클라이언트 ID: 3
[14:50:49.399] [INFO] 입력 패킷 수신 - 클라이언트 ID: 3, Forward: -1.000000, Right: 0.000000, Yaw: 185.425003, Jump: false, Attack: false
[14:50:49.446] [DEBUG] 데이터 수신: 11 바이트, 클라이언트 ID: 3
[14:50:49.446] [DEBUG] [ProcessPacket] Ping 수신, ClientId: 3
[14:50:49.447] [DEBUG] [SendPacket] WSASend 요청 성공 - 컨텍스트: ServerPong, 보낸 크기: 11, 클라이언트 ID: 3
[14:50:49.447] [INFO] [Packet] Pong 전송 - ClientId: 3
[14:50:49.447] [DEBUG] 데이터 수신: 21 바이트, 클라이언트 ID: 3
[14:50:49.447] [INFO] 입력 패킷 수신 - 클라이언트 ID: 3, Forward: 0.000000, Right: -1.000000, Yaw: 183.675003, Jump: false, Attack: false
[14:50:49.448] [DEBUG] 데이터 수신: 11 바이트, 클라이언트 ID: 4
[14:50:49.448] [DEBUG] [ProcessPacket] Ping 수신, ClientId: 4
[14:50:49.448] [DEBUG] [SendPacket] WSASend 요청 성공 - 컨텍스트: ServerPong, 보낸 크기: 11, 클라이언트 ID: 4
[14:50:49.448] [INFO] [Packet] Pong 전송 - ClientId: 4
[14:50:49.516] [DEBUG] 데이터 수신: 21 바이트, 클라이언트 ID: 3
[14:50:49.517] [INFO] 입력 패킷 수신 - 클라이언트 ID: 3, Forward: 0.000000, Right: -1.000000, Yaw: 183.500000, Jump: false, Attack: false
[14:50:49.564] [DEBUG] 데이터 수신: 21 바이트, 클라이언트 ID: 3
[14:50:49.564] [INFO] 입력 패킷 수신 - 클라이언트 ID: 3, Forward: 0.000000, Right: -1.000000, Yaw: 183.149994, Jump: false, Attack: false
[14:50:49.611] [DEBUG] 데이터 수신: 21 바이트, 클라이언트 ID: 3
[14:50:49.612] [INFO] 입력 패킷 수신 - 클라이언트 ID: 3, Forward: 0.000000, Right: -1.000000, Yaw: 183.149994, Jump: false, Attack: false
[14:50:49.659] [DEBUG] 데이터 수신: 21 바이트, 클라이언트 ID: 3
[14:50:49.660] [INFO] 입력 패킷 수신 - 클라이언트 ID: 3, Forward: 0.000000, Right: -1.000000, Yaw: 183.149994, Jump: false, Attack: false
[14:50:49.707] [DEBUG] 데이터 수신: 21 바이트, 클라이언트 ID: 3
[14:50:49.708] [INFO] 입력 패킷 수신 - 클라이언트 ID: 3, Forward: 0.000000, Right: -1.000000, Yaw: 183.149994, Jump: false, Attack: false
[14:50:49.759] [DEBUG] 데이터 수신: 21 바이트, 클라이언트 ID: 3
[14:50:49.759] [INFO] 입력 패킷 수신 - 클라이언트 ID: 3, Forward: 0.000000, Right: -1.000000, Yaw: 183.149994, Jump: false, Attack: false
[14:50:49.905] [DEBUG] 데이터 수신: 21 바이트, 클라이언트 ID: 3
[14:50:49.905] [INFO] 입력 패킷 수신 - 클라이언트 ID: 3, Forward: 1.000000, Right: 0.000000, Yaw: 184.024994, Jump: false, Attack: false
[14:50:49.955] [DEBUG] 데이터 수신: 21 바이트, 클라이언트 ID: 3
[14:50:49.956] [INFO] 입력 패킷 수신 - 클라이언트 ID: 3, Forward: 1.000000, Right: 0.000000, Yaw: 184.024994, Jump: false, Attack: false
[14:50:50.006] [DEBUG] 데이터 수신: 21 바이트, 클라이언트 ID: 3
[14:50:50.007] [INFO] 입력 패킷 수신 - 클라이언트 ID: 3, Forward: 1.000000, Right: 0.000000, Yaw: 184.024994, Jump: false, Attack: true
[14:50:50.053] [DEBUG] 데이터 수신: 21 바이트, 클라이언트 ID: 3
[14:50:50.053] [INFO] 입력 패킷 수신 - 클라이언트 ID: 3, Forward: 1.000000, Right: 0.000000, Yaw: 184.024994, Jump: false, Attack: true
[14:50:50.100] [DEBUG] 데이터 수신: 21 바이트, 클라이언트 ID: 3
[14:50:50.100] [INFO] 입력 패킷 수신 - 클라이언트 ID: 3, Forward: 1.000000, Right: 0.000000, Yaw: 184.024994, Jump: false, Attack: false
[14:50:50.381] [DEBUG] 데이터 수신: 21 바이트, 클라이언트 ID: 3
[14:50:50.382] [INFO] 입력 패킷 수신 - 클라이언트 ID: 3, Forward: 0.000000, Right: -1.000000, Yaw: 184.024994, Jump: false, Attack: false
[14:50:50.428] [DEBUG] 데이터 수신: 21 바이트, 클라이언트 ID: 3
[14:50:50.428] [INFO] 입력 패킷 수신 - 클라이언트 ID: 3, Forward: 0.000000, Right: -1.000000, Yaw: 184.024994, Jump: false, Attack: false
[14:50:50.473] [DEBUG] 데이터 수신: 11 바이트, 클라이언트 ID: 3
[14:50:50.474] [DEBUG] [ProcessPacket] Ping 수신, ClientId: 3
[14:50:50.474] [DEBUG] [SendPacket] WSASend 요청 성공 - 컨텍스트: ServerPong, 보낸 크기: 11, 클라이언트 ID: 3
[14:50:50.475] [INFO] [Packet] Pong 전송 - ClientId: 3
[14:50:50.475] [DEBUG] 데이터 수신: 21 바이트, 클라이언트 ID: 3
[14:50:50.475] [INFO] 입력 패킷 수신 - 클라이언트 ID: 3, Forward: 0.000000, Right: -1.000000, Yaw: 184.024994, Jump: false, Attack: false
[14:50:50.475] [DEBUG] 데이터 수신: 11 바이트, 클라이언트 ID: 4
[14:50:50.475] [DEBUG] [ProcessPacket] Ping 수신, ClientId: 4
[14:50:50.476] [DEBUG] [SendPacket] WSASend 요청 성공 - 컨텍스트: ServerPong, 보낸 크기: 11, 클라이언트 ID: 4
[14:50:50.476] [INFO] [Packet] Pong 전송 - ClientId: 4
[14:50:50.524] [DEBUG] 데이터 수신: 21 바이트, 클라이언트 ID: 3
[14:50:50.525] [INFO] 입력 패킷 수신 - 클라이언트 ID: 3, Forward: 0.000000, Right: -1.000000, Yaw: 184.024994, Jump: false, Attack: false
[14:50:50.573] [DEBUG] 데이터 수신: 21 바이트, 클라이언트 ID: 3
[14:50:50.574] [INFO] 입력 패킷 수신 - 클라이언트 ID: 3, Forward: 0.000000, Right: -1.000000, Yaw: 184.024994, Jump: false, Attack: false
[14:50:50.621] [DEBUG] 데이터 수신: 21 바이트, 클라이언트 ID: 3
[14:50:50.621] [INFO] 입력 패킷 수신 - 클라이언트 ID: 3, Forward: 0.000000, Right: -1.000000, Yaw: 184.024994, Jump: false, Attack: false
[14:50:50.668] [DEBUG] 데이터 수신: 21 바이트, 클라이언트 ID: 3
[14:50:50.669] [INFO] 입력 패킷 수신 - 클라이언트 ID: 3, Forward: 0.000000, Right: -1.000000, Yaw: 184.024994, Jump: false, Attack: false
[14:50:50.718] [DEBUG] 데이터 수신: 21 바이트, 클라이언트 ID: 3
[14:50:50.719] [INFO] 입력 패킷 수신 - 클라이언트 ID: 3, Forward: 0.000000, Right: -1.000000, Yaw: 184.024994, Jump: false, Attack: false
[14:50:50.766] [DEBUG] 데이터 수신: 21 바이트, 클라이언트 ID: 3
[14:50:50.766] [INFO] 입력 패킷 수신 - 클라이언트 ID: 3, Forward: 0.000000, Right: -1.000000, Yaw: 184.024994, Jump: false, Attack: false
[14:50:50.814] [DEBUG] 데이터 수신: 21 바이트, 클라이언트 ID: 3
[14:50:50.815] [INFO] 입력 패킷 수신 - 클라이언트 ID: 3, Forward: 0.000000, Right: -1.000000, Yaw: 184.024994, Jump: false, Attack: false
[14:50:50.862] [DEBUG] 데이터 수신: 21 바이트, 클라이언트 ID: 3
[14:50:50.862] [INFO] 입력 패킷 수신 - 클라이언트 ID: 3, Forward: 0.000000, Right: -1.000000, Yaw: 184.024994, Jump: false, Attack: false
[14:50:50.909] [DEBUG] 데이터 수신: 21 바이트, 클라이언트 ID: 3
[14:50:50.910] [INFO] 입력 패킷 수신 - 클라이언트 ID: 3, Forward: 0.000000, Right: -1.000000, Yaw: 184.024994, Jump: false, Attack: false
[14:50:50.958] [DEBUG] 데이터 수신: 21 바이트, 클라이언트 ID: 3
[14:50:50.959] [INFO] 입력 패킷 수신 - 클라이언트 ID: 3, Forward: 0.000000, Right: -1.000000, Yaw: 184.024994, Jump: false, Attack: false
[14:50:51.006] [DEBUG] 데이터 수신: 21 바이트, 클라이언트 ID: 3
[14:50:51.007] [INFO] 입력 패킷 수신 - 클라이언트 ID: 3, Forward: 0.000000, Right: -1.000000, Yaw: 185.074997, Jump: false, Attack: false
[14:50:51.055] [DEBUG] 데이터 수신: 21 바이트, 클라이언트 ID: 3
[14:50:51.056] [INFO] 입력 패킷 수신 - 클라이언트 ID: 3, Forward: 1.000000, Right: -1.000000, Yaw: 184.899994, Jump: false, Attack: false
[14:50:51.107] [DEBUG] 데이터 수신: 21 바이트, 클라이언트 ID: 3
[14:50:51.108] [INFO] 입력 패킷 수신 - 클라이언트 ID: 3, Forward: 1.000000, Right: 0.000000, Yaw: 184.725006, Jump: false, Attack: false
[14:50:51.159] [DEBUG] 데이터 수신: 21 바이트, 클라이언트 ID: 3
[14:50:51.159] [INFO] 입력 패킷 수신 - 클라이언트 ID: 3, Forward: 1.000000, Right: 0.000000, Yaw: 184.550003, Jump: false, Attack: false
[14:50:51.218] [DEBUG] 데이터 수신: 21 바이트, 클라이언트 ID: 3
[14:50:51.218] [INFO] 입력 패킷 수신 - 클라이언트 ID: 3, Forward: 1.000000, Right: 0.000000, Yaw: 184.550003, Jump: false, Attack: false
[14:50:51.266] [DEBUG] 데이터 수신: 21 바이트, 클라이언트 ID: 3
[14:50:51.266] [INFO] 입력 패킷 수신 - 클라이언트 ID: 3, Forward: 1.000000, Right: 0.000000, Yaw: 184.550003, Jump: false, Attack: false
[14:50:51.325] [DEBUG] 데이터 수신: 21 바이트, 클라이언트 ID: 3
[14:50:51.326] [INFO] 입력 패킷 수신 - 클라이언트 ID: 3, Forward: 1.000000, Right: 0.000000, Yaw: 185.074997, Jump: false, Attack: false
[14:50:51.373] [DEBUG] 데이터 수신: 21 바이트, 클라이언트 ID: 3
[14:50:51.373] [INFO] 입력 패킷 수신 - 클라이언트 ID: 3, Forward: 1.000000, Right: 0.000000, Yaw: 185.425003, Jump: false, Attack: false
[14:50:51.420] [DEBUG] 데이터 수신: 21 바이트, 클라이언트 ID: 3
[14:50:51.420] [INFO] 입력 패킷 수신 - 클라이언트 ID: 3, Forward: 1.000000, Right: 0.000000, Yaw: 185.600006, Jump: false, Attack: false
[14:50:51.474] [DEBUG] 데이터 수신: 21 바이트, 클라이언트 ID: 3
[14:50:51.474] [INFO] 입력 패킷 수신 - 클라이언트 ID: 3, Forward: 1.000000, Right: 0.000000, Yaw: 185.949997, Jump: false, Attack: false
[14:50:51.528] [DEBUG] 데이터 수신: 11 바이트, 클라이언트 ID: 3
[14:50:51.529] [DEBUG] [ProcessPacket] Ping 수신, ClientId: 3
[14:50:51.529] [DEBUG] [SendPacket] WSASend 요청 성공 - 컨텍스트: ServerPong, 보낸 크기: 11, 클라이언트 ID: 3
[14:50:51.530] [INFO] [Packet] Pong 전송 - ClientId: 3
[14:50:51.530] [DEBUG] 데이터 수신: 21 바이트, 클라이언트 ID: 3
[14:50:51.530] [INFO] 입력 패킷 수신 - 클라이언트 ID: 3, Forward: 1.000000, Right: 0.000000, Yaw: 185.949997, Jump: false, Attack: true
[14:50:51.530] [DEBUG] 데이터 수신: 11 바이트, 클라이언트 ID: 4
[14:50:51.531] [DEBUG] [ProcessPacket] Ping 수신, ClientId: 4
[14:50:51.531] [DEBUG] [SendPacket] WSASend 요청 성공 - 컨텍스트: ServerPong, 보낸 크기: 11, 클라이언트 ID: 4
[14:50:51.531] [INFO] [Packet] Pong 전송 - ClientId: 4
[14:50:51.573] [DEBUG] 데이터 수신: 21 바이트, 클라이언트 ID: 3
[14:50:51.574] [INFO] 입력 패킷 수신 - 클라이언트 ID: 3, Forward: 1.000000, Right: 0.000000, Yaw: 186.125000, Jump: false, Attack: true
[14:50:51.622] [DEBUG] 데이터 수신: 21 바이트, 클라이언트 ID: 3
[14:50:51.623] [INFO] 입력 패킷 수신 - 클라이언트 ID: 3, Forward: 1.000000, Right: 0.000000, Yaw: 186.125000, Jump: false, Attack: false
[14:50:51.672] [DEBUG] 데이터 수신: 21 바이트, 클라이언트 ID: 3
[14:50:51.673] [INFO] 입력 패킷 수신 - 클라이언트 ID: 3, Forward: 1.000000, Right: 0.000000, Yaw: 186.125000, Jump: false, Attack: false
[14:50:51.723] [DEBUG] 데이터 수신: 21 바이트, 클라이언트 ID: 3
[14:50:51.724] [INFO] 입력 패킷 수신 - 클라이언트 ID: 3, Forward: 1.000000, Right: 0.000000, Yaw: 186.125000, Jump: false, Attack: false
[14:50:51.778] [DEBUG] 데이터 수신: 21 바이트, 클라이언트 ID: 3
[14:50:51.779] [INFO] 입력 패킷 수신 - 클라이언트 ID: 3, Forward: 1.000000, Right: 0.000000, Yaw: 186.125000, Jump: false, Attack: false
[14:50:51.827] [DEBUG] 데이터 수신: 21 바이트, 클라이언트 ID: 3
[14:50:51.828] [INFO] 입력 패킷 수신 - 클라이언트 ID: 3, Forward: 1.000000, Right: 0.000000, Yaw: 186.125000, Jump: false, Attack: false
[14:50:51.878] [DEBUG] 데이터 수신: 21 바이트, 클라이언트 ID: 3
[14:50:51.879] [INFO] 입력 패킷 수신 - 클라이언트 ID: 3, Forward: 1.000000, Right: 0.000000, Yaw: 186.125000, Jump: false, Attack: false
[14:50:51.926] [DEBUG] 데이터 수신: 21 바이트, 클라이언트 ID: 3
[14:50:51.927] [INFO] 입력 패킷 수신 - 클라이언트 ID: 3, Forward: 1.000000, Right: -1.000000, Yaw: 186.125000, Jump: false, Attack: false
[14:50:51.974] [DEBUG] 데이터 수신: 21 바이트, 클라이언트 ID: 3
[14:50:51.974] [INFO] 입력 패킷 수신 - 클라이언트 ID: 3, Forward: 1.000000, Right: -1.000000, Yaw: 186.125000, Jump: false, Attack: false
[14:50:52.021] [DEBUG] 데이터 수신: 21 바이트, 클라이언트 ID: 3
[14:50:52.021] [INFO] 입력 패킷 수신 - 클라이언트 ID: 3, Forward: 1.000000, Right: -1.000000, Yaw: 186.125000, Jump: false, Attack: false
[14:50:52.074] [DEBUG] 데이터 수신: 21 바이트, 클라이언트 ID: 3
[14:50:52.074] [INFO] 입력 패킷 수신 - 클라이언트 ID: 3, Forward: 1.000000, Right: -1.000000, Yaw: 186.125000, Jump: false, Attack: false
[14:50:52.123] [DEBUG] 데이터 수신: 21 바이트, 클라이언트 ID: 3
[14:50:52.124] [INFO] 입력 패킷 수신 - 클라이언트 ID: 3, Forward: 0.000000, Right: -1.000000, Yaw: 186.125000, Jump: false, Attack: false
[14:50:52.172] [DEBUG] 데이터 수신: 21 바이트, 클라이언트 ID: 3
[14:50:52.172] [INFO] 입력 패킷 수신 - 클라이언트 ID: 3, Forward: 0.000000, Right: -1.000000, Yaw: 186.125000, Jump: false, Attack: false
[14:50:52.222] [DEBUG] 데이터 수신: 21 바이트, 클라이언트 ID: 3
[14:50:52.222] [INFO] 입력 패킷 수신 - 클라이언트 ID: 3, Forward: 0.000000, Right: -1.000000, Yaw: 186.125000, Jump: false, Attack: false
[14:50:52.270] [DEBUG] 데이터 수신: 21 바이트, 클라이언트 ID: 3
[14:50:52.271] [INFO] 입력 패킷 수신 - 클라이언트 ID: 3, Forward: 0.000000, Right: -1.000000, Yaw: 186.125000, Jump: false, Attack: false
[14:50:52.321] [DEBUG] 데이터 수신: 21 바이트, 클라이언트 ID: 3
[14:50:52.322] [INFO] 입력 패킷 수신 - 클라이언트 ID: 3, Forward: 0.000000, Right: -1.000000, Yaw: 186.125000, Jump: false, Attack: false
[14:50:52.370] [DEBUG] 데이터 수신: 21 바이트, 클라이언트 ID: 3
[14:50:52.370] [INFO] 입력 패킷 수신 - 클라이언트 ID: 3, Forward: 0.000000, Right: -1.000000, Yaw: 186.125000, Jump: false, Attack: false
[14:50:52.421] [DEBUG] 데이터 수신: 21 바이트, 클라이언트 ID: 3
[14:50:52.421] [INFO] 입력 패킷 수신 - 클라이언트 ID: 3, Forward: 0.000000, Right: -1.000000, Yaw: 186.125000, Jump: false, Attack: false
[14:50:52.566] [DEBUG] 데이터 수신: 11 바이트, 클라이언트 ID: 3
[14:50:52.566] [DEBUG] [ProcessPacket] Ping 수신, ClientId: 3
[14:50:52.567] [DEBUG] [SendPacket] WSASend 요청 성공 - 컨텍스트: ServerPong, 보낸 크기: 11, 클라이언트 ID: 3
[14:50:52.567] [INFO] [Packet] Pong 전송 - ClientId: 3
[14:50:52.567] [DEBUG] 데이터 수신: 11 바이트, 클라이언트 ID: 4
[14:50:52.567] [DEBUG] [ProcessPacket] Ping 수신, ClientId: 4
[14:50:52.568] [DEBUG] [SendPacket] WSASend 요청 성공 - 컨텍스트: ServerPong, 보낸 크기: 11, 클라이언트 ID: 4
[14:50:52.568] [INFO] [Packet] Pong 전송 - ClientId: 4
