[16:04:16.456] [INFO] 로깅 시스템 초기화됨
[16:04:16.457] [INFO] 서버 인스턴스 생성됨
[16:04:16.457] [INFO] 서버 초기화 시작 (포트: 9000)
[16:04:16.459] [INFO] 윈속 초기화 성공
[16:04:16.461] [INFO] 리스닝 소켓 생성 성공
[16:04:16.461] [INFO] 소켓 바인딩 성공 (포트: 9000)
[16:04:16.462] [INFO] 리스닝 시작됨
[16:04:16.462] [INFO] IOCP 생성 성공
[16:04:16.462] [INFO] CPU 코어 수: 16, 생성할 작업자 스레드: 16
[16:04:16.463] [INFO] 작업자 스레드 #1 생성됨
[16:04:16.464] [INFO] 작업자 스레드 시작 (ThreadID: 37288)
[16:04:16.465] [INFO] 작업자 스레드 #2 생성됨
[16:04:16.465] [INFO] 작업자 스레드 시작 (ThreadID: 39204)
[16:04:16.466] [INFO] 작업자 스레드 #3 생성됨
[16:04:16.466] [INFO] 작업자 스레드 시작 (ThreadID: 9760)
[16:04:16.467] [INFO] 작업자 스레드 #4 생성됨
[16:04:16.467] [INFO] 작업자 스레드 시작 (ThreadID: 29860)
[16:04:16.468] [INFO] 작업자 스레드 #5 생성됨
[16:04:16.469] [INFO] 작업자 스레드 시작 (ThreadID: 37468)
[16:04:16.469] [INFO] 작업자 스레드 #6 생성됨
[16:04:16.469] [INFO] 작업자 스레드 시작 (ThreadID: 31628)
[16:04:16.470] [INFO] 작업자 스레드 #7 생성됨
[16:04:16.471] [INFO] 작업자 스레드 시작 (ThreadID: 27792)
[16:04:16.472] [INFO] 작업자 스레드 #8 생성됨
[16:04:16.472] [INFO] 작업자 스레드 시작 (ThreadID: 18464)
[16:04:16.474] [INFO] 작업자 스레드 #9 생성됨
[16:04:16.474] [INFO] 작업자 스레드 시작 (ThreadID: 37336)
[16:04:16.475] [INFO] 작업자 스레드 #10 생성됨
[16:04:16.475] [INFO] 작업자 스레드 시작 (ThreadID: 28948)
[16:04:16.476] [INFO] 작업자 스레드 #11 생성됨
[16:04:16.476] [INFO] 작업자 스레드 시작 (ThreadID: 42452)
[16:04:16.477] [INFO] 작업자 스레드 #12 생성됨
[16:04:16.477] [INFO] 작업자 스레드 시작 (ThreadID: 40168)
[16:04:16.478] [INFO] 작업자 스레드 #13 생성됨
[16:04:16.479] [INFO] 작업자 스레드 시작 (ThreadID: 33608)
[16:04:16.480] [INFO] 작업자 스레드 #14 생성됨
[16:04:16.480] [INFO] 작업자 스레드 시작 (ThreadID: 38012)
[16:04:16.481] [INFO] 작업자 스레드 #15 생성됨
[16:04:16.481] [INFO] 작업자 스레드 시작 (ThreadID: 30928)
[16:04:16.482] [INFO] 작업자 스레드 #16 생성됨
[16:04:16.482] [INFO] 작업자 스레드 시작 (ThreadID: 21912)
[16:04:16.482] [INFO] 서버 초기화 완료
[16:04:16.483] [INFO] 서버 실행. 포트 번호: 9000
[16:04:16.483] [INFO] IOCP 멀티플레이어 서버 시작됨...
[16:04:16.483] [INFO] 서버 실행 시작
[16:04:16.484] [INFO] listenSocket 논블로킹 설정 성공
[16:04:16.484] [INFO] [Run] Update() 호출 직전
[16:04:16.484] [INFO] Update() 호출
[16:04:16.484] [INFO] Update() 호출 끝
[16:04:16.485] [INFO] [Run] Update() 호출 직후
