[16:36:57.081] [INFO] 로깅 시스템 초기화됨
[16:36:57.082] [INFO] 서버 인스턴스 생성됨
[16:36:57.082] [INFO] 서버 초기화 시작 (포트: 9000)
[16:36:57.083] [INFO] 윈속 초기화 성공
[16:36:57.083] [INFO] 리스닝 소켓 생성 성공
[16:36:57.083] [INFO] 소켓 바인딩 성공 (포트: 9000)
[16:36:57.084] [INFO] 리스닝 시작됨
[16:36:57.084] [INFO] IOCP 생성 성공
[16:36:57.084] [INFO] CPU 코어 수: 16, 생성할 작업자 스레드: 16
[16:36:57.084] [INFO] 작업자 스레드 #1 생성됨
[16:36:57.084] [INFO] 작업자 스레드 시작 (ThreadID: 27940)
[16:36:57.085] [INFO] 작업자 스레드 #2 생성됨
[16:36:57.085] [INFO] 작업자 스레드 시작 (ThreadID: 22060)
[16:36:57.085] [INFO] 작업자 스레드 #3 생성됨
[16:36:57.085] [INFO] 작업자 스레드 시작 (ThreadID: 26096)
[16:36:57.086] [INFO] 작업자 스레드 #4 생성됨
[16:36:57.086] [INFO] 작업자 스레드 시작 (ThreadID: 22616)
[16:36:57.086] [INFO] 작업자 스레드 #5 생성됨
[16:36:57.086] [INFO] 작업자 스레드 시작 (ThreadID: 29568)
[16:36:57.086] [INFO] 작업자 스레드 #6 생성됨
[16:36:57.087] [INFO] 작업자 스레드 시작 (ThreadID: 7608)
[16:36:57.087] [INFO] 작업자 스레드 #7 생성됨
[16:36:57.087] [INFO] 작업자 스레드 시작 (ThreadID: 29012)
[16:36:57.087] [INFO] 작업자 스레드 #8 생성됨
[16:36:57.087] [INFO] 작업자 스레드 시작 (ThreadID: 27664)
[16:36:57.088] [INFO] 작업자 스레드 #9 생성됨
[16:36:57.088] [INFO] 작업자 스레드 시작 (ThreadID: 27308)
[16:36:57.088] [INFO] 작업자 스레드 #10 생성됨
[16:36:57.088] [INFO] 작업자 스레드 시작 (ThreadID: 30508)
[16:36:57.088] [INFO] 작업자 스레드 #11 생성됨
[16:36:57.089] [INFO] 작업자 스레드 시작 (ThreadID: 24992)
[16:36:57.089] [INFO] 작업자 스레드 #12 생성됨
[16:36:57.089] [INFO] 작업자 스레드 시작 (ThreadID: 17044)
[16:36:57.089] [INFO] 작업자 스레드 #13 생성됨
[16:36:57.089] [INFO] 작업자 스레드 시작 (ThreadID: 32444)
[16:36:57.089] [INFO] 작업자 스레드 #14 생성됨
[16:36:57.090] [INFO] 작업자 스레드 시작 (ThreadID: 8244)
[16:36:57.090] [INFO] 작업자 스레드 #15 생성됨
[16:36:57.090] [INFO] 작업자 스레드 시작 (ThreadID: 25040)
[16:36:57.090] [INFO] 작업자 스레드 #16 생성됨
[16:36:57.090] [INFO] 작업자 스레드 시작 (ThreadID: 22328)
[16:36:57.090] [INFO] 서버 초기화 완료
[16:36:57.091] [INFO] 서버 실행. 포트 번호: 9000
[16:36:57.091] [INFO] IOCP 멀티플레이어 서버 시작됨...
[16:36:57.091] [INFO] 서버 실행 시작
[16:37:02.438] [INFO] 클라이언트 연결됨: 127.0.0.1:9465 (ID: 1)
[16:37:02.438] [INFO] 새 클라이언트에게 ID 1 전송됨
[16:37:02.438] [INFO] 새 플레이어 정보(ID: 1) 브로드캐스트 - 수신자 수: 0
[16:37:02.438] [INFO] 새 클라이언트에게 ID 1 전송됨, 초기 위치: X=0.000000, Y=0.000000, Z=90.000000
[16:37:02.439] [INFO] 기존 플레이어 정보 0개가 새 클라이언트(ID: 1)에게 전송됨
[16:37:02.439] [INFO] 서버 FPS: 0.373204, 평균 프레임 시간: 535.900024ms, 클라이언트 수: 1
[16:37:02.439] [INFO] 클라이언트 연결됨: 127.0.0.1:9466 (ID: 2)
[16:37:02.439] [INFO] 새 클라이언트에게 ID 2 전송됨
[16:37:02.439] [INFO] 새 플레이어 정보(ID: 2) 브로드캐스트 - 수신자 수: 1
[16:37:02.440] [INFO] 새 클라이언트에게 ID 2 전송됨, 초기 위치: X=300.000000, Y=0.000000, Z=90.000000
[16:37:02.440] [INFO] 기존 플레이어 정보 1개가 새 클라이언트(ID: 2)에게 전송됨
[16:37:02.440] [WARNING] 비정상적으로 긴 델타 타임: 5.359000초
[16:37:03.441] [INFO] [서버] PingPacket 수신 - ClientId: 1
[16:37:03.441] [INFO] [서버] PingPacket 수신 - ClientId: 2
[16:37:04.448] [INFO] [서버] PingPacket 수신 - ClientId: 1
[16:37:04.449] [INFO] [서버] PingPacket 수신 - ClientId: 2
[16:39:30.224] [INFO] 클라이언트 연결됨: 127.0.0.1:9480 (ID: 3)
[16:39:30.227] [INFO] 새 클라이언트에게 ID 3 전송됨
[16:39:30.228] [INFO] 새 플레이어 정보(ID: 3) 브로드캐스트 - 수신자 수: 2
[16:39:30.228] [INFO] 새 클라이언트에게 ID 3 전송됨, 초기 위치: X=-300.000000, Y=0.000000, Z=90.000000
[16:39:30.228] [INFO] 기존 플레이어 정보 2개가 새 클라이언트(ID: 3)에게 전송됨
[16:39:30.228] [WARNING] 클라이언트 Ping 타임아웃 발생 - ID: 1
[16:39:30.228] [WARNING] 클라이언트 Ping 타임아웃 발생 - ID: 2
[16:39:30.229] [INFO] 클라이언트 연결 끊김 (ID: 1)
[16:39:30.229] [INFO] 클라이언트 연결 중단 - ID: 1, 오류: 알 수 없는 오류: 1236
[16:39:30.229] [INFO] 클라이언트 연결 끊김 알림(ID: 1) - 수신자 수: 2
[16:39:30.230] [INFO] 클라이언트 연결 끊김 (ID: 2)
[16:39:30.230] [INFO] 클라이언트 연결 중단 - ID: 2, 오류: 알 수 없는 오류: 1236
[16:39:30.230] [INFO] 클라이언트 연결 끊김 알림(ID: 2) - 수신자 수: 1
[16:39:30.230] [WARNING] 존재하지 않는 클라이언트 ID를 제거하려고 시도: 1
[16:39:30.231] [WARNING] 존재하지 않는 클라이언트 ID를 제거하려고 시도: 2
[16:39:30.231] [INFO] 서버 FPS: 0.013533, 평균 프레임 시간: 15210.679688ms, 클라이언트 수: 1
[16:39:30.231] [INFO] 클라이언트 연결됨: 127.0.0.1:9481 (ID: 4)
[16:39:30.232] [INFO] 새 클라이언트에게 ID 4 전송됨
[16:39:30.232] [INFO] 새 플레이어 정보(ID: 4) 브로드캐스트 - 수신자 수: 1
[16:39:30.233] [INFO] 새 클라이언트에게 ID 4 전송됨, 초기 위치: X=0.000000, Y=300.000000, Z=90.000000
[16:39:30.233] [INFO] 기존 플레이어 정보 1개가 새 클라이언트(ID: 4)에게 전송됨
[16:39:30.233] [WARNING] 비정상적으로 긴 델타 타임: 147.766006초
[16:39:31.224] [INFO] [서버] PingPacket 수신 - ClientId: 3
[16:39:31.225] [INFO] [서버] PingPacket 수신 - ClientId: 4
[16:39:32.231] [INFO] [서버] PingPacket 수신 - ClientId: 3
[16:39:32.232] [INFO] [서버] PingPacket 수신 - ClientId: 4
