[19:58:01.554] [INFO] 로깅 시스템 초기화됨
[19:58:01.555] [INFO] 서버 인스턴스 생성됨
[19:58:01.555] [INFO] 서버 초기화 시작 (포트: 9000)
[19:58:01.556] [INFO] 윈속 초기화 성공
[19:58:01.556] [INFO] 리스닝 소켓 생성 성공
[19:58:01.557] [INFO] 소켓 바인딩 성공 (포트: 9000)
[19:58:01.557] [INFO] 리스닝 시작됨
[19:58:01.557] [INFO] IOCP 생성 성공
[19:58:01.557] [INFO] CPU 코어 수: 16, 생성할 작업자 스레드: 32
[19:58:01.557] [INFO] 작업자 스레드 #1 생성됨
[19:58:01.558] [INFO] 작업자 스레드 시작 (ThreadID: 31840)
[19:58:01.558] [INFO] 작업자 스레드 #2 생성됨
[19:58:01.558] [INFO] 작업자 스레드 시작 (ThreadID: 32112)
[19:58:01.558] [INFO] 작업자 스레드 #3 생성됨
[19:58:01.559] [INFO] 작업자 스레드 시작 (ThreadID: 8048)
[19:58:01.559] [INFO] 작업자 스레드 #4 생성됨
[19:58:01.559] [INFO] 작업자 스레드 시작 (ThreadID: 27024)
[19:58:01.559] [INFO] 작업자 스레드 #5 생성됨
[19:58:01.559] [INFO] 작업자 스레드 시작 (ThreadID: 26500)
[19:58:01.559] [INFO] 작업자 스레드 #6 생성됨
[19:58:01.559] [INFO] 작업자 스레드 시작 (ThreadID: 26040)
[19:58:01.560] [INFO] 작업자 스레드 #7 생성됨
[19:58:01.560] [INFO] 작업자 스레드 시작 (ThreadID: 29512)
[19:58:01.560] [INFO] 작업자 스레드 #8 생성됨
[19:58:01.560] [INFO] 작업자 스레드 시작 (ThreadID: 27332)
[19:58:01.560] [INFO] 작업자 스레드 #9 생성됨
[19:58:01.560] [INFO] 작업자 스레드 시작 (ThreadID: 32212)
[19:58:01.561] [INFO] 작업자 스레드 #10 생성됨
[19:58:01.561] [INFO] 작업자 스레드 시작 (ThreadID: 28288)
[19:58:01.561] [INFO] 작업자 스레드 #11 생성됨
[19:58:01.561] [INFO] 작업자 스레드 시작 (ThreadID: 25448)
[19:58:01.561] [INFO] 작업자 스레드 #12 생성됨
[19:58:01.561] [INFO] 작업자 스레드 시작 (ThreadID: 23244)
[19:58:01.562] [INFO] 작업자 스레드 #13 생성됨
[19:58:01.562] [INFO] 작업자 스레드 시작 (ThreadID: 11344)
[19:58:01.562] [INFO] 작업자 스레드 #14 생성됨
[19:58:01.562] [INFO] 작업자 스레드 시작 (ThreadID: 3408)
[19:58:01.562] [INFO] 작업자 스레드 #15 생성됨
[19:58:01.562] [INFO] 작업자 스레드 시작 (ThreadID: 27316)
[19:58:01.563] [INFO] 작업자 스레드 #16 생성됨
[19:58:01.563] [INFO] 작업자 스레드 시작 (ThreadID: 19416)
[19:58:01.563] [INFO] 작업자 스레드 #17 생성됨
[19:58:01.563] [INFO] 작업자 스레드 시작 (ThreadID: 3284)
[19:58:01.563] [INFO] 작업자 스레드 #18 생성됨
[19:58:01.564] [INFO] 작업자 스레드 시작 (ThreadID: 22672)
[19:58:01.564] [INFO] 작업자 스레드 #19 생성됨
[19:58:01.564] [INFO] 작업자 스레드 시작 (ThreadID: 3152)
[19:58:01.564] [INFO] 작업자 스레드 #20 생성됨
[19:58:01.564] [INFO] 작업자 스레드 시작 (ThreadID: 16908)
[19:58:01.565] [INFO] 작업자 스레드 #21 생성됨
[19:58:01.565] [INFO] 작업자 스레드 시작 (ThreadID: 16280)
[19:58:01.565] [INFO] 작업자 스레드 #22 생성됨
[19:58:01.565] [INFO] 작업자 스레드 시작 (ThreadID: 30608)
[19:58:01.565] [INFO] 작업자 스레드 #23 생성됨
[19:58:01.565] [INFO] 작업자 스레드 시작 (ThreadID: 28888)
[19:58:01.566] [INFO] 작업자 스레드 #24 생성됨
[19:58:01.566] [INFO] 작업자 스레드 시작 (ThreadID: 25052)
[19:58:01.566] [INFO] 작업자 스레드 #25 생성됨
[19:58:01.566] [INFO] 작업자 스레드 시작 (ThreadID: 22724)
[19:58:01.566] [INFO] 작업자 스레드 #26 생성됨
[19:58:01.567] [INFO] 작업자 스레드 시작 (ThreadID: 24912)
[19:58:01.567] [INFO] 작업자 스레드 #27 생성됨
[19:58:01.567] [INFO] 작업자 스레드 시작 (ThreadID: 26784)
[19:58:01.567] [INFO] 작업자 스레드 #28 생성됨
[19:58:01.567] [INFO] 작업자 스레드 시작 (ThreadID: 2760)
[19:58:01.567] [INFO] 작업자 스레드 #29 생성됨
[19:58:01.568] [INFO] 작업자 스레드 시작 (ThreadID: 30124)
[19:58:01.568] [INFO] 작업자 스레드 #30 생성됨
[19:58:01.568] [INFO] 작업자 스레드 시작 (ThreadID: 29276)
[19:58:01.568] [INFO] 작업자 스레드 #31 생성됨
[19:58:01.568] [INFO] 작업자 스레드 시작 (ThreadID: 1724)
[19:58:01.568] [INFO] 작업자 스레드 #32 생성됨
[19:58:01.569] [INFO] 작업자 스레드 시작 (ThreadID: 28608)
[19:58:01.569] [INFO] 서버 초기화 완료
[19:58:01.569] [INFO] 서버 실행. 포트 번호: 9000
[19:58:01.569] [INFO] IOCP 멀티플레이어 서버 시작됨...
[19:58:01.569] [INFO] 서버 실행 시작
[19:58:05.069] [INFO] 클라이언트 연결됨: 127.0.0.1:6307 (ID: 1)
[19:58:05.069] [INFO] 새 클라이언트에게 ID 1 전송됨
[19:58:05.069] [INFO] 새 플레이어 정보(ID: 1) 브로드캐스트 - 수신자 수: 0
[19:58:05.069] [INFO] 기존 플레이어 정보 0개가 새 클라이언트(ID: 1)에게 전송됨
[19:58:05.070] [INFO] 서버 FPS: 0.571429, 평균 프레임 시간: 350.000000ms, 클라이언트 수: 1
[19:58:05.070] [INFO] 클라이언트 연결됨: 127.0.0.1:6308 (ID: 2)
[19:58:05.070] [INFO] 새 클라이언트에게 ID 2 전송됨
[19:58:05.070] [INFO] 새 플레이어 정보(ID: 2) 브로드캐스트 - 수신자 수: 1
[19:58:05.071] [INFO] 기존 플레이어 정보 1개가 새 클라이언트(ID: 2)에게 전송됨
[19:58:05.071] [WARNING] 비정상적으로 긴 델타 타임: 3.500000초
[19:58:10.925] [INFO] 클라이언트가 정상적으로 연결 종료 - ID: 2
[19:58:10.925] [INFO] 클라이언트 연결 끊김 (ID: 2)
[19:58:10.925] [INFO] 클라이언트 연결 끊김 알림(ID: 2) - 수신자 수: 1
[19:58:10.944] [INFO] 클라이언트 연결 중단 - ID: 1, 오류: 알 수 없는 오류: 64
[19:58:10.944] [INFO] 클라이언트 연결 끊김 (ID: 1)
[19:58:10.944] [INFO] 클라이언트 연결 끊김 알림(ID: 1) - 수신자 수: 0
