[20:33:15.799] [INFO] 로깅 시스템 초기화됨
[20:33:15.799] [INFO] 서버 인스턴스 생성됨
[20:33:15.800] [INFO] 서버 초기화 시작 (포트: 9000)
[20:33:15.800] [INFO] 윈속 초기화 성공
[20:33:15.801] [INFO] 리스닝 소켓 생성 성공
[20:33:15.801] [INFO] 소켓 바인딩 성공 (포트: 9000)
[20:33:15.802] [INFO] 리스닝 시작됨
[20:33:15.802] [INFO] IOCP 생성 성공
[20:33:15.802] [INFO] CPU 코어 수: 16, 생성할 작업자 스레드: 16
[20:33:15.802] [INFO] 작업자 스레드 #1 생성됨
[20:33:15.803] [INFO] 작업자 스레드 시작 (ThreadID: 664)
[20:33:15.803] [INFO] 작업자 스레드 #2 생성됨
[20:33:15.803] [INFO] 작업자 스레드 시작 (ThreadID: 26272)
[20:33:15.812] [INFO] 작업자 스레드 #3 생성됨
[20:33:15.812] [INFO] 작업자 스레드 시작 (ThreadID: 26796)
[20:33:15.812] [INFO] 작업자 스레드 #4 생성됨
[20:33:15.812] [INFO] 작업자 스레드 시작 (ThreadID: 33136)
[20:33:15.812] [INFO] 작업자 스레드 #5 생성됨
[20:33:15.813] [INFO] 작업자 스레드 시작 (ThreadID: 31488)
[20:33:15.813] [INFO] 작업자 스레드 #6 생성됨
[20:33:15.813] [INFO] 작업자 스레드 시작 (ThreadID: 26788)
[20:33:15.813] [INFO] 작업자 스레드 #7 생성됨
[20:33:15.813] [INFO] 작업자 스레드 시작 (ThreadID: 13812)
[20:33:15.814] [INFO] 작업자 스레드 #8 생성됨
[20:33:15.814] [INFO] 작업자 스레드 시작 (ThreadID: 32648)
[20:33:15.814] [INFO] 작업자 스레드 #9 생성됨
[20:33:15.814] [INFO] 작업자 스레드 시작 (ThreadID: 34416)
[20:33:15.814] [INFO] 작업자 스레드 #10 생성됨
[20:33:15.814] [INFO] 작업자 스레드 시작 (ThreadID: 20584)
[20:33:15.815] [INFO] 작업자 스레드 #11 생성됨
[20:33:15.815] [INFO] 작업자 스레드 시작 (ThreadID: 32044)
[20:33:15.815] [INFO] 작업자 스레드 #12 생성됨
[20:33:15.815] [INFO] 작업자 스레드 시작 (ThreadID: 19952)
[20:33:15.815] [INFO] 작업자 스레드 #13 생성됨
[20:33:15.815] [INFO] 작업자 스레드 시작 (ThreadID: 33840)
[20:33:15.816] [INFO] 작업자 스레드 #14 생성됨
[20:33:15.816] [INFO] 작업자 스레드 시작 (ThreadID: 27488)
[20:33:15.816] [INFO] 작업자 스레드 #15 생성됨
[20:33:15.816] [INFO] 작업자 스레드 시작 (ThreadID: 7372)
[20:33:15.816] [INFO] 작업자 스레드 #16 생성됨
[20:33:15.816] [INFO] 작업자 스레드 시작 (ThreadID: 32708)
[20:33:15.816] [INFO] 서버 초기화 완료
[20:33:15.817] [INFO] 서버 실행. 포트 번호: 9000
[20:33:15.817] [INFO] IOCP 멀티플레이어 서버 시작됨...
[20:33:15.817] [INFO] 서버 실행 시작
