[16:53:56.819] [INFO] 로깅 시스템 초기화됨
[16:53:56.819] [INFO] 서버 인스턴스 생성됨
[16:53:56.820] [INFO] 서버 초기화 시작 (포트: 9000)
[16:53:56.820] [INFO] 윈속 초기화 성공
[16:53:56.821] [INFO] 리스닝 소켓 생성 성공
[16:53:56.821] [INFO] 소켓 바인딩 성공 (포트: 9000)
[16:53:56.821] [INFO] 리스닝 시작됨
[16:53:56.821] [INFO] IOCP 생성 성공
[16:53:56.822] [INFO] CPU 코어 수: 16, 생성할 작업자 스레드: 16
[16:53:56.822] [INFO] 작업자 스레드 #1 생성됨
[16:53:56.822] [INFO] 작업자 스레드 시작 (ThreadID: 34932)
[16:53:56.822] [INFO] 작업자 스레드 #2 생성됨
[16:53:56.822] [INFO] 작업자 스레드 시작 (ThreadID: 25568)
[16:53:56.822] [INFO] 작업자 스레드 #3 생성됨
[16:53:56.822] [INFO] 작업자 스레드 시작 (ThreadID: 300)
[16:53:56.823] [INFO] 작업자 스레드 #4 생성됨
[16:53:56.823] [INFO] 작업자 스레드 시작 (ThreadID: 5288)
[16:53:56.823] [INFO] 작업자 스레드 #5 생성됨
[16:53:56.823] [INFO] 작업자 스레드 시작 (ThreadID: 32484)
[16:53:56.823] [INFO] 작업자 스레드 #6 생성됨
[16:53:56.823] [INFO] 작업자 스레드 시작 (ThreadID: 31076)
[16:53:56.824] [INFO] 작업자 스레드 #7 생성됨
[16:53:56.824] [INFO] 작업자 스레드 시작 (ThreadID: 16796)
[16:53:56.824] [INFO] 작업자 스레드 #8 생성됨
[16:53:56.824] [INFO] 작업자 스레드 시작 (ThreadID: 25596)
[16:53:56.824] [INFO] 작업자 스레드 #9 생성됨
[16:53:56.825] [INFO] 작업자 스레드 시작 (ThreadID: 10640)
[16:53:56.825] [INFO] 작업자 스레드 #10 생성됨
[16:53:56.825] [INFO] 작업자 스레드 시작 (ThreadID: 21016)
[16:53:56.825] [INFO] 작업자 스레드 #11 생성됨
[16:53:56.826] [INFO] 작업자 스레드 시작 (ThreadID: 32732)
[16:53:56.826] [INFO] 작업자 스레드 #12 생성됨
[16:53:56.826] [INFO] 작업자 스레드 시작 (ThreadID: 13700)
[16:53:56.826] [INFO] 작업자 스레드 #13 생성됨
[16:53:56.826] [INFO] 작업자 스레드 시작 (ThreadID: 23108)
[16:53:56.827] [INFO] 작업자 스레드 #14 생성됨
[16:53:56.827] [INFO] 작업자 스레드 시작 (ThreadID: 5556)
[16:53:56.827] [INFO] 작업자 스레드 #15 생성됨
[16:53:56.827] [INFO] 작업자 스레드 시작 (ThreadID: 36696)
[16:53:56.827] [INFO] 작업자 스레드 #16 생성됨
[16:53:56.828] [INFO] 서버 초기화 완료
[16:53:56.828] [INFO] 서버 실행. 포트 번호: 9000
[16:53:56.828] [INFO] IOCP 멀티플레이어 서버 시작됨...
[16:53:56.828] [INFO] 서버 실행 시작
[16:53:56.828] [INFO] 작업자 스레드 시작 (ThreadID: 22288)
[16:53:56.828] [INFO] listenSocket 논블로킹 설정 성공
[16:53:57.838] [INFO] 서버 FPS: 35.433071, 평균 프레임 시간: 0.000000ms, 클라이언트 수: 0
[16:53:58.848] [INFO] 서버 FPS: 32.480316, 평균 프레임 시간: 0.000000ms, 클라이언트 수: 0
[16:53:59.884] [INFO] 서버 FPS: 33.947624, 평균 프레임 시간: 0.000000ms, 클라이언트 수: 0
[16:54:00.910] [INFO] 서버 FPS: 33.947624, 평균 프레임 시간: 0.000000ms, 클라이언트 수: 0
[16:54:01.939] [INFO] 서버 FPS: 33.947624, 평균 프레임 시간: 0.000000ms, 클라이언트 수: 0
[16:54:02.962] [INFO] 서버 FPS: 34.448818, 평균 프레임 시간: 0.000000ms, 클라이언트 수: 0
[16:54:03.977] [INFO] 서버 FPS: 34.448818, 평균 프레임 시간: 0.000000ms, 클라이언트 수: 0
[16:54:05.001] [INFO] 서버 FPS: 33.497536, 평균 프레임 시간: 0.000000ms, 클라이언트 수: 0
[16:54:06.031] [INFO] 서버 FPS: 31.976744, 평균 프레임 시간: 0.000000ms, 클라이언트 수: 0
[16:54:07.058] [INFO] 서버 FPS: 32.007759, 평균 프레임 시간: 0.000000ms, 클라이언트 수: 0
[16:54:07.293] [INFO] 새 클라이언트에게 ID 1 전송됨
[16:54:07.293] [INFO] 새 플레이어 정보(ID: 1) 브로드캐스트 - 수신자 수: 0
[16:54:07.293] [INFO] 기존 플레이어 정보 0개가 새 클라이언트(ID: 1)에게 전송됨
[16:54:07.293] [WARNING] 잘못된 패킷 타입: 48, 클라이언트 ID: 1
[16:54:07.355] [INFO] 새 클라이언트에게 ID 2 전송됨
[16:54:07.355] [INFO] 새 플레이어 정보(ID: 2) 브로드캐스트 - 수신자 수: 1
[16:54:07.356] [INFO] 기존 플레이어 정보 1개가 새 클라이언트(ID: 2)에게 전송됨
[16:54:07.356] [WARNING] 잘못된 패킷 타입: 49, 클라이언트 ID: 2
[16:54:07.386] [INFO] 새 클라이언트에게 ID 3 전송됨
[16:54:07.386] [INFO] 새 플레이어 정보(ID: 3) 브로드캐스트 - 수신자 수: 2
[16:54:07.387] [INFO] 기존 플레이어 정보 2개가 새 클라이언트(ID: 3)에게 전송됨
[16:54:07.387] [WARNING] 잘못된 패킷 타입: 50, 클라이언트 ID: 3
[16:54:07.448] [INFO] 새 클라이언트에게 ID 4 전송됨
[16:54:07.448] [INFO] 새 플레이어 정보(ID: 4) 브로드캐스트 - 수신자 수: 3
[16:54:07.449] [INFO] 기존 플레이어 정보 3개가 새 클라이언트(ID: 4)에게 전송됨
[16:54:07.449] [WARNING] 잘못된 패킷 타입: 51, 클라이언트 ID: 4
[16:54:07.510] [INFO] 새 클라이언트에게 ID 5 전송됨
[16:54:07.511] [INFO] 새 플레이어 정보(ID: 5) 브로드캐스트 - 수신자 수: 4
[16:54:07.511] [INFO] 기존 플레이어 정보 4개가 새 클라이언트(ID: 5)에게 전송됨
[16:54:07.511] [WARNING] 잘못된 패킷 타입: 52, 클라이언트 ID: 5
[16:54:07.540] [INFO] 새 클라이언트에게 ID 6 전송됨
[16:54:07.540] [INFO] 새 플레이어 정보(ID: 6) 브로드캐스트 - 수신자 수: 5
[16:54:07.540] [INFO] 기존 플레이어 정보 5개가 새 클라이언트(ID: 6)에게 전송됨
[16:54:07.541] [WARNING] 잘못된 패킷 타입: 53, 클라이언트 ID: 6
[16:54:07.601] [INFO] 새 클라이언트에게 ID 7 전송됨
[16:54:07.601] [INFO] 새 플레이어 정보(ID: 7) 브로드캐스트 - 수신자 수: 6
[16:54:07.601] [INFO] 기존 플레이어 정보 6개가 새 클라이언트(ID: 7)에게 전송됨
[16:54:07.601] [WARNING] 잘못된 패킷 타입: 54, 클라이언트 ID: 7
[16:54:07.632] [INFO] 새 클라이언트에게 ID 8 전송됨
[16:54:07.632] [INFO] 새 플레이어 정보(ID: 8) 브로드캐스트 - 수신자 수: 7
[16:54:07.633] [INFO] 기존 플레이어 정보 7개가 새 클라이언트(ID: 8)에게 전송됨
[16:54:07.633] [WARNING] 잘못된 패킷 타입: 55, 클라이언트 ID: 8
[16:54:07.693] [INFO] 새 클라이언트에게 ID 9 전송됨
[16:54:07.694] [INFO] 새 플레이어 정보(ID: 9) 브로드캐스트 - 수신자 수: 8
[16:54:07.694] [INFO] 기존 플레이어 정보 8개가 새 클라이언트(ID: 9)에게 전송됨
[16:54:07.694] [WARNING] 잘못된 패킷 타입: 56, 클라이언트 ID: 9
[16:54:07.756] [INFO] 새 클라이언트에게 ID 10 전송됨
[16:54:07.757] [INFO] 새 플레이어 정보(ID: 10) 브로드캐스트 - 수신자 수: 9
[16:54:07.757] [INFO] 기존 플레이어 정보 9개가 새 클라이언트(ID: 10)에게 전송됨
[16:54:07.757] [WARNING] 잘못된 패킷 타입: 57, 클라이언트 ID: 10
[16:54:07.787] [INFO] 새 클라이언트에게 ID 11 전송됨
[16:54:07.788] [INFO] 새 플레이어 정보(ID: 11) 브로드캐스트 - 수신자 수: 10
[16:54:07.788] [INFO] 기존 플레이어 정보 10개가 새 클라이언트(ID: 11)에게 전송됨
[16:54:07.789] [WARNING] 잘못된 패킷 타입: 49, 클라이언트 ID: 11
[16:54:07.850] [INFO] 새 클라이언트에게 ID 12 전송됨
[16:54:07.850] [INFO] 새 플레이어 정보(ID: 12) 브로드캐스트 - 수신자 수: 11
[16:54:07.851] [INFO] 기존 플레이어 정보 11개가 새 클라이언트(ID: 12)에게 전송됨
[16:54:07.851] [WARNING] 잘못된 패킷 타입: 49, 클라이언트 ID: 12
[16:54:07.911] [INFO] 새 클라이언트에게 ID 13 전송됨
[16:54:07.912] [INFO] 새 플레이어 정보(ID: 13) 브로드캐스트 - 수신자 수: 12
[16:54:07.913] [INFO] 기존 플레이어 정보 12개가 새 클라이언트(ID: 13)에게 전송됨
[16:54:07.913] [WARNING] 잘못된 패킷 타입: 49, 클라이언트 ID: 13
[16:54:07.943] [INFO] 새 클라이언트에게 ID 14 전송됨
[16:54:07.944] [INFO] 새 플레이어 정보(ID: 14) 브로드캐스트 - 수신자 수: 13
[16:54:07.944] [INFO] 기존 플레이어 정보 13개가 새 클라이언트(ID: 14)에게 전송됨
[16:54:07.945] [WARNING] 잘못된 패킷 타입: 49, 클라이언트 ID: 14
[16:54:08.005] [INFO] 새 클라이언트에게 ID 15 전송됨
[16:54:08.006] [INFO] 새 플레이어 정보(ID: 15) 브로드캐스트 - 수신자 수: 14
[16:54:08.006] [INFO] 기존 플레이어 정보 14개가 새 클라이언트(ID: 15)에게 전송됨
[16:54:08.007] [WARNING] 잘못된 패킷 타입: 49, 클라이언트 ID: 15
[16:54:08.036] [INFO] 새 클라이언트에게 ID 16 전송됨
[16:54:08.036] [INFO] 새 플레이어 정보(ID: 16) 브로드캐스트 - 수신자 수: 15
[16:54:08.037] [INFO] 기존 플레이어 정보 15개가 새 클라이언트(ID: 16)에게 전송됨
[16:54:08.037] [WARNING] 잘못된 패킷 타입: 49, 클라이언트 ID: 16
[16:54:08.067] [INFO] 서버 FPS: 32.512314, 평균 프레임 시간: 0.000000ms, 클라이언트 수: 16
[16:54:08.099] [INFO] 새 클라이언트에게 ID 17 전송됨
[16:54:08.100] [INFO] 새 플레이어 정보(ID: 17) 브로드캐스트 - 수신자 수: 16
[16:54:08.100] [INFO] 기존 플레이어 정보 16개가 새 클라이언트(ID: 17)에게 전송됨
[16:54:08.101] [WARNING] 잘못된 패킷 타입: 49, 클라이언트 ID: 17
[16:54:08.163] [INFO] 새 클라이언트에게 ID 18 전송됨
[16:54:08.164] [INFO] 새 플레이어 정보(ID: 18) 브로드캐스트 - 수신자 수: 17
[16:54:08.165] [INFO] 기존 플레이어 정보 17개가 새 클라이언트(ID: 18)에게 전송됨
[16:54:08.165] [WARNING] 잘못된 패킷 타입: 49, 클라이언트 ID: 18
[16:54:08.193] [INFO] 새 클라이언트에게 ID 19 전송됨
[16:54:08.194] [INFO] 새 플레이어 정보(ID: 19) 브로드캐스트 - 수신자 수: 18
[16:54:08.195] [INFO] 기존 플레이어 정보 18개가 새 클라이언트(ID: 19)에게 전송됨
[16:54:08.195] [WARNING] 잘못된 패킷 타입: 49, 클라이언트 ID: 19
[16:54:08.255] [INFO] 새 클라이언트에게 ID 20 전송됨
[16:54:08.257] [INFO] 새 플레이어 정보(ID: 20) 브로드캐스트 - 수신자 수: 19
[16:54:08.258] [INFO] 기존 플레이어 정보 19개가 새 클라이언트(ID: 20)에게 전송됨
[16:54:08.258] [WARNING] 잘못된 패킷 타입: 49, 클라이언트 ID: 20
[16:54:08.288] [INFO] 새 클라이언트에게 ID 21 전송됨
[16:54:08.289] [INFO] 새 플레이어 정보(ID: 21) 브로드캐스트 - 수신자 수: 20
[16:54:08.289] [INFO] 기존 플레이어 정보 20개가 새 클라이언트(ID: 21)에게 전송됨
[16:54:08.290] [WARNING] 잘못된 패킷 타입: 50, 클라이언트 ID: 21
[16:54:08.350] [INFO] 새 클라이언트에게 ID 22 전송됨
[16:54:08.352] [INFO] 새 플레이어 정보(ID: 22) 브로드캐스트 - 수신자 수: 21
[16:54:08.352] [INFO] 기존 플레이어 정보 21개가 새 클라이언트(ID: 22)에게 전송됨
[16:54:08.353] [WARNING] 잘못된 패킷 타입: 50, 클라이언트 ID: 22
[16:54:08.382] [INFO] 새 클라이언트에게 ID 23 전송됨
[16:54:08.384] [INFO] 새 플레이어 정보(ID: 23) 브로드캐스트 - 수신자 수: 22
[16:54:08.385] [INFO] 기존 플레이어 정보 22개가 새 클라이언트(ID: 23)에게 전송됨
[16:54:08.386] [WARNING] 잘못된 패킷 타입: 50, 클라이언트 ID: 23
[16:54:08.461] [INFO] 새 클라이언트에게 ID 24 전송됨
[16:54:08.462] [INFO] 새 플레이어 정보(ID: 24) 브로드캐스트 - 수신자 수: 23
[16:54:08.463] [INFO] 기존 플레이어 정보 23개가 새 클라이언트(ID: 24)에게 전송됨
[16:54:08.464] [WARNING] 잘못된 패킷 타입: 50, 클라이언트 ID: 24
[16:54:08.491] [INFO] 새 클라이언트에게 ID 25 전송됨
[16:54:08.493] [INFO] 새 플레이어 정보(ID: 25) 브로드캐스트 - 수신자 수: 24
[16:54:08.494] [INFO] 기존 플레이어 정보 24개가 새 클라이언트(ID: 25)에게 전송됨
[16:54:08.494] [WARNING] 잘못된 패킷 타입: 50, 클라이언트 ID: 25
[16:54:08.540] [INFO] 새 클라이언트에게 ID 26 전송됨
[16:54:08.541] [INFO] 새 플레이어 정보(ID: 26) 브로드캐스트 - 수신자 수: 25
[16:54:08.542] [INFO] 기존 플레이어 정보 25개가 새 클라이언트(ID: 26)에게 전송됨
[16:54:08.542] [WARNING] 잘못된 패킷 타입: 50, 클라이언트 ID: 26
[16:54:08.601] [INFO] 새 클라이언트에게 ID 27 전송됨
[16:54:08.603] [INFO] 새 플레이어 정보(ID: 27) 브로드캐스트 - 수신자 수: 26
[16:54:08.604] [INFO] 기존 플레이어 정보 26개가 새 클라이언트(ID: 27)에게 전송됨
[16:54:08.604] [WARNING] 잘못된 패킷 타입: 50, 클라이언트 ID: 27
[16:54:08.648] [INFO] 새 클라이언트에게 ID 28 전송됨
[16:54:08.650] [INFO] 새 플레이어 정보(ID: 28) 브로드캐스트 - 수신자 수: 27
[16:54:08.652] [INFO] 기존 플레이어 정보 27개가 새 클라이언트(ID: 28)에게 전송됨
[16:54:08.652] [WARNING] 잘못된 패킷 타입: 50, 클라이언트 ID: 28
[16:54:08.710] [INFO] 새 클라이언트에게 ID 29 전송됨
[16:54:08.712] [INFO] 새 플레이어 정보(ID: 29) 브로드캐스트 - 수신자 수: 28
[16:54:08.713] [INFO] 기존 플레이어 정보 28개가 새 클라이언트(ID: 29)에게 전송됨
[16:54:08.713] [WARNING] 잘못된 패킷 타입: 50, 클라이언트 ID: 29
[16:54:08.743] [INFO] 새 클라이언트에게 ID 30 전송됨
[16:54:08.744] [INFO] 새 플레이어 정보(ID: 30) 브로드캐스트 - 수신자 수: 29
[16:54:08.745] [INFO] 기존 플레이어 정보 29개가 새 클라이언트(ID: 30)에게 전송됨
[16:54:08.745] [WARNING] 잘못된 패킷 타입: 50, 클라이언트 ID: 30
[16:54:08.802] [INFO] 새 클라이언트에게 ID 31 전송됨
[16:54:08.804] [INFO] 새 플레이어 정보(ID: 31) 브로드캐스트 - 수신자 수: 30
[16:54:08.805] [INFO] 기존 플레이어 정보 30개가 새 클라이언트(ID: 31)에게 전송됨
[16:54:08.805] [WARNING] 잘못된 패킷 타입: 51, 클라이언트 ID: 31
[16:54:08.836] [INFO] 새 클라이언트에게 ID 32 전송됨
[16:54:08.838] [INFO] 새 플레이어 정보(ID: 32) 브로드캐스트 - 수신자 수: 31
[16:54:08.838] [INFO] 기존 플레이어 정보 31개가 새 클라이언트(ID: 32)에게 전송됨
[16:54:08.839] [WARNING] 잘못된 패킷 타입: 51, 클라이언트 ID: 32
[16:54:08.899] [INFO] 새 클라이언트에게 ID 33 전송됨
[16:54:08.901] [INFO] 새 플레이어 정보(ID: 33) 브로드캐스트 - 수신자 수: 32
[16:54:08.902] [INFO] 기존 플레이어 정보 32개가 새 클라이언트(ID: 33)에게 전송됨
[16:54:08.902] [WARNING] 잘못된 패킷 타입: 51, 클라이언트 ID: 33
[16:54:08.960] [INFO] 새 클라이언트에게 ID 34 전송됨
[16:54:08.961] [INFO] 새 플레이어 정보(ID: 34) 브로드캐스트 - 수신자 수: 33
[16:54:08.963] [INFO] 기존 플레이어 정보 33개가 새 클라이언트(ID: 34)에게 전송됨
[16:54:08.963] [WARNING] 잘못된 패킷 타입: 51, 클라이언트 ID: 34
[16:54:08.991] [INFO] 새 클라이언트에게 ID 35 전송됨
[16:54:08.993] [INFO] 새 플레이어 정보(ID: 35) 브로드캐스트 - 수신자 수: 34
[16:54:08.994] [INFO] 기존 플레이어 정보 34개가 새 클라이언트(ID: 35)에게 전송됨
[16:54:08.994] [WARNING] 잘못된 패킷 타입: 51, 클라이언트 ID: 35
[16:54:09.056] [INFO] 새 클라이언트에게 ID 36 전송됨
[16:54:09.057] [INFO] 새 플레이어 정보(ID: 36) 브로드캐스트 - 수신자 수: 35
[16:54:09.059] [INFO] 기존 플레이어 정보 35개가 새 클라이언트(ID: 36)에게 전송됨
[16:54:09.059] [WARNING] 잘못된 패킷 타입: 51, 클라이언트 ID: 36
[16:54:09.083] [INFO] 서버 FPS: 36.417324, 평균 프레임 시간: 8.216540ms, 클라이언트 수: 36
[16:54:09.084] [INFO] 새 클라이언트에게 ID 37 전송됨
[16:54:09.085] [INFO] 새 플레이어 정보(ID: 37) 브로드캐스트 - 수신자 수: 36
[16:54:09.086] [INFO] 기존 플레이어 정보 36개가 새 클라이언트(ID: 37)에게 전송됨
[16:54:09.086] [WARNING] 잘못된 패킷 타입: 51, 클라이언트 ID: 37
[16:54:09.162] [INFO] 새 클라이언트에게 ID 38 전송됨
[16:54:09.165] [INFO] 새 플레이어 정보(ID: 38) 브로드캐스트 - 수신자 수: 37
[16:54:09.168] [INFO] 기존 플레이어 정보 37개가 새 클라이언트(ID: 38)에게 전송됨
[16:54:09.168] [WARNING] 잘못된 패킷 타입: 51, 클라이언트 ID: 38
[16:54:09.198] [INFO] 새 클라이언트에게 ID 39 전송됨
[16:54:09.200] [INFO] 새 플레이어 정보(ID: 39) 브로드캐스트 - 수신자 수: 38
[16:54:09.202] [INFO] 기존 플레이어 정보 38개가 새 클라이언트(ID: 39)에게 전송됨
[16:54:09.203] [WARNING] 잘못된 패킷 타입: 51, 클라이언트 ID: 39
[16:54:09.240] [INFO] 새 클라이언트에게 ID 40 전송됨
[16:54:09.241] [INFO] 새 플레이어 정보(ID: 40) 브로드캐스트 - 수신자 수: 39
[16:54:09.243] [INFO] 기존 플레이어 정보 39개가 새 클라이언트(ID: 40)에게 전송됨
[16:54:09.243] [WARNING] 잘못된 패킷 타입: 51, 클라이언트 ID: 40
[16:54:09.286] [INFO] 새 클라이언트에게 ID 41 전송됨
[16:54:09.288] [INFO] 새 플레이어 정보(ID: 41) 브로드캐스트 - 수신자 수: 40
[16:54:09.289] [INFO] 기존 플레이어 정보 40개가 새 클라이언트(ID: 41)에게 전송됨
[16:54:09.290] [WARNING] 잘못된 패킷 타입: 52, 클라이언트 ID: 41
[16:54:09.349] [INFO] 새 클라이언트에게 ID 42 전송됨
[16:54:09.351] [INFO] 새 플레이어 정보(ID: 42) 브로드캐스트 - 수신자 수: 41
[16:54:09.354] [INFO] 기존 플레이어 정보 41개가 새 클라이언트(ID: 42)에게 전송됨
[16:54:09.354] [WARNING] 잘못된 패킷 타입: 52, 클라이언트 ID: 42
[16:54:09.412] [INFO] 새 클라이언트에게 ID 43 전송됨
[16:54:09.414] [INFO] 새 플레이어 정보(ID: 43) 브로드캐스트 - 수신자 수: 42
[16:54:09.415] [INFO] 기존 플레이어 정보 42개가 새 클라이언트(ID: 43)에게 전송됨
[16:54:09.416] [WARNING] 잘못된 패킷 타입: 52, 클라이언트 ID: 43
[16:54:09.453] [INFO] 새 클라이언트에게 ID 44 전송됨
[16:54:09.454] [INFO] 새 플레이어 정보(ID: 44) 브로드캐스트 - 수신자 수: 43
[16:54:09.456] [INFO] 기존 플레이어 정보 43개가 새 클라이언트(ID: 44)에게 전송됨
[16:54:09.456] [WARNING] 잘못된 패킷 타입: 52, 클라이언트 ID: 44
[16:54:09.489] [INFO] 새 클라이언트에게 ID 45 전송됨
[16:54:09.492] [INFO] 새 플레이어 정보(ID: 45) 브로드캐스트 - 수신자 수: 44
[16:54:09.495] [INFO] 기존 플레이어 정보 44개가 새 클라이언트(ID: 45)에게 전송됨
[16:54:09.496] [WARNING] 잘못된 패킷 타입: 52, 클라이언트 ID: 45
[16:54:09.535] [INFO] 새 클라이언트에게 ID 46 전송됨
[16:54:09.536] [INFO] 새 플레이어 정보(ID: 46) 브로드캐스트 - 수신자 수: 45
[16:54:09.538] [INFO] 기존 플레이어 정보 45개가 새 클라이언트(ID: 46)에게 전송됨
[16:54:09.539] [WARNING] 잘못된 패킷 타입: 52, 클라이언트 ID: 46
[16:54:09.588] [INFO] 새 클라이언트에게 ID 47 전송됨
[16:54:09.590] [INFO] 새 플레이어 정보(ID: 47) 브로드캐스트 - 수신자 수: 46
[16:54:09.592] [INFO] 기존 플레이어 정보 46개가 새 클라이언트(ID: 47)에게 전송됨
[16:54:09.593] [WARNING] 잘못된 패킷 타입: 52, 클라이언트 ID: 47
[16:54:09.645] [INFO] 새 클라이언트에게 ID 48 전송됨
[16:54:09.648] [INFO] 새 플레이어 정보(ID: 48) 브로드캐스트 - 수신자 수: 47
[16:54:09.649] [INFO] 기존 플레이어 정보 47개가 새 클라이언트(ID: 48)에게 전송됨
[16:54:09.649] [WARNING] 잘못된 패킷 타입: 52, 클라이언트 ID: 48
[16:54:09.712] [INFO] 새 클라이언트에게 ID 49 전송됨
[16:54:09.714] [INFO] 새 플레이어 정보(ID: 49) 브로드캐스트 - 수신자 수: 48
[16:54:09.716] [INFO] 기존 플레이어 정보 48개가 새 클라이언트(ID: 49)에게 전송됨
[16:54:09.716] [WARNING] 잘못된 패킷 타입: 52, 클라이언트 ID: 49
[16:54:09.743] [INFO] 새 클라이언트에게 ID 50 전송됨
[16:54:09.746] [INFO] 새 플레이어 정보(ID: 50) 브로드캐스트 - 수신자 수: 49
[16:54:09.749] [INFO] 기존 플레이어 정보 49개가 새 클라이언트(ID: 50)에게 전송됨
[16:54:09.749] [WARNING] 잘못된 패킷 타입: 52, 클라이언트 ID: 50
[16:54:09.853] [INFO] 새 클라이언트에게 ID 51 전송됨
[16:54:09.856] [INFO] 새 플레이어 정보(ID: 51) 브로드캐스트 - 수신자 수: 50
[16:54:09.857] [INFO] 기존 플레이어 정보 50개가 새 클라이언트(ID: 51)에게 전송됨
[16:54:09.858] [WARNING] 잘못된 패킷 타입: 53, 클라이언트 ID: 51
[16:54:09.976] [INFO] 새 클라이언트에게 ID 52 전송됨
[16:54:09.978] [INFO] 새 플레이어 정보(ID: 52) 브로드캐스트 - 수신자 수: 51
[16:54:09.980] [INFO] 기존 플레이어 정보 51개가 새 클라이언트(ID: 52)에게 전송됨
[16:54:09.981] [WARNING] 잘못된 패킷 타입: 53, 클라이언트 ID: 52
[16:54:10.060] [INFO] 새 클라이언트에게 ID 53 전송됨
[16:54:10.061] [INFO] 새 플레이어 정보(ID: 53) 브로드캐스트 - 수신자 수: 52
[16:54:10.063] [INFO] 기존 플레이어 정보 52개가 새 클라이언트(ID: 53)에게 전송됨
[16:54:10.064] [WARNING] 잘못된 패킷 타입: 53, 클라이언트 ID: 53
[16:54:10.084] [INFO] 새 클라이언트에게 ID 54 전송됨
[16:54:10.087] [INFO] 새 플레이어 정보(ID: 54) 브로드캐스트 - 수신자 수: 53
[16:54:10.089] [INFO] 기존 플레이어 정보 53개가 새 클라이언트(ID: 54)에게 전송됨
[16:54:10.090] [WARNING] 잘못된 패킷 타입: 53, 클라이언트 ID: 54
[16:54:10.127] [INFO] 서버 FPS: 27.698185, 평균 프레임 시간: 35.287220ms, 클라이언트 수: 54
[16:54:10.128] [INFO] 새 클라이언트에게 ID 55 전송됨
[16:54:10.131] [INFO] 새 플레이어 정보(ID: 55) 브로드캐스트 - 수신자 수: 54
[16:54:10.135] [INFO] 기존 플레이어 정보 54개가 새 클라이언트(ID: 55)에게 전송됨
[16:54:10.135] [WARNING] 잘못된 패킷 타입: 53, 클라이언트 ID: 55
[16:54:10.279] [INFO] 새 클라이언트에게 ID 56 전송됨
[16:54:10.282] [INFO] 새 플레이어 정보(ID: 56) 브로드캐스트 - 수신자 수: 55
[16:54:10.284] [INFO] 기존 플레이어 정보 55개가 새 클라이언트(ID: 56)에게 전송됨
[16:54:10.285] [WARNING] 잘못된 패킷 타입: 53, 클라이언트 ID: 56
[16:54:10.401] [INFO] 새 클라이언트에게 ID 57 전송됨
[16:54:10.403] [INFO] 새 플레이어 정보(ID: 57) 브로드캐스트 - 수신자 수: 56
[16:54:10.405] [INFO] 기존 플레이어 정보 56개가 새 클라이언트(ID: 57)에게 전송됨
[16:54:10.405] [WARNING] 잘못된 패킷 타입: 53, 클라이언트 ID: 57
[16:54:10.515] [INFO] 새 클라이언트에게 ID 58 전송됨
[16:54:10.518] [INFO] 새 플레이어 정보(ID: 58) 브로드캐스트 - 수신자 수: 57
[16:54:10.519] [INFO] 기존 플레이어 정보 57개가 새 클라이언트(ID: 58)에게 전송됨
[16:54:10.519] [WARNING] 잘못된 패킷 타입: 53, 클라이언트 ID: 58
[16:54:10.660] [INFO] 새 클라이언트에게 ID 59 전송됨
[16:54:10.662] [INFO] 새 플레이어 정보(ID: 59) 브로드캐스트 - 수신자 수: 58
[16:54:10.664] [INFO] 기존 플레이어 정보 58개가 새 클라이언트(ID: 59)에게 전송됨
[16:54:10.664] [WARNING] 잘못된 패킷 타입: 53, 클라이언트 ID: 59
[16:54:10.786] [INFO] 새 클라이언트에게 ID 60 전송됨
[16:54:10.788] [INFO] 새 플레이어 정보(ID: 60) 브로드캐스트 - 수신자 수: 59
[16:54:10.791] [INFO] 기존 플레이어 정보 59개가 새 클라이언트(ID: 60)에게 전송됨
[16:54:10.792] [WARNING] 잘못된 패킷 타입: 53, 클라이언트 ID: 60
[16:54:10.949] [INFO] 새 클라이언트에게 ID 61 전송됨
[16:54:10.954] [INFO] 새 플레이어 정보(ID: 61) 브로드캐스트 - 수신자 수: 60
[16:54:10.957] [INFO] 기존 플레이어 정보 60개가 새 클라이언트(ID: 61)에게 전송됨
[16:54:10.958] [WARNING] 잘못된 패킷 타입: 54, 클라이언트 ID: 61
[16:54:11.105] [INFO] 새 클라이언트에게 ID 62 전송됨
[16:54:11.110] [INFO] 새 플레이어 정보(ID: 62) 브로드캐스트 - 수신자 수: 61
[16:54:11.113] [INFO] 기존 플레이어 정보 61개가 새 클라이언트(ID: 62)에게 전송됨
[16:54:11.114] [WARNING] 잘못된 패킷 타입: 54, 클라이언트 ID: 62
[16:54:11.277] [INFO] 서버 FPS: 7.011394, 평균 프레임 시간: 98.326981ms, 클라이언트 수: 62
[16:54:11.278] [INFO] 새 클라이언트에게 ID 63 전송됨
[16:54:11.282] [INFO] 새 플레이어 정보(ID: 63) 브로드캐스트 - 수신자 수: 62
[16:54:11.285] [INFO] 기존 플레이어 정보 62개가 새 클라이언트(ID: 63)에게 전송됨
[16:54:11.285] [WARNING] 잘못된 패킷 타입: 54, 클라이언트 ID: 63
[16:54:11.437] [INFO] 새 클라이언트에게 ID 64 전송됨
[16:54:11.441] [INFO] 새 플레이어 정보(ID: 64) 브로드캐스트 - 수신자 수: 63
[16:54:11.444] [INFO] 기존 플레이어 정보 63개가 새 클라이언트(ID: 64)에게 전송됨
[16:54:11.444] [WARNING] 잘못된 패킷 타입: 54, 클라이언트 ID: 64
[16:54:11.583] [INFO] 새 클라이언트에게 ID 65 전송됨
[16:54:11.585] [INFO] 새 플레이어 정보(ID: 65) 브로드캐스트 - 수신자 수: 64
[16:54:11.587] [INFO] 기존 플레이어 정보 64개가 새 클라이언트(ID: 65)에게 전송됨
[16:54:11.587] [WARNING] 잘못된 패킷 타입: 54, 클라이언트 ID: 65
[16:54:11.751] [INFO] 새 클라이언트에게 ID 66 전송됨
[16:54:11.754] [INFO] 새 플레이어 정보(ID: 66) 브로드캐스트 - 수신자 수: 65
[16:54:11.757] [INFO] 기존 플레이어 정보 65개가 새 클라이언트(ID: 66)에게 전송됨
[16:54:11.757] [WARNING] 잘못된 패킷 타입: 54, 클라이언트 ID: 66
[16:54:11.920] [INFO] 새 클라이언트에게 ID 67 전송됨
[16:54:11.922] [INFO] 새 플레이어 정보(ID: 67) 브로드캐스트 - 수신자 수: 66
[16:54:11.924] [INFO] 기존 플레이어 정보 66개가 새 클라이언트(ID: 67)에게 전송됨
[16:54:11.924] [WARNING] 잘못된 패킷 타입: 54, 클라이언트 ID: 67
[16:54:12.079] [INFO] 새 클라이언트에게 ID 68 전송됨
[16:54:12.082] [INFO] 새 플레이어 정보(ID: 68) 브로드캐스트 - 수신자 수: 67
[16:54:12.084] [INFO] 기존 플레이어 정보 67개가 새 클라이언트(ID: 68)에게 전송됨
[16:54:12.084] [WARNING] 잘못된 패킷 타입: 54, 클라이언트 ID: 68
[16:54:12.259] [INFO] 새 클라이언트에게 ID 69 전송됨
[16:54:12.262] [INFO] 새 플레이어 정보(ID: 69) 브로드캐스트 - 수신자 수: 68
[16:54:12.266] [INFO] 기존 플레이어 정보 68개가 새 클라이언트(ID: 69)에게 전송됨
[16:54:12.266] [WARNING] 잘못된 패킷 타입: 54, 클라이언트 ID: 69
[16:54:12.421] [INFO] 서버 FPS: 6.140351, 평균 프레임 시간: 132.461563ms, 클라이언트 수: 69
[16:54:12.421] [INFO] 새 클라이언트에게 ID 70 전송됨
[16:54:12.424] [INFO] 새 플레이어 정보(ID: 70) 브로드캐스트 - 수신자 수: 69
[16:54:12.426] [INFO] 기존 플레이어 정보 69개가 새 클라이언트(ID: 70)에게 전송됨
[16:54:12.427] [WARNING] 클라이언트 Ping 타임아웃 발생 - ID: 1, 마지막 Ping 후 경과 시간: 5.138672초
[16:54:12.427] [WARNING] 잘못된 패킷 타입: 54, 클라이언트 ID: 70
[16:54:12.432] [WARNING] 클라이언트 Ping 타임아웃 발생 - ID: 2, 마지막 Ping 후 경과 시간: 5.076172초
[16:54:12.437] [WARNING] 클라이언트 Ping 타임아웃 발생 - ID: 3, 마지막 Ping 후 경과 시간: 5.044922초
[16:54:12.597] [INFO] 클라이언트 연결 끊김 (ID: 1)
[16:54:12.597] [INFO] 클라이언트가 정상적으로 연결 종료함 - ID: 1
[16:54:12.599] [INFO] 클라이언트 연결 끊김 알림(ID: 1) - 수신자 수: 69
[16:54:12.600] [INFO] 클라이언트 연결 끊김 (ID: 2)
[16:54:12.600] [INFO] 클라이언트가 정상적으로 연결 종료함 - ID: 2
[16:54:12.601] [INFO] 클라이언트 연결 끊김 알림(ID: 2) - 수신자 수: 68
[16:54:12.601] [INFO] 클라이언트 연결 끊김 (ID: 3)
[16:54:12.602] [INFO] 클라이언트가 정상적으로 연결 종료함 - ID: 3
[16:54:12.605] [INFO] 클라이언트 연결 끊김 알림(ID: 3) - 수신자 수: 67
[16:54:12.606] [WARNING] 존재하지 않는 클라이언트 ID를 제거하려고 시도: 2
[16:54:12.606] [WARNING] 존재하지 않는 클라이언트 ID를 제거하려고 시도: 1
[16:54:12.606] [WARNING] 존재하지 않는 클라이언트 ID를 제거하려고 시도: 3
[16:54:12.607] [INFO] 새 클라이언트에게 ID 71 전송됨
[16:54:12.610] [INFO] 새 플레이어 정보(ID: 71) 브로드캐스트 - 수신자 수: 67
[16:54:12.614] [INFO] 기존 플레이어 정보 67개가 새 클라이언트(ID: 71)에게 전송됨
[16:54:12.614] [WARNING] 클라이언트 Ping 타임아웃 발생 - ID: 4, 마지막 Ping 후 경과 시간: 5.171875초
[16:54:12.615] [WARNING] 잘못된 패킷 타입: 55, 클라이언트 ID: 71
[16:54:12.618] [WARNING] 클라이언트 Ping 타임아웃 발생 - ID: 5, 마지막 Ping 후 경과 시간: 5.109375초
[16:54:12.620] [WARNING] 클라이언트 Ping 타임아웃 발생 - ID: 6, 마지막 Ping 후 경과 시간: 5.078125초
[16:54:12.622] [WARNING] 클라이언트 Ping 타임아웃 발생 - ID: 7, 마지막 Ping 후 경과 시간: 5.017578초
[16:54:12.761] [INFO] 클라이언트 연결 끊김 (ID: 4)
[16:54:12.762] [INFO] 클라이언트가 정상적으로 연결 종료함 - ID: 4
[16:54:12.765] [INFO] 클라이언트 연결 끊김 알림(ID: 4) - 수신자 수: 67
[16:54:12.765] [INFO] 클라이언트 연결 끊김 (ID: 5)
[16:54:12.766] [INFO] 클라이언트가 정상적으로 연결 종료함 - ID: 5
[16:54:12.770] [INFO] 클라이언트 연결 끊김 알림(ID: 5) - 수신자 수: 66
[16:54:12.771] [WARNING] 존재하지 않는 클라이언트 ID를 제거하려고 시도: 4
[16:54:12.771] [WARNING] 존재하지 않는 클라이언트 ID를 제거하려고 시도: 5
[16:54:12.771] [INFO] 클라이언트 연결 끊김 (ID: 6)
[16:54:12.771] [INFO] 클라이언트가 정상적으로 연결 종료함 - ID: 6
[16:54:12.773] [INFO] 클라이언트 연결 끊김 알림(ID: 6) - 수신자 수: 65
[16:54:12.773] [INFO] 클라이언트 연결 끊김 (ID: 7)
[16:54:12.774] [INFO] 클라이언트가 정상적으로 연결 종료함 - ID: 7
[16:54:12.776] [INFO] 클라이언트 연결 끊김 알림(ID: 7) - 수신자 수: 64
[16:54:12.776] [WARNING] 존재하지 않는 클라이언트 ID를 제거하려고 시도: 6
[16:54:12.776] [WARNING] 존재하지 않는 클라이언트 ID를 제거하려고 시도: 7
[16:54:12.777] [INFO] 새 클라이언트에게 ID 72 전송됨
[16:54:12.778] [INFO] 새 플레이어 정보(ID: 72) 브로드캐스트 - 수신자 수: 64
[16:54:12.780] [INFO] 기존 플레이어 정보 64개가 새 클라이언트(ID: 72)에게 전송됨
[16:54:12.781] [WARNING] 잘못된 패킷 타입: 55, 클라이언트 ID: 72
[16:54:12.781] [WARNING] 클라이언트 Ping 타임아웃 발생 - ID: 8, 마지막 Ping 후 경과 시간: 5.138672초
[16:54:12.783] [WARNING] 클라이언트 Ping 타임아웃 발생 - ID: 9, 마지막 Ping 후 경과 시간: 5.076172초
[16:54:12.786] [WARNING] 클라이언트 Ping 타임아웃 발생 - ID: 10, 마지막 Ping 후 경과 시간: 5.015625초
[16:54:12.948] [INFO] 클라이언트 연결 끊김 (ID: 8)
[16:54:12.948] [INFO] 클라이언트가 정상적으로 연결 종료함 - ID: 8
[16:54:12.953] [INFO] 클라이언트 연결 끊김 알림(ID: 8) - 수신자 수: 64
[16:54:12.953] [INFO] 클라이언트 연결 끊김 (ID: 9)
[16:54:12.953] [INFO] 클라이언트가 정상적으로 연결 종료함 - ID: 9
[16:54:12.955] [INFO] 클라이언트 연결 끊김 알림(ID: 9) - 수신자 수: 63
[16:54:12.955] [INFO] 클라이언트 연결 끊김 (ID: 10)
[16:54:12.955] [INFO] 클라이언트가 정상적으로 연결 종료함 - ID: 10
[16:54:12.957] [INFO] 클라이언트 연결 끊김 알림(ID: 10) - 수신자 수: 62
[16:54:12.957] [WARNING] 존재하지 않는 클라이언트 ID를 제거하려고 시도: 9
[16:54:12.957] [WARNING] 존재하지 않는 클라이언트 ID를 제거하려고 시도: 8
[16:54:12.958] [WARNING] 존재하지 않는 클라이언트 ID를 제거하려고 시도: 10
[16:54:12.958] [INFO] 새 클라이언트에게 ID 73 전송됨
[16:54:12.960] [INFO] 새 플레이어 정보(ID: 73) 브로드캐스트 - 수신자 수: 62
[16:54:12.962] [INFO] 기존 플레이어 정보 62개가 새 클라이언트(ID: 73)에게 전송됨
[16:54:12.962] [WARNING] 잘못된 패킷 타입: 55, 클라이언트 ID: 73
[16:54:12.962] [WARNING] 클라이언트 Ping 타임아웃 발생 - ID: 11, 마지막 Ping 후 경과 시간: 5.171875초
[16:54:12.964] [WARNING] 클라이언트 Ping 타임아웃 발생 - ID: 12, 마지막 Ping 후 경과 시간: 5.109375초
[16:54:12.967] [WARNING] 클라이언트 Ping 타임아웃 발생 - ID: 13, 마지막 Ping 후 경과 시간: 5.048828초
[16:54:12.970] [WARNING] 클라이언트 Ping 타임아웃 발생 - ID: 14, 마지막 Ping 후 경과 시간: 5.015625초
[16:54:13.094] [INFO] 클라이언트 연결 끊김 (ID: 11)
[16:54:13.094] [INFO] 클라이언트가 정상적으로 연결 종료함 - ID: 11
[16:54:13.096] [INFO] 클라이언트 연결 끊김 알림(ID: 11) - 수신자 수: 62
[16:54:13.096] [INFO] 클라이언트 연결 끊김 (ID: 12)
[16:54:13.096] [INFO] 클라이언트가 정상적으로 연결 종료함 - ID: 12
[16:54:13.098] [INFO] 클라이언트 연결 끊김 알림(ID: 12) - 수신자 수: 61
[16:54:13.098] [WARNING] 존재하지 않는 클라이언트 ID를 제거하려고 시도: 11
[16:54:13.098] [WARNING] 존재하지 않는 클라이언트 ID를 제거하려고 시도: 12
[16:54:13.098] [INFO] 클라이언트가 정상적으로 연결 종료함 - ID: 13
[16:54:13.098] [INFO] 클라이언트 연결 끊김 (ID: 13)
[16:54:13.103] [INFO] 클라이언트 연결 끊김 알림(ID: 13) - 수신자 수: 60
[16:54:13.103] [INFO] 클라이언트 연결 끊김 (ID: 14)
[16:54:13.103] [INFO] 클라이언트가 정상적으로 연결 종료함 - ID: 14
[16:54:13.105] [INFO] 클라이언트 연결 끊김 알림(ID: 14) - 수신자 수: 59
[16:54:13.105] [WARNING] 존재하지 않는 클라이언트 ID를 제거하려고 시도: 13
[16:54:13.105] [WARNING] 존재하지 않는 클라이언트 ID를 제거하려고 시도: 14
[16:54:13.106] [INFO] 새 클라이언트에게 ID 74 전송됨
[16:54:13.108] [INFO] 새 플레이어 정보(ID: 74) 브로드캐스트 - 수신자 수: 59
[16:54:13.109] [INFO] 기존 플레이어 정보 59개가 새 클라이언트(ID: 74)에게 전송됨
[16:54:13.110] [WARNING] 클라이언트 Ping 타임아웃 발생 - ID: 15, 마지막 Ping 후 경과 시간: 5.091797초
[16:54:13.110] [WARNING] 잘못된 패킷 타입: 55, 클라이언트 ID: 74
[16:54:13.112] [WARNING] 클라이언트 Ping 타임아웃 발생 - ID: 16, 마지막 Ping 후 경과 시간: 5.060547초
[16:54:13.229] [INFO] 클라이언트 연결 끊김 (ID: 15)
[16:54:13.230] [INFO] 클라이언트가 정상적으로 연결 종료함 - ID: 15
[16:54:13.232] [INFO] 클라이언트 연결 끊김 알림(ID: 15) - 수신자 수: 59
[16:54:13.232] [INFO] 클라이언트 연결 끊김 (ID: 16)
[16:54:13.232] [INFO] 클라이언트가 정상적으로 연결 종료함 - ID: 16
[16:54:13.234] [INFO] 클라이언트 연결 끊김 알림(ID: 16) - 수신자 수: 58
[16:54:13.234] [WARNING] 존재하지 않는 클라이언트 ID를 제거하려고 시도: 15
[16:54:13.235] [WARNING] 존재하지 않는 클라이언트 ID를 제거하려고 시도: 16
[16:54:13.235] [INFO] 새 클라이언트에게 ID 75 전송됨
[16:54:13.237] [INFO] 새 플레이어 정보(ID: 75) 브로드캐스트 - 수신자 수: 58
[16:54:13.239] [INFO] 기존 플레이어 정보 58개가 새 클라이언트(ID: 75)에게 전송됨
[16:54:13.240] [WARNING] 클라이언트 Ping 타임아웃 발생 - ID: 17, 마지막 Ping 후 경과 시간: 5.140625초
[16:54:13.240] [WARNING] 잘못된 패킷 타입: 55, 클라이언트 ID: 75
[16:54:13.242] [WARNING] 클라이언트 Ping 타임아웃 발생 - ID: 18, 마지막 Ping 후 경과 시간: 5.076172초
[16:54:13.244] [WARNING] 클라이언트 Ping 타임아웃 발생 - ID: 19, 마지막 Ping 후 경과 시간: 5.044922초
[16:54:13.353] [INFO] 클라이언트 연결 끊김 (ID: 17)
[16:54:13.354] [INFO] 클라이언트가 정상적으로 연결 종료함 - ID: 17
[16:54:13.356] [INFO] 클라이언트 연결 끊김 알림(ID: 17) - 수신자 수: 58
[16:54:13.356] [INFO] 클라이언트 연결 끊김 (ID: 18)
[16:54:13.356] [INFO] 클라이언트가 정상적으로 연결 종료함 - ID: 18
[16:54:13.357] [INFO] 클라이언트 연결 끊김 알림(ID: 18) - 수신자 수: 57
[16:54:13.358] [INFO] 클라이언트 연결 끊김 (ID: 19)
[16:54:13.358] [INFO] 클라이언트가 정상적으로 연결 종료함 - ID: 19
[16:54:13.360] [INFO] 클라이언트 연결 끊김 알림(ID: 19) - 수신자 수: 56
[16:54:13.360] [WARNING] 존재하지 않는 클라이언트 ID를 제거하려고 시도: 18
[16:54:13.361] [WARNING] 존재하지 않는 클라이언트 ID를 제거하려고 시도: 17
[16:54:13.361] [WARNING] 존재하지 않는 클라이언트 ID를 제거하려고 시도: 19
[16:54:13.361] [INFO] 새 클라이언트에게 ID 76 전송됨
[16:54:13.363] [INFO] 새 플레이어 정보(ID: 76) 브로드캐스트 - 수신자 수: 56
[16:54:13.364] [INFO] 기존 플레이어 정보 56개가 새 클라이언트(ID: 76)에게 전송됨
[16:54:13.364] [WARNING] 클라이언트 Ping 타임아웃 발생 - ID: 20, 마지막 Ping 후 경과 시간: 5.111328초
[16:54:13.364] [WARNING] 잘못된 패킷 타입: 55, 클라이언트 ID: 76
[16:54:13.366] [WARNING] 클라이언트 Ping 타임아웃 발생 - ID: 21, 마지막 Ping 후 경과 시간: 5.078125초
[16:54:13.367] [WARNING] 클라이언트 Ping 타임아웃 발생 - ID: 22, 마지막 Ping 후 경과 시간: 5.015625초
[16:54:13.423] [INFO] 클라이언트 연결 끊김 (ID: 20)
[16:54:13.423] [INFO] 클라이언트가 정상적으로 연결 종료함 - ID: 20
[16:54:13.425] [INFO] 클라이언트 연결 끊김 알림(ID: 20) - 수신자 수: 56
[16:54:13.426] [INFO] 클라이언트 연결 끊김 (ID: 21)
[16:54:13.426] [INFO] 클라이언트가 정상적으로 연결 종료함 - ID: 21
[16:54:13.428] [INFO] 클라이언트 연결 끊김 알림(ID: 21) - 수신자 수: 55
[16:54:13.428] [INFO] 클라이언트 연결 끊김 (ID: 22)
[16:54:13.428] [INFO] 클라이언트가 정상적으로 연결 종료함 - ID: 22
[16:54:13.429] [INFO] 클라이언트 연결 끊김 알림(ID: 22) - 수신자 수: 54
[16:54:13.430] [WARNING] 존재하지 않는 클라이언트 ID를 제거하려고 시도: 21
[16:54:13.430] [INFO] 서버 FPS: 6.889764, 평균 프레임 시간: 135.226425ms, 클라이언트 수: 54
[16:54:13.430] [WARNING] 존재하지 않는 클라이언트 ID를 제거하려고 시도: 22
[16:54:13.430] [WARNING] 존재하지 않는 클라이언트 ID를 제거하려고 시도: 20
[16:54:13.430] [INFO] 새 클라이언트에게 ID 77 전송됨
[16:54:13.432] [INFO] 새 플레이어 정보(ID: 77) 브로드캐스트 - 수신자 수: 54
[16:54:13.433] [INFO] 기존 플레이어 정보 54개가 새 클라이언트(ID: 77)에게 전송됨
[16:54:13.433] [WARNING] 잘못된 패킷 타입: 55, 클라이언트 ID: 77
[16:54:13.433] [WARNING] 클라이언트 Ping 타임아웃 발생 - ID: 23, 마지막 Ping 후 경과 시간: 5.044922초
[16:54:13.470] [INFO] 클라이언트 연결 끊김 (ID: 23)
[16:54:13.470] [INFO] 클라이언트가 정상적으로 연결 종료함 - ID: 23
[16:54:13.471] [INFO] 클라이언트 연결 끊김 알림(ID: 23) - 수신자 수: 54
[16:54:13.471] [WARNING] 존재하지 않는 클라이언트 ID를 제거하려고 시도: 23
[16:54:13.472] [INFO] 새 클라이언트에게 ID 78 전송됨
[16:54:13.473] [INFO] 새 플레이어 정보(ID: 78) 브로드캐스트 - 수신자 수: 54
[16:54:13.474] [INFO] 기존 플레이어 정보 54개가 새 클라이언트(ID: 78)에게 전송됨
[16:54:13.474] [WARNING] 클라이언트 Ping 타임아웃 발생 - ID: 24, 마지막 Ping 후 경과 시간: 5.015625초
[16:54:13.475] [WARNING] 잘못된 패킷 타입: 55, 클라이언트 ID: 78
[16:54:13.485] [INFO] 클라이언트 연결 끊김 (ID: 24)
[16:54:13.485] [INFO] 클라이언트가 정상적으로 연결 종료함 - ID: 24
[16:54:13.487] [INFO] 클라이언트 연결 끊김 알림(ID: 24) - 수신자 수: 54
[16:54:13.487] [WARNING] 존재하지 않는 클라이언트 ID를 제거하려고 시도: 24
[16:54:13.499] [INFO] 새 클라이언트에게 ID 79 전송됨
[16:54:13.501] [INFO] 새 플레이어 정보(ID: 79) 브로드캐스트 - 수신자 수: 54
[16:54:13.503] [INFO] 기존 플레이어 정보 54개가 새 클라이언트(ID: 79)에게 전송됨
[16:54:13.503] [WARNING] 잘못된 패킷 타입: 55, 클라이언트 ID: 79
[16:54:13.503] [WARNING] 클라이언트 Ping 타임아웃 발생 - ID: 25, 마지막 Ping 후 경과 시간: 5.015625초
[16:54:13.550] [INFO] 클라이언트 연결 끊김 (ID: 25)
[16:54:13.550] [INFO] 클라이언트가 정상적으로 연결 종료함 - ID: 25
[16:54:13.551] [INFO] 클라이언트 연결 끊김 알림(ID: 25) - 수신자 수: 54
[16:54:13.552] [WARNING] 존재하지 않는 클라이언트 ID를 제거하려고 시도: 25
[16:54:13.552] [INFO] 새 클라이언트에게 ID 80 전송됨
[16:54:13.553] [INFO] 새 플레이어 정보(ID: 80) 브로드캐스트 - 수신자 수: 54
[16:54:13.555] [INFO] 기존 플레이어 정보 54개가 새 클라이언트(ID: 80)에게 전송됨
[16:54:13.555] [WARNING] 클라이언트 Ping 타임아웃 발생 - ID: 26, 마지막 Ping 후 경과 시간: 5.015625초
[16:54:13.555] [WARNING] 잘못된 패킷 타입: 55, 클라이언트 ID: 80
[16:54:13.588] [INFO] 클라이언트 연결 끊김 (ID: 26)
[16:54:13.589] [INFO] 클라이언트가 정상적으로 연결 종료함 - ID: 26
[16:54:13.590] [INFO] 클라이언트 연결 끊김 알림(ID: 26) - 수신자 수: 54
[16:54:13.590] [WARNING] 존재하지 않는 클라이언트 ID를 제거하려고 시도: 26
[16:54:13.590] [INFO] 새 클라이언트에게 ID 81 전송됨
[16:54:13.592] [INFO] 새 플레이어 정보(ID: 81) 브로드캐스트 - 수신자 수: 54
[16:54:13.593] [INFO] 기존 플레이어 정보 54개가 새 클라이언트(ID: 81)에게 전송됨
[16:54:13.594] [WARNING] 잘못된 패킷 타입: 56, 클라이언트 ID: 81
[16:54:13.600] [INFO] 새 클라이언트에게 ID 82 전송됨
[16:54:13.602] [INFO] 새 플레이어 정보(ID: 82) 브로드캐스트 - 수신자 수: 55
[16:54:13.603] [INFO] 기존 플레이어 정보 55개가 새 클라이언트(ID: 82)에게 전송됨
[16:54:13.604] [WARNING] 잘못된 패킷 타입: 56, 클라이언트 ID: 82
[16:54:13.624] [INFO] 새 클라이언트에게 ID 83 전송됨
[16:54:13.627] [INFO] 새 플레이어 정보(ID: 83) 브로드캐스트 - 수신자 수: 56
[16:54:13.628] [INFO] 기존 플레이어 정보 56개가 새 클라이언트(ID: 83)에게 전송됨
[16:54:13.628] [WARNING] 잘못된 패킷 타입: 56, 클라이언트 ID: 83
[16:54:13.629] [WARNING] 클라이언트 Ping 타임아웃 발생 - ID: 27, 마지막 Ping 후 경과 시간: 5.033203초
[16:54:13.717] [INFO] 클라이언트 연결 끊김 (ID: 27)
[16:54:13.718] [INFO] 클라이언트가 정상적으로 연결 종료함 - ID: 27
[16:54:13.719] [INFO] 클라이언트 연결 끊김 알림(ID: 27) - 수신자 수: 56
[16:54:13.719] [WARNING] 존재하지 않는 클라이언트 ID를 제거하려고 시도: 27
[16:54:13.719] [INFO] 새 클라이언트에게 ID 84 전송됨
[16:54:13.721] [INFO] 새 플레이어 정보(ID: 84) 브로드캐스트 - 수신자 수: 56
[16:54:13.722] [INFO] 기존 플레이어 정보 56개가 새 클라이언트(ID: 84)에게 전송됨
[16:54:13.722] [WARNING] 클라이언트 Ping 타임아웃 발생 - ID: 28, 마지막 Ping 후 경과 시간: 5.078125초
[16:54:13.722] [WARNING] 잘못된 패킷 타입: 56, 클라이언트 ID: 84
[16:54:13.724] [WARNING] 클라이언트 Ping 타임아웃 발생 - ID: 29, 마지막 Ping 후 경과 시간: 5.015625초
[16:54:13.730] [INFO] 클라이언트 연결 끊김 (ID: 28)
[16:54:13.731] [INFO] 클라이언트가 정상적으로 연결 종료함 - ID: 28
[16:54:13.732] [INFO] 클라이언트 연결 끊김 알림(ID: 28) - 수신자 수: 56
[16:54:13.732] [INFO] 클라이언트 연결 끊김 (ID: 29)
[16:54:13.733] [INFO] 클라이언트가 정상적으로 연결 종료함 - ID: 29
[16:54:13.735] [INFO] 클라이언트 연결 끊김 알림(ID: 29) - 수신자 수: 55
[16:54:13.735] [WARNING] 존재하지 않는 클라이언트 ID를 제거하려고 시도: 28
[16:54:13.735] [WARNING] 존재하지 않는 클라이언트 ID를 제거하려고 시도: 29
[16:54:13.736] [INFO] 새 클라이언트에게 ID 85 전송됨
[16:54:13.738] [INFO] 새 플레이어 정보(ID: 85) 브로드캐스트 - 수신자 수: 55
[16:54:13.740] [INFO] 기존 플레이어 정보 55개가 새 클라이언트(ID: 85)에게 전송됨
[16:54:13.740] [WARNING] 잘못된 패킷 타입: 56, 클라이언트 ID: 85
[16:54:13.765] [INFO] 새 클라이언트에게 ID 86 전송됨
[16:54:13.767] [INFO] 새 플레이어 정보(ID: 86) 브로드캐스트 - 수신자 수: 56
[16:54:13.769] [INFO] 기존 플레이어 정보 56개가 새 클라이언트(ID: 86)에게 전송됨
[16:54:13.770] [WARNING] 클라이언트 Ping 타임아웃 발생 - ID: 30, 마지막 Ping 후 경과 시간: 5.031250초
[16:54:13.770] [WARNING] 잘못된 패킷 타입: 56, 클라이언트 ID: 86
[16:54:13.863] [INFO] 클라이언트가 정상적으로 연결 종료함 - ID: 30
[16:54:13.863] [INFO] 클라이언트 연결 끊김 (ID: 30)
[16:54:13.865] [INFO] 클라이언트 연결 끊김 알림(ID: 30) - 수신자 수: 56
[16:54:13.865] [WARNING] 존재하지 않는 클라이언트 ID를 제거하려고 시도: 30
[16:54:13.866] [INFO] 새 클라이언트에게 ID 87 전송됨
[16:54:13.867] [INFO] 새 플레이어 정보(ID: 87) 브로드캐스트 - 수신자 수: 56
[16:54:13.869] [INFO] 기존 플레이어 정보 56개가 새 클라이언트(ID: 87)에게 전송됨
[16:54:13.869] [WARNING] 클라이언트 Ping 타임아웃 발생 - ID: 31, 마지막 Ping 후 경과 시간: 5.062500초
[16:54:13.869] [WARNING] 잘못된 패킷 타입: 56, 클라이언트 ID: 87
[16:54:13.871] [WARNING] 클라이언트 Ping 타임아웃 발생 - ID: 32, 마지막 Ping 후 경과 시간: 5.031250초
[16:54:13.891] [INFO] 클라이언트 연결 끊김 (ID: 31)
[16:54:13.891] [INFO] 클라이언트가 정상적으로 연결 종료함 - ID: 31
[16:54:13.893] [INFO] 클라이언트 연결 끊김 알림(ID: 31) - 수신자 수: 56
[16:54:13.893] [INFO] 클라이언트 연결 끊김 (ID: 32)
[16:54:13.893] [INFO] 클라이언트가 정상적으로 연결 종료함 - ID: 32
[16:54:13.895] [INFO] 클라이언트 연결 끊김 알림(ID: 32) - 수신자 수: 55
[16:54:13.896] [WARNING] 존재하지 않는 클라이언트 ID를 제거하려고 시도: 31
[16:54:13.896] [WARNING] 존재하지 않는 클라이언트 ID를 제거하려고 시도: 32
[16:54:13.896] [INFO] 새 클라이언트에게 ID 88 전송됨
[16:54:13.898] [INFO] 새 플레이어 정보(ID: 88) 브로드캐스트 - 수신자 수: 55
[16:54:13.899] [INFO] 기존 플레이어 정보 55개가 새 클라이언트(ID: 88)에게 전송됨
[16:54:13.899] [WARNING] 잘못된 패킷 타입: 56, 클라이언트 ID: 88
[16:54:13.935] [INFO] 새 클라이언트에게 ID 89 전송됨
[16:54:13.937] [INFO] 새 플레이어 정보(ID: 89) 브로드캐스트 - 수신자 수: 56
[16:54:13.938] [INFO] 기존 플레이어 정보 56개가 새 클라이언트(ID: 89)에게 전송됨
[16:54:13.939] [WARNING] 클라이언트 Ping 타임아웃 발생 - ID: 33, 마지막 Ping 후 경과 시간: 5.029297초
[16:54:13.939] [WARNING] 잘못된 패킷 타입: 56, 클라이언트 ID: 89
[16:54:13.950] [INFO] 클라이언트 연결 끊김 (ID: 33)
[16:54:13.950] [INFO] 클라이언트가 정상적으로 연결 종료함 - ID: 33
[16:54:13.952] [INFO] 클라이언트 연결 끊김 알림(ID: 33) - 수신자 수: 56
[16:54:13.952] [WARNING] 존재하지 않는 클라이언트 ID를 제거하려고 시도: 33
[16:54:13.968] [INFO] 새 클라이언트에게 ID 90 전송됨
[16:54:13.970] [INFO] 새 플레이어 정보(ID: 90) 브로드캐스트 - 수신자 수: 56
[16:54:13.971] [INFO] 기존 플레이어 정보 56개가 새 클라이언트(ID: 90)에게 전송됨
[16:54:13.971] [WARNING] 잘못된 패킷 타입: 56, 클라이언트 ID: 90
[16:54:13.971] [WARNING] 클라이언트 Ping 타임아웃 발생 - ID: 34, 마지막 Ping 후 경과 시간: 5.015625초
[16:54:13.991] [INFO] 클라이언트 연결 끊김 (ID: 34)
[16:54:13.991] [INFO] 클라이언트가 정상적으로 연결 종료함 - ID: 34
[16:54:13.992] [INFO] 클라이언트 연결 끊김 알림(ID: 34) - 수신자 수: 56
[16:54:13.993] [WARNING] 존재하지 않는 클라이언트 ID를 제거하려고 시도: 34
[16:54:13.993] [INFO] 새 클라이언트에게 ID 91 전송됨
[16:54:13.994] [INFO] 새 플레이어 정보(ID: 91) 브로드캐스트 - 수신자 수: 56
[16:54:13.996] [INFO] 기존 플레이어 정보 56개가 새 클라이언트(ID: 91)에게 전송됨
[16:54:13.996] [WARNING] 잘못된 패킷 타입: 57, 클라이언트 ID: 91
[16:54:14.018] [INFO] 새 클라이언트에게 ID 92 전송됨
[16:54:14.020] [INFO] 새 플레이어 정보(ID: 92) 브로드캐스트 - 수신자 수: 57
[16:54:14.021] [INFO] 기존 플레이어 정보 57개가 새 클라이언트(ID: 92)에게 전송됨
[16:54:14.021] [WARNING] 클라이언트 Ping 타임아웃 발생 - ID: 35, 마지막 Ping 후 경과 시간: 5.033203초
[16:54:14.021] [WARNING] 잘못된 패킷 타입: 57, 클라이언트 ID: 92
[16:54:14.068] [INFO] 클라이언트 연결 끊김 (ID: 35)
[16:54:14.068] [INFO] 클라이언트가 정상적으로 연결 종료함 - ID: 35
[16:54:14.069] [INFO] 클라이언트 연결 끊김 알림(ID: 35) - 수신자 수: 57
[16:54:14.070] [WARNING] 존재하지 않는 클라이언트 ID를 제거하려고 시도: 35
[16:54:14.070] [INFO] 새 클라이언트에게 ID 93 전송됨
[16:54:14.071] [INFO] 새 플레이어 정보(ID: 93) 브로드캐스트 - 수신자 수: 57
[16:54:14.073] [INFO] 기존 플레이어 정보 57개가 새 클라이언트(ID: 93)에게 전송됨
[16:54:14.074] [WARNING] 클라이언트 Ping 타임아웃 발생 - ID: 36, 마지막 Ping 후 경과 시간: 5.013672초
[16:54:14.074] [WARNING] 잘못된 패킷 타입: 57, 클라이언트 ID: 93
[16:54:14.074] [INFO] 클라이언트 연결 끊김 (ID: 36)
[16:54:14.074] [INFO] 클라이언트가 정상적으로 연결 종료함 - ID: 36
[16:54:14.077] [INFO] 클라이언트 연결 끊김 알림(ID: 36) - 수신자 수: 57
[16:54:14.077] [WARNING] 존재하지 않는 클라이언트 ID를 제거하려고 시도: 36
[16:54:14.106] [INFO] 새 클라이언트에게 ID 94 전송됨
[16:54:14.109] [INFO] 새 플레이어 정보(ID: 94) 브로드캐스트 - 수신자 수: 57
[16:54:14.111] [INFO] 기존 플레이어 정보 57개가 새 클라이언트(ID: 94)에게 전송됨
[16:54:14.111] [WARNING] 클라이언트 Ping 타임아웃 발생 - ID: 37, 마지막 Ping 후 경과 시간: 5.015625초
[16:54:14.111] [WARNING] 잘못된 패킷 타입: 57, 클라이언트 ID: 94
[16:54:14.202] [INFO] 클라이언트 연결 끊김 (ID: 37)
[16:54:14.202] [INFO] 클라이언트가 정상적으로 연결 종료함 - ID: 37
[16:54:14.203] [INFO] 클라이언트 연결 끊김 알림(ID: 37) - 수신자 수: 57
[16:54:14.203] [WARNING] 존재하지 않는 클라이언트 ID를 제거하려고 시도: 37
[16:54:14.204] [INFO] 새 클라이언트에게 ID 95 전송됨
[16:54:14.205] [INFO] 새 플레이어 정보(ID: 95) 브로드캐스트 - 수신자 수: 57
[16:54:14.206] [INFO] 기존 플레이어 정보 57개가 새 클라이언트(ID: 95)에게 전송됨
[16:54:14.206] [WARNING] 클라이언트 Ping 타임아웃 발생 - ID: 38, 마지막 Ping 후 경과 시간: 5.046875초
[16:54:14.207] [WARNING] 잘못된 패킷 타입: 57, 클라이언트 ID: 95
[16:54:14.207] [WARNING] 클라이언트 Ping 타임아웃 발생 - ID: 39, 마지막 Ping 후 경과 시간: 5.015625초
[16:54:14.208] [INFO] 클라이언트 연결 끊김 (ID: 38)
[16:54:14.209] [INFO] 클라이언트가 정상적으로 연결 종료함 - ID: 38
[16:54:14.212] [INFO] 클라이언트 연결 끊김 알림(ID: 38) - 수신자 수: 57
[16:54:14.213] [INFO] 클라이언트 연결 끊김 (ID: 39)
[16:54:14.213] [INFO] 클라이언트가 정상적으로 연결 종료함 - ID: 39
[16:54:14.214] [INFO] 클라이언트 연결 끊김 알림(ID: 39) - 수신자 수: 56
[16:54:14.214] [WARNING] 존재하지 않는 클라이언트 ID를 제거하려고 시도: 38
[16:54:14.215] [WARNING] 존재하지 않는 클라이언트 ID를 제거하려고 시도: 39
[16:54:14.215] [INFO] 새 클라이언트에게 ID 96 전송됨
[16:54:14.217] [INFO] 새 플레이어 정보(ID: 96) 브로드캐스트 - 수신자 수: 56
[16:54:14.218] [INFO] 기존 플레이어 정보 56개가 새 클라이언트(ID: 96)에게 전송됨
[16:54:14.218] [WARNING] 잘못된 패킷 타입: 57, 클라이언트 ID: 96
[16:54:14.246] [INFO] 새 클라이언트에게 ID 97 전송됨
[16:54:14.249] [INFO] 새 플레이어 정보(ID: 97) 브로드캐스트 - 수신자 수: 57
[16:54:14.250] [INFO] 기존 플레이어 정보 57개가 새 클라이언트(ID: 97)에게 전송됨
[16:54:14.250] [WARNING] 잘못된 패킷 타입: 57, 클라이언트 ID: 97
[16:54:14.335] [INFO] 새 클라이언트에게 ID 98 전송됨
[16:54:14.338] [INFO] 새 플레이어 정보(ID: 98) 브로드캐스트 - 수신자 수: 58
[16:54:14.339] [INFO] 기존 플레이어 정보 58개가 새 클라이언트(ID: 98)에게 전송됨
[16:54:14.340] [WARNING] 클라이언트 Ping 타임아웃 발생 - ID: 40, 마지막 Ping 후 경과 시간: 5.095703초
[16:54:14.340] [WARNING] 잘못된 패킷 타입: 57, 클라이언트 ID: 98
[16:54:14.340] [WARNING] 클라이언트 Ping 타임아웃 발생 - ID: 41, 마지막 Ping 후 경과 시간: 5.046875초
[16:54:14.340] [INFO] 클라이언트 연결 끊김 (ID: 40)
[16:54:14.341] [INFO] 클라이언트가 정상적으로 연결 종료함 - ID: 40
[16:54:14.342] [INFO] 클라이언트 연결 끊김 알림(ID: 40) - 수신자 수: 58
[16:54:14.343] [INFO] 클라이언트가 정상적으로 연결 종료함 - ID: 41
[16:54:14.343] [INFO] 클라이언트 연결 끊김 (ID: 41)
[16:54:14.345] [INFO] 클라이언트 연결 끊김 알림(ID: 41) - 수신자 수: 57
[16:54:14.345] [WARNING] 존재하지 않는 클라이언트 ID를 제거하려고 시도: 40
[16:54:14.345] [WARNING] 존재하지 않는 클라이언트 ID를 제거하려고 시도: 41
[16:54:14.371] [INFO] 새 클라이언트에게 ID 99 전송됨
[16:54:14.373] [INFO] 새 플레이어 정보(ID: 99) 브로드캐스트 - 수신자 수: 57
[16:54:14.375] [INFO] 기존 플레이어 정보 57개가 새 클라이언트(ID: 99)에게 전송됨
[16:54:14.375] [WARNING] 클라이언트 Ping 타임아웃 발생 - ID: 42, 마지막 Ping 후 경과 시간: 5.015625초
[16:54:14.375] [WARNING] 잘못된 패킷 타입: 57, 클라이언트 ID: 99
[16:54:14.475] [INFO] 클라이언트 연결 끊김 (ID: 42)
[16:54:14.476] [INFO] 클라이언트가 정상적으로 연결 종료함 - ID: 42
[16:54:14.477] [INFO] 클라이언트 연결 끊김 알림(ID: 42) - 수신자 수: 57
[16:54:14.477] [WARNING] 존재하지 않는 클라이언트 ID를 제거하려고 시도: 42
[16:54:14.477] [INFO] 서버 FPS: 21.967525, 평균 프레임 시간: 51.555477ms, 클라이언트 수: 57
[16:54:14.478] [INFO] 새 클라이언트에게 ID 100 전송됨
[16:54:14.479] [INFO] 새 플레이어 정보(ID: 100) 브로드캐스트 - 수신자 수: 57
[16:54:14.481] [INFO] 기존 플레이어 정보 57개가 새 클라이언트(ID: 100)에게 전송됨
[16:54:14.481] [WARNING] 클라이언트 Ping 타임아웃 발생 - ID: 43, 마지막 Ping 후 경과 시간: 5.064453초
[16:54:14.481] [WARNING] 잘못된 패킷 타입: 57, 클라이언트 ID: 100
[16:54:14.482] [WARNING] 클라이언트 Ping 타임아웃 발생 - ID: 44, 마지막 Ping 후 경과 시간: 5.031250초
[16:54:14.482] [INFO] 클라이언트 연결 끊김 (ID: 43)
[16:54:14.482] [INFO] 클라이언트가 정상적으로 연결 종료함 - ID: 43
[16:54:14.484] [INFO] 클라이언트 연결 끊김 알림(ID: 43) - 수신자 수: 57
[16:54:14.484] [INFO] 클라이언트 연결 끊김 (ID: 44)
[16:54:14.484] [INFO] 클라이언트가 정상적으로 연결 종료함 - ID: 44
[16:54:14.486] [INFO] 클라이언트 연결 끊김 알림(ID: 44) - 수신자 수: 56
[16:54:14.486] [WARNING] 존재하지 않는 클라이언트 ID를 제거하려고 시도: 43
[16:54:14.486] [WARNING] 존재하지 않는 클라이언트 ID를 제거하려고 시도: 44
[16:54:14.496] [INFO] 새 클라이언트에게 ID 101 전송됨
[16:54:14.498] [INFO] 새 플레이어 정보(ID: 101) 브로드캐스트 - 수신자 수: 56
[16:54:14.499] [INFO] 기존 플레이어 정보 56개가 새 클라이언트(ID: 101)에게 전송됨
[16:54:14.499] [WARNING] 잘못된 패킷 타입: 49, 클라이언트 ID: 101
[16:54:14.595] [INFO] 새 클라이언트에게 ID 102 전송됨
[16:54:14.599] [INFO] 새 플레이어 정보(ID: 102) 브로드캐스트 - 수신자 수: 57
[16:54:14.600] [INFO] 기존 플레이어 정보 57개가 새 클라이언트(ID: 102)에게 전송됨
[16:54:14.600] [WARNING] 클라이언트 Ping 타임아웃 발생 - ID: 45, 마지막 Ping 후 경과 시간: 5.107422초
[16:54:14.601] [WARNING] 잘못된 패킷 타입: 49, 클라이언트 ID: 102
[16:54:14.602] [WARNING] 클라이언트 Ping 타임아웃 발생 - ID: 46, 마지막 Ping 후 경과 시간: 5.060547초
[16:54:14.604] [WARNING] 클라이언트 Ping 타임아웃 발생 - ID: 47, 마지막 Ping 후 경과 시간: 5.015625초
[16:54:14.608] [INFO] 클라이언트 연결 끊김 (ID: 45)
[16:54:14.608] [INFO] 클라이언트가 정상적으로 연결 종료함 - ID: 45
[16:54:14.610] [INFO] 클라이언트 연결 끊김 알림(ID: 45) - 수신자 수: 57
[16:54:14.610] [INFO] 클라이언트 연결 끊김 (ID: 46)
[16:54:14.611] [INFO] 클라이언트가 정상적으로 연결 종료함 - ID: 46
[16:54:14.613] [INFO] 클라이언트 연결 끊김 알림(ID: 46) - 수신자 수: 56
[16:54:14.613] [INFO] 클라이언트 연결 끊김 (ID: 47)
[16:54:14.614] [INFO] 클라이언트가 정상적으로 연결 종료함 - ID: 47
[16:54:14.615] [INFO] 클라이언트 연결 끊김 알림(ID: 47) - 수신자 수: 55
[16:54:14.615] [WARNING] 존재하지 않는 클라이언트 ID를 제거하려고 시도: 46
[16:54:14.616] [WARNING] 존재하지 않는 클라이언트 ID를 제거하려고 시도: 45
[16:54:14.616] [WARNING] 존재하지 않는 클라이언트 ID를 제거하려고 시도: 47
[16:54:14.616] [INFO] 새 클라이언트에게 ID 103 전송됨
[16:54:14.618] [INFO] 새 플레이어 정보(ID: 103) 브로드캐스트 - 수신자 수: 55
[16:54:14.619] [INFO] 기존 플레이어 정보 55개가 새 클라이언트(ID: 103)에게 전송됨
[16:54:14.620] [WARNING] 잘못된 패킷 타입: 49, 클라이언트 ID: 103
[16:54:14.672] [INFO] 새 클라이언트에게 ID 104 전송됨
[16:54:14.674] [INFO] 새 플레이어 정보(ID: 104) 브로드캐스트 - 수신자 수: 56
[16:54:14.675] [INFO] 기존 플레이어 정보 56개가 새 클라이언트(ID: 104)에게 전송됨
[16:54:14.675] [WARNING] 클라이언트 Ping 타임아웃 발생 - ID: 48, 마지막 Ping 후 경과 시간: 5.031250초
[16:54:14.676] [WARNING] 잘못된 패킷 타입: 49, 클라이언트 ID: 104
[16:54:14.703] [INFO] 클라이언트 연결 끊김 (ID: 48)
[16:54:14.703] [INFO] 클라이언트가 정상적으로 연결 종료함 - ID: 48
[16:54:14.705] [INFO] 클라이언트 연결 끊김 알림(ID: 48) - 수신자 수: 56
[16:54:14.705] [WARNING] 존재하지 않는 클라이언트 ID를 제거하려고 시도: 48
[16:54:14.705] [INFO] 새 클라이언트에게 ID 105 전송됨
[16:54:14.707] [INFO] 새 플레이어 정보(ID: 105) 브로드캐스트 - 수신자 수: 56
[16:54:14.709] [INFO] 기존 플레이어 정보 56개가 새 클라이언트(ID: 105)에게 전송됨
[16:54:14.709] [WARNING] 잘못된 패킷 타입: 49, 클라이언트 ID: 105
[16:54:14.730] [INFO] 새 클라이언트에게 ID 106 전송됨
[16:54:14.732] [INFO] 새 플레이어 정보(ID: 106) 브로드캐스트 - 수신자 수: 57
[16:54:14.734] [INFO] 기존 플레이어 정보 57개가 새 클라이언트(ID: 106)에게 전송됨
[16:54:14.734] [WARNING] 잘못된 패킷 타입: 49, 클라이언트 ID: 106
[16:54:14.735] [WARNING] 클라이언트 Ping 타임아웃 발생 - ID: 49, 마지막 Ping 후 경과 시간: 5.015625초
[16:54:14.834] [INFO] 클라이언트 연결 끊김 (ID: 49)
[16:54:14.834] [INFO] 클라이언트가 정상적으로 연결 종료함 - ID: 49
[16:54:14.836] [INFO] 클라이언트 연결 끊김 알림(ID: 49) - 수신자 수: 57
[16:54:14.836] [WARNING] 존재하지 않는 클라이언트 ID를 제거하려고 시도: 49
[16:54:14.836] [INFO] 새 클라이언트에게 ID 107 전송됨
[16:54:14.838] [INFO] 새 플레이어 정보(ID: 107) 브로드캐스트 - 수신자 수: 57
[16:54:14.840] [INFO] 기존 플레이어 정보 57개가 새 클라이언트(ID: 107)에게 전송됨
[16:54:14.840] [WARNING] 클라이언트 Ping 타임아웃 발생 - ID: 50, 마지막 Ping 후 경과 시간: 5.095703초
[16:54:14.841] [WARNING] 잘못된 패킷 타입: 49, 클라이언트 ID: 107
[16:54:14.841] [INFO] 클라이언트 연결 끊김 (ID: 50)
[16:54:14.841] [INFO] 클라이언트가 정상적으로 연결 종료함 - ID: 50
[16:54:14.844] [INFO] 클라이언트 연결 끊김 알림(ID: 50) - 수신자 수: 57
[16:54:14.844] [WARNING] 존재하지 않는 클라이언트 ID를 제거하려고 시도: 50
[16:54:14.869] [INFO] 새 클라이언트에게 ID 108 전송됨
[16:54:14.872] [INFO] 새 플레이어 정보(ID: 108) 브로드캐스트 - 수신자 수: 57
[16:54:14.873] [INFO] 기존 플레이어 정보 57개가 새 클라이언트(ID: 108)에게 전송됨
[16:54:14.873] [WARNING] 클라이언트 Ping 타임아웃 발생 - ID: 51, 마지막 Ping 후 경과 시간: 5.015625초
[16:54:14.874] [WARNING] 잘못된 패킷 타입: 49, 클라이언트 ID: 108
[16:54:14.978] [INFO] 클라이언트 연결 끊김 (ID: 51)
[16:54:14.979] [INFO] 클라이언트가 정상적으로 연결 종료함 - ID: 51
[16:54:14.981] [INFO] 클라이언트 연결 끊김 알림(ID: 51) - 수신자 수: 57
[16:54:14.981] [WARNING] 존재하지 않는 클라이언트 ID를 제거하려고 시도: 51
[16:54:14.981] [INFO] 새 클라이언트에게 ID 109 전송됨
[16:54:14.983] [INFO] 새 플레이어 정보(ID: 109) 브로드캐스트 - 수신자 수: 57
[16:54:14.986] [INFO] 기존 플레이어 정보 57개가 새 클라이언트(ID: 109)에게 전송됨
[16:54:14.986] [WARNING] 클라이언트 Ping 타임아웃 발생 - ID: 52, 마지막 Ping 후 경과 시간: 5.015625초
[16:54:14.986] [WARNING] 잘못된 패킷 타입: 49, 클라이언트 ID: 109
[16:54:15.079] [INFO] 클라이언트 연결 끊김 (ID: 52)
[16:54:15.079] [INFO] 클라이언트가 정상적으로 연결 종료함 - ID: 52
[16:54:15.081] [INFO] 클라이언트 연결 끊김 알림(ID: 52) - 수신자 수: 57
[16:54:15.081] [WARNING] 존재하지 않는 클라이언트 ID를 제거하려고 시도: 52
[16:54:15.082] [INFO] 새 클라이언트에게 ID 110 전송됨
[16:54:15.084] [INFO] 새 플레이어 정보(ID: 110) 브로드캐스트 - 수신자 수: 57
[16:54:15.086] [INFO] 기존 플레이어 정보 57개가 새 클라이언트(ID: 110)에게 전송됨
[16:54:15.086] [WARNING] 잘못된 패킷 타입: 49, 클라이언트 ID: 110
[16:54:15.086] [WARNING] 클라이언트 Ping 타임아웃 발생 - ID: 53, 마지막 Ping 후 경과 시간: 5.029297초
[16:54:15.100] [INFO] 클라이언트 연결 끊김 (ID: 53)
[16:54:15.101] [INFO] 클라이언트가 정상적으로 연결 종료함 - ID: 53
[16:54:15.103] [INFO] 클라이언트 연결 끊김 알림(ID: 53) - 수신자 수: 57
[16:54:15.103] [WARNING] 존재하지 않는 클라이언트 ID를 제거하려고 시도: 53
[16:54:15.104] [INFO] 새 클라이언트에게 ID 111 전송됨
[16:54:15.106] [INFO] 새 플레이어 정보(ID: 111) 브로드캐스트 - 수신자 수: 57
[16:54:15.108] [INFO] 기존 플레이어 정보 57개가 새 클라이언트(ID: 111)에게 전송됨
[16:54:15.108] [WARNING] 클라이언트 Ping 타임아웃 발생 - ID: 54, 마지막 Ping 후 경과 시간: 5.015625초
[16:54:15.108] [WARNING] 잘못된 패킷 타입: 49, 클라이언트 ID: 111
[16:54:15.203] [INFO] 클라이언트 연결 끊김 (ID: 54)
[16:54:15.204] [INFO] 클라이언트가 정상적으로 연결 종료함 - ID: 54
[16:54:15.205] [INFO] 클라이언트 연결 끊김 알림(ID: 54) - 수신자 수: 57
[16:54:15.206] [WARNING] 존재하지 않는 클라이언트 ID를 제거하려고 시도: 54
[16:54:15.206] [INFO] 새 클라이언트에게 ID 112 전송됨
[16:54:15.208] [INFO] 새 플레이어 정보(ID: 112) 브로드캐스트 - 수신자 수: 57
[16:54:15.210] [INFO] 기존 플레이어 정보 57개가 새 클라이언트(ID: 112)에게 전송됨
[16:54:15.211] [WARNING] 잘못된 패킷 타입: 49, 클라이언트 ID: 112
[16:54:15.211] [WARNING] 클라이언트 Ping 타임아웃 발생 - ID: 55, 마지막 Ping 후 경과 시간: 5.078125초
[16:54:15.220] [INFO] 클라이언트 연결 끊김 (ID: 55)
[16:54:15.220] [INFO] 클라이언트가 정상적으로 연결 종료함 - ID: 55
[16:54:15.222] [INFO] 클라이언트 연결 끊김 알림(ID: 55) - 수신자 수: 57
[16:54:15.222] [WARNING] 존재하지 않는 클라이언트 ID를 제거하려고 시도: 55
[16:54:15.223] [INFO] 새 클라이언트에게 ID 113 전송됨
[16:54:15.224] [INFO] 새 플레이어 정보(ID: 113) 브로드캐스트 - 수신자 수: 57
[16:54:15.226] [INFO] 기존 플레이어 정보 57개가 새 클라이언트(ID: 113)에게 전송됨
[16:54:15.226] [WARNING] 잘못된 패킷 타입: 49, 클라이언트 ID: 113
[16:54:15.345] [INFO] 새 클라이언트에게 ID 114 전송됨
[16:54:15.348] [INFO] 새 플레이어 정보(ID: 114) 브로드캐스트 - 수신자 수: 58
[16:54:15.349] [INFO] 기존 플레이어 정보 58개가 새 클라이언트(ID: 114)에게 전송됨
[16:54:15.349] [WARNING] 클라이언트 Ping 타임아웃 발생 - ID: 56, 마지막 Ping 후 경과 시간: 5.080078초
[16:54:15.349] [WARNING] 잘못된 패킷 타입: 49, 클라이언트 ID: 114
[16:54:15.435] [INFO] 클라이언트 연결 끊김 (ID: 56)
[16:54:15.436] [INFO] 클라이언트가 정상적으로 연결 종료함 - ID: 56
[16:54:15.438] [INFO] 클라이언트 연결 끊김 알림(ID: 56) - 수신자 수: 58
[16:54:15.438] [WARNING] 존재하지 않는 클라이언트 ID를 제거하려고 시도: 56
[16:54:15.438] [INFO] 새 클라이언트에게 ID 115 전송됨
[16:54:15.441] [INFO] 새 플레이어 정보(ID: 115) 브로드캐스트 - 수신자 수: 58
[16:54:15.442] [INFO] 기존 플레이어 정보 58개가 새 클라이언트(ID: 115)에게 전송됨
[16:54:15.443] [WARNING] 클라이언트 Ping 타임아웃 발생 - ID: 57, 마지막 Ping 후 경과 시간: 5.046875초
[16:54:15.443] [WARNING] 잘못된 패킷 타입: 49, 클라이언트 ID: 115
[16:54:15.460] [INFO] 클라이언트 연결 끊김 (ID: 57)
[16:54:15.460] [INFO] 클라이언트가 정상적으로 연결 종료함 - ID: 57
[16:54:15.462] [INFO] 클라이언트 연결 끊김 알림(ID: 57) - 수신자 수: 58
[16:54:15.462] [WARNING] 존재하지 않는 클라이언트 ID를 제거하려고 시도: 57
[16:54:15.463] [INFO] 새 클라이언트에게 ID 116 전송됨
[16:54:15.465] [INFO] 새 플레이어 정보(ID: 116) 브로드캐스트 - 수신자 수: 58
[16:54:15.467] [INFO] 기존 플레이어 정보 58개가 새 클라이언트(ID: 116)에게 전송됨
[16:54:15.467] [WARNING] 잘못된 패킷 타입: 49, 클라이언트 ID: 116
[16:54:15.564] [INFO] 서버 FPS: 15.769944, 평균 프레임 시간: 63.748672ms, 클라이언트 수: 59
[16:54:15.565] [INFO] 새 클라이언트에게 ID 117 전송됨
[16:54:15.567] [INFO] 새 플레이어 정보(ID: 117) 브로드캐스트 - 수신자 수: 59
[16:54:15.568] [INFO] 기존 플레이어 정보 59개가 새 클라이언트(ID: 117)에게 전송됨
[16:54:15.568] [WARNING] 클라이언트 Ping 타임아웃 발생 - ID: 58, 마지막 Ping 후 경과 시간: 5.060547초
[16:54:15.569] [WARNING] 잘못된 패킷 타입: 49, 클라이언트 ID: 117
[16:54:15.582] [INFO] 클라이언트 연결 끊김 (ID: 58)
[16:54:15.582] [INFO] 클라이언트가 정상적으로 연결 종료함 - ID: 58
[16:54:15.584] [INFO] 클라이언트 연결 끊김 알림(ID: 58) - 수신자 수: 59
[16:54:15.584] [WARNING] 존재하지 않는 클라이언트 ID를 제거하려고 시도: 58
[16:54:15.585] [INFO] 새 클라이언트에게 ID 118 전송됨
[16:54:15.587] [INFO] 새 플레이어 정보(ID: 118) 브로드캐스트 - 수신자 수: 59
[16:54:15.589] [INFO] 기존 플레이어 정보 59개가 새 클라이언트(ID: 118)에게 전송됨
[16:54:15.589] [WARNING] 잘못된 패킷 타입: 49, 클라이언트 ID: 118
[16:54:15.707] [INFO] 새 클라이언트에게 ID 119 전송됨
[16:54:15.710] [INFO] 새 플레이어 정보(ID: 119) 브로드캐스트 - 수신자 수: 60
[16:54:15.712] [INFO] 기존 플레이어 정보 60개가 새 클라이언트(ID: 119)에게 전송됨
[16:54:15.712] [WARNING] 클라이언트 Ping 타임아웃 발생 - ID: 59, 마지막 Ping 후 경과 시간: 5.046875초
[16:54:15.713] [WARNING] 잘못된 패킷 타입: 49, 클라이언트 ID: 119
[16:54:15.828] [INFO] 클라이언트 연결 끊김 (ID: 59)
[16:54:15.828] [INFO] 클라이언트가 정상적으로 연결 종료함 - ID: 59
[16:54:15.831] [INFO] 클라이언트 연결 끊김 알림(ID: 59) - 수신자 수: 60
[16:54:15.831] [WARNING] 존재하지 않는 클라이언트 ID를 제거하려고 시도: 59
[16:54:15.831] [INFO] 새 클라이언트에게 ID 120 전송됨
[16:54:15.833] [INFO] 새 플레이어 정보(ID: 120) 브로드캐스트 - 수신자 수: 60
[16:54:15.835] [INFO] 기존 플레이어 정보 60개가 새 클라이언트(ID: 120)에게 전송됨
[16:54:15.836] [WARNING] 클라이언트 Ping 타임아웃 발생 - ID: 60, 마지막 Ping 후 경과 시간: 5.046875초
[16:54:15.836] [WARNING] 잘못된 패킷 타입: 49, 클라이언트 ID: 120
[16:54:15.937] [INFO] 클라이언트 연결 끊김 (ID: 60)
[16:54:15.938] [INFO] 클라이언트가 정상적으로 연결 종료함 - ID: 60
[16:54:15.940] [INFO] 클라이언트 연결 끊김 알림(ID: 60) - 수신자 수: 60
[16:54:15.940] [WARNING] 존재하지 않는 클라이언트 ID를 제거하려고 시도: 60
[16:54:15.940] [INFO] 새 클라이언트에게 ID 121 전송됨
[16:54:15.942] [INFO] 새 플레이어 정보(ID: 121) 브로드캐스트 - 수신자 수: 60
[16:54:15.945] [INFO] 기존 플레이어 정보 60개가 새 클라이언트(ID: 121)에게 전송됨
[16:54:15.945] [WARNING] 잘못된 패킷 타입: 49, 클라이언트 ID: 121
[16:54:15.977] [INFO] 새 클라이언트에게 ID 122 전송됨
[16:54:15.981] [INFO] 새 플레이어 정보(ID: 122) 브로드캐스트 - 수신자 수: 61
[16:54:15.983] [INFO] 기존 플레이어 정보 61개가 새 클라이언트(ID: 122)에게 전송됨
[16:54:15.984] [WARNING] 클라이언트 Ping 타임아웃 발생 - ID: 61, 마지막 Ping 후 경과 시간: 5.031250초
[16:54:15.984] [WARNING] 잘못된 패킷 타입: 49, 클라이언트 ID: 122
[16:54:16.098] [INFO] 클라이언트 연결 끊김 (ID: 61)
[16:54:16.098] [INFO] 클라이언트가 정상적으로 연결 종료함 - ID: 61
[16:54:16.101] [INFO] 클라이언트 연결 끊김 알림(ID: 61) - 수신자 수: 61
[16:54:16.101] [WARNING] 존재하지 않는 클라이언트 ID를 제거하려고 시도: 61
[16:54:16.101] [INFO] 새 클라이언트에게 ID 123 전송됨
[16:54:16.104] [INFO] 새 플레이어 정보(ID: 123) 브로드캐스트 - 수신자 수: 61
[16:54:16.106] [INFO] 기존 플레이어 정보 61개가 새 클라이언트(ID: 123)에게 전송됨
[16:54:16.106] [WARNING] 잘못된 패킷 타입: 49, 클라이언트 ID: 123
[16:54:16.221] [INFO] 새 클라이언트에게 ID 124 전송됨
[16:54:16.223] [INFO] 새 플레이어 정보(ID: 124) 브로드캐스트 - 수신자 수: 62
[16:54:16.226] [INFO] 기존 플레이어 정보 62개가 새 클라이언트(ID: 124)에게 전송됨
[16:54:16.226] [WARNING] 클라이언트 Ping 타임아웃 발생 - ID: 62, 마지막 Ping 후 경과 시간: 5.126953초
[16:54:16.226] [WARNING] 잘못된 패킷 타입: 49, 클라이언트 ID: 124
[16:54:16.344] [INFO] 클라이언트 연결 끊김 (ID: 62)
[16:54:16.344] [INFO] 클라이언트가 정상적으로 연결 종료함 - ID: 62
[16:54:16.346] [INFO] 클라이언트 연결 끊김 알림(ID: 62) - 수신자 수: 62
[16:54:16.346] [WARNING] 존재하지 않는 클라이언트 ID를 제거하려고 시도: 62
[16:54:16.347] [INFO] 새 클라이언트에게 ID 125 전송됨
[16:54:16.349] [INFO] 새 플레이어 정보(ID: 125) 브로드캐스트 - 수신자 수: 62
[16:54:16.351] [INFO] 기존 플레이어 정보 62개가 새 클라이언트(ID: 125)에게 전송됨
[16:54:16.351] [WARNING] 클라이언트 Ping 타임아웃 발생 - ID: 63, 마지막 Ping 후 경과 시간: 5.080078초
[16:54:16.351] [WARNING] 잘못된 패킷 타입: 49, 클라이언트 ID: 125
[16:54:16.468] [INFO] 클라이언트 연결 끊김 (ID: 63)
[16:54:16.469] [INFO] 클라이언트가 정상적으로 연결 종료함 - ID: 63
[16:54:16.471] [INFO] 클라이언트 연결 끊김 알림(ID: 63) - 수신자 수: 62
[16:54:16.471] [WARNING] 존재하지 않는 클라이언트 ID를 제거하려고 시도: 63
[16:54:16.471] [INFO] 새 클라이언트에게 ID 126 전송됨
[16:54:16.473] [INFO] 새 플레이어 정보(ID: 126) 브로드캐스트 - 수신자 수: 62
[16:54:16.476] [INFO] 기존 플레이어 정보 62개가 새 클라이언트(ID: 126)에게 전송됨
[16:54:16.476] [WARNING] 클라이언트 Ping 타임아웃 발생 - ID: 64, 마지막 Ping 후 경과 시간: 5.048828초
[16:54:16.476] [WARNING] 잘못된 패킷 타입: 49, 클라이언트 ID: 126
[16:54:16.578] [INFO] 클라이언트 연결 끊김 (ID: 64)
[16:54:16.578] [INFO] 클라이언트가 정상적으로 연결 종료함 - ID: 64
[16:54:16.581] [INFO] 클라이언트 연결 끊김 알림(ID: 64) - 수신자 수: 62
[16:54:16.581] [WARNING] 존재하지 않는 클라이언트 ID를 제거하려고 시도: 64
[16:54:16.581] [INFO] 서버 FPS: 9.699321, 평균 프레임 시간: 90.169800ms, 클라이언트 수: 62
[16:54:16.581] [INFO] 새 클라이언트에게 ID 127 전송됨
[16:54:16.583] [INFO] 새 플레이어 정보(ID: 127) 브로드캐스트 - 수신자 수: 62
[16:54:16.585] [INFO] 기존 플레이어 정보 62개가 새 클라이언트(ID: 127)에게 전송됨
[16:54:16.586] [WARNING] 잘못된 패킷 타입: 49, 클라이언트 ID: 127
[16:54:16.597] [INFO] 새 클라이언트에게 ID 128 전송됨
[16:54:16.599] [INFO] 새 플레이어 정보(ID: 128) 브로드캐스트 - 수신자 수: 63
[16:54:16.601] [INFO] 기존 플레이어 정보 63개가 새 클라이언트(ID: 128)에게 전송됨
[16:54:16.601] [WARNING] 클라이언트 Ping 타임아웃 발생 - ID: 65, 마지막 Ping 후 경과 시간: 5.015625초
[16:54:16.601] [WARNING] 잘못된 패킷 타입: 49, 클라이언트 ID: 128
[16:54:16.697] [INFO] 클라이언트 연결 끊김 (ID: 65)
[16:54:16.697] [INFO] 클라이언트가 정상적으로 연결 종료함 - ID: 65
[16:54:16.700] [INFO] 클라이언트 연결 끊김 알림(ID: 65) - 수신자 수: 63
[16:54:16.701] [WARNING] 존재하지 않는 클라이언트 ID를 제거하려고 시도: 65
[16:54:16.701] [INFO] 새 클라이언트에게 ID 129 전송됨
[16:54:16.703] [INFO] 새 플레이어 정보(ID: 129) 브로드캐스트 - 수신자 수: 63
[16:54:16.704] [INFO] 기존 플레이어 정보 63개가 새 클라이언트(ID: 129)에게 전송됨
[16:54:16.705] [WARNING] 잘못된 패킷 타입: 49, 클라이언트 ID: 129
[16:54:16.816] [INFO] 새 클라이언트에게 ID 130 전송됨
[16:54:16.818] [INFO] 새 플레이어 정보(ID: 130) 브로드캐스트 - 수신자 수: 64
[16:54:16.820] [INFO] 기존 플레이어 정보 64개가 새 클라이언트(ID: 130)에게 전송됨
[16:54:16.820] [WARNING] 클라이언트 Ping 타임아웃 발생 - ID: 66, 마지막 Ping 후 경과 시간: 5.080078초
[16:54:16.820] [WARNING] 잘못된 패킷 타입: 49, 클라이언트 ID: 130
[16:54:16.930] [INFO] 클라이언트 연결 끊김 (ID: 66)
[16:54:16.930] [INFO] 클라이언트가 정상적으로 연결 종료함 - ID: 66
[16:54:16.933] [INFO] 클라이언트 연결 끊김 알림(ID: 66) - 수신자 수: 64
[16:54:16.933] [WARNING] 존재하지 않는 클라이언트 ID를 제거하려고 시도: 66
[16:54:16.933] [INFO] 새 클라이언트에게 ID 131 전송됨
[16:54:16.936] [INFO] 새 플레이어 정보(ID: 131) 브로드캐스트 - 수신자 수: 64
[16:54:16.937] [INFO] 기존 플레이어 정보 64개가 새 클라이언트(ID: 131)에게 전송됨
[16:54:16.938] [WARNING] 잘못된 패킷 타입: 49, 클라이언트 ID: 131
[16:54:16.938] [WARNING] 클라이언트 Ping 타임아웃 발생 - ID: 67, 마지막 Ping 후 경과 시간: 5.015625초
[16:54:17.056] [INFO] 클라이언트 연결 끊김 (ID: 67)
[16:54:17.057] [INFO] 클라이언트가 정상적으로 연결 종료함 - ID: 67
[16:54:17.059] [INFO] 클라이언트 연결 끊김 알림(ID: 67) - 수신자 수: 64
[16:54:17.059] [WARNING] 존재하지 않는 클라이언트 ID를 제거하려고 시도: 67
[16:54:17.060] [INFO] 새 클라이언트에게 ID 132 전송됨
[16:54:17.062] [INFO] 새 플레이어 정보(ID: 132) 브로드캐스트 - 수신자 수: 64
[16:54:17.064] [INFO] 기존 플레이어 정보 64개가 새 클라이언트(ID: 132)에게 전송됨
[16:54:17.065] [WARNING] 잘못된 패킷 타입: 49, 클라이언트 ID: 132
[16:54:17.180] [INFO] 새 클라이언트에게 ID 133 전송됨
[16:54:17.184] [INFO] 새 플레이어 정보(ID: 133) 브로드캐스트 - 수신자 수: 65
[16:54:17.186] [INFO] 기존 플레이어 정보 65개가 새 클라이언트(ID: 133)에게 전송됨
[16:54:17.186] [WARNING] 클라이언트 Ping 타임아웃 발생 - ID: 68, 마지막 Ping 후 경과 시간: 5.111328초
[16:54:17.186] [WARNING] 잘못된 패킷 타입: 49, 클라이언트 ID: 133
[16:54:17.298] [INFO] 클라이언트 연결 끊김 (ID: 68)
[16:54:17.298] [INFO] 클라이언트가 정상적으로 연결 종료함 - ID: 68
[16:54:17.302] [INFO] 클라이언트 연결 끊김 알림(ID: 68) - 수신자 수: 65
[16:54:17.302] [WARNING] 존재하지 않는 클라이언트 ID를 제거하려고 시도: 68
[16:54:17.302] [INFO] 새 클라이언트에게 ID 134 전송됨
[16:54:17.304] [INFO] 새 플레이어 정보(ID: 134) 브로드캐스트 - 수신자 수: 65
[16:54:17.306] [INFO] 기존 플레이어 정보 65개가 새 클라이언트(ID: 134)에게 전송됨
[16:54:17.307] [WARNING] 잘못된 패킷 타입: 49, 클라이언트 ID: 134
[16:54:17.307] [WARNING] 클라이언트 Ping 타임아웃 발생 - ID: 69, 마지막 Ping 후 경과 시간: 5.048828초
[16:54:17.427] [INFO] 클라이언트 연결 끊김 (ID: 69)
[16:54:17.427] [INFO] 클라이언트가 정상적으로 연결 종료함 - ID: 69
[16:54:17.430] [INFO] 클라이언트 연결 끊김 알림(ID: 69) - 수신자 수: 65
[16:54:17.430] [WARNING] 존재하지 않는 클라이언트 ID를 제거하려고 시도: 69
[16:54:17.431] [INFO] 새 클라이언트에게 ID 135 전송됨
[16:54:17.433] [INFO] 새 플레이어 정보(ID: 135) 브로드캐스트 - 수신자 수: 65
[16:54:17.435] [INFO] 기존 플레이어 정보 65개가 새 클라이언트(ID: 135)에게 전송됨
[16:54:17.435] [WARNING] 클라이언트 Ping 타임아웃 발생 - ID: 70, 마지막 Ping 후 경과 시간: 5.015625초
[16:54:17.435] [WARNING] 잘못된 패킷 타입: 49, 클라이언트 ID: 135
[16:54:17.551] [INFO] 클라이언트 연결 끊김 (ID: 70)
[16:54:17.551] [INFO] 클라이언트가 정상적으로 연결 종료함 - ID: 70
[16:54:17.554] [INFO] 클라이언트 연결 끊김 알림(ID: 70) - 수신자 수: 65
[16:54:17.554] [WARNING] 존재하지 않는 클라이언트 ID를 제거하려고 시도: 70
[16:54:17.554] [INFO] 새 클라이언트에게 ID 136 전송됨
[16:54:17.557] [INFO] 새 플레이어 정보(ID: 136) 브로드캐스트 - 수신자 수: 65
[16:54:17.558] [INFO] 기존 플레이어 정보 65개가 새 클라이언트(ID: 136)에게 전송됨
[16:54:17.559] [WARNING] 잘못된 패킷 타입: 49, 클라이언트 ID: 136
[16:54:17.677] [INFO] 서버 FPS: 9.140768, 평균 프레임 시간: 106.457909ms, 클라이언트 수: 66
[16:54:17.677] [INFO] 새 클라이언트에게 ID 137 전송됨
[16:54:17.680] [INFO] 새 플레이어 정보(ID: 137) 브로드캐스트 - 수신자 수: 66
[16:54:17.682] [INFO] 기존 플레이어 정보 66개가 새 클라이언트(ID: 137)에게 전송됨
[16:54:17.682] [WARNING] 클라이언트 Ping 타임아웃 발생 - ID: 71, 마지막 Ping 후 경과 시간: 5.080078초
[16:54:17.683] [WARNING] 잘못된 패킷 타입: 49, 클라이언트 ID: 137
[16:54:17.810] [INFO] 클라이언트 연결 끊김 (ID: 71)
[16:54:17.810] [INFO] 클라이언트가 정상적으로 연결 종료함 - ID: 71
[16:54:17.812] [INFO] 클라이언트 연결 끊김 알림(ID: 71) - 수신자 수: 66
[16:54:17.813] [WARNING] 존재하지 않는 클라이언트 ID를 제거하려고 시도: 71
[16:54:17.813] [INFO] 새 클라이언트에게 ID 138 전송됨
[16:54:17.816] [INFO] 새 플레이어 정보(ID: 138) 브로드캐스트 - 수신자 수: 66
[16:54:17.818] [INFO] 기존 플레이어 정보 66개가 새 클라이언트(ID: 138)에게 전송됨
[16:54:17.818] [WARNING] 클라이언트 Ping 타임아웃 발생 - ID: 72, 마지막 Ping 후 경과 시간: 5.048828초
[16:54:17.819] [WARNING] 잘못된 패킷 타입: 49, 클라이언트 ID: 138
[16:54:17.921] [INFO] 클라이언트 연결 끊김 (ID: 72)
[16:54:17.922] [INFO] 클라이언트가 정상적으로 연결 종료함 - ID: 72
[16:54:17.924] [INFO] 클라이언트 연결 끊김 알림(ID: 72) - 수신자 수: 66
[16:54:17.924] [WARNING] 존재하지 않는 클라이언트 ID를 제거하려고 시도: 72
[16:54:17.925] [INFO] 새 클라이언트에게 ID 139 전송됨
[16:54:17.927] [INFO] 새 플레이어 정보(ID: 139) 브로드캐스트 - 수신자 수: 66
[16:54:17.929] [INFO] 기존 플레이어 정보 66개가 새 클라이언트(ID: 139)에게 전송됨
[16:54:17.930] [WARNING] 잘못된 패킷 타입: 49, 클라이언트 ID: 139
[16:54:17.960] [INFO] 새 클라이언트에게 ID 140 전송됨
[16:54:17.963] [INFO] 새 플레이어 정보(ID: 140) 브로드캐스트 - 수신자 수: 67
[16:54:17.965] [INFO] 기존 플레이어 정보 67개가 새 클라이언트(ID: 140)에게 전송됨
[16:54:17.966] [WARNING] 잘못된 패킷 타입: 49, 클라이언트 ID: 140
[16:54:18.067] [INFO] 새 클라이언트에게 ID 141 전송됨
[16:54:18.069] [INFO] 새 플레이어 정보(ID: 141) 브로드캐스트 - 수신자 수: 68
[16:54:18.071] [INFO] 기존 플레이어 정보 68개가 새 클라이언트(ID: 141)에게 전송됨
[16:54:18.072] [WARNING] 클라이언트 Ping 타임아웃 발생 - ID: 73, 마지막 Ping 후 경과 시간: 5.107422초
[16:54:18.072] [WARNING] 잘못된 패킷 타입: 49, 클라이언트 ID: 141
[16:54:18.191] [INFO] 클라이언트 연결 끊김 (ID: 73)
[16:54:18.192] [INFO] 클라이언트가 정상적으로 연결 종료함 - ID: 73
[16:54:18.195] [INFO] 클라이언트 연결 끊김 알림(ID: 73) - 수신자 수: 68
[16:54:18.196] [WARNING] 존재하지 않는 클라이언트 ID를 제거하려고 시도: 73
[16:54:18.196] [INFO] 새 클라이언트에게 ID 142 전송됨
[16:54:18.199] [INFO] 새 플레이어 정보(ID: 142) 브로드캐스트 - 수신자 수: 68
[16:54:18.201] [INFO] 기존 플레이어 정보 68개가 새 클라이언트(ID: 142)에게 전송됨
[16:54:18.202] [WARNING] 클라이언트 Ping 타임아웃 발생 - ID: 74, 마지막 Ping 후 경과 시간: 5.095703초
[16:54:18.202] [WARNING] 잘못된 패킷 타입: 49, 클라이언트 ID: 142
[16:54:18.327] [INFO] 클라이언트 연결 끊김 (ID: 74)
[16:54:18.328] [INFO] 클라이언트가 정상적으로 연결 종료함 - ID: 74
[16:54:18.331] [INFO] 클라이언트 연결 끊김 알림(ID: 74) - 수신자 수: 68
[16:54:18.332] [WARNING] 존재하지 않는 클라이언트 ID를 제거하려고 시도: 74
[16:54:18.332] [INFO] 새 클라이언트에게 ID 143 전송됨
[16:54:18.334] [INFO] 새 플레이어 정보(ID: 143) 브로드캐스트 - 수신자 수: 68
[16:54:18.337] [INFO] 기존 플레이어 정보 68개가 새 클라이언트(ID: 143)에게 전송됨
[16:54:18.337] [WARNING] 클라이언트 Ping 타임아웃 발생 - ID: 75, 마지막 Ping 후 경과 시간: 5.109375초
[16:54:18.337] [WARNING] 잘못된 패킷 타입: 49, 클라이언트 ID: 143
[16:54:18.458] [INFO] 클라이언트 연결 끊김 (ID: 75)
[16:54:18.459] [INFO] 클라이언트가 정상적으로 연결 종료함 - ID: 75
[16:54:18.461] [INFO] 클라이언트 연결 끊김 알림(ID: 75) - 수신자 수: 68
[16:54:18.461] [WARNING] 존재하지 않는 클라이언트 ID를 제거하려고 시도: 75
[16:54:18.462] [INFO] 새 클라이언트에게 ID 144 전송됨
[16:54:18.464] [INFO] 새 플레이어 정보(ID: 144) 브로드캐스트 - 수신자 수: 68
[16:54:18.466] [INFO] 기존 플레이어 정보 68개가 새 클라이언트(ID: 144)에게 전송됨
[16:54:18.466] [WARNING] 클라이언트 Ping 타임아웃 발생 - ID: 76, 마지막 Ping 후 경과 시간: 5.109375초
[16:54:18.466] [WARNING] 잘못된 패킷 타입: 49, 클라이언트 ID: 144
[16:54:18.469] [WARNING] 클라이언트 Ping 타임아웃 발생 - ID: 77, 마지막 Ping 후 경과 시간: 5.033203초
[16:54:18.599] [INFO] 클라이언트 연결 끊김 (ID: 76)
[16:54:18.599] [INFO] 클라이언트가 정상적으로 연결 종료함 - ID: 76
[16:54:18.601] [INFO] 클라이언트 연결 끊김 알림(ID: 76) - 수신자 수: 68
[16:54:18.602] [INFO] 클라이언트 연결 끊김 (ID: 77)
[16:54:18.602] [INFO] 클라이언트가 정상적으로 연결 종료함 - ID: 77
[16:54:18.604] [INFO] 클라이언트 연결 끊김 알림(ID: 77) - 수신자 수: 67
[16:54:18.604] [WARNING] 존재하지 않는 클라이언트 ID를 제거하려고 시도: 76
[16:54:18.604] [WARNING] 존재하지 않는 클라이언트 ID를 제거하려고 시도: 77
[16:54:18.605] [INFO] 새 클라이언트에게 ID 145 전송됨
[16:54:18.607] [INFO] 새 플레이어 정보(ID: 145) 브로드캐스트 - 수신자 수: 67
[16:54:18.609] [INFO] 기존 플레이어 정보 67개가 새 클라이언트(ID: 145)에게 전송됨
[16:54:18.609] [WARNING] 클라이언트 Ping 타임아웃 발생 - ID: 78, 마지막 Ping 후 경과 시간: 5.123047초
[16:54:18.609] [WARNING] 잘못된 패킷 타입: 49, 클라이언트 ID: 145
[16:54:18.611] [WARNING] 클라이언트 Ping 타임아웃 발생 - ID: 79, 마지막 Ping 후 경과 시간: 5.107422초
[16:54:18.613] [WARNING] 클라이언트 Ping 타임아웃 발생 - ID: 80, 마지막 Ping 후 경과 시간: 5.044922초
[16:54:18.616] [WARNING] 클라이언트 Ping 타임아웃 발생 - ID: 81, 마지막 Ping 후 경과 시간: 5.015625초
[16:54:18.732] [INFO] 클라이언트 연결 끊김 (ID: 78)
[16:54:18.732] [INFO] 클라이언트가 정상적으로 연결 종료함 - ID: 78
[16:54:18.735] [INFO] 클라이언트 연결 끊김 알림(ID: 78) - 수신자 수: 67
[16:54:18.736] [INFO] 클라이언트 연결 끊김 (ID: 79)
[16:54:18.736] [INFO] 클라이언트가 정상적으로 연결 종료함 - ID: 79
[16:54:18.738] [INFO] 클라이언트 연결 끊김 알림(ID: 79) - 수신자 수: 66
[16:54:18.738] [INFO] 클라이언트 연결 끊김 (ID: 80)
[16:54:18.738] [INFO] 클라이언트가 정상적으로 연결 종료함 - ID: 80
[16:54:18.740] [INFO] 클라이언트 연결 끊김 알림(ID: 80) - 수신자 수: 65
[16:54:18.741] [INFO] 클라이언트 연결 끊김 (ID: 81)
[16:54:18.741] [INFO] 클라이언트가 정상적으로 연결 종료함 - ID: 81
[16:54:18.743] [INFO] 클라이언트 연결 끊김 알림(ID: 81) - 수신자 수: 64
[16:54:18.743] [WARNING] 존재하지 않는 클라이언트 ID를 제거하려고 시도: 78
[16:54:18.743] [INFO] 서버 FPS: 8.474576, 평균 프레임 시간: 114.334991ms, 클라이언트 수: 64
[16:54:18.744] [WARNING] 존재하지 않는 클라이언트 ID를 제거하려고 시도: 79
[16:54:18.744] [WARNING] 존재하지 않는 클라이언트 ID를 제거하려고 시도: 81
[16:54:18.744] [WARNING] 존재하지 않는 클라이언트 ID를 제거하려고 시도: 80
[16:54:18.744] [INFO] 새 클라이언트에게 ID 146 전송됨
[16:54:18.747] [INFO] 새 플레이어 정보(ID: 146) 브로드캐스트 - 수신자 수: 64
[16:54:18.749] [INFO] 기존 플레이어 정보 64개가 새 클라이언트(ID: 146)에게 전송됨
[16:54:18.749] [WARNING] 클라이언트 Ping 타임아웃 발생 - ID: 82, 마지막 Ping 후 경과 시간: 5.140625초
[16:54:18.749] [WARNING] 잘못된 패킷 타입: 49, 클라이언트 ID: 146
[16:54:18.751] [WARNING] 클라이언트 Ping 타임아웃 발생 - ID: 83, 마지막 Ping 후 경과 시간: 5.123047초
[16:54:18.753] [WARNING] 클라이언트 Ping 타임아웃 발생 - ID: 84, 마지막 Ping 후 경과 시간: 5.029297초
[16:54:18.756] [WARNING] 클라이언트 Ping 타임아웃 발생 - ID: 85, 마지막 Ping 후 경과 시간: 5.013672초
[16:54:18.865] [INFO] 클라이언트 연결 끊김 (ID: 82)
[16:54:18.865] [INFO] 클라이언트가 정상적으로 연결 종료함 - ID: 82
[16:54:18.869] [INFO] 클라이언트 연결 끊김 알림(ID: 82) - 수신자 수: 64
[16:54:18.869] [INFO] 클라이언트 연결 끊김 (ID: 83)
[16:54:18.869] [INFO] 클라이언트가 정상적으로 연결 종료함 - ID: 83
[16:54:18.871] [INFO] 클라이언트 연결 끊김 알림(ID: 83) - 수신자 수: 63
[16:54:18.872] [INFO] 클라이언트 연결 끊김 (ID: 84)
[16:54:18.872] [INFO] 클라이언트가 정상적으로 연결 종료함 - ID: 84
[16:54:18.874] [INFO] 클라이언트 연결 끊김 알림(ID: 84) - 수신자 수: 62
[16:54:18.874] [INFO] 클라이언트 연결 끊김 (ID: 85)
[16:54:18.874] [INFO] 클라이언트가 정상적으로 연결 종료함 - ID: 85
[16:54:18.876] [INFO] 클라이언트 연결 끊김 알림(ID: 85) - 수신자 수: 61
[16:54:18.876] [WARNING] 존재하지 않는 클라이언트 ID를 제거하려고 시도: 82
[16:54:18.877] [WARNING] 존재하지 않는 클라이언트 ID를 제거하려고 시도: 84
[16:54:18.877] [WARNING] 존재하지 않는 클라이언트 ID를 제거하려고 시도: 83
[16:54:18.877] [WARNING] 존재하지 않는 클라이언트 ID를 제거하려고 시도: 85
[16:54:18.877] [INFO] 새 클라이언트에게 ID 147 전송됨
[16:54:18.879] [INFO] 새 플레이어 정보(ID: 147) 브로드캐스트 - 수신자 수: 61
[16:54:18.881] [INFO] 기존 플레이어 정보 61개가 새 클라이언트(ID: 147)에게 전송됨
[16:54:18.881] [WARNING] 잘못된 패킷 타입: 49, 클라이언트 ID: 147
[16:54:18.881] [WARNING] 클라이언트 Ping 타임아웃 발생 - ID: 86, 마지막 Ping 후 경과 시간: 5.126953초
[16:54:18.884] [WARNING] 클라이언트 Ping 타임아웃 발생 - ID: 87, 마지막 Ping 후 경과 시간: 5.015625초
[16:54:18.983] [INFO] 클라이언트 연결 끊김 (ID: 86)
[16:54:18.983] [INFO] 클라이언트가 정상적으로 연결 종료함 - ID: 86
[16:54:18.986] [INFO] 클라이언트 연결 끊김 알림(ID: 86) - 수신자 수: 61
[16:54:18.986] [INFO] 클라이언트 연결 끊김 (ID: 87)
[16:54:18.987] [INFO] 클라이언트가 정상적으로 연결 종료함 - ID: 87
[16:54:18.988] [INFO] 클라이언트 연결 끊김 알림(ID: 87) - 수신자 수: 60
[16:54:18.988] [WARNING] 존재하지 않는 클라이언트 ID를 제거하려고 시도: 86
[16:54:18.989] [WARNING] 존재하지 않는 클라이언트 ID를 제거하려고 시도: 87
[16:54:18.989] [WARNING] 클라이언트 Ping 타임아웃 발생 - ID: 88, 마지막 Ping 후 경과 시간: 5.093750초
[16:54:18.991] [WARNING] 클라이언트 Ping 타임아웃 발생 - ID: 89, 마지막 Ping 후 경과 시간: 5.064453초
[16:54:18.993] [WARNING] 클라이언트 Ping 타임아웃 발생 - ID: 90, 마지막 Ping 후 경과 시간: 5.031250초
[16:54:18.999] [INFO] 클라이언트 연결 끊김 (ID: 88)
[16:54:18.999] [INFO] 클라이언트가 정상적으로 연결 종료함 - ID: 88
[16:54:19.001] [INFO] 클라이언트 연결 끊김 알림(ID: 88) - 수신자 수: 59
[16:54:19.001] [INFO] 클라이언트 연결 끊김 (ID: 89)
[16:54:19.001] [INFO] 클라이언트가 정상적으로 연결 종료함 - ID: 89
[16:54:19.003] [INFO] 클라이언트 연결 끊김 알림(ID: 89) - 수신자 수: 58
[16:54:19.004] [WARNING] 존재하지 않는 클라이언트 ID를 제거하려고 시도: 88
[16:54:19.004] [WARNING] 존재하지 않는 클라이언트 ID를 제거하려고 시도: 89
[16:54:19.004] [INFO] 클라이언트 연결 끊김 (ID: 90)
[16:54:19.004] [INFO] 클라이언트가 정상적으로 연결 종료함 - ID: 90
[16:54:19.006] [INFO] 클라이언트 연결 끊김 알림(ID: 90) - 수신자 수: 57
[16:54:19.006] [WARNING] 존재하지 않는 클라이언트 ID를 제거하려고 시도: 90
[16:54:19.006] [WARNING] 클라이언트 Ping 타임아웃 발생 - ID: 91, 마지막 Ping 후 경과 시간: 5.015625초
[16:54:19.091] [INFO] 클라이언트 연결 끊김 (ID: 91)
[16:54:19.091] [INFO] 클라이언트가 정상적으로 연결 종료함 - ID: 91
[16:54:19.094] [INFO] 클라이언트 연결 끊김 알림(ID: 91) - 수신자 수: 56
[16:54:19.094] [WARNING] 클라이언트 Ping 타임아웃 발생 - ID: 92, 마지막 Ping 후 경과 시간: 5.058594초
[16:54:19.095] [WARNING] 클라이언트 Ping 타임아웃 발생 - ID: 93, 마지막 Ping 후 경과 시간: 5.015625초
[16:54:19.095] [INFO] 클라이언트 연결 끊김 (ID: 92)
[16:54:19.095] [INFO] 클라이언트가 정상적으로 연결 종료함 - ID: 92
[16:54:19.097] [INFO] 클라이언트 연결 끊김 알림(ID: 92) - 수신자 수: 55
[16:54:19.097] [INFO] 클라이언트 연결 끊김 (ID: 93)
[16:54:19.097] [INFO] 클라이언트가 정상적으로 연결 종료함 - ID: 93
[16:54:19.099] [INFO] 클라이언트 연결 끊김 알림(ID: 93) - 수신자 수: 54
[16:54:19.099] [WARNING] 존재하지 않는 클라이언트 ID를 제거하려고 시도: 92
[16:54:19.099] [WARNING] 존재하지 않는 클라이언트 ID를 제거하려고 시도: 91
[16:54:19.099] [WARNING] 존재하지 않는 클라이언트 ID를 제거하려고 시도: 93
[16:54:19.119] [WARNING] 클라이언트 Ping 타임아웃 발생 - ID: 94, 마지막 Ping 후 경과 시간: 5.017578초
[16:54:19.189] [INFO] 클라이언트 연결 끊김 (ID: 94)
[16:54:19.189] [INFO] 클라이언트가 정상적으로 연결 종료함 - ID: 94
[16:54:19.192] [INFO] 클라이언트 연결 끊김 알림(ID: 94) - 수신자 수: 53
[16:54:19.192] [WARNING] 존재하지 않는 클라이언트 ID를 제거하려고 시도: 94
[16:54:19.228] [WARNING] 클라이언트 Ping 타임아웃 발생 - ID: 95, 마지막 Ping 후 경과 시간: 5.031250초
[16:54:19.230] [WARNING] 클라이언트 Ping 타임아웃 발생 - ID: 96, 마지막 Ping 후 경과 시간: 5.015625초
[16:54:19.236] [INFO] 클라이언트 연결 끊김 (ID: 95)
[16:54:19.236] [INFO] 클라이언트가 정상적으로 연결 종료함 - ID: 95
[16:54:19.238] [INFO] 클라이언트 연결 끊김 알림(ID: 95) - 수신자 수: 52
[16:54:19.238] [INFO] 클라이언트 연결 끊김 (ID: 96)
[16:54:19.238] [INFO] 클라이언트가 정상적으로 연결 종료함 - ID: 96
[16:54:19.240] [INFO] 클라이언트 연결 끊김 알림(ID: 96) - 수신자 수: 51
[16:54:19.240] [WARNING] 존재하지 않는 클라이언트 ID를 제거하려고 시도: 95
[16:54:19.240] [WARNING] 존재하지 않는 클라이언트 ID를 제거하려고 시도: 96
[16:54:19.313] [WARNING] 클라이언트 Ping 타임아웃 발생 - ID: 97, 마지막 Ping 후 경과 시간: 5.064453초
[16:54:19.314] [INFO] 클라이언트 연결 끊김 (ID: 97)
[16:54:19.314] [INFO] 클라이언트가 정상적으로 연결 종료함 - ID: 97
[16:54:19.317] [INFO] 클라이언트 연결 끊김 알림(ID: 97) - 수신자 수: 50
[16:54:19.317] [WARNING] 존재하지 않는 클라이언트 ID를 제거하려고 시도: 97
[16:54:19.353] [WARNING] 클라이언트 Ping 타임아웃 발생 - ID: 98, 마지막 Ping 후 경과 시간: 5.015625초
[16:54:19.378] [INFO] 클라이언트 연결 끊김 (ID: 98)
[16:54:19.378] [INFO] 클라이언트가 정상적으로 연결 종료함 - ID: 98
[16:54:19.379] [INFO] 클라이언트 연결 끊김 알림(ID: 98) - 수신자 수: 49
[16:54:19.379] [WARNING] 존재하지 않는 클라이언트 ID를 제거하려고 시도: 98
[16:54:19.380] [WARNING] 클라이언트 Ping 타임아웃 발생 - ID: 99, 마지막 Ping 후 경과 시간: 5.015625초
[16:54:19.422] [INFO] 클라이언트 연결 끊김 (ID: 99)
[16:54:19.423] [INFO] 클라이언트가 정상적으로 연결 종료함 - ID: 99
[16:54:19.424] [INFO] 클라이언트 연결 끊김 알림(ID: 99) - 수신자 수: 48
[16:54:19.424] [WARNING] 존재하지 않는 클라이언트 ID를 제거하려고 시도: 99
[16:54:19.537] [WARNING] 클라이언트 Ping 타임아웃 발생 - ID: 100, 마지막 Ping 후 경과 시간: 5.062500초
[16:54:19.538] [WARNING] 클라이언트 Ping 타임아웃 발생 - ID: 101, 마지막 Ping 후 경과 시간: 5.046875초
[16:54:19.538] [INFO] 클라이언트 연결 끊김 (ID: 100)
[16:54:19.538] [INFO] 클라이언트가 정상적으로 연결 종료함 - ID: 100
[16:54:19.541] [INFO] 클라이언트 연결 끊김 알림(ID: 100) - 수신자 수: 47
[16:54:19.541] [INFO] 클라이언트 연결 끊김 (ID: 101)
[16:54:19.542] [INFO] 클라이언트가 정상적으로 연결 종료함 - ID: 101
[16:54:19.543] [INFO] 클라이언트 연결 끊김 알림(ID: 101) - 수신자 수: 46
[16:54:19.543] [WARNING] 존재하지 않는 클라이언트 ID를 제거하려고 시도: 100
[16:54:19.543] [WARNING] 존재하지 않는 클라이언트 ID를 제거하려고 시도: 101
[16:54:19.604] [WARNING] 클라이언트 Ping 타임아웃 발생 - ID: 102, 마지막 Ping 후 경과 시간: 5.015625초
[16:54:19.664] [INFO] 클라이언트 연결 끊김 (ID: 102)
[16:54:19.664] [INFO] 클라이언트가 정상적으로 연결 종료함 - ID: 102
[16:54:19.665] [INFO] 클라이언트 연결 끊김 알림(ID: 102) - 수신자 수: 45
[16:54:19.666] [WARNING] 존재하지 않는 클라이언트 ID를 제거하려고 시도: 102
[16:54:19.667] [WARNING] 클라이언트 Ping 타임아웃 발생 - ID: 103, 마지막 Ping 후 경과 시간: 5.046875초
[16:54:19.668] [INFO] 클라이언트 연결 끊김 (ID: 103)
[16:54:19.668] [INFO] 클라이언트가 정상적으로 연결 종료함 - ID: 103
[16:54:19.669] [INFO] 클라이언트 연결 끊김 알림(ID: 103) - 수신자 수: 44
[16:54:19.670] [WARNING] 존재하지 않는 클라이언트 ID를 제거하려고 시도: 103
[16:54:19.699] [WARNING] 클라이언트 Ping 타임아웃 발생 - ID: 104, 마지막 Ping 후 경과 시간: 5.031250초
[16:54:19.699] [INFO] 클라이언트 연결 끊김 (ID: 104)
[16:54:19.700] [INFO] 클라이언트가 정상적으로 연결 종료함 - ID: 104
[16:54:19.702] [INFO] 클라이언트 연결 끊김 알림(ID: 104) - 수신자 수: 43
[16:54:19.702] [WARNING] 존재하지 않는 클라이언트 ID를 제거하려고 시도: 104
[16:54:19.730] [WARNING] 클라이언트 Ping 타임아웃 발생 - ID: 105, 마지막 Ping 후 경과 시간: 5.015625초
[16:54:19.787] [INFO] 클라이언트 연결 끊김 (ID: 105)
[16:54:19.788] [INFO] 클라이언트가 정상적으로 연결 종료함 - ID: 105
[16:54:19.789] [INFO] 클라이언트 연결 끊김 알림(ID: 105) - 수신자 수: 42
[16:54:19.790] [WARNING] 존재하지 않는 클라이언트 ID를 제거하려고 시도: 105
[16:54:19.790] [INFO] 서버 FPS: 21.967525, 평균 프레임 시간: 34.950512ms, 클라이언트 수: 42
[16:54:19.790] [WARNING] 클라이언트 Ping 타임아웃 발생 - ID: 106, 마지막 Ping 후 경과 시간: 5.062500초
[16:54:19.791] [INFO] 클라이언트 연결 끊김 (ID: 106)
[16:54:19.791] [INFO] 클라이언트가 정상적으로 연결 종료함 - ID: 106
[16:54:19.792] [INFO] 클라이언트 연결 끊김 알림(ID: 106) - 수신자 수: 41
[16:54:19.793] [WARNING] 존재하지 않는 클라이언트 ID를 제거하려고 시도: 106
[16:54:19.854] [WARNING] 클라이언트 Ping 타임아웃 발생 - ID: 107, 마지막 Ping 후 경과 시간: 5.015625초
[16:54:19.902] [INFO] 클라이언트 연결 끊김 (ID: 107)
[16:54:19.902] [INFO] 클라이언트가 정상적으로 연결 종료함 - ID: 107
[16:54:19.905] [INFO] 클라이언트 연결 끊김 알림(ID: 107) - 수신자 수: 40
[16:54:19.905] [WARNING] 존재하지 않는 클라이언트 ID를 제거하려고 시도: 107
[16:54:19.905] [WARNING] 클라이언트 Ping 타임아웃 발생 - ID: 108, 마지막 Ping 후 경과 시간: 5.031250초
[16:54:19.906] [INFO] 클라이언트 연결 끊김 (ID: 108)
[16:54:19.906] [INFO] 클라이언트가 정상적으로 연결 종료함 - ID: 108
[16:54:19.907] [INFO] 클라이언트 연결 끊김 알림(ID: 108) - 수신자 수: 39
[16:54:19.907] [WARNING] 존재하지 않는 클라이언트 ID를 제거하려고 시도: 108
[16:54:20.025] [WARNING] 클라이언트 Ping 타임아웃 발생 - ID: 109, 마지막 Ping 후 경과 시간: 5.048828초
[16:54:20.025] [INFO] 클라이언트 연결 끊김 (ID: 109)
[16:54:20.026] [INFO] 클라이언트가 정상적으로 연결 종료함 - ID: 109
[16:54:20.027] [INFO] 클라이언트 연결 끊김 알림(ID: 109) - 수신자 수: 38
[16:54:20.027] [WARNING] 존재하지 않는 클라이언트 ID를 제거하려고 시도: 109
[16:54:20.117] [WARNING] 클라이언트 Ping 타임아웃 발생 - ID: 110, 마지막 Ping 후 경과 시간: 5.033203초
[16:54:20.118] [WARNING] 클라이언트 Ping 타임아웃 발생 - ID: 111, 마지막 Ping 후 경과 시간: 5.017578초
[16:54:20.152] [INFO] 클라이언트 연결 끊김 (ID: 110)
[16:54:20.153] [INFO] 클라이언트가 정상적으로 연결 종료함 - ID: 110
[16:54:20.154] [INFO] 클라이언트 연결 끊김 알림(ID: 110) - 수신자 수: 37
[16:54:20.154] [INFO] 클라이언트 연결 끊김 (ID: 111)
[16:54:20.154] [INFO] 클라이언트가 정상적으로 연결 종료함 - ID: 111
[16:54:20.156] [INFO] 클라이언트 연결 끊김 알림(ID: 111) - 수신자 수: 36
[16:54:20.156] [WARNING] 존재하지 않는 클라이언트 ID를 제거하려고 시도: 110
[16:54:20.156] [WARNING] 존재하지 않는 클라이언트 ID를 제거하려고 시도: 111
[16:54:20.242] [WARNING] 클라이언트 Ping 타임아웃 발생 - ID: 112, 마지막 Ping 후 경과 시간: 5.029297초
[16:54:20.243] [WARNING] 클라이언트 Ping 타임아웃 발생 - ID: 113, 마지막 Ping 후 경과 시간: 5.013672초
[16:54:20.276] [INFO] 클라이언트 연결 끊김 (ID: 112)
[16:54:20.276] [INFO] 클라이언트가 정상적으로 연결 종료함 - ID: 112
[16:54:20.277] [INFO] 클라이언트 연결 끊김 알림(ID: 112) - 수신자 수: 35
[16:54:20.277] [INFO] 클라이언트 연결 끊김 (ID: 113)
[16:54:20.278] [INFO] 클라이언트가 정상적으로 연결 종료함 - ID: 113
[16:54:20.279] [INFO] 클라이언트 연결 끊김 알림(ID: 113) - 수신자 수: 34
[16:54:20.279] [WARNING] 존재하지 않는 클라이언트 ID를 제거하려고 시도: 112
[16:54:20.279] [WARNING] 존재하지 않는 클라이언트 ID를 제거하려고 시도: 113
[16:54:20.366] [WARNING] 클라이언트 Ping 타임아웃 발생 - ID: 114, 마지막 Ping 후 경과 시간: 5.015625초
[16:54:20.403] [INFO] 클라이언트 연결 끊김 (ID: 114)
[16:54:20.404] [INFO] 클라이언트가 정상적으로 연결 종료함 - ID: 114
[16:54:20.405] [INFO] 클라이언트 연결 끊김 알림(ID: 114) - 수신자 수: 33
[16:54:20.405] [WARNING] 존재하지 않는 클라이언트 ID를 제거하려고 시도: 114
[16:54:20.460] [WARNING] 클라이언트 Ping 타임아웃 발생 - ID: 115, 마지막 Ping 후 경과 시간: 5.033203초
[16:54:20.462] [INFO] 클라이언트 연결 끊김 (ID: 115)
[16:54:20.462] [INFO] 클라이언트가 정상적으로 연결 종료함 - ID: 115
[16:54:20.464] [INFO] 클라이언트 연결 끊김 알림(ID: 115) - 수신자 수: 32
[16:54:20.464] [WARNING] 존재하지 않는 클라이언트 ID를 제거하려고 시도: 115
[16:54:20.491] [WARNING] 클라이언트 Ping 타임아웃 발생 - ID: 116, 마지막 Ping 후 경과 시간: 5.031250초
[16:54:20.523] [INFO] 클라이언트 연결 끊김 (ID: 116)
[16:54:20.523] [INFO] 클라이언트가 정상적으로 연결 종료함 - ID: 116
[16:54:20.525] [INFO] 클라이언트 연결 끊김 알림(ID: 116) - 수신자 수: 31
[16:54:20.525] [WARNING] 존재하지 않는 클라이언트 ID를 제거하려고 시도: 116
[16:54:20.584] [WARNING] 클라이언트 Ping 타임아웃 발생 - ID: 117, 마지막 Ping 후 경과 시간: 5.015625초
[16:54:20.585] [INFO] 클라이언트 연결 끊김 (ID: 117)
[16:54:20.585] [INFO] 클라이언트가 정상적으로 연결 종료함 - ID: 117
[16:54:20.587] [INFO] 클라이언트 연결 끊김 알림(ID: 117) - 수신자 수: 30
[16:54:20.587] [WARNING] 존재하지 않는 클라이언트 ID를 제거하려고 시도: 117
[16:54:20.615] [WARNING] 클라이언트 Ping 타임아웃 발생 - ID: 118, 마지막 Ping 후 경과 시간: 5.033203초
[16:54:20.640] [INFO] 클라이언트가 정상적으로 연결 종료함 - ID: 118
[16:54:20.640] [INFO] 클라이언트 연결 끊김 (ID: 118)
[16:54:20.641] [INFO] 클라이언트 연결 끊김 알림(ID: 118) - 수신자 수: 29
[16:54:20.642] [WARNING] 존재하지 않는 클라이언트 ID를 제거하려고 시도: 118
[16:54:20.724] [WARNING] 클라이언트 Ping 타임아웃 발생 - ID: 119, 마지막 Ping 후 경과 시간: 5.015625초
[16:54:20.736] [INFO] 클라이언트 연결 끊김 (ID: 119)
[16:54:20.737] [INFO] 클라이언트가 정상적으로 연결 종료함 - ID: 119
[16:54:20.737] [INFO] 클라이언트 연결 끊김 알림(ID: 119) - 수신자 수: 28
[16:54:20.738] [WARNING] 존재하지 않는 클라이언트 ID를 제거하려고 시도: 119
[16:54:20.801] [INFO] 서버 FPS: 33.464565, 평균 프레임 시간: 7.021984ms, 클라이언트 수: 28
[16:54:20.864] [WARNING] 클라이언트 Ping 타임아웃 발생 - ID: 120, 마지막 Ping 후 경과 시간: 5.031250초
[16:54:20.877] [INFO] 클라이언트 연결 끊김 (ID: 120)
[16:54:20.878] [INFO] 클라이언트가 정상적으로 연결 종료함 - ID: 120
[16:54:20.879] [INFO] 클라이언트 연결 끊김 알림(ID: 120) - 수신자 수: 27
[16:54:20.879] [WARNING] 존재하지 않는 클라이언트 ID를 제거하려고 시도: 120
[16:54:20.972] [WARNING] 클라이언트 Ping 타임아웃 발생 - ID: 121, 마지막 Ping 후 경과 시간: 5.031250초
[16:54:20.986] [INFO] 클라이언트 연결 끊김 (ID: 121)
[16:54:20.986] [INFO] 클라이언트가 정상적으로 연결 종료함 - ID: 121
[16:54:20.987] [INFO] 클라이언트 연결 끊김 알림(ID: 121) - 수신자 수: 26
[16:54:20.987] [WARNING] 존재하지 않는 클라이언트 ID를 제거하려고 시도: 121
[16:54:21.003] [WARNING] 클라이언트 Ping 타임아웃 발생 - ID: 122, 마지막 Ping 후 경과 시간: 5.031250초
[16:54:21.006] [INFO] 클라이언트 연결 끊김 (ID: 122)
[16:54:21.007] [INFO] 클라이언트가 정상적으로 연결 종료함 - ID: 122
[16:54:21.007] [INFO] 클라이언트 연결 끊김 알림(ID: 122) - 수신자 수: 25
[16:54:21.008] [WARNING] 존재하지 않는 클라이언트 ID를 제거하려고 시도: 122
[16:54:21.018] [INFO] 클라이언트가 정상적으로 연결 종료함 - ID: 147
[16:54:21.018] [INFO] 클라이언트 연결 끊김 (ID: 147)
[16:54:21.020] [INFO] 클라이언트 연결 끊김 알림(ID: 147) - 수신자 수: 24
[16:54:21.032] [INFO] 클라이언트가 정상적으로 연결 종료함 - ID: 135
[16:54:21.033] [INFO] 클라이언트 연결 끊김 (ID: 135)
[16:54:21.034] [INFO] 클라이언트 연결 끊김 알림(ID: 135) - 수신자 수: 23
[16:54:21.128] [WARNING] 클라이언트 Ping 타임아웃 발생 - ID: 123, 마지막 Ping 후 경과 시간: 5.033203초
[16:54:21.128] [INFO] 클라이언트 연결 끊김 (ID: 123)
[16:54:21.129] [INFO] 클라이언트가 정상적으로 연결 종료함 - ID: 123
[16:54:21.129] [INFO] 클라이언트 연결 끊김 알림(ID: 123) - 수신자 수: 22
[16:54:21.130] [WARNING] 존재하지 않는 클라이언트 ID를 제거하려고 시도: 123
[16:54:21.254] [WARNING] 클라이언트 Ping 타임아웃 발생 - ID: 124, 마지막 Ping 후 경과 시간: 5.029297초
[16:54:21.254] [INFO] 클라이언트 연결 끊김 (ID: 124)
[16:54:21.254] [INFO] 클라이언트가 정상적으로 연결 종료함 - ID: 124
[16:54:21.255] [INFO] 클라이언트 연결 끊김 알림(ID: 124) - 수신자 수: 21
[16:54:21.255] [WARNING] 존재하지 않는 클라이언트 ID를 제거하려고 시도: 124
[16:54:21.314] [INFO] 클라이언트가 정상적으로 연결 종료함 - ID: 134
[16:54:21.315] [INFO] 클라이언트 연결 끊김 (ID: 134)
[16:54:21.316] [INFO] 클라이언트 연결 끊김 알림(ID: 134) - 수신자 수: 20
[16:54:21.358] [INFO] 클라이언트가 정상적으로 연결 종료함 - ID: 133
[16:54:21.359] [INFO] 클라이언트 연결 끊김 (ID: 133)
[16:54:21.360] [INFO] 클라이언트 연결 끊김 알림(ID: 133) - 수신자 수: 19
[16:54:21.380] [WARNING] 클라이언트 Ping 타임아웃 발생 - ID: 125, 마지막 Ping 후 경과 시간: 5.031250초
[16:54:21.381] [INFO] 클라이언트 연결 끊김 (ID: 125)
[16:54:21.381] [INFO] 클라이언트가 정상적으로 연결 종료함 - ID: 125
[16:54:21.382] [INFO] 클라이언트 연결 끊김 알림(ID: 125) - 수신자 수: 18
[16:54:21.382] [WARNING] 존재하지 않는 클라이언트 ID를 제거하려고 시도: 125
[16:54:21.457] [INFO] 클라이언트가 정상적으로 연결 종료함 - ID: 126
[16:54:21.458] [INFO] 클라이언트 연결 끊김 (ID: 126)
[16:54:21.458] [INFO] 클라이언트 연결 끊김 알림(ID: 126) - 수신자 수: 17
[16:54:21.461] [INFO] 클라이언트가 정상적으로 연결 종료함 - ID: 127
[16:54:21.461] [INFO] 클라이언트 연결 끊김 (ID: 127)
[16:54:21.462] [INFO] 클라이언트 연결 끊김 알림(ID: 127) - 수신자 수: 16
[16:54:21.465] [INFO] 클라이언트가 정상적으로 연결 종료함 - ID: 128
[16:54:21.465] [INFO] 클라이언트 연결 끊김 (ID: 128)
[16:54:21.466] [INFO] 클라이언트 연결 끊김 알림(ID: 128) - 수신자 수: 15
[16:54:21.468] [INFO] 클라이언트가 정상적으로 연결 종료함 - ID: 129
[16:54:21.469] [INFO] 클라이언트 연결 끊김 (ID: 129)
[16:54:21.469] [INFO] 클라이언트 연결 끊김 알림(ID: 129) - 수신자 수: 14
[16:54:21.472] [INFO] 클라이언트가 정상적으로 연결 종료함 - ID: 130
[16:54:21.472] [ERROR] [SendPacket] WSASend 실패. 오류: WSAECONNRESET: 연결이 원격 호스트에 의해 재설정됨, 컨텍스트: BroadcastPosition, 클라이언트 ID: 130
[16:54:21.473] [WARNING] 위치 브로드캐스트 일부 실패 - 클라이언트 ID: 132, 성공: 12/13
[16:54:21.473] [ERROR] [SendPacket] WSASend 실패. 오류: WSAECONNRESET: 연결이 원격 호스트에 의해 재설정됨, 컨텍스트: BroadcastPosition, 클라이언트 ID: 130
[16:54:21.474] [WARNING] 위치 브로드캐스트 일부 실패 - 클라이언트 ID: 136, 성공: 12/13
[16:54:21.474] [ERROR] [SendPacket] WSASend 실패. 오류: WSAECONNRESET: 연결이 원격 호스트에 의해 재설정됨, 컨텍스트: BroadcastPosition, 클라이언트 ID: 130
[16:54:21.475] [WARNING] 위치 브로드캐스트 일부 실패 - 클라이언트 ID: 137, 성공: 12/13
[16:54:21.475] [INFO] 클라이언트가 정상적으로 연결 종료함 - ID: 131
[16:54:21.475] [ERROR] [SendPacket] WSASend 실패. 오류: WSAECONNRESET: 연결이 원격 호스트에 의해 재설정됨, 컨텍스트: BroadcastPosition, 클라이언트 ID: 130
[16:54:21.476] [ERROR] [SendPacket] WSASend 실패. 오류: WSAECONNRESET: 연결이 원격 호스트에 의해 재설정됨, 컨텍스트: BroadcastPosition, 클라이언트 ID: 131
[16:54:21.476] [WARNING] 위치 브로드캐스트 일부 실패 - 클라이언트 ID: 138, 성공: 11/13
[16:54:21.477] [ERROR] [SendPacket] WSASend 실패. 오류: WSAECONNRESET: 연결이 원격 호스트에 의해 재설정됨, 컨텍스트: BroadcastPosition, 클라이언트 ID: 130
[16:54:21.477] [ERROR] [SendPacket] WSASend 실패. 오류: WSAECONNRESET: 연결이 원격 호스트에 의해 재설정됨, 컨텍스트: BroadcastPosition, 클라이언트 ID: 131
[16:54:21.477] [WARNING] 위치 브로드캐스트 일부 실패 - 클라이언트 ID: 139, 성공: 11/13
[16:54:21.478] [ERROR] [SendPacket] WSASend 실패. 오류: WSAECONNRESET: 연결이 원격 호스트에 의해 재설정됨, 컨텍스트: BroadcastPosition, 클라이언트 ID: 130
[16:54:21.478] [ERROR] [SendPacket] WSASend 실패. 오류: WSAECONNRESET: 연결이 원격 호스트에 의해 재설정됨, 컨텍스트: BroadcastPosition, 클라이언트 ID: 131
[16:54:21.479] [INFO] 클라이언트가 정상적으로 연결 종료함 - ID: 132
[16:54:21.479] [WARNING] 위치 브로드캐스트 일부 실패 - 클라이언트 ID: 140, 성공: 11/13
[16:54:21.479] [ERROR] [SendPacket] WSASend 실패. 오류: WSAECONNRESET: 연결이 원격 호스트에 의해 재설정됨, 컨텍스트: BroadcastPosition, 클라이언트 ID: 130
[16:54:21.480] [ERROR] [SendPacket] WSASend 실패. 오류: WSAECONNRESET: 연결이 원격 호스트에 의해 재설정됨, 컨텍스트: BroadcastPosition, 클라이언트 ID: 131
[16:54:21.480] [ERROR] [SendPacket] WSASend 실패. 오류: WSAECONNRESET: 연결이 원격 호스트에 의해 재설정됨, 컨텍스트: BroadcastPosition, 클라이언트 ID: 132
[16:54:21.480] [WARNING] 위치 브로드캐스트 일부 실패 - 클라이언트 ID: 141, 성공: 10/13
[16:54:21.480] [ERROR] [SendPacket] WSASend 실패. 오류: WSAECONNRESET: 연결이 원격 호스트에 의해 재설정됨, 컨텍스트: BroadcastPosition, 클라이언트 ID: 130
[16:54:21.481] [ERROR] [SendPacket] WSASend 실패. 오류: WSAECONNRESET: 연결이 원격 호스트에 의해 재설정됨, 컨텍스트: BroadcastPosition, 클라이언트 ID: 131
[16:54:21.481] [ERROR] [SendPacket] WSASend 실패. 오류: WSAECONNRESET: 연결이 원격 호스트에 의해 재설정됨, 컨텍스트: BroadcastPosition, 클라이언트 ID: 132
[16:54:21.481] [INFO] 클라이언트가 정상적으로 연결 종료함 - ID: 144
[16:54:21.481] [ERROR] [SendPacket] WSASend 실패. 오류: WSAECONNRESET: 연결이 원격 호스트에 의해 재설정됨, 컨텍스트: BroadcastPosition, 클라이언트 ID: 144
[16:54:21.482] [WARNING] 위치 브로드캐스트 일부 실패 - 클라이언트 ID: 142, 성공: 9/13
[16:54:21.482] [ERROR] [SendPacket] WSASend 실패. 오류: WSAECONNRESET: 연결이 원격 호스트에 의해 재설정됨, 컨텍스트: BroadcastPosition, 클라이언트 ID: 130
[16:54:21.482] [ERROR] [SendPacket] WSASend 실패. 오류: WSAECONNRESET: 연결이 원격 호스트에 의해 재설정됨, 컨텍스트: BroadcastPosition, 클라이언트 ID: 131
[16:54:21.482] [ERROR] [SendPacket] WSASend 실패. 오류: WSAECONNRESET: 연결이 원격 호스트에 의해 재설정됨, 컨텍스트: BroadcastPosition, 클라이언트 ID: 132
[16:54:21.483] [ERROR] [SendPacket] WSASend 실패. 오류: WSAECONNRESET: 연결이 원격 호스트에 의해 재설정됨, 컨텍스트: BroadcastPosition, 클라이언트 ID: 144
[16:54:21.483] [INFO] 클라이언트가 정상적으로 연결 종료함 - ID: 136
[16:54:21.484] [WARNING] 위치 브로드캐스트 일부 실패 - 클라이언트 ID: 143, 성공: 9/13
[16:54:21.484] [ERROR] [SendPacket] WSASend 실패. 오류: WSAECONNRESET: 연결이 원격 호스트에 의해 재설정됨, 컨텍스트: BroadcastPosition, 클라이언트 ID: 130
[16:54:21.484] [ERROR] [SendPacket] WSASend 실패. 오류: WSAECONNRESET: 연결이 원격 호스트에 의해 재설정됨, 컨텍스트: BroadcastPosition, 클라이언트 ID: 131
[16:54:21.485] [ERROR] [SendPacket] WSASend 실패. 오류: WSAECONNRESET: 연결이 원격 호스트에 의해 재설정됨, 컨텍스트: BroadcastPosition, 클라이언트 ID: 132
[16:54:21.485] [ERROR] [SendPacket] WSASend 실패. 오류: WSAECONNRESET: 연결이 원격 호스트에 의해 재설정됨, 컨텍스트: BroadcastPosition, 클라이언트 ID: 136
[16:54:21.486] [WARNING] 위치 브로드캐스트 일부 실패 - 클라이언트 ID: 144, 성공: 9/13
[16:54:21.486] [ERROR] [SendPacket] WSASend 실패. 오류: WSAECONNRESET: 연결이 원격 호스트에 의해 재설정됨, 컨텍스트: BroadcastPosition, 클라이언트 ID: 130
[16:54:21.486] [ERROR] [SendPacket] WSASend 실패. 오류: WSAECONNRESET: 연결이 원격 호스트에 의해 재설정됨, 컨텍스트: BroadcastPosition, 클라이언트 ID: 131
[16:54:21.486] [ERROR] [SendPacket] WSASend 실패. 오류: WSAECONNRESET: 연결이 원격 호스트에 의해 재설정됨, 컨텍스트: BroadcastPosition, 클라이언트 ID: 132
[16:54:21.486] [ERROR] [SendPacket] WSASend 실패. 오류: WSAECONNRESET: 연결이 원격 호스트에 의해 재설정됨, 컨텍스트: BroadcastPosition, 클라이언트 ID: 136
[16:54:21.487] [INFO] 클라이언트가 정상적으로 연결 종료함 - ID: 137
[16:54:21.487] [ERROR] [SendPacket] WSASend 실패. 오류: WSAECONNRESET: 연결이 원격 호스트에 의해 재설정됨, 컨텍스트: BroadcastPosition, 클라이언트 ID: 137
[16:54:21.487] [ERROR] [SendPacket] WSASend 실패. 오류: WSAECONNRESET: 연결이 원격 호스트에 의해 재설정됨, 컨텍스트: BroadcastPosition, 클라이언트 ID: 144
[16:54:21.488] [WARNING] 위치 브로드캐스트 일부 실패 - 클라이언트 ID: 145, 성공: 7/13
[16:54:21.488] [ERROR] [SendPacket] WSASend 실패. 오류: WSAECONNRESET: 연결이 원격 호스트에 의해 재설정됨, 컨텍스트: BroadcastPosition, 클라이언트 ID: 130
[16:54:21.488] [ERROR] [SendPacket] WSASend 실패. 오류: WSAECONNRESET: 연결이 원격 호스트에 의해 재설정됨, 컨텍스트: BroadcastPosition, 클라이언트 ID: 131
[16:54:21.488] [ERROR] [SendPacket] WSASend 실패. 오류: WSAECONNRESET: 연결이 원격 호스트에 의해 재설정됨, 컨텍스트: BroadcastPosition, 클라이언트 ID: 132
[16:54:21.488] [ERROR] [SendPacket] WSASend 실패. 오류: WSAECONNRESET: 연결이 원격 호스트에 의해 재설정됨, 컨텍스트: BroadcastPosition, 클라이언트 ID: 136
[16:54:21.488] [ERROR] [SendPacket] WSASend 실패. 오류: WSAECONNRESET: 연결이 원격 호스트에 의해 재설정됨, 컨텍스트: BroadcastPosition, 클라이언트 ID: 137
[16:54:21.489] [INFO] 클라이언트가 정상적으로 연결 종료함 - ID: 138
[16:54:21.489] [ERROR] [SendPacket] WSASend 실패. 오류: WSAECONNRESET: 연결이 원격 호스트에 의해 재설정됨, 컨텍스트: BroadcastPosition, 클라이언트 ID: 144
[16:54:21.489] [WARNING] 위치 브로드캐스트 일부 실패 - 클라이언트 ID: 146, 성공: 7/13
[16:54:21.490] [INFO] 클라이언트 연결 끊김 (ID: 130)
[16:54:21.490] [ERROR] [SendPacket] WSASend 실패. 오류: WSAECONNRESET: 연결이 원격 호스트에 의해 재설정됨, 컨텍스트: NotifyClientDisconnect, 클라이언트 ID: 131
[16:54:21.490] [ERROR] [SendPacket] WSASend 실패. 오류: WSAECONNRESET: 연결이 원격 호스트에 의해 재설정됨, 컨텍스트: NotifyClientDisconnect, 클라이언트 ID: 132
[16:54:21.490] [ERROR] [SendPacket] WSASend 실패. 오류: WSAECONNRESET: 연결이 원격 호스트에 의해 재설정됨, 컨텍스트: NotifyClientDisconnect, 클라이언트 ID: 136
[16:54:21.491] [ERROR] [SendPacket] WSASend 실패. 오류: WSAECONNRESET: 연결이 원격 호스트에 의해 재설정됨, 컨텍스트: NotifyClientDisconnect, 클라이언트 ID: 137
[16:54:21.491] [ERROR] [SendPacket] WSASend 실패. 오류: WSAECONNRESET: 연결이 원격 호스트에 의해 재설정됨, 컨텍스트: NotifyClientDisconnect, 클라이언트 ID: 138
[16:54:21.491] [INFO] 클라이언트가 정상적으로 연결 종료함 - ID: 139
[16:54:21.492] [ERROR] [SendPacket] WSASend 실패. 오류: WSAECONNRESET: 연결이 원격 호스트에 의해 재설정됨, 컨텍스트: NotifyClientDisconnect, 클라이언트 ID: 139
[16:54:21.492] [ERROR] [SendPacket] WSASend 실패. 오류: WSAECONNRESET: 연결이 원격 호스트에 의해 재설정됨, 컨텍스트: NotifyClientDisconnect, 클라이언트 ID: 144
[16:54:21.492] [INFO] 클라이언트 연결 끊김 알림(ID: 130) - 수신자 수: 13
[16:54:21.493] [INFO] 클라이언트 연결 끊김 (ID: 131)
[16:54:21.493] [ERROR] [SendPacket] WSASend 실패. 오류: WSAECONNRESET: 연결이 원격 호스트에 의해 재설정됨, 컨텍스트: NotifyClientDisconnect, 클라이언트 ID: 132
[16:54:21.493] [ERROR] [SendPacket] WSASend 실패. 오류: WSAECONNRESET: 연결이 원격 호스트에 의해 재설정됨, 컨텍스트: NotifyClientDisconnect, 클라이언트 ID: 136
[16:54:21.493] [ERROR] [SendPacket] WSASend 실패. 오류: WSAECONNRESET: 연결이 원격 호스트에 의해 재설정됨, 컨텍스트: NotifyClientDisconnect, 클라이언트 ID: 137
[16:54:21.493] [ERROR] [SendPacket] WSASend 실패. 오류: WSAECONNRESET: 연결이 원격 호스트에 의해 재설정됨, 컨텍스트: NotifyClientDisconnect, 클라이언트 ID: 138
[16:54:21.493] [ERROR] [SendPacket] WSASend 실패. 오류: WSAECONNRESET: 연결이 원격 호스트에 의해 재설정됨, 컨텍스트: NotifyClientDisconnect, 클라이언트 ID: 139
[16:54:21.494] [INFO] 클라이언트가 정상적으로 연결 종료함 - ID: 140
[16:54:21.494] [ERROR] [SendPacket] WSASend 실패. 오류: WSAECONNRESET: 연결이 원격 호스트에 의해 재설정됨, 컨텍스트: NotifyClientDisconnect, 클라이언트 ID: 140
[16:54:21.494] [ERROR] [SendPacket] WSASend 실패. 오류: WSAECONNRESET: 연결이 원격 호스트에 의해 재설정됨, 컨텍스트: NotifyClientDisconnect, 클라이언트 ID: 144
[16:54:21.495] [INFO] 클라이언트 연결 끊김 알림(ID: 131) - 수신자 수: 12
[16:54:21.495] [INFO] 클라이언트 연결 끊김 (ID: 132)
[16:54:21.495] [ERROR] [SendPacket] WSASend 실패. 오류: WSAECONNRESET: 연결이 원격 호스트에 의해 재설정됨, 컨텍스트: NotifyClientDisconnect, 클라이언트 ID: 136
[16:54:21.496] [ERROR] [SendPacket] WSASend 실패. 오류: WSAECONNRESET: 연결이 원격 호스트에 의해 재설정됨, 컨텍스트: NotifyClientDisconnect, 클라이언트 ID: 137
[16:54:21.496] [INFO] 클라이언트가 정상적으로 연결 종료함 - ID: 141
[16:54:21.496] [ERROR] [SendPacket] WSASend 실패. 오류: WSAECONNRESET: 연결이 원격 호스트에 의해 재설정됨, 컨텍스트: NotifyClientDisconnect, 클라이언트 ID: 138
[16:54:21.497] [ERROR] [SendPacket] WSASend 실패. 오류: WSAECONNRESET: 연결이 원격 호스트에 의해 재설정됨, 컨텍스트: NotifyClientDisconnect, 클라이언트 ID: 139
[16:54:21.497] [ERROR] [SendPacket] WSASend 실패. 오류: WSAECONNRESET: 연결이 원격 호스트에 의해 재설정됨, 컨텍스트: NotifyClientDisconnect, 클라이언트 ID: 140
[16:54:21.497] [ERROR] [SendPacket] WSASend 실패. 오류: WSAECONNRESET: 연결이 원격 호스트에 의해 재설정됨, 컨텍스트: NotifyClientDisconnect, 클라이언트 ID: 141
[16:54:21.497] [ERROR] [SendPacket] WSASend 실패. 오류: WSAECONNRESET: 연결이 원격 호스트에 의해 재설정됨, 컨텍스트: NotifyClientDisconnect, 클라이언트 ID: 144
[16:54:21.498] [INFO] 클라이언트가 정상적으로 연결 종료함 - ID: 142
[16:54:21.498] [INFO] 클라이언트 연결 끊김 알림(ID: 132) - 수신자 수: 11
[16:54:21.498] [INFO] 클라이언트 연결 끊김 (ID: 144)
[16:54:21.498] [ERROR] [SendPacket] WSASend 실패. 오류: WSAECONNRESET: 연결이 원격 호스트에 의해 재설정됨, 컨텍스트: NotifyClientDisconnect, 클라이언트 ID: 136
[16:54:21.499] [ERROR] [SendPacket] WSASend 실패. 오류: WSAECONNRESET: 연결이 원격 호스트에 의해 재설정됨, 컨텍스트: NotifyClientDisconnect, 클라이언트 ID: 137
[16:54:21.499] [ERROR] [SendPacket] WSASend 실패. 오류: WSAECONNRESET: 연결이 원격 호스트에 의해 재설정됨, 컨텍스트: NotifyClientDisconnect, 클라이언트 ID: 138
[16:54:21.499] [ERROR] [SendPacket] WSASend 실패. 오류: WSAECONNRESET: 연결이 원격 호스트에 의해 재설정됨, 컨텍스트: NotifyClientDisconnect, 클라이언트 ID: 139
[16:54:21.499] [ERROR] [SendPacket] WSASend 실패. 오류: WSAECONNRESET: 연결이 원격 호스트에 의해 재설정됨, 컨텍스트: NotifyClientDisconnect, 클라이언트 ID: 140
[16:54:21.499] [ERROR] [SendPacket] WSASend 실패. 오류: WSAECONNRESET: 연결이 원격 호스트에 의해 재설정됨, 컨텍스트: NotifyClientDisconnect, 클라이언트 ID: 141
[16:54:21.499] [ERROR] [SendPacket] WSASend 실패. 오류: WSAECONNRESET: 연결이 원격 호스트에 의해 재설정됨, 컨텍스트: NotifyClientDisconnect, 클라이언트 ID: 142
[16:54:21.500] [INFO] 클라이언트 연결 끊김 알림(ID: 144) - 수신자 수: 10
[16:54:21.500] [INFO] 클라이언트가 정상적으로 연결 종료함 - ID: 143
[16:54:21.500] [INFO] 클라이언트 연결 끊김 (ID: 136)
[16:54:21.500] [ERROR] [SendPacket] WSASend 실패. 오류: WSAECONNRESET: 연결이 원격 호스트에 의해 재설정됨, 컨텍스트: NotifyClientDisconnect, 클라이언트 ID: 137
[16:54:21.501] [ERROR] [SendPacket] WSASend 실패. 오류: WSAECONNRESET: 연결이 원격 호스트에 의해 재설정됨, 컨텍스트: NotifyClientDisconnect, 클라이언트 ID: 138
[16:54:21.501] [ERROR] [SendPacket] WSASend 실패. 오류: WSAECONNRESET: 연결이 원격 호스트에 의해 재설정됨, 컨텍스트: NotifyClientDisconnect, 클라이언트 ID: 139
[16:54:21.501] [ERROR] [SendPacket] WSASend 실패. 오류: WSAECONNRESET: 연결이 원격 호스트에 의해 재설정됨, 컨텍스트: NotifyClientDisconnect, 클라이언트 ID: 140
[16:54:21.501] [ERROR] [SendPacket] WSASend 실패. 오류: WSAECONNRESET: 연결이 원격 호스트에 의해 재설정됨, 컨텍스트: NotifyClientDisconnect, 클라이언트 ID: 141
[16:54:21.501] [ERROR] [SendPacket] WSASend 실패. 오류: WSAECONNRESET: 연결이 원격 호스트에 의해 재설정됨, 컨텍스트: NotifyClientDisconnect, 클라이언트 ID: 142
[16:54:21.502] [ERROR] [SendPacket] WSASend 실패. 오류: WSAECONNRESET: 연결이 원격 호스트에 의해 재설정됨, 컨텍스트: NotifyClientDisconnect, 클라이언트 ID: 143
[16:54:21.502] [INFO] 클라이언트가 정상적으로 연결 종료함 - ID: 145
[16:54:21.502] [ERROR] [SendPacket] WSASend 실패. 오류: WSAECONNRESET: 연결이 원격 호스트에 의해 재설정됨, 컨텍스트: NotifyClientDisconnect, 클라이언트 ID: 145
[16:54:21.502] [INFO] 클라이언트 연결 끊김 알림(ID: 136) - 수신자 수: 9
[16:54:21.503] [INFO] 클라이언트 연결 끊김 (ID: 137)
[16:54:21.503] [INFO] 클라이언트가 정상적으로 연결 종료함 - ID: 146
[16:54:21.503] [ERROR] [SendPacket] WSASend 실패. 오류: WSAECONNRESET: 연결이 원격 호스트에 의해 재설정됨, 컨텍스트: NotifyClientDisconnect, 클라이언트 ID: 138
[16:54:21.504] [ERROR] [SendPacket] WSASend 실패. 오류: WSAECONNRESET: 연결이 원격 호스트에 의해 재설정됨, 컨텍스트: NotifyClientDisconnect, 클라이언트 ID: 139
[16:54:21.504] [ERROR] [SendPacket] WSASend 실패. 오류: WSAECONNRESET: 연결이 원격 호스트에 의해 재설정됨, 컨텍스트: NotifyClientDisconnect, 클라이언트 ID: 140
[16:54:21.504] [ERROR] [SendPacket] WSASend 실패. 오류: WSAECONNRESET: 연결이 원격 호스트에 의해 재설정됨, 컨텍스트: NotifyClientDisconnect, 클라이언트 ID: 141
[16:54:21.504] [ERROR] [SendPacket] WSASend 실패. 오류: WSAECONNRESET: 연결이 원격 호스트에 의해 재설정됨, 컨텍스트: NotifyClientDisconnect, 클라이언트 ID: 142
[16:54:21.504] [ERROR] [SendPacket] WSASend 실패. 오류: WSAECONNRESET: 연결이 원격 호스트에 의해 재설정됨, 컨텍스트: NotifyClientDisconnect, 클라이언트 ID: 143
[16:54:21.505] [ERROR] [SendPacket] WSASend 실패. 오류: WSAECONNRESET: 연결이 원격 호스트에 의해 재설정됨, 컨텍스트: NotifyClientDisconnect, 클라이언트 ID: 145
[16:54:21.505] [ERROR] [SendPacket] WSASend 실패. 오류: WSAECONNRESET: 연결이 원격 호스트에 의해 재설정됨, 컨텍스트: NotifyClientDisconnect, 클라이언트 ID: 146
[16:54:21.505] [INFO] 클라이언트 연결 끊김 알림(ID: 137) - 수신자 수: 8
[16:54:21.505] [INFO] 클라이언트 연결 끊김 (ID: 138)
[16:54:21.505] [ERROR] [SendPacket] WSASend 실패. 오류: WSAECONNRESET: 연결이 원격 호스트에 의해 재설정됨, 컨텍스트: NotifyClientDisconnect, 클라이언트 ID: 139
[16:54:21.506] [ERROR] [SendPacket] WSASend 실패. 오류: WSAECONNRESET: 연결이 원격 호스트에 의해 재설정됨, 컨텍스트: NotifyClientDisconnect, 클라이언트 ID: 140
[16:54:21.506] [ERROR] [SendPacket] WSASend 실패. 오류: WSAECONNRESET: 연결이 원격 호스트에 의해 재설정됨, 컨텍스트: NotifyClientDisconnect, 클라이언트 ID: 141
[16:54:21.506] [ERROR] [SendPacket] WSASend 실패. 오류: WSAECONNRESET: 연결이 원격 호스트에 의해 재설정됨, 컨텍스트: NotifyClientDisconnect, 클라이언트 ID: 142
[16:54:21.506] [ERROR] [SendPacket] WSASend 실패. 오류: WSAECONNRESET: 연결이 원격 호스트에 의해 재설정됨, 컨텍스트: NotifyClientDisconnect, 클라이언트 ID: 143
[16:54:21.506] [ERROR] [SendPacket] WSASend 실패. 오류: WSAECONNRESET: 연결이 원격 호스트에 의해 재설정됨, 컨텍스트: NotifyClientDisconnect, 클라이언트 ID: 145
[16:54:21.506] [ERROR] [SendPacket] WSASend 실패. 오류: WSAECONNRESET: 연결이 원격 호스트에 의해 재설정됨, 컨텍스트: NotifyClientDisconnect, 클라이언트 ID: 146
[16:54:21.506] [INFO] 클라이언트 연결 끊김 알림(ID: 138) - 수신자 수: 7
[16:54:21.507] [INFO] 클라이언트 연결 끊김 (ID: 139)
[16:54:21.507] [ERROR] [SendPacket] WSASend 실패. 오류: WSAECONNRESET: 연결이 원격 호스트에 의해 재설정됨, 컨텍스트: NotifyClientDisconnect, 클라이언트 ID: 140
[16:54:21.507] [ERROR] [SendPacket] WSASend 실패. 오류: WSAECONNRESET: 연결이 원격 호스트에 의해 재설정됨, 컨텍스트: NotifyClientDisconnect, 클라이언트 ID: 141
[16:54:21.507] [ERROR] [SendPacket] WSASend 실패. 오류: WSAECONNRESET: 연결이 원격 호스트에 의해 재설정됨, 컨텍스트: NotifyClientDisconnect, 클라이언트 ID: 142
[16:54:21.508] [ERROR] [SendPacket] WSASend 실패. 오류: WSAECONNRESET: 연결이 원격 호스트에 의해 재설정됨, 컨텍스트: NotifyClientDisconnect, 클라이언트 ID: 143
[16:54:21.508] [ERROR] [SendPacket] WSASend 실패. 오류: WSAECONNRESET: 연결이 원격 호스트에 의해 재설정됨, 컨텍스트: NotifyClientDisconnect, 클라이언트 ID: 145
[16:54:21.508] [ERROR] [SendPacket] WSASend 실패. 오류: WSAECONNRESET: 연결이 원격 호스트에 의해 재설정됨, 컨텍스트: NotifyClientDisconnect, 클라이언트 ID: 146
[16:54:21.508] [INFO] 클라이언트 연결 끊김 알림(ID: 139) - 수신자 수: 6
[16:54:21.508] [INFO] 클라이언트 연결 끊김 (ID: 140)
[16:54:21.509] [ERROR] [SendPacket] WSASend 실패. 오류: WSAECONNRESET: 연결이 원격 호스트에 의해 재설정됨, 컨텍스트: NotifyClientDisconnect, 클라이언트 ID: 141
[16:54:21.509] [ERROR] [SendPacket] WSASend 실패. 오류: WSAECONNRESET: 연결이 원격 호스트에 의해 재설정됨, 컨텍스트: NotifyClientDisconnect, 클라이언트 ID: 142
[16:54:21.509] [ERROR] [SendPacket] WSASend 실패. 오류: WSAECONNRESET: 연결이 원격 호스트에 의해 재설정됨, 컨텍스트: NotifyClientDisconnect, 클라이언트 ID: 143
[16:54:21.509] [ERROR] [SendPacket] WSASend 실패. 오류: WSAECONNRESET: 연결이 원격 호스트에 의해 재설정됨, 컨텍스트: NotifyClientDisconnect, 클라이언트 ID: 145
[16:54:21.510] [ERROR] [SendPacket] WSASend 실패. 오류: WSAECONNRESET: 연결이 원격 호스트에 의해 재설정됨, 컨텍스트: NotifyClientDisconnect, 클라이언트 ID: 146
[16:54:21.510] [INFO] 클라이언트 연결 끊김 알림(ID: 140) - 수신자 수: 5
[16:54:21.510] [INFO] 클라이언트 연결 끊김 (ID: 141)
[16:54:21.510] [ERROR] [SendPacket] WSASend 실패. 오류: WSAECONNRESET: 연결이 원격 호스트에 의해 재설정됨, 컨텍스트: NotifyClientDisconnect, 클라이언트 ID: 142
[16:54:21.511] [ERROR] [SendPacket] WSASend 실패. 오류: WSAECONNRESET: 연결이 원격 호스트에 의해 재설정됨, 컨텍스트: NotifyClientDisconnect, 클라이언트 ID: 143
[16:54:21.511] [ERROR] [SendPacket] WSASend 실패. 오류: WSAECONNRESET: 연결이 원격 호스트에 의해 재설정됨, 컨텍스트: NotifyClientDisconnect, 클라이언트 ID: 145
[16:54:21.511] [ERROR] [SendPacket] WSASend 실패. 오류: WSAECONNRESET: 연결이 원격 호스트에 의해 재설정됨, 컨텍스트: NotifyClientDisconnect, 클라이언트 ID: 146
[16:54:21.511] [INFO] 클라이언트 연결 끊김 알림(ID: 141) - 수신자 수: 4
[16:54:21.511] [INFO] 클라이언트 연결 끊김 (ID: 142)
[16:54:21.512] [ERROR] [SendPacket] WSASend 실패. 오류: WSAECONNRESET: 연결이 원격 호스트에 의해 재설정됨, 컨텍스트: NotifyClientDisconnect, 클라이언트 ID: 143
[16:54:21.512] [ERROR] [SendPacket] WSASend 실패. 오류: WSAECONNRESET: 연결이 원격 호스트에 의해 재설정됨, 컨텍스트: NotifyClientDisconnect, 클라이언트 ID: 145
[16:54:21.512] [ERROR] [SendPacket] WSASend 실패. 오류: WSAECONNRESET: 연결이 원격 호스트에 의해 재설정됨, 컨텍스트: NotifyClientDisconnect, 클라이언트 ID: 146
[16:54:21.512] [INFO] 클라이언트 연결 끊김 알림(ID: 142) - 수신자 수: 3
[16:54:21.512] [INFO] 클라이언트 연결 끊김 (ID: 143)
[16:54:21.512] [ERROR] [SendPacket] WSASend 실패. 오류: WSAECONNRESET: 연결이 원격 호스트에 의해 재설정됨, 컨텍스트: NotifyClientDisconnect, 클라이언트 ID: 145
[16:54:21.512] [ERROR] [SendPacket] WSASend 실패. 오류: WSAECONNRESET: 연결이 원격 호스트에 의해 재설정됨, 컨텍스트: NotifyClientDisconnect, 클라이언트 ID: 146
[16:54:21.513] [INFO] 클라이언트 연결 끊김 알림(ID: 143) - 수신자 수: 2
[16:54:21.513] [INFO] 클라이언트 연결 끊김 (ID: 145)
[16:54:21.513] [ERROR] [SendPacket] WSASend 실패. 오류: WSAECONNRESET: 연결이 원격 호스트에 의해 재설정됨, 컨텍스트: NotifyClientDisconnect, 클라이언트 ID: 146
[16:54:21.513] [INFO] 클라이언트 연결 끊김 알림(ID: 145) - 수신자 수: 1
[16:54:21.514] [INFO] 클라이언트 연결 끊김 (ID: 146)
[16:54:21.514] [INFO] 클라이언트 연결 끊김 알림(ID: 146) - 수신자 수: 0
[16:54:21.829] [INFO] 서버 FPS: 32.977692, 평균 프레임 시간: 0.814285ms, 클라이언트 수: 0
[16:54:22.853] [INFO] 서버 FPS: 32.480316, 평균 프레임 시간: 0.025164ms, 클라이언트 수: 0
[16:54:23.880] [INFO] 서버 FPS: 33.947624, 평균 프레임 시간: 0.000630ms, 클라이언트 수: 0
[16:54:24.921] [INFO] 서버 FPS: 32.977692, 평균 프레임 시간: 0.000018ms, 클라이언트 수: 0
[16:54:25.945] [INFO] 서버 FPS: 32.977692, 평균 프레임 시간: 0.000000ms, 클라이언트 수: 0
[16:54:26.983] [INFO] 서버 FPS: 32.945736, 평균 프레임 시간: 0.000000ms, 클라이언트 수: 0
[16:54:28.009] [INFO] 서버 FPS: 34.917557, 평균 프레임 시간: 0.000000ms, 클라이언트 수: 0
[16:54:29.030] [INFO] 서버 FPS: 32.480316, 평균 프레임 시간: 0.000000ms, 클라이언트 수: 0
[16:54:30.037] [INFO] 서버 FPS: 33.497536, 평균 프레임 시간: 0.000000ms, 클라이언트 수: 0
[16:54:31.053] [INFO] 서버 FPS: 33.464565, 평균 프레임 시간: 0.000000ms, 클라이언트 수: 0
[16:54:32.066] [INFO] 서버 FPS: 33.497536, 평균 프레임 시간: 0.000000ms, 클라이언트 수: 0
[16:54:33.093] [INFO] 서버 FPS: 33.464565, 평균 프레임 시간: 0.000000ms, 클라이언트 수: 0
[16:54:34.096] [INFO] 서버 FPS: 33.464565, 평균 프레임 시간: 0.000000ms, 클라이언트 수: 0
[16:54:35.120] [INFO] 서버 FPS: 33.497536, 평균 프레임 시간: 0.000000ms, 클라이언트 수: 0
[16:54:36.130] [INFO] 서버 FPS: 33.464565, 평균 프레임 시간: 0.000000ms, 클라이언트 수: 0
[16:54:37.169] [INFO] 서버 FPS: 32.977692, 평균 프레임 시간: 0.000000ms, 클라이언트 수: 0
[16:54:38.191] [INFO] 서버 FPS: 32.977692, 평균 프레임 시간: 0.000000ms, 클라이언트 수: 0
[16:54:39.216] [INFO] 서버 FPS: 33.464565, 평균 프레임 시간: 0.000000ms, 클라이언트 수: 0
[16:54:40.242] [INFO] 서버 FPS: 32.977692, 평균 프레임 시간: 0.000000ms, 클라이언트 수: 0
[16:54:41.253] [INFO] 서버 FPS: 33.464565, 평균 프레임 시간: 0.000000ms, 클라이언트 수: 0
[16:54:42.295] [INFO] 서버 FPS: 33.947624, 평균 프레임 시간: 0.000000ms, 클라이언트 수: 0
[16:54:43.322] [INFO] 서버 FPS: 33.947624, 평균 프레임 시간: 0.000000ms, 클라이언트 수: 0
[16:54:44.346] [INFO] 서버 FPS: 32.945736, 평균 프레임 시간: 0.000000ms, 클라이언트 수: 0
[16:54:45.371] [INFO] 서버 FPS: 33.497536, 평균 프레임 시간: 0.000000ms, 클라이언트 수: 0
[16:54:46.384] [INFO] 서버 FPS: 33.464565, 평균 프레임 시간: 0.000000ms, 클라이언트 수: 0
[16:54:47.406] [INFO] 서버 FPS: 32.480316, 평균 프레임 시간: 0.000000ms, 클라이언트 수: 0
[16:54:48.415] [INFO] 서버 FPS: 32.512314, 평균 프레임 시간: 0.000000ms, 클라이언트 수: 0
[16:54:49.452] [INFO] 서버 FPS: 32.977692, 평균 프레임 시간: 0.000000ms, 클라이언트 수: 0
[16:54:50.475] [INFO] 서버 FPS: 32.945736, 평균 프레임 시간: 0.000000ms, 클라이언트 수: 0
[16:54:51.504] [INFO] 서버 FPS: 32.977692, 평균 프레임 시간: 0.000000ms, 클라이언트 수: 0
[16:54:52.530] [INFO] 서버 FPS: 33.464565, 평균 프레임 시간: 0.000000ms, 클라이언트 수: 0
[16:54:53.555] [INFO] 서버 FPS: 33.947624, 평균 프레임 시간: 0.000000ms, 클라이언트 수: 0
[16:54:54.579] [INFO] 서버 FPS: 33.497536, 평균 프레임 시간: 0.000000ms, 클라이언트 수: 0
[16:54:55.603] [INFO] 서버 FPS: 33.914730, 평균 프레임 시간: 0.000000ms, 클라이언트 수: 0
[16:54:56.616] [INFO] 서버 FPS: 34.482758, 평균 프레임 시간: 0.000000ms, 클라이언트 수: 0
[16:54:57.640] [INFO] 서버 FPS: 33.464565, 평균 프레임 시간: 0.000000ms, 클라이언트 수: 0
[16:54:58.662] [INFO] 서버 FPS: 32.977692, 평균 프레임 시간: 0.000000ms, 클라이언트 수: 0
[16:54:59.689] [INFO] 서버 FPS: 33.947624, 평균 프레임 시간: 0.000000ms, 클라이언트 수: 0
[16:55:00.729] [INFO] 서버 FPS: 33.914730, 평균 프레임 시간: 0.000000ms, 클라이언트 수: 0
[16:55:01.742] [INFO] 서버 FPS: 33.497536, 평균 프레임 시간: 0.000000ms, 클라이언트 수: 0
[16:55:02.756] [INFO] 서버 FPS: 32.480316, 평균 프레임 시간: 0.000000ms, 클라이언트 수: 0
[16:55:03.783] [INFO] 서버 FPS: 32.977692, 평균 프레임 시간: 0.000000ms, 클라이언트 수: 0
[16:55:04.808] [INFO] 서버 FPS: 33.464565, 평균 프레임 시간: 0.000000ms, 클라이언트 수: 0
[16:55:05.816] [INFO] 서버 FPS: 32.512314, 평균 프레임 시간: 0.000000ms, 클라이언트 수: 0
[16:55:06.839] [INFO] 서버 FPS: 32.480316, 평균 프레임 시간: 0.000000ms, 클라이언트 수: 0
[16:55:07.864] [INFO] 서버 FPS: 32.977692, 평균 프레임 시간: 0.000000ms, 클라이언트 수: 0
[16:55:08.901] [INFO] 서버 FPS: 33.914730, 평균 프레임 시간: 0.000000ms, 클라이언트 수: 0
[16:55:09.922] [INFO] 서버 FPS: 32.512314, 평균 프레임 시간: 0.000000ms, 클라이언트 수: 0
[16:55:10.929] [INFO] 서버 FPS: 32.480316, 평균 프레임 시간: 0.000000ms, 클라이언트 수: 0
[16:55:11.941] [INFO] 서버 FPS: 32.512314, 평균 프레임 시간: 0.000000ms, 클라이언트 수: 0
[16:55:12.982] [INFO] 서버 FPS: 34.883720, 평균 프레임 시간: 0.000000ms, 클라이언트 수: 0
[16:55:13.992] [INFO] 서버 FPS: 32.512314, 평균 프레임 시간: 0.000000ms, 클라이언트 수: 0
[16:55:15.015] [INFO] 서버 FPS: 33.464565, 평균 프레임 시간: 0.000000ms, 클라이언트 수: 0
[16:55:16.029] [INFO] 서버 FPS: 32.480316, 평균 프레임 시간: 0.000000ms, 클라이언트 수: 0
[16:55:17.038] [INFO] 서버 FPS: 32.512314, 평균 프레임 시간: 0.000000ms, 클라이언트 수: 0
[16:55:18.050] [INFO] 서버 FPS: 33.464565, 평균 프레임 시간: 0.000000ms, 클라이언트 수: 0
[16:55:19.075] [INFO] 서버 FPS: 33.497536, 평균 프레임 시간: 0.000000ms, 클라이언트 수: 0
[16:55:20.103] [INFO] 서버 FPS: 32.945736, 평균 프레임 시간: 0.000000ms, 클라이언트 수: 0
[16:55:21.140] [INFO] 서버 FPS: 32.977692, 평균 프레임 시간: 0.000000ms, 클라이언트 수: 0
[16:55:22.168] [INFO] 서버 FPS: 32.007759, 평균 프레임 시간: 0.000000ms, 클라이언트 수: 0
[16:55:23.176] [INFO] 서버 FPS: 32.480316, 평균 프레임 시간: 0.000000ms, 클라이언트 수: 0
[16:55:24.197] [INFO] 서버 FPS: 32.512314, 평균 프레임 시간: 0.000000ms, 클라이언트 수: 0
[16:55:25.226] [INFO] 서버 FPS: 31.976744, 평균 프레임 시간: 0.000000ms, 클라이언트 수: 0
[16:55:26.238] [INFO] 서버 FPS: 33.497536, 평균 프레임 시간: 0.000000ms, 클라이언트 수: 0
[16:55:27.267] [INFO] 서버 FPS: 32.945736, 평균 프레임 시간: 0.000000ms, 클라이언트 수: 0
[16:55:28.293] [INFO] 서버 FPS: 34.482758, 평균 프레임 시간: 0.000000ms, 클라이언트 수: 0
[16:55:29.318] [INFO] 서버 FPS: 32.977692, 평균 프레임 시간: 0.000000ms, 클라이언트 수: 0
[16:55:30.360] [INFO] 서버 FPS: 33.914730, 평균 프레임 시간: 0.000000ms, 클라이언트 수: 0
[16:55:31.369] [INFO] 서버 FPS: 32.512314, 평균 프레임 시간: 0.000000ms, 클라이언트 수: 0
[16:55:32.398] [INFO] 서버 FPS: 32.945736, 평균 프레임 시간: 0.000000ms, 클라이언트 수: 0
[16:55:33.437] [INFO] 서버 FPS: 32.977692, 평균 프레임 시간: 0.000000ms, 클라이언트 수: 0
[16:55:34.446] [INFO] 서버 FPS: 32.512314, 평균 프레임 시간: 0.000000ms, 클라이언트 수: 0
[16:55:35.469] [INFO] 서버 FPS: 35.433071, 평균 프레임 시간: 0.000000ms, 클라이언트 수: 0
[16:55:36.476] [INFO] 서버 FPS: 33.464565, 평균 프레임 시간: 0.000000ms, 클라이언트 수: 0
[16:55:37.513] [INFO] 서버 FPS: 33.947624, 평균 프레임 시간: 0.000000ms, 클라이언트 수: 0
[16:55:38.537] [INFO] 서버 FPS: 32.977692, 평균 프레임 시간: 0.000000ms, 클라이언트 수: 0
[16:55:39.559] [INFO] 서버 FPS: 32.480316, 평균 프레임 시간: 0.000000ms, 클라이언트 수: 0
[16:55:40.583] [INFO] 서버 FPS: 32.977692, 평균 프레임 시간: 0.000000ms, 클라이언트 수: 0
[16:55:41.608] [INFO] 서버 FPS: 32.480316, 평균 프레임 시간: 0.000000ms, 클라이언트 수: 0
[16:55:42.617] [INFO] 서버 FPS: 32.512314, 평균 프레임 시간: 0.000000ms, 클라이언트 수: 0
[16:55:43.640] [INFO] 서버 FPS: 33.464565, 평균 프레임 시간: 0.000000ms, 클라이언트 수: 0
[16:55:44.669] [INFO] 서버 FPS: 32.977692, 평균 프레임 시간: 0.000000ms, 클라이언트 수: 0
[16:55:45.697] [INFO] 서버 FPS: 32.977692, 평균 프레임 시간: 0.000000ms, 클라이언트 수: 0
[16:55:46.722] [INFO] 서버 FPS: 31.976744, 평균 프레임 시간: 0.000000ms, 클라이언트 수: 0
[16:55:47.761] [INFO] 서버 FPS: 32.977692, 평균 프레임 시간: 0.000000ms, 클라이언트 수: 0
[16:55:48.771] [INFO] 서버 FPS: 33.464565, 평균 프레임 시간: 0.000000ms, 클라이언트 수: 0
[16:55:49.800] [INFO] 서버 FPS: 32.977692, 평균 프레임 시간: 0.000000ms, 클라이언트 수: 0
[16:55:50.827] [INFO] 서버 FPS: 34.482758, 평균 프레임 시간: 0.000000ms, 클라이언트 수: 0
[16:55:51.858] [INFO] 서버 FPS: 31.976744, 평균 프레임 시간: 0.000000ms, 클라이언트 수: 0
[16:55:52.868] [INFO] 서버 FPS: 33.497536, 평균 프레임 시간: 0.000000ms, 클라이언트 수: 0
[16:55:53.893] [INFO] 서버 FPS: 33.914730, 평균 프레임 시간: 0.000000ms, 클라이언트 수: 0
[16:55:54.923] [INFO] 서버 FPS: 33.497536, 평균 프레임 시간: 0.000000ms, 클라이언트 수: 0
[16:55:55.930] [INFO] 서버 FPS: 32.480316, 평균 프레임 시간: 0.000000ms, 클라이언트 수: 0
[16:55:56.961] [INFO] 서버 FPS: 32.977692, 평균 프레임 시간: 0.000000ms, 클라이언트 수: 0
[16:55:57.971] [INFO] 서버 FPS: 33.464565, 평균 프레임 시간: 0.000000ms, 클라이언트 수: 0
[16:55:59.001] [INFO] 서버 FPS: 32.007759, 평균 프레임 시간: 0.000000ms, 클라이언트 수: 0
[16:56:00.046] [INFO] 서버 FPS: 32.977692, 평균 프레임 시간: 0.000000ms, 클라이언트 수: 0
[16:56:01.068] [INFO] 서버 FPS: 32.977692, 평균 프레임 시간: 0.000000ms, 클라이언트 수: 0
[16:56:02.099] [INFO] 서버 FPS: 33.914730, 평균 프레임 시간: 0.000000ms, 클라이언트 수: 0
[16:56:03.139] [INFO] 서버 FPS: 33.947624, 평균 프레임 시간: 0.000000ms, 클라이언트 수: 0
[16:56:04.147] [INFO] 서버 FPS: 32.480316, 평균 프레임 시간: 0.000000ms, 클라이언트 수: 0
[16:56:05.173] [INFO] 서버 FPS: 33.497536, 평균 프레임 시간: 0.000000ms, 클라이언트 수: 0
[16:56:06.196] [INFO] 서버 FPS: 32.977692, 평균 프레임 시간: 0.000000ms, 클라이언트 수: 0
[16:56:07.204] [INFO] 서버 FPS: 32.480316, 평균 프레임 시간: 0.000000ms, 클라이언트 수: 0
[16:56:08.223] [INFO] 서버 FPS: 32.480316, 평균 프레임 시간: 0.000000ms, 클라이언트 수: 0
[16:56:09.246] [INFO] 서버 FPS: 32.512314, 평균 프레임 시간: 0.000000ms, 클라이언트 수: 0
[16:56:10.270] [INFO] 서버 FPS: 32.945736, 평균 프레임 시간: 0.000000ms, 클라이언트 수: 0
