[20:00:30.230] [INFO] 로깅 시스템 초기화됨
[20:00:30.231] [INFO] 서버 인스턴스 생성됨
[20:00:30.231] [INFO] 서버 초기화 시작 (포트: 9000)
[20:00:30.232] [INFO] 윈속 초기화 성공
[20:00:30.232] [INFO] 리스닝 소켓 생성 성공
[20:00:30.232] [INFO] 소켓 바인딩 성공 (포트: 9000)
[20:00:30.232] [INFO] 리스닝 시작됨
[20:00:30.233] [INFO] IOCP 생성 성공
[20:00:30.233] [INFO] CPU 코어 수: 16, 생성할 작업자 스레드: 16
[20:00:30.233] [INFO] 작업자 스레드 #1 생성됨
[20:00:30.233] [INFO] 작업자 스레드 시작 (ThreadID: 30492)
[20:00:30.233] [INFO] 작업자 스레드 #2 생성됨
[20:00:30.234] [INFO] 작업자 스레드 시작 (ThreadID: 32404)
[20:00:30.234] [INFO] 작업자 스레드 #3 생성됨
[20:00:30.234] [INFO] 작업자 스레드 시작 (ThreadID: 8080)
[20:00:30.234] [INFO] 작업자 스레드 #4 생성됨
[20:00:30.235] [INFO] 작업자 스레드 시작 (ThreadID: 28756)
[20:00:30.235] [INFO] 작업자 스레드 #5 생성됨
[20:00:30.235] [INFO] 작업자 스레드 시작 (ThreadID: 22504)
[20:00:30.235] [INFO] 작업자 스레드 #6 생성됨
[20:00:30.235] [INFO] 작업자 스레드 시작 (ThreadID: 18792)
[20:00:30.235] [INFO] 작업자 스레드 #7 생성됨
[20:00:30.236] [INFO] 작업자 스레드 시작 (ThreadID: 28416)
[20:00:30.236] [INFO] 작업자 스레드 #8 생성됨
[20:00:30.236] [INFO] 작업자 스레드 시작 (ThreadID: 9152)
[20:00:30.236] [INFO] 작업자 스레드 #9 생성됨
[20:00:30.236] [INFO] 작업자 스레드 시작 (ThreadID: 4984)
[20:00:30.236] [INFO] 작업자 스레드 #10 생성됨
[20:00:30.237] [INFO] 작업자 스레드 시작 (ThreadID: 2128)
[20:00:30.237] [INFO] 작업자 스레드 #11 생성됨
[20:00:30.237] [INFO] 작업자 스레드 시작 (ThreadID: 11192)
[20:00:30.237] [INFO] 작업자 스레드 #12 생성됨
[20:00:30.237] [INFO] 작업자 스레드 시작 (ThreadID: 11092)
[20:00:30.237] [INFO] 작업자 스레드 #13 생성됨
[20:00:30.238] [INFO] 작업자 스레드 시작 (ThreadID: 32728)
[20:00:30.238] [INFO] 작업자 스레드 #14 생성됨
[20:00:30.238] [INFO] 작업자 스레드 시작 (ThreadID: 28748)
[20:00:30.238] [INFO] 작업자 스레드 #15 생성됨
[20:00:30.238] [INFO] 작업자 스레드 시작 (ThreadID: 9340)
[20:00:30.238] [INFO] 작업자 스레드 #16 생성됨
[20:00:30.239] [INFO] 작업자 스레드 시작 (ThreadID: 29984)
[20:00:30.239] [INFO] 서버 초기화 완료
[20:00:30.239] [INFO] 서버 실행. 포트 번호: 9000
[20:00:30.239] [INFO] IOCP 멀티플레이어 서버 시작됨...
[20:00:30.239] [INFO] 서버 실행 시작
