[20:32:55.083] [INFO] 로깅 시스템 초기화됨
[20:32:55.084] [INFO] 서버 인스턴스 생성됨
[20:32:55.084] [INFO] 서버 초기화 시작 (포트: 9000)
[20:32:55.084] [INFO] 윈속 초기화 성공
[20:32:55.085] [INFO] 리스닝 소켓 생성 성공
[20:32:55.085] [INFO] 소켓 바인딩 성공 (포트: 9000)
[20:32:55.085] [INFO] 리스닝 시작됨
[20:32:55.086] [INFO] IOCP 생성 성공
[20:32:55.086] [INFO] CPU 코어 수: 16, 생성할 작업자 스레드: 16
[20:32:55.086] [INFO] 작업자 스레드 #1 생성됨
[20:32:55.086] [INFO] 작업자 스레드 시작 (ThreadID: 26688)
[20:32:55.086] [INFO] 작업자 스레드 #2 생성됨
[20:32:55.086] [INFO] 작업자 스레드 시작 (ThreadID: 17444)
[20:32:55.087] [INFO] 작업자 스레드 #3 생성됨
[20:32:55.087] [INFO] 작업자 스레드 시작 (ThreadID: 22380)
[20:32:55.087] [INFO] 작업자 스레드 #4 생성됨
[20:32:55.087] [INFO] 작업자 스레드 시작 (ThreadID: 24360)
[20:32:55.087] [INFO] 작업자 스레드 #5 생성됨
[20:32:55.088] [INFO] 작업자 스레드 시작 (ThreadID: 17144)
[20:32:55.088] [INFO] 작업자 스레드 #6 생성됨
[20:32:55.088] [INFO] 작업자 스레드 시작 (ThreadID: 22964)
[20:32:55.088] [INFO] 작업자 스레드 #7 생성됨
[20:32:55.088] [INFO] 작업자 스레드 시작 (ThreadID: 32152)
[20:32:55.088] [INFO] 작업자 스레드 #8 생성됨
[20:32:55.088] [INFO] 작업자 스레드 시작 (ThreadID: 31284)
[20:32:55.089] [INFO] 작업자 스레드 #9 생성됨
[20:32:55.089] [INFO] 작업자 스레드 시작 (ThreadID: 30028)
[20:32:55.089] [INFO] 작업자 스레드 #10 생성됨
[20:32:55.089] [INFO] 작업자 스레드 시작 (ThreadID: 25704)
[20:32:55.089] [INFO] 작업자 스레드 #11 생성됨
[20:32:55.089] [INFO] 작업자 스레드 시작 (ThreadID: 10984)
[20:32:55.090] [INFO] 작업자 스레드 #12 생성됨
[20:32:55.090] [INFO] 작업자 스레드 시작 (ThreadID: 32728)
[20:32:55.090] [INFO] 작업자 스레드 #13 생성됨
[20:32:55.090] [INFO] 작업자 스레드 시작 (ThreadID: 33056)
[20:32:55.090] [INFO] 작업자 스레드 #14 생성됨
[20:32:55.090] [INFO] 작업자 스레드 시작 (ThreadID: 31452)
[20:32:55.091] [INFO] 작업자 스레드 #15 생성됨
[20:32:55.091] [INFO] 작업자 스레드 시작 (ThreadID: 33652)
[20:32:55.091] [INFO] 작업자 스레드 #16 생성됨
[20:32:55.091] [INFO] 작업자 스레드 시작 (ThreadID: 24024)
[20:32:55.091] [INFO] 서버 초기화 완료
[20:32:55.091] [INFO] 서버 실행. 포트 번호: 9000
[20:32:55.092] [INFO] IOCP 멀티플레이어 서버 시작됨...
[20:32:55.092] [INFO] 서버 실행 시작
[20:33:02.049] [INFO] 클라이언트 연결됨: 127.0.0.1:11248 (ID: 1)
[20:33:02.050] [INFO] 새 클라이언트에게 ID 1 전송됨
[20:33:02.050] [INFO] 초기 위치 정보 전송됨 - 클라이언트 ID: 1, 위치: X=0.000000, Y=0.000000, Z=90.000000
[20:33:02.050] [INFO] 새 플레이어 정보(ID: 1) 브로드캐스트 - 수신자 수: 0
[20:33:02.051] [INFO] 기존 플레이어 정보 0개가 새 클라이언트(ID: 1)에게 전송됨
[20:33:02.051] [INFO] 서버 FPS: 0.287646, 평균 프레임 시간: 695.299988ms, 클라이언트 수: 1
