[03:49:26.080] [INFO] 로깅 시스템 초기화됨
[03:49:26.080] [INFO] 서버 인스턴스 생성됨
[03:49:26.080] [INFO] 서버 초기화 시작 (포트: 9000)
[03:49:26.081] [INFO] 윈속 초기화 성공
[03:49:26.082] [INFO] 리스닝 소켓 생성 성공
[03:49:26.082] [INFO] 소켓 바인딩 성공 (포트: 9000)
[03:49:26.083] [INFO] 리스닝 시작됨
[03:49:26.083] [INFO] IOCP 생성 성공
[03:49:26.083] [INFO] CPU 코어 수: 16, 생성할 작업자 스레드: 32
[03:49:26.083] [INFO] 작업자 스레드 #1 생성됨
[03:49:26.084] [INFO] 작업자 스레드 시작 (ThreadID: 7512)
[03:49:26.084] [INFO] 작업자 스레드 #2 생성됨
[03:49:26.085] [INFO] 작업자 스레드 #3 생성됨
[03:49:26.085] [INFO] 작업자 스레드 시작 (ThreadID: 26768)
[03:49:26.086] [INFO] 작업자 스레드 시작 (ThreadID: 26920)
[03:49:26.086] [INFO] 작업자 스레드 #4 생성됨
[03:49:26.086] [INFO] 작업자 스레드 시작 (ThreadID: 27864)
[03:49:26.086] [INFO] 작업자 스레드 #5 생성됨
[03:49:26.086] [INFO] 작업자 스레드 시작 (ThreadID: 16152)
[03:49:26.087] [INFO] 작업자 스레드 #6 생성됨
[03:49:26.087] [INFO] 작업자 스레드 시작 (ThreadID: 24812)
[03:49:26.087] [INFO] 작업자 스레드 #7 생성됨
[03:49:26.087] [INFO] 작업자 스레드 시작 (ThreadID: 34668)
[03:49:26.088] [INFO] 작업자 스레드 #8 생성됨
[03:49:26.088] [INFO] 작업자 스레드 시작 (ThreadID: 34096)
[03:49:26.088] [INFO] 작업자 스레드 #9 생성됨
[03:49:26.089] [INFO] 작업자 스레드 시작 (ThreadID: 9248)
[03:49:26.089] [INFO] 작업자 스레드 #10 생성됨
[03:49:26.089] [INFO] 작업자 스레드 시작 (ThreadID: 24684)
[03:49:26.089] [INFO] 작업자 스레드 #11 생성됨
[03:49:26.090] [INFO] 작업자 스레드 시작 (ThreadID: 24264)
[03:49:26.090] [INFO] 작업자 스레드 #12 생성됨
[03:49:26.090] [INFO] 작업자 스레드 시작 (ThreadID: 35740)
[03:49:26.090] [INFO] 작업자 스레드 #13 생성됨
[03:49:26.091] [INFO] 작업자 스레드 시작 (ThreadID: 480)
[03:49:26.091] [INFO] 작업자 스레드 #14 생성됨
[03:49:26.091] [INFO] 작업자 스레드 시작 (ThreadID: 33828)
[03:49:26.091] [INFO] 작업자 스레드 #15 생성됨
[03:49:26.091] [INFO] 작업자 스레드 시작 (ThreadID: 35596)
[03:49:26.092] [INFO] 작업자 스레드 #16 생성됨
[03:49:26.092] [INFO] 작업자 스레드 시작 (ThreadID: 25564)
[03:49:26.092] [INFO] 작업자 스레드 #17 생성됨
[03:49:26.092] [INFO] 작업자 스레드 시작 (ThreadID: 35040)
[03:49:26.093] [INFO] 작업자 스레드 #18 생성됨
[03:49:26.093] [INFO] 작업자 스레드 시작 (ThreadID: 31436)
[03:49:26.093] [INFO] 작업자 스레드 #19 생성됨
[03:49:26.093] [INFO] 작업자 스레드 시작 (ThreadID: 22400)
[03:49:26.094] [INFO] 작업자 스레드 #20 생성됨
[03:49:26.094] [INFO] 작업자 스레드 시작 (ThreadID: 33444)
[03:49:26.094] [INFO] 작업자 스레드 #21 생성됨
[03:49:26.094] [INFO] 작업자 스레드 시작 (ThreadID: 35428)
[03:49:26.095] [INFO] 작업자 스레드 #22 생성됨
[03:49:26.095] [INFO] 작업자 스레드 시작 (ThreadID: 34480)
[03:49:26.095] [INFO] 작업자 스레드 #23 생성됨
[03:49:26.095] [INFO] 작업자 스레드 시작 (ThreadID: 32300)
[03:49:26.096] [INFO] 작업자 스레드 #24 생성됨
[03:49:26.096] [INFO] 작업자 스레드 시작 (ThreadID: 27696)
[03:49:26.096] [INFO] 작업자 스레드 #25 생성됨
[03:49:26.096] [INFO] 작업자 스레드 시작 (ThreadID: 37488)
[03:49:26.096] [INFO] 작업자 스레드 #26 생성됨
[03:49:26.097] [INFO] 작업자 스레드 시작 (ThreadID: 7696)
[03:49:26.097] [INFO] 작업자 스레드 #27 생성됨
[03:49:26.097] [INFO] 작업자 스레드 시작 (ThreadID: 21452)
[03:49:26.097] [INFO] 작업자 스레드 #28 생성됨
[03:49:26.097] [INFO] 작업자 스레드 시작 (ThreadID: 28064)
[03:49:26.098] [INFO] 작업자 스레드 #29 생성됨
[03:49:26.098] [INFO] 작업자 스레드 시작 (ThreadID: 28416)
[03:49:26.098] [INFO] 작업자 스레드 #30 생성됨
[03:49:26.098] [INFO] 작업자 스레드 시작 (ThreadID: 29616)
[03:49:26.099] [INFO] 작업자 스레드 #31 생성됨
[03:49:26.099] [INFO] 작업자 스레드 시작 (ThreadID: 37348)
[03:49:26.099] [INFO] 작업자 스레드 #32 생성됨
[03:49:26.099] [INFO] 작업자 스레드 시작 (ThreadID: 22708)
[03:49:26.099] [INFO] 서버 초기화 완료
[03:49:26.100] [INFO] 서버 실행. 포트 번호: 9000
[03:49:26.100] [INFO] IOCP 멀티플레이어 서버 시작됨...
[03:49:26.100] [INFO] 서버 실행 시작
[03:49:29.952] [INFO] 클라이언트 연결됨: 127.0.0.1:7515 (ID: 1)
[03:49:29.952] [INFO] 새 클라이언트에게 ID 1 전송됨
[03:49:29.952] [INFO] 새 플레이어 정보(ID: 1) 브로드캐스트 - 수신자 수: 0
[03:49:29.952] [INFO] 기존 플레이어 정보 0개가 새 클라이언트(ID: 1)에게 전송됨
[03:49:29.953] [INFO] [서버] BroadcastPosition 준비 완료 - ClientId: 1, distMoved: 90.000000, State: 0, TimeSinceLastUpdate: 0.015625
[03:49:29.953] [INFO] [서버] BroadcastPosition 호출 - ClientId: 1, Position: (0.000000, 0.000000, 90.000000)
[03:49:29.953] [INFO] 서버 FPS: 0.518269, 평균 프레임 시간: 385.899994ms, 클라이언트 수: 1
[03:49:29.953] [INFO] 클라이언트 연결됨: 127.0.0.1:7516 (ID: 2)
[03:49:29.954] [INFO] 새 클라이언트에게 ID 2 전송됨
[03:49:29.954] [INFO] 새 플레이어 정보(ID: 2) 브로드캐스트 - 수신자 수: 1
[03:49:29.954] [INFO] 기존 플레이어 정보 1개가 새 클라이언트(ID: 2)에게 전송됨
[03:49:29.954] [WARNING] 비정상적으로 긴 델타 타임: 3.859000초
[03:49:29.955] [INFO] [서버] BroadcastPosition 준비 완료 - ClientId: 2, distMoved: 90.000000, State: 0, TimeSinceLastUpdate: 0.000000
[03:49:29.955] [INFO] [서버] BroadcastPosition 호출 - ClientId: 2, Position: (0.000000, 0.000000, 90.000000)
[03:49:29.955] [INFO] [서버] PositionUpdatePacket 전송 - From ClientId: 2 To ClientId: 1
