[14:25:02.156] [INFO] 로깅 시스템 초기화됨
[14:25:02.156] [INFO] 서버 인스턴스 생성됨
[14:25:02.157] [INFO] 서버 초기화 시작 (포트: 9000)
[14:25:02.157] [INFO] 윈속 초기화 성공
[14:25:02.158] [INFO] 리스닝 소켓 생성 성공
[14:25:02.158] [INFO] 소켓 바인딩 성공 (포트: 9000)
[14:25:02.159] [INFO] 리스닝 시작됨
[14:25:02.159] [INFO] IOCP 생성 성공
[14:25:02.159] [INFO] CPU 코어 수: 16, 생성할 작업자 스레드: 16
[14:25:02.159] [INFO] 작업자 스레드 #1 생성됨
[14:25:02.160] [INFO] 작업자 스레드 시작 (ThreadID: 39600)
[14:25:02.160] [INFO] 작업자 스레드 #2 생성됨
[14:25:02.160] [INFO] 작업자 스레드 시작 (ThreadID: 37844)
[14:25:02.160] [INFO] 작업자 스레드 #3 생성됨
[14:25:02.161] [INFO] 작업자 스레드 시작 (ThreadID: 13712)
[14:25:02.161] [INFO] 작업자 스레드 #4 생성됨
[14:25:02.161] [INFO] 작업자 스레드 시작 (ThreadID: 40036)
[14:25:02.161] [INFO] 작업자 스레드 #5 생성됨
[14:25:02.161] [INFO] 작업자 스레드 시작 (ThreadID: 32532)
[14:25:02.161] [INFO] 작업자 스레드 #6 생성됨
[14:25:02.162] [INFO] 작업자 스레드 시작 (ThreadID: 19560)
[14:25:02.162] [INFO] 작업자 스레드 #7 생성됨
[14:25:02.162] [INFO] 작업자 스레드 시작 (ThreadID: 18464)
[14:25:02.162] [INFO] 작업자 스레드 #8 생성됨
[14:25:02.162] [INFO] 작업자 스레드 시작 (ThreadID: 3316)
[14:25:02.163] [INFO] 작업자 스레드 #9 생성됨
[14:25:02.163] [INFO] 작업자 스레드 시작 (ThreadID: 16568)
[14:25:02.163] [INFO] 작업자 스레드 #10 생성됨
[14:25:02.163] [INFO] 작업자 스레드 시작 (ThreadID: 28732)
[14:25:02.164] [INFO] 작업자 스레드 #11 생성됨
[14:25:02.164] [INFO] 작업자 스레드 시작 (ThreadID: 23752)
[14:25:02.164] [INFO] 작업자 스레드 #12 생성됨
[14:25:02.164] [INFO] 작업자 스레드 시작 (ThreadID: 43900)
[14:25:02.165] [INFO] 작업자 스레드 #13 생성됨
[14:25:02.165] [INFO] 작업자 스레드 시작 (ThreadID: 16912)
[14:25:02.165] [INFO] 작업자 스레드 #14 생성됨
[14:25:02.165] [INFO] 작업자 스레드 시작 (ThreadID: 42552)
[14:25:02.166] [INFO] 작업자 스레드 #15 생성됨
[14:25:02.166] [INFO] 작업자 스레드 시작 (ThreadID: 12884)
[14:25:02.166] [INFO] 작업자 스레드 #16 생성됨
[14:25:02.166] [INFO] 작업자 스레드 시작 (ThreadID: 40128)
[14:25:02.167] [INFO] 서버 초기화 완료
[14:25:02.167] [INFO] 서버 실행. 포트 번호: 9000
[14:25:02.167] [INFO] IOCP 멀티플레이어 서버 시작됨...
[14:25:02.167] [INFO] 서버 실행 시작
[14:25:09.902] [DEBUG] [SendPacket] WSASend 요청 성공 - 컨텍스트: SendClientId, 보낸 크기: 7, 클라이언트 ID: 1
[14:25:09.902] [INFO] 새 클라이언트에게 ID 1 전송됨
[14:25:09.903] [DEBUG] [SendPacket] WSASend 요청 성공 - 컨텍스트: SendInitialPosition, 보낸 크기: 32, 클라이언트 ID: 1
[14:25:09.906] [INFO] 초기 위치 정보 전송됨 - 클라이언트 ID: 1, 위치: X=0.000000, Y=0.000000, Z=90.000000
[14:25:09.906] [INFO] 새 플레이어 정보(ID: 1) 브로드캐스트 - 수신자 수: 0
[14:25:09.906] [INFO] 기존 플레이어 정보 0개가 새 클라이언트(ID: 1)에게 전송됨
[14:25:09.907] [INFO] 위치 업데이트 - 클라이언트 ID: 1, 위치: X=0.000000, Y=0.000000, Z=90.000000, 속도: X=0.000000, Y=0.000000, Z=0.000000
[14:25:09.908] [INFO] 서버 FPS: 0.258065, 평균 프레임 시간: 775.000000ms, 클라이언트 수: 1
[14:25:11.218] [DEBUG] 데이터 수신: 11 바이트, 클라이언트 ID: 1
[14:25:11.219] [DEBUG] [ProcessPacket] Ping 수신, ClientId: 1
[14:25:11.219] [DEBUG] [SendPacket] WSASend 요청 성공 - 컨텍스트: ServerPong, 보낸 크기: 11, 클라이언트 ID: 1
[14:25:11.220] [INFO] [Packet] Pong 전송 - ClientId: 1
[14:25:12.217] [DEBUG] 데이터 수신: 11 바이트, 클라이언트 ID: 1
[14:25:12.217] [DEBUG] [ProcessPacket] Ping 수신, ClientId: 1
[14:25:12.217] [DEBUG] [SendPacket] WSASend 요청 성공 - 컨텍스트: ServerPong, 보낸 크기: 11, 클라이언트 ID: 1
[14:25:12.218] [INFO] [Packet] Pong 전송 - ClientId: 1
[14:25:13.216] [DEBUG] 데이터 수신: 11 바이트, 클라이언트 ID: 1
[14:25:13.217] [DEBUG] [ProcessPacket] Ping 수신, ClientId: 1
[14:25:13.217] [DEBUG] [SendPacket] WSASend 요청 성공 - 컨텍스트: ServerPong, 보낸 크기: 11, 클라이언트 ID: 1
[14:25:13.218] [INFO] [Packet] Pong 전송 - ClientId: 1
[14:25:14.218] [DEBUG] 데이터 수신: 11 바이트, 클라이언트 ID: 1
[14:25:14.218] [DEBUG] [ProcessPacket] Ping 수신, ClientId: 1
[14:25:14.219] [DEBUG] [SendPacket] WSASend 요청 성공 - 컨텍스트: ServerPong, 보낸 크기: 11, 클라이언트 ID: 1
[14:25:14.220] [INFO] [Packet] Pong 전송 - ClientId: 1
[14:25:15.216] [DEBUG] 데이터 수신: 11 바이트, 클라이언트 ID: 1
[14:25:15.217] [DEBUG] [ProcessPacket] Ping 수신, ClientId: 1
[14:25:15.217] [DEBUG] [SendPacket] WSASend 요청 성공 - 컨텍스트: ServerPong, 보낸 크기: 11, 클라이언트 ID: 1
[14:25:15.218] [INFO] [Packet] Pong 전송 - ClientId: 1
[14:25:16.217] [DEBUG] 데이터 수신: 11 바이트, 클라이언트 ID: 1
[14:25:16.217] [DEBUG] [ProcessPacket] Ping 수신, ClientId: 1
[14:25:16.218] [DEBUG] [SendPacket] WSASend 요청 성공 - 컨텍스트: ServerPong, 보낸 크기: 11, 클라이언트 ID: 1
[14:25:16.218] [INFO] [Packet] Pong 전송 - ClientId: 1
[14:25:17.217] [DEBUG] 데이터 수신: 11 바이트, 클라이언트 ID: 1
[14:25:17.218] [DEBUG] [ProcessPacket] Ping 수신, ClientId: 1
[14:25:17.218] [DEBUG] [SendPacket] WSASend 요청 성공 - 컨텍스트: ServerPong, 보낸 크기: 11, 클라이언트 ID: 1
[14:25:17.219] [INFO] [Packet] Pong 전송 - ClientId: 1
[14:25:18.251] [DEBUG] 데이터 수신: 11 바이트, 클라이언트 ID: 1
[14:25:18.251] [DEBUG] [ProcessPacket] Ping 수신, ClientId: 1
[14:25:18.251] [DEBUG] [SendPacket] WSASend 요청 성공 - 컨텍스트: ServerPong, 보낸 크기: 11, 클라이언트 ID: 1
[14:25:18.252] [INFO] [Packet] Pong 전송 - ClientId: 1
[14:25:19.258] [DEBUG] 데이터 수신: 11 바이트, 클라이언트 ID: 1
[14:25:19.259] [DEBUG] [ProcessPacket] Ping 수신, ClientId: 1
[14:25:19.259] [DEBUG] [SendPacket] WSASend 요청 성공 - 컨텍스트: ServerPong, 보낸 크기: 11, 클라이언트 ID: 1
[14:25:19.259] [INFO] [Packet] Pong 전송 - ClientId: 1
[14:25:20.264] [DEBUG] 데이터 수신: 11 바이트, 클라이언트 ID: 1
[14:25:20.265] [DEBUG] [ProcessPacket] Ping 수신, ClientId: 1
[14:25:20.265] [DEBUG] [SendPacket] WSASend 요청 성공 - 컨텍스트: ServerPong, 보낸 크기: 11, 클라이언트 ID: 1
[14:25:20.265] [INFO] [Packet] Pong 전송 - ClientId: 1
[14:25:21.296] [DEBUG] 데이터 수신: 11 바이트, 클라이언트 ID: 1
[14:25:21.296] [DEBUG] [ProcessPacket] Ping 수신, ClientId: 1
[14:25:21.297] [DEBUG] [SendPacket] WSASend 요청 성공 - 컨텍스트: ServerPong, 보낸 크기: 11, 클라이언트 ID: 1
[14:25:21.297] [INFO] [Packet] Pong 전송 - ClientId: 1
[14:25:22.310] [DEBUG] 데이터 수신: 11 바이트, 클라이언트 ID: 1
[14:25:22.311] [DEBUG] [ProcessPacket] Ping 수신, ClientId: 1
[14:25:22.311] [DEBUG] [SendPacket] WSASend 요청 성공 - 컨텍스트: ServerPong, 보낸 크기: 11, 클라이언트 ID: 1
[14:25:22.311] [INFO] [Packet] Pong 전송 - ClientId: 1
[14:25:23.318] [DEBUG] 데이터 수신: 11 바이트, 클라이언트 ID: 1
[14:25:23.318] [DEBUG] [ProcessPacket] Ping 수신, ClientId: 1
[14:25:23.318] [DEBUG] [SendPacket] WSASend 요청 성공 - 컨텍스트: ServerPong, 보낸 크기: 11, 클라이언트 ID: 1
[14:25:23.319] [INFO] [Packet] Pong 전송 - ClientId: 1
[14:25:24.346] [DEBUG] 데이터 수신: 11 바이트, 클라이언트 ID: 1
[14:25:24.347] [DEBUG] [ProcessPacket] Ping 수신, ClientId: 1
[14:25:24.347] [DEBUG] [SendPacket] WSASend 요청 성공 - 컨텍스트: ServerPong, 보낸 크기: 11, 클라이언트 ID: 1
[14:25:24.348] [INFO] [Packet] Pong 전송 - ClientId: 1
[14:25:25.374] [DEBUG] 데이터 수신: 11 바이트, 클라이언트 ID: 1
[14:25:25.374] [DEBUG] [ProcessPacket] Ping 수신, ClientId: 1
[14:25:25.375] [DEBUG] [SendPacket] WSASend 요청 성공 - 컨텍스트: ServerPong, 보낸 크기: 11, 클라이언트 ID: 1
[14:25:25.375] [INFO] [Packet] Pong 전송 - ClientId: 1
[14:25:26.388] [DEBUG] 데이터 수신: 11 바이트, 클라이언트 ID: 1
[14:25:26.388] [DEBUG] [ProcessPacket] Ping 수신, ClientId: 1
[14:25:26.389] [DEBUG] [SendPacket] WSASend 요청 성공 - 컨텍스트: ServerPong, 보낸 크기: 11, 클라이언트 ID: 1
[14:25:26.389] [INFO] [Packet] Pong 전송 - ClientId: 1
[14:25:27.403] [DEBUG] 데이터 수신: 11 바이트, 클라이언트 ID: 1
[14:25:27.403] [DEBUG] [ProcessPacket] Ping 수신, ClientId: 1
[14:25:27.404] [DEBUG] [SendPacket] WSASend 요청 성공 - 컨텍스트: ServerPong, 보낸 크기: 11, 클라이언트 ID: 1
[14:25:27.404] [INFO] [Packet] Pong 전송 - ClientId: 1
[14:25:28.435] [DEBUG] 데이터 수신: 11 바이트, 클라이언트 ID: 1
[14:25:28.435] [DEBUG] [ProcessPacket] Ping 수신, ClientId: 1
[14:25:28.435] [DEBUG] [SendPacket] WSASend 요청 성공 - 컨텍스트: ServerPong, 보낸 크기: 11, 클라이언트 ID: 1
[14:25:28.436] [INFO] [Packet] Pong 전송 - ClientId: 1
[14:25:29.440] [DEBUG] 데이터 수신: 11 바이트, 클라이언트 ID: 1
[14:25:29.440] [DEBUG] [ProcessPacket] Ping 수신, ClientId: 1
[14:25:29.441] [DEBUG] [SendPacket] WSASend 요청 성공 - 컨텍스트: ServerPong, 보낸 크기: 11, 클라이언트 ID: 1
[14:25:29.441] [INFO] [Packet] Pong 전송 - ClientId: 1
[14:25:30.473] [DEBUG] 데이터 수신: 11 바이트, 클라이언트 ID: 1
[14:25:30.474] [DEBUG] [ProcessPacket] Ping 수신, ClientId: 1
[14:25:30.474] [DEBUG] [SendPacket] WSASend 요청 성공 - 컨텍스트: ServerPong, 보낸 크기: 11, 클라이언트 ID: 1
[14:25:30.474] [INFO] [Packet] Pong 전송 - ClientId: 1
[14:25:31.524] [DEBUG] 데이터 수신: 11 바이트, 클라이언트 ID: 1
[14:25:31.525] [DEBUG] [ProcessPacket] Ping 수신, ClientId: 1
[14:25:31.525] [DEBUG] [SendPacket] WSASend 요청 성공 - 컨텍스트: ServerPong, 보낸 크기: 11, 클라이언트 ID: 1
[14:25:31.525] [INFO] [Packet] Pong 전송 - ClientId: 1
[14:25:32.750] [DEBUG] 데이터 수신: 11 바이트, 클라이언트 ID: 1
[14:25:32.751] [DEBUG] [ProcessPacket] Ping 수신, ClientId: 1
[14:25:32.751] [DEBUG] [SendPacket] WSASend 요청 성공 - 컨텍스트: ServerPong, 보낸 크기: 11, 클라이언트 ID: 1
[14:25:32.752] [INFO] [Packet] Pong 전송 - ClientId: 1
[14:25:33.195] [DEBUG] 데이터 수신: 21 바이트, 클라이언트 ID: 1
[14:25:33.195] [INFO] 입력 패킷 수신 - 클라이언트 ID: 1, Forward: 0.000000, Right: 0.000000, Yaw: 0.000000, Jump: false, Attack: true
[14:25:33.225] [DEBUG] 데이터 수신: 21 바이트, 클라이언트 ID: 1
[14:25:33.225] [INFO] 입력 패킷 수신 - 클라이언트 ID: 1, Forward: 0.000000, Right: 0.000000, Yaw: 0.000000, Jump: false, Attack: true
[14:25:33.572] [DEBUG] 데이터 수신: 21 바이트, 클라이언트 ID: 1
[14:25:33.572] [INFO] 입력 패킷 수신 - 클라이언트 ID: 1, Forward: 1.000000, Right: 0.000000, Yaw: 0.000000, Jump: false, Attack: false
[14:25:33.605] [DEBUG] 데이터 수신: 21 바이트, 클라이언트 ID: 1
[14:25:33.605] [INFO] 입력 패킷 수신 - 클라이언트 ID: 1, Forward: 1.000000, Right: 0.000000, Yaw: 0.000000, Jump: false, Attack: false
[14:25:33.637] [DEBUG] 데이터 수신: 21 바이트, 클라이언트 ID: 1
[14:25:33.638] [INFO] 입력 패킷 수신 - 클라이언트 ID: 1, Forward: 1.000000, Right: 0.000000, Yaw: 0.000000, Jump: false, Attack: false
[14:25:33.673] [DEBUG] 데이터 수신: 21 바이트, 클라이언트 ID: 1
[14:25:33.673] [INFO] 입력 패킷 수신 - 클라이언트 ID: 1, Forward: 1.000000, Right: 0.000000, Yaw: 0.000000, Jump: false, Attack: false
[14:25:33.708] [DEBUG] 데이터 수신: 21 바이트, 클라이언트 ID: 1
[14:25:33.708] [INFO] 입력 패킷 수신 - 클라이언트 ID: 1, Forward: 1.000000, Right: 0.000000, Yaw: 0.000000, Jump: false, Attack: false
[14:25:33.743] [DEBUG] 데이터 수신: 21 바이트, 클라이언트 ID: 1
[14:25:33.744] [INFO] 입력 패킷 수신 - 클라이언트 ID: 1, Forward: 1.000000, Right: 0.000000, Yaw: 0.000000, Jump: false, Attack: false
[14:25:33.779] [DEBUG] 데이터 수신: 11 바이트, 클라이언트 ID: 1
[14:25:33.779] [DEBUG] [ProcessPacket] Ping 수신, ClientId: 1
[14:25:33.780] [DEBUG] [SendPacket] WSASend 요청 성공 - 컨텍스트: ServerPong, 보낸 크기: 11, 클라이언트 ID: 1
[14:25:33.780] [INFO] [Packet] Pong 전송 - ClientId: 1
[14:25:33.780] [DEBUG] 데이터 수신: 21 바이트, 클라이언트 ID: 1
[14:25:33.780] [INFO] 입력 패킷 수신 - 클라이언트 ID: 1, Forward: 1.000000, Right: 0.000000, Yaw: 0.000000, Jump: false, Attack: false
[14:25:33.816] [DEBUG] 데이터 수신: 21 바이트, 클라이언트 ID: 1
[14:25:33.816] [INFO] 입력 패킷 수신 - 클라이언트 ID: 1, Forward: 1.000000, Right: 0.000000, Yaw: 0.000000, Jump: false, Attack: false
[14:25:33.852] [DEBUG] 데이터 수신: 21 바이트, 클라이언트 ID: 1
[14:25:33.853] [INFO] 입력 패킷 수신 - 클라이언트 ID: 1, Forward: 1.000000, Right: 0.000000, Yaw: 0.000000, Jump: false, Attack: false
[14:25:33.890] [DEBUG] 데이터 수신: 21 바이트, 클라이언트 ID: 1
[14:25:33.890] [INFO] 입력 패킷 수신 - 클라이언트 ID: 1, Forward: 1.000000, Right: 0.000000, Yaw: 0.000000, Jump: false, Attack: false
[14:25:33.925] [DEBUG] 데이터 수신: 21 바이트, 클라이언트 ID: 1
[14:25:33.926] [INFO] 입력 패킷 수신 - 클라이언트 ID: 1, Forward: 1.000000, Right: 0.000000, Yaw: 0.000000, Jump: false, Attack: false
[14:25:33.961] [DEBUG] 데이터 수신: 21 바이트, 클라이언트 ID: 1
[14:25:33.962] [INFO] 입력 패킷 수신 - 클라이언트 ID: 1, Forward: 1.000000, Right: 0.000000, Yaw: 0.000000, Jump: false, Attack: false
[14:25:33.998] [DEBUG] 데이터 수신: 21 바이트, 클라이언트 ID: 1
[14:25:33.998] [INFO] 입력 패킷 수신 - 클라이언트 ID: 1, Forward: 1.000000, Right: 0.000000, Yaw: 0.000000, Jump: false, Attack: false
[14:25:34.035] [DEBUG] 데이터 수신: 21 바이트, 클라이언트 ID: 1
[14:25:34.035] [INFO] 입력 패킷 수신 - 클라이언트 ID: 1, Forward: 1.000000, Right: 0.000000, Yaw: 359.825012, Jump: false, Attack: false
[14:25:34.071] [DEBUG] 데이터 수신: 21 바이트, 클라이언트 ID: 1
[14:25:34.071] [INFO] 입력 패킷 수신 - 클라이언트 ID: 1, Forward: 1.000000, Right: 0.000000, Yaw: 359.475006, Jump: false, Attack: false
[14:25:34.110] [DEBUG] 데이터 수신: 21 바이트, 클라이언트 ID: 1
[14:25:34.111] [INFO] 입력 패킷 수신 - 클라이언트 ID: 1, Forward: 1.000000, Right: 0.000000, Yaw: 358.950012, Jump: false, Attack: false
[14:25:34.147] [DEBUG] 데이터 수신: 21 바이트, 클라이언트 ID: 1
[14:25:34.147] [INFO] 입력 패킷 수신 - 클라이언트 ID: 1, Forward: 1.000000, Right: 0.000000, Yaw: 358.774994, Jump: false, Attack: false
[14:25:34.182] [DEBUG] 데이터 수신: 21 바이트, 클라이언트 ID: 1
[14:25:34.182] [INFO] 입력 패킷 수신 - 클라이언트 ID: 1, Forward: 1.000000, Right: 0.000000, Yaw: 358.774994, Jump: false, Attack: false
[14:25:34.219] [DEBUG] 데이터 수신: 21 바이트, 클라이언트 ID: 1
[14:25:34.219] [INFO] 입력 패킷 수신 - 클라이언트 ID: 1, Forward: 1.000000, Right: 0.000000, Yaw: 358.774994, Jump: false, Attack: false
[14:25:34.256] [DEBUG] 데이터 수신: 21 바이트, 클라이언트 ID: 1
[14:25:34.256] [INFO] 입력 패킷 수신 - 클라이언트 ID: 1, Forward: 1.000000, Right: 0.000000, Yaw: 358.774994, Jump: false, Attack: false
[14:25:34.292] [DEBUG] 데이터 수신: 21 바이트, 클라이언트 ID: 1
[14:25:34.293] [INFO] 입력 패킷 수신 - 클라이언트 ID: 1, Forward: 1.000000, Right: 0.000000, Yaw: 358.774994, Jump: false, Attack: false
[14:25:34.330] [DEBUG] 데이터 수신: 21 바이트, 클라이언트 ID: 1
[14:25:34.331] [INFO] 입력 패킷 수신 - 클라이언트 ID: 1, Forward: 1.000000, Right: 0.000000, Yaw: 358.774994, Jump: false, Attack: false
[14:25:34.366] [DEBUG] 데이터 수신: 21 바이트, 클라이언트 ID: 1
[14:25:34.366] [INFO] 입력 패킷 수신 - 클라이언트 ID: 1, Forward: 1.000000, Right: 0.000000, Yaw: 358.774994, Jump: false, Attack: false
[14:25:34.402] [DEBUG] 데이터 수신: 21 바이트, 클라이언트 ID: 1
[14:25:34.402] [INFO] 입력 패킷 수신 - 클라이언트 ID: 1, Forward: 1.000000, Right: 0.000000, Yaw: 358.774994, Jump: false, Attack: false
[14:25:34.438] [DEBUG] 데이터 수신: 21 바이트, 클라이언트 ID: 1
[14:25:34.438] [INFO] 입력 패킷 수신 - 클라이언트 ID: 1, Forward: 1.000000, Right: 0.000000, Yaw: 358.774994, Jump: false, Attack: false
[14:25:34.475] [DEBUG] 데이터 수신: 21 바이트, 클라이언트 ID: 1
[14:25:34.475] [INFO] 입력 패킷 수신 - 클라이언트 ID: 1, Forward: 1.000000, Right: 0.000000, Yaw: 358.774994, Jump: false, Attack: false
[14:25:34.510] [DEBUG] 데이터 수신: 21 바이트, 클라이언트 ID: 1
[14:25:34.511] [INFO] 입력 패킷 수신 - 클라이언트 ID: 1, Forward: 1.000000, Right: 0.000000, Yaw: 358.774994, Jump: false, Attack: false
[14:25:34.546] [DEBUG] 데이터 수신: 21 바이트, 클라이언트 ID: 1
[14:25:34.547] [INFO] 입력 패킷 수신 - 클라이언트 ID: 1, Forward: 1.000000, Right: 0.000000, Yaw: 358.774994, Jump: false, Attack: false
[14:25:34.587] [DEBUG] 데이터 수신: 21 바이트, 클라이언트 ID: 1
[14:25:34.588] [INFO] 입력 패킷 수신 - 클라이언트 ID: 1, Forward: 1.000000, Right: 0.000000, Yaw: 358.774994, Jump: false, Attack: false
[14:25:34.623] [DEBUG] 데이터 수신: 21 바이트, 클라이언트 ID: 1
[14:25:34.623] [INFO] 입력 패킷 수신 - 클라이언트 ID: 1, Forward: 1.000000, Right: 0.000000, Yaw: 358.774994, Jump: false, Attack: false
[14:25:34.662] [DEBUG] 데이터 수신: 21 바이트, 클라이언트 ID: 1
[14:25:34.662] [INFO] 입력 패킷 수신 - 클라이언트 ID: 1, Forward: 1.000000, Right: 0.000000, Yaw: 358.774994, Jump: false, Attack: false
[14:25:34.697] [DEBUG] 데이터 수신: 21 바이트, 클라이언트 ID: 1
[14:25:34.698] [INFO] 입력 패킷 수신 - 클라이언트 ID: 1, Forward: 1.000000, Right: 0.000000, Yaw: 358.774994, Jump: false, Attack: false
[14:25:34.733] [DEBUG] 데이터 수신: 21 바이트, 클라이언트 ID: 1
[14:25:34.734] [INFO] 입력 패킷 수신 - 클라이언트 ID: 1, Forward: 1.000000, Right: 0.000000, Yaw: 358.774994, Jump: false, Attack: false
[14:25:34.772] [DEBUG] 데이터 수신: 21 바이트, 클라이언트 ID: 1
[14:25:34.773] [INFO] 입력 패킷 수신 - 클라이언트 ID: 1, Forward: 1.000000, Right: 0.000000, Yaw: 358.600006, Jump: false, Attack: false
[14:25:34.808] [DEBUG] 데이터 수신: 11 바이트, 클라이언트 ID: 1
[14:25:34.808] [DEBUG] [ProcessPacket] Ping 수신, ClientId: 1
[14:25:34.808] [DEBUG] [SendPacket] WSASend 요청 성공 - 컨텍스트: ServerPong, 보낸 크기: 11, 클라이언트 ID: 1
[14:25:34.809] [INFO] [Packet] Pong 전송 - ClientId: 1
[14:25:34.809] [DEBUG] 데이터 수신: 21 바이트, 클라이언트 ID: 1
[14:25:34.809] [INFO] 입력 패킷 수신 - 클라이언트 ID: 1, Forward: 1.000000, Right: 0.000000, Yaw: 358.600006, Jump: false, Attack: false
[14:25:34.845] [DEBUG] 데이터 수신: 21 바이트, 클라이언트 ID: 1
[14:25:34.846] [INFO] 입력 패킷 수신 - 클라이언트 ID: 1, Forward: 1.000000, Right: 0.000000, Yaw: 358.424988, Jump: false, Attack: false
[14:25:34.880] [DEBUG] 데이터 수신: 21 바이트, 클라이언트 ID: 1
[14:25:34.881] [INFO] 입력 패킷 수신 - 클라이언트 ID: 1, Forward: 1.000000, Right: 0.000000, Yaw: 358.424988, Jump: false, Attack: false
[14:25:34.916] [DEBUG] 데이터 수신: 21 바이트, 클라이언트 ID: 1
[14:25:34.917] [INFO] 입력 패킷 수신 - 클라이언트 ID: 1, Forward: 1.000000, Right: 0.000000, Yaw: 358.424988, Jump: false, Attack: false
[14:25:34.957] [DEBUG] 데이터 수신: 21 바이트, 클라이언트 ID: 1
[14:25:34.958] [INFO] 입력 패킷 수신 - 클라이언트 ID: 1, Forward: 1.000000, Right: 0.000000, Yaw: 358.424988, Jump: false, Attack: false
[14:25:34.997] [DEBUG] 데이터 수신: 21 바이트, 클라이언트 ID: 1
[14:25:34.997] [INFO] 입력 패킷 수신 - 클라이언트 ID: 1, Forward: 1.000000, Right: 0.000000, Yaw: 358.424988, Jump: false, Attack: false
[14:25:35.032] [DEBUG] 데이터 수신: 21 바이트, 클라이언트 ID: 1
[14:25:35.033] [INFO] 입력 패킷 수신 - 클라이언트 ID: 1, Forward: 1.000000, Right: 0.000000, Yaw: 358.424988, Jump: false, Attack: false
[14:25:35.068] [DEBUG] 데이터 수신: 21 바이트, 클라이언트 ID: 1
[14:25:35.068] [INFO] 입력 패킷 수신 - 클라이언트 ID: 1, Forward: 1.000000, Right: 0.000000, Yaw: 358.424988, Jump: false, Attack: false
[14:25:35.104] [DEBUG] 데이터 수신: 21 바이트, 클라이언트 ID: 1
[14:25:35.104] [INFO] 입력 패킷 수신 - 클라이언트 ID: 1, Forward: 1.000000, Right: 0.000000, Yaw: 358.424988, Jump: false, Attack: false
[14:25:35.140] [DEBUG] 데이터 수신: 21 바이트, 클라이언트 ID: 1
[14:25:35.140] [INFO] 입력 패킷 수신 - 클라이언트 ID: 1, Forward: 1.000000, Right: 0.000000, Yaw: 358.424988, Jump: false, Attack: false
[14:25:35.176] [DEBUG] 데이터 수신: 21 바이트, 클라이언트 ID: 1
[14:25:35.177] [INFO] 입력 패킷 수신 - 클라이언트 ID: 1, Forward: 1.000000, Right: 0.000000, Yaw: 358.424988, Jump: false, Attack: false
[14:25:35.214] [DEBUG] 데이터 수신: 21 바이트, 클라이언트 ID: 1
[14:25:35.215] [INFO] 입력 패킷 수신 - 클라이언트 ID: 1, Forward: 1.000000, Right: 0.000000, Yaw: 358.424988, Jump: false, Attack: false
[14:25:35.251] [DEBUG] 데이터 수신: 21 바이트, 클라이언트 ID: 1
[14:25:35.252] [INFO] 입력 패킷 수신 - 클라이언트 ID: 1, Forward: 1.000000, Right: 0.000000, Yaw: 358.424988, Jump: false, Attack: false
[14:25:35.287] [DEBUG] 데이터 수신: 21 바이트, 클라이언트 ID: 1
[14:25:35.287] [INFO] 입력 패킷 수신 - 클라이언트 ID: 1, Forward: 1.000000, Right: 0.000000, Yaw: 358.250000, Jump: false, Attack: false
[14:25:35.323] [DEBUG] 데이터 수신: 21 바이트, 클라이언트 ID: 1
[14:25:35.323] [INFO] 입력 패킷 수신 - 클라이언트 ID: 1, Forward: 1.000000, Right: 0.000000, Yaw: 358.250000, Jump: false, Attack: false
[14:25:35.360] [DEBUG] 데이터 수신: 21 바이트, 클라이언트 ID: 1
[14:25:35.361] [INFO] 입력 패킷 수신 - 클라이언트 ID: 1, Forward: 1.000000, Right: 0.000000, Yaw: 358.250000, Jump: false, Attack: false
[14:25:35.397] [DEBUG] 데이터 수신: 21 바이트, 클라이언트 ID: 1
[14:25:35.398] [INFO] 입력 패킷 수신 - 클라이언트 ID: 1, Forward: 1.000000, Right: 0.000000, Yaw: 358.250000, Jump: false, Attack: false
[14:25:35.432] [DEBUG] 데이터 수신: 21 바이트, 클라이언트 ID: 1
[14:25:35.432] [INFO] 입력 패킷 수신 - 클라이언트 ID: 1, Forward: 1.000000, Right: 0.000000, Yaw: 358.250000, Jump: false, Attack: false
[14:25:35.840] [DEBUG] 데이터 수신: 11 바이트, 클라이언트 ID: 1
[14:25:35.840] [DEBUG] [ProcessPacket] Ping 수신, ClientId: 1
[14:25:35.840] [DEBUG] [SendPacket] WSASend 요청 성공 - 컨텍스트: ServerPong, 보낸 크기: 11, 클라이언트 ID: 1
[14:25:35.840] [INFO] [Packet] Pong 전송 - ClientId: 1
[14:25:36.976] [DEBUG] 데이터 수신: 11 바이트, 클라이언트 ID: 1
[14:25:36.976] [DEBUG] [ProcessPacket] Ping 수신, ClientId: 1
[14:25:36.977] [DEBUG] [SendPacket] WSASend 요청 성공 - 컨텍스트: ServerPong, 보낸 크기: 11, 클라이언트 ID: 1
[14:25:36.977] [INFO] [Packet] Pong 전송 - ClientId: 1
[14:25:37.978] [DEBUG] 데이터 수신: 11 바이트, 클라이언트 ID: 1
[14:25:37.979] [DEBUG] [ProcessPacket] Ping 수신, ClientId: 1
[14:25:37.979] [DEBUG] [SendPacket] WSASend 요청 성공 - 컨텍스트: ServerPong, 보낸 크기: 11, 클라이언트 ID: 1
[14:25:37.979] [INFO] [Packet] Pong 전송 - ClientId: 1
[14:25:38.978] [DEBUG] 데이터 수신: 11 바이트, 클라이언트 ID: 1
[14:25:38.978] [DEBUG] [ProcessPacket] Ping 수신, ClientId: 1
[14:25:38.979] [DEBUG] [SendPacket] WSASend 요청 성공 - 컨텍스트: ServerPong, 보낸 크기: 11, 클라이언트 ID: 1
[14:25:38.979] [INFO] [Packet] Pong 전송 - ClientId: 1
[14:25:39.976] [DEBUG] 데이터 수신: 11 바이트, 클라이언트 ID: 1
[14:25:39.977] [DEBUG] [ProcessPacket] Ping 수신, ClientId: 1
[14:25:39.977] [DEBUG] [SendPacket] WSASend 요청 성공 - 컨텍스트: ServerPong, 보낸 크기: 11, 클라이언트 ID: 1
[14:25:39.977] [INFO] [Packet] Pong 전송 - ClientId: 1
[14:25:40.976] [DEBUG] 데이터 수신: 11 바이트, 클라이언트 ID: 1
[14:25:40.977] [DEBUG] [ProcessPacket] Ping 수신, ClientId: 1
[14:25:40.977] [DEBUG] [SendPacket] WSASend 요청 성공 - 컨텍스트: ServerPong, 보낸 크기: 11, 클라이언트 ID: 1
[14:25:40.977] [INFO] [Packet] Pong 전송 - ClientId: 1
[14:25:41.977] [DEBUG] 데이터 수신: 11 바이트, 클라이언트 ID: 1
[14:25:41.978] [DEBUG] [ProcessPacket] Ping 수신, ClientId: 1
[14:25:41.979] [DEBUG] [SendPacket] WSASend 요청 성공 - 컨텍스트: ServerPong, 보낸 크기: 11, 클라이언트 ID: 1
[14:25:41.979] [INFO] [Packet] Pong 전송 - ClientId: 1
[14:25:42.978] [DEBUG] 데이터 수신: 11 바이트, 클라이언트 ID: 1
[14:25:42.979] [DEBUG] [ProcessPacket] Ping 수신, ClientId: 1
[14:25:42.979] [DEBUG] [SendPacket] WSASend 요청 성공 - 컨텍스트: ServerPong, 보낸 크기: 11, 클라이언트 ID: 1
[14:25:42.980] [INFO] [Packet] Pong 전송 - ClientId: 1
[14:25:43.978] [DEBUG] 데이터 수신: 11 바이트, 클라이언트 ID: 1
[14:25:43.978] [DEBUG] [ProcessPacket] Ping 수신, ClientId: 1
[14:25:43.979] [DEBUG] [SendPacket] WSASend 요청 성공 - 컨텍스트: ServerPong, 보낸 크기: 11, 클라이언트 ID: 1
[14:25:43.979] [INFO] [Packet] Pong 전송 - ClientId: 1
[14:25:44.979] [DEBUG] 데이터 수신: 11 바이트, 클라이언트 ID: 1
[14:25:44.980] [DEBUG] [ProcessPacket] Ping 수신, ClientId: 1
[14:25:44.980] [DEBUG] [SendPacket] WSASend 요청 성공 - 컨텍스트: ServerPong, 보낸 크기: 11, 클라이언트 ID: 1
[14:25:44.980] [INFO] [Packet] Pong 전송 - ClientId: 1
