[18:32:36.041] [INFO] 로깅 시스템 초기화됨
[18:32:36.042] [INFO] 서버 인스턴스 생성됨
[18:32:36.042] [INFO] 서버 초기화 시작 (포트: 9000)
[18:32:36.043] [INFO] 윈속 초기화 성공
[18:32:36.043] [INFO] 리스닝 소켓 생성 성공
[18:32:36.044] [INFO] 소켓 바인딩 성공 (포트: 9000)
[18:32:36.044] [INFO] 리스닝 시작됨
[18:32:36.044] [INFO] IOCP 생성 성공
[18:32:36.044] [INFO] CPU 코어 수: 16, 생성할 작업자 스레드: 16
[18:32:36.044] [INFO] 작업자 스레드 #1 생성됨
[18:32:36.045] [INFO] 작업자 스레드 시작 (ThreadID: 13656)
[18:32:36.045] [INFO] 작업자 스레드 #2 생성됨
[18:32:36.045] [INFO] 작업자 스레드 시작 (ThreadID: 30564)
[18:32:36.053] [INFO] 작업자 스레드 #3 생성됨
[18:32:36.053] [INFO] 작업자 스레드 시작 (ThreadID: 29776)
[18:32:36.054] [INFO] 작업자 스레드 #4 생성됨
[18:32:36.054] [INFO] 작업자 스레드 시작 (ThreadID: 28412)
[18:32:36.054] [INFO] 작업자 스레드 #5 생성됨
[18:32:36.054] [INFO] 작업자 스레드 시작 (ThreadID: 11192)
[18:32:36.054] [INFO] 작업자 스레드 #6 생성됨
[18:32:36.054] [INFO] 작업자 스레드 시작 (ThreadID: 8292)
[18:32:36.055] [INFO] 작업자 스레드 #7 생성됨
[18:32:36.055] [INFO] 작업자 스레드 시작 (ThreadID: 10016)
[18:32:36.055] [INFO] 작업자 스레드 #8 생성됨
[18:32:36.055] [INFO] 작업자 스레드 시작 (ThreadID: 28496)
[18:32:36.055] [INFO] 작업자 스레드 #9 생성됨
[18:32:36.056] [INFO] 작업자 스레드 시작 (ThreadID: 26808)
[18:32:36.056] [INFO] 작업자 스레드 #10 생성됨
[18:32:36.056] [INFO] 작업자 스레드 시작 (ThreadID: 29592)
[18:32:36.056] [INFO] 작업자 스레드 #11 생성됨
[18:32:36.056] [INFO] 작업자 스레드 시작 (ThreadID: 32132)
[18:32:36.057] [INFO] 작업자 스레드 #12 생성됨
[18:32:36.057] [INFO] 작업자 스레드 시작 (ThreadID: 16236)
[18:32:36.057] [INFO] 작업자 스레드 #13 생성됨
[18:32:36.057] [INFO] 작업자 스레드 시작 (ThreadID: 10640)
[18:32:36.057] [INFO] 작업자 스레드 #14 생성됨
[18:32:36.057] [INFO] 작업자 스레드 시작 (ThreadID: 6248)
[18:32:36.058] [INFO] 작업자 스레드 #15 생성됨
[18:32:36.058] [INFO] 작업자 스레드 시작 (ThreadID: 10400)
[18:32:36.058] [INFO] 작업자 스레드 #16 생성됨
[18:32:36.058] [INFO] 작업자 스레드 시작 (ThreadID: 5548)
[18:32:36.058] [INFO] 서버 초기화 완료
[18:32:36.058] [INFO] 서버 실행. 포트 번호: 9000
[18:32:36.059] [INFO] IOCP 멀티플레이어 서버 시작됨...
[18:32:36.059] [INFO] 서버 실행 시작
[18:32:42.200] [INFO] 클라이언트 연결됨: 127.0.0.1:10415 (ID: 1)
[18:32:42.201] [INFO] 새 클라이언트에게 ID 1 전송됨
[18:32:42.201] [INFO] 새 플레이어 정보(ID: 1) 브로드캐스트 - 수신자 수: 0
[18:32:42.201] [INFO] 기존 플레이어 정보 0개가 새 클라이언트(ID: 1)에게 전송됨
[18:32:42.202] [INFO] 서버 FPS: 0.324886, 평균 프레임 시간: 615.600037ms, 클라이언트 수: 1
[18:32:43.202] [DEBUG] 데이터 수신: 11 바이트, 클라이언트 ID: 1
[18:32:43.203] [DEBUG] [서버] PingPacket 수신 - ClientId: 1
[18:32:44.203] [DEBUG] 데이터 수신: 11 바이트, 클라이언트 ID: 1
[18:32:44.203] [DEBUG] [서버] PingPacket 수신 - ClientId: 1
[18:32:45.211] [DEBUG] 데이터 수신: 11 바이트, 클라이언트 ID: 1
[18:32:45.211] [DEBUG] [서버] PingPacket 수신 - ClientId: 1
[18:32:46.211] [DEBUG] 데이터 수신: 11 바이트, 클라이언트 ID: 1
[18:32:46.211] [DEBUG] [서버] PingPacket 수신 - ClientId: 1
[18:32:47.210] [DEBUG] 데이터 수신: 11 바이트, 클라이언트 ID: 1
[18:32:47.211] [DEBUG] [서버] PingPacket 수신 - ClientId: 1
[18:32:48.211] [DEBUG] 데이터 수신: 11 바이트, 클라이언트 ID: 1
[18:32:48.212] [DEBUG] [서버] PingPacket 수신 - ClientId: 1
[18:32:49.214] [DEBUG] 데이터 수신: 11 바이트, 클라이언트 ID: 1
[18:32:49.214] [DEBUG] [서버] PingPacket 수신 - ClientId: 1
[18:32:50.217] [DEBUG] 데이터 수신: 11 바이트, 클라이언트 ID: 1
[18:32:50.217] [DEBUG] [서버] PingPacket 수신 - ClientId: 1
[18:32:51.219] [DEBUG] 데이터 수신: 11 바이트, 클라이언트 ID: 1
[18:32:51.219] [DEBUG] [서버] PingPacket 수신 - ClientId: 1
[18:32:52.218] [DEBUG] 데이터 수신: 11 바이트, 클라이언트 ID: 1
[18:32:52.218] [DEBUG] [서버] PingPacket 수신 - ClientId: 1
[18:32:53.218] [DEBUG] 데이터 수신: 11 바이트, 클라이언트 ID: 1
[18:32:53.218] [DEBUG] [서버] PingPacket 수신 - ClientId: 1
[18:32:54.220] [DEBUG] 데이터 수신: 11 바이트, 클라이언트 ID: 1
[18:32:54.220] [DEBUG] [서버] PingPacket 수신 - ClientId: 1
[18:32:55.221] [DEBUG] 데이터 수신: 11 바이트, 클라이언트 ID: 1
[18:32:55.221] [DEBUG] [서버] PingPacket 수신 - ClientId: 1
[18:32:56.223] [DEBUG] 데이터 수신: 11 바이트, 클라이언트 ID: 1
[18:32:56.223] [DEBUG] [서버] PingPacket 수신 - ClientId: 1
[18:32:57.224] [DEBUG] 데이터 수신: 11 바이트, 클라이언트 ID: 1
[18:32:57.225] [DEBUG] [서버] PingPacket 수신 - ClientId: 1
[18:32:58.225] [DEBUG] 데이터 수신: 11 바이트, 클라이언트 ID: 1
[18:32:58.225] [DEBUG] [서버] PingPacket 수신 - ClientId: 1
[18:32:59.225] [DEBUG] 데이터 수신: 11 바이트, 클라이언트 ID: 1
[18:32:59.225] [DEBUG] [서버] PingPacket 수신 - ClientId: 1
[18:33:00.232] [DEBUG] 데이터 수신: 11 바이트, 클라이언트 ID: 1
[18:33:00.232] [DEBUG] [서버] PingPacket 수신 - ClientId: 1
