[17:56:51.964] [INFO] 로깅 시스템 초기화됨
[17:56:51.964] [INFO] 서버 인스턴스 생성됨
[17:56:51.965] [INFO] 서버 초기화 시작 (포트: 9000)
[17:56:51.966] [INFO] 윈속 초기화 성공
[17:56:51.966] [INFO] 리스닝 소켓 생성 성공
[17:56:51.967] [INFO] 소켓 바인딩 성공 (포트: 9000)
[17:56:51.967] [INFO] 리스닝 시작됨
[17:56:51.967] [INFO] IOCP 생성 성공
[17:56:51.967] [INFO] CPU 코어 수: 16, 생성할 작업자 스레드: 16
[17:56:51.967] [INFO] 작업자 스레드 #1 생성됨
[17:56:51.968] [INFO] 작업자 스레드 시작 (ThreadID: 32744)
[17:56:51.968] [INFO] 작업자 스레드 #2 생성됨
[17:56:51.968] [INFO] 작업자 스레드 시작 (ThreadID: 10712)
[17:56:51.977] [INFO] 작업자 스레드 #3 생성됨
[17:56:51.977] [INFO] 작업자 스레드 시작 (ThreadID: 20616)
[17:56:51.978] [INFO] 작업자 스레드 #4 생성됨
[17:56:51.978] [INFO] 작업자 스레드 시작 (ThreadID: 24868)
[17:56:51.978] [INFO] 작업자 스레드 #5 생성됨
[17:56:51.978] [INFO] 작업자 스레드 시작 (ThreadID: 9340)
[17:56:51.978] [INFO] 작업자 스레드 #6 생성됨
[17:56:51.978] [INFO] 작업자 스레드 시작 (ThreadID: 30564)
[17:56:51.979] [INFO] 작업자 스레드 #7 생성됨
[17:56:51.979] [INFO] 작업자 스레드 시작 (ThreadID: 2092)
[17:56:51.979] [INFO] 작업자 스레드 #8 생성됨
[17:56:51.979] [INFO] 작업자 스레드 시작 (ThreadID: 10016)
[17:56:51.979] [INFO] 작업자 스레드 #9 생성됨
[17:56:51.980] [INFO] 작업자 스레드 시작 (ThreadID: 19036)
[17:56:51.980] [INFO] 작업자 스레드 #10 생성됨
[17:56:51.980] [INFO] 작업자 스레드 시작 (ThreadID: 32416)
[17:56:51.980] [INFO] 작업자 스레드 #11 생성됨
[17:56:51.980] [INFO] 작업자 스레드 시작 (ThreadID: 21120)
[17:56:51.981] [INFO] 작업자 스레드 #12 생성됨
[17:56:51.981] [INFO] 작업자 스레드 시작 (ThreadID: 1904)
[17:56:51.981] [INFO] 작업자 스레드 #13 생성됨
[17:56:51.981] [INFO] 작업자 스레드 시작 (ThreadID: 33640)
[17:56:51.981] [INFO] 작업자 스레드 #14 생성됨
[17:56:51.981] [INFO] 작업자 스레드 시작 (ThreadID: 24508)
[17:56:51.982] [INFO] 작업자 스레드 #15 생성됨
[17:56:51.982] [INFO] 작업자 스레드 시작 (ThreadID: 7396)
[17:56:51.982] [INFO] 작업자 스레드 #16 생성됨
[17:56:51.982] [INFO] 작업자 스레드 시작 (ThreadID: 4488)
[17:56:51.982] [INFO] 서버 초기화 완료
[17:56:51.982] [INFO] 서버 실행. 포트 번호: 9000
[17:56:51.983] [INFO] IOCP 멀티플레이어 서버 시작됨...
[17:56:51.983] [INFO] 서버 실행 시작
[17:56:57.769] [INFO] 클라이언트 연결됨: 127.0.0.1:10245 (ID: 1)
[17:56:57.769] [INFO] 새 클라이언트에게 ID 1 전송됨
[17:56:57.770] [INFO] 새 플레이어 정보(ID: 1) 브로드캐스트 - 수신자 수: 0
[17:56:57.770] [INFO] 새 클라이언트에게 ID 1 전송됨, 초기 위치: X=0.000000, Y=0.000000, Z=90.000000
[17:56:57.770] [INFO] 기존 플레이어 정보 0개가 새 클라이언트(ID: 1)에게 전송됨
[17:56:57.770] [INFO] 서버 FPS: 0.345901, 평균 프레임 시간: 578.200012ms, 클라이언트 수: 1
[17:56:57.771] [INFO] 클라이언트 연결됨: 127.0.0.1:10246 (ID: 2)
[17:56:57.771] [INFO] 새 클라이언트에게 ID 2 전송됨
[17:56:57.771] [INFO] 새 플레이어 정보(ID: 2) 브로드캐스트 - 수신자 수: 1
[17:56:57.771] [INFO] 새 클라이언트에게 ID 2 전송됨, 초기 위치: X=300.000000, Y=0.000000, Z=90.000000
[17:56:57.771] [INFO] 기존 플레이어 정보 1개가 새 클라이언트(ID: 2)에게 전송됨
[17:56:57.771] [WARNING] 비정상적으로 긴 델타 타임: 5.782000초
[17:56:57.780] [DEBUG] 데이터 수신: 21 바이트, 클라이언트 ID: 1
[17:56:57.780] [DEBUG] 입력 패킷 수신 - 클라이언트 ID: 1, Forward: 0.000000, Right: 0.000000, Jump: false, Attack: false
[17:56:57.780] [DEBUG] 데이터 수신: 21 바이트, 클라이언트 ID: 2
[17:56:57.780] [DEBUG] 입력 패킷 수신 - 클라이언트 ID: 2, Forward: 0.000000, Right: 0.000000, Jump: false, Attack: false
[17:56:57.791] [DEBUG] 데이터 수신: 21 바이트, 클라이언트 ID: 1
[17:56:57.792] [DEBUG] 입력 패킷 수신 - 클라이언트 ID: 1, Forward: 0.000000, Right: 0.000000, Jump: false, Attack: false
[17:56:57.792] [DEBUG] 데이터 수신: 21 바이트, 클라이언트 ID: 2
[17:56:57.792] [DEBUG] 입력 패킷 수신 - 클라이언트 ID: 2, Forward: 0.000000, Right: 0.000000, Jump: false, Attack: false
[17:56:57.803] [DEBUG] 데이터 수신: 21 바이트, 클라이언트 ID: 1
[17:56:57.803] [DEBUG] 입력 패킷 수신 - 클라이언트 ID: 1, Forward: 0.000000, Right: 0.000000, Jump: false, Attack: false
[17:56:57.803] [DEBUG] 데이터 수신: 21 바이트, 클라이언트 ID: 2
[17:56:57.803] [DEBUG] 입력 패킷 수신 - 클라이언트 ID: 2, Forward: 0.000000, Right: 0.000000, Jump: false, Attack: false
[17:56:57.812] [DEBUG] 데이터 수신: 21 바이트, 클라이언트 ID: 1
[17:56:57.813] [DEBUG] 입력 패킷 수신 - 클라이언트 ID: 1, Forward: 0.000000, Right: 0.000000, Jump: false, Attack: false
[17:56:57.813] [DEBUG] 데이터 수신: 21 바이트, 클라이언트 ID: 2
[17:56:57.813] [DEBUG] 입력 패킷 수신 - 클라이언트 ID: 2, Forward: 0.000000, Right: 0.000000, Jump: false, Attack: false
[17:56:57.824] [DEBUG] 데이터 수신: 21 바이트, 클라이언트 ID: 1
[17:56:57.824] [DEBUG] 입력 패킷 수신 - 클라이언트 ID: 1, Forward: 0.000000, Right: 0.000000, Jump: false, Attack: false
[17:56:57.825] [DEBUG] 데이터 수신: 21 바이트, 클라이언트 ID: 2
[17:56:57.825] [DEBUG] 입력 패킷 수신 - 클라이언트 ID: 2, Forward: 0.000000, Right: 0.000000, Jump: false, Attack: false
[17:56:57.835] [DEBUG] 데이터 수신: 21 바이트, 클라이언트 ID: 1
[17:56:57.835] [DEBUG] 입력 패킷 수신 - 클라이언트 ID: 1, Forward: 0.000000, Right: 0.000000, Jump: false, Attack: false
[17:56:57.836] [DEBUG] 데이터 수신: 21 바이트, 클라이언트 ID: 2
[17:56:57.836] [DEBUG] 입력 패킷 수신 - 클라이언트 ID: 2, Forward: 0.000000, Right: 0.000000, Jump: false, Attack: false
[17:56:57.847] [DEBUG] 데이터 수신: 21 바이트, 클라이언트 ID: 1
[17:56:57.847] [DEBUG] 입력 패킷 수신 - 클라이언트 ID: 1, Forward: 0.000000, Right: 0.000000, Jump: false, Attack: false
[17:56:57.847] [DEBUG] 데이터 수신: 21 바이트, 클라이언트 ID: 2
[17:56:57.848] [DEBUG] 입력 패킷 수신 - 클라이언트 ID: 2, Forward: 0.000000, Right: 0.000000, Jump: false, Attack: false
[17:56:57.858] [DEBUG] 데이터 수신: 21 바이트, 클라이언트 ID: 1
[17:56:57.858] [DEBUG] 입력 패킷 수신 - 클라이언트 ID: 1, Forward: 0.000000, Right: 0.000000, Jump: false, Attack: false
[17:56:57.859] [DEBUG] 데이터 수신: 21 바이트, 클라이언트 ID: 2
[17:56:57.859] [DEBUG] 입력 패킷 수신 - 클라이언트 ID: 2, Forward: 0.000000, Right: 0.000000, Jump: false, Attack: false
[17:56:57.870] [DEBUG] 데이터 수신: 21 바이트, 클라이언트 ID: 1
[17:56:57.870] [DEBUG] 입력 패킷 수신 - 클라이언트 ID: 1, Forward: 0.000000, Right: 0.000000, Jump: false, Attack: false
[17:56:57.871] [DEBUG] 데이터 수신: 21 바이트, 클라이언트 ID: 2
[17:56:57.871] [DEBUG] 입력 패킷 수신 - 클라이언트 ID: 2, Forward: 0.000000, Right: 0.000000, Jump: false, Attack: false
[17:56:57.880] [DEBUG] 데이터 수신: 21 바이트, 클라이언트 ID: 1
[17:56:57.881] [DEBUG] 입력 패킷 수신 - 클라이언트 ID: 1, Forward: 0.000000, Right: 0.000000, Jump: false, Attack: false
[17:56:57.881] [DEBUG] 데이터 수신: 21 바이트, 클라이언트 ID: 2
[17:56:57.882] [DEBUG] 입력 패킷 수신 - 클라이언트 ID: 2, Forward: 0.000000, Right: 0.000000, Jump: false, Attack: false
[17:56:57.897] [DEBUG] 데이터 수신: 21 바이트, 클라이언트 ID: 1
[17:56:57.897] [DEBUG] 입력 패킷 수신 - 클라이언트 ID: 1, Forward: 0.000000, Right: 0.000000, Jump: false, Attack: false
[17:56:57.898] [DEBUG] 데이터 수신: 21 바이트, 클라이언트 ID: 2
[17:56:57.898] [DEBUG] 입력 패킷 수신 - 클라이언트 ID: 2, Forward: 0.000000, Right: 0.000000, Jump: false, Attack: false
[17:56:57.908] [DEBUG] 데이터 수신: 21 바이트, 클라이언트 ID: 1
[17:56:57.908] [DEBUG] 입력 패킷 수신 - 클라이언트 ID: 1, Forward: 0.000000, Right: 0.000000, Jump: false, Attack: false
[17:56:57.908] [DEBUG] 데이터 수신: 21 바이트, 클라이언트 ID: 2
[17:56:57.909] [DEBUG] 입력 패킷 수신 - 클라이언트 ID: 2, Forward: 0.000000, Right: 0.000000, Jump: false, Attack: false
[17:56:57.916] [DEBUG] 데이터 수신: 21 바이트, 클라이언트 ID: 1
[17:56:57.917] [DEBUG] 입력 패킷 수신 - 클라이언트 ID: 1, Forward: 0.000000, Right: 0.000000, Jump: false, Attack: false
[17:56:57.917] [DEBUG] 데이터 수신: 21 바이트, 클라이언트 ID: 2
[17:56:57.917] [DEBUG] 입력 패킷 수신 - 클라이언트 ID: 2, Forward: 0.000000, Right: 0.000000, Jump: false, Attack: false
[17:56:57.927] [DEBUG] 데이터 수신: 21 바이트, 클라이언트 ID: 1
[17:56:57.927] [DEBUG] 입력 패킷 수신 - 클라이언트 ID: 1, Forward: 0.000000, Right: 0.000000, Jump: false, Attack: false
[17:56:57.927] [DEBUG] 데이터 수신: 21 바이트, 클라이언트 ID: 2
[17:56:57.927] [DEBUG] 입력 패킷 수신 - 클라이언트 ID: 2, Forward: 0.000000, Right: 0.000000, Jump: false, Attack: false
[17:56:57.939] [DEBUG] 데이터 수신: 21 바이트, 클라이언트 ID: 1
[17:56:57.939] [DEBUG] 입력 패킷 수신 - 클라이언트 ID: 1, Forward: 0.000000, Right: 0.000000, Jump: false, Attack: false
[17:56:57.940] [DEBUG] 데이터 수신: 21 바이트, 클라이언트 ID: 2
[17:56:57.940] [DEBUG] 입력 패킷 수신 - 클라이언트 ID: 2, Forward: 0.000000, Right: 0.000000, Jump: false, Attack: false
[17:56:57.949] [DEBUG] 데이터 수신: 21 바이트, 클라이언트 ID: 1
[17:56:57.949] [DEBUG] 입력 패킷 수신 - 클라이언트 ID: 1, Forward: 0.000000, Right: 0.000000, Jump: false, Attack: false
[17:56:57.949] [DEBUG] 데이터 수신: 21 바이트, 클라이언트 ID: 2
[17:56:57.950] [DEBUG] 입력 패킷 수신 - 클라이언트 ID: 2, Forward: 0.000000, Right: 0.000000, Jump: false, Attack: false
[17:56:57.959] [DEBUG] 데이터 수신: 21 바이트, 클라이언트 ID: 1
[17:56:57.960] [DEBUG] 입력 패킷 수신 - 클라이언트 ID: 1, Forward: 0.000000, Right: 0.000000, Jump: false, Attack: false
[17:56:57.960] [DEBUG] 데이터 수신: 21 바이트, 클라이언트 ID: 2
[17:56:57.960] [DEBUG] 입력 패킷 수신 - 클라이언트 ID: 2, Forward: 0.000000, Right: 0.000000, Jump: false, Attack: false
[17:56:57.971] [DEBUG] 데이터 수신: 21 바이트, 클라이언트 ID: 1
[17:56:57.971] [DEBUG] 입력 패킷 수신 - 클라이언트 ID: 1, Forward: 0.000000, Right: 0.000000, Jump: false, Attack: false
[17:56:57.971] [DEBUG] 데이터 수신: 21 바이트, 클라이언트 ID: 2
[17:56:57.972] [DEBUG] 입력 패킷 수신 - 클라이언트 ID: 2, Forward: 0.000000, Right: 0.000000, Jump: false, Attack: false
[17:56:57.983] [DEBUG] 데이터 수신: 21 바이트, 클라이언트 ID: 1
[17:56:57.984] [DEBUG] 입력 패킷 수신 - 클라이언트 ID: 1, Forward: 0.000000, Right: 0.000000, Jump: false, Attack: false
[17:56:57.984] [DEBUG] 데이터 수신: 21 바이트, 클라이언트 ID: 2
[17:56:57.984] [DEBUG] 입력 패킷 수신 - 클라이언트 ID: 2, Forward: 0.000000, Right: 0.000000, Jump: false, Attack: false
[17:56:57.994] [DEBUG] 데이터 수신: 21 바이트, 클라이언트 ID: 1
[17:56:57.994] [DEBUG] 입력 패킷 수신 - 클라이언트 ID: 1, Forward: 0.000000, Right: 0.000000, Jump: false, Attack: false
[17:56:57.995] [DEBUG] 데이터 수신: 21 바이트, 클라이언트 ID: 2
[17:56:57.995] [DEBUG] 입력 패킷 수신 - 클라이언트 ID: 2, Forward: 0.000000, Right: 0.000000, Jump: false, Attack: false
[17:56:58.010] [DEBUG] 데이터 수신: 21 바이트, 클라이언트 ID: 1
[17:56:58.010] [DEBUG] 입력 패킷 수신 - 클라이언트 ID: 1, Forward: 0.000000, Right: 0.000000, Jump: false, Attack: false
[17:56:58.010] [DEBUG] 데이터 수신: 21 바이트, 클라이언트 ID: 2
[17:56:58.011] [DEBUG] 입력 패킷 수신 - 클라이언트 ID: 2, Forward: 0.000000, Right: 0.000000, Jump: false, Attack: false
[17:56:58.018] [DEBUG] 데이터 수신: 21 바이트, 클라이언트 ID: 1
[17:56:58.018] [DEBUG] 입력 패킷 수신 - 클라이언트 ID: 1, Forward: 0.000000, Right: 0.000000, Jump: false, Attack: false
[17:56:58.019] [DEBUG] 데이터 수신: 21 바이트, 클라이언트 ID: 2
[17:56:58.019] [DEBUG] 입력 패킷 수신 - 클라이언트 ID: 2, Forward: 0.000000, Right: 0.000000, Jump: false, Attack: false
[17:56:58.027] [DEBUG] 데이터 수신: 21 바이트, 클라이언트 ID: 1
[17:56:58.028] [DEBUG] 입력 패킷 수신 - 클라이언트 ID: 1, Forward: 0.000000, Right: 0.000000, Jump: false, Attack: false
[17:56:58.028] [DEBUG] 데이터 수신: 21 바이트, 클라이언트 ID: 2
[17:56:58.028] [DEBUG] 입력 패킷 수신 - 클라이언트 ID: 2, Forward: 0.000000, Right: 0.000000, Jump: false, Attack: false
[17:56:58.038] [DEBUG] 데이터 수신: 21 바이트, 클라이언트 ID: 1
[17:56:58.038] [DEBUG] 입력 패킷 수신 - 클라이언트 ID: 1, Forward: 0.000000, Right: 0.000000, Jump: false, Attack: false
[17:56:58.038] [DEBUG] 데이터 수신: 21 바이트, 클라이언트 ID: 2
[17:56:58.039] [DEBUG] 입력 패킷 수신 - 클라이언트 ID: 2, Forward: 0.000000, Right: 0.000000, Jump: false, Attack: false
[17:56:58.050] [DEBUG] 데이터 수신: 21 바이트, 클라이언트 ID: 1
[17:56:58.050] [DEBUG] 입력 패킷 수신 - 클라이언트 ID: 1, Forward: 0.000000, Right: 0.000000, Jump: false, Attack: false
[17:56:58.051] [DEBUG] 데이터 수신: 21 바이트, 클라이언트 ID: 2
[17:56:58.051] [DEBUG] 입력 패킷 수신 - 클라이언트 ID: 2, Forward: 0.000000, Right: 0.000000, Jump: false, Attack: false
[17:56:58.061] [DEBUG] 데이터 수신: 21 바이트, 클라이언트 ID: 1
[17:56:58.061] [DEBUG] 입력 패킷 수신 - 클라이언트 ID: 1, Forward: 0.000000, Right: 0.000000, Jump: false, Attack: false
[17:56:58.062] [DEBUG] 데이터 수신: 21 바이트, 클라이언트 ID: 2
[17:56:58.062] [DEBUG] 입력 패킷 수신 - 클라이언트 ID: 2, Forward: 0.000000, Right: 0.000000, Jump: false, Attack: false
[17:56:58.071] [DEBUG] 데이터 수신: 21 바이트, 클라이언트 ID: 1
[17:56:58.071] [DEBUG] 입력 패킷 수신 - 클라이언트 ID: 1, Forward: 0.000000, Right: 0.000000, Jump: false, Attack: false
[17:56:58.072] [DEBUG] 데이터 수신: 21 바이트, 클라이언트 ID: 2
[17:56:58.072] [DEBUG] 입력 패킷 수신 - 클라이언트 ID: 2, Forward: 0.000000, Right: 0.000000, Jump: false, Attack: false
[17:56:58.081] [DEBUG] 데이터 수신: 21 바이트, 클라이언트 ID: 1
[17:56:58.081] [DEBUG] 입력 패킷 수신 - 클라이언트 ID: 1, Forward: 0.000000, Right: 0.000000, Jump: false, Attack: false
[17:56:58.082] [DEBUG] 데이터 수신: 21 바이트, 클라이언트 ID: 2
[17:56:58.082] [DEBUG] 입력 패킷 수신 - 클라이언트 ID: 2, Forward: 0.000000, Right: 0.000000, Jump: false, Attack: false
[17:56:58.090] [DEBUG] 데이터 수신: 21 바이트, 클라이언트 ID: 1
[17:56:58.090] [DEBUG] 입력 패킷 수신 - 클라이언트 ID: 1, Forward: 0.000000, Right: 0.000000, Jump: false, Attack: false
[17:56:58.091] [DEBUG] 데이터 수신: 21 바이트, 클라이언트 ID: 2
[17:56:58.091] [DEBUG] 입력 패킷 수신 - 클라이언트 ID: 2, Forward: 0.000000, Right: 0.000000, Jump: false, Attack: false
[17:56:58.101] [DEBUG] 데이터 수신: 21 바이트, 클라이언트 ID: 1
[17:56:58.102] [DEBUG] 입력 패킷 수신 - 클라이언트 ID: 1, Forward: 0.000000, Right: 0.000000, Jump: false, Attack: false
[17:56:58.102] [DEBUG] 데이터 수신: 21 바이트, 클라이언트 ID: 2
[17:56:58.102] [DEBUG] 입력 패킷 수신 - 클라이언트 ID: 2, Forward: 0.000000, Right: 0.000000, Jump: false, Attack: false
[17:56:58.112] [DEBUG] 데이터 수신: 21 바이트, 클라이언트 ID: 1
[17:56:58.112] [DEBUG] 입력 패킷 수신 - 클라이언트 ID: 1, Forward: 0.000000, Right: 0.000000, Jump: false, Attack: false
[17:56:58.112] [DEBUG] 데이터 수신: 21 바이트, 클라이언트 ID: 2
[17:56:58.113] [DEBUG] 입력 패킷 수신 - 클라이언트 ID: 2, Forward: 0.000000, Right: 0.000000, Jump: false, Attack: false
[17:56:58.123] [DEBUG] 데이터 수신: 21 바이트, 클라이언트 ID: 1
[17:56:58.123] [DEBUG] 입력 패킷 수신 - 클라이언트 ID: 1, Forward: 0.000000, Right: 0.000000, Jump: false, Attack: false
[17:56:58.123] [DEBUG] 데이터 수신: 21 바이트, 클라이언트 ID: 2
[17:56:58.124] [DEBUG] 입력 패킷 수신 - 클라이언트 ID: 2, Forward: 0.000000, Right: 0.000000, Jump: false, Attack: false
[17:56:58.134] [DEBUG] 데이터 수신: 21 바이트, 클라이언트 ID: 1
[17:56:58.134] [DEBUG] 입력 패킷 수신 - 클라이언트 ID: 1, Forward: 0.000000, Right: 0.000000, Jump: false, Attack: false
[17:56:58.135] [DEBUG] 데이터 수신: 21 바이트, 클라이언트 ID: 2
[17:56:58.135] [DEBUG] 입력 패킷 수신 - 클라이언트 ID: 2, Forward: 0.000000, Right: 0.000000, Jump: false, Attack: false
[17:56:58.144] [DEBUG] 데이터 수신: 21 바이트, 클라이언트 ID: 1
[17:56:58.144] [DEBUG] 입력 패킷 수신 - 클라이언트 ID: 1, Forward: 0.000000, Right: 0.000000, Jump: false, Attack: false
[17:56:58.144] [DEBUG] 데이터 수신: 21 바이트, 클라이언트 ID: 2
[17:56:58.145] [DEBUG] 입력 패킷 수신 - 클라이언트 ID: 2, Forward: 0.000000, Right: 0.000000, Jump: false, Attack: false
[17:56:58.157] [DEBUG] 데이터 수신: 21 바이트, 클라이언트 ID: 1
[17:56:58.157] [DEBUG] 입력 패킷 수신 - 클라이언트 ID: 1, Forward: 0.000000, Right: 0.000000, Jump: false, Attack: false
[17:56:58.157] [DEBUG] 데이터 수신: 21 바이트, 클라이언트 ID: 2
[17:56:58.157] [DEBUG] 입력 패킷 수신 - 클라이언트 ID: 2, Forward: 0.000000, Right: 0.000000, Jump: false, Attack: false
[17:56:58.171] [DEBUG] 데이터 수신: 21 바이트, 클라이언트 ID: 1
[17:56:58.171] [DEBUG] 데이터 수신: 21 바이트, 클라이언트 ID: 2
[17:56:58.172] [DEBUG] 입력 패킷 수신 - 클라이언트 ID: 1, Forward: 0.000000, Right: 0.000000, Jump: false, Attack: false
[17:56:58.172] [DEBUG] 입력 패킷 수신 - 클라이언트 ID: 2, Forward: 0.000000, Right: 0.000000, Jump: false, Attack: false
[17:56:58.180] [DEBUG] 데이터 수신: 21 바이트, 클라이언트 ID: 1
[17:56:58.180] [DEBUG] 입력 패킷 수신 - 클라이언트 ID: 1, Forward: 0.000000, Right: 0.000000, Jump: false, Attack: false
[17:56:58.180] [DEBUG] 데이터 수신: 21 바이트, 클라이언트 ID: 2
[17:56:58.181] [DEBUG] 입력 패킷 수신 - 클라이언트 ID: 2, Forward: 0.000000, Right: 0.000000, Jump: false, Attack: false
[17:56:58.188] [DEBUG] 데이터 수신: 21 바이트, 클라이언트 ID: 1
[17:56:58.189] [DEBUG] 입력 패킷 수신 - 클라이언트 ID: 1, Forward: 0.000000, Right: 0.000000, Jump: false, Attack: false
[17:56:58.189] [DEBUG] 데이터 수신: 21 바이트, 클라이언트 ID: 2
[17:56:58.189] [DEBUG] 입력 패킷 수신 - 클라이언트 ID: 2, Forward: 0.000000, Right: 0.000000, Jump: false, Attack: false
[17:56:58.201] [DEBUG] 데이터 수신: 21 바이트, 클라이언트 ID: 1
[17:56:58.202] [DEBUG] 입력 패킷 수신 - 클라이언트 ID: 1, Forward: 0.000000, Right: 0.000000, Jump: false, Attack: false
[17:56:58.202] [DEBUG] 데이터 수신: 21 바이트, 클라이언트 ID: 2
[17:56:58.202] [DEBUG] 입력 패킷 수신 - 클라이언트 ID: 2, Forward: 0.000000, Right: 0.000000, Jump: false, Attack: false
[17:56:58.210] [DEBUG] 데이터 수신: 21 바이트, 클라이언트 ID: 1
[17:56:58.210] [DEBUG] 입력 패킷 수신 - 클라이언트 ID: 1, Forward: 0.000000, Right: 0.000000, Jump: false, Attack: false
[17:56:58.211] [DEBUG] 데이터 수신: 21 바이트, 클라이언트 ID: 2
[17:56:58.211] [DEBUG] 입력 패킷 수신 - 클라이언트 ID: 2, Forward: 0.000000, Right: 0.000000, Jump: false, Attack: false
[17:56:58.221] [DEBUG] 데이터 수신: 21 바이트, 클라이언트 ID: 1
[17:56:58.221] [DEBUG] 입력 패킷 수신 - 클라이언트 ID: 1, Forward: 0.000000, Right: 0.000000, Jump: false, Attack: false
[17:56:58.221] [DEBUG] 데이터 수신: 21 바이트, 클라이언트 ID: 2
[17:56:58.222] [DEBUG] 입력 패킷 수신 - 클라이언트 ID: 2, Forward: 0.000000, Right: 0.000000, Jump: false, Attack: false
[17:56:58.231] [DEBUG] 데이터 수신: 21 바이트, 클라이언트 ID: 1
[17:56:58.231] [DEBUG] 입력 패킷 수신 - 클라이언트 ID: 1, Forward: 0.000000, Right: 0.000000, Jump: false, Attack: false
[17:56:58.231] [DEBUG] 데이터 수신: 21 바이트, 클라이언트 ID: 2
[17:56:58.232] [DEBUG] 입력 패킷 수신 - 클라이언트 ID: 2, Forward: 0.000000, Right: 0.000000, Jump: false, Attack: false
[17:56:58.243] [DEBUG] 데이터 수신: 21 바이트, 클라이언트 ID: 1
[17:56:58.244] [DEBUG] 입력 패킷 수신 - 클라이언트 ID: 1, Forward: 0.000000, Right: 0.000000, Jump: false, Attack: false
[17:56:58.244] [DEBUG] 데이터 수신: 21 바이트, 클라이언트 ID: 2
[17:56:58.244] [DEBUG] 입력 패킷 수신 - 클라이언트 ID: 2, Forward: 0.000000, Right: 0.000000, Jump: false, Attack: false
[17:56:58.252] [DEBUG] 데이터 수신: 21 바이트, 클라이언트 ID: 1
[17:56:58.253] [DEBUG] 입력 패킷 수신 - 클라이언트 ID: 1, Forward: 0.000000, Right: 0.000000, Jump: false, Attack: false
[17:56:58.253] [DEBUG] 데이터 수신: 21 바이트, 클라이언트 ID: 2
[17:56:58.253] [DEBUG] 입력 패킷 수신 - 클라이언트 ID: 2, Forward: 0.000000, Right: 0.000000, Jump: false, Attack: false
[17:56:58.264] [DEBUG] 데이터 수신: 21 바이트, 클라이언트 ID: 1
[17:56:58.264] [DEBUG] 입력 패킷 수신 - 클라이언트 ID: 1, Forward: 0.000000, Right: 0.000000, Jump: false, Attack: false
[17:56:58.264] [DEBUG] 데이터 수신: 21 바이트, 클라이언트 ID: 2
[17:56:58.265] [DEBUG] 입력 패킷 수신 - 클라이언트 ID: 2, Forward: 0.000000, Right: 0.000000, Jump: false, Attack: false
[17:56:58.276] [DEBUG] 데이터 수신: 21 바이트, 클라이언트 ID: 1
[17:56:58.276] [DEBUG] 입력 패킷 수신 - 클라이언트 ID: 1, Forward: 0.000000, Right: 0.000000, Jump: false, Attack: false
[17:56:58.276] [DEBUG] 데이터 수신: 21 바이트, 클라이언트 ID: 2
[17:56:58.276] [DEBUG] 입력 패킷 수신 - 클라이언트 ID: 2, Forward: 0.000000, Right: 0.000000, Jump: false, Attack: false
[17:56:58.286] [DEBUG] 데이터 수신: 21 바이트, 클라이언트 ID: 1
[17:56:58.286] [DEBUG] 입력 패킷 수신 - 클라이언트 ID: 1, Forward: 0.000000, Right: 0.000000, Jump: false, Attack: false
[17:56:58.286] [DEBUG] 데이터 수신: 21 바이트, 클라이언트 ID: 2
[17:56:58.286] [DEBUG] 입력 패킷 수신 - 클라이언트 ID: 2, Forward: 0.000000, Right: 0.000000, Jump: false, Attack: false
[17:56:58.295] [DEBUG] 데이터 수신: 21 바이트, 클라이언트 ID: 1
[17:56:58.295] [DEBUG] 입력 패킷 수신 - 클라이언트 ID: 1, Forward: 0.000000, Right: 0.000000, Jump: false, Attack: false
[17:56:58.296] [DEBUG] 데이터 수신: 21 바이트, 클라이언트 ID: 2
[17:56:58.296] [DEBUG] 입력 패킷 수신 - 클라이언트 ID: 2, Forward: 0.000000, Right: 0.000000, Jump: false, Attack: false
[17:56:58.306] [DEBUG] 데이터 수신: 21 바이트, 클라이언트 ID: 1
[17:56:58.306] [DEBUG] 입력 패킷 수신 - 클라이언트 ID: 1, Forward: 0.000000, Right: 0.000000, Jump: false, Attack: false
[17:56:58.306] [DEBUG] 데이터 수신: 21 바이트, 클라이언트 ID: 2
[17:56:58.307] [DEBUG] 입력 패킷 수신 - 클라이언트 ID: 2, Forward: 0.000000, Right: 0.000000, Jump: false, Attack: false
[17:56:58.317] [DEBUG] 데이터 수신: 21 바이트, 클라이언트 ID: 1
[17:56:58.317] [DEBUG] 입력 패킷 수신 - 클라이언트 ID: 1, Forward: 0.000000, Right: 0.000000, Jump: false, Attack: false
[17:56:58.317] [DEBUG] 데이터 수신: 21 바이트, 클라이언트 ID: 2
[17:56:58.318] [DEBUG] 입력 패킷 수신 - 클라이언트 ID: 2, Forward: 0.000000, Right: 0.000000, Jump: false, Attack: false
[17:56:58.329] [DEBUG] 데이터 수신: 21 바이트, 클라이언트 ID: 1
[17:56:58.329] [DEBUG] 입력 패킷 수신 - 클라이언트 ID: 1, Forward: 0.000000, Right: 0.000000, Jump: false, Attack: false
[17:56:58.329] [DEBUG] 데이터 수신: 21 바이트, 클라이언트 ID: 2
[17:56:58.330] [DEBUG] 입력 패킷 수신 - 클라이언트 ID: 2, Forward: 0.000000, Right: 0.000000, Jump: false, Attack: false
[17:56:58.337] [DEBUG] 데이터 수신: 21 바이트, 클라이언트 ID: 1
[17:56:58.338] [DEBUG] 입력 패킷 수신 - 클라이언트 ID: 1, Forward: 0.000000, Right: 0.000000, Jump: false, Attack: false
[17:56:58.338] [DEBUG] 데이터 수신: 21 바이트, 클라이언트 ID: 2
[17:56:58.338] [DEBUG] 입력 패킷 수신 - 클라이언트 ID: 2, Forward: 0.000000, Right: 0.000000, Jump: false, Attack: false
[17:56:58.348] [DEBUG] 데이터 수신: 21 바이트, 클라이언트 ID: 1
[17:56:58.349] [DEBUG] 입력 패킷 수신 - 클라이언트 ID: 1, Forward: 0.000000, Right: 0.000000, Jump: false, Attack: false
[17:56:58.349] [DEBUG] 데이터 수신: 21 바이트, 클라이언트 ID: 2
[17:56:58.349] [DEBUG] 입력 패킷 수신 - 클라이언트 ID: 2, Forward: 0.000000, Right: 0.000000, Jump: false, Attack: false
[17:56:58.358] [DEBUG] 데이터 수신: 21 바이트, 클라이언트 ID: 1
[17:56:58.359] [DEBUG] 입력 패킷 수신 - 클라이언트 ID: 1, Forward: 0.000000, Right: 0.000000, Jump: false, Attack: false
[17:56:58.359] [DEBUG] 데이터 수신: 21 바이트, 클라이언트 ID: 2
[17:56:58.359] [DEBUG] 입력 패킷 수신 - 클라이언트 ID: 2, Forward: 0.000000, Right: 0.000000, Jump: false, Attack: false
[17:56:58.369] [DEBUG] 데이터 수신: 21 바이트, 클라이언트 ID: 1
[17:56:58.369] [DEBUG] 입력 패킷 수신 - 클라이언트 ID: 1, Forward: 0.000000, Right: 0.000000, Jump: false, Attack: false
[17:56:58.370] [DEBUG] 데이터 수신: 21 바이트, 클라이언트 ID: 2
[17:56:58.370] [DEBUG] 입력 패킷 수신 - 클라이언트 ID: 2, Forward: 0.000000, Right: 0.000000, Jump: false, Attack: false
[17:56:58.385] [DEBUG] 데이터 수신: 21 바이트, 클라이언트 ID: 1
[17:56:58.386] [DEBUG] 입력 패킷 수신 - 클라이언트 ID: 1, Forward: 0.000000, Right: 0.000000, Jump: false, Attack: false
[17:56:58.386] [DEBUG] 데이터 수신: 21 바이트, 클라이언트 ID: 2
[17:56:58.386] [DEBUG] 입력 패킷 수신 - 클라이언트 ID: 2, Forward: 0.000000, Right: 0.000000, Jump: false, Attack: false
[17:56:58.396] [DEBUG] 데이터 수신: 21 바이트, 클라이언트 ID: 1
[17:56:58.396] [DEBUG] 입력 패킷 수신 - 클라이언트 ID: 1, Forward: 0.000000, Right: 0.000000, Jump: false, Attack: false
[17:56:58.397] [DEBUG] 데이터 수신: 21 바이트, 클라이언트 ID: 2
[17:56:58.397] [DEBUG] 입력 패킷 수신 - 클라이언트 ID: 2, Forward: 0.000000, Right: 0.000000, Jump: false, Attack: false
[17:56:58.404] [DEBUG] 데이터 수신: 21 바이트, 클라이언트 ID: 1
[17:56:58.404] [DEBUG] 입력 패킷 수신 - 클라이언트 ID: 1, Forward: 0.000000, Right: 0.000000, Jump: false, Attack: false
[17:56:58.405] [DEBUG] 데이터 수신: 21 바이트, 클라이언트 ID: 2
[17:56:58.405] [DEBUG] 입력 패킷 수신 - 클라이언트 ID: 2, Forward: 0.000000, Right: 0.000000, Jump: false, Attack: false
[17:56:58.413] [DEBUG] 데이터 수신: 21 바이트, 클라이언트 ID: 1
[17:56:58.413] [DEBUG] 입력 패킷 수신 - 클라이언트 ID: 1, Forward: 0.000000, Right: 0.000000, Jump: false, Attack: false
[17:56:58.413] [DEBUG] 데이터 수신: 21 바이트, 클라이언트 ID: 2
[17:56:58.413] [DEBUG] 입력 패킷 수신 - 클라이언트 ID: 2, Forward: 0.000000, Right: 0.000000, Jump: false, Attack: false
[17:56:58.423] [DEBUG] 데이터 수신: 21 바이트, 클라이언트 ID: 1
[17:56:58.424] [DEBUG] 입력 패킷 수신 - 클라이언트 ID: 1, Forward: 0.000000, Right: 0.000000, Jump: false, Attack: false
[17:56:58.424] [DEBUG] 데이터 수신: 21 바이트, 클라이언트 ID: 2
[17:56:58.424] [DEBUG] 입력 패킷 수신 - 클라이언트 ID: 2, Forward: 0.000000, Right: 0.000000, Jump: false, Attack: false
[17:56:58.433] [DEBUG] 데이터 수신: 21 바이트, 클라이언트 ID: 1
[17:56:58.434] [DEBUG] 입력 패킷 수신 - 클라이언트 ID: 1, Forward: 0.000000, Right: 0.000000, Jump: false, Attack: false
[17:56:58.434] [DEBUG] 데이터 수신: 21 바이트, 클라이언트 ID: 2
[17:56:58.434] [DEBUG] 입력 패킷 수신 - 클라이언트 ID: 2, Forward: 0.000000, Right: 0.000000, Jump: false, Attack: false
[17:56:58.444] [DEBUG] 데이터 수신: 21 바이트, 클라이언트 ID: 1
[17:56:58.445] [DEBUG] 입력 패킷 수신 - 클라이언트 ID: 1, Forward: 0.000000, Right: 0.000000, Jump: false, Attack: false
[17:56:58.445] [DEBUG] 데이터 수신: 21 바이트, 클라이언트 ID: 2
[17:56:58.445] [DEBUG] 입력 패킷 수신 - 클라이언트 ID: 2, Forward: 0.000000, Right: 0.000000, Jump: false, Attack: false
[17:56:58.454] [DEBUG] 데이터 수신: 21 바이트, 클라이언트 ID: 1
[17:56:58.455] [DEBUG] 입력 패킷 수신 - 클라이언트 ID: 1, Forward: 0.000000, Right: 0.000000, Jump: false, Attack: false
[17:56:58.455] [DEBUG] 데이터 수신: 21 바이트, 클라이언트 ID: 2
[17:56:58.455] [DEBUG] 입력 패킷 수신 - 클라이언트 ID: 2, Forward: 0.000000, Right: 0.000000, Jump: false, Attack: false
[17:56:58.466] [DEBUG] 데이터 수신: 21 바이트, 클라이언트 ID: 1
[17:56:58.467] [DEBUG] 입력 패킷 수신 - 클라이언트 ID: 1, Forward: 0.000000, Right: 0.000000, Jump: false, Attack: false
[17:56:58.467] [DEBUG] 데이터 수신: 21 바이트, 클라이언트 ID: 2
[17:56:58.467] [DEBUG] 입력 패킷 수신 - 클라이언트 ID: 2, Forward: 0.000000, Right: 0.000000, Jump: false, Attack: false
[17:56:58.477] [DEBUG] 데이터 수신: 21 바이트, 클라이언트 ID: 1
[17:56:58.477] [DEBUG] 입력 패킷 수신 - 클라이언트 ID: 1, Forward: 0.000000, Right: 0.000000, Jump: false, Attack: false
[17:56:58.477] [DEBUG] 데이터 수신: 21 바이트, 클라이언트 ID: 2
[17:56:58.478] [DEBUG] 입력 패킷 수신 - 클라이언트 ID: 2, Forward: 0.000000, Right: 0.000000, Jump: false, Attack: false
[17:56:58.488] [DEBUG] 데이터 수신: 21 바이트, 클라이언트 ID: 1
[17:56:58.488] [DEBUG] 입력 패킷 수신 - 클라이언트 ID: 1, Forward: 0.000000, Right: 0.000000, Jump: false, Attack: false
[17:56:58.488] [DEBUG] 데이터 수신: 21 바이트, 클라이언트 ID: 2
[17:56:58.489] [DEBUG] 입력 패킷 수신 - 클라이언트 ID: 2, Forward: 0.000000, Right: 0.000000, Jump: false, Attack: false
[17:56:58.498] [DEBUG] 데이터 수신: 21 바이트, 클라이언트 ID: 1
[17:56:58.498] [DEBUG] 입력 패킷 수신 - 클라이언트 ID: 1, Forward: 0.000000, Right: 0.000000, Jump: false, Attack: false
[17:56:58.499] [DEBUG] 데이터 수신: 21 바이트, 클라이언트 ID: 2
[17:56:58.499] [DEBUG] 입력 패킷 수신 - 클라이언트 ID: 2, Forward: 0.000000, Right: 0.000000, Jump: false, Attack: false
[17:56:58.507] [DEBUG] 데이터 수신: 21 바이트, 클라이언트 ID: 1
[17:56:58.507] [DEBUG] 입력 패킷 수신 - 클라이언트 ID: 1, Forward: 0.000000, Right: 0.000000, Jump: false, Attack: false
[17:56:58.508] [DEBUG] 데이터 수신: 21 바이트, 클라이언트 ID: 2
[17:56:58.508] [DEBUG] 입력 패킷 수신 - 클라이언트 ID: 2, Forward: 0.000000, Right: 0.000000, Jump: false, Attack: false
[17:56:58.518] [DEBUG] 데이터 수신: 21 바이트, 클라이언트 ID: 1
[17:56:58.518] [DEBUG] 입력 패킷 수신 - 클라이언트 ID: 1, Forward: 0.000000, Right: 0.000000, Jump: false, Attack: false
[17:56:58.518] [DEBUG] 데이터 수신: 21 바이트, 클라이언트 ID: 2
[17:56:58.519] [DEBUG] 입력 패킷 수신 - 클라이언트 ID: 2, Forward: 0.000000, Right: 0.000000, Jump: false, Attack: false
[17:56:58.535] [DEBUG] 데이터 수신: 21 바이트, 클라이언트 ID: 1
[17:56:58.535] [DEBUG] 입력 패킷 수신 - 클라이언트 ID: 1, Forward: 0.000000, Right: 0.000000, Jump: false, Attack: false
[17:56:58.536] [DEBUG] 데이터 수신: 21 바이트, 클라이언트 ID: 2
[17:56:58.536] [DEBUG] 입력 패킷 수신 - 클라이언트 ID: 2, Forward: 0.000000, Right: 0.000000, Jump: false, Attack: false
[17:56:58.544] [DEBUG] 데이터 수신: 21 바이트, 클라이언트 ID: 1
[17:56:58.544] [DEBUG] 입력 패킷 수신 - 클라이언트 ID: 1, Forward: 0.000000, Right: 0.000000, Jump: false, Attack: false
[17:56:58.544] [DEBUG] 데이터 수신: 21 바이트, 클라이언트 ID: 2
[17:56:58.545] [DEBUG] 입력 패킷 수신 - 클라이언트 ID: 2, Forward: 0.000000, Right: 0.000000, Jump: false, Attack: false
[17:56:58.553] [DEBUG] 데이터 수신: 21 바이트, 클라이언트 ID: 1
[17:56:58.553] [DEBUG] 입력 패킷 수신 - 클라이언트 ID: 1, Forward: 0.000000, Right: 0.000000, Jump: false, Attack: false
[17:56:58.554] [DEBUG] 데이터 수신: 21 바이트, 클라이언트 ID: 2
[17:56:58.554] [DEBUG] 입력 패킷 수신 - 클라이언트 ID: 2, Forward: 0.000000, Right: 0.000000, Jump: false, Attack: false
[17:56:58.563] [DEBUG] 데이터 수신: 21 바이트, 클라이언트 ID: 1
[17:56:58.563] [DEBUG] 입력 패킷 수신 - 클라이언트 ID: 1, Forward: 0.000000, Right: 0.000000, Jump: false, Attack: false
[17:56:58.563] [DEBUG] 데이터 수신: 21 바이트, 클라이언트 ID: 2
[17:56:58.564] [DEBUG] 입력 패킷 수신 - 클라이언트 ID: 2, Forward: 0.000000, Right: 0.000000, Jump: false, Attack: false
[17:56:58.573] [DEBUG] 데이터 수신: 21 바이트, 클라이언트 ID: 1
[17:56:58.574] [DEBUG] 입력 패킷 수신 - 클라이언트 ID: 1, Forward: 0.000000, Right: 0.000000, Jump: false, Attack: false
[17:56:58.574] [DEBUG] 데이터 수신: 21 바이트, 클라이언트 ID: 2
[17:56:58.574] [DEBUG] 입력 패킷 수신 - 클라이언트 ID: 2, Forward: 0.000000, Right: 0.000000, Jump: false, Attack: false
[17:56:58.586] [DEBUG] 데이터 수신: 21 바이트, 클라이언트 ID: 1
[17:56:58.586] [DEBUG] 입력 패킷 수신 - 클라이언트 ID: 1, Forward: 0.000000, Right: 0.000000, Jump: false, Attack: false
[17:56:58.587] [DEBUG] 데이터 수신: 21 바이트, 클라이언트 ID: 2
[17:56:58.587] [DEBUG] 입력 패킷 수신 - 클라이언트 ID: 2, Forward: 0.000000, Right: 0.000000, Jump: false, Attack: false
[17:56:58.594] [DEBUG] 데이터 수신: 21 바이트, 클라이언트 ID: 1
[17:56:58.595] [DEBUG] 입력 패킷 수신 - 클라이언트 ID: 1, Forward: 0.000000, Right: 0.000000, Jump: false, Attack: false
[17:56:58.595] [DEBUG] 데이터 수신: 21 바이트, 클라이언트 ID: 2
[17:56:58.595] [DEBUG] 입력 패킷 수신 - 클라이언트 ID: 2, Forward: 0.000000, Right: 0.000000, Jump: false, Attack: false
[17:56:58.606] [DEBUG] 데이터 수신: 21 바이트, 클라이언트 ID: 1
[17:56:58.606] [DEBUG] 입력 패킷 수신 - 클라이언트 ID: 1, Forward: 0.000000, Right: 0.000000, Jump: false, Attack: false
[17:56:58.607] [DEBUG] 데이터 수신: 21 바이트, 클라이언트 ID: 2
[17:56:58.607] [DEBUG] 입력 패킷 수신 - 클라이언트 ID: 2, Forward: 0.000000, Right: 0.000000, Jump: false, Attack: false
[17:56:58.619] [DEBUG] 데이터 수신: 21 바이트, 클라이언트 ID: 1
[17:56:58.619] [DEBUG] 입력 패킷 수신 - 클라이언트 ID: 1, Forward: 0.000000, Right: 0.000000, Jump: false, Attack: false
[17:56:58.620] [DEBUG] 데이터 수신: 21 바이트, 클라이언트 ID: 2
[17:56:58.620] [DEBUG] 입력 패킷 수신 - 클라이언트 ID: 2, Forward: 0.000000, Right: 0.000000, Jump: false, Attack: false
[17:56:58.627] [DEBUG] 데이터 수신: 21 바이트, 클라이언트 ID: 1
[17:56:58.628] [DEBUG] 입력 패킷 수신 - 클라이언트 ID: 1, Forward: 0.000000, Right: 0.000000, Jump: false, Attack: false
[17:56:58.628] [DEBUG] 데이터 수신: 21 바이트, 클라이언트 ID: 2
[17:56:58.628] [DEBUG] 입력 패킷 수신 - 클라이언트 ID: 2, Forward: 0.000000, Right: 0.000000, Jump: false, Attack: false
[17:56:58.645] [DEBUG] 데이터 수신: 21 바이트, 클라이언트 ID: 1
[17:56:58.646] [DEBUG] 입력 패킷 수신 - 클라이언트 ID: 1, Forward: 0.000000, Right: 0.000000, Jump: false, Attack: false
[17:56:58.646] [DEBUG] 데이터 수신: 21 바이트, 클라이언트 ID: 2
[17:56:58.646] [DEBUG] 입력 패킷 수신 - 클라이언트 ID: 2, Forward: 0.000000, Right: 0.000000, Jump: false, Attack: false
[17:56:58.655] [DEBUG] 데이터 수신: 21 바이트, 클라이언트 ID: 1
[17:56:58.655] [DEBUG] 입력 패킷 수신 - 클라이언트 ID: 1, Forward: 0.000000, Right: 0.000000, Jump: false, Attack: false
[17:56:58.656] [DEBUG] 데이터 수신: 21 바이트, 클라이언트 ID: 2
[17:56:58.656] [DEBUG] 입력 패킷 수신 - 클라이언트 ID: 2, Forward: 0.000000, Right: 0.000000, Jump: false, Attack: false
[17:56:58.667] [DEBUG] 데이터 수신: 21 바이트, 클라이언트 ID: 1
[17:56:58.667] [DEBUG] 입력 패킷 수신 - 클라이언트 ID: 1, Forward: 0.000000, Right: 0.000000, Jump: false, Attack: false
[17:56:58.668] [DEBUG] 데이터 수신: 21 바이트, 클라이언트 ID: 2
[17:56:58.668] [DEBUG] 입력 패킷 수신 - 클라이언트 ID: 2, Forward: 0.000000, Right: 0.000000, Jump: false, Attack: false
[17:56:58.676] [DEBUG] 데이터 수신: 21 바이트, 클라이언트 ID: 1
[17:56:58.676] [DEBUG] 입력 패킷 수신 - 클라이언트 ID: 1, Forward: 0.000000, Right: 0.000000, Jump: false, Attack: false
[17:56:58.676] [DEBUG] 데이터 수신: 21 바이트, 클라이언트 ID: 2
[17:56:58.677] [DEBUG] 입력 패킷 수신 - 클라이언트 ID: 2, Forward: 0.000000, Right: 0.000000, Jump: false, Attack: false
[17:56:58.687] [DEBUG] 데이터 수신: 21 바이트, 클라이언트 ID: 1
[17:56:58.687] [DEBUG] 입력 패킷 수신 - 클라이언트 ID: 1, Forward: 0.000000, Right: 0.000000, Jump: false, Attack: false
[17:56:58.688] [DEBUG] 데이터 수신: 21 바이트, 클라이언트 ID: 2
[17:56:58.688] [DEBUG] 입력 패킷 수신 - 클라이언트 ID: 2, Forward: 0.000000, Right: 0.000000, Jump: false, Attack: false
[17:56:58.699] [DEBUG] 데이터 수신: 21 바이트, 클라이언트 ID: 1
[17:56:58.699] [DEBUG] 입력 패킷 수신 - 클라이언트 ID: 1, Forward: 0.000000, Right: 0.000000, Jump: false, Attack: false
[17:56:58.699] [DEBUG] 데이터 수신: 21 바이트, 클라이언트 ID: 2
[17:56:58.699] [DEBUG] 입력 패킷 수신 - 클라이언트 ID: 2, Forward: 0.000000, Right: 0.000000, Jump: false, Attack: false
[17:56:58.709] [DEBUG] 데이터 수신: 21 바이트, 클라이언트 ID: 1
[17:56:58.709] [DEBUG] 입력 패킷 수신 - 클라이언트 ID: 1, Forward: 0.000000, Right: 0.000000, Jump: false, Attack: false
[17:56:58.710] [DEBUG] 데이터 수신: 21 바이트, 클라이언트 ID: 2
[17:56:58.710] [DEBUG] 입력 패킷 수신 - 클라이언트 ID: 2, Forward: 0.000000, Right: 0.000000, Jump: false, Attack: false
[17:56:58.719] [DEBUG] 데이터 수신: 21 바이트, 클라이언트 ID: 1
[17:56:58.719] [DEBUG] 입력 패킷 수신 - 클라이언트 ID: 1, Forward: 0.000000, Right: 0.000000, Jump: false, Attack: false
[17:56:58.720] [DEBUG] 데이터 수신: 21 바이트, 클라이언트 ID: 2
[17:56:58.720] [DEBUG] 입력 패킷 수신 - 클라이언트 ID: 2, Forward: 0.000000, Right: 0.000000, Jump: false, Attack: false
[17:56:58.730] [DEBUG] 데이터 수신: 21 바이트, 클라이언트 ID: 1
[17:56:58.730] [DEBUG] 입력 패킷 수신 - 클라이언트 ID: 1, Forward: 0.000000, Right: 0.000000, Jump: false, Attack: false
[17:56:58.731] [DEBUG] 데이터 수신: 21 바이트, 클라이언트 ID: 2
[17:56:58.731] [DEBUG] 입력 패킷 수신 - 클라이언트 ID: 2, Forward: 0.000000, Right: 0.000000, Jump: false, Attack: false
[17:56:58.740] [DEBUG] 데이터 수신: 21 바이트, 클라이언트 ID: 1
[17:56:58.740] [DEBUG] 입력 패킷 수신 - 클라이언트 ID: 1, Forward: 0.000000, Right: 0.000000, Jump: false, Attack: false
[17:56:58.741] [DEBUG] 데이터 수신: 21 바이트, 클라이언트 ID: 2
[17:56:58.741] [DEBUG] 입력 패킷 수신 - 클라이언트 ID: 2, Forward: 0.000000, Right: 0.000000, Jump: false, Attack: false
[17:56:58.750] [DEBUG] 데이터 수신: 21 바이트, 클라이언트 ID: 1
[17:56:58.750] [DEBUG] 입력 패킷 수신 - 클라이언트 ID: 1, Forward: 0.000000, Right: 0.000000, Jump: false, Attack: false
[17:56:58.751] [DEBUG] 데이터 수신: 21 바이트, 클라이언트 ID: 2
[17:56:58.751] [DEBUG] 입력 패킷 수신 - 클라이언트 ID: 2, Forward: 0.000000, Right: 0.000000, Jump: false, Attack: false
[17:56:58.761] [DEBUG] 데이터 수신: 21 바이트, 클라이언트 ID: 1
[17:56:58.761] [DEBUG] 입력 패킷 수신 - 클라이언트 ID: 1, Forward: 0.000000, Right: 0.000000, Jump: false, Attack: false
[17:56:58.762] [DEBUG] 데이터 수신: 21 바이트, 클라이언트 ID: 2
[17:56:58.762] [DEBUG] 입력 패킷 수신 - 클라이언트 ID: 2, Forward: 0.000000, Right: 0.000000, Jump: false, Attack: false
[17:56:58.772] [DEBUG] 데이터 수신: 11 바이트, 클라이언트 ID: 1
[17:56:58.772] [DEBUG] [서버] PingPacket 수신 - ClientId: 1
[17:56:58.772] [DEBUG] 데이터 수신: 21 바이트, 클라이언트 ID: 1
[17:56:58.773] [DEBUG] 입력 패킷 수신 - 클라이언트 ID: 1, Forward: 0.000000, Right: 0.000000, Jump: false, Attack: false
[17:56:58.773] [DEBUG] 데이터 수신: 11 바이트, 클라이언트 ID: 2
[17:56:58.773] [DEBUG] [서버] PingPacket 수신 - ClientId: 2
[17:56:58.773] [DEBUG] 데이터 수신: 21 바이트, 클라이언트 ID: 2
[17:56:58.773] [DEBUG] 입력 패킷 수신 - 클라이언트 ID: 2, Forward: 0.000000, Right: 0.000000, Jump: false, Attack: false
[17:56:58.783] [DEBUG] 데이터 수신: 21 바이트, 클라이언트 ID: 1
[17:56:58.784] [DEBUG] 입력 패킷 수신 - 클라이언트 ID: 1, Forward: 0.000000, Right: 0.000000, Jump: false, Attack: false
[17:56:58.784] [DEBUG] 데이터 수신: 21 바이트, 클라이언트 ID: 2
[17:56:58.784] [DEBUG] 입력 패킷 수신 - 클라이언트 ID: 2, Forward: 0.000000, Right: 0.000000, Jump: false, Attack: false
[17:56:58.793] [DEBUG] 데이터 수신: 21 바이트, 클라이언트 ID: 1
[17:56:58.793] [DEBUG] 입력 패킷 수신 - 클라이언트 ID: 1, Forward: 0.000000, Right: 0.000000, Jump: false, Attack: false
[17:56:58.794] [DEBUG] 데이터 수신: 21 바이트, 클라이언트 ID: 2
[17:56:58.794] [DEBUG] 입력 패킷 수신 - 클라이언트 ID: 2, Forward: 0.000000, Right: 0.000000, Jump: false, Attack: false
[17:56:58.804] [DEBUG] 데이터 수신: 21 바이트, 클라이언트 ID: 1
[17:56:58.804] [DEBUG] 입력 패킷 수신 - 클라이언트 ID: 1, Forward: 0.000000, Right: 0.000000, Jump: false, Attack: false
[17:56:58.804] [DEBUG] 데이터 수신: 21 바이트, 클라이언트 ID: 2
[17:56:58.804] [DEBUG] 입력 패킷 수신 - 클라이언트 ID: 2, Forward: 0.000000, Right: 0.000000, Jump: false, Attack: false
[17:56:58.820] [DEBUG] 데이터 수신: 21 바이트, 클라이언트 ID: 1
[17:56:58.820] [DEBUG] 입력 패킷 수신 - 클라이언트 ID: 1, Forward: 0.000000, Right: 0.000000, Jump: false, Attack: false
[17:56:58.821] [DEBUG] 데이터 수신: 21 바이트, 클라이언트 ID: 2
[17:56:58.821] [DEBUG] 입력 패킷 수신 - 클라이언트 ID: 2, Forward: 0.000000, Right: 0.000000, Jump: false, Attack: false
[17:56:58.830] [DEBUG] 데이터 수신: 21 바이트, 클라이언트 ID: 1
[17:56:58.830] [DEBUG] 입력 패킷 수신 - 클라이언트 ID: 1, Forward: 0.000000, Right: 0.000000, Jump: false, Attack: false
[17:56:58.830] [DEBUG] 데이터 수신: 21 바이트, 클라이언트 ID: 2
[17:56:58.831] [DEBUG] 입력 패킷 수신 - 클라이언트 ID: 2, Forward: 0.000000, Right: 0.000000, Jump: false, Attack: false
[17:56:58.839] [DEBUG] 데이터 수신: 21 바이트, 클라이언트 ID: 1
[17:56:58.839] [DEBUG] 입력 패킷 수신 - 클라이언트 ID: 1, Forward: 0.000000, Right: 0.000000, Jump: false, Attack: false
[17:56:58.839] [DEBUG] 데이터 수신: 21 바이트, 클라이언트 ID: 2
[17:56:58.839] [DEBUG] 입력 패킷 수신 - 클라이언트 ID: 2, Forward: 0.000000, Right: 0.000000, Jump: false, Attack: false
[17:56:58.847] [DEBUG] 데이터 수신: 21 바이트, 클라이언트 ID: 1
[17:56:58.847] [DEBUG] 입력 패킷 수신 - 클라이언트 ID: 1, Forward: 0.000000, Right: 0.000000, Jump: false, Attack: false
[17:56:58.848] [DEBUG] 데이터 수신: 21 바이트, 클라이언트 ID: 2
[17:56:58.848] [DEBUG] 입력 패킷 수신 - 클라이언트 ID: 2, Forward: 0.000000, Right: 0.000000, Jump: false, Attack: false
[17:56:58.864] [DEBUG] 데이터 수신: 21 바이트, 클라이언트 ID: 1
[17:56:58.864] [DEBUG] 입력 패킷 수신 - 클라이언트 ID: 1, Forward: 0.000000, Right: 0.000000, Jump: false, Attack: false
[17:56:58.864] [DEBUG] 데이터 수신: 21 바이트, 클라이언트 ID: 2
[17:56:58.865] [DEBUG] 입력 패킷 수신 - 클라이언트 ID: 2, Forward: 0.000000, Right: 0.000000, Jump: false, Attack: false
[17:56:58.872] [DEBUG] 데이터 수신: 21 바이트, 클라이언트 ID: 1
[17:56:58.873] [DEBUG] 입력 패킷 수신 - 클라이언트 ID: 1, Forward: 0.000000, Right: 0.000000, Jump: false, Attack: false
[17:56:58.873] [DEBUG] 데이터 수신: 21 바이트, 클라이언트 ID: 2
[17:56:58.873] [DEBUG] 입력 패킷 수신 - 클라이언트 ID: 2, Forward: 0.000000, Right: 0.000000, Jump: false, Attack: false
[17:56:58.883] [DEBUG] 데이터 수신: 21 바이트, 클라이언트 ID: 1
[17:56:58.883] [DEBUG] 입력 패킷 수신 - 클라이언트 ID: 1, Forward: 0.000000, Right: 0.000000, Jump: false, Attack: false
[17:56:58.884] [DEBUG] 데이터 수신: 21 바이트, 클라이언트 ID: 2
[17:56:58.884] [DEBUG] 입력 패킷 수신 - 클라이언트 ID: 2, Forward: 0.000000, Right: 0.000000, Jump: false, Attack: false
[17:56:58.892] [DEBUG] 데이터 수신: 21 바이트, 클라이언트 ID: 1
[17:56:58.893] [DEBUG] 입력 패킷 수신 - 클라이언트 ID: 1, Forward: 0.000000, Right: 0.000000, Jump: false, Attack: false
[17:56:58.893] [DEBUG] 데이터 수신: 21 바이트, 클라이언트 ID: 2
[17:56:58.894] [DEBUG] 입력 패킷 수신 - 클라이언트 ID: 2, Forward: 0.000000, Right: 0.000000, Jump: false, Attack: false
[17:56:58.902] [DEBUG] 데이터 수신: 21 바이트, 클라이언트 ID: 1
[17:56:58.903] [DEBUG] 입력 패킷 수신 - 클라이언트 ID: 1, Forward: 0.000000, Right: 0.000000, Jump: false, Attack: false
[17:56:58.903] [DEBUG] 데이터 수신: 21 바이트, 클라이언트 ID: 2
[17:56:58.903] [DEBUG] 입력 패킷 수신 - 클라이언트 ID: 2, Forward: 0.000000, Right: 0.000000, Jump: false, Attack: false
[17:56:58.913] [DEBUG] 데이터 수신: 21 바이트, 클라이언트 ID: 1
[17:56:58.913] [DEBUG] 입력 패킷 수신 - 클라이언트 ID: 1, Forward: 0.000000, Right: 0.000000, Jump: false, Attack: false
[17:56:58.914] [DEBUG] 데이터 수신: 21 바이트, 클라이언트 ID: 2
[17:56:58.914] [DEBUG] 입력 패킷 수신 - 클라이언트 ID: 2, Forward: 0.000000, Right: 0.000000, Jump: false, Attack: false
[17:56:58.922] [DEBUG] 데이터 수신: 21 바이트, 클라이언트 ID: 1
[17:56:58.923] [DEBUG] 입력 패킷 수신 - 클라이언트 ID: 1, Forward: 0.000000, Right: 0.000000, Jump: false, Attack: false
[17:56:58.923] [DEBUG] 데이터 수신: 21 바이트, 클라이언트 ID: 2
[17:56:58.924] [DEBUG] 입력 패킷 수신 - 클라이언트 ID: 2, Forward: 0.000000, Right: 0.000000, Jump: false, Attack: false
[17:56:58.933] [DEBUG] 데이터 수신: 21 바이트, 클라이언트 ID: 1
[17:56:58.933] [DEBUG] 입력 패킷 수신 - 클라이언트 ID: 1, Forward: 0.000000, Right: 0.000000, Jump: false, Attack: false
[17:56:58.934] [DEBUG] 데이터 수신: 21 바이트, 클라이언트 ID: 2
[17:56:58.934] [DEBUG] 입력 패킷 수신 - 클라이언트 ID: 2, Forward: 0.000000, Right: 0.000000, Jump: false, Attack: false
[17:56:58.945] [DEBUG] 데이터 수신: 21 바이트, 클라이언트 ID: 1
[17:56:58.945] [DEBUG] 입력 패킷 수신 - 클라이언트 ID: 1, Forward: 0.000000, Right: 0.000000, Jump: false, Attack: false
[17:56:58.946] [DEBUG] 데이터 수신: 21 바이트, 클라이언트 ID: 2
[17:56:58.946] [DEBUG] 입력 패킷 수신 - 클라이언트 ID: 2, Forward: 0.000000, Right: 0.000000, Jump: false, Attack: false
[17:56:58.955] [DEBUG] 데이터 수신: 21 바이트, 클라이언트 ID: 1
[17:56:58.955] [DEBUG] 입력 패킷 수신 - 클라이언트 ID: 1, Forward: 0.000000, Right: 0.000000, Jump: false, Attack: false
[17:56:58.956] [DEBUG] 데이터 수신: 21 바이트, 클라이언트 ID: 2
[17:56:58.956] [DEBUG] 입력 패킷 수신 - 클라이언트 ID: 2, Forward: 0.000000, Right: 0.000000, Jump: false, Attack: false
[17:56:58.966] [DEBUG] 데이터 수신: 21 바이트, 클라이언트 ID: 1
[17:56:58.966] [DEBUG] 입력 패킷 수신 - 클라이언트 ID: 1, Forward: 0.000000, Right: 0.000000, Jump: false, Attack: false
[17:56:58.966] [DEBUG] 데이터 수신: 21 바이트, 클라이언트 ID: 2
[17:56:58.967] [DEBUG] 입력 패킷 수신 - 클라이언트 ID: 2, Forward: 0.000000, Right: 0.000000, Jump: false, Attack: false
[17:56:58.976] [DEBUG] 데이터 수신: 21 바이트, 클라이언트 ID: 1
[17:56:58.977] [DEBUG] 입력 패킷 수신 - 클라이언트 ID: 1, Forward: 0.000000, Right: 0.000000, Jump: false, Attack: false
[17:56:58.977] [DEBUG] 데이터 수신: 21 바이트, 클라이언트 ID: 2
[17:56:58.977] [DEBUG] 입력 패킷 수신 - 클라이언트 ID: 2, Forward: 0.000000, Right: 0.000000, Jump: false, Attack: false
[17:56:58.987] [DEBUG] 데이터 수신: 21 바이트, 클라이언트 ID: 1
[17:56:58.987] [DEBUG] 입력 패킷 수신 - 클라이언트 ID: 1, Forward: 0.000000, Right: 0.000000, Jump: false, Attack: false
[17:56:58.988] [DEBUG] 데이터 수신: 21 바이트, 클라이언트 ID: 2
[17:56:58.988] [DEBUG] 입력 패킷 수신 - 클라이언트 ID: 2, Forward: 0.000000, Right: 0.000000, Jump: false, Attack: false
[17:56:58.999] [DEBUG] 데이터 수신: 21 바이트, 클라이언트 ID: 1
[17:56:58.999] [DEBUG] 입력 패킷 수신 - 클라이언트 ID: 1, Forward: 0.000000, Right: 0.000000, Jump: false, Attack: false
[17:56:59.000] [DEBUG] 데이터 수신: 21 바이트, 클라이언트 ID: 2
[17:56:59.000] [DEBUG] 입력 패킷 수신 - 클라이언트 ID: 2, Forward: 0.000000, Right: 0.000000, Jump: false, Attack: false
[17:56:59.009] [DEBUG] 데이터 수신: 21 바이트, 클라이언트 ID: 1
[17:56:59.009] [DEBUG] 입력 패킷 수신 - 클라이언트 ID: 1, Forward: 0.000000, Right: 0.000000, Jump: false, Attack: false
[17:56:59.009] [DEBUG] 데이터 수신: 21 바이트, 클라이언트 ID: 2
[17:56:59.010] [DEBUG] 입력 패킷 수신 - 클라이언트 ID: 2, Forward: 0.000000, Right: 0.000000, Jump: false, Attack: false
[17:56:59.019] [DEBUG] 데이터 수신: 21 바이트, 클라이언트 ID: 1
[17:56:59.020] [DEBUG] 입력 패킷 수신 - 클라이언트 ID: 1, Forward: 0.000000, Right: 0.000000, Jump: false, Attack: false
[17:56:59.020] [DEBUG] 데이터 수신: 21 바이트, 클라이언트 ID: 2
[17:56:59.020] [DEBUG] 입력 패킷 수신 - 클라이언트 ID: 2, Forward: 0.000000, Right: 0.000000, Jump: false, Attack: false
[17:56:59.030] [DEBUG] 데이터 수신: 21 바이트, 클라이언트 ID: 1
[17:56:59.030] [DEBUG] 입력 패킷 수신 - 클라이언트 ID: 1, Forward: 0.000000, Right: 0.000000, Jump: false, Attack: false
[17:56:59.031] [DEBUG] 데이터 수신: 21 바이트, 클라이언트 ID: 2
[17:56:59.031] [DEBUG] 입력 패킷 수신 - 클라이언트 ID: 2, Forward: 0.000000, Right: 0.000000, Jump: false, Attack: false
[17:56:59.041] [DEBUG] 데이터 수신: 21 바이트, 클라이언트 ID: 1
[17:56:59.042] [DEBUG] 입력 패킷 수신 - 클라이언트 ID: 1, Forward: 0.000000, Right: 0.000000, Jump: false, Attack: false
[17:56:59.042] [DEBUG] 데이터 수신: 21 바이트, 클라이언트 ID: 2
[17:56:59.043] [DEBUG] 입력 패킷 수신 - 클라이언트 ID: 2, Forward: 0.000000, Right: 0.000000, Jump: false, Attack: false
[17:56:59.054] [DEBUG] 데이터 수신: 21 바이트, 클라이언트 ID: 1
[17:56:59.054] [DEBUG] 입력 패킷 수신 - 클라이언트 ID: 1, Forward: 0.000000, Right: 0.000000, Jump: false, Attack: false
[17:56:59.054] [DEBUG] 데이터 수신: 21 바이트, 클라이언트 ID: 2
[17:56:59.055] [DEBUG] 입력 패킷 수신 - 클라이언트 ID: 2, Forward: 0.000000, Right: 0.000000, Jump: false, Attack: false
[17:56:59.064] [DEBUG] 데이터 수신: 21 바이트, 클라이언트 ID: 1
[17:56:59.064] [DEBUG] 입력 패킷 수신 - 클라이언트 ID: 1, Forward: 0.000000, Right: 0.000000, Jump: false, Attack: false
[17:56:59.064] [DEBUG] 데이터 수신: 21 바이트, 클라이언트 ID: 2
[17:56:59.064] [DEBUG] 입력 패킷 수신 - 클라이언트 ID: 2, Forward: 0.000000, Right: 0.000000, Jump: false, Attack: false
[17:56:59.103] [DEBUG] 데이터 수신: 21 바이트, 클라이언트 ID: 1
[17:56:59.104] [DEBUG] 입력 패킷 수신 - 클라이언트 ID: 1, Forward: 0.000000, Right: 0.000000, Jump: false, Attack: false
[17:56:59.104] [DEBUG] 데이터 수신: 21 바이트, 클라이언트 ID: 2
[17:56:59.104] [DEBUG] 입력 패킷 수신 - 클라이언트 ID: 2, Forward: 0.000000, Right: 0.000000, Jump: false, Attack: false
[17:56:59.112] [DEBUG] 데이터 수신: 21 바이트, 클라이언트 ID: 1
[17:56:59.113] [DEBUG] 입력 패킷 수신 - 클라이언트 ID: 1, Forward: 0.000000, Right: 0.000000, Jump: false, Attack: false
[17:56:59.113] [DEBUG] 데이터 수신: 21 바이트, 클라이언트 ID: 2
[17:56:59.114] [DEBUG] 입력 패킷 수신 - 클라이언트 ID: 2, Forward: 0.000000, Right: 0.000000, Jump: false, Attack: false
[17:56:59.126] [DEBUG] 데이터 수신: 21 바이트, 클라이언트 ID: 1
[17:56:59.127] [DEBUG] 입력 패킷 수신 - 클라이언트 ID: 1, Forward: 0.000000, Right: 0.000000, Jump: false, Attack: false
[17:56:59.128] [DEBUG] 데이터 수신: 21 바이트, 클라이언트 ID: 2
[17:56:59.128] [DEBUG] 입력 패킷 수신 - 클라이언트 ID: 2, Forward: 0.000000, Right: 0.000000, Jump: false, Attack: false
[17:56:59.136] [DEBUG] 데이터 수신: 21 바이트, 클라이언트 ID: 1
[17:56:59.136] [DEBUG] 입력 패킷 수신 - 클라이언트 ID: 1, Forward: 0.000000, Right: 0.000000, Jump: false, Attack: false
[17:56:59.136] [DEBUG] 데이터 수신: 21 바이트, 클라이언트 ID: 2
[17:56:59.137] [DEBUG] 입력 패킷 수신 - 클라이언트 ID: 2, Forward: 0.000000, Right: 0.000000, Jump: false, Attack: false
[17:56:59.148] [DEBUG] 데이터 수신: 21 바이트, 클라이언트 ID: 1
[17:56:59.149] [DEBUG] 입력 패킷 수신 - 클라이언트 ID: 1, Forward: 0.000000, Right: 0.000000, Jump: false, Attack: false
[17:56:59.149] [DEBUG] 데이터 수신: 21 바이트, 클라이언트 ID: 2
[17:56:59.149] [DEBUG] 입력 패킷 수신 - 클라이언트 ID: 2, Forward: 0.000000, Right: 0.000000, Jump: false, Attack: false
[17:56:59.156] [DEBUG] 데이터 수신: 21 바이트, 클라이언트 ID: 1
[17:56:59.157] [DEBUG] 입력 패킷 수신 - 클라이언트 ID: 1, Forward: 0.000000, Right: 0.000000, Jump: false, Attack: false
[17:56:59.157] [DEBUG] 데이터 수신: 21 바이트, 클라이언트 ID: 2
[17:56:59.157] [DEBUG] 입력 패킷 수신 - 클라이언트 ID: 2, Forward: 0.000000, Right: 0.000000, Jump: false, Attack: false
[17:56:59.165] [DEBUG] 데이터 수신: 21 바이트, 클라이언트 ID: 1
[17:56:59.166] [DEBUG] 입력 패킷 수신 - 클라이언트 ID: 1, Forward: 0.000000, Right: 0.000000, Jump: false, Attack: false
[17:56:59.166] [DEBUG] 데이터 수신: 21 바이트, 클라이언트 ID: 2
[17:56:59.166] [DEBUG] 입력 패킷 수신 - 클라이언트 ID: 2, Forward: 0.000000, Right: 0.000000, Jump: false, Attack: false
[17:56:59.174] [DEBUG] 데이터 수신: 21 바이트, 클라이언트 ID: 1
[17:56:59.175] [DEBUG] 입력 패킷 수신 - 클라이언트 ID: 1, Forward: 0.000000, Right: 0.000000, Jump: false, Attack: false
[17:56:59.175] [DEBUG] 데이터 수신: 21 바이트, 클라이언트 ID: 2
[17:56:59.176] [DEBUG] 입력 패킷 수신 - 클라이언트 ID: 2, Forward: 0.000000, Right: 0.000000, Jump: false, Attack: false
[17:56:59.183] [DEBUG] 데이터 수신: 21 바이트, 클라이언트 ID: 1
[17:56:59.183] [DEBUG] 입력 패킷 수신 - 클라이언트 ID: 1, Forward: 0.000000, Right: 0.000000, Jump: false, Attack: false
[17:56:59.183] [DEBUG] 데이터 수신: 21 바이트, 클라이언트 ID: 2
[17:56:59.183] [DEBUG] 입력 패킷 수신 - 클라이언트 ID: 2, Forward: 0.000000, Right: 0.000000, Jump: false, Attack: false
[17:56:59.191] [DEBUG] 데이터 수신: 21 바이트, 클라이언트 ID: 1
[17:56:59.191] [DEBUG] 입력 패킷 수신 - 클라이언트 ID: 1, Forward: 0.000000, Right: 0.000000, Jump: false, Attack: false
[17:56:59.192] [DEBUG] 데이터 수신: 21 바이트, 클라이언트 ID: 2
[17:56:59.192] [DEBUG] 입력 패킷 수신 - 클라이언트 ID: 2, Forward: 0.000000, Right: 0.000000, Jump: false, Attack: false
[17:56:59.201] [DEBUG] 데이터 수신: 21 바이트, 클라이언트 ID: 1
[17:56:59.201] [DEBUG] 입력 패킷 수신 - 클라이언트 ID: 1, Forward: 0.000000, Right: 0.000000, Jump: false, Attack: false
[17:56:59.202] [DEBUG] 데이터 수신: 21 바이트, 클라이언트 ID: 2
[17:56:59.202] [DEBUG] 입력 패킷 수신 - 클라이언트 ID: 2, Forward: 0.000000, Right: 0.000000, Jump: false, Attack: false
[17:56:59.210] [DEBUG] 데이터 수신: 21 바이트, 클라이언트 ID: 1
[17:56:59.210] [DEBUG] 입력 패킷 수신 - 클라이언트 ID: 1, Forward: 0.000000, Right: 0.000000, Jump: false, Attack: false
[17:56:59.210] [DEBUG] 데이터 수신: 21 바이트, 클라이언트 ID: 2
[17:56:59.211] [DEBUG] 입력 패킷 수신 - 클라이언트 ID: 2, Forward: 0.000000, Right: 0.000000, Jump: false, Attack: false
[17:56:59.219] [DEBUG] 데이터 수신: 21 바이트, 클라이언트 ID: 1
[17:56:59.220] [DEBUG] 입력 패킷 수신 - 클라이언트 ID: 1, Forward: 0.000000, Right: 0.000000, Jump: false, Attack: false
[17:56:59.220] [DEBUG] 데이터 수신: 21 바이트, 클라이언트 ID: 2
[17:56:59.220] [DEBUG] 입력 패킷 수신 - 클라이언트 ID: 2, Forward: 0.000000, Right: 0.000000, Jump: false, Attack: false
[17:56:59.230] [DEBUG] 데이터 수신: 21 바이트, 클라이언트 ID: 1
[17:56:59.230] [DEBUG] 입력 패킷 수신 - 클라이언트 ID: 1, Forward: 0.000000, Right: 0.000000, Jump: false, Attack: false
[17:56:59.231] [DEBUG] 데이터 수신: 21 바이트, 클라이언트 ID: 2
[17:56:59.231] [DEBUG] 입력 패킷 수신 - 클라이언트 ID: 2, Forward: 0.000000, Right: 0.000000, Jump: false, Attack: false
[17:56:59.243] [DEBUG] 데이터 수신: 21 바이트, 클라이언트 ID: 1
[17:56:59.243] [DEBUG] 입력 패킷 수신 - 클라이언트 ID: 1, Forward: 0.000000, Right: 0.000000, Jump: false, Attack: false
[17:56:59.243] [DEBUG] 데이터 수신: 21 바이트, 클라이언트 ID: 2
[17:56:59.244] [DEBUG] 입력 패킷 수신 - 클라이언트 ID: 2, Forward: 0.000000, Right: 0.000000, Jump: false, Attack: false
[17:56:59.252] [DEBUG] 데이터 수신: 21 바이트, 클라이언트 ID: 1
[17:56:59.253] [DEBUG] 입력 패킷 수신 - 클라이언트 ID: 1, Forward: 0.000000, Right: 0.000000, Jump: false, Attack: false
[17:56:59.253] [DEBUG] 데이터 수신: 21 바이트, 클라이언트 ID: 2
[17:56:59.253] [DEBUG] 입력 패킷 수신 - 클라이언트 ID: 2, Forward: 0.000000, Right: 0.000000, Jump: false, Attack: false
[17:56:59.261] [DEBUG] 데이터 수신: 21 바이트, 클라이언트 ID: 1
[17:56:59.262] [DEBUG] 데이터 수신: 21 바이트, 클라이언트 ID: 2
[17:56:59.262] [DEBUG] 입력 패킷 수신 - 클라이언트 ID: 1, Forward: 0.000000, Right: 0.000000, Jump: false, Attack: false
[17:56:59.262] [DEBUG] 입력 패킷 수신 - 클라이언트 ID: 2, Forward: 0.000000, Right: 0.000000, Jump: false, Attack: false
[17:56:59.272] [DEBUG] 데이터 수신: 21 바이트, 클라이언트 ID: 1
[17:56:59.272] [DEBUG] 입력 패킷 수신 - 클라이언트 ID: 1, Forward: 0.000000, Right: 0.000000, Jump: false, Attack: false
[17:56:59.273] [DEBUG] 데이터 수신: 21 바이트, 클라이언트 ID: 2
[17:56:59.273] [DEBUG] 입력 패킷 수신 - 클라이언트 ID: 2, Forward: 0.000000, Right: 0.000000, Jump: false, Attack: false
[17:56:59.289] [DEBUG] 데이터 수신: 21 바이트, 클라이언트 ID: 1
[17:56:59.290] [DEBUG] 입력 패킷 수신 - 클라이언트 ID: 1, Forward: 0.000000, Right: 0.000000, Jump: false, Attack: false
[17:56:59.290] [DEBUG] 데이터 수신: 21 바이트, 클라이언트 ID: 2
[17:56:59.290] [DEBUG] 입력 패킷 수신 - 클라이언트 ID: 2, Forward: 0.000000, Right: 0.000000, Jump: false, Attack: false
[17:56:59.300] [DEBUG] 데이터 수신: 21 바이트, 클라이언트 ID: 1
[17:56:59.300] [DEBUG] 입력 패킷 수신 - 클라이언트 ID: 1, Forward: 0.000000, Right: 0.000000, Jump: false, Attack: false
[17:56:59.300] [DEBUG] 데이터 수신: 21 바이트, 클라이언트 ID: 2
[17:56:59.301] [DEBUG] 입력 패킷 수신 - 클라이언트 ID: 2, Forward: 0.000000, Right: 0.000000, Jump: false, Attack: false
[17:56:59.312] [DEBUG] 데이터 수신: 21 바이트, 클라이언트 ID: 1
[17:56:59.312] [DEBUG] 입력 패킷 수신 - 클라이언트 ID: 1, Forward: 0.000000, Right: 0.000000, Jump: false, Attack: false
[17:56:59.313] [DEBUG] 데이터 수신: 21 바이트, 클라이언트 ID: 2
[17:56:59.313] [DEBUG] 입력 패킷 수신 - 클라이언트 ID: 2, Forward: 0.000000, Right: 0.000000, Jump: false, Attack: false
[17:56:59.323] [DEBUG] 데이터 수신: 21 바이트, 클라이언트 ID: 1
[17:56:59.323] [DEBUG] 입력 패킷 수신 - 클라이언트 ID: 1, Forward: 0.000000, Right: 0.000000, Jump: false, Attack: false
[17:56:59.323] [DEBUG] 데이터 수신: 21 바이트, 클라이언트 ID: 2
[17:56:59.323] [DEBUG] 입력 패킷 수신 - 클라이언트 ID: 2, Forward: 0.000000, Right: 0.000000, Jump: false, Attack: false
[17:56:59.331] [DEBUG] 데이터 수신: 21 바이트, 클라이언트 ID: 1
[17:56:59.331] [DEBUG] 입력 패킷 수신 - 클라이언트 ID: 1, Forward: 0.000000, Right: 0.000000, Jump: false, Attack: false
[17:56:59.332] [DEBUG] 데이터 수신: 21 바이트, 클라이언트 ID: 2
[17:56:59.332] [DEBUG] 입력 패킷 수신 - 클라이언트 ID: 2, Forward: 0.000000, Right: 0.000000, Jump: false, Attack: false
[17:56:59.340] [DEBUG] 데이터 수신: 21 바이트, 클라이언트 ID: 1
[17:56:59.341] [DEBUG] 입력 패킷 수신 - 클라이언트 ID: 1, Forward: 0.000000, Right: 0.000000, Jump: false, Attack: false
[17:56:59.341] [DEBUG] 데이터 수신: 21 바이트, 클라이언트 ID: 2
[17:56:59.341] [DEBUG] 입력 패킷 수신 - 클라이언트 ID: 2, Forward: 0.000000, Right: 0.000000, Jump: false, Attack: false
[17:56:59.349] [DEBUG] 데이터 수신: 21 바이트, 클라이언트 ID: 1
[17:56:59.349] [DEBUG] 입력 패킷 수신 - 클라이언트 ID: 1, Forward: 0.000000, Right: 0.000000, Jump: false, Attack: false
[17:56:59.350] [DEBUG] 데이터 수신: 21 바이트, 클라이언트 ID: 2
[17:56:59.350] [DEBUG] 입력 패킷 수신 - 클라이언트 ID: 2, Forward: 0.000000, Right: 0.000000, Jump: false, Attack: false
[17:56:59.367] [DEBUG] 데이터 수신: 21 바이트, 클라이언트 ID: 1
[17:56:59.367] [DEBUG] 입력 패킷 수신 - 클라이언트 ID: 1, Forward: 0.000000, Right: 0.000000, Jump: false, Attack: false
[17:56:59.367] [DEBUG] 데이터 수신: 21 바이트, 클라이언트 ID: 2
[17:56:59.368] [DEBUG] 입력 패킷 수신 - 클라이언트 ID: 2, Forward: 0.000000, Right: 0.000000, Jump: false, Attack: false
[17:56:59.380] [DEBUG] 데이터 수신: 21 바이트, 클라이언트 ID: 1
[17:56:59.380] [DEBUG] 입력 패킷 수신 - 클라이언트 ID: 1, Forward: 0.000000, Right: 0.000000, Jump: false, Attack: false
[17:56:59.380] [DEBUG] 데이터 수신: 21 바이트, 클라이언트 ID: 2
[17:56:59.381] [DEBUG] 입력 패킷 수신 - 클라이언트 ID: 2, Forward: 0.000000, Right: 0.000000, Jump: false, Attack: false
[17:56:59.388] [DEBUG] 데이터 수신: 21 바이트, 클라이언트 ID: 1
[17:56:59.388] [DEBUG] 입력 패킷 수신 - 클라이언트 ID: 1, Forward: 0.000000, Right: 0.000000, Jump: false, Attack: false
[17:56:59.389] [DEBUG] 데이터 수신: 21 바이트, 클라이언트 ID: 2
[17:56:59.389] [DEBUG] 입력 패킷 수신 - 클라이언트 ID: 2, Forward: 0.000000, Right: 0.000000, Jump: false, Attack: false
[17:56:59.396] [DEBUG] 데이터 수신: 21 바이트, 클라이언트 ID: 1
[17:56:59.396] [DEBUG] 입력 패킷 수신 - 클라이언트 ID: 1, Forward: 0.000000, Right: 0.000000, Jump: false, Attack: false
[17:56:59.397] [DEBUG] 데이터 수신: 21 바이트, 클라이언트 ID: 2
[17:56:59.397] [DEBUG] 입력 패킷 수신 - 클라이언트 ID: 2, Forward: 0.000000, Right: 0.000000, Jump: false, Attack: false
[17:56:59.406] [DEBUG] 데이터 수신: 21 바이트, 클라이언트 ID: 1
[17:56:59.406] [DEBUG] 입력 패킷 수신 - 클라이언트 ID: 1, Forward: 0.000000, Right: 0.000000, Jump: false, Attack: false
[17:56:59.407] [DEBUG] 데이터 수신: 21 바이트, 클라이언트 ID: 2
[17:56:59.407] [DEBUG] 입력 패킷 수신 - 클라이언트 ID: 2, Forward: 0.000000, Right: 0.000000, Jump: false, Attack: false
[17:56:59.415] [DEBUG] 데이터 수신: 21 바이트, 클라이언트 ID: 1
[17:56:59.416] [DEBUG] 입력 패킷 수신 - 클라이언트 ID: 1, Forward: 0.000000, Right: 0.000000, Jump: false, Attack: false
[17:56:59.416] [DEBUG] 데이터 수신: 21 바이트, 클라이언트 ID: 2
[17:56:59.416] [DEBUG] 입력 패킷 수신 - 클라이언트 ID: 2, Forward: 0.000000, Right: 0.000000, Jump: false, Attack: false
[17:56:59.427] [DEBUG] 데이터 수신: 21 바이트, 클라이언트 ID: 1
[17:56:59.427] [DEBUG] 입력 패킷 수신 - 클라이언트 ID: 1, Forward: 0.000000, Right: 0.000000, Jump: false, Attack: false
[17:56:59.427] [DEBUG] 데이터 수신: 21 바이트, 클라이언트 ID: 2
[17:56:59.428] [DEBUG] 입력 패킷 수신 - 클라이언트 ID: 2, Forward: 0.000000, Right: 0.000000, Jump: false, Attack: false
[17:56:59.436] [DEBUG] 데이터 수신: 21 바이트, 클라이언트 ID: 1
[17:56:59.436] [DEBUG] 입력 패킷 수신 - 클라이언트 ID: 1, Forward: 0.000000, Right: 0.000000, Jump: false, Attack: false
[17:56:59.437] [DEBUG] 데이터 수신: 21 바이트, 클라이언트 ID: 2
[17:56:59.437] [DEBUG] 입력 패킷 수신 - 클라이언트 ID: 2, Forward: 0.000000, Right: 0.000000, Jump: false, Attack: false
[17:56:59.448] [DEBUG] 데이터 수신: 21 바이트, 클라이언트 ID: 1
[17:56:59.448] [DEBUG] 입력 패킷 수신 - 클라이언트 ID: 1, Forward: 0.000000, Right: 0.000000, Jump: false, Attack: false
[17:56:59.449] [DEBUG] 데이터 수신: 21 바이트, 클라이언트 ID: 2
[17:56:59.449] [DEBUG] 입력 패킷 수신 - 클라이언트 ID: 2, Forward: 0.000000, Right: 0.000000, Jump: false, Attack: false
[17:56:59.459] [DEBUG] 데이터 수신: 21 바이트, 클라이언트 ID: 1
[17:56:59.459] [DEBUG] 입력 패킷 수신 - 클라이언트 ID: 1, Forward: 0.000000, Right: 0.000000, Jump: false, Attack: false
[17:56:59.460] [DEBUG] 데이터 수신: 21 바이트, 클라이언트 ID: 2
[17:56:59.460] [DEBUG] 입력 패킷 수신 - 클라이언트 ID: 2, Forward: 0.000000, Right: 0.000000, Jump: false, Attack: false
[17:56:59.470] [DEBUG] 데이터 수신: 21 바이트, 클라이언트 ID: 1
[17:56:59.470] [DEBUG] 입력 패킷 수신 - 클라이언트 ID: 1, Forward: 0.000000, Right: 0.000000, Jump: false, Attack: false
[17:56:59.471] [DEBUG] 데이터 수신: 21 바이트, 클라이언트 ID: 2
[17:56:59.471] [DEBUG] 입력 패킷 수신 - 클라이언트 ID: 2, Forward: 0.000000, Right: 0.000000, Jump: false, Attack: false
[17:56:59.482] [DEBUG] 데이터 수신: 21 바이트, 클라이언트 ID: 1
[17:56:59.483] [DEBUG] 입력 패킷 수신 - 클라이언트 ID: 1, Forward: 0.000000, Right: 0.000000, Jump: false, Attack: false
[17:56:59.483] [DEBUG] 데이터 수신: 21 바이트, 클라이언트 ID: 2
[17:56:59.483] [DEBUG] 입력 패킷 수신 - 클라이언트 ID: 2, Forward: 0.000000, Right: 0.000000, Jump: false, Attack: false
[17:56:59.493] [DEBUG] 데이터 수신: 21 바이트, 클라이언트 ID: 1
[17:56:59.494] [DEBUG] 입력 패킷 수신 - 클라이언트 ID: 1, Forward: 0.000000, Right: 0.000000, Jump: false, Attack: false
[17:56:59.495] [DEBUG] 데이터 수신: 21 바이트, 클라이언트 ID: 2
[17:56:59.495] [DEBUG] 입력 패킷 수신 - 클라이언트 ID: 2, Forward: 0.000000, Right: 0.000000, Jump: false, Attack: false
[17:56:59.513] [DEBUG] 데이터 수신: 21 바이트, 클라이언트 ID: 1
[17:56:59.514] [DEBUG] 입력 패킷 수신 - 클라이언트 ID: 1, Forward: 0.000000, Right: 0.000000, Jump: false, Attack: true
[17:56:59.514] [DEBUG] 데이터 수신: 21 바이트, 클라이언트 ID: 2
[17:56:59.514] [DEBUG] 입력 패킷 수신 - 클라이언트 ID: 2, Forward: 0.000000, Right: 0.000000, Jump: false, Attack: false
[17:56:59.521] [DEBUG] 데이터 수신: 21 바이트, 클라이언트 ID: 1
[17:56:59.521] [DEBUG] 입력 패킷 수신 - 클라이언트 ID: 1, Forward: 0.000000, Right: 0.000000, Jump: false, Attack: true
[17:56:59.522] [DEBUG] 데이터 수신: 21 바이트, 클라이언트 ID: 2
[17:56:59.522] [DEBUG] 입력 패킷 수신 - 클라이언트 ID: 2, Forward: 0.000000, Right: 0.000000, Jump: false, Attack: false
[17:56:59.529] [DEBUG] 데이터 수신: 21 바이트, 클라이언트 ID: 1
[17:56:59.530] [DEBUG] 입력 패킷 수신 - 클라이언트 ID: 1, Forward: 0.000000, Right: 0.000000, Jump: false, Attack: true
[17:56:59.530] [DEBUG] 데이터 수신: 21 바이트, 클라이언트 ID: 2
[17:56:59.530] [DEBUG] 입력 패킷 수신 - 클라이언트 ID: 2, Forward: 0.000000, Right: 0.000000, Jump: false, Attack: false
[17:56:59.539] [DEBUG] 데이터 수신: 21 바이트, 클라이언트 ID: 1
[17:56:59.539] [DEBUG] 입력 패킷 수신 - 클라이언트 ID: 1, Forward: 0.000000, Right: 0.000000, Jump: false, Attack: true
[17:56:59.540] [DEBUG] 데이터 수신: 21 바이트, 클라이언트 ID: 2
[17:56:59.540] [DEBUG] 입력 패킷 수신 - 클라이언트 ID: 2, Forward: 0.000000, Right: 0.000000, Jump: false, Attack: false
[17:56:59.551] [DEBUG] 데이터 수신: 21 바이트, 클라이언트 ID: 1
[17:56:59.551] [DEBUG] 입력 패킷 수신 - 클라이언트 ID: 1, Forward: 0.000000, Right: 0.000000, Jump: false, Attack: true
[17:56:59.552] [DEBUG] 데이터 수신: 21 바이트, 클라이언트 ID: 2
[17:56:59.552] [DEBUG] 입력 패킷 수신 - 클라이언트 ID: 2, Forward: 0.000000, Right: 0.000000, Jump: false, Attack: false
[17:56:59.561] [DEBUG] 데이터 수신: 21 바이트, 클라이언트 ID: 1
[17:56:59.562] [DEBUG] 입력 패킷 수신 - 클라이언트 ID: 1, Forward: 0.000000, Right: 0.000000, Jump: false, Attack: false
[17:56:59.562] [DEBUG] 데이터 수신: 21 바이트, 클라이언트 ID: 2
[17:56:59.562] [DEBUG] 입력 패킷 수신 - 클라이언트 ID: 2, Forward: 0.000000, Right: 0.000000, Jump: false, Attack: false
[17:56:59.572] [DEBUG] 데이터 수신: 21 바이트, 클라이언트 ID: 1
[17:56:59.572] [DEBUG] 입력 패킷 수신 - 클라이언트 ID: 1, Forward: 0.000000, Right: 0.000000, Jump: false, Attack: false
[17:56:59.573] [DEBUG] 데이터 수신: 21 바이트, 클라이언트 ID: 2
[17:56:59.573] [DEBUG] 입력 패킷 수신 - 클라이언트 ID: 2, Forward: 0.000000, Right: 0.000000, Jump: false, Attack: false
[17:56:59.583] [DEBUG] 데이터 수신: 21 바이트, 클라이언트 ID: 1
[17:56:59.584] [DEBUG] 입력 패킷 수신 - 클라이언트 ID: 1, Forward: 0.000000, Right: 0.000000, Jump: false, Attack: false
[17:56:59.584] [DEBUG] 데이터 수신: 21 바이트, 클라이언트 ID: 2
[17:56:59.584] [DEBUG] 입력 패킷 수신 - 클라이언트 ID: 2, Forward: 0.000000, Right: 0.000000, Jump: false, Attack: false
[17:56:59.595] [DEBUG] 데이터 수신: 21 바이트, 클라이언트 ID: 1
[17:56:59.596] [DEBUG] 입력 패킷 수신 - 클라이언트 ID: 1, Forward: 0.000000, Right: 0.000000, Jump: false, Attack: false
[17:56:59.596] [DEBUG] 데이터 수신: 21 바이트, 클라이언트 ID: 2
[17:56:59.596] [DEBUG] 입력 패킷 수신 - 클라이언트 ID: 2, Forward: 0.000000, Right: 0.000000, Jump: false, Attack: false
[17:56:59.604] [DEBUG] 데이터 수신: 21 바이트, 클라이언트 ID: 1
[17:56:59.604] [DEBUG] 입력 패킷 수신 - 클라이언트 ID: 1, Forward: 0.000000, Right: 0.000000, Jump: false, Attack: false
[17:56:59.604] [DEBUG] 데이터 수신: 21 바이트, 클라이언트 ID: 2
[17:56:59.605] [DEBUG] 입력 패킷 수신 - 클라이언트 ID: 2, Forward: 0.000000, Right: 0.000000, Jump: false, Attack: false
[17:56:59.615] [DEBUG] 데이터 수신: 21 바이트, 클라이언트 ID: 1
[17:56:59.615] [DEBUG] 입력 패킷 수신 - 클라이언트 ID: 1, Forward: 0.000000, Right: 0.000000, Jump: false, Attack: false
[17:56:59.616] [DEBUG] 데이터 수신: 21 바이트, 클라이언트 ID: 2
[17:56:59.616] [DEBUG] 입력 패킷 수신 - 클라이언트 ID: 2, Forward: 0.000000, Right: 0.000000, Jump: false, Attack: false
[17:56:59.626] [DEBUG] 데이터 수신: 21 바이트, 클라이언트 ID: 1
[17:56:59.626] [DEBUG] 입력 패킷 수신 - 클라이언트 ID: 1, Forward: 0.000000, Right: 0.000000, Jump: false, Attack: false
[17:56:59.626] [DEBUG] 데이터 수신: 21 바이트, 클라이언트 ID: 2
[17:56:59.627] [DEBUG] 입력 패킷 수신 - 클라이언트 ID: 2, Forward: 0.000000, Right: 0.000000, Jump: false, Attack: false
[17:56:59.642] [DEBUG] 데이터 수신: 21 바이트, 클라이언트 ID: 1
[17:56:59.642] [DEBUG] 입력 패킷 수신 - 클라이언트 ID: 1, Forward: 0.000000, Right: 0.000000, Jump: false, Attack: false
[17:56:59.642] [DEBUG] 데이터 수신: 21 바이트, 클라이언트 ID: 2
[17:56:59.643] [DEBUG] 입력 패킷 수신 - 클라이언트 ID: 2, Forward: 0.000000, Right: 0.000000, Jump: false, Attack: false
[17:56:59.650] [DEBUG] 데이터 수신: 21 바이트, 클라이언트 ID: 1
[17:56:59.651] [DEBUG] 입력 패킷 수신 - 클라이언트 ID: 1, Forward: 0.000000, Right: 0.000000, Jump: false, Attack: false
[17:56:59.651] [DEBUG] 데이터 수신: 21 바이트, 클라이언트 ID: 2
[17:56:59.651] [DEBUG] 입력 패킷 수신 - 클라이언트 ID: 2, Forward: 0.000000, Right: 0.000000, Jump: false, Attack: false
[17:56:59.659] [DEBUG] 데이터 수신: 21 바이트, 클라이언트 ID: 1
[17:56:59.660] [DEBUG] 입력 패킷 수신 - 클라이언트 ID: 1, Forward: 0.000000, Right: 0.000000, Jump: false, Attack: false
[17:56:59.660] [DEBUG] 데이터 수신: 21 바이트, 클라이언트 ID: 2
[17:56:59.660] [DEBUG] 입력 패킷 수신 - 클라이언트 ID: 2, Forward: 0.000000, Right: 0.000000, Jump: false, Attack: false
[17:56:59.670] [DEBUG] 데이터 수신: 21 바이트, 클라이언트 ID: 1
[17:56:59.670] [DEBUG] 입력 패킷 수신 - 클라이언트 ID: 1, Forward: 0.000000, Right: 0.000000, Jump: false, Attack: false
[17:56:59.670] [DEBUG] 데이터 수신: 21 바이트, 클라이언트 ID: 2
[17:56:59.670] [DEBUG] 입력 패킷 수신 - 클라이언트 ID: 2, Forward: 0.000000, Right: 0.000000, Jump: false, Attack: false
[17:56:59.682] [DEBUG] 데이터 수신: 21 바이트, 클라이언트 ID: 1
[17:56:59.682] [DEBUG] 입력 패킷 수신 - 클라이언트 ID: 1, Forward: 1.000000, Right: 0.000000, Jump: false, Attack: false
[17:56:59.682] [DEBUG] 데이터 수신: 21 바이트, 클라이언트 ID: 2
[17:56:59.683] [DEBUG] 입력 패킷 수신 - 클라이언트 ID: 2, Forward: 0.000000, Right: 0.000000, Jump: false, Attack: false
[17:56:59.692] [DEBUG] 데이터 수신: 21 바이트, 클라이언트 ID: 1
[17:56:59.692] [DEBUG] 입력 패킷 수신 - 클라이언트 ID: 1, Forward: 1.000000, Right: 0.000000, Jump: false, Attack: false
[17:56:59.692] [DEBUG] 데이터 수신: 21 바이트, 클라이언트 ID: 2
[17:56:59.692] [DEBUG] 입력 패킷 수신 - 클라이언트 ID: 2, Forward: 0.000000, Right: 0.000000, Jump: false, Attack: false
[17:56:59.704] [DEBUG] 데이터 수신: 21 바이트, 클라이언트 ID: 1
[17:56:59.704] [DEBUG] 입력 패킷 수신 - 클라이언트 ID: 1, Forward: 1.000000, Right: 0.000000, Jump: false, Attack: false
[17:56:59.704] [DEBUG] 데이터 수신: 21 바이트, 클라이언트 ID: 2
[17:56:59.705] [DEBUG] 입력 패킷 수신 - 클라이언트 ID: 2, Forward: 0.000000, Right: 0.000000, Jump: false, Attack: false
[17:56:59.715] [DEBUG] 데이터 수신: 21 바이트, 클라이언트 ID: 1
[17:56:59.715] [DEBUG] 입력 패킷 수신 - 클라이언트 ID: 1, Forward: 1.000000, Right: 0.000000, Jump: false, Attack: false
[17:56:59.716] [DEBUG] 데이터 수신: 21 바이트, 클라이언트 ID: 2
[17:56:59.716] [DEBUG] 입력 패킷 수신 - 클라이언트 ID: 2, Forward: 0.000000, Right: 0.000000, Jump: false, Attack: false
[17:56:59.725] [DEBUG] 데이터 수신: 21 바이트, 클라이언트 ID: 1
[17:56:59.725] [DEBUG] 입력 패킷 수신 - 클라이언트 ID: 1, Forward: 1.000000, Right: 0.000000, Jump: false, Attack: false
[17:56:59.726] [DEBUG] 데이터 수신: 21 바이트, 클라이언트 ID: 2
[17:56:59.726] [DEBUG] 입력 패킷 수신 - 클라이언트 ID: 2, Forward: 0.000000, Right: 0.000000, Jump: false, Attack: false
[17:56:59.737] [DEBUG] 데이터 수신: 21 바이트, 클라이언트 ID: 1
[17:56:59.737] [DEBUG] 입력 패킷 수신 - 클라이언트 ID: 1, Forward: 1.000000, Right: 0.000000, Jump: false, Attack: false
[17:56:59.737] [DEBUG] 데이터 수신: 21 바이트, 클라이언트 ID: 2
[17:56:59.738] [DEBUG] 입력 패킷 수신 - 클라이언트 ID: 2, Forward: 0.000000, Right: 0.000000, Jump: false, Attack: false
[17:56:59.749] [DEBUG] 데이터 수신: 21 바이트, 클라이언트 ID: 1
[17:56:59.749] [DEBUG] 입력 패킷 수신 - 클라이언트 ID: 1, Forward: 1.000000, Right: 0.000000, Jump: false, Attack: false
[17:56:59.749] [DEBUG] 데이터 수신: 21 바이트, 클라이언트 ID: 2
[17:56:59.750] [DEBUG] 입력 패킷 수신 - 클라이언트 ID: 2, Forward: 0.000000, Right: 0.000000, Jump: false, Attack: false
[17:56:59.759] [DEBUG] 데이터 수신: 21 바이트, 클라이언트 ID: 1
[17:56:59.760] [DEBUG] 입력 패킷 수신 - 클라이언트 ID: 1, Forward: 1.000000, Right: 0.000000, Jump: false, Attack: false
[17:56:59.760] [DEBUG] 데이터 수신: 21 바이트, 클라이언트 ID: 2
[17:56:59.760] [DEBUG] 입력 패킷 수신 - 클라이언트 ID: 2, Forward: 0.000000, Right: 0.000000, Jump: false, Attack: false
[17:56:59.771] [DEBUG] 데이터 수신: 21 바이트, 클라이언트 ID: 1
[17:56:59.771] [DEBUG] 입력 패킷 수신 - 클라이언트 ID: 1, Forward: 1.000000, Right: 0.000000, Jump: false, Attack: false
[17:56:59.772] [DEBUG] 데이터 수신: 21 바이트, 클라이언트 ID: 2
[17:56:59.772] [DEBUG] 입력 패킷 수신 - 클라이언트 ID: 2, Forward: 0.000000, Right: 0.000000, Jump: false, Attack: false
[17:56:59.782] [DEBUG] 데이터 수신: 11 바이트, 클라이언트 ID: 1
[17:56:59.782] [DEBUG] [서버] PingPacket 수신 - ClientId: 1
[17:56:59.782] [DEBUG] 데이터 수신: 21 바이트, 클라이언트 ID: 1
[17:56:59.783] [DEBUG] 데이터 수신: 11 바이트, 클라이언트 ID: 2
[17:56:59.783] [DEBUG] 입력 패킷 수신 - 클라이언트 ID: 1, Forward: 1.000000, Right: 0.000000, Jump: false, Attack: false
[17:56:59.783] [DEBUG] [서버] PingPacket 수신 - ClientId: 2
[17:56:59.783] [DEBUG] 데이터 수신: 21 바이트, 클라이언트 ID: 2
[17:56:59.783] [DEBUG] 입력 패킷 수신 - 클라이언트 ID: 2, Forward: 0.000000, Right: 0.000000, Jump: false, Attack: false
[17:56:59.793] [DEBUG] 데이터 수신: 21 바이트, 클라이언트 ID: 1
[17:56:59.793] [DEBUG] 입력 패킷 수신 - 클라이언트 ID: 1, Forward: 1.000000, Right: 0.000000, Jump: false, Attack: false
[17:56:59.793] [DEBUG] 데이터 수신: 21 바이트, 클라이언트 ID: 2
[17:56:59.793] [DEBUG] 입력 패킷 수신 - 클라이언트 ID: 2, Forward: 0.000000, Right: 0.000000, Jump: false, Attack: false
[17:56:59.803] [DEBUG] 데이터 수신: 21 바이트, 클라이언트 ID: 1
[17:56:59.803] [DEBUG] 입력 패킷 수신 - 클라이언트 ID: 1, Forward: 1.000000, Right: 0.000000, Jump: false, Attack: false
[17:56:59.804] [DEBUG] 데이터 수신: 21 바이트, 클라이언트 ID: 2
[17:56:59.804] [DEBUG] 입력 패킷 수신 - 클라이언트 ID: 2, Forward: 0.000000, Right: 0.000000, Jump: false, Attack: false
[17:56:59.815] [DEBUG] 데이터 수신: 21 바이트, 클라이언트 ID: 1
[17:56:59.815] [DEBUG] 입력 패킷 수신 - 클라이언트 ID: 1, Forward: 1.000000, Right: 0.000000, Jump: false, Attack: false
[17:56:59.816] [DEBUG] 데이터 수신: 21 바이트, 클라이언트 ID: 2
[17:56:59.816] [DEBUG] 입력 패킷 수신 - 클라이언트 ID: 2, Forward: 0.000000, Right: 0.000000, Jump: false, Attack: false
[17:56:59.833] [DEBUG] 데이터 수신: 21 바이트, 클라이언트 ID: 1
[17:56:59.833] [DEBUG] 입력 패킷 수신 - 클라이언트 ID: 1, Forward: 1.000000, Right: 0.000000, Jump: false, Attack: false
[17:56:59.833] [DEBUG] 데이터 수신: 21 바이트, 클라이언트 ID: 2
[17:56:59.834] [DEBUG] 입력 패킷 수신 - 클라이언트 ID: 2, Forward: 0.000000, Right: 0.000000, Jump: false, Attack: false
[17:56:59.841] [DEBUG] 데이터 수신: 21 바이트, 클라이언트 ID: 1
[17:56:59.841] [DEBUG] 입력 패킷 수신 - 클라이언트 ID: 1, Forward: 1.000000, Right: 0.000000, Jump: false, Attack: false
[17:56:59.842] [DEBUG] 데이터 수신: 21 바이트, 클라이언트 ID: 2
[17:56:59.842] [DEBUG] 입력 패킷 수신 - 클라이언트 ID: 2, Forward: 0.000000, Right: 0.000000, Jump: false, Attack: false
[17:56:59.851] [DEBUG] 데이터 수신: 21 바이트, 클라이언트 ID: 1
[17:56:59.852] [DEBUG] 입력 패킷 수신 - 클라이언트 ID: 1, Forward: 1.000000, Right: 0.000000, Jump: false, Attack: false
[17:56:59.852] [DEBUG] 데이터 수신: 21 바이트, 클라이언트 ID: 2
[17:56:59.852] [DEBUG] 입력 패킷 수신 - 클라이언트 ID: 2, Forward: 0.000000, Right: 0.000000, Jump: false, Attack: false
[17:56:59.863] [DEBUG] 데이터 수신: 21 바이트, 클라이언트 ID: 1
[17:56:59.863] [DEBUG] 입력 패킷 수신 - 클라이언트 ID: 1, Forward: 1.000000, Right: 0.000000, Jump: false, Attack: false
[17:56:59.864] [DEBUG] 데이터 수신: 21 바이트, 클라이언트 ID: 2
[17:56:59.864] [DEBUG] 입력 패킷 수신 - 클라이언트 ID: 2, Forward: 0.000000, Right: 0.000000, Jump: false, Attack: false
[17:56:59.873] [DEBUG] 데이터 수신: 21 바이트, 클라이언트 ID: 1
[17:56:59.874] [DEBUG] 입력 패킷 수신 - 클라이언트 ID: 1, Forward: 1.000000, Right: 0.000000, Jump: false, Attack: false
[17:56:59.874] [DEBUG] 데이터 수신: 21 바이트, 클라이언트 ID: 2
[17:56:59.874] [DEBUG] 입력 패킷 수신 - 클라이언트 ID: 2, Forward: 0.000000, Right: 0.000000, Jump: false, Attack: false
[17:56:59.888] [DEBUG] 데이터 수신: 21 바이트, 클라이언트 ID: 1
[17:56:59.889] [DEBUG] 입력 패킷 수신 - 클라이언트 ID: 1, Forward: 1.000000, Right: 0.000000, Jump: false, Attack: true
[17:56:59.889] [DEBUG] 데이터 수신: 21 바이트, 클라이언트 ID: 2
[17:56:59.889] [DEBUG] 입력 패킷 수신 - 클라이언트 ID: 2, Forward: 0.000000, Right: 0.000000, Jump: false, Attack: false
[17:56:59.896] [DEBUG] 데이터 수신: 21 바이트, 클라이언트 ID: 1
[17:56:59.897] [DEBUG] 입력 패킷 수신 - 클라이언트 ID: 1, Forward: 1.000000, Right: 0.000000, Jump: false, Attack: true
[17:56:59.897] [DEBUG] 데이터 수신: 21 바이트, 클라이언트 ID: 2
[17:56:59.897] [DEBUG] 입력 패킷 수신 - 클라이언트 ID: 2, Forward: 0.000000, Right: 0.000000, Jump: false, Attack: false
[17:56:59.908] [DEBUG] 데이터 수신: 21 바이트, 클라이언트 ID: 1
[17:56:59.908] [DEBUG] 입력 패킷 수신 - 클라이언트 ID: 1, Forward: 1.000000, Right: 0.000000, Jump: false, Attack: true
[17:56:59.908] [DEBUG] 데이터 수신: 21 바이트, 클라이언트 ID: 2
[17:56:59.908] [DEBUG] 입력 패킷 수신 - 클라이언트 ID: 2, Forward: 0.000000, Right: 0.000000, Jump: false, Attack: false
[17:56:59.919] [DEBUG] 데이터 수신: 21 바이트, 클라이언트 ID: 1
[17:56:59.919] [DEBUG] 입력 패킷 수신 - 클라이언트 ID: 1, Forward: 1.000000, Right: 0.000000, Jump: false, Attack: true
[17:56:59.920] [DEBUG] 데이터 수신: 21 바이트, 클라이언트 ID: 2
[17:56:59.920] [DEBUG] 입력 패킷 수신 - 클라이언트 ID: 2, Forward: 0.000000, Right: 0.000000, Jump: false, Attack: false
[17:56:59.929] [DEBUG] 데이터 수신: 21 바이트, 클라이언트 ID: 1
[17:56:59.929] [DEBUG] 입력 패킷 수신 - 클라이언트 ID: 1, Forward: 1.000000, Right: 0.000000, Jump: false, Attack: true
[17:56:59.930] [DEBUG] 데이터 수신: 21 바이트, 클라이언트 ID: 2
[17:56:59.930] [DEBUG] 입력 패킷 수신 - 클라이언트 ID: 2, Forward: 0.000000, Right: 0.000000, Jump: false, Attack: false
[17:56:59.941] [DEBUG] 데이터 수신: 21 바이트, 클라이언트 ID: 1
[17:56:59.941] [DEBUG] 입력 패킷 수신 - 클라이언트 ID: 1, Forward: 1.000000, Right: 0.000000, Jump: false, Attack: false
[17:56:59.941] [DEBUG] 데이터 수신: 21 바이트, 클라이언트 ID: 2
[17:56:59.942] [DEBUG] 입력 패킷 수신 - 클라이언트 ID: 2, Forward: 0.000000, Right: 0.000000, Jump: false, Attack: false
[17:56:59.952] [DEBUG] 데이터 수신: 21 바이트, 클라이언트 ID: 1
[17:56:59.952] [DEBUG] 입력 패킷 수신 - 클라이언트 ID: 1, Forward: 1.000000, Right: 0.000000, Jump: false, Attack: false
[17:56:59.953] [DEBUG] 데이터 수신: 21 바이트, 클라이언트 ID: 2
[17:56:59.953] [DEBUG] 입력 패킷 수신 - 클라이언트 ID: 2, Forward: 0.000000, Right: 0.000000, Jump: false, Attack: false
[17:56:59.963] [DEBUG] 데이터 수신: 21 바이트, 클라이언트 ID: 1
[17:56:59.963] [DEBUG] 입력 패킷 수신 - 클라이언트 ID: 1, Forward: 1.000000, Right: 0.000000, Jump: false, Attack: false
[17:56:59.964] [DEBUG] 데이터 수신: 21 바이트, 클라이언트 ID: 2
[17:56:59.964] [DEBUG] 입력 패킷 수신 - 클라이언트 ID: 2, Forward: 0.000000, Right: 0.000000, Jump: false, Attack: false
[17:56:59.973] [DEBUG] 데이터 수신: 21 바이트, 클라이언트 ID: 1
[17:56:59.973] [DEBUG] 입력 패킷 수신 - 클라이언트 ID: 1, Forward: 1.000000, Right: 0.000000, Jump: false, Attack: false
[17:56:59.974] [DEBUG] 데이터 수신: 21 바이트, 클라이언트 ID: 2
[17:56:59.974] [DEBUG] 입력 패킷 수신 - 클라이언트 ID: 2, Forward: 0.000000, Right: 0.000000, Jump: false, Attack: false
[17:56:59.985] [DEBUG] 데이터 수신: 21 바이트, 클라이언트 ID: 1
[17:56:59.986] [DEBUG] 입력 패킷 수신 - 클라이언트 ID: 1, Forward: 1.000000, Right: 0.000000, Jump: false, Attack: false
[17:56:59.986] [DEBUG] 데이터 수신: 21 바이트, 클라이언트 ID: 2
[17:56:59.986] [DEBUG] 입력 패킷 수신 - 클라이언트 ID: 2, Forward: 0.000000, Right: 0.000000, Jump: false, Attack: false
[17:56:59.996] [DEBUG] 데이터 수신: 21 바이트, 클라이언트 ID: 1
[17:56:59.996] [DEBUG] 입력 패킷 수신 - 클라이언트 ID: 1, Forward: 1.000000, Right: 0.000000, Jump: false, Attack: false
[17:56:59.997] [DEBUG] 데이터 수신: 21 바이트, 클라이언트 ID: 2
[17:56:59.997] [DEBUG] 입력 패킷 수신 - 클라이언트 ID: 2, Forward: 0.000000, Right: 0.000000, Jump: false, Attack: false
[17:57:00.008] [DEBUG] 데이터 수신: 21 바이트, 클라이언트 ID: 1
[17:57:00.009] [DEBUG] 입력 패킷 수신 - 클라이언트 ID: 1, Forward: 1.000000, Right: 0.000000, Jump: false, Attack: false
[17:57:00.009] [DEBUG] 데이터 수신: 21 바이트, 클라이언트 ID: 2
[17:57:00.010] [DEBUG] 입력 패킷 수신 - 클라이언트 ID: 2, Forward: 0.000000, Right: 0.000000, Jump: false, Attack: false
[17:57:00.019] [DEBUG] 데이터 수신: 21 바이트, 클라이언트 ID: 1
[17:57:00.019] [DEBUG] 입력 패킷 수신 - 클라이언트 ID: 1, Forward: 1.000000, Right: 0.000000, Jump: false, Attack: false
[17:57:00.020] [DEBUG] 데이터 수신: 21 바이트, 클라이언트 ID: 2
[17:57:00.020] [DEBUG] 입력 패킷 수신 - 클라이언트 ID: 2, Forward: 0.000000, Right: 0.000000, Jump: false, Attack: false
[17:57:00.029] [DEBUG] 데이터 수신: 21 바이트, 클라이언트 ID: 1
[17:57:00.029] [DEBUG] 입력 패킷 수신 - 클라이언트 ID: 1, Forward: 1.000000, Right: 0.000000, Jump: false, Attack: false
[17:57:00.030] [DEBUG] 데이터 수신: 21 바이트, 클라이언트 ID: 2
[17:57:00.030] [DEBUG] 입력 패킷 수신 - 클라이언트 ID: 2, Forward: 0.000000, Right: 0.000000, Jump: false, Attack: false
[17:57:00.044] [DEBUG] 데이터 수신: 21 바이트, 클라이언트 ID: 1
[17:57:00.044] [DEBUG] 입력 패킷 수신 - 클라이언트 ID: 1, Forward: 1.000000, Right: 0.000000, Jump: false, Attack: true
[17:57:00.044] [DEBUG] 데이터 수신: 21 바이트, 클라이언트 ID: 2
[17:57:00.045] [DEBUG] 입력 패킷 수신 - 클라이언트 ID: 2, Forward: 0.000000, Right: 0.000000, Jump: false, Attack: false
[17:57:00.052] [DEBUG] 데이터 수신: 21 바이트, 클라이언트 ID: 1
[17:57:00.053] [DEBUG] 입력 패킷 수신 - 클라이언트 ID: 1, Forward: 1.000000, Right: 0.000000, Jump: false, Attack: true
[17:57:00.053] [DEBUG] 데이터 수신: 21 바이트, 클라이언트 ID: 2
[17:57:00.053] [DEBUG] 입력 패킷 수신 - 클라이언트 ID: 2, Forward: 0.000000, Right: 0.000000, Jump: false, Attack: false
[17:57:00.065] [DEBUG] 데이터 수신: 21 바이트, 클라이언트 ID: 1
[17:57:00.065] [DEBUG] 입력 패킷 수신 - 클라이언트 ID: 1, Forward: 1.000000, Right: 0.000000, Jump: false, Attack: true
[17:57:00.065] [DEBUG] 데이터 수신: 21 바이트, 클라이언트 ID: 2
[17:57:00.066] [DEBUG] 입력 패킷 수신 - 클라이언트 ID: 2, Forward: 0.000000, Right: 0.000000, Jump: false, Attack: false
[17:57:00.073] [DEBUG] 데이터 수신: 21 바이트, 클라이언트 ID: 1
[17:57:00.073] [DEBUG] 입력 패킷 수신 - 클라이언트 ID: 1, Forward: 1.000000, Right: 0.000000, Jump: false, Attack: true
[17:57:00.074] [DEBUG] 데이터 수신: 21 바이트, 클라이언트 ID: 2
[17:57:00.074] [DEBUG] 입력 패킷 수신 - 클라이언트 ID: 2, Forward: 0.000000, Right: 0.000000, Jump: false, Attack: false
[17:57:00.085] [DEBUG] 데이터 수신: 21 바이트, 클라이언트 ID: 1
[17:57:00.085] [DEBUG] 입력 패킷 수신 - 클라이언트 ID: 1, Forward: 1.000000, Right: 0.000000, Jump: false, Attack: true
[17:57:00.086] [DEBUG] 데이터 수신: 21 바이트, 클라이언트 ID: 2
[17:57:00.086] [DEBUG] 입력 패킷 수신 - 클라이언트 ID: 2, Forward: 0.000000, Right: 0.000000, Jump: false, Attack: false
[17:57:00.097] [DEBUG] 데이터 수신: 21 바이트, 클라이언트 ID: 1
[17:57:00.097] [DEBUG] 입력 패킷 수신 - 클라이언트 ID: 1, Forward: 1.000000, Right: 0.000000, Jump: false, Attack: true
[17:57:00.097] [DEBUG] 데이터 수신: 21 바이트, 클라이언트 ID: 2
[17:57:00.098] [DEBUG] 입력 패킷 수신 - 클라이언트 ID: 2, Forward: 0.000000, Right: 0.000000, Jump: false, Attack: false
[17:57:00.108] [DEBUG] 데이터 수신: 21 바이트, 클라이언트 ID: 1
[17:57:00.108] [DEBUG] 입력 패킷 수신 - 클라이언트 ID: 1, Forward: 1.000000, Right: 0.000000, Jump: false, Attack: false
[17:57:00.109] [DEBUG] 데이터 수신: 21 바이트, 클라이언트 ID: 2
[17:57:00.109] [DEBUG] 입력 패킷 수신 - 클라이언트 ID: 2, Forward: 0.000000, Right: 0.000000, Jump: false, Attack: false
[17:57:00.125] [DEBUG] 데이터 수신: 21 바이트, 클라이언트 ID: 1
[17:57:00.125] [DEBUG] 입력 패킷 수신 - 클라이언트 ID: 1, Forward: 1.000000, Right: 0.000000, Jump: false, Attack: false
[17:57:00.125] [DEBUG] 데이터 수신: 21 바이트, 클라이언트 ID: 2
[17:57:00.126] [DEBUG] 입력 패킷 수신 - 클라이언트 ID: 2, Forward: 0.000000, Right: 0.000000, Jump: false, Attack: false
[17:57:00.133] [DEBUG] 데이터 수신: 21 바이트, 클라이언트 ID: 1
[17:57:00.134] [DEBUG] 입력 패킷 수신 - 클라이언트 ID: 1, Forward: 1.000000, Right: 0.000000, Jump: false, Attack: false
[17:57:00.134] [DEBUG] 데이터 수신: 21 바이트, 클라이언트 ID: 2
[17:57:00.134] [DEBUG] 입력 패킷 수신 - 클라이언트 ID: 2, Forward: 0.000000, Right: 0.000000, Jump: false, Attack: false
[17:57:00.143] [DEBUG] 데이터 수신: 21 바이트, 클라이언트 ID: 1
[17:57:00.144] [DEBUG] 입력 패킷 수신 - 클라이언트 ID: 1, Forward: 1.000000, Right: 0.000000, Jump: false, Attack: false
[17:57:00.144] [DEBUG] 데이터 수신: 21 바이트, 클라이언트 ID: 2
[17:57:00.144] [DEBUG] 입력 패킷 수신 - 클라이언트 ID: 2, Forward: 0.000000, Right: 0.000000, Jump: false, Attack: false
[17:57:00.154] [DEBUG] 데이터 수신: 21 바이트, 클라이언트 ID: 1
[17:57:00.154] [DEBUG] 입력 패킷 수신 - 클라이언트 ID: 1, Forward: 1.000000, Right: 0.000000, Jump: false, Attack: false
[17:57:00.155] [DEBUG] 데이터 수신: 21 바이트, 클라이언트 ID: 2
[17:57:00.155] [DEBUG] 입력 패킷 수신 - 클라이언트 ID: 2, Forward: 0.000000, Right: 0.000000, Jump: false, Attack: false
[17:57:00.165] [DEBUG] 데이터 수신: 21 바이트, 클라이언트 ID: 1
[17:57:00.165] [DEBUG] 입력 패킷 수신 - 클라이언트 ID: 1, Forward: 1.000000, Right: 0.000000, Jump: false, Attack: false
[17:57:00.166] [DEBUG] 데이터 수신: 21 바이트, 클라이언트 ID: 2
[17:57:00.166] [DEBUG] 입력 패킷 수신 - 클라이언트 ID: 2, Forward: 0.000000, Right: 0.000000, Jump: false, Attack: false
[17:57:00.183] [DEBUG] 데이터 수신: 21 바이트, 클라이언트 ID: 1
[17:57:00.183] [DEBUG] 입력 패킷 수신 - 클라이언트 ID: 1, Forward: 1.000000, Right: 0.000000, Jump: false, Attack: false
[17:57:00.183] [DEBUG] 데이터 수신: 21 바이트, 클라이언트 ID: 2
[17:57:00.183] [DEBUG] 입력 패킷 수신 - 클라이언트 ID: 2, Forward: 0.000000, Right: 0.000000, Jump: false, Attack: false
[17:57:00.191] [DEBUG] 데이터 수신: 21 바이트, 클라이언트 ID: 1
[17:57:00.192] [DEBUG] 입력 패킷 수신 - 클라이언트 ID: 1, Forward: 1.000000, Right: 0.000000, Jump: false, Attack: false
[17:57:00.192] [DEBUG] 데이터 수신: 21 바이트, 클라이언트 ID: 2
[17:57:00.192] [DEBUG] 입력 패킷 수신 - 클라이언트 ID: 2, Forward: 0.000000, Right: 0.000000, Jump: false, Attack: false
[17:57:00.205] [DEBUG] 데이터 수신: 21 바이트, 클라이언트 ID: 1
[17:57:00.205] [DEBUG] 입력 패킷 수신 - 클라이언트 ID: 1, Forward: 1.000000, Right: 0.000000, Jump: false, Attack: true
[17:57:00.205] [DEBUG] 데이터 수신: 21 바이트, 클라이언트 ID: 2
[17:57:00.206] [DEBUG] 입력 패킷 수신 - 클라이언트 ID: 2, Forward: 0.000000, Right: 0.000000, Jump: false, Attack: false
[17:57:00.213] [DEBUG] 데이터 수신: 21 바이트, 클라이언트 ID: 1
[17:57:00.214] [DEBUG] 입력 패킷 수신 - 클라이언트 ID: 1, Forward: 1.000000, Right: 0.000000, Jump: false, Attack: true
[17:57:00.214] [DEBUG] 데이터 수신: 21 바이트, 클라이언트 ID: 2
[17:57:00.214] [DEBUG] 입력 패킷 수신 - 클라이언트 ID: 2, Forward: 0.000000, Right: 0.000000, Jump: false, Attack: false
[17:57:00.223] [DEBUG] 데이터 수신: 21 바이트, 클라이언트 ID: 1
[17:57:00.224] [DEBUG] 입력 패킷 수신 - 클라이언트 ID: 1, Forward: 1.000000, Right: 0.000000, Jump: false, Attack: true
[17:57:00.224] [DEBUG] 데이터 수신: 21 바이트, 클라이언트 ID: 2
[17:57:00.224] [DEBUG] 입력 패킷 수신 - 클라이언트 ID: 2, Forward: 0.000000, Right: 0.000000, Jump: false, Attack: false
[17:57:00.234] [DEBUG] 데이터 수신: 21 바이트, 클라이언트 ID: 1
[17:57:00.235] [DEBUG] 입력 패킷 수신 - 클라이언트 ID: 1, Forward: 1.000000, Right: 0.000000, Jump: false, Attack: true
[17:57:00.235] [DEBUG] 데이터 수신: 21 바이트, 클라이언트 ID: 2
[17:57:00.235] [DEBUG] 입력 패킷 수신 - 클라이언트 ID: 2, Forward: 0.000000, Right: 0.000000, Jump: false, Attack: false
[17:57:00.244] [DEBUG] 데이터 수신: 21 바이트, 클라이언트 ID: 1
[17:57:00.245] [DEBUG] 입력 패킷 수신 - 클라이언트 ID: 1, Forward: 1.000000, Right: 0.000000, Jump: false, Attack: true
[17:57:00.245] [DEBUG] 데이터 수신: 21 바이트, 클라이언트 ID: 2
[17:57:00.245] [DEBUG] 입력 패킷 수신 - 클라이언트 ID: 2, Forward: 0.000000, Right: 0.000000, Jump: false, Attack: false
[17:57:00.256] [DEBUG] 데이터 수신: 21 바이트, 클라이언트 ID: 1
[17:57:00.256] [DEBUG] 입력 패킷 수신 - 클라이언트 ID: 1, Forward: 1.000000, Right: 0.000000, Jump: false, Attack: false
[17:57:00.257] [DEBUG] 데이터 수신: 21 바이트, 클라이언트 ID: 2
[17:57:00.257] [DEBUG] 입력 패킷 수신 - 클라이언트 ID: 2, Forward: 0.000000, Right: 0.000000, Jump: false, Attack: false
[17:57:00.267] [DEBUG] 데이터 수신: 21 바이트, 클라이언트 ID: 1
[17:57:00.267] [DEBUG] 입력 패킷 수신 - 클라이언트 ID: 1, Forward: 1.000000, Right: 0.000000, Jump: false, Attack: false
[17:57:00.267] [DEBUG] 데이터 수신: 21 바이트, 클라이언트 ID: 2
[17:57:00.268] [DEBUG] 입력 패킷 수신 - 클라이언트 ID: 2, Forward: 0.000000, Right: 0.000000, Jump: false, Attack: false
[17:57:00.278] [DEBUG] 데이터 수신: 21 바이트, 클라이언트 ID: 1
[17:57:00.279] [DEBUG] 입력 패킷 수신 - 클라이언트 ID: 1, Forward: 1.000000, Right: 0.000000, Jump: false, Attack: false
[17:57:00.279] [DEBUG] 데이터 수신: 21 바이트, 클라이언트 ID: 2
[17:57:00.279] [DEBUG] 입력 패킷 수신 - 클라이언트 ID: 2, Forward: 0.000000, Right: 0.000000, Jump: false, Attack: false
[17:57:00.289] [DEBUG] 데이터 수신: 21 바이트, 클라이언트 ID: 1
[17:57:00.289] [DEBUG] 입력 패킷 수신 - 클라이언트 ID: 1, Forward: 1.000000, Right: 0.000000, Jump: false, Attack: false
[17:57:00.289] [DEBUG] 데이터 수신: 21 바이트, 클라이언트 ID: 2
[17:57:00.290] [DEBUG] 입력 패킷 수신 - 클라이언트 ID: 2, Forward: 0.000000, Right: 0.000000, Jump: false, Attack: false
[17:57:00.299] [DEBUG] 데이터 수신: 21 바이트, 클라이언트 ID: 1
[17:57:00.300] [DEBUG] 입력 패킷 수신 - 클라이언트 ID: 1, Forward: 1.000000, Right: 0.000000, Jump: false, Attack: false
[17:57:00.300] [DEBUG] 데이터 수신: 21 바이트, 클라이언트 ID: 2
[17:57:00.300] [DEBUG] 입력 패킷 수신 - 클라이언트 ID: 2, Forward: 0.000000, Right: 0.000000, Jump: false, Attack: false
[17:57:00.310] [DEBUG] 데이터 수신: 21 바이트, 클라이언트 ID: 1
[17:57:00.311] [DEBUG] 입력 패킷 수신 - 클라이언트 ID: 1, Forward: 1.000000, Right: 0.000000, Jump: false, Attack: false
[17:57:00.311] [DEBUG] 데이터 수신: 21 바이트, 클라이언트 ID: 2
[17:57:00.311] [DEBUG] 입력 패킷 수신 - 클라이언트 ID: 2, Forward: 0.000000, Right: 0.000000, Jump: false, Attack: false
[17:57:00.322] [DEBUG] 데이터 수신: 21 바이트, 클라이언트 ID: 1
[17:57:00.322] [DEBUG] 입력 패킷 수신 - 클라이언트 ID: 1, Forward: 1.000000, Right: 0.000000, Jump: false, Attack: false
[17:57:00.323] [DEBUG] 데이터 수신: 21 바이트, 클라이언트 ID: 2
[17:57:00.323] [DEBUG] 입력 패킷 수신 - 클라이언트 ID: 2, Forward: 0.000000, Right: 0.000000, Jump: false, Attack: false
[17:57:00.332] [DEBUG] 데이터 수신: 21 바이트, 클라이언트 ID: 1
[17:57:00.333] [DEBUG] 입력 패킷 수신 - 클라이언트 ID: 1, Forward: 1.000000, Right: 0.000000, Jump: false, Attack: false
[17:57:00.333] [DEBUG] 데이터 수신: 21 바이트, 클라이언트 ID: 2
[17:57:00.333] [DEBUG] 입력 패킷 수신 - 클라이언트 ID: 2, Forward: 0.000000, Right: 0.000000, Jump: false, Attack: false
[17:57:00.353] [DEBUG] 데이터 수신: 21 바이트, 클라이언트 ID: 1
[17:57:00.353] [DEBUG] 입력 패킷 수신 - 클라이언트 ID: 1, Forward: 1.000000, Right: 0.000000, Jump: false, Attack: true
[17:57:00.353] [DEBUG] 데이터 수신: 21 바이트, 클라이언트 ID: 2
[17:57:00.354] [DEBUG] 입력 패킷 수신 - 클라이언트 ID: 2, Forward: 0.000000, Right: 0.000000, Jump: false, Attack: false
[17:57:00.361] [DEBUG] 데이터 수신: 21 바이트, 클라이언트 ID: 1
[17:57:00.361] [DEBUG] 입력 패킷 수신 - 클라이언트 ID: 1, Forward: 1.000000, Right: 0.000000, Jump: false, Attack: true
[17:57:00.362] [DEBUG] 데이터 수신: 21 바이트, 클라이언트 ID: 2
[17:57:00.362] [DEBUG] 입력 패킷 수신 - 클라이언트 ID: 2, Forward: 0.000000, Right: 0.000000, Jump: false, Attack: false
[17:57:00.373] [DEBUG] 데이터 수신: 21 바이트, 클라이언트 ID: 1
[17:57:00.373] [DEBUG] 입력 패킷 수신 - 클라이언트 ID: 1, Forward: 1.000000, Right: 0.000000, Jump: false, Attack: true
[17:57:00.374] [DEBUG] 데이터 수신: 21 바이트, 클라이언트 ID: 2
[17:57:00.374] [DEBUG] 입력 패킷 수신 - 클라이언트 ID: 2, Forward: 0.000000, Right: 0.000000, Jump: false, Attack: false
[17:57:00.382] [DEBUG] 데이터 수신: 21 바이트, 클라이언트 ID: 1
[17:57:00.382] [DEBUG] 입력 패킷 수신 - 클라이언트 ID: 1, Forward: 1.000000, Right: 0.000000, Jump: false, Attack: true
[17:57:00.383] [DEBUG] 데이터 수신: 21 바이트, 클라이언트 ID: 2
[17:57:00.383] [DEBUG] 입력 패킷 수신 - 클라이언트 ID: 2, Forward: 0.000000, Right: 0.000000, Jump: false, Attack: false
[17:57:00.391] [DEBUG] 데이터 수신: 21 바이트, 클라이언트 ID: 1
[17:57:00.392] [DEBUG] 입력 패킷 수신 - 클라이언트 ID: 1, Forward: 1.000000, Right: 0.000000, Jump: false, Attack: true
[17:57:00.392] [DEBUG] 데이터 수신: 21 바이트, 클라이언트 ID: 2
[17:57:00.392] [DEBUG] 입력 패킷 수신 - 클라이언트 ID: 2, Forward: 0.000000, Right: 0.000000, Jump: false, Attack: false
[17:57:00.403] [DEBUG] 데이터 수신: 21 바이트, 클라이언트 ID: 1
[17:57:00.403] [DEBUG] 입력 패킷 수신 - 클라이언트 ID: 1, Forward: 1.000000, Right: 0.000000, Jump: false, Attack: false
[17:57:00.404] [DEBUG] 데이터 수신: 21 바이트, 클라이언트 ID: 2
[17:57:00.404] [DEBUG] 입력 패킷 수신 - 클라이언트 ID: 2, Forward: 0.000000, Right: 0.000000, Jump: false, Attack: false
[17:57:00.414] [DEBUG] 데이터 수신: 21 바이트, 클라이언트 ID: 1
[17:57:00.414] [DEBUG] 입력 패킷 수신 - 클라이언트 ID: 1, Forward: 1.000000, Right: 0.000000, Jump: false, Attack: false
[17:57:00.415] [DEBUG] 데이터 수신: 21 바이트, 클라이언트 ID: 2
[17:57:00.415] [DEBUG] 입력 패킷 수신 - 클라이언트 ID: 2, Forward: 0.000000, Right: 0.000000, Jump: false, Attack: false
[17:57:00.426] [DEBUG] 데이터 수신: 21 바이트, 클라이언트 ID: 1
[17:57:00.426] [DEBUG] 입력 패킷 수신 - 클라이언트 ID: 1, Forward: 1.000000, Right: 0.000000, Jump: false, Attack: false
[17:57:00.427] [DEBUG] 데이터 수신: 21 바이트, 클라이언트 ID: 2
[17:57:00.427] [DEBUG] 입력 패킷 수신 - 클라이언트 ID: 2, Forward: 0.000000, Right: 0.000000, Jump: false, Attack: false
[17:57:00.437] [DEBUG] 데이터 수신: 21 바이트, 클라이언트 ID: 1
[17:57:00.437] [DEBUG] 입력 패킷 수신 - 클라이언트 ID: 1, Forward: 1.000000, Right: 0.000000, Jump: false, Attack: false
[17:57:00.438] [DEBUG] 데이터 수신: 21 바이트, 클라이언트 ID: 2
[17:57:00.438] [DEBUG] 입력 패킷 수신 - 클라이언트 ID: 2, Forward: 0.000000, Right: 0.000000, Jump: false, Attack: false
[17:57:00.450] [DEBUG] 데이터 수신: 21 바이트, 클라이언트 ID: 1
[17:57:00.450] [DEBUG] 입력 패킷 수신 - 클라이언트 ID: 1, Forward: 1.000000, Right: 0.000000, Jump: false, Attack: false
[17:57:00.451] [DEBUG] 데이터 수신: 21 바이트, 클라이언트 ID: 2
[17:57:00.451] [DEBUG] 입력 패킷 수신 - 클라이언트 ID: 2, Forward: 0.000000, Right: 0.000000, Jump: false, Attack: false
[17:57:00.460] [DEBUG] 데이터 수신: 21 바이트, 클라이언트 ID: 1
[17:57:00.461] [DEBUG] 입력 패킷 수신 - 클라이언트 ID: 1, Forward: 1.000000, Right: 0.000000, Jump: false, Attack: false
[17:57:00.461] [DEBUG] 데이터 수신: 21 바이트, 클라이언트 ID: 2
[17:57:00.461] [DEBUG] 입력 패킷 수신 - 클라이언트 ID: 2, Forward: 0.000000, Right: 0.000000, Jump: false, Attack: false
[17:57:00.471] [DEBUG] 데이터 수신: 21 바이트, 클라이언트 ID: 1
[17:57:00.471] [DEBUG] 입력 패킷 수신 - 클라이언트 ID: 1, Forward: 1.000000, Right: 0.000000, Jump: false, Attack: false
[17:57:00.471] [DEBUG] 데이터 수신: 21 바이트, 클라이언트 ID: 2
[17:57:00.472] [DEBUG] 입력 패킷 수신 - 클라이언트 ID: 2, Forward: 0.000000, Right: 0.000000, Jump: false, Attack: false
[17:57:00.484] [DEBUG] 데이터 수신: 21 바이트, 클라이언트 ID: 1
[17:57:00.484] [DEBUG] 입력 패킷 수신 - 클라이언트 ID: 1, Forward: 1.000000, Right: 0.000000, Jump: false, Attack: false
[17:57:00.484] [DEBUG] 데이터 수신: 21 바이트, 클라이언트 ID: 2
[17:57:00.485] [DEBUG] 입력 패킷 수신 - 클라이언트 ID: 2, Forward: 0.000000, Right: 0.000000, Jump: false, Attack: false
[17:57:00.494] [DEBUG] 데이터 수신: 21 바이트, 클라이언트 ID: 1
[17:57:00.494] [DEBUG] 입력 패킷 수신 - 클라이언트 ID: 1, Forward: 1.000000, Right: 0.000000, Jump: false, Attack: false
[17:57:00.495] [DEBUG] 데이터 수신: 21 바이트, 클라이언트 ID: 2
[17:57:00.495] [DEBUG] 입력 패킷 수신 - 클라이언트 ID: 2, Forward: 0.000000, Right: 0.000000, Jump: false, Attack: false
[17:57:00.510] [DEBUG] 데이터 수신: 21 바이트, 클라이언트 ID: 1
[17:57:00.510] [DEBUG] 입력 패킷 수신 - 클라이언트 ID: 1, Forward: 1.000000, Right: 0.000000, Jump: false, Attack: true
[17:57:00.510] [DEBUG] 데이터 수신: 21 바이트, 클라이언트 ID: 2
[17:57:00.510] [DEBUG] 입력 패킷 수신 - 클라이언트 ID: 2, Forward: 0.000000, Right: 0.000000, Jump: false, Attack: false
[17:57:00.517] [DEBUG] 데이터 수신: 21 바이트, 클라이언트 ID: 1
[17:57:00.517] [DEBUG] 입력 패킷 수신 - 클라이언트 ID: 1, Forward: 0.000000, Right: 0.000000, Jump: false, Attack: true
[17:57:00.518] [DEBUG] 데이터 수신: 21 바이트, 클라이언트 ID: 2
[17:57:00.518] [DEBUG] 입력 패킷 수신 - 클라이언트 ID: 2, Forward: 0.000000, Right: 0.000000, Jump: false, Attack: false
[17:57:00.528] [DEBUG] 데이터 수신: 21 바이트, 클라이언트 ID: 1
[17:57:00.528] [DEBUG] 입력 패킷 수신 - 클라이언트 ID: 1, Forward: 0.000000, Right: 0.000000, Jump: false, Attack: true
[17:57:00.528] [DEBUG] 데이터 수신: 21 바이트, 클라이언트 ID: 2
[17:57:00.528] [DEBUG] 입력 패킷 수신 - 클라이언트 ID: 2, Forward: 0.000000, Right: 0.000000, Jump: false, Attack: false
[17:57:00.539] [DEBUG] 데이터 수신: 21 바이트, 클라이언트 ID: 1
[17:57:00.539] [DEBUG] 입력 패킷 수신 - 클라이언트 ID: 1, Forward: 0.000000, Right: 0.000000, Jump: false, Attack: false
[17:57:00.540] [DEBUG] 데이터 수신: 21 바이트, 클라이언트 ID: 2
[17:57:00.540] [DEBUG] 입력 패킷 수신 - 클라이언트 ID: 2, Forward: 0.000000, Right: 0.000000, Jump: false, Attack: false
[17:57:00.550] [DEBUG] 데이터 수신: 21 바이트, 클라이언트 ID: 1
[17:57:00.550] [DEBUG] 입력 패킷 수신 - 클라이언트 ID: 1, Forward: 0.000000, Right: 0.000000, Jump: false, Attack: false
[17:57:00.551] [DEBUG] 데이터 수신: 21 바이트, 클라이언트 ID: 2
[17:57:00.551] [DEBUG] 입력 패킷 수신 - 클라이언트 ID: 2, Forward: 0.000000, Right: 0.000000, Jump: false, Attack: false
[17:57:00.561] [DEBUG] 데이터 수신: 21 바이트, 클라이언트 ID: 1
[17:57:00.561] [DEBUG] 입력 패킷 수신 - 클라이언트 ID: 1, Forward: 0.000000, Right: 0.000000, Jump: false, Attack: false
[17:57:00.562] [DEBUG] 데이터 수신: 21 바이트, 클라이언트 ID: 2
[17:57:00.562] [DEBUG] 입력 패킷 수신 - 클라이언트 ID: 2, Forward: 0.000000, Right: 0.000000, Jump: false, Attack: false
[17:57:00.572] [DEBUG] 데이터 수신: 21 바이트, 클라이언트 ID: 1
[17:57:00.572] [DEBUG] 입력 패킷 수신 - 클라이언트 ID: 1, Forward: 0.000000, Right: 0.000000, Jump: false, Attack: false
[17:57:00.573] [DEBUG] 데이터 수신: 21 바이트, 클라이언트 ID: 2
[17:57:00.573] [DEBUG] 입력 패킷 수신 - 클라이언트 ID: 2, Forward: 0.000000, Right: 0.000000, Jump: false, Attack: false
[17:57:00.584] [DEBUG] 데이터 수신: 21 바이트, 클라이언트 ID: 1
[17:57:00.584] [DEBUG] 입력 패킷 수신 - 클라이언트 ID: 1, Forward: 0.000000, Right: 0.000000, Jump: false, Attack: false
[17:57:00.585] [DEBUG] 데이터 수신: 21 바이트, 클라이언트 ID: 2
[17:57:00.585] [DEBUG] 입력 패킷 수신 - 클라이언트 ID: 2, Forward: 0.000000, Right: 0.000000, Jump: false, Attack: false
[17:57:00.594] [DEBUG] 데이터 수신: 21 바이트, 클라이언트 ID: 1
[17:57:00.594] [DEBUG] 입력 패킷 수신 - 클라이언트 ID: 1, Forward: 0.000000, Right: 0.000000, Jump: false, Attack: false
[17:57:00.595] [DEBUG] 데이터 수신: 21 바이트, 클라이언트 ID: 2
[17:57:00.595] [DEBUG] 입력 패킷 수신 - 클라이언트 ID: 2, Forward: 0.000000, Right: 0.000000, Jump: false, Attack: false
[17:57:00.604] [DEBUG] 데이터 수신: 21 바이트, 클라이언트 ID: 1
[17:57:00.604] [DEBUG] 입력 패킷 수신 - 클라이언트 ID: 1, Forward: 0.000000, Right: 0.000000, Jump: false, Attack: false
[17:57:00.605] [DEBUG] 데이터 수신: 21 바이트, 클라이언트 ID: 2
[17:57:00.605] [DEBUG] 입력 패킷 수신 - 클라이언트 ID: 2, Forward: 0.000000, Right: 0.000000, Jump: false, Attack: false
[17:57:00.615] [DEBUG] 데이터 수신: 21 바이트, 클라이언트 ID: 1
[17:57:00.615] [DEBUG] 입력 패킷 수신 - 클라이언트 ID: 1, Forward: 0.000000, Right: 0.000000, Jump: false, Attack: false
[17:57:00.616] [DEBUG] 데이터 수신: 21 바이트, 클라이언트 ID: 2
[17:57:00.616] [DEBUG] 입력 패킷 수신 - 클라이언트 ID: 2, Forward: 0.000000, Right: 0.000000, Jump: false, Attack: false
[17:57:00.627] [DEBUG] 데이터 수신: 21 바이트, 클라이언트 ID: 1
[17:57:00.628] [DEBUG] 입력 패킷 수신 - 클라이언트 ID: 1, Forward: 0.000000, Right: 0.000000, Jump: false, Attack: false
[17:57:00.628] [DEBUG] 데이터 수신: 21 바이트, 클라이언트 ID: 2
[17:57:00.628] [DEBUG] 입력 패킷 수신 - 클라이언트 ID: 2, Forward: 0.000000, Right: 0.000000, Jump: false, Attack: false
[17:57:00.637] [DEBUG] 데이터 수신: 21 바이트, 클라이언트 ID: 1
[17:57:00.637] [DEBUG] 입력 패킷 수신 - 클라이언트 ID: 1, Forward: 0.000000, Right: 0.000000, Jump: false, Attack: false
[17:57:00.638] [DEBUG] 데이터 수신: 21 바이트, 클라이언트 ID: 2
[17:57:00.638] [DEBUG] 입력 패킷 수신 - 클라이언트 ID: 2, Forward: 0.000000, Right: 0.000000, Jump: false, Attack: false
[17:57:00.649] [DEBUG] 데이터 수신: 21 바이트, 클라이언트 ID: 1
[17:57:00.649] [DEBUG] 입력 패킷 수신 - 클라이언트 ID: 1, Forward: 0.000000, Right: 0.000000, Jump: false, Attack: false
[17:57:00.650] [DEBUG] 데이터 수신: 21 바이트, 클라이언트 ID: 2
[17:57:00.650] [DEBUG] 입력 패킷 수신 - 클라이언트 ID: 2, Forward: 0.000000, Right: 0.000000, Jump: false, Attack: false
[17:57:00.659] [DEBUG] 데이터 수신: 21 바이트, 클라이언트 ID: 1
[17:57:00.659] [DEBUG] 입력 패킷 수신 - 클라이언트 ID: 1, Forward: 0.000000, Right: 0.000000, Jump: false, Attack: false
[17:57:00.659] [DEBUG] 데이터 수신: 21 바이트, 클라이언트 ID: 2
[17:57:00.659] [DEBUG] 입력 패킷 수신 - 클라이언트 ID: 2, Forward: 0.000000, Right: 0.000000, Jump: false, Attack: false
[17:57:00.670] [DEBUG] 데이터 수신: 21 바이트, 클라이언트 ID: 1
[17:57:00.670] [DEBUG] 입력 패킷 수신 - 클라이언트 ID: 1, Forward: 0.000000, Right: 0.000000, Jump: false, Attack: false
[17:57:00.671] [DEBUG] 데이터 수신: 21 바이트, 클라이언트 ID: 2
[17:57:00.671] [DEBUG] 입력 패킷 수신 - 클라이언트 ID: 2, Forward: 0.000000, Right: 0.000000, Jump: false, Attack: false
[17:57:00.681] [DEBUG] 데이터 수신: 21 바이트, 클라이언트 ID: 1
[17:57:00.681] [DEBUG] 입력 패킷 수신 - 클라이언트 ID: 1, Forward: 0.000000, Right: 0.000000, Jump: false, Attack: false
[17:57:00.682] [DEBUG] 데이터 수신: 21 바이트, 클라이언트 ID: 2
[17:57:00.682] [DEBUG] 입력 패킷 수신 - 클라이언트 ID: 2, Forward: 0.000000, Right: 0.000000, Jump: false, Attack: false
[17:57:00.694] [DEBUG] 데이터 수신: 21 바이트, 클라이언트 ID: 1
[17:57:00.694] [DEBUG] 입력 패킷 수신 - 클라이언트 ID: 1, Forward: 0.000000, Right: 0.000000, Jump: false, Attack: false
[17:57:00.694] [DEBUG] 데이터 수신: 21 바이트, 클라이언트 ID: 2
[17:57:00.695] [DEBUG] 입력 패킷 수신 - 클라이언트 ID: 2, Forward: 0.000000, Right: 0.000000, Jump: false, Attack: false
[17:57:00.705] [DEBUG] 데이터 수신: 21 바이트, 클라이언트 ID: 1
[17:57:00.705] [DEBUG] 입력 패킷 수신 - 클라이언트 ID: 1, Forward: 0.000000, Right: 0.000000, Jump: false, Attack: false
[17:57:00.705] [DEBUG] 데이터 수신: 21 바이트, 클라이언트 ID: 2
[17:57:00.706] [DEBUG] 입력 패킷 수신 - 클라이언트 ID: 2, Forward: 0.000000, Right: 0.000000, Jump: false, Attack: false
[17:57:00.715] [DEBUG] 데이터 수신: 21 바이트, 클라이언트 ID: 1
[17:57:00.715] [DEBUG] 입력 패킷 수신 - 클라이언트 ID: 1, Forward: 0.000000, Right: 0.000000, Jump: false, Attack: false
[17:57:00.716] [DEBUG] 데이터 수신: 21 바이트, 클라이언트 ID: 2
[17:57:00.716] [DEBUG] 입력 패킷 수신 - 클라이언트 ID: 2, Forward: 0.000000, Right: 0.000000, Jump: false, Attack: false
[17:57:00.726] [DEBUG] 데이터 수신: 21 바이트, 클라이언트 ID: 1
[17:57:00.726] [DEBUG] 입력 패킷 수신 - 클라이언트 ID: 1, Forward: 0.000000, Right: 0.000000, Jump: false, Attack: false
[17:57:00.727] [DEBUG] 데이터 수신: 21 바이트, 클라이언트 ID: 2
[17:57:00.727] [DEBUG] 입력 패킷 수신 - 클라이언트 ID: 2, Forward: 0.000000, Right: 0.000000, Jump: false, Attack: false
[17:57:00.737] [DEBUG] 데이터 수신: 21 바이트, 클라이언트 ID: 1
[17:57:00.737] [DEBUG] 입력 패킷 수신 - 클라이언트 ID: 1, Forward: 0.000000, Right: 0.000000, Jump: false, Attack: false
[17:57:00.738] [DEBUG] 데이터 수신: 21 바이트, 클라이언트 ID: 2
[17:57:00.738] [DEBUG] 입력 패킷 수신 - 클라이언트 ID: 2, Forward: 0.000000, Right: 0.000000, Jump: false, Attack: false
[17:57:00.747] [DEBUG] 데이터 수신: 21 바이트, 클라이언트 ID: 1
[17:57:00.747] [DEBUG] 입력 패킷 수신 - 클라이언트 ID: 1, Forward: 0.000000, Right: 0.000000, Jump: false, Attack: false
[17:57:00.747] [DEBUG] 데이터 수신: 21 바이트, 클라이언트 ID: 2
[17:57:00.748] [DEBUG] 입력 패킷 수신 - 클라이언트 ID: 2, Forward: 0.000000, Right: 0.000000, Jump: false, Attack: false
[17:57:00.757] [DEBUG] 데이터 수신: 21 바이트, 클라이언트 ID: 1
[17:57:00.758] [DEBUG] 입력 패킷 수신 - 클라이언트 ID: 1, Forward: 0.000000, Right: 0.000000, Jump: false, Attack: false
[17:57:00.758] [DEBUG] 데이터 수신: 21 바이트, 클라이언트 ID: 2
[17:57:00.758] [DEBUG] 입력 패킷 수신 - 클라이언트 ID: 2, Forward: 0.000000, Right: 0.000000, Jump: false, Attack: false
[17:57:00.768] [DEBUG] 데이터 수신: 21 바이트, 클라이언트 ID: 1
[17:57:00.769] [DEBUG] 입력 패킷 수신 - 클라이언트 ID: 1, Forward: 0.000000, Right: 0.000000, Jump: false, Attack: false
[17:57:00.769] [DEBUG] 데이터 수신: 21 바이트, 클라이언트 ID: 2
[17:57:00.769] [DEBUG] 입력 패킷 수신 - 클라이언트 ID: 2, Forward: 0.000000, Right: 0.000000, Jump: false, Attack: false
[17:57:00.784] [DEBUG] 데이터 수신: 11 바이트, 클라이언트 ID: 1
[17:57:00.785] [DEBUG] [서버] PingPacket 수신 - ClientId: 1
[17:57:00.785] [DEBUG] 데이터 수신: 21 바이트, 클라이언트 ID: 1
[17:57:00.785] [DEBUG] 데이터 수신: 11 바이트, 클라이언트 ID: 2
[17:57:00.785] [DEBUG] 입력 패킷 수신 - 클라이언트 ID: 1, Forward: 0.000000, Right: 0.000000, Jump: false, Attack: false
[17:57:00.786] [DEBUG] [서버] PingPacket 수신 - ClientId: 2
[17:57:00.786] [DEBUG] 데이터 수신: 21 바이트, 클라이언트 ID: 2
[17:57:00.786] [DEBUG] 입력 패킷 수신 - 클라이언트 ID: 2, Forward: 0.000000, Right: 0.000000, Jump: false, Attack: false
