[14:27:05.472] [INFO] 로깅 시스템 초기화됨
[14:27:05.472] [INFO] 서버 인스턴스 생성됨
[14:27:05.473] [INFO] 서버 초기화 시작 (포트: 9000)
[14:27:05.473] [INFO] 윈속 초기화 성공
[14:27:05.476] [INFO] 리스닝 소켓 생성 성공
[14:27:05.476] [INFO] 소켓 바인딩 성공 (포트: 9000)
[14:27:05.476] [INFO] 리스닝 시작됨
[14:27:05.477] [INFO] IOCP 생성 성공
[14:27:05.477] [INFO] CPU 코어 수: 16, 생성할 작업자 스레드: 16
[14:27:05.477] [INFO] 작업자 스레드 #1 생성됨
[14:27:05.478] [INFO] 작업자 스레드 시작 (ThreadID: 29308)
[14:27:05.478] [INFO] 작업자 스레드 #2 생성됨
[14:27:05.478] [INFO] 작업자 스레드 시작 (ThreadID: 40456)
[14:27:05.479] [INFO] 작업자 스레드 #3 생성됨
[14:27:05.479] [INFO] 작업자 스레드 시작 (ThreadID: 33452)
[14:27:05.480] [INFO] 작업자 스레드 #4 생성됨
[14:27:05.480] [INFO] 작업자 스레드 시작 (ThreadID: 32304)
[14:27:05.481] [INFO] 작업자 스레드 #5 생성됨
[14:27:05.481] [INFO] 작업자 스레드 시작 (ThreadID: 34128)
[14:27:05.482] [INFO] 작업자 스레드 #6 생성됨
[14:27:05.482] [INFO] 작업자 스레드 시작 (ThreadID: 35224)
[14:27:05.482] [INFO] 작업자 스레드 #7 생성됨
[14:27:05.482] [INFO] 작업자 스레드 시작 (ThreadID: 6976)
[14:27:05.483] [INFO] 작업자 스레드 #8 생성됨
[14:27:05.483] [INFO] 작업자 스레드 시작 (ThreadID: 2444)
[14:27:05.483] [INFO] 작업자 스레드 #9 생성됨
[14:27:05.483] [INFO] 작업자 스레드 시작 (ThreadID: 38308)
[14:27:05.484] [INFO] 작업자 스레드 #10 생성됨
[14:27:05.484] [INFO] 작업자 스레드 시작 (ThreadID: 7960)
[14:27:05.485] [INFO] 작업자 스레드 #11 생성됨
[14:27:05.485] [INFO] 작업자 스레드 시작 (ThreadID: 38624)
[14:27:05.485] [INFO] 작업자 스레드 #12 생성됨
[14:27:05.485] [INFO] 작업자 스레드 시작 (ThreadID: 32876)
[14:27:05.486] [INFO] 작업자 스레드 #13 생성됨
[14:27:05.486] [INFO] 작업자 스레드 시작 (ThreadID: 25732)
[14:27:05.487] [INFO] 작업자 스레드 #14 생성됨
[14:27:05.487] [INFO] 작업자 스레드 시작 (ThreadID: 26056)
[14:27:05.487] [INFO] 작업자 스레드 #15 생성됨
[14:27:05.488] [INFO] 작업자 스레드 시작 (ThreadID: 32980)
[14:27:05.488] [INFO] 작업자 스레드 #16 생성됨
[14:27:05.488] [INFO] 서버 초기화 완료
[14:27:05.489] [INFO] 작업자 스레드 시작 (ThreadID: 1432)
[14:27:05.489] [INFO] 서버 실행. 포트 번호: 9000
[14:27:05.489] [INFO] IOCP 멀티플레이어 서버 시작됨...
[14:27:05.489] [INFO] 서버 실행 시작
[14:27:52.699] [DEBUG] [SendPacket] WSASend 요청 성공 - 컨텍스트: SendClientId, 보낸 크기: 7, 클라이언트 ID: 1
[14:27:52.700] [INFO] 새 클라이언트에게 ID 1 전송됨
[14:27:52.700] [DEBUG] [SendPacket] WSASend 요청 성공 - 컨텍스트: SendInitialPosition, 보낸 크기: 32, 클라이언트 ID: 1
[14:27:52.701] [INFO] 초기 위치 정보 전송됨 - 클라이언트 ID: 1, 위치: X=0.000000, Y=0.000000, Z=90.000000
[14:27:52.701] [INFO] 새 플레이어 정보(ID: 1) 브로드캐스트 - 수신자 수: 0
[14:27:52.701] [INFO] 기존 플레이어 정보 0개가 새 클라이언트(ID: 1)에게 전송됨
[14:27:52.702] [INFO] 위치 업데이트 - 클라이언트 ID: 1, 위치: X=0.000000, Y=0.000000, Z=90.000000, 속도: X=0.000000, Y=0.000000, Z=0.000000
[14:27:52.702] [INFO] 서버 FPS: 0.042356, 평균 프레임 시간: 4721.899902ms, 클라이언트 수: 1
[14:27:53.805] [DEBUG] 데이터 수신: 11 바이트, 클라이언트 ID: 1
[14:27:53.805] [DEBUG] [ProcessPacket] Ping 수신, ClientId: 1
[14:27:53.806] [DEBUG] [SendPacket] WSASend 요청 성공 - 컨텍스트: ServerPong, 보낸 크기: 11, 클라이언트 ID: 1
[14:27:53.806] [INFO] [Packet] Pong 전송 - ClientId: 1
[14:27:54.500] [DEBUG] 데이터 수신: 21 바이트, 클라이언트 ID: 1
[14:27:54.500] [INFO] 입력 패킷 수신 - 클라이언트 ID: 1, Forward: 1.000000, Right: 0.000000, Yaw: 348.799988, Jump: false, Attack: false
[14:27:54.541] [DEBUG] 데이터 수신: 21 바이트, 클라이언트 ID: 1
[14:27:54.541] [INFO] 입력 패킷 수신 - 클라이언트 ID: 1, Forward: 1.000000, Right: 0.000000, Yaw: 347.575012, Jump: false, Attack: false
[14:27:54.579] [DEBUG] 데이터 수신: 21 바이트, 클라이언트 ID: 1
[14:27:54.579] [INFO] 입력 패킷 수신 - 클라이언트 ID: 1, Forward: 1.000000, Right: 0.000000, Yaw: 346.875000, Jump: false, Attack: false
[14:27:54.619] [DEBUG] 데이터 수신: 21 바이트, 클라이언트 ID: 1
[14:27:54.619] [INFO] 입력 패킷 수신 - 클라이언트 ID: 1, Forward: 1.000000, Right: 0.000000, Yaw: 346.875000, Jump: false, Attack: false
[14:27:54.660] [DEBUG] 데이터 수신: 21 바이트, 클라이언트 ID: 1
[14:27:54.661] [INFO] 입력 패킷 수신 - 클라이언트 ID: 1, Forward: 1.000000, Right: 0.000000, Yaw: 346.875000, Jump: false, Attack: false
[14:27:54.697] [DEBUG] 데이터 수신: 21 바이트, 클라이언트 ID: 1
[14:27:54.697] [INFO] 입력 패킷 수신 - 클라이언트 ID: 1, Forward: 1.000000, Right: 0.000000, Yaw: 346.875000, Jump: false, Attack: false
[14:27:54.734] [DEBUG] 데이터 수신: 21 바이트, 클라이언트 ID: 1
[14:27:54.735] [INFO] 입력 패킷 수신 - 클라이언트 ID: 1, Forward: 1.000000, Right: 0.000000, Yaw: 346.875000, Jump: false, Attack: false
[14:27:54.771] [DEBUG] 데이터 수신: 21 바이트, 클라이언트 ID: 1
[14:27:54.772] [INFO] 입력 패킷 수신 - 클라이언트 ID: 1, Forward: 1.000000, Right: 0.000000, Yaw: 346.875000, Jump: false, Attack: false
[14:27:54.808] [DEBUG] 데이터 수신: 11 바이트, 클라이언트 ID: 1
[14:27:54.809] [DEBUG] [ProcessPacket] Ping 수신, ClientId: 1
[14:27:54.809] [DEBUG] [SendPacket] WSASend 요청 성공 - 컨텍스트: ServerPong, 보낸 크기: 11, 클라이언트 ID: 1
[14:27:54.809] [INFO] [Packet] Pong 전송 - ClientId: 1
[14:27:54.809] [DEBUG] 데이터 수신: 21 바이트, 클라이언트 ID: 1
[14:27:54.810] [INFO] 입력 패킷 수신 - 클라이언트 ID: 1, Forward: 1.000000, Right: 0.000000, Yaw: 346.875000, Jump: false, Attack: false
[14:27:54.846] [DEBUG] 데이터 수신: 21 바이트, 클라이언트 ID: 1
[14:27:54.847] [INFO] 입력 패킷 수신 - 클라이언트 ID: 1, Forward: 1.000000, Right: 0.000000, Yaw: 346.875000, Jump: false, Attack: false
[14:27:54.884] [DEBUG] 데이터 수신: 21 바이트, 클라이언트 ID: 1
[14:27:54.885] [INFO] 입력 패킷 수신 - 클라이언트 ID: 1, Forward: 1.000000, Right: 0.000000, Yaw: 346.524994, Jump: false, Attack: false
[14:27:55.594] [DEBUG] 데이터 수신: 21 바이트, 클라이언트 ID: 1
[14:27:55.595] [INFO] 입력 패킷 수신 - 클라이언트 ID: 1, Forward: 0.000000, Right: -1.000000, Yaw: 345.299988, Jump: false, Attack: false
[14:27:55.630] [DEBUG] 데이터 수신: 21 바이트, 클라이언트 ID: 1
[14:27:55.630] [INFO] 입력 패킷 수신 - 클라이언트 ID: 1, Forward: 0.000000, Right: -1.000000, Yaw: 345.299988, Jump: false, Attack: false
[14:27:55.665] [DEBUG] 데이터 수신: 21 바이트, 클라이언트 ID: 1
[14:27:55.665] [INFO] 입력 패킷 수신 - 클라이언트 ID: 1, Forward: 0.000000, Right: -1.000000, Yaw: 345.299988, Jump: false, Attack: false
[14:27:55.699] [DEBUG] 데이터 수신: 21 바이트, 클라이언트 ID: 1
[14:27:55.700] [INFO] 입력 패킷 수신 - 클라이언트 ID: 1, Forward: 0.000000, Right: -1.000000, Yaw: 345.299988, Jump: false, Attack: false
[14:27:55.735] [DEBUG] 데이터 수신: 21 바이트, 클라이언트 ID: 1
[14:27:55.735] [INFO] 입력 패킷 수신 - 클라이언트 ID: 1, Forward: 0.000000, Right: -1.000000, Yaw: 345.299988, Jump: false, Attack: false
[14:27:55.773] [DEBUG] 데이터 수신: 21 바이트, 클라이언트 ID: 1
[14:27:55.773] [INFO] 입력 패킷 수신 - 클라이언트 ID: 1, Forward: 0.000000, Right: -1.000000, Yaw: 345.299988, Jump: false, Attack: false
[14:27:55.812] [DEBUG] 데이터 수신: 11 바이트, 클라이언트 ID: 1
[14:27:55.812] [DEBUG] [ProcessPacket] Ping 수신, ClientId: 1
[14:27:55.813] [DEBUG] [SendPacket] WSASend 요청 성공 - 컨텍스트: ServerPong, 보낸 크기: 11, 클라이언트 ID: 1
[14:27:55.813] [INFO] [Packet] Pong 전송 - ClientId: 1
[14:27:55.813] [DEBUG] 데이터 수신: 21 바이트, 클라이언트 ID: 1
[14:27:55.813] [INFO] 입력 패킷 수신 - 클라이언트 ID: 1, Forward: 0.000000, Right: -1.000000, Yaw: 345.299988, Jump: false, Attack: false
[14:27:55.847] [DEBUG] 데이터 수신: 21 바이트, 클라이언트 ID: 1
[14:27:55.848] [INFO] 입력 패킷 수신 - 클라이언트 ID: 1, Forward: 0.000000, Right: -1.000000, Yaw: 345.299988, Jump: false, Attack: false
[14:27:55.883] [DEBUG] 데이터 수신: 21 바이트, 클라이언트 ID: 1
[14:27:55.883] [INFO] 입력 패킷 수신 - 클라이언트 ID: 1, Forward: 0.000000, Right: -1.000000, Yaw: 345.299988, Jump: false, Attack: false
[14:27:55.955] [DEBUG] 데이터 수신: 21 바이트, 클라이언트 ID: 1
[14:27:55.956] [INFO] 입력 패킷 수신 - 클라이언트 ID: 1, Forward: 0.000000, Right: 1.000000, Yaw: 345.299988, Jump: false, Attack: false
[14:27:55.991] [DEBUG] 데이터 수신: 21 바이트, 클라이언트 ID: 1
[14:27:55.992] [INFO] 입력 패킷 수신 - 클라이언트 ID: 1, Forward: 0.000000, Right: 1.000000, Yaw: 345.299988, Jump: false, Attack: false
[14:27:56.028] [DEBUG] 데이터 수신: 21 바이트, 클라이언트 ID: 1
[14:27:56.029] [INFO] 입력 패킷 수신 - 클라이언트 ID: 1, Forward: 0.000000, Right: 1.000000, Yaw: 345.299988, Jump: false, Attack: false
[14:27:56.065] [DEBUG] 데이터 수신: 21 바이트, 클라이언트 ID: 1
[14:27:56.065] [INFO] 입력 패킷 수신 - 클라이언트 ID: 1, Forward: 0.000000, Right: 1.000000, Yaw: 345.299988, Jump: false, Attack: false
[14:27:56.103] [DEBUG] 데이터 수신: 21 바이트, 클라이언트 ID: 1
[14:27:56.103] [INFO] 입력 패킷 수신 - 클라이언트 ID: 1, Forward: -1.000000, Right: 0.000000, Yaw: 345.299988, Jump: false, Attack: false
[14:27:56.137] [DEBUG] 데이터 수신: 21 바이트, 클라이언트 ID: 1
[14:27:56.138] [INFO] 입력 패킷 수신 - 클라이언트 ID: 1, Forward: -1.000000, Right: 0.000000, Yaw: 345.299988, Jump: false, Attack: false
[14:27:56.174] [DEBUG] 데이터 수신: 21 바이트, 클라이언트 ID: 1
[14:27:56.174] [INFO] 입력 패킷 수신 - 클라이언트 ID: 1, Forward: -1.000000, Right: 0.000000, Yaw: 345.299988, Jump: false, Attack: false
[14:27:56.210] [DEBUG] 데이터 수신: 21 바이트, 클라이언트 ID: 1
[14:27:56.211] [INFO] 입력 패킷 수신 - 클라이언트 ID: 1, Forward: -1.000000, Right: 0.000000, Yaw: 345.299988, Jump: false, Attack: false
[14:27:56.248] [DEBUG] 데이터 수신: 21 바이트, 클라이언트 ID: 1
[14:27:56.248] [INFO] 입력 패킷 수신 - 클라이언트 ID: 1, Forward: -1.000000, Right: 0.000000, Yaw: 345.299988, Jump: false, Attack: false
[14:27:56.284] [DEBUG] 데이터 수신: 21 바이트, 클라이언트 ID: 1
[14:27:56.284] [INFO] 입력 패킷 수신 - 클라이언트 ID: 1, Forward: -1.000000, Right: 0.000000, Yaw: 345.125000, Jump: false, Attack: false
[14:27:56.320] [DEBUG] 데이터 수신: 21 바이트, 클라이언트 ID: 1
[14:27:56.321] [INFO] 입력 패킷 수신 - 클라이언트 ID: 1, Forward: -1.000000, Right: 0.000000, Yaw: 345.125000, Jump: false, Attack: false
[14:27:56.356] [DEBUG] 데이터 수신: 21 바이트, 클라이언트 ID: 1
[14:27:56.357] [INFO] 입력 패킷 수신 - 클라이언트 ID: 1, Forward: -1.000000, Right: 0.000000, Yaw: 344.950012, Jump: false, Attack: false
[14:27:56.392] [DEBUG] 데이터 수신: 21 바이트, 클라이언트 ID: 1
[14:27:56.393] [INFO] 입력 패킷 수신 - 클라이언트 ID: 1, Forward: -1.000000, Right: 0.000000, Yaw: 344.950012, Jump: false, Attack: false
[14:27:56.428] [DEBUG] 데이터 수신: 21 바이트, 클라이언트 ID: 1
[14:27:56.428] [INFO] 입력 패킷 수신 - 클라이언트 ID: 1, Forward: -1.000000, Right: 0.000000, Yaw: 344.774994, Jump: false, Attack: false
[14:27:56.466] [DEBUG] 데이터 수신: 21 바이트, 클라이언트 ID: 1
[14:27:56.466] [INFO] 입력 패킷 수신 - 클라이언트 ID: 1, Forward: -1.000000, Right: 0.000000, Yaw: 344.774994, Jump: false, Attack: false
[14:27:56.752] [DEBUG] 데이터 수신: 21 바이트, 클라이언트 ID: 1
[14:27:56.752] [INFO] 입력 패킷 수신 - 클라이언트 ID: 1, Forward: 0.000000, Right: 0.000000, Yaw: 344.774994, Jump: false, Attack: true
[14:27:56.783] [DEBUG] 데이터 수신: 21 바이트, 클라이언트 ID: 1
[14:27:56.784] [INFO] 입력 패킷 수신 - 클라이언트 ID: 1, Forward: 0.000000, Right: 0.000000, Yaw: 344.774994, Jump: false, Attack: true
[14:27:56.818] [DEBUG] 데이터 수신: 11 바이트, 클라이언트 ID: 1
[14:27:56.819] [DEBUG] [ProcessPacket] Ping 수신, ClientId: 1
[14:27:56.819] [DEBUG] [SendPacket] WSASend 요청 성공 - 컨텍스트: ServerPong, 보낸 크기: 11, 클라이언트 ID: 1
[14:27:56.819] [INFO] [Packet] Pong 전송 - ClientId: 1
[14:27:57.833] [DEBUG] 데이터 수신: 11 바이트, 클라이언트 ID: 1
[14:27:57.833] [DEBUG] [ProcessPacket] Ping 수신, ClientId: 1
[14:27:57.834] [DEBUG] [SendPacket] WSASend 요청 성공 - 컨텍스트: ServerPong, 보낸 크기: 11, 클라이언트 ID: 1
[14:27:57.834] [INFO] [Packet] Pong 전송 - ClientId: 1
[14:27:58.860] [DEBUG] 데이터 수신: 11 바이트, 클라이언트 ID: 1
[14:27:58.861] [DEBUG] [ProcessPacket] Ping 수신, ClientId: 1
[14:27:58.861] [DEBUG] [SendPacket] WSASend 요청 성공 - 컨텍스트: ServerPong, 보낸 크기: 11, 클라이언트 ID: 1
[14:27:58.861] [INFO] [Packet] Pong 전송 - ClientId: 1
[14:27:59.889] [DEBUG] 데이터 수신: 11 바이트, 클라이언트 ID: 1
[14:27:59.890] [DEBUG] [ProcessPacket] Ping 수신, ClientId: 1
[14:27:59.890] [DEBUG] [SendPacket] WSASend 요청 성공 - 컨텍스트: ServerPong, 보낸 크기: 11, 클라이언트 ID: 1
[14:27:59.890] [INFO] [Packet] Pong 전송 - ClientId: 1
[14:28:00.293] [DEBUG] 데이터 수신: 21 바이트, 클라이언트 ID: 1
[14:28:00.294] [INFO] 입력 패킷 수신 - 클라이언트 ID: 1, Forward: -1.000000, Right: 0.000000, Yaw: 344.950012, Jump: false, Attack: false
[14:28:00.329] [DEBUG] 데이터 수신: 21 바이트, 클라이언트 ID: 1
[14:28:00.329] [INFO] 입력 패킷 수신 - 클라이언트 ID: 1, Forward: -1.000000, Right: 0.000000, Yaw: 344.950012, Jump: false, Attack: false
[14:28:00.361] [DEBUG] 데이터 수신: 21 바이트, 클라이언트 ID: 1
[14:28:00.362] [INFO] 입력 패킷 수신 - 클라이언트 ID: 1, Forward: -1.000000, Right: 0.000000, Yaw: 344.950012, Jump: false, Attack: false
[14:28:00.400] [DEBUG] 데이터 수신: 21 바이트, 클라이언트 ID: 1
[14:28:00.401] [INFO] 입력 패킷 수신 - 클라이언트 ID: 1, Forward: -1.000000, Right: 0.000000, Yaw: 344.950012, Jump: false, Attack: false
[14:28:00.438] [DEBUG] 데이터 수신: 21 바이트, 클라이언트 ID: 1
[14:28:00.439] [INFO] 입력 패킷 수신 - 클라이언트 ID: 1, Forward: -1.000000, Right: 0.000000, Yaw: 344.950012, Jump: false, Attack: false
[14:28:00.472] [DEBUG] 데이터 수신: 21 바이트, 클라이언트 ID: 1
[14:28:00.473] [INFO] 입력 패킷 수신 - 클라이언트 ID: 1, Forward: -1.000000, Right: 0.000000, Yaw: 344.950012, Jump: false, Attack: false
[14:28:00.507] [DEBUG] 데이터 수신: 21 바이트, 클라이언트 ID: 1
[14:28:00.507] [INFO] 입력 패킷 수신 - 클라이언트 ID: 1, Forward: -1.000000, Right: 0.000000, Yaw: 344.950012, Jump: false, Attack: false
[14:28:00.543] [DEBUG] 데이터 수신: 21 바이트, 클라이언트 ID: 1
[14:28:00.543] [INFO] 입력 패킷 수신 - 클라이언트 ID: 1, Forward: -1.000000, Right: 0.000000, Yaw: 344.950012, Jump: false, Attack: false
[14:28:00.580] [DEBUG] 데이터 수신: 21 바이트, 클라이언트 ID: 1
[14:28:00.581] [INFO] 입력 패킷 수신 - 클라이언트 ID: 1, Forward: -1.000000, Right: 0.000000, Yaw: 344.950012, Jump: false, Attack: false
[14:28:00.615] [DEBUG] 데이터 수신: 21 바이트, 클라이언트 ID: 1
[14:28:00.616] [INFO] 입력 패킷 수신 - 클라이언트 ID: 1, Forward: -1.000000, Right: 0.000000, Yaw: 344.950012, Jump: false, Attack: false
[14:28:00.922] [DEBUG] 데이터 수신: 11 바이트, 클라이언트 ID: 1
[14:28:00.922] [DEBUG] [ProcessPacket] Ping 수신, ClientId: 1
[14:28:00.922] [DEBUG] [SendPacket] WSASend 요청 성공 - 컨텍스트: ServerPong, 보낸 크기: 11, 클라이언트 ID: 1
[14:28:00.923] [INFO] [Packet] Pong 전송 - ClientId: 1
[14:28:01.950] [DEBUG] 데이터 수신: 11 바이트, 클라이언트 ID: 1
[14:28:01.950] [DEBUG] [ProcessPacket] Ping 수신, ClientId: 1
[14:28:01.950] [DEBUG] [SendPacket] WSASend 요청 성공 - 컨텍스트: ServerPong, 보낸 크기: 11, 클라이언트 ID: 1
[14:28:01.951] [INFO] [Packet] Pong 전송 - ClientId: 1
[14:28:02.965] [DEBUG] 데이터 수신: 11 바이트, 클라이언트 ID: 1
[14:28:02.966] [DEBUG] [ProcessPacket] Ping 수신, ClientId: 1
[14:28:02.966] [DEBUG] [SendPacket] WSASend 요청 성공 - 컨텍스트: ServerPong, 보낸 크기: 11, 클라이언트 ID: 1
[14:28:02.967] [INFO] [Packet] Pong 전송 - ClientId: 1
[14:28:03.979] [DEBUG] 데이터 수신: 11 바이트, 클라이언트 ID: 1
[14:28:03.979] [DEBUG] [ProcessPacket] Ping 수신, ClientId: 1
[14:28:03.979] [DEBUG] [SendPacket] WSASend 요청 성공 - 컨텍스트: ServerPong, 보낸 크기: 11, 클라이언트 ID: 1
[14:28:03.980] [INFO] [Packet] Pong 전송 - ClientId: 1
[14:28:04.175] [DEBUG] 데이터 수신: 21 바이트, 클라이언트 ID: 1
[14:28:04.175] [INFO] 입력 패킷 수신 - 클라이언트 ID: 1, Forward: 0.000000, Right: -1.000000, Yaw: 344.950012, Jump: false, Attack: false
[14:28:04.211] [DEBUG] 데이터 수신: 21 바이트, 클라이언트 ID: 1
[14:28:04.212] [INFO] 입력 패킷 수신 - 클라이언트 ID: 1, Forward: 0.000000, Right: -1.000000, Yaw: 344.950012, Jump: false, Attack: false
[14:28:04.246] [DEBUG] 데이터 수신: 21 바이트, 클라이언트 ID: 1
[14:28:04.247] [INFO] 입력 패킷 수신 - 클라이언트 ID: 1, Forward: 0.000000, Right: -1.000000, Yaw: 344.950012, Jump: false, Attack: false
[14:28:04.285] [DEBUG] 데이터 수신: 21 바이트, 클라이언트 ID: 1
[14:28:04.285] [INFO] 입력 패킷 수신 - 클라이언트 ID: 1, Forward: 0.000000, Right: -1.000000, Yaw: 344.950012, Jump: false, Attack: false
[14:28:04.319] [DEBUG] 데이터 수신: 21 바이트, 클라이언트 ID: 1
[14:28:04.319] [INFO] 입력 패킷 수신 - 클라이언트 ID: 1, Forward: 0.000000, Right: -1.000000, Yaw: 344.950012, Jump: false, Attack: false
[14:28:04.361] [DEBUG] 데이터 수신: 21 바이트, 클라이언트 ID: 1
[14:28:04.361] [INFO] 입력 패킷 수신 - 클라이언트 ID: 1, Forward: 0.000000, Right: -1.000000, Yaw: 344.950012, Jump: false, Attack: false
[14:28:04.391] [DEBUG] 데이터 수신: 21 바이트, 클라이언트 ID: 1
[14:28:04.392] [INFO] 입력 패킷 수신 - 클라이언트 ID: 1, Forward: 0.000000, Right: -1.000000, Yaw: 344.950012, Jump: false, Attack: false
[14:28:04.427] [DEBUG] 데이터 수신: 21 바이트, 클라이언트 ID: 1
[14:28:04.427] [INFO] 입력 패킷 수신 - 클라이언트 ID: 1, Forward: 0.000000, Right: -1.000000, Yaw: 344.950012, Jump: false, Attack: false
[14:28:04.464] [DEBUG] 데이터 수신: 21 바이트, 클라이언트 ID: 1
[14:28:04.464] [INFO] 입력 패킷 수신 - 클라이언트 ID: 1, Forward: 0.000000, Right: -1.000000, Yaw: 344.950012, Jump: false, Attack: false
[14:28:04.498] [DEBUG] 데이터 수신: 21 바이트, 클라이언트 ID: 1
[14:28:04.498] [INFO] 입력 패킷 수신 - 클라이언트 ID: 1, Forward: 0.000000, Right: -1.000000, Yaw: 344.950012, Jump: false, Attack: false
[14:28:04.532] [DEBUG] 데이터 수신: 21 바이트, 클라이언트 ID: 1
[14:28:04.532] [INFO] 입력 패킷 수신 - 클라이언트 ID: 1, Forward: 0.000000, Right: -1.000000, Yaw: 344.950012, Jump: false, Attack: false
[14:28:04.567] [DEBUG] 데이터 수신: 21 바이트, 클라이언트 ID: 1
[14:28:04.567] [INFO] 입력 패킷 수신 - 클라이언트 ID: 1, Forward: 0.000000, Right: -1.000000, Yaw: 344.950012, Jump: false, Attack: false
[14:28:04.602] [DEBUG] 데이터 수신: 21 바이트, 클라이언트 ID: 1
[14:28:04.603] [INFO] 입력 패킷 수신 - 클라이언트 ID: 1, Forward: 0.000000, Right: -1.000000, Yaw: 344.950012, Jump: false, Attack: false
[14:28:04.637] [DEBUG] 데이터 수신: 21 바이트, 클라이언트 ID: 1
[14:28:04.638] [INFO] 입력 패킷 수신 - 클라이언트 ID: 1, Forward: 0.000000, Right: -1.000000, Yaw: 344.950012, Jump: false, Attack: false
[14:28:04.673] [DEBUG] 데이터 수신: 21 바이트, 클라이언트 ID: 1
[14:28:04.673] [INFO] 입력 패킷 수신 - 클라이언트 ID: 1, Forward: 0.000000, Right: -1.000000, Yaw: 344.950012, Jump: false, Attack: false
[14:28:04.709] [DEBUG] 데이터 수신: 21 바이트, 클라이언트 ID: 1
[14:28:04.709] [INFO] 입력 패킷 수신 - 클라이언트 ID: 1, Forward: 0.000000, Right: -1.000000, Yaw: 344.950012, Jump: false, Attack: false
[14:28:04.983] [DEBUG] 데이터 수신: 11 바이트, 클라이언트 ID: 1
[14:28:04.984] [DEBUG] [ProcessPacket] Ping 수신, ClientId: 1
[14:28:04.984] [DEBUG] [SendPacket] WSASend 요청 성공 - 컨텍스트: ServerPong, 보낸 크기: 11, 클라이언트 ID: 1
[14:28:04.984] [INFO] [Packet] Pong 전송 - ClientId: 1
[14:28:06.014] [DEBUG] 데이터 수신: 11 바이트, 클라이언트 ID: 1
[14:28:06.014] [DEBUG] [ProcessPacket] Ping 수신, ClientId: 1
[14:28:06.015] [DEBUG] [SendPacket] WSASend 요청 성공 - 컨텍스트: ServerPong, 보낸 크기: 11, 클라이언트 ID: 1
[14:28:06.015] [INFO] [Packet] Pong 전송 - ClientId: 1
[14:28:07.026] [DEBUG] 데이터 수신: 11 바이트, 클라이언트 ID: 1
[14:28:07.026] [DEBUG] [ProcessPacket] Ping 수신, ClientId: 1
[14:28:07.027] [DEBUG] [SendPacket] WSASend 요청 성공 - 컨텍스트: ServerPong, 보낸 크기: 11, 클라이언트 ID: 1
[14:28:07.027] [INFO] [Packet] Pong 전송 - ClientId: 1
[14:28:08.028] [DEBUG] 데이터 수신: 11 바이트, 클라이언트 ID: 1
[14:28:08.029] [DEBUG] [ProcessPacket] Ping 수신, ClientId: 1
[14:28:08.029] [DEBUG] [SendPacket] WSASend 요청 성공 - 컨텍스트: ServerPong, 보낸 크기: 11, 클라이언트 ID: 1
[14:28:08.030] [INFO] [Packet] Pong 전송 - ClientId: 1
[14:28:09.039] [DEBUG] 데이터 수신: 11 바이트, 클라이언트 ID: 1
[14:28:09.039] [DEBUG] [ProcessPacket] Ping 수신, ClientId: 1
[14:28:09.039] [DEBUG] [SendPacket] WSASend 요청 성공 - 컨텍스트: ServerPong, 보낸 크기: 11, 클라이언트 ID: 1
[14:28:09.039] [INFO] [Packet] Pong 전송 - ClientId: 1
[14:28:10.049] [DEBUG] 데이터 수신: 11 바이트, 클라이언트 ID: 1
[14:28:10.049] [DEBUG] [ProcessPacket] Ping 수신, ClientId: 1
[14:28:10.049] [DEBUG] [SendPacket] WSASend 요청 성공 - 컨텍스트: ServerPong, 보낸 크기: 11, 클라이언트 ID: 1
[14:28:10.050] [INFO] [Packet] Pong 전송 - ClientId: 1
[14:28:11.055] [DEBUG] 데이터 수신: 11 바이트, 클라이언트 ID: 1
[14:28:11.055] [DEBUG] [ProcessPacket] Ping 수신, ClientId: 1
[14:28:11.056] [DEBUG] [SendPacket] WSASend 요청 성공 - 컨텍스트: ServerPong, 보낸 크기: 11, 클라이언트 ID: 1
[14:28:11.056] [INFO] [Packet] Pong 전송 - ClientId: 1
[14:28:12.086] [DEBUG] 데이터 수신: 11 바이트, 클라이언트 ID: 1
[14:28:12.086] [DEBUG] [ProcessPacket] Ping 수신, ClientId: 1
[14:28:12.086] [DEBUG] [SendPacket] WSASend 요청 성공 - 컨텍스트: ServerPong, 보낸 크기: 11, 클라이언트 ID: 1
[14:28:12.086] [INFO] [Packet] Pong 전송 - ClientId: 1
[14:28:13.089] [DEBUG] 데이터 수신: 11 바이트, 클라이언트 ID: 1
[14:28:13.090] [DEBUG] [ProcessPacket] Ping 수신, ClientId: 1
[14:28:13.090] [DEBUG] [SendPacket] WSASend 요청 성공 - 컨텍스트: ServerPong, 보낸 크기: 11, 클라이언트 ID: 1
[14:28:13.090] [INFO] [Packet] Pong 전송 - ClientId: 1
[14:28:14.100] [DEBUG] 데이터 수신: 11 바이트, 클라이언트 ID: 1
[14:28:14.101] [DEBUG] [ProcessPacket] Ping 수신, ClientId: 1
[14:28:14.101] [DEBUG] [SendPacket] WSASend 요청 성공 - 컨텍스트: ServerPong, 보낸 크기: 11, 클라이언트 ID: 1
[14:28:14.101] [INFO] [Packet] Pong 전송 - ClientId: 1
[14:28:15.104] [DEBUG] 데이터 수신: 11 바이트, 클라이언트 ID: 1
[14:28:15.104] [DEBUG] [ProcessPacket] Ping 수신, ClientId: 1
[14:28:15.104] [DEBUG] [SendPacket] WSASend 요청 성공 - 컨텍스트: ServerPong, 보낸 크기: 11, 클라이언트 ID: 1
[14:28:15.104] [INFO] [Packet] Pong 전송 - ClientId: 1
[14:28:15.203] [DEBUG] 데이터 수신: 21 바이트, 클라이언트 ID: 1
[14:28:15.204] [INFO] 입력 패킷 수신 - 클라이언트 ID: 1, Forward: 0.000000, Right: 1.000000, Yaw: 344.950012, Jump: false, Attack: false
[14:28:15.237] [DEBUG] 데이터 수신: 21 바이트, 클라이언트 ID: 1
[14:28:15.238] [INFO] 입력 패킷 수신 - 클라이언트 ID: 1, Forward: 0.000000, Right: 1.000000, Yaw: 344.950012, Jump: false, Attack: false
[14:28:15.268] [DEBUG] 데이터 수신: 21 바이트, 클라이언트 ID: 1
[14:28:15.269] [INFO] 입력 패킷 수신 - 클라이언트 ID: 1, Forward: 0.000000, Right: 1.000000, Yaw: 344.950012, Jump: false, Attack: false
[14:28:15.305] [DEBUG] 데이터 수신: 21 바이트, 클라이언트 ID: 1
[14:28:15.306] [INFO] 입력 패킷 수신 - 클라이언트 ID: 1, Forward: 0.000000, Right: 1.000000, Yaw: 344.950012, Jump: false, Attack: false
[14:28:15.338] [DEBUG] 데이터 수신: 21 바이트, 클라이언트 ID: 1
[14:28:15.339] [INFO] 입력 패킷 수신 - 클라이언트 ID: 1, Forward: 0.000000, Right: 1.000000, Yaw: 344.950012, Jump: false, Attack: false
[14:28:15.373] [DEBUG] 데이터 수신: 21 바이트, 클라이언트 ID: 1
[14:28:15.373] [INFO] 입력 패킷 수신 - 클라이언트 ID: 1, Forward: 0.000000, Right: 1.000000, Yaw: 344.950012, Jump: false, Attack: false
[14:28:15.408] [DEBUG] 데이터 수신: 21 바이트, 클라이언트 ID: 1
[14:28:15.409] [INFO] 입력 패킷 수신 - 클라이언트 ID: 1, Forward: 0.000000, Right: 1.000000, Yaw: 344.950012, Jump: false, Attack: false
[14:28:15.444] [DEBUG] 데이터 수신: 21 바이트, 클라이언트 ID: 1
[14:28:15.444] [INFO] 입력 패킷 수신 - 클라이언트 ID: 1, Forward: 0.000000, Right: 1.000000, Yaw: 344.950012, Jump: false, Attack: false
[14:28:15.478] [DEBUG] 데이터 수신: 21 바이트, 클라이언트 ID: 1
[14:28:15.479] [INFO] 입력 패킷 수신 - 클라이언트 ID: 1, Forward: 0.000000, Right: 1.000000, Yaw: 344.950012, Jump: false, Attack: false
[14:28:15.513] [DEBUG] 데이터 수신: 21 바이트, 클라이언트 ID: 1
[14:28:15.513] [INFO] 입력 패킷 수신 - 클라이언트 ID: 1, Forward: 0.000000, Right: 1.000000, Yaw: 344.950012, Jump: false, Attack: false
[14:28:15.547] [DEBUG] 데이터 수신: 21 바이트, 클라이언트 ID: 1
[14:28:15.548] [INFO] 입력 패킷 수신 - 클라이언트 ID: 1, Forward: 0.000000, Right: 1.000000, Yaw: 344.950012, Jump: false, Attack: false
[14:28:15.582] [DEBUG] 데이터 수신: 21 바이트, 클라이언트 ID: 1
[14:28:15.582] [INFO] 입력 패킷 수신 - 클라이언트 ID: 1, Forward: 0.000000, Right: 1.000000, Yaw: 344.950012, Jump: false, Attack: false
[14:28:15.617] [DEBUG] 데이터 수신: 21 바이트, 클라이언트 ID: 1
[14:28:15.618] [INFO] 입력 패킷 수신 - 클라이언트 ID: 1, Forward: 0.000000, Right: 1.000000, Yaw: 344.950012, Jump: false, Attack: false
[14:28:15.653] [DEBUG] 데이터 수신: 21 바이트, 클라이언트 ID: 1
[14:28:15.654] [INFO] 입력 패킷 수신 - 클라이언트 ID: 1, Forward: 0.000000, Right: 1.000000, Yaw: 344.950012, Jump: false, Attack: false
[14:28:16.122] [DEBUG] 데이터 수신: 11 바이트, 클라이언트 ID: 1
[14:28:16.123] [DEBUG] [ProcessPacket] Ping 수신, ClientId: 1
[14:28:16.123] [DEBUG] [SendPacket] WSASend 요청 성공 - 컨텍스트: ServerPong, 보낸 크기: 11, 클라이언트 ID: 1
[14:28:16.123] [INFO] [Packet] Pong 전송 - ClientId: 1
[14:29:03.150] [DEBUG] [SendPacket] WSASend 요청 성공 - 컨텍스트: SendClientId, 보낸 크기: 7, 클라이언트 ID: 2
[14:29:03.151] [INFO] 새 클라이언트에게 ID 2 전송됨
[14:29:03.151] [DEBUG] [SendPacket] WSASend 요청 성공 - 컨텍스트: SendInitialPosition, 보낸 크기: 32, 클라이언트 ID: 2
[14:29:03.151] [INFO] 초기 위치 정보 전송됨 - 클라이언트 ID: 2, 위치: X=300.000000, Y=0.000000, Z=90.000000
[14:29:03.152] [DEBUG] [SendPacket] WSASend 요청 성공 - 컨텍스트: BroadcastNewPlayer, 보낸 크기: 32, 클라이언트 ID: 1
[14:29:03.152] [INFO] 새 플레이어 정보(ID: 2) 브로드캐스트 - 수신자 수: 1
[14:29:03.152] [DEBUG] [SendPacket] WSASend 요청 성공 - 컨텍스트: SendExistingPlayers, 보낸 크기: 32, 클라이언트 ID: 2
[14:29:03.153] [INFO] 기존 플레이어 정보 1개가 새 클라이언트(ID: 2)에게 전송됨
[14:29:03.153] [WARNING] 비정상적으로 긴 델타 타임: 47.219002초
[14:29:03.153] [WARNING] 클라이언트 Pong 타임아웃 발생 - ID: 1
[14:29:03.153] [INFO] 위치 업데이트 - 클라이언트 ID: 2, 위치: X=300.000000, Y=0.000000, Z=90.000000, 속도: X=0.000000, Y=0.000000, Z=0.000000
[14:29:03.154] [WARNING] 클라이언트 제거 요청: 1명
[14:29:03.154] [INFO] 클라이언트 연결 끊김 (ID: 1)
[14:29:03.154] [INFO] 클라이언트가 정상적으로 연결 종료함 - ID: 1
[14:29:03.154] [DEBUG] [SendPacket] WSASend 요청 성공 - 컨텍스트: NotifyClientDisconnect, 보낸 크기: 32, 클라이언트 ID: 2
[14:29:03.154] [INFO] 클라이언트 연결 끊김 알림(ID: 1) - 수신자 수: 1
[14:29:03.155] [WARNING] 존재하지 않는 클라이언트 ID를 제거하려고 시도: 1
[14:29:03.155] [INFO] 서버 FPS: 0.014194, 평균 프레임 시간: 11295.009766ms, 클라이언트 수: 1
[14:29:04.148] [DEBUG] 데이터 수신: 11 바이트, 클라이언트 ID: 2
[14:29:04.149] [DEBUG] [ProcessPacket] Ping 수신, ClientId: 2
[14:29:04.149] [DEBUG] [SendPacket] WSASend 요청 성공 - 컨텍스트: ServerPong, 보낸 크기: 11, 클라이언트 ID: 2
[14:29:04.149] [INFO] [Packet] Pong 전송 - ClientId: 2
[14:29:05.148] [DEBUG] 데이터 수신: 11 바이트, 클라이언트 ID: 2
[14:29:05.149] [DEBUG] [ProcessPacket] Ping 수신, ClientId: 2
[14:29:05.149] [DEBUG] [SendPacket] WSASend 요청 성공 - 컨텍스트: ServerPong, 보낸 크기: 11, 클라이언트 ID: 2
[14:29:05.149] [INFO] [Packet] Pong 전송 - ClientId: 2
[14:29:06.150] [DEBUG] 데이터 수신: 11 바이트, 클라이언트 ID: 2
[14:29:06.151] [DEBUG] [ProcessPacket] Ping 수신, ClientId: 2
[14:29:06.151] [DEBUG] [SendPacket] WSASend 요청 성공 - 컨텍스트: ServerPong, 보낸 크기: 11, 클라이언트 ID: 2
[14:29:06.151] [INFO] [Packet] Pong 전송 - ClientId: 2
[14:29:07.149] [DEBUG] 데이터 수신: 11 바이트, 클라이언트 ID: 2
[14:29:07.149] [DEBUG] [ProcessPacket] Ping 수신, ClientId: 2
[14:29:07.149] [DEBUG] [SendPacket] WSASend 요청 성공 - 컨텍스트: ServerPong, 보낸 크기: 11, 클라이언트 ID: 2
[14:29:07.150] [INFO] [Packet] Pong 전송 - ClientId: 2
[14:29:08.149] [DEBUG] 데이터 수신: 11 바이트, 클라이언트 ID: 2
[14:29:08.149] [DEBUG] [ProcessPacket] Ping 수신, ClientId: 2
[14:29:08.150] [DEBUG] [SendPacket] WSASend 요청 성공 - 컨텍스트: ServerPong, 보낸 크기: 11, 클라이언트 ID: 2
[14:29:08.150] [INFO] [Packet] Pong 전송 - ClientId: 2
[14:29:09.149] [DEBUG] 데이터 수신: 11 바이트, 클라이언트 ID: 2
[14:29:09.149] [DEBUG] [ProcessPacket] Ping 수신, ClientId: 2
[14:29:09.150] [DEBUG] [SendPacket] WSASend 요청 성공 - 컨텍스트: ServerPong, 보낸 크기: 11, 클라이언트 ID: 2
[14:29:09.150] [INFO] [Packet] Pong 전송 - ClientId: 2
[14:29:10.149] [DEBUG] 데이터 수신: 11 바이트, 클라이언트 ID: 2
[14:29:10.150] [DEBUG] [ProcessPacket] Ping 수신, ClientId: 2
[14:29:10.150] [DEBUG] [SendPacket] WSASend 요청 성공 - 컨텍스트: ServerPong, 보낸 크기: 11, 클라이언트 ID: 2
[14:29:10.150] [INFO] [Packet] Pong 전송 - ClientId: 2
[14:29:11.168] [DEBUG] 데이터 수신: 11 바이트, 클라이언트 ID: 2
[14:29:11.169] [DEBUG] [ProcessPacket] Ping 수신, ClientId: 2
[14:29:11.169] [DEBUG] [SendPacket] WSASend 요청 성공 - 컨텍스트: ServerPong, 보낸 크기: 11, 클라이언트 ID: 2
[14:29:11.169] [INFO] [Packet] Pong 전송 - ClientId: 2
[14:29:17.918] [DEBUG] [SendPacket] WSASend 요청 성공 - 컨텍스트: SendClientId, 보낸 크기: 7, 클라이언트 ID: 3
[14:29:17.919] [INFO] 새 클라이언트에게 ID 3 전송됨
[14:29:17.919] [DEBUG] [SendPacket] WSASend 요청 성공 - 컨텍스트: SendInitialPosition, 보낸 크기: 32, 클라이언트 ID: 3
[14:29:17.919] [INFO] 초기 위치 정보 전송됨 - 클라이언트 ID: 3, 위치: X=-300.000000, Y=0.000000, Z=90.000000
[14:29:17.919] [DEBUG] [SendPacket] WSASend 요청 성공 - 컨텍스트: BroadcastNewPlayer, 보낸 크기: 32, 클라이언트 ID: 2
[14:29:17.921] [INFO] 새 플레이어 정보(ID: 3) 브로드캐스트 - 수신자 수: 1
[14:29:17.921] [DEBUG] [SendPacket] WSASend 요청 성공 - 컨텍스트: SendExistingPlayers, 보낸 크기: 32, 클라이언트 ID: 3
[14:29:17.921] [INFO] 기존 플레이어 정보 1개가 새 클라이언트(ID: 3)에게 전송됨
[14:29:17.921] [WARNING] 비정상적으로 긴 델타 타임: 70.453003초
[14:29:17.922] [WARNING] 클라이언트 Pong 타임아웃 발생 - ID: 2
[14:29:17.922] [INFO] 위치 업데이트 - 클라이언트 ID: 3, 위치: X=-300.000000, Y=0.000000, Z=90.000000, 속도: X=0.000000, Y=0.000000, Z=0.000000
[14:29:17.922] [WARNING] 클라이언트 제거 요청: 1명
[14:29:17.922] [INFO] 클라이언트 연결 끊김 (ID: 2)
[14:29:17.922] [INFO] 클라이언트가 정상적으로 연결 종료함 - ID: 2
[14:29:17.923] [DEBUG] [SendPacket] WSASend 요청 성공 - 컨텍스트: NotifyClientDisconnect, 보낸 크기: 32, 클라이언트 ID: 3
[14:29:17.923] [INFO] 클라이언트 연결 끊김 알림(ID: 2) - 수신자 수: 1
[14:29:17.923] [WARNING] 존재하지 않는 클라이언트 ID를 제거하려고 시도: 2
[14:29:17.923] [INFO] 서버 FPS: 0.067723, 평균 프레임 시간: 11642.108398ms, 클라이언트 수: 1
[14:29:17.924] [DEBUG] [SendPacket] WSASend 요청 성공 - 컨텍스트: SendClientId, 보낸 크기: 7, 클라이언트 ID: 4
[14:29:17.924] [INFO] 새 클라이언트에게 ID 4 전송됨
[14:29:17.924] [DEBUG] [SendPacket] WSASend 요청 성공 - 컨텍스트: SendInitialPosition, 보낸 크기: 32, 클라이언트 ID: 4
[14:29:17.924] [INFO] 초기 위치 정보 전송됨 - 클라이언트 ID: 4, 위치: X=0.000000, Y=300.000000, Z=90.000000
[14:29:17.924] [DEBUG] [SendPacket] WSASend 요청 성공 - 컨텍스트: BroadcastNewPlayer, 보낸 크기: 32, 클라이언트 ID: 3
[14:29:17.924] [INFO] 새 플레이어 정보(ID: 4) 브로드캐스트 - 수신자 수: 1
[14:29:17.925] [DEBUG] [SendPacket] WSASend 요청 성공 - 컨텍스트: SendExistingPlayers, 보낸 크기: 32, 클라이언트 ID: 4
[14:29:17.925] [INFO] 기존 플레이어 정보 1개가 새 클라이언트(ID: 4)에게 전송됨
[14:29:17.925] [WARNING] 비정상적으로 긴 델타 타임: 14.766000초
[14:29:17.925] [INFO] 위치 업데이트 - 클라이언트 ID: 3, 위치: X=-300.000000, Y=0.000000, Z=90.000000, 속도: X=0.000000, Y=0.000000, Z=0.000000
[14:29:17.925] [INFO] 위치 업데이트 - 클라이언트 ID: 4, 위치: X=0.000000, Y=300.000000, Z=90.000000, 속도: X=0.000000, Y=0.000000, Z=0.000000
[14:29:18.949] [DEBUG] 데이터 수신: 11 바이트, 클라이언트 ID: 3
[14:29:18.950] [DEBUG] [ProcessPacket] Ping 수신, ClientId: 3
[14:29:18.950] [DEBUG] [SendPacket] WSASend 요청 성공 - 컨텍스트: ServerPong, 보낸 크기: 11, 클라이언트 ID: 3
[14:29:18.950] [INFO] [Packet] Pong 전송 - ClientId: 3
[14:29:18.950] [DEBUG] 데이터 수신: 11 바이트, 클라이언트 ID: 4
[14:29:18.951] [DEBUG] [ProcessPacket] Ping 수신, ClientId: 4
[14:29:18.951] [DEBUG] [SendPacket] WSASend 요청 성공 - 컨텍스트: ServerPong, 보낸 크기: 11, 클라이언트 ID: 4
[14:29:18.951] [INFO] [Packet] Pong 전송 - ClientId: 4
[14:29:19.949] [DEBUG] 데이터 수신: 11 바이트, 클라이언트 ID: 3
[14:29:19.949] [DEBUG] [ProcessPacket] Ping 수신, ClientId: 3
[14:29:19.950] [DEBUG] [SendPacket] WSASend 요청 성공 - 컨텍스트: ServerPong, 보낸 크기: 11, 클라이언트 ID: 3
[14:29:19.950] [INFO] [Packet] Pong 전송 - ClientId: 3
[14:29:19.950] [DEBUG] 데이터 수신: 11 바이트, 클라이언트 ID: 4
[14:29:19.951] [DEBUG] [ProcessPacket] Ping 수신, ClientId: 4
[14:29:19.951] [DEBUG] [SendPacket] WSASend 요청 성공 - 컨텍스트: ServerPong, 보낸 크기: 11, 클라이언트 ID: 4
[14:29:19.951] [INFO] [Packet] Pong 전송 - ClientId: 4
[14:29:20.796] [DEBUG] 데이터 수신: 21 바이트, 클라이언트 ID: 3
[14:29:20.796] [INFO] 입력 패킷 수신 - 클라이언트 ID: 3, Forward: 0.000000, Right: 0.000000, Yaw: 174.750000, Jump: false, Attack: true
[14:29:20.956] [DEBUG] 데이터 수신: 11 바이트, 클라이언트 ID: 3
[14:29:20.957] [DEBUG] [ProcessPacket] Ping 수신, ClientId: 3
[14:29:20.957] [DEBUG] [SendPacket] WSASend 요청 성공 - 컨텍스트: ServerPong, 보낸 크기: 11, 클라이언트 ID: 3
[14:29:20.957] [INFO] [Packet] Pong 전송 - ClientId: 3
[14:29:20.957] [DEBUG] 데이터 수신: 11 바이트, 클라이언트 ID: 4
[14:29:20.958] [DEBUG] [ProcessPacket] Ping 수신, ClientId: 4
[14:29:20.958] [DEBUG] [SendPacket] WSASend 요청 성공 - 컨텍스트: ServerPong, 보낸 크기: 11, 클라이언트 ID: 4
[14:29:20.958] [INFO] [Packet] Pong 전송 - ClientId: 4
[14:29:21.973] [DEBUG] 데이터 수신: 11 바이트, 클라이언트 ID: 3
[14:29:21.974] [DEBUG] [ProcessPacket] Ping 수신, ClientId: 3
[14:29:21.974] [DEBUG] [SendPacket] WSASend 요청 성공 - 컨텍스트: ServerPong, 보낸 크기: 11, 클라이언트 ID: 3
[14:29:21.974] [DEBUG] 데이터 수신: 11 바이트, 클라이언트 ID: 4
[14:29:21.975] [INFO] [Packet] Pong 전송 - ClientId: 3
[14:29:21.975] [DEBUG] [ProcessPacket] Ping 수신, ClientId: 4
[14:29:21.975] [DEBUG] [SendPacket] WSASend 요청 성공 - 컨텍스트: ServerPong, 보낸 크기: 11, 클라이언트 ID: 4
[14:29:21.975] [INFO] [Packet] Pong 전송 - ClientId: 4
[14:29:22.993] [DEBUG] 데이터 수신: 11 바이트, 클라이언트 ID: 3
[14:29:22.993] [DEBUG] [ProcessPacket] Ping 수신, ClientId: 3
[14:29:22.994] [DEBUG] [SendPacket] WSASend 요청 성공 - 컨텍스트: ServerPong, 보낸 크기: 11, 클라이언트 ID: 3
[14:29:22.994] [INFO] [Packet] Pong 전송 - ClientId: 3
[14:29:22.994] [DEBUG] 데이터 수신: 11 바이트, 클라이언트 ID: 4
[14:29:22.995] [DEBUG] [ProcessPacket] Ping 수신, ClientId: 4
[14:29:22.995] [DEBUG] [SendPacket] WSASend 요청 성공 - 컨텍스트: ServerPong, 보낸 크기: 11, 클라이언트 ID: 4
[14:29:22.995] [INFO] [Packet] Pong 전송 - ClientId: 4
[14:29:24.016] [DEBUG] 데이터 수신: 11 바이트, 클라이언트 ID: 3
[14:29:24.017] [DEBUG] [ProcessPacket] Ping 수신, ClientId: 3
[14:29:24.017] [DEBUG] [SendPacket] WSASend 요청 성공 - 컨텍스트: ServerPong, 보낸 크기: 11, 클라이언트 ID: 3
[14:29:24.017] [INFO] [Packet] Pong 전송 - ClientId: 3
[14:29:24.018] [DEBUG] 데이터 수신: 11 바이트, 클라이언트 ID: 4
[14:29:24.018] [DEBUG] [ProcessPacket] Ping 수신, ClientId: 4
[14:29:24.018] [DEBUG] [SendPacket] WSASend 요청 성공 - 컨텍스트: ServerPong, 보낸 크기: 11, 클라이언트 ID: 4
[14:29:24.018] [INFO] [Packet] Pong 전송 - ClientId: 4
[14:29:25.046] [DEBUG] 데이터 수신: 11 바이트, 클라이언트 ID: 3
[14:29:25.046] [DEBUG] [ProcessPacket] Ping 수신, ClientId: 3
[14:29:25.047] [DEBUG] [SendPacket] WSASend 요청 성공 - 컨텍스트: ServerPong, 보낸 크기: 11, 클라이언트 ID: 3
[14:29:25.047] [INFO] [Packet] Pong 전송 - ClientId: 3
[14:29:25.047] [DEBUG] 데이터 수신: 11 바이트, 클라이언트 ID: 4
[14:29:25.047] [DEBUG] [ProcessPacket] Ping 수신, ClientId: 4
[14:29:25.048] [DEBUG] [SendPacket] WSASend 요청 성공 - 컨텍스트: ServerPong, 보낸 크기: 11, 클라이언트 ID: 4
[14:29:25.048] [INFO] [Packet] Pong 전송 - ClientId: 4
[14:29:26.077] [DEBUG] 데이터 수신: 11 바이트, 클라이언트 ID: 3
[14:29:26.077] [DEBUG] [ProcessPacket] Ping 수신, ClientId: 3
[14:29:26.077] [DEBUG] [SendPacket] WSASend 요청 성공 - 컨텍스트: ServerPong, 보낸 크기: 11, 클라이언트 ID: 3
[14:29:26.078] [INFO] [Packet] Pong 전송 - ClientId: 3
[14:29:26.078] [DEBUG] 데이터 수신: 11 바이트, 클라이언트 ID: 4
[14:29:26.078] [DEBUG] [ProcessPacket] Ping 수신, ClientId: 4
[14:29:26.079] [DEBUG] [SendPacket] WSASend 요청 성공 - 컨텍스트: ServerPong, 보낸 크기: 11, 클라이언트 ID: 4
[14:29:26.079] [INFO] [Packet] Pong 전송 - ClientId: 4
[14:29:26.228] [DEBUG] 데이터 수신: 21 바이트, 클라이언트 ID: 3
[14:29:26.229] [INFO] 입력 패킷 수신 - 클라이언트 ID: 3, Forward: -1.000000, Right: 0.000000, Yaw: 203.625000, Jump: false, Attack: false
[14:29:26.276] [DEBUG] 데이터 수신: 21 바이트, 클라이언트 ID: 3
[14:29:26.276] [INFO] 입력 패킷 수신 - 클라이언트 ID: 3, Forward: -1.000000, Right: 0.000000, Yaw: 203.625000, Jump: false, Attack: false
[14:29:26.325] [DEBUG] 데이터 수신: 21 바이트, 클라이언트 ID: 3
[14:29:26.325] [INFO] 입력 패킷 수신 - 클라이언트 ID: 3, Forward: -1.000000, Right: 0.000000, Yaw: 203.625000, Jump: false, Attack: false
[14:29:26.374] [DEBUG] 데이터 수신: 21 바이트, 클라이언트 ID: 3
[14:29:26.375] [INFO] 입력 패킷 수신 - 클라이언트 ID: 3, Forward: -1.000000, Right: 0.000000, Yaw: 203.625000, Jump: false, Attack: false
[14:29:26.423] [DEBUG] 데이터 수신: 21 바이트, 클라이언트 ID: 3
[14:29:26.424] [INFO] 입력 패킷 수신 - 클라이언트 ID: 3, Forward: -1.000000, Right: 0.000000, Yaw: 203.625000, Jump: false, Attack: false
[14:29:26.474] [DEBUG] 데이터 수신: 21 바이트, 클라이언트 ID: 3
[14:29:26.474] [INFO] 입력 패킷 수신 - 클라이언트 ID: 3, Forward: -1.000000, Right: 0.000000, Yaw: 203.625000, Jump: false, Attack: false
[14:29:26.524] [DEBUG] 데이터 수신: 21 바이트, 클라이언트 ID: 3
[14:29:26.524] [INFO] 입력 패킷 수신 - 클라이언트 ID: 3, Forward: -1.000000, Right: 0.000000, Yaw: 203.625000, Jump: false, Attack: false
[14:29:26.574] [DEBUG] 데이터 수신: 21 바이트, 클라이언트 ID: 3
[14:29:26.574] [INFO] 입력 패킷 수신 - 클라이언트 ID: 3, Forward: -1.000000, Right: 0.000000, Yaw: 203.625000, Jump: false, Attack: false
[14:29:26.623] [DEBUG] 데이터 수신: 21 바이트, 클라이언트 ID: 3
[14:29:26.623] [INFO] 입력 패킷 수신 - 클라이언트 ID: 3, Forward: -1.000000, Right: 0.000000, Yaw: 203.625000, Jump: false, Attack: false
[14:29:26.674] [DEBUG] 데이터 수신: 21 바이트, 클라이언트 ID: 3
[14:29:26.675] [INFO] 입력 패킷 수신 - 클라이언트 ID: 3, Forward: -1.000000, Right: 0.000000, Yaw: 203.625000, Jump: false, Attack: false
[14:29:27.116] [DEBUG] 데이터 수신: 11 바이트, 클라이언트 ID: 3
[14:29:27.117] [DEBUG] [ProcessPacket] Ping 수신, ClientId: 3
[14:29:27.117] [DEBUG] [SendPacket] WSASend 요청 성공 - 컨텍스트: ServerPong, 보낸 크기: 11, 클라이언트 ID: 3
[14:29:27.117] [INFO] [Packet] Pong 전송 - ClientId: 3
[14:29:27.118] [DEBUG] 데이터 수신: 11 바이트, 클라이언트 ID: 4
[14:29:27.118] [DEBUG] [ProcessPacket] Ping 수신, ClientId: 4
[14:29:27.118] [DEBUG] [SendPacket] WSASend 요청 성공 - 컨텍스트: ServerPong, 보낸 크기: 11, 클라이언트 ID: 4
[14:29:27.118] [INFO] [Packet] Pong 전송 - ClientId: 4
[14:29:28.231] [DEBUG] 데이터 수신: 11 바이트, 클라이언트 ID: 3
[14:29:28.232] [DEBUG] [ProcessPacket] Ping 수신, ClientId: 3
[14:29:28.232] [DEBUG] [SendPacket] WSASend 요청 성공 - 컨텍스트: ServerPong, 보낸 크기: 11, 클라이언트 ID: 3
[14:29:28.232] [INFO] [Packet] Pong 전송 - ClientId: 3
[14:29:28.232] [DEBUG] 데이터 수신: 11 바이트, 클라이언트 ID: 4
[14:29:28.233] [DEBUG] [ProcessPacket] Ping 수신, ClientId: 4
[14:29:28.233] [DEBUG] [SendPacket] WSASend 요청 성공 - 컨텍스트: ServerPong, 보낸 크기: 11, 클라이언트 ID: 4
[14:29:28.233] [INFO] [Packet] Pong 전송 - ClientId: 4
[14:29:29.532] [DEBUG] 데이터 수신: 11 바이트, 클라이언트 ID: 3
[14:29:29.532] [DEBUG] [ProcessPacket] Ping 수신, ClientId: 3
[14:29:29.533] [DEBUG] [SendPacket] WSASend 요청 성공 - 컨텍스트: ServerPong, 보낸 크기: 11, 클라이언트 ID: 3
[14:29:29.533] [INFO] [Packet] Pong 전송 - ClientId: 3
[14:29:29.533] [DEBUG] 데이터 수신: 11 바이트, 클라이언트 ID: 4
[14:29:29.534] [DEBUG] [ProcessPacket] Ping 수신, ClientId: 4
[14:29:29.534] [DEBUG] [SendPacket] WSASend 요청 성공 - 컨텍스트: ServerPong, 보낸 크기: 11, 클라이언트 ID: 4
[14:29:29.534] [INFO] [Packet] Pong 전송 - ClientId: 4
[14:29:30.531] [DEBUG] 데이터 수신: 11 바이트, 클라이언트 ID: 3
[14:29:30.531] [DEBUG] [ProcessPacket] Ping 수신, ClientId: 3
[14:29:30.531] [DEBUG] [SendPacket] WSASend 요청 성공 - 컨텍스트: ServerPong, 보낸 크기: 11, 클라이언트 ID: 3
[14:29:30.532] [INFO] [Packet] Pong 전송 - ClientId: 3
[14:29:30.532] [DEBUG] 데이터 수신: 11 바이트, 클라이언트 ID: 4
[14:29:30.532] [DEBUG] [ProcessPacket] Ping 수신, ClientId: 4
[14:29:30.532] [DEBUG] [SendPacket] WSASend 요청 성공 - 컨텍스트: ServerPong, 보낸 크기: 11, 클라이언트 ID: 4
[14:29:30.533] [INFO] [Packet] Pong 전송 - ClientId: 4
[14:29:31.184] [DEBUG] 데이터 수신: 21 바이트, 클라이언트 ID: 4
[14:29:31.184] [INFO] 입력 패킷 수신 - 클라이언트 ID: 4, Forward: 0.000000, Right: 0.000000, Yaw: 0.000000, Jump: false, Attack: true
[14:29:31.228] [DEBUG] 데이터 수신: 21 바이트, 클라이언트 ID: 4
[14:29:31.228] [INFO] 입력 패킷 수신 - 클라이언트 ID: 4, Forward: 0.000000, Right: 0.000000, Yaw: 0.000000, Jump: false, Attack: true
[14:29:31.563] [DEBUG] 데이터 수신: 11 바이트, 클라이언트 ID: 3
[14:29:31.563] [DEBUG] [ProcessPacket] Ping 수신, ClientId: 3
[14:29:31.564] [DEBUG] [SendPacket] WSASend 요청 성공 - 컨텍스트: ServerPong, 보낸 크기: 11, 클라이언트 ID: 3
[14:29:31.564] [INFO] [Packet] Pong 전송 - ClientId: 3
[14:29:31.564] [DEBUG] 데이터 수신: 11 바이트, 클라이언트 ID: 4
[14:29:31.564] [DEBUG] [ProcessPacket] Ping 수신, ClientId: 4
[14:29:31.565] [DEBUG] [SendPacket] WSASend 요청 성공 - 컨텍스트: ServerPong, 보낸 크기: 11, 클라이언트 ID: 4
[14:29:31.565] [INFO] [Packet] Pong 전송 - ClientId: 4
[14:29:32.566] [DEBUG] 데이터 수신: 11 바이트, 클라이언트 ID: 3
[14:29:32.567] [DEBUG] [ProcessPacket] Ping 수신, ClientId: 3
[14:29:32.567] [DEBUG] [SendPacket] WSASend 요청 성공 - 컨텍스트: ServerPong, 보낸 크기: 11, 클라이언트 ID: 3
[14:29:32.567] [INFO] [Packet] Pong 전송 - ClientId: 3
[14:29:32.568] [DEBUG] 데이터 수신: 11 바이트, 클라이언트 ID: 4
[14:29:32.568] [DEBUG] [ProcessPacket] Ping 수신, ClientId: 4
[14:29:32.568] [DEBUG] [SendPacket] WSASend 요청 성공 - 컨텍스트: ServerPong, 보낸 크기: 11, 클라이언트 ID: 4
[14:29:32.568] [INFO] [Packet] Pong 전송 - ClientId: 4
[14:29:33.295] [DEBUG] 데이터 수신: 21 바이트, 클라이언트 ID: 4
[14:29:33.295] [INFO] 입력 패킷 수신 - 클라이언트 ID: 4, Forward: 0.000000, Right: 1.000000, Yaw: 19.250000, Jump: false, Attack: false
[14:29:33.343] [DEBUG] 데이터 수신: 21 바이트, 클라이언트 ID: 4
[14:29:33.344] [INFO] 입력 패킷 수신 - 클라이언트 ID: 4, Forward: 0.000000, Right: 1.000000, Yaw: 16.974998, Jump: false, Attack: false
[14:29:33.391] [DEBUG] 데이터 수신: 21 바이트, 클라이언트 ID: 4
[14:29:33.392] [INFO] 입력 패킷 수신 - 클라이언트 ID: 4, Forward: 0.000000, Right: 1.000000, Yaw: 8.749999, Jump: false, Attack: false
[14:29:33.441] [DEBUG] 데이터 수신: 21 바이트, 클라이언트 ID: 4
[14:29:33.442] [INFO] 입력 패킷 수신 - 클라이언트 ID: 4, Forward: 0.000000, Right: 1.000000, Yaw: 358.600006, Jump: false, Attack: false
[14:29:33.492] [DEBUG] 데이터 수신: 21 바이트, 클라이언트 ID: 4
[14:29:33.492] [INFO] 입력 패킷 수신 - 클라이언트 ID: 4, Forward: 0.000000, Right: 1.000000, Yaw: 345.825012, Jump: false, Attack: false
[14:29:33.542] [DEBUG] 데이터 수신: 21 바이트, 클라이언트 ID: 4
[14:29:33.543] [INFO] 입력 패킷 수신 - 클라이언트 ID: 4, Forward: 0.000000, Right: 1.000000, Yaw: 341.100006, Jump: false, Attack: false
[14:29:33.589] [DEBUG] 데이터 수신: 11 바이트, 클라이언트 ID: 3
[14:29:33.589] [DEBUG] [ProcessPacket] Ping 수신, ClientId: 3
[14:29:33.590] [DEBUG] [SendPacket] WSASend 요청 성공 - 컨텍스트: ServerPong, 보낸 크기: 11, 클라이언트 ID: 3
[14:29:33.590] [INFO] [Packet] Pong 전송 - ClientId: 3
[14:29:33.590] [DEBUG] 데이터 수신: 11 바이트, 클라이언트 ID: 4
[14:29:33.590] [DEBUG] [ProcessPacket] Ping 수신, ClientId: 4
[14:29:33.591] [DEBUG] [SendPacket] WSASend 요청 성공 - 컨텍스트: ServerPong, 보낸 크기: 11, 클라이언트 ID: 4
[14:29:33.591] [INFO] [Packet] Pong 전송 - ClientId: 4
[14:29:33.591] [DEBUG] 데이터 수신: 21 바이트, 클라이언트 ID: 4
[14:29:33.591] [INFO] 입력 패킷 수신 - 클라이언트 ID: 4, Forward: 0.000000, Right: 1.000000, Yaw: 335.325012, Jump: false, Attack: false
[14:29:33.641] [DEBUG] 데이터 수신: 21 바이트, 클라이언트 ID: 4
[14:29:33.642] [INFO] 입력 패킷 수신 - 클라이언트 ID: 4, Forward: 0.000000, Right: 1.000000, Yaw: 325.174988, Jump: false, Attack: false
[14:29:33.689] [DEBUG] 데이터 수신: 21 바이트, 클라이언트 ID: 4
[14:29:33.690] [INFO] 입력 패킷 수신 - 클라이언트 ID: 4, Forward: 0.000000, Right: 1.000000, Yaw: 314.674988, Jump: false, Attack: false
[14:29:33.742] [DEBUG] 데이터 수신: 21 바이트, 클라이언트 ID: 4
[14:29:33.742] [INFO] 입력 패킷 수신 - 클라이언트 ID: 4, Forward: 0.000000, Right: 1.000000, Yaw: 305.049988, Jump: false, Attack: false
[14:29:33.792] [DEBUG] 데이터 수신: 21 바이트, 클라이언트 ID: 4
[14:29:33.792] [INFO] 입력 패킷 수신 - 클라이언트 ID: 4, Forward: 0.000000, Right: 1.000000, Yaw: 299.975006, Jump: false, Attack: false
[14:29:33.845] [DEBUG] 데이터 수신: 21 바이트, 클라이언트 ID: 4
[14:29:33.845] [INFO] 입력 패킷 수신 - 클라이언트 ID: 4, Forward: 0.000000, Right: 1.000000, Yaw: 297.524994, Jump: false, Attack: false
[14:29:33.898] [DEBUG] 데이터 수신: 21 바이트, 클라이언트 ID: 4
[14:29:33.898] [INFO] 입력 패킷 수신 - 클라이언트 ID: 4, Forward: 0.000000, Right: 1.000000, Yaw: 294.200012, Jump: false, Attack: false
[14:29:33.950] [DEBUG] 데이터 수신: 21 바이트, 클라이언트 ID: 4
[14:29:33.951] [INFO] 입력 패킷 수신 - 클라이언트 ID: 4, Forward: 0.000000, Right: 1.000000, Yaw: 292.450012, Jump: false, Attack: false
[14:29:34.004] [DEBUG] 데이터 수신: 21 바이트, 클라이언트 ID: 4
[14:29:34.005] [INFO] 입력 패킷 수신 - 클라이언트 ID: 4, Forward: 0.000000, Right: 1.000000, Yaw: 290.875000, Jump: false, Attack: false
[14:29:34.057] [DEBUG] 데이터 수신: 21 바이트, 클라이언트 ID: 4
[14:29:34.058] [INFO] 입력 패킷 수신 - 클라이언트 ID: 4, Forward: 0.000000, Right: 1.000000, Yaw: 287.549988, Jump: false, Attack: false
[14:29:34.109] [DEBUG] 데이터 수신: 21 바이트, 클라이언트 ID: 4
[14:29:34.110] [INFO] 입력 패킷 수신 - 클라이언트 ID: 4, Forward: 0.000000, Right: 1.000000, Yaw: 284.225006, Jump: false, Attack: false
[14:29:34.158] [DEBUG] 데이터 수신: 21 바이트, 클라이언트 ID: 4
[14:29:34.158] [INFO] 입력 패킷 수신 - 클라이언트 ID: 4, Forward: 0.000000, Right: 1.000000, Yaw: 280.200012, Jump: false, Attack: false
[14:29:34.211] [DEBUG] 데이터 수신: 21 바이트, 클라이언트 ID: 4
[14:29:34.212] [INFO] 입력 패킷 수신 - 클라이언트 ID: 4, Forward: 0.000000, Right: 1.000000, Yaw: 277.225006, Jump: false, Attack: false
[14:29:34.259] [DEBUG] 데이터 수신: 21 바이트, 클라이언트 ID: 4
[14:29:34.259] [INFO] 입력 패킷 수신 - 클라이언트 ID: 4, Forward: 0.000000, Right: 1.000000, Yaw: 276.000000, Jump: false, Attack: false
[14:29:34.310] [DEBUG] 데이터 수신: 21 바이트, 클라이언트 ID: 4
[14:29:34.310] [INFO] 입력 패킷 수신 - 클라이언트 ID: 4, Forward: 0.000000, Right: 1.000000, Yaw: 274.424988, Jump: false, Attack: false
[14:29:34.360] [DEBUG] 데이터 수신: 21 바이트, 클라이언트 ID: 4
[14:29:34.360] [INFO] 입력 패킷 수신 - 클라이언트 ID: 4, Forward: 0.000000, Right: 1.000000, Yaw: 270.049988, Jump: false, Attack: false
[14:29:34.409] [DEBUG] 데이터 수신: 21 바이트, 클라이언트 ID: 4
[14:29:34.409] [INFO] 입력 패킷 수신 - 클라이언트 ID: 4, Forward: 0.000000, Right: 1.000000, Yaw: 265.500000, Jump: false, Attack: false
[14:29:34.456] [DEBUG] 데이터 수신: 21 바이트, 클라이언트 ID: 4
[14:29:34.457] [INFO] 입력 패킷 수신 - 클라이언트 ID: 4, Forward: 0.000000, Right: 1.000000, Yaw: 259.725006, Jump: false, Attack: false
[14:29:34.505] [DEBUG] 데이터 수신: 21 바이트, 클라이언트 ID: 4
[14:29:34.506] [INFO] 입력 패킷 수신 - 클라이언트 ID: 4, Forward: 0.000000, Right: 1.000000, Yaw: 255.524994, Jump: false, Attack: false
[14:29:34.556] [DEBUG] 데이터 수신: 21 바이트, 클라이언트 ID: 4
[14:29:34.557] [INFO] 입력 패킷 수신 - 클라이언트 ID: 4, Forward: 0.000000, Right: 1.000000, Yaw: 253.074997, Jump: false, Attack: false
[14:29:34.606] [DEBUG] 데이터 수신: 11 바이트, 클라이언트 ID: 3
[14:29:34.607] [DEBUG] [ProcessPacket] Ping 수신, ClientId: 3
[14:29:34.607] [DEBUG] [SendPacket] WSASend 요청 성공 - 컨텍스트: ServerPong, 보낸 크기: 11, 클라이언트 ID: 3
[14:29:34.607] [INFO] [Packet] Pong 전송 - ClientId: 3
[14:29:34.608] [DEBUG] 데이터 수신: 11 바이트, 클라이언트 ID: 4
[14:29:34.608] [DEBUG] [ProcessPacket] Ping 수신, ClientId: 4
[14:29:34.608] [DEBUG] [SendPacket] WSASend 요청 성공 - 컨텍스트: ServerPong, 보낸 크기: 11, 클라이언트 ID: 4
[14:29:34.608] [INFO] [Packet] Pong 전송 - ClientId: 4
[14:29:34.609] [DEBUG] 데이터 수신: 21 바이트, 클라이언트 ID: 4
[14:29:34.609] [INFO] 입력 패킷 수신 - 클라이언트 ID: 4, Forward: 0.000000, Right: 1.000000, Yaw: 251.324997, Jump: false, Attack: false
[14:29:34.659] [DEBUG] 데이터 수신: 21 바이트, 클라이언트 ID: 4
[14:29:34.660] [INFO] 입력 패킷 수신 - 클라이언트 ID: 4, Forward: 0.000000, Right: 1.000000, Yaw: 247.649994, Jump: false, Attack: false
[14:29:34.712] [DEBUG] 데이터 수신: 21 바이트, 클라이언트 ID: 4
[14:29:34.712] [INFO] 입력 패킷 수신 - 클라이언트 ID: 4, Forward: 0.000000, Right: 1.000000, Yaw: 243.800003, Jump: false, Attack: false
[14:29:34.761] [DEBUG] 데이터 수신: 21 바이트, 클라이언트 ID: 4
[14:29:34.761] [INFO] 입력 패킷 수신 - 클라이언트 ID: 4, Forward: 0.000000, Right: 1.000000, Yaw: 239.250000, Jump: false, Attack: false
[14:29:34.811] [DEBUG] 데이터 수신: 21 바이트, 클라이언트 ID: 4
[14:29:34.812] [INFO] 입력 패킷 수신 - 클라이언트 ID: 4, Forward: -1.000000, Right: 1.000000, Yaw: 233.125000, Jump: false, Attack: false
[14:29:34.863] [DEBUG] 데이터 수신: 21 바이트, 클라이언트 ID: 4
[14:29:34.863] [INFO] 입력 패킷 수신 - 클라이언트 ID: 4, Forward: -1.000000, Right: 0.000000, Yaw: 229.274994, Jump: false, Attack: false
[14:29:34.911] [DEBUG] 데이터 수신: 21 바이트, 클라이언트 ID: 4
[14:29:34.912] [INFO] 입력 패킷 수신 - 클라이언트 ID: 4, Forward: -1.000000, Right: 0.000000, Yaw: 227.875000, Jump: false, Attack: false
[14:29:34.968] [DEBUG] 데이터 수신: 21 바이트, 클라이언트 ID: 4
[14:29:34.968] [INFO] 입력 패킷 수신 - 클라이언트 ID: 4, Forward: -1.000000, Right: 0.000000, Yaw: 226.475006, Jump: false, Attack: false
[14:29:35.019] [DEBUG] 데이터 수신: 21 바이트, 클라이언트 ID: 4
[14:29:35.020] [INFO] 입력 패킷 수신 - 클라이언트 ID: 4, Forward: -1.000000, Right: 0.000000, Yaw: 224.550003, Jump: false, Attack: false
[14:29:35.077] [DEBUG] 데이터 수신: 21 바이트, 클라이언트 ID: 4
[14:29:35.077] [INFO] 입력 패킷 수신 - 클라이언트 ID: 4, Forward: -1.000000, Right: 0.000000, Yaw: 224.550003, Jump: false, Attack: true
[14:29:35.127] [DEBUG] 데이터 수신: 21 바이트, 클라이언트 ID: 4
[14:29:35.127] [INFO] 입력 패킷 수신 - 클라이언트 ID: 4, Forward: -1.000000, Right: 0.000000, Yaw: 224.550003, Jump: false, Attack: true
[14:29:35.179] [DEBUG] 데이터 수신: 21 바이트, 클라이언트 ID: 4
[14:29:35.180] [INFO] 입력 패킷 수신 - 클라이언트 ID: 4, Forward: -1.000000, Right: 0.000000, Yaw: 224.550003, Jump: false, Attack: false
[14:29:35.230] [DEBUG] 데이터 수신: 21 바이트, 클라이언트 ID: 4
[14:29:35.231] [INFO] 입력 패킷 수신 - 클라이언트 ID: 4, Forward: -1.000000, Right: 0.000000, Yaw: 224.024994, Jump: false, Attack: false
[14:29:35.283] [DEBUG] 데이터 수신: 21 바이트, 클라이언트 ID: 4
[14:29:35.283] [INFO] 입력 패킷 수신 - 클라이언트 ID: 4, Forward: -1.000000, Right: 0.000000, Yaw: 223.850006, Jump: false, Attack: false
[14:29:35.334] [DEBUG] 데이터 수신: 21 바이트, 클라이언트 ID: 4
[14:29:35.335] [INFO] 입력 패킷 수신 - 클라이언트 ID: 4, Forward: -1.000000, Right: 0.000000, Yaw: 223.500000, Jump: false, Attack: false
[14:29:35.384] [DEBUG] 데이터 수신: 21 바이트, 클라이언트 ID: 4
[14:29:35.385] [INFO] 입력 패킷 수신 - 클라이언트 ID: 4, Forward: -1.000000, Right: 0.000000, Yaw: 223.149994, Jump: false, Attack: false
[14:29:35.434] [DEBUG] 데이터 수신: 21 바이트, 클라이언트 ID: 4
[14:29:35.434] [INFO] 입력 패킷 수신 - 클라이언트 ID: 4, Forward: -1.000000, Right: 1.000000, Yaw: 222.800003, Jump: false, Attack: false
[14:29:35.483] [DEBUG] 데이터 수신: 21 바이트, 클라이언트 ID: 4
[14:29:35.484] [INFO] 입력 패킷 수신 - 클라이언트 ID: 4, Forward: 0.000000, Right: 1.000000, Yaw: 221.925003, Jump: false, Attack: false
[14:29:35.533] [DEBUG] 데이터 수신: 21 바이트, 클라이언트 ID: 4
[14:29:35.533] [INFO] 입력 패킷 수신 - 클라이언트 ID: 4, Forward: 0.000000, Right: 1.000000, Yaw: 220.000000, Jump: false, Attack: false
[14:29:35.583] [DEBUG] 데이터 수신: 21 바이트, 클라이언트 ID: 4
[14:29:35.584] [INFO] 입력 패킷 수신 - 클라이언트 ID: 4, Forward: 0.000000, Right: 1.000000, Yaw: 217.550003, Jump: false, Attack: false
[14:29:35.638] [DEBUG] 데이터 수신: 11 바이트, 클라이언트 ID: 3
[14:29:35.638] [DEBUG] [ProcessPacket] Ping 수신, ClientId: 3
[14:29:35.638] [DEBUG] [SendPacket] WSASend 요청 성공 - 컨텍스트: ServerPong, 보낸 크기: 11, 클라이언트 ID: 3
[14:29:35.639] [INFO] [Packet] Pong 전송 - ClientId: 3
[14:29:35.639] [DEBUG] 데이터 수신: 11 바이트, 클라이언트 ID: 4
[14:29:35.639] [DEBUG] [ProcessPacket] Ping 수신, ClientId: 4
[14:29:35.640] [DEBUG] [SendPacket] WSASend 요청 성공 - 컨텍스트: ServerPong, 보낸 크기: 11, 클라이언트 ID: 4
[14:29:35.640] [INFO] [Packet] Pong 전송 - ClientId: 4
[14:29:35.640] [DEBUG] 데이터 수신: 21 바이트, 클라이언트 ID: 4
[14:29:35.640] [INFO] 입력 패킷 수신 - 클라이언트 ID: 4, Forward: 0.000000, Right: 1.000000, Yaw: 214.750000, Jump: false, Attack: false
[14:29:35.691] [DEBUG] 데이터 수신: 21 바이트, 클라이언트 ID: 4
[14:29:35.691] [INFO] 입력 패킷 수신 - 클라이언트 ID: 4, Forward: 0.000000, Right: 1.000000, Yaw: 208.800003, Jump: false, Attack: false
[14:29:35.743] [DEBUG] 데이터 수신: 21 바이트, 클라이언트 ID: 4
[14:29:35.744] [INFO] 입력 패킷 수신 - 클라이언트 ID: 4, Forward: 0.000000, Right: 1.000000, Yaw: 204.250000, Jump: false, Attack: false
[14:29:35.795] [DEBUG] 데이터 수신: 21 바이트, 클라이언트 ID: 4
[14:29:35.795] [INFO] 입력 패킷 수신 - 클라이언트 ID: 4, Forward: 0.000000, Right: 1.000000, Yaw: 200.399994, Jump: false, Attack: false
[14:29:35.849] [DEBUG] 데이터 수신: 21 바이트, 클라이언트 ID: 4
[14:29:35.849] [INFO] 입력 패킷 수신 - 클라이언트 ID: 4, Forward: 0.000000, Right: 1.000000, Yaw: 199.175003, Jump: false, Attack: false
[14:29:35.901] [DEBUG] 데이터 수신: 21 바이트, 클라이언트 ID: 4
[14:29:35.902] [INFO] 입력 패킷 수신 - 클라이언트 ID: 4, Forward: 0.000000, Right: 1.000000, Yaw: 196.550003, Jump: false, Attack: false
[14:29:35.954] [DEBUG] 데이터 수신: 21 바이트, 클라이언트 ID: 4
[14:29:35.955] [INFO] 입력 패킷 수신 - 클라이언트 ID: 4, Forward: 0.000000, Right: 1.000000, Yaw: 194.274994, Jump: false, Attack: false
[14:29:36.003] [DEBUG] 데이터 수신: 21 바이트, 클라이언트 ID: 4
[14:29:36.003] [INFO] 입력 패킷 수신 - 클라이언트 ID: 4, Forward: 0.000000, Right: 1.000000, Yaw: 194.099991, Jump: false, Attack: false
[14:29:36.433] [DEBUG] 데이터 수신: 21 바이트, 클라이언트 ID: 4
[14:29:36.434] [INFO] 입력 패킷 수신 - 클라이언트 ID: 4, Forward: 1.000000, Right: 0.000000, Yaw: 192.699997, Jump: false, Attack: false
[14:29:36.489] [DEBUG] 데이터 수신: 21 바이트, 클라이언트 ID: 4
[14:29:36.489] [INFO] 입력 패킷 수신 - 클라이언트 ID: 4, Forward: 1.000000, Right: 0.000000, Yaw: 192.699997, Jump: false, Attack: false
[14:29:36.540] [DEBUG] 데이터 수신: 21 바이트, 클라이언트 ID: 4
[14:29:36.540] [INFO] 입력 패킷 수신 - 클라이언트 ID: 4, Forward: 1.000000, Right: 0.000000, Yaw: 192.699997, Jump: false, Attack: false
[14:29:36.685] [DEBUG] 데이터 수신: 11 바이트, 클라이언트 ID: 3
[14:29:36.686] [DEBUG] [ProcessPacket] Ping 수신, ClientId: 3
[14:29:36.686] [DEBUG] [SendPacket] WSASend 요청 성공 - 컨텍스트: ServerPong, 보낸 크기: 11, 클라이언트 ID: 3
[14:29:36.686] [INFO] [Packet] Pong 전송 - ClientId: 3
[14:29:36.687] [DEBUG] 데이터 수신: 11 바이트, 클라이언트 ID: 4
[14:29:36.687] [DEBUG] [ProcessPacket] Ping 수신, ClientId: 4
[14:29:36.687] [DEBUG] [SendPacket] WSASend 요청 성공 - 컨텍스트: ServerPong, 보낸 크기: 11, 클라이언트 ID: 4
[14:29:36.687] [INFO] [Packet] Pong 전송 - ClientId: 4
[14:29:37.694] [DEBUG] 데이터 수신: 11 바이트, 클라이언트 ID: 3
[14:29:37.695] [DEBUG] [ProcessPacket] Ping 수신, ClientId: 3
[14:29:37.695] [DEBUG] [SendPacket] WSASend 요청 성공 - 컨텍스트: ServerPong, 보낸 크기: 11, 클라이언트 ID: 3
[14:29:37.696] [INFO] [Packet] Pong 전송 - ClientId: 3
[14:29:37.696] [DEBUG] 데이터 수신: 11 바이트, 클라이언트 ID: 4
[14:29:37.696] [DEBUG] [ProcessPacket] Ping 수신, ClientId: 4
[14:29:37.696] [DEBUG] [SendPacket] WSASend 요청 성공 - 컨텍스트: ServerPong, 보낸 크기: 11, 클라이언트 ID: 4
[14:29:37.697] [INFO] [Packet] Pong 전송 - ClientId: 4
[14:29:38.985] [DEBUG] 데이터 수신: 11 바이트, 클라이언트 ID: 3
[14:29:38.985] [DEBUG] [ProcessPacket] Ping 수신, ClientId: 3
[14:29:38.985] [DEBUG] [SendPacket] WSASend 요청 성공 - 컨텍스트: ServerPong, 보낸 크기: 11, 클라이언트 ID: 3
[14:29:38.986] [INFO] [Packet] Pong 전송 - ClientId: 3
[14:29:38.986] [DEBUG] 데이터 수신: 11 바이트, 클라이언트 ID: 4
[14:29:38.986] [DEBUG] [ProcessPacket] Ping 수신, ClientId: 4
[14:29:38.987] [DEBUG] [SendPacket] WSASend 요청 성공 - 컨텍스트: ServerPong, 보낸 크기: 11, 클라이언트 ID: 4
[14:29:38.987] [INFO] [Packet] Pong 전송 - ClientId: 4
[14:29:39.311] [DEBUG] 데이터 수신: 21 바이트, 클라이언트 ID: 3
[14:29:39.312] [INFO] 입력 패킷 수신 - 클라이언트 ID: 3, Forward: 0.000000, Right: 0.000000, Yaw: 203.625000, Jump: false, Attack: true
[14:29:39.991] [DEBUG] 데이터 수신: 11 바이트, 클라이언트 ID: 3
[14:29:39.992] [DEBUG] [ProcessPacket] Ping 수신, ClientId: 3
[14:29:39.992] [DEBUG] [SendPacket] WSASend 요청 성공 - 컨텍스트: ServerPong, 보낸 크기: 11, 클라이언트 ID: 3
[14:29:39.992] [INFO] [Packet] Pong 전송 - ClientId: 3
[14:29:39.993] [DEBUG] 데이터 수신: 11 바이트, 클라이언트 ID: 4
[14:29:39.993] [DEBUG] [ProcessPacket] Ping 수신, ClientId: 4
[14:29:39.993] [DEBUG] [SendPacket] WSASend 요청 성공 - 컨텍스트: ServerPong, 보낸 크기: 11, 클라이언트 ID: 4
[14:29:39.993] [INFO] [Packet] Pong 전송 - ClientId: 4
[14:29:41.008] [DEBUG] 데이터 수신: 11 바이트, 클라이언트 ID: 3
[14:29:41.009] [DEBUG] [ProcessPacket] Ping 수신, ClientId: 3
[14:29:41.009] [DEBUG] [SendPacket] WSASend 요청 성공 - 컨텍스트: ServerPong, 보낸 크기: 11, 클라이언트 ID: 3
[14:29:41.009] [INFO] [Packet] Pong 전송 - ClientId: 3
[14:29:41.010] [DEBUG] 데이터 수신: 11 바이트, 클라이언트 ID: 4
[14:29:41.010] [DEBUG] [ProcessPacket] Ping 수신, ClientId: 4
[14:29:41.010] [DEBUG] [SendPacket] WSASend 요청 성공 - 컨텍스트: ServerPong, 보낸 크기: 11, 클라이언트 ID: 4
[14:29:41.010] [INFO] [Packet] Pong 전송 - ClientId: 4
[14:29:42.026] [DEBUG] 데이터 수신: 11 바이트, 클라이언트 ID: 3
[14:29:42.026] [DEBUG] [ProcessPacket] Ping 수신, ClientId: 3
[14:29:42.027] [DEBUG] [SendPacket] WSASend 요청 성공 - 컨텍스트: ServerPong, 보낸 크기: 11, 클라이언트 ID: 3
[14:29:42.027] [INFO] [Packet] Pong 전송 - ClientId: 3
[14:29:42.027] [DEBUG] 데이터 수신: 11 바이트, 클라이언트 ID: 4
[14:29:42.028] [DEBUG] [ProcessPacket] Ping 수신, ClientId: 4
[14:29:42.028] [DEBUG] [SendPacket] WSASend 요청 성공 - 컨텍스트: ServerPong, 보낸 크기: 11, 클라이언트 ID: 4
[14:29:42.028] [INFO] [Packet] Pong 전송 - ClientId: 4
[14:29:43.069] [DEBUG] 데이터 수신: 11 바이트, 클라이언트 ID: 3
[14:29:43.070] [DEBUG] [ProcessPacket] Ping 수신, ClientId: 3
[14:29:43.070] [DEBUG] [SendPacket] WSASend 요청 성공 - 컨텍스트: ServerPong, 보낸 크기: 11, 클라이언트 ID: 3
[14:29:43.070] [INFO] [Packet] Pong 전송 - ClientId: 3
[14:29:43.070] [DEBUG] 데이터 수신: 11 바이트, 클라이언트 ID: 4
[14:29:43.071] [DEBUG] [ProcessPacket] Ping 수신, ClientId: 4
[14:29:43.071] [DEBUG] [SendPacket] WSASend 요청 성공 - 컨텍스트: ServerPong, 보낸 크기: 11, 클라이언트 ID: 4
[14:29:43.071] [INFO] [Packet] Pong 전송 - ClientId: 4
[14:29:44.102] [DEBUG] 데이터 수신: 11 바이트, 클라이언트 ID: 3
[14:29:44.103] [DEBUG] [ProcessPacket] Ping 수신, ClientId: 3
[14:29:44.103] [DEBUG] [SendPacket] WSASend 요청 성공 - 컨텍스트: ServerPong, 보낸 크기: 11, 클라이언트 ID: 3
[14:29:44.103] [INFO] [Packet] Pong 전송 - ClientId: 3
[14:29:44.103] [DEBUG] 데이터 수신: 11 바이트, 클라이언트 ID: 4
[14:29:44.104] [DEBUG] [ProcessPacket] Ping 수신, ClientId: 4
[14:29:44.104] [DEBUG] [SendPacket] WSASend 요청 성공 - 컨텍스트: ServerPong, 보낸 크기: 11, 클라이언트 ID: 4
[14:29:44.104] [INFO] [Packet] Pong 전송 - ClientId: 4
[14:29:44.463] [DEBUG] 데이터 수신: 21 바이트, 클라이언트 ID: 3
[14:29:44.463] [INFO] 입력 패킷 수신 - 클라이언트 ID: 3, Forward: 1.000000, Right: 0.000000, Yaw: 11.625002, Jump: false, Attack: false
[14:29:44.513] [DEBUG] 데이터 수신: 21 바이트, 클라이언트 ID: 3
[14:29:44.513] [INFO] 입력 패킷 수신 - 클라이언트 ID: 3, Forward: 1.000000, Right: 0.000000, Yaw: 11.625002, Jump: false, Attack: false
[14:29:44.562] [DEBUG] 데이터 수신: 21 바이트, 클라이언트 ID: 3
[14:29:44.562] [INFO] 입력 패킷 수신 - 클라이언트 ID: 3, Forward: 1.000000, Right: 0.000000, Yaw: 10.575003, Jump: false, Attack: false
[14:29:44.611] [DEBUG] 데이터 수신: 21 바이트, 클라이언트 ID: 3
[14:29:44.611] [INFO] 입력 패킷 수신 - 클라이언트 ID: 3, Forward: 1.000000, Right: 0.000000, Yaw: 6.725002, Jump: false, Attack: false
[14:29:44.664] [DEBUG] 데이터 수신: 21 바이트, 클라이언트 ID: 3
[14:29:44.664] [INFO] 입력 패킷 수신 - 클라이언트 ID: 3, Forward: 1.000000, Right: 1.000000, Yaw: 3.050002, Jump: false, Attack: false
[14:29:44.720] [DEBUG] 데이터 수신: 21 바이트, 클라이언트 ID: 3
[14:29:44.721] [INFO] 입력 패킷 수신 - 클라이언트 ID: 3, Forward: 1.000000, Right: 1.000000, Yaw: 0.250002, Jump: false, Attack: false
[14:29:44.772] [DEBUG] 데이터 수신: 21 바이트, 클라이언트 ID: 3
[14:29:44.772] [INFO] 입력 패킷 수신 - 클라이언트 ID: 3, Forward: 1.000000, Right: 1.000000, Yaw: 356.399994, Jump: false, Attack: false
[14:29:44.824] [DEBUG] 데이터 수신: 21 바이트, 클라이언트 ID: 3
[14:29:44.825] [INFO] 입력 패킷 수신 - 클라이언트 ID: 3, Forward: 1.000000, Right: 1.000000, Yaw: 352.549988, Jump: false, Attack: true
[14:29:44.872] [DEBUG] 데이터 수신: 21 바이트, 클라이언트 ID: 3
[14:29:44.873] [INFO] 입력 패킷 수신 - 클라이언트 ID: 3, Forward: 1.000000, Right: 1.000000, Yaw: 350.100006, Jump: false, Attack: true
[14:29:44.920] [DEBUG] 데이터 수신: 21 바이트, 클라이언트 ID: 3
[14:29:44.921] [INFO] 입력 패킷 수신 - 클라이언트 ID: 3, Forward: 1.000000, Right: 1.000000, Yaw: 348.524994, Jump: false, Attack: false
[14:29:45.076] [DEBUG] 데이터 수신: 21 바이트, 클라이언트 ID: 3
[14:29:45.076] [INFO] 입력 패킷 수신 - 클라이언트 ID: 3, Forward: 0.000000, Right: 0.000000, Yaw: 342.750000, Jump: false, Attack: true
[14:29:45.122] [DEBUG] 데이터 수신: 11 바이트, 클라이언트 ID: 3
[14:29:45.122] [DEBUG] [ProcessPacket] Ping 수신, ClientId: 3
[14:29:45.123] [DEBUG] [SendPacket] WSASend 요청 성공 - 컨텍스트: ServerPong, 보낸 크기: 11, 클라이언트 ID: 3
[14:29:45.123] [INFO] [Packet] Pong 전송 - ClientId: 3
[14:29:45.123] [DEBUG] 데이터 수신: 11 바이트, 클라이언트 ID: 4
[14:29:45.123] [DEBUG] [ProcessPacket] Ping 수신, ClientId: 4
[14:29:45.124] [DEBUG] [SendPacket] WSASend 요청 성공 - 컨텍스트: ServerPong, 보낸 크기: 11, 클라이언트 ID: 4
[14:29:45.124] [INFO] [Packet] Pong 전송 - ClientId: 4
[14:29:45.276] [DEBUG] 데이터 수신: 21 바이트, 클라이언트 ID: 3
[14:29:45.277] [INFO] 입력 패킷 수신 - 클라이언트 ID: 3, Forward: 0.000000, Right: -1.000000, Yaw: 334.875000, Jump: false, Attack: true
[14:29:45.320] [DEBUG] 데이터 수신: 21 바이트, 클라이언트 ID: 3
[14:29:45.321] [INFO] 입력 패킷 수신 - 클라이언트 ID: 3, Forward: 0.000000, Right: -1.000000, Yaw: 332.250000, Jump: false, Attack: false
[14:29:45.372] [DEBUG] 데이터 수신: 21 바이트, 클라이언트 ID: 3
[14:29:45.372] [INFO] 입력 패킷 수신 - 클라이언트 ID: 3, Forward: 0.000000, Right: -1.000000, Yaw: 327.875000, Jump: false, Attack: false
[14:29:45.419] [DEBUG] 데이터 수신: 21 바이트, 클라이언트 ID: 3
[14:29:45.420] [INFO] 입력 패킷 수신 - 클라이언트 ID: 3, Forward: 0.000000, Right: -1.000000, Yaw: 324.375000, Jump: false, Attack: false
[14:29:45.472] [DEBUG] 데이터 수신: 21 바이트, 클라이언트 ID: 3
[14:29:45.472] [INFO] 입력 패킷 수신 - 클라이언트 ID: 3, Forward: 0.000000, Right: -1.000000, Yaw: 323.500000, Jump: false, Attack: true
[14:29:45.521] [DEBUG] 데이터 수신: 21 바이트, 클라이언트 ID: 3
[14:29:45.521] [INFO] 입력 패킷 수신 - 클라이언트 ID: 3, Forward: 0.000000, Right: -1.000000, Yaw: 322.625000, Jump: false, Attack: true
[14:29:45.569] [DEBUG] 데이터 수신: 21 바이트, 클라이언트 ID: 3
[14:29:45.570] [INFO] 입력 패킷 수신 - 클라이언트 ID: 3, Forward: 0.000000, Right: -1.000000, Yaw: 322.450012, Jump: false, Attack: false
[14:29:45.618] [DEBUG] 데이터 수신: 21 바이트, 클라이언트 ID: 3
[14:29:45.618] [INFO] 입력 패킷 수신 - 클라이언트 ID: 3, Forward: 0.000000, Right: -1.000000, Yaw: 322.100006, Jump: false, Attack: false
[14:29:45.669] [DEBUG] 데이터 수신: 21 바이트, 클라이언트 ID: 3
[14:29:45.669] [INFO] 입력 패킷 수신 - 클라이언트 ID: 3, Forward: 0.000000, Right: -1.000000, Yaw: 322.100006, Jump: false, Attack: true
[14:29:45.719] [DEBUG] 데이터 수신: 21 바이트, 클라이언트 ID: 3
[14:29:45.720] [INFO] 입력 패킷 수신 - 클라이언트 ID: 3, Forward: 0.000000, Right: -1.000000, Yaw: 321.924988, Jump: false, Attack: false
[14:29:45.768] [DEBUG] 데이터 수신: 21 바이트, 클라이언트 ID: 3
[14:29:45.769] [INFO] 입력 패킷 수신 - 클라이언트 ID: 3, Forward: 0.000000, Right: -1.000000, Yaw: 321.750000, Jump: false, Attack: false
[14:29:45.816] [DEBUG] 데이터 수신: 21 바이트, 클라이언트 ID: 3
[14:29:45.816] [INFO] 입력 패킷 수신 - 클라이언트 ID: 3, Forward: 0.000000, Right: -1.000000, Yaw: 321.049988, Jump: false, Attack: false
[14:29:45.866] [DEBUG] 데이터 수신: 21 바이트, 클라이언트 ID: 3
[14:29:45.866] [INFO] 입력 패킷 수신 - 클라이언트 ID: 3, Forward: 0.000000, Right: -1.000000, Yaw: 319.125000, Jump: false, Attack: true
[14:29:45.910] [DEBUG] 데이터 수신: 21 바이트, 클라이언트 ID: 3
[14:29:45.910] [INFO] 입력 패킷 수신 - 클라이언트 ID: 3, Forward: 0.000000, Right: -1.000000, Yaw: 316.325012, Jump: false, Attack: false
[14:29:46.051] [DEBUG] 데이터 수신: 21 바이트, 클라이언트 ID: 3
[14:29:46.051] [INFO] 입력 패킷 수신 - 클라이언트 ID: 3, Forward: 0.000000, Right: 1.000000, Yaw: 300.049988, Jump: false, Attack: true
[14:29:46.098] [DEBUG] 데이터 수신: 21 바이트, 클라이언트 ID: 3
[14:29:46.099] [INFO] 입력 패킷 수신 - 클라이언트 ID: 3, Forward: 0.000000, Right: 1.000000, Yaw: 293.750000, Jump: false, Attack: false
[14:29:46.148] [DEBUG] 데이터 수신: 11 바이트, 클라이언트 ID: 3
[14:29:46.149] [DEBUG] [ProcessPacket] Ping 수신, ClientId: 3
[14:29:46.149] [DEBUG] [SendPacket] WSASend 요청 성공 - 컨텍스트: ServerPong, 보낸 크기: 11, 클라이언트 ID: 3
[14:29:46.150] [DEBUG] 데이터 수신: 11 바이트, 클라이언트 ID: 4
[14:29:46.150] [INFO] [Packet] Pong 전송 - ClientId: 3
[14:29:46.150] [DEBUG] [ProcessPacket] Ping 수신, ClientId: 4
[14:29:46.151] [DEBUG] 데이터 수신: 21 바이트, 클라이언트 ID: 3
[14:29:46.151] [DEBUG] [SendPacket] WSASend 요청 성공 - 컨텍스트: ServerPong, 보낸 크기: 11, 클라이언트 ID: 4
[14:29:46.151] [INFO] 입력 패킷 수신 - 클라이언트 ID: 3, Forward: 0.000000, Right: 1.000000, Yaw: 286.575012, Jump: false, Attack: true
[14:29:46.151] [INFO] [Packet] Pong 전송 - ClientId: 4
[14:29:46.192] [DEBUG] 데이터 수신: 21 바이트, 클라이언트 ID: 3
[14:29:46.192] [INFO] 입력 패킷 수신 - 클라이언트 ID: 3, Forward: 0.000000, Right: 1.000000, Yaw: 279.225006, Jump: false, Attack: true
[14:29:46.242] [DEBUG] 데이터 수신: 21 바이트, 클라이언트 ID: 3
[14:29:46.242] [INFO] 입력 패킷 수신 - 클라이언트 ID: 3, Forward: 0.000000, Right: 1.000000, Yaw: 269.250000, Jump: false, Attack: false
[14:29:46.290] [DEBUG] 데이터 수신: 21 바이트, 클라이언트 ID: 3
[14:29:46.291] [INFO] 입력 패킷 수신 - 클라이언트 ID: 3, Forward: 0.000000, Right: 1.000000, Yaw: 254.199997, Jump: false, Attack: false
[14:29:46.338] [DEBUG] 데이터 수신: 21 바이트, 클라이언트 ID: 3
[14:29:46.339] [INFO] 입력 패킷 수신 - 클라이언트 ID: 3, Forward: 0.000000, Right: 1.000000, Yaw: 243.350006, Jump: false, Attack: false
[14:29:46.390] [DEBUG] 데이터 수신: 21 바이트, 클라이언트 ID: 3
[14:29:46.391] [INFO] 입력 패킷 수신 - 클라이언트 ID: 3, Forward: 0.000000, Right: 1.000000, Yaw: 231.975006, Jump: false, Attack: true
[14:29:46.436] [DEBUG] 데이터 수신: 21 바이트, 클라이언트 ID: 3
[14:29:46.437] [INFO] 입력 패킷 수신 - 클라이언트 ID: 3, Forward: 0.000000, Right: 1.000000, Yaw: 218.500000, Jump: false, Attack: true
[14:29:46.487] [DEBUG] 데이터 수신: 21 바이트, 클라이언트 ID: 3
[14:29:46.488] [INFO] 입력 패킷 수신 - 클라이언트 ID: 3, Forward: 0.000000, Right: 1.000000, Yaw: 208.524994, Jump: false, Attack: true
[14:29:46.538] [DEBUG] 데이터 수신: 21 바이트, 클라이언트 ID: 3
[14:29:46.538] [INFO] 입력 패킷 수신 - 클라이언트 ID: 3, Forward: 0.000000, Right: 1.000000, Yaw: 199.074997, Jump: false, Attack: false
[14:29:46.593] [DEBUG] 데이터 수신: 21 바이트, 클라이언트 ID: 3
[14:29:46.593] [INFO] 입력 패킷 수신 - 클라이언트 ID: 3, Forward: 1.000000, Right: 1.000000, Yaw: 187.175003, Jump: false, Attack: false
[14:29:46.648] [DEBUG] 데이터 수신: 21 바이트, 클라이언트 ID: 3
[14:29:46.649] [INFO] 입력 패킷 수신 - 클라이언트 ID: 3, Forward: 1.000000, Right: 1.000000, Yaw: 177.550003, Jump: false, Attack: false
[14:29:46.704] [DEBUG] 데이터 수신: 21 바이트, 클라이언트 ID: 3
[14:29:46.705] [INFO] 입력 패킷 수신 - 클라이언트 ID: 3, Forward: 1.000000, Right: 1.000000, Yaw: 175.625000, Jump: false, Attack: true
[14:29:46.753] [DEBUG] 데이터 수신: 21 바이트, 클라이언트 ID: 3
[14:29:46.754] [INFO] 입력 패킷 수신 - 클라이언트 ID: 3, Forward: 1.000000, Right: 1.000000, Yaw: 174.574997, Jump: false, Attack: true
[14:29:46.803] [DEBUG] 데이터 수신: 21 바이트, 클라이언트 ID: 3
[14:29:46.804] [INFO] 입력 패킷 수신 - 클라이언트 ID: 3, Forward: 1.000000, Right: 1.000000, Yaw: 174.050003, Jump: false, Attack: false
[14:29:46.855] [DEBUG] 데이터 수신: 21 바이트, 클라이언트 ID: 3
[14:29:46.855] [INFO] 입력 패킷 수신 - 클라이언트 ID: 3, Forward: 1.000000, Right: 1.000000, Yaw: 173.699997, Jump: false, Attack: false
[14:29:46.905] [DEBUG] 데이터 수신: 21 바이트, 클라이언트 ID: 3
[14:29:46.905] [INFO] 입력 패킷 수신 - 클라이언트 ID: 3, Forward: 1.000000, Right: 1.000000, Yaw: 173.699997, Jump: false, Attack: false
[14:29:46.953] [DEBUG] 데이터 수신: 21 바이트, 클라이언트 ID: 3
[14:29:46.954] [INFO] 입력 패킷 수신 - 클라이언트 ID: 3, Forward: 1.000000, Right: 1.000000, Yaw: 173.699997, Jump: false, Attack: false
[14:29:47.007] [DEBUG] 데이터 수신: 21 바이트, 클라이언트 ID: 3
[14:29:47.007] [INFO] 입력 패킷 수신 - 클라이언트 ID: 3, Forward: 1.000000, Right: 1.000000, Yaw: 173.524994, Jump: false, Attack: false
[14:29:47.056] [DEBUG] 데이터 수신: 21 바이트, 클라이언트 ID: 3
[14:29:47.057] [INFO] 입력 패킷 수신 - 클라이언트 ID: 3, Forward: 1.000000, Right: 1.000000, Yaw: 173.524994, Jump: false, Attack: false
[14:29:47.105] [DEBUG] 데이터 수신: 21 바이트, 클라이언트 ID: 3
[14:29:47.105] [INFO] 입력 패킷 수신 - 클라이언트 ID: 3, Forward: 1.000000, Right: 1.000000, Yaw: 173.875000, Jump: false, Attack: false
[14:29:47.158] [DEBUG] 데이터 수신: 11 바이트, 클라이언트 ID: 3
[14:29:47.159] [DEBUG] [ProcessPacket] Ping 수신, ClientId: 3
[14:29:47.159] [DEBUG] [SendPacket] WSASend 요청 성공 - 컨텍스트: ServerPong, 보낸 크기: 11, 클라이언트 ID: 3
[14:29:47.159] [DEBUG] 데이터 수신: 11 바이트, 클라이언트 ID: 4
[14:29:47.160] [INFO] [Packet] Pong 전송 - ClientId: 3
[14:29:47.160] [DEBUG] [ProcessPacket] Ping 수신, ClientId: 4
[14:29:47.160] [DEBUG] 데이터 수신: 21 바이트, 클라이언트 ID: 3
[14:29:47.160] [DEBUG] [SendPacket] WSASend 요청 성공 - 컨텍스트: ServerPong, 보낸 크기: 11, 클라이언트 ID: 4
[14:29:47.160] [INFO] 입력 패킷 수신 - 클라이언트 ID: 3, Forward: 1.000000, Right: 0.000000, Yaw: 174.225006, Jump: false, Attack: true
[14:29:47.161] [INFO] [Packet] Pong 전송 - ClientId: 4
[14:29:47.202] [DEBUG] 데이터 수신: 21 바이트, 클라이언트 ID: 3
[14:29:47.203] [INFO] 입력 패킷 수신 - 클라이언트 ID: 3, Forward: 1.000000, Right: 0.000000, Yaw: 174.225006, Jump: false, Attack: true
[14:29:47.256] [DEBUG] 데이터 수신: 21 바이트, 클라이언트 ID: 3
[14:29:47.257] [INFO] 입력 패킷 수신 - 클라이언트 ID: 3, Forward: 1.000000, Right: 0.000000, Yaw: 174.399994, Jump: false, Attack: false
[14:29:47.318] [DEBUG] 데이터 수신: 21 바이트, 클라이언트 ID: 3
[14:29:47.319] [INFO] 입력 패킷 수신 - 클라이언트 ID: 3, Forward: 1.000000, Right: 0.000000, Yaw: 174.925003, Jump: false, Attack: false
[14:29:47.375] [DEBUG] 데이터 수신: 21 바이트, 클라이언트 ID: 3
[14:29:47.376] [INFO] 입력 패킷 수신 - 클라이언트 ID: 3, Forward: 1.000000, Right: 0.000000, Yaw: 181.574997, Jump: false, Attack: true
[14:29:47.422] [DEBUG] 데이터 수신: 21 바이트, 클라이언트 ID: 3
[14:29:47.423] [INFO] 입력 패킷 수신 - 클라이언트 ID: 3, Forward: 1.000000, Right: 0.000000, Yaw: 181.574997, Jump: false, Attack: true
[14:29:47.474] [DEBUG] 데이터 수신: 21 바이트, 클라이언트 ID: 3
[14:29:47.475] [INFO] 입력 패킷 수신 - 클라이언트 ID: 3, Forward: 1.000000, Right: 0.000000, Yaw: 181.574997, Jump: false, Attack: false
[14:29:47.529] [DEBUG] 데이터 수신: 21 바이트, 클라이언트 ID: 3
[14:29:47.529] [INFO] 입력 패킷 수신 - 클라이언트 ID: 3, Forward: 1.000000, Right: 0.000000, Yaw: 181.574997, Jump: false, Attack: true
[14:29:47.572] [DEBUG] 데이터 수신: 21 바이트, 클라이언트 ID: 3
[14:29:47.572] [INFO] 입력 패킷 수신 - 클라이언트 ID: 3, Forward: 1.000000, Right: 0.000000, Yaw: 181.574997, Jump: false, Attack: true
[14:29:47.715] [DEBUG] 데이터 수신: 21 바이트, 클라이언트 ID: 3
[14:29:47.715] [INFO] 입력 패킷 수신 - 클라이언트 ID: 3, Forward: 0.000000, Right: -1.000000, Yaw: 181.574997, Jump: false, Attack: false
[14:29:47.767] [DEBUG] 데이터 수신: 21 바이트, 클라이언트 ID: 3
[14:29:47.768] [INFO] 입력 패킷 수신 - 클라이언트 ID: 3, Forward: 0.000000, Right: -1.000000, Yaw: 181.574997, Jump: false, Attack: true
[14:29:47.814] [DEBUG] 데이터 수신: 21 바이트, 클라이언트 ID: 3
[14:29:47.814] [INFO] 입력 패킷 수신 - 클라이언트 ID: 3, Forward: 0.000000, Right: -1.000000, Yaw: 184.725006, Jump: false, Attack: false
[14:29:47.861] [DEBUG] 데이터 수신: 21 바이트, 클라이언트 ID: 3
[14:29:47.861] [INFO] 입력 패킷 수신 - 클라이언트 ID: 3, Forward: 0.000000, Right: -1.000000, Yaw: 184.725006, Jump: false, Attack: false
[14:29:47.914] [DEBUG] 데이터 수신: 21 바이트, 클라이언트 ID: 3
[14:29:47.915] [INFO] 입력 패킷 수신 - 클라이언트 ID: 3, Forward: 0.000000, Right: -1.000000, Yaw: 184.725006, Jump: false, Attack: true
[14:29:47.960] [DEBUG] 데이터 수신: 21 바이트, 클라이언트 ID: 3
[14:29:47.960] [INFO] 입력 패킷 수신 - 클라이언트 ID: 3, Forward: 0.000000, Right: -1.000000, Yaw: 184.725006, Jump: false, Attack: true
[14:29:48.012] [DEBUG] 데이터 수신: 21 바이트, 클라이언트 ID: 3
[14:29:48.012] [INFO] 입력 패킷 수신 - 클라이언트 ID: 3, Forward: 0.000000, Right: -1.000000, Yaw: 184.725006, Jump: false, Attack: false
[14:29:48.062] [DEBUG] 데이터 수신: 21 바이트, 클라이언트 ID: 3
[14:29:48.062] [INFO] 입력 패킷 수신 - 클라이언트 ID: 3, Forward: 0.000000, Right: -1.000000, Yaw: 184.725006, Jump: false, Attack: false
[14:29:48.115] [DEBUG] 데이터 수신: 21 바이트, 클라이언트 ID: 3
[14:29:48.116] [INFO] 입력 패킷 수신 - 클라이언트 ID: 3, Forward: 0.000000, Right: -1.000000, Yaw: 184.725006, Jump: false, Attack: true
[14:29:48.160] [DEBUG] 데이터 수신: 11 바이트, 클라이언트 ID: 3
[14:29:48.160] [DEBUG] [ProcessPacket] Ping 수신, ClientId: 3
[14:29:48.160] [DEBUG] [SendPacket] WSASend 요청 성공 - 컨텍스트: ServerPong, 보낸 크기: 11, 클라이언트 ID: 3
[14:29:48.161] [INFO] [Packet] Pong 전송 - ClientId: 3
[14:29:48.161] [DEBUG] 데이터 수신: 11 바이트, 클라이언트 ID: 4
[14:29:48.161] [DEBUG] 데이터 수신: 21 바이트, 클라이언트 ID: 3
[14:29:48.161] [DEBUG] [ProcessPacket] Ping 수신, ClientId: 4
[14:29:48.162] [INFO] 입력 패킷 수신 - 클라이언트 ID: 3, Forward: 0.000000, Right: -1.000000, Yaw: 184.725006, Jump: false, Attack: true
[14:29:48.162] [DEBUG] [SendPacket] WSASend 요청 성공 - 컨텍스트: ServerPong, 보낸 크기: 11, 클라이언트 ID: 4
[14:29:48.162] [INFO] [Packet] Pong 전송 - ClientId: 4
[14:29:48.208] [DEBUG] 데이터 수신: 21 바이트, 클라이언트 ID: 3
[14:29:48.208] [INFO] 입력 패킷 수신 - 클라이언트 ID: 3, Forward: 0.000000, Right: -1.000000, Yaw: 184.725006, Jump: false, Attack: false
[14:29:48.258] [DEBUG] 데이터 수신: 21 바이트, 클라이언트 ID: 3
[14:29:48.259] [INFO] 입력 패킷 수신 - 클라이언트 ID: 3, Forward: -1.000000, Right: 0.000000, Yaw: 184.725006, Jump: false, Attack: false
[14:29:48.310] [DEBUG] 데이터 수신: 21 바이트, 클라이언트 ID: 3
[14:29:48.310] [INFO] 입력 패킷 수신 - 클라이언트 ID: 3, Forward: -1.000000, Right: 0.000000, Yaw: 185.250000, Jump: false, Attack: true
[14:29:48.354] [DEBUG] 데이터 수신: 21 바이트, 클라이언트 ID: 3
[14:29:48.355] [INFO] 입력 패킷 수신 - 클라이언트 ID: 3, Forward: -1.000000, Right: 0.000000, Yaw: 186.649994, Jump: false, Attack: true
[14:29:48.402] [DEBUG] 데이터 수신: 21 바이트, 클라이언트 ID: 3
[14:29:48.403] [INFO] 입력 패킷 수신 - 클라이언트 ID: 3, Forward: -1.000000, Right: 0.000000, Yaw: 187.000000, Jump: false, Attack: false
[14:29:48.450] [DEBUG] 데이터 수신: 21 바이트, 클라이언트 ID: 3
[14:29:48.450] [INFO] 입력 패킷 수신 - 클라이언트 ID: 3, Forward: -1.000000, Right: 1.000000, Yaw: 187.875000, Jump: false, Attack: false
[14:29:48.500] [DEBUG] 데이터 수신: 21 바이트, 클라이언트 ID: 3
[14:29:48.501] [INFO] 입력 패킷 수신 - 클라이언트 ID: 3, Forward: -1.000000, Right: 1.000000, Yaw: 188.050003, Jump: false, Attack: true
[14:29:48.545] [DEBUG] 데이터 수신: 21 바이트, 클라이언트 ID: 3
[14:29:48.545] [INFO] 입력 패킷 수신 - 클라이언트 ID: 3, Forward: -1.000000, Right: 1.000000, Yaw: 188.050003, Jump: false, Attack: false
[14:29:48.590] [DEBUG] 데이터 수신: 21 바이트, 클라이언트 ID: 3
[14:29:48.591] [INFO] 입력 패킷 수신 - 클라이언트 ID: 3, Forward: -1.000000, Right: 1.000000, Yaw: 188.050003, Jump: false, Attack: false
[14:29:48.640] [DEBUG] 데이터 수신: 21 바이트, 클라이언트 ID: 3
[14:29:48.641] [INFO] 입력 패킷 수신 - 클라이언트 ID: 3, Forward: -1.000000, Right: 1.000000, Yaw: 188.050003, Jump: false, Attack: false
[14:29:48.694] [DEBUG] 데이터 수신: 21 바이트, 클라이언트 ID: 3
[14:29:48.694] [INFO] 입력 패킷 수신 - 클라이언트 ID: 3, Forward: 0.000000, Right: 1.000000, Yaw: 188.050003, Jump: false, Attack: true
[14:29:48.736] [DEBUG] 데이터 수신: 21 바이트, 클라이언트 ID: 3
[14:29:48.737] [INFO] 입력 패킷 수신 - 클라이언트 ID: 3, Forward: 0.000000, Right: 1.000000, Yaw: 188.050003, Jump: false, Attack: false
