[22:15:37.106] [INFO] 로깅 시스템 초기화됨
[22:15:37.106] [INFO] 서버 인스턴스 생성됨
[22:15:37.106] [INFO] 서버 초기화 시작 (포트: 9000)
[22:15:37.107] [INFO] 윈속 초기화 성공
[22:15:37.108] [INFO] 리스닝 소켓 생성 성공
[22:15:37.108] [INFO] 소켓 바인딩 성공 (포트: 9000)
[22:15:37.108] [INFO] 리스닝 시작됨
[22:15:37.108] [INFO] IOCP 생성 성공
[22:15:37.108] [INFO] CPU 코어 수: 16, 생성할 작업자 스레드: 16
[22:15:37.109] [INFO] 작업자 스레드 #1 생성됨
[22:15:37.109] [INFO] 작업자 스레드 시작 (ThreadID: 32488)
[22:15:37.109] [INFO] 작업자 스레드 #2 생성됨
[22:15:37.109] [INFO] 작업자 스레드 시작 (ThreadID: 19844)
[22:15:37.110] [INFO] 작업자 스레드 #3 생성됨
[22:15:37.110] [INFO] 작업자 스레드 시작 (ThreadID: 13824)
[22:15:37.110] [INFO] 작업자 스레드 #4 생성됨
[22:15:37.110] [INFO] 작업자 스레드 시작 (ThreadID: 29932)
[22:15:37.110] [INFO] 작업자 스레드 #5 생성됨
[22:15:37.111] [INFO] 작업자 스레드 시작 (ThreadID: 1280)
[22:15:37.111] [INFO] 작업자 스레드 #6 생성됨
[22:15:37.111] [INFO] 작업자 스레드 시작 (ThreadID: 31424)
[22:15:37.111] [INFO] 작업자 스레드 #7 생성됨
[22:15:37.111] [INFO] 작업자 스레드 시작 (ThreadID: 13140)
[22:15:37.111] [INFO] 작업자 스레드 #8 생성됨
[22:15:37.112] [INFO] 작업자 스레드 시작 (ThreadID: 20628)
[22:15:37.112] [INFO] 작업자 스레드 #9 생성됨
[22:15:37.112] [INFO] 작업자 스레드 시작 (ThreadID: 25588)
[22:15:37.112] [INFO] 작업자 스레드 #10 생성됨
[22:15:37.112] [INFO] 작업자 스레드 시작 (ThreadID: 8224)
[22:15:37.112] [INFO] 작업자 스레드 #11 생성됨
[22:15:37.113] [INFO] 작업자 스레드 시작 (ThreadID: 20684)
[22:15:37.113] [INFO] 작업자 스레드 #12 생성됨
[22:15:37.113] [INFO] 작업자 스레드 시작 (ThreadID: 4640)
[22:15:37.113] [INFO] 작업자 스레드 #13 생성됨
[22:15:37.113] [INFO] 작업자 스레드 시작 (ThreadID: 30660)
[22:15:37.113] [INFO] 작업자 스레드 #14 생성됨
[22:15:37.114] [INFO] 작업자 스레드 시작 (ThreadID: 13864)
[22:15:37.114] [INFO] 작업자 스레드 #15 생성됨
[22:15:37.114] [INFO] 작업자 스레드 시작 (ThreadID: 28588)
[22:15:37.114] [INFO] 작업자 스레드 #16 생성됨
[22:15:37.114] [INFO] 작업자 스레드 시작 (ThreadID: 31228)
[22:15:37.115] [INFO] 서버 초기화 완료
[22:15:37.115] [INFO] 서버 실행. 포트 번호: 9000
[22:15:37.115] [INFO] IOCP 멀티플레이어 서버 시작됨...
[22:15:37.115] [INFO] 서버 실행 시작
[22:15:39.700] [INFO] 새 클라이언트에게 ID 1 전송됨
[22:15:39.700] [INFO] 초기 위치 정보 전송됨 - 클라이언트 ID: 1, 위치: X=0.000000, Y=0.000000, Z=90.000000
[22:15:39.700] [INFO] 새 플레이어 정보(ID: 1) 브로드캐스트 - 수신자 수: 0
[22:15:39.700] [INFO] 기존 플레이어 정보 0개가 새 클라이언트(ID: 1)에게 전송됨
[22:15:39.701] [INFO] 위치 업데이트 - 클라이언트 ID: 1, 위치: X=0.000000, Y=0.000000, Z=90.000000, 속도: X=0.000000, Y=0.000000, Z=0.000000
[22:15:39.701] [INFO] 서버 FPS: 0.771010, 평균 프레임 시간: 259.399994ms, 클라이언트 수: 1
