[13:52:43.201] [INFO] 로깅 시스템 초기화됨
[13:52:43.202] [INFO] 서버 인스턴스 생성됨
[13:52:43.202] [INFO] 서버 초기화 시작 (포트: 9000)
[13:52:43.203] [INFO] 윈속 초기화 성공
[13:52:43.204] [INFO] 리스닝 소켓 생성 성공
[13:52:43.205] [INFO] 소켓 바인딩 성공 (포트: 9000)
[13:52:43.205] [INFO] 리스닝 시작됨
[13:52:43.205] [INFO] IOCP 생성 성공
[13:52:43.206] [INFO] CPU 코어 수: 16, 생성할 작업자 스레드: 16
[13:52:43.206] [INFO] 작업자 스레드 #1 생성됨
[13:52:43.206] [INFO] 작업자 스레드 시작 (ThreadID: 35904)
[13:52:43.207] [INFO] 작업자 스레드 #2 생성됨
[13:52:43.207] [INFO] 작업자 스레드 시작 (ThreadID: 30028)
[13:52:43.208] [INFO] 작업자 스레드 #3 생성됨
[13:52:43.208] [INFO] 작업자 스레드 시작 (ThreadID: 26416)
[13:52:43.208] [INFO] 작업자 스레드 #4 생성됨
[13:52:43.208] [INFO] 작업자 스레드 시작 (ThreadID: 44052)
[13:52:43.209] [INFO] 작업자 스레드 #5 생성됨
[13:52:43.209] [INFO] 작업자 스레드 시작 (ThreadID: 44300)
[13:52:43.209] [INFO] 작업자 스레드 #6 생성됨
[13:52:43.209] [INFO] 작업자 스레드 시작 (ThreadID: 26772)
[13:52:43.210] [INFO] 작업자 스레드 #7 생성됨
[13:52:43.210] [INFO] 작업자 스레드 시작 (ThreadID: 44760)
[13:52:43.210] [INFO] 작업자 스레드 #8 생성됨
[13:52:43.210] [INFO] 작업자 스레드 시작 (ThreadID: 26692)
[13:52:43.211] [INFO] 작업자 스레드 #9 생성됨
[13:52:43.211] [INFO] 작업자 스레드 시작 (ThreadID: 42832)
[13:52:43.212] [INFO] 작업자 스레드 #10 생성됨
[13:52:43.212] [INFO] 작업자 스레드 시작 (ThreadID: 42084)
[13:52:43.212] [INFO] 작업자 스레드 #11 생성됨
[13:52:43.212] [INFO] 작업자 스레드 시작 (ThreadID: 27728)
[13:52:43.213] [INFO] 작업자 스레드 #12 생성됨
[13:52:43.213] [INFO] 작업자 스레드 시작 (ThreadID: 8788)
[13:52:43.214] [INFO] 작업자 스레드 #13 생성됨
[13:52:43.214] [INFO] 작업자 스레드 시작 (ThreadID: 39128)
[13:52:43.214] [INFO] 작업자 스레드 #14 생성됨
[13:52:43.214] [INFO] 작업자 스레드 시작 (ThreadID: 33260)
[13:52:43.215] [INFO] 작업자 스레드 #15 생성됨
[13:52:43.216] [INFO] 작업자 스레드 시작 (ThreadID: 38788)
[13:52:43.216] [INFO] 작업자 스레드 #16 생성됨
[13:52:43.217] [INFO] 작업자 스레드 시작 (ThreadID: 42712)
[13:52:43.217] [INFO] 서버 초기화 완료
[13:52:43.217] [INFO] 서버 실행. 포트 번호: 9000
[13:52:43.217] [INFO] IOCP 멀티플레이어 서버 시작됨...
[13:52:43.217] [INFO] 서버 실행 시작
[13:53:11.794] [INFO] 새 클라이언트에게 ID 1 전송됨
[13:53:11.794] [INFO] 초기 위치 정보 전송됨 - 클라이언트 ID: 1, 위치: X=0.000000, Y=0.000000, Z=90.000000
[13:53:11.795] [INFO] 새 플레이어 정보(ID: 1) 브로드캐스트 - 수신자 수: 0
[13:53:11.795] [INFO] 기존 플레이어 정보 0개가 새 클라이언트(ID: 1)에게 전송됨
[13:53:11.796] [INFO] 위치 업데이트 - 클라이언트 ID: 1, 위치: X=0.000000, Y=0.000000, Z=90.000000, 속도: X=0.000000, Y=0.000000, Z=0.000000
[13:53:11.797] [INFO] 서버 FPS: 0.069945, 평균 프레임 시간: 2859.400146ms, 클라이언트 수: 1
[13:53:11.797] [INFO] 새 클라이언트에게 ID 2 전송됨
[13:53:11.798] [INFO] 초기 위치 정보 전송됨 - 클라이언트 ID: 2, 위치: X=300.000000, Y=0.000000, Z=90.000000
[13:53:11.798] [INFO] 새 플레이어 정보(ID: 2) 브로드캐스트 - 수신자 수: 1
[13:53:11.798] [INFO] 기존 플레이어 정보 1개가 새 클라이언트(ID: 2)에게 전송됨
[13:53:11.799] [WARNING] 비정상적으로 긴 델타 타임: 28.594000초
[13:53:11.799] [INFO] 위치 업데이트 - 클라이언트 ID: 1, 위치: X=0.000000, Y=0.000000, Z=90.000000, 속도: X=0.000000, Y=0.000000, Z=0.000000
[13:53:11.799] [INFO] 위치 업데이트 - 클라이언트 ID: 2, 위치: X=300.000000, Y=0.000000, Z=90.000000, 속도: X=0.000000, Y=0.000000, Z=0.000000
[13:53:18.069] [WARNING] 처리되지 않은 패킷 타입: 2, 클라이언트 ID: 1
[13:53:18.814] [WARNING] 처리되지 않은 패킷 타입: 2, 클라이언트 ID: 1
[13:53:22.036] [WARNING] 처리되지 않은 패킷 타입: 2, 클라이언트 ID: 1
[13:53:23.284] [WARNING] 처리되지 않은 패킷 타입: 2, 클라이언트 ID: 1
[13:53:24.825] [WARNING] 처리되지 않은 패킷 타입: 3, 클라이언트 ID: 1
[13:53:26.236] [WARNING] 처리되지 않은 패킷 타입: 2, 클라이언트 ID: 1
[13:53:28.469] [WARNING] 처리되지 않은 패킷 타입: 3, 클라이언트 ID: 1
[13:53:29.884] [WARNING] 처리되지 않은 패킷 타입: 2, 클라이언트 ID: 1
[13:53:29.973] [WARNING] 처리되지 않은 패킷 타입: 2, 클라이언트 ID: 1
[13:53:51.044] [WARNING] 처리되지 않은 패킷 타입: 3, 클라이언트 ID: 2
[13:53:52.618] [INFO] 클라이언트가 정상적으로 연결 종료함 - ID: 2
[13:53:52.618] [INFO] 클라이언트 연결 끊김 (ID: 2)
[13:53:52.619] [INFO] 클라이언트 연결 끊김 알림(ID: 2) - 수신자 수: 1
[13:53:52.640] [INFO] 클라이언트가 정상적으로 연결 종료함 - ID: 1
[13:53:52.640] [INFO] 클라이언트 연결 끊김 (ID: 1)
[13:53:52.641] [INFO] 클라이언트 연결 끊김 알림(ID: 1) - 수신자 수: 0
[13:56:32.221] [INFO] 새 클라이언트에게 ID 3 전송됨
[13:56:32.222] [INFO] 초기 위치 정보 전송됨 - 클라이언트 ID: 3, 위치: X=-300.000000, Y=0.000000, Z=90.000000
[13:56:32.222] [INFO] 새 플레이어 정보(ID: 3) 브로드캐스트 - 수신자 수: 0
[13:56:32.222] [INFO] 기존 플레이어 정보 0개가 새 클라이언트(ID: 3)에게 전송됨
[13:56:32.222] [INFO] 위치 업데이트 - 클라이언트 ID: 3, 위치: X=-300.000000, Y=0.000000, Z=90.000000, 속도: X=0.000000, Y=0.000000, Z=0.000000
[13:56:32.223] [INFO] 서버 FPS: 0.009979, 평균 프레임 시간: 22356.814453ms, 클라이언트 수: 1
[13:56:32.224] [INFO] 새 클라이언트에게 ID 4 전송됨
[13:56:32.224] [INFO] 초기 위치 정보 전송됨 - 클라이언트 ID: 4, 위치: X=0.000000, Y=300.000000, Z=90.000000
[13:56:32.224] [INFO] 새 플레이어 정보(ID: 4) 브로드캐스트 - 수신자 수: 1
[13:56:32.225] [INFO] 기존 플레이어 정보 1개가 새 클라이언트(ID: 4)에게 전송됨
[13:56:32.225] [WARNING] 비정상적으로 긴 델타 타임: 200.406998초
[13:56:32.225] [INFO] 위치 업데이트 - 클라이언트 ID: 3, 위치: X=-300.000000, Y=0.000000, Z=90.000000, 속도: X=0.000000, Y=0.000000, Z=0.000000
[13:56:32.225] [INFO] 위치 업데이트 - 클라이언트 ID: 4, 위치: X=0.000000, Y=300.000000, Z=90.000000, 속도: X=0.000000, Y=0.000000, Z=0.000000
[13:56:35.008] [WARNING] 처리되지 않은 패킷 타입: 2, 클라이언트 ID: 4
[13:56:36.949] [WARNING] 처리되지 않은 패킷 타입: 3, 클라이언트 ID: 4
[13:56:38.284] [WARNING] 처리되지 않은 패킷 타입: 2, 클라이언트 ID: 4
[13:56:38.430] [WARNING] 처리되지 않은 패킷 타입: 2, 클라이언트 ID: 4
[13:56:38.722] [WARNING] 처리되지 않은 패킷 타입: 2, 클라이언트 ID: 4
[13:56:38.823] [WARNING] 처리되지 않은 패킷 타입: 2, 클라이언트 ID: 4
[13:56:39.110] [WARNING] 처리되지 않은 패킷 타입: 2, 클라이언트 ID: 4
[13:56:39.204] [WARNING] 처리되지 않은 패킷 타입: 2, 클라이언트 ID: 4
[13:56:39.400] [WARNING] 처리되지 않은 패킷 타입: 2, 클라이언트 ID: 4
[13:56:39.647] [WARNING] 처리되지 않은 패킷 타입: 2, 클라이언트 ID: 4
[13:56:40.130] [WARNING] 처리되지 않은 패킷 타입: 2, 클라이언트 ID: 4
[13:56:40.761] [WARNING] 처리되지 않은 패킷 타입: 2, 클라이언트 ID: 4
[13:56:41.050] [WARNING] 처리되지 않은 패킷 타입: 2, 클라이언트 ID: 4
[13:56:41.997] [WARNING] 처리되지 않은 패킷 타입: 2, 클라이언트 ID: 4
[13:56:50.418] [WARNING] 처리되지 않은 패킷 타입: 2, 클라이언트 ID: 3
[13:56:51.937] [WARNING] 처리되지 않은 패킷 타입: 2, 클라이언트 ID: 3
[13:56:52.349] [WARNING] 처리되지 않은 패킷 타입: 2, 클라이언트 ID: 3
[13:56:52.696] [WARNING] 처리되지 않은 패킷 타입: 2, 클라이언트 ID: 3
[13:56:53.422] [WARNING] 처리되지 않은 패킷 타입: 2, 클라이언트 ID: 3
[13:56:53.622] [WARNING] 처리되지 않은 패킷 타입: 2, 클라이언트 ID: 3
[13:56:53.784] [WARNING] 처리되지 않은 패킷 타입: 2, 클라이언트 ID: 3
[13:56:53.895] [WARNING] 처리되지 않은 패킷 타입: 2, 클라이언트 ID: 3
[13:56:54.095] [WARNING] 처리되지 않은 패킷 타입: 2, 클라이언트 ID: 3
[13:56:54.145] [WARNING] 처리되지 않은 패킷 타입: 2, 클라이언트 ID: 3
[13:56:54.694] [WARNING] 처리되지 않은 패킷 타입: 2, 클라이언트 ID: 3
[13:56:54.744] [WARNING] 처리되지 않은 패킷 타입: 2, 클라이언트 ID: 3
[13:56:54.895] [WARNING] 처리되지 않은 패킷 타입: 2, 클라이언트 ID: 3
[13:56:54.944] [WARNING] 처리되지 않은 패킷 타입: 2, 클라이언트 ID: 3
[13:56:54.994] [WARNING] 처리되지 않은 패킷 타입: 2, 클라이언트 ID: 3
[13:56:55.097] [WARNING] 처리되지 않은 패킷 타입: 2, 클라이언트 ID: 3
[13:56:55.994] [WARNING] 처리되지 않은 패킷 타입: 2, 클라이언트 ID: 3
[13:56:56.661] [WARNING] 처리되지 않은 패킷 타입: 3, 클라이언트 ID: 3
[13:56:59.144] [WARNING] 처리되지 않은 패킷 타입: 2, 클라이언트 ID: 3
[13:56:59.403] [WARNING] 처리되지 않은 패킷 타입: 3, 클라이언트 ID: 3
[13:57:01.230] [WARNING] 처리되지 않은 패킷 타입: 2, 클라이언트 ID: 3
[13:57:03.350] [WARNING] 처리되지 않은 패킷 타입: 3, 클라이언트 ID: 3
[13:57:03.957] [WARNING] 처리되지 않은 패킷 타입: 2, 클라이언트 ID: 3
[13:57:04.008] [WARNING] 처리되지 않은 패킷 타입: 2, 클라이언트 ID: 3
[13:57:04.553] [WARNING] 처리되지 않은 패킷 타입: 2, 클라이언트 ID: 3
[13:57:06.800] [WARNING] 처리되지 않은 패킷 타입: 3, 클라이언트 ID: 3
[13:57:07.000] [WARNING] 처리되지 않은 패킷 타입: 2, 클라이언트 ID: 3
[13:57:11.130] [WARNING] 처리되지 않은 패킷 타입: 3, 클라이언트 ID: 3
[13:57:12.540] [WARNING] 처리되지 않은 패킷 타입: 2, 클라이언트 ID: 3
[13:57:13.337] [WARNING] 처리되지 않은 패킷 타입: 3, 클라이언트 ID: 3
[13:57:14.718] [WARNING] 처리되지 않은 패킷 타입: 2, 클라이언트 ID: 3
[13:57:15.113] [WARNING] 처리되지 않은 패킷 타입: 3, 클라이언트 ID: 3
[13:57:16.540] [WARNING] 처리되지 않은 패킷 타입: 2, 클라이언트 ID: 3
[13:57:16.940] [WARNING] 처리되지 않은 패킷 타입: 3, 클라이언트 ID: 3
[13:57:18.359] [WARNING] 처리되지 않은 패킷 타입: 2, 클라이언트 ID: 3
[13:57:18.700] [WARNING] 처리되지 않은 패킷 타입: 3, 클라이언트 ID: 3
[13:57:20.128] [WARNING] 처리되지 않은 패킷 타입: 2, 클라이언트 ID: 3
[13:57:20.329] [WARNING] 처리되지 않은 패킷 타입: 3, 클라이언트 ID: 3
[13:57:21.754] [WARNING] 처리되지 않은 패킷 타입: 2, 클라이언트 ID: 3
[13:57:21.903] [WARNING] 처리되지 않은 패킷 타입: 3, 클라이언트 ID: 3
[13:57:23.315] [WARNING] 처리되지 않은 패킷 타입: 2, 클라이언트 ID: 3
[13:57:23.658] [WARNING] 처리되지 않은 패킷 타입: 3, 클라이언트 ID: 3
[13:57:25.073] [WARNING] 처리되지 않은 패킷 타입: 2, 클라이언트 ID: 3
[13:57:25.321] [WARNING] 처리되지 않은 패킷 타입: 3, 클라이언트 ID: 3
[13:57:26.731] [WARNING] 처리되지 않은 패킷 타입: 2, 클라이언트 ID: 3
[13:57:26.973] [WARNING] 처리되지 않은 패킷 타입: 3, 클라이언트 ID: 3
[13:57:28.368] [WARNING] 처리되지 않은 패킷 타입: 2, 클라이언트 ID: 3
[13:57:28.570] [WARNING] 처리되지 않은 패킷 타입: 3, 클라이언트 ID: 3
[13:57:29.975] [WARNING] 처리되지 않은 패킷 타입: 2, 클라이언트 ID: 3
[13:57:30.460] [WARNING] 처리되지 않은 패킷 타입: 3, 클라이언트 ID: 3
[13:57:31.873] [WARNING] 처리되지 않은 패킷 타입: 2, 클라이언트 ID: 3
[13:57:32.949] [WARNING] 처리되지 않은 패킷 타입: 2, 클라이언트 ID: 3
