[16:00:42.247] [INFO] 로깅 시스템 초기화됨
[16:00:42.248] [INFO] 서버 인스턴스 생성됨
[16:00:42.248] [INFO] 서버 초기화 시작 (포트: 9000)
[16:00:42.249] [INFO] 윈속 초기화 성공
[16:00:42.251] [INFO] 리스닝 소켓 생성 성공
[16:00:42.252] [INFO] 소켓 바인딩 성공 (포트: 9000)
[16:00:42.252] [INFO] 리스닝 시작됨
[16:00:42.252] [INFO] IOCP 생성 성공
[16:00:42.253] [INFO] CPU 코어 수: 16, 생성할 작업자 스레드: 16
[16:00:42.253] [INFO] 작업자 스레드 #1 생성됨
[16:00:42.254] [INFO] 작업자 스레드 시작 (ThreadID: 24396)
[16:00:42.255] [INFO] 작업자 스레드 #2 생성됨
[16:00:42.255] [INFO] 작업자 스레드 시작 (ThreadID: 7396)
[16:00:42.256] [INFO] 작업자 스레드 #3 생성됨
[16:00:42.256] [INFO] 작업자 스레드 시작 (ThreadID: 20628)
[16:00:42.257] [INFO] 작업자 스레드 #4 생성됨
[16:00:42.257] [INFO] 작업자 스레드 시작 (ThreadID: 32356)
[16:00:42.258] [INFO] 작업자 스레드 #5 생성됨
[16:00:42.258] [INFO] 작업자 스레드 시작 (ThreadID: 4636)
[16:00:42.259] [INFO] 작업자 스레드 #6 생성됨
[16:00:42.259] [INFO] 작업자 스레드 시작 (ThreadID: 37836)
[16:00:42.259] [INFO] 작업자 스레드 #7 생성됨
[16:00:42.260] [INFO] 작업자 스레드 시작 (ThreadID: 44468)
[16:00:42.260] [INFO] 작업자 스레드 #8 생성됨
[16:00:42.261] [INFO] 작업자 스레드 시작 (ThreadID: 24296)
[16:00:42.262] [INFO] 작업자 스레드 #9 생성됨
[16:00:42.262] [INFO] 작업자 스레드 시작 (ThreadID: 32344)
[16:00:42.263] [INFO] 작업자 스레드 #10 생성됨
[16:00:42.263] [INFO] 작업자 스레드 시작 (ThreadID: 43372)
[16:00:42.264] [INFO] 작업자 스레드 #11 생성됨
[16:00:42.265] [INFO] 작업자 스레드 시작 (ThreadID: 26900)
[16:00:42.265] [INFO] 작업자 스레드 #12 생성됨
[16:00:42.266] [INFO] 작업자 스레드 시작 (ThreadID: 31836)
[16:00:42.266] [INFO] 작업자 스레드 #13 생성됨
[16:00:42.267] [INFO] 작업자 스레드 시작 (ThreadID: 20792)
[16:00:42.268] [INFO] 작업자 스레드 #14 생성됨
[16:00:42.268] [INFO] 작업자 스레드 시작 (ThreadID: 33992)
[16:00:42.270] [INFO] 작업자 스레드 #15 생성됨
[16:00:42.270] [INFO] 작업자 스레드 시작 (ThreadID: 41420)
[16:00:42.271] [INFO] 작업자 스레드 #16 생성됨
[16:00:42.271] [INFO] 작업자 스레드 시작 (ThreadID: 31504)
[16:00:42.271] [INFO] 서버 초기화 완료
[16:00:42.272] [INFO] 서버 실행. 포트 번호: 9000
[16:00:42.272] [INFO] IOCP 멀티플레이어 서버 시작됨...
[16:00:42.272] [INFO] 서버 실행 시작
[16:00:45.142] [DEBUG] [SendPacket] WSASend 요청 성공 - 컨텍스트: SendClientId, 보낸 크기: 7, 클라이언트 ID: 1
[16:00:45.142] [INFO] 새 클라이언트에게 ID 1 전송됨
[16:00:45.143] [DEBUG] [SendPacket] WSASend 요청 성공 - 컨텍스트: SendInitialPosition, 보낸 크기: 32, 클라이언트 ID: 1
[16:00:45.143] [INFO] 초기 위치 정보 전송됨 - 클라이언트 ID: 1, 위치: X=0.000000, Y=0.000000, Z=90.000000
[16:00:45.143] [INFO] 새 플레이어 정보(ID: 1) 브로드캐스트 - 수신자 수: 0
[16:00:45.143] [INFO] 기존 플레이어 정보 0개가 새 클라이언트(ID: 1)에게 전송됨
[16:00:45.144] [INFO] [Run] Update() 호출 직전
[16:00:45.144] [INFO] Update() 호출
[16:00:45.144] [INFO] 위치 업데이트 - 클라이언트 ID: 1, 위치: X=0.000000, Y=0.000000, Z=90.000000, 속도: X=0.000000, Y=0.000000, Z=0.000000
[16:00:45.144] [INFO] Update() 호출 끝
[16:00:45.145] [INFO] [Run] Update() 호출 직후
[16:00:51.139] [DEBUG] 데이터 수신: 11 바이트, 클라이언트 ID: 1
[16:00:53.046] [DEBUG] [ProcessPacket] Ping 수신, ClientId: 1
[16:00:54.156] [DEBUG] [SendPacket] WSASend 요청 성공 - 컨텍스트: ServerPong, 보낸 크기: 11, 클라이언트 ID: 1
[16:00:55.106] [INFO] [Packet] Pong 전송 - ClientId: 1
[16:00:55.112] [DEBUG] 데이터 수신: 88 바이트, 클라이언트 ID: 1
[16:00:55.127] [DEBUG] [ProcessPacket] Ping 수신, ClientId: 1
[16:00:55.128] [INFO] 서버 FPS: 0.188519, 평균 프레임 시간: 831.200012ms, 클라이언트 수: 1
[16:00:55.129] [DEBUG] [SendPacket] WSASend 요청 성공 - 컨텍스트: ServerPong, 보낸 크기: 11, 클라이언트 ID: 1
[16:00:55.138] [INFO] [Packet] Pong 전송 - ClientId: 1
[16:01:05.975] [DEBUG] 데이터 수신: 121 바이트, 클라이언트 ID: 1
[16:01:05.977] [DEBUG] [ProcessPacket] Ping 수신, ClientId: 1
[16:01:05.977] [DEBUG] [SendPacket] WSASend 요청 성공 - 컨텍스트: ServerPong, 보낸 크기: 11, 클라이언트 ID: 1
[16:01:05.978] [INFO] [Packet] Pong 전송 - ClientId: 1
[16:01:06.185] [DEBUG] 데이터 수신: 11 바이트, 클라이언트 ID: 1
[16:01:06.186] [DEBUG] [ProcessPacket] Ping 수신, ClientId: 1
[16:01:06.187] [DEBUG] [SendPacket] WSASend 요청 성공 - 컨텍스트: ServerPong, 보낸 크기: 11, 클라이언트 ID: 1
[16:01:06.189] [INFO] [Packet] Pong 전송 - ClientId: 1
[16:01:07.184] [DEBUG] 데이터 수신: 11 바이트, 클라이언트 ID: 1
[16:01:07.185] [DEBUG] [ProcessPacket] Ping 수신, ClientId: 1
[16:01:07.185] [DEBUG] [SendPacket] WSASend 요청 성공 - 컨텍스트: ServerPong, 보낸 크기: 11, 클라이언트 ID: 1
[16:01:07.186] [INFO] [Packet] Pong 전송 - ClientId: 1
[16:01:08.334] [DEBUG] 데이터 수신: 11 바이트, 클라이언트 ID: 1
[16:01:08.335] [DEBUG] [ProcessPacket] Ping 수신, ClientId: 1
[16:01:08.335] [DEBUG] [SendPacket] WSASend 요청 성공 - 컨텍스트: ServerPong, 보낸 크기: 11, 클라이언트 ID: 1
[16:01:08.335] [INFO] [Packet] Pong 전송 - ClientId: 1
[16:01:09.334] [DEBUG] 데이터 수신: 11 바이트, 클라이언트 ID: 1
[16:01:09.335] [DEBUG] [ProcessPacket] Ping 수신, ClientId: 1
[16:01:09.335] [DEBUG] [SendPacket] WSASend 요청 성공 - 컨텍스트: ServerPong, 보낸 크기: 11, 클라이언트 ID: 1
[16:01:09.336] [INFO] [Packet] Pong 전송 - ClientId: 1
[16:01:10.334] [DEBUG] 데이터 수신: 11 바이트, 클라이언트 ID: 1
[16:01:10.335] [DEBUG] [ProcessPacket] Ping 수신, ClientId: 1
[16:01:10.335] [DEBUG] [SendPacket] WSASend 요청 성공 - 컨텍스트: ServerPong, 보낸 크기: 11, 클라이언트 ID: 1
[16:01:10.336] [INFO] [Packet] Pong 전송 - ClientId: 1
[16:01:11.334] [DEBUG] 데이터 수신: 11 바이트, 클라이언트 ID: 1
[16:01:11.335] [DEBUG] [ProcessPacket] Ping 수신, ClientId: 1
[16:01:11.335] [DEBUG] [SendPacket] WSASend 요청 성공 - 컨텍스트: ServerPong, 보낸 크기: 11, 클라이언트 ID: 1
[16:01:11.335] [INFO] [Packet] Pong 전송 - ClientId: 1
[16:01:12.334] [DEBUG] 데이터 수신: 11 바이트, 클라이언트 ID: 1
[16:01:12.335] [DEBUG] [ProcessPacket] Ping 수신, ClientId: 1
[16:01:12.336] [DEBUG] [SendPacket] WSASend 요청 성공 - 컨텍스트: ServerPong, 보낸 크기: 11, 클라이언트 ID: 1
[16:01:12.336] [INFO] [Packet] Pong 전송 - ClientId: 1
[16:01:12.514] [DEBUG] 데이터 수신: 21 바이트, 클라이언트 ID: 1
[16:01:12.515] [INFO] 입력 패킷 수신 - 클라이언트 ID: 1, Forward: 0.000000, Right: 0.000000, Yaw: 0.000000, Jump: false, Attack: true
[16:01:12.545] [DEBUG] 데이터 수신: 21 바이트, 클라이언트 ID: 1
[16:01:12.545] [INFO] 입력 패킷 수신 - 클라이언트 ID: 1, Forward: 0.000000, Right: 0.000000, Yaw: 180.000000, Jump: false, Attack: true
[16:01:13.350] [DEBUG] 데이터 수신: 11 바이트, 클라이언트 ID: 1
[16:01:13.351] [DEBUG] [ProcessPacket] Ping 수신, ClientId: 1
[16:01:13.351] [DEBUG] [SendPacket] WSASend 요청 성공 - 컨텍스트: ServerPong, 보낸 크기: 11, 클라이언트 ID: 1
[16:01:13.352] [INFO] [Packet] Pong 전송 - ClientId: 1
