[20:35:55.869] [INFO] 로깅 시스템 초기화됨
[20:35:55.870] [INFO] 서버 인스턴스 생성됨
[20:35:55.870] [INFO] 서버 초기화 시작 (포트: 9000)
[20:35:55.871] [INFO] 윈속 초기화 성공
[20:35:55.871] [INFO] 리스닝 소켓 생성 성공
[20:35:55.872] [INFO] 소켓 바인딩 성공 (포트: 9000)
[20:35:55.872] [INFO] 리스닝 시작됨
[20:35:55.872] [INFO] IOCP 생성 성공
[20:35:55.872] [INFO] CPU 코어 수: 16, 생성할 작업자 스레드: 16
[20:35:55.872] [INFO] 작업자 스레드 #1 생성됨
[20:35:55.873] [INFO] 작업자 스레드 시작 (ThreadID: 21924)
[20:35:55.873] [INFO] 작업자 스레드 #2 생성됨
[20:35:55.873] [INFO] 작업자 스레드 시작 (ThreadID: 24188)
[20:35:55.873] [INFO] 작업자 스레드 #3 생성됨
[20:35:55.873] [INFO] 작업자 스레드 시작 (ThreadID: 16020)
[20:35:55.874] [INFO] 작업자 스레드 #4 생성됨
[20:35:55.874] [INFO] 작업자 스레드 시작 (ThreadID: 27204)
[20:35:55.874] [INFO] 작업자 스레드 #5 생성됨
[20:35:55.874] [INFO] 작업자 스레드 시작 (ThreadID: 17140)
[20:35:55.874] [INFO] 작업자 스레드 #6 생성됨
[20:35:55.875] [INFO] 작업자 스레드 시작 (ThreadID: 31452)
[20:35:55.875] [INFO] 작업자 스레드 #7 생성됨
[20:35:55.875] [INFO] 작업자 스레드 시작 (ThreadID: 24024)
[20:35:55.875] [INFO] 작업자 스레드 #8 생성됨
[20:35:55.875] [INFO] 작업자 스레드 시작 (ThreadID: 32600)
[20:35:55.875] [INFO] 작업자 스레드 #9 생성됨
[20:35:55.876] [INFO] 작업자 스레드 시작 (ThreadID: 21780)
[20:35:55.876] [INFO] 작업자 스레드 #10 생성됨
[20:35:55.876] [INFO] 작업자 스레드 시작 (ThreadID: 12104)
[20:35:55.876] [INFO] 작업자 스레드 #11 생성됨
[20:35:55.876] [INFO] 작업자 스레드 시작 (ThreadID: 30028)
[20:35:55.876] [INFO] 작업자 스레드 #12 생성됨
[20:35:55.877] [INFO] 작업자 스레드 시작 (ThreadID: 10984)
[20:35:55.877] [INFO] 작업자 스레드 #13 생성됨
[20:35:55.877] [INFO] 작업자 스레드 시작 (ThreadID: 26180)
[20:35:55.877] [INFO] 작업자 스레드 #14 생성됨
[20:35:55.877] [INFO] 작업자 스레드 시작 (ThreadID: 22380)
[20:35:55.877] [INFO] 작업자 스레드 #15 생성됨
[20:35:55.878] [INFO] 작업자 스레드 시작 (ThreadID: 23056)
[20:35:55.878] [INFO] 작업자 스레드 #16 생성됨
[20:35:55.878] [INFO] 작업자 스레드 시작 (ThreadID: 16340)
[20:35:55.878] [INFO] 서버 초기화 완료
[20:35:55.878] [INFO] 서버 실행. 포트 번호: 9000
[20:35:55.878] [INFO] IOCP 멀티플레이어 서버 시작됨...
[20:35:55.878] [INFO] 서버 실행 시작
[20:35:59.781] [INFO] 클라이언트 연결됨: 127.0.0.1:11296 (ID: 1)
[20:35:59.781] [INFO] 새 클라이언트에게 ID 1 전송됨
[20:35:59.782] [INFO] 초기 위치 정보 전송됨 - 클라이언트 ID: 1, 위치: X=0.000000, Y=0.000000, Z=90.000000
[20:35:59.782] [INFO] 새 플레이어 정보(ID: 1) 브로드캐스트 - 수신자 수: 0
[20:35:59.782] [INFO] 기존 플레이어 정보 0개가 새 클라이언트(ID: 1)에게 전송됨
[20:35:59.782] [INFO] 위치 업데이트 - 클라이언트 ID: 1, 위치: X=0.000000, Y=0.000000, Z=90.000000, 속도: X=0.000000, Y=0.000000, Z=0.000000
[20:35:59.782] [INFO] 서버 FPS: 0.512033, 평균 프레임 시간: 390.600006ms, 클라이언트 수: 1
[20:38:20.842] [INFO] 클라이언트 연결됨: 127.0.0.1:11306 (ID: 2)
[20:38:20.842] [INFO] 새 클라이언트에게 ID 2 전송됨
[20:38:20.843] [INFO] 초기 위치 정보 전송됨 - 클라이언트 ID: 2, 위치: X=300.000000, Y=0.000000, Z=90.000000
[20:38:20.843] [INFO] 새 플레이어 정보(ID: 2) 브로드캐스트 - 수신자 수: 1
[20:38:20.843] [INFO] 기존 플레이어 정보 1개가 새 클라이언트(ID: 2)에게 전송됨
[20:38:20.843] [WARNING] 비정상적으로 긴 델타 타임: 3.906000초
[20:38:20.844] [WARNING] 클라이언트 Ping 타임아웃 발생 - ID: 1
[20:38:20.844] [INFO] 위치 업데이트 - 클라이언트 ID: 2, 위치: X=300.000000, Y=0.000000, Z=90.000000, 속도: X=0.000000, Y=0.000000, Z=0.000000
[20:38:20.844] [INFO] 클라이언트 연결 끊김 (ID: 1)
[20:38:20.844] [INFO] 클라이언트가 정상적으로 연결 종료함 - ID: 1
[20:38:20.844] [INFO] 클라이언트 연결 끊김 알림(ID: 1) - 수신자 수: 1
[20:38:20.844] [WARNING] 존재하지 않는 클라이언트 ID를 제거하려고 시도: 1
[20:38:20.845] [INFO] 서버 FPS: 0.007089, 평균 프레임 시간: 14457.839844ms, 클라이언트 수: 1
