[13:33:12.911] [INFO] 로깅 시스템 초기화됨
[13:33:12.912] [INFO] 서버 인스턴스 생성됨
[13:33:12.912] [INFO] 서버 초기화 시작 (포트: 9000)
[13:33:12.913] [INFO] 윈속 초기화 성공
[13:33:12.914] [INFO] 리스닝 소켓 생성 성공
[13:33:12.915] [INFO] 소켓 바인딩 성공 (포트: 9000)
[13:33:12.915] [INFO] 리스닝 시작됨
[13:33:12.915] [INFO] IOCP 생성 성공
[13:33:12.915] [INFO] CPU 코어 수: 16, 생성할 작업자 스레드: 16
[13:33:12.916] [INFO] 작업자 스레드 #1 생성됨
[13:33:12.917] [INFO] 작업자 스레드 시작 (ThreadID: 38832)
[13:33:12.917] [INFO] 작업자 스레드 #2 생성됨
[13:33:12.917] [INFO] 작업자 스레드 시작 (ThreadID: 32140)
[13:33:12.918] [INFO] 작업자 스레드 #3 생성됨
[13:33:12.918] [INFO] 작업자 스레드 시작 (ThreadID: 27492)
[13:33:12.919] [INFO] 작업자 스레드 #4 생성됨
[13:33:12.919] [INFO] 작업자 스레드 시작 (ThreadID: 31328)
[13:33:12.920] [INFO] 작업자 스레드 #5 생성됨
[13:33:12.920] [INFO] 작업자 스레드 시작 (ThreadID: 33228)
[13:33:12.920] [INFO] 작업자 스레드 #6 생성됨
[13:33:12.921] [INFO] 작업자 스레드 시작 (ThreadID: 43328)
[13:33:12.921] [INFO] 작업자 스레드 #7 생성됨
[13:33:12.921] [INFO] 작업자 스레드 시작 (ThreadID: 41808)
[13:33:12.922] [INFO] 작업자 스레드 #8 생성됨
[13:33:12.922] [INFO] 작업자 스레드 시작 (ThreadID: 43496)
[13:33:12.922] [INFO] 작업자 스레드 #9 생성됨
[13:33:12.923] [INFO] 작업자 스레드 시작 (ThreadID: 43508)
[13:33:12.923] [INFO] 작업자 스레드 #10 생성됨
[13:33:12.923] [INFO] 작업자 스레드 시작 (ThreadID: 43524)
[13:33:12.924] [INFO] 작업자 스레드 #11 생성됨
[13:33:12.924] [INFO] 작업자 스레드 시작 (ThreadID: 25916)
[13:33:12.925] [INFO] 작업자 스레드 #12 생성됨
[13:33:12.925] [INFO] 작업자 스레드 시작 (ThreadID: 33860)
[13:33:12.925] [INFO] 작업자 스레드 #13 생성됨
[13:33:12.926] [INFO] 작업자 스레드 시작 (ThreadID: 20352)
[13:33:12.926] [INFO] 작업자 스레드 #14 생성됨
[13:33:12.926] [INFO] 작업자 스레드 시작 (ThreadID: 43140)
[13:33:12.927] [INFO] 작업자 스레드 #15 생성됨
[13:33:12.927] [INFO] 작업자 스레드 시작 (ThreadID: 43500)
[13:33:12.927] [INFO] 작업자 스레드 #16 생성됨
[13:33:12.928] [INFO] 작업자 스레드 시작 (ThreadID: 14052)
[13:33:12.928] [INFO] 서버 초기화 완료
[13:33:12.928] [INFO] 서버 실행. 포트 번호: 9000
[13:33:12.928] [INFO] IOCP 멀티플레이어 서버 시작됨...
[13:33:12.928] [INFO] 서버 실행 시작
[13:33:32.262] [INFO] 새 클라이언트에게 ID 1 전송됨
[13:33:32.263] [INFO] 초기 위치 정보 전송됨 - 클라이언트 ID: 1, 위치: X=0.000000, Y=0.000000, Z=90.000000
[13:33:32.263] [INFO] 새 플레이어 정보(ID: 1) 브로드캐스트 - 수신자 수: 0
[13:33:32.263] [INFO] 기존 플레이어 정보 0개가 새 클라이언트(ID: 1)에게 전송됨
