[20:11:24.838] [INFO] 로깅 시스템 초기화됨
[20:11:24.839] [INFO] 서버 인스턴스 생성됨
[20:11:24.839] [INFO] 서버 초기화 시작 (포트: 9000)
[20:11:24.839] [INFO] 윈속 초기화 성공
[20:11:24.841] [INFO] 리스닝 소켓 생성 성공
[20:11:24.841] [INFO] 소켓 바인딩 성공 (포트: 9000)
[20:11:24.841] [INFO] 리스닝 시작됨
[20:11:24.841] [INFO] IOCP 생성 성공
[20:11:24.841] [INFO] CPU 코어 수: 16, 생성할 작업자 스레드: 16
[20:11:24.842] [INFO] 작업자 스레드 #1 생성됨
[20:11:24.842] [INFO] 작업자 스레드 시작 (ThreadID: 2144)
[20:11:24.842] [INFO] 작업자 스레드 #2 생성됨
[20:11:24.843] [INFO] 작업자 스레드 시작 (ThreadID: 2576)
[20:11:24.843] [INFO] 작업자 스레드 #3 생성됨
[20:11:24.843] [INFO] 작업자 스레드 시작 (ThreadID: 34292)
[20:11:24.844] [INFO] 작업자 스레드 #4 생성됨
[20:11:24.844] [INFO] 작업자 스레드 시작 (ThreadID: 23264)
[20:11:24.844] [INFO] 작업자 스레드 #5 생성됨
[20:11:24.844] [INFO] 작업자 스레드 시작 (ThreadID: 25272)
[20:11:24.845] [INFO] 작업자 스레드 #6 생성됨
[20:11:24.845] [INFO] 작업자 스레드 시작 (ThreadID: 14072)
[20:11:24.845] [INFO] 작업자 스레드 #7 생성됨
[20:11:24.845] [INFO] 작업자 스레드 시작 (ThreadID: 25620)
[20:11:24.846] [INFO] 작업자 스레드 #8 생성됨
[20:11:24.846] [INFO] 작업자 스레드 시작 (ThreadID: 26360)
[20:11:24.846] [INFO] 작업자 스레드 #9 생성됨
[20:11:24.846] [INFO] 작업자 스레드 시작 (ThreadID: 17428)
[20:11:24.847] [INFO] 작업자 스레드 #10 생성됨
[20:11:24.847] [INFO] 작업자 스레드 시작 (ThreadID: 22592)
[20:11:24.848] [INFO] 작업자 스레드 #11 생성됨
[20:11:24.848] [INFO] 작업자 스레드 시작 (ThreadID: 5524)
[20:11:24.848] [INFO] 작업자 스레드 #12 생성됨
[20:11:24.848] [INFO] 작업자 스레드 시작 (ThreadID: 29980)
[20:11:24.849] [INFO] 작업자 스레드 #13 생성됨
[20:11:24.849] [INFO] 작업자 스레드 시작 (ThreadID: 24696)
[20:11:24.849] [INFO] 작업자 스레드 #14 생성됨
[20:11:24.849] [INFO] 작업자 스레드 시작 (ThreadID: 32740)
[20:11:24.850] [INFO] 작업자 스레드 #15 생성됨
[20:11:24.850] [INFO] 작업자 스레드 시작 (ThreadID: 14596)
[20:11:24.850] [INFO] 작업자 스레드 #16 생성됨
[20:11:24.851] [INFO] 작업자 스레드 시작 (ThreadID: 26940)
[20:11:24.851] [INFO] 서버 초기화 완료
[20:11:24.851] [INFO] 서버 실행. 포트 번호: 9000
[20:11:24.851] [INFO] IOCP 멀티플레이어 서버 시작됨...
[20:11:24.851] [INFO] 서버 실행 시작
[20:11:27.062] [INFO] 클라이언트 연결됨: 127.0.0.1:11048 (ID: 1)
[20:11:27.062] [INFO] 새 클라이언트에게 ID 1 전송됨
[20:11:27.062] [INFO] 초기 위치 정보 전송됨 - 클라이언트 ID: 1, 위치: X=300.000000, Y=300.000000, Z=300.000000
[20:11:27.062] [INFO] 새 플레이어 정보(ID: 1) 브로드캐스트 - 수신자 수: 0
[20:11:27.063] [INFO] 기존 플레이어 정보 0개가 새 클라이언트(ID: 1)에게 전송됨
[20:11:27.070] [INFO] 서버 FPS: 0.901713, 평균 프레임 시간: 221.800003ms, 클라이언트 수: 1
