[13:27:28.568] [INFO] 로깅 시스템 초기화됨
[13:27:28.568] [INFO] 서버 인스턴스 생성됨
[13:27:28.569] [INFO] 서버 초기화 시작 (포트: 9000)
[13:27:28.569] [INFO] 윈속 초기화 성공
[13:27:28.570] [INFO] 리스닝 소켓 생성 성공
[13:27:28.570] [INFO] 소켓 바인딩 성공 (포트: 9000)
[13:27:28.570] [INFO] 리스닝 시작됨
[13:27:28.571] [INFO] IOCP 생성 성공
[13:27:28.571] [INFO] CPU 코어 수: 16, 생성할 작업자 스레드: 32
[13:27:28.571] [INFO] 작업자 스레드 #1 생성됨
[13:27:28.571] [INFO] 작업자 스레드 시작 (ThreadID: 18372)
[13:27:28.571] [INFO] 작업자 스레드 #2 생성됨
[13:27:28.571] [INFO] 작업자 스레드 시작 (ThreadID: 17180)
[13:27:28.572] [INFO] 작업자 스레드 #3 생성됨
[13:27:28.572] [INFO] 작업자 스레드 시작 (ThreadID: 13212)
[13:27:28.572] [INFO] 작업자 스레드 #4 생성됨
[13:27:28.572] [INFO] 작업자 스레드 시작 (ThreadID: 6784)
[13:27:28.572] [INFO] 작업자 스레드 #5 생성됨
[13:27:28.573] [INFO] 작업자 스레드 시작 (ThreadID: 10576)
[13:27:28.573] [INFO] 작업자 스레드 #6 생성됨
[13:27:28.573] [INFO] 작업자 스레드 시작 (ThreadID: 24180)
[13:27:28.573] [INFO] 작업자 스레드 #7 생성됨
[13:27:28.573] [INFO] 작업자 스레드 시작 (ThreadID: 14212)
[13:27:28.574] [INFO] 작업자 스레드 #8 생성됨
[13:27:28.574] [INFO] 작업자 스레드 시작 (ThreadID: 5568)
[13:27:28.574] [INFO] 작업자 스레드 #9 생성됨
[13:27:28.574] [INFO] 작업자 스레드 시작 (ThreadID: 22540)
[13:27:28.574] [INFO] 작업자 스레드 #10 생성됨
[13:27:28.575] [INFO] 작업자 스레드 시작 (ThreadID: 15008)
[13:27:28.575] [INFO] 작업자 스레드 #11 생성됨
[13:27:28.575] [INFO] 작업자 스레드 시작 (ThreadID: 18856)
[13:27:28.575] [INFO] 작업자 스레드 #12 생성됨
[13:27:28.575] [INFO] 작업자 스레드 시작 (ThreadID: 2276)
[13:27:28.575] [INFO] 작업자 스레드 #13 생성됨
[13:27:28.576] [INFO] 작업자 스레드 시작 (ThreadID: 23736)
[13:27:28.576] [INFO] 작업자 스레드 #14 생성됨
[13:27:28.576] [INFO] 작업자 스레드 시작 (ThreadID: 7132)
[13:27:28.576] [INFO] 작업자 스레드 #15 생성됨
[13:27:28.576] [INFO] 작업자 스레드 시작 (ThreadID: 23352)
[13:27:28.577] [INFO] 작업자 스레드 #16 생성됨
[13:27:28.577] [INFO] 작업자 스레드 시작 (ThreadID: 25420)
[13:27:28.577] [INFO] 작업자 스레드 #17 생성됨
[13:27:28.577] [INFO] 작업자 스레드 시작 (ThreadID: 24476)
[13:27:28.577] [INFO] 작업자 스레드 #18 생성됨
[13:27:28.578] [INFO] 작업자 스레드 시작 (ThreadID: 14060)
[13:27:28.578] [INFO] 작업자 스레드 #19 생성됨
[13:27:28.578] [INFO] 작업자 스레드 시작 (ThreadID: 9300)
[13:27:28.578] [INFO] 작업자 스레드 #20 생성됨
[13:27:28.578] [INFO] 작업자 스레드 시작 (ThreadID: 2056)
[13:27:28.578] [INFO] 작업자 스레드 #21 생성됨
[13:27:28.579] [INFO] 작업자 스레드 시작 (ThreadID: 25104)
[13:27:28.579] [INFO] 작업자 스레드 #22 생성됨
[13:27:28.579] [INFO] 작업자 스레드 시작 (ThreadID: 14588)
[13:27:28.579] [INFO] 작업자 스레드 #23 생성됨
[13:27:28.579] [INFO] 작업자 스레드 시작 (ThreadID: 1416)
[13:27:28.580] [INFO] 작업자 스레드 #24 생성됨
[13:27:28.580] [INFO] 작업자 스레드 시작 (ThreadID: 6128)
[13:27:28.580] [INFO] 작업자 스레드 #25 생성됨
[13:27:28.580] [INFO] 작업자 스레드 시작 (ThreadID: 7152)
[13:27:28.580] [INFO] 작업자 스레드 #26 생성됨
[13:27:28.580] [INFO] 작업자 스레드 시작 (ThreadID: 27908)
[13:27:28.581] [INFO] 작업자 스레드 #27 생성됨
[13:27:28.581] [INFO] 작업자 스레드 시작 (ThreadID: 23184)
[13:27:28.581] [INFO] 작업자 스레드 #28 생성됨
[13:27:28.581] [INFO] 작업자 스레드 시작 (ThreadID: 2544)
[13:27:28.581] [INFO] 작업자 스레드 #29 생성됨
[13:27:28.582] [INFO] 작업자 스레드 시작 (ThreadID: 22392)
[13:27:28.582] [INFO] 작업자 스레드 #30 생성됨
[13:27:28.582] [INFO] 작업자 스레드 시작 (ThreadID: 15688)
[13:27:28.582] [INFO] 작업자 스레드 #31 생성됨
[13:27:28.582] [INFO] 작업자 스레드 시작 (ThreadID: 2144)
[13:27:28.583] [INFO] 작업자 스레드 #32 생성됨
[13:27:28.583] [INFO] 작업자 스레드 시작 (ThreadID: 692)
[13:27:28.583] [INFO] 서버 초기화 완료
[13:27:28.583] [INFO] 서버 실행. 포트 번호: 9000
[13:27:28.583] [INFO] IOCP 멀티플레이어 서버 시작됨...
[13:27:28.583] [INFO] 서버 실행 시작
