[17:44:02.689] [INFO] 로깅 시스템 초기화됨
[17:44:02.690] [INFO] 서버 인스턴스 생성됨
[17:44:02.690] [INFO] 서버 초기화 시작 (포트: 9000)
[17:44:02.690] [INFO] 윈속 초기화 성공
[17:44:02.692] [INFO] 리스닝 소켓 생성 성공
[17:44:02.692] [INFO] 소켓 바인딩 성공 (포트: 9000)
[17:44:02.692] [INFO] 리스닝 시작됨
[17:44:02.692] [INFO] IOCP 생성 성공
[17:44:02.692] [INFO] CPU 코어 수: 16, 생성할 작업자 스레드: 16
[17:44:02.693] [INFO] 작업자 스레드 #1 생성됨
[17:44:02.693] [INFO] 작업자 스레드 시작 (ThreadID: 18328)
[17:44:02.693] [INFO] 작업자 스레드 #2 생성됨
[17:44:02.694] [INFO] 작업자 스레드 시작 (ThreadID: 30976)
[17:44:02.694] [INFO] 작업자 스레드 #3 생성됨
[17:44:02.694] [INFO] 작업자 스레드 시작 (ThreadID: 16044)
[17:44:02.694] [INFO] 작업자 스레드 #4 생성됨
[17:44:02.695] [INFO] 작업자 스레드 시작 (ThreadID: 23580)
[17:44:02.695] [INFO] 작업자 스레드 #5 생성됨
[17:44:02.695] [INFO] 작업자 스레드 시작 (ThreadID: 25472)
[17:44:02.695] [INFO] 작업자 스레드 #6 생성됨
[17:44:02.695] [INFO] 작업자 스레드 시작 (ThreadID: 5280)
[17:44:02.696] [INFO] 작업자 스레드 #7 생성됨
[17:44:02.696] [INFO] 작업자 스레드 시작 (ThreadID: 31036)
[17:44:02.696] [INFO] 작업자 스레드 #8 생성됨
[17:44:02.696] [INFO] 작업자 스레드 시작 (ThreadID: 22560)
[17:44:02.697] [INFO] 작업자 스레드 #9 생성됨
[17:44:02.697] [INFO] 작업자 스레드 시작 (ThreadID: 23072)
[17:44:02.697] [INFO] 작업자 스레드 #10 생성됨
[17:44:02.698] [INFO] 작업자 스레드 시작 (ThreadID: 9864)
[17:44:02.698] [INFO] 작업자 스레드 #11 생성됨
[17:44:02.698] [INFO] 작업자 스레드 시작 (ThreadID: 28408)
[17:44:02.699] [INFO] 작업자 스레드 #12 생성됨
[17:44:02.699] [INFO] 작업자 스레드 시작 (ThreadID: 31664)
[17:44:02.699] [INFO] 작업자 스레드 #13 생성됨
[17:44:02.699] [INFO] 작업자 스레드 시작 (ThreadID: 32492)
[17:44:02.700] [INFO] 작업자 스레드 #14 생성됨
[17:44:02.700] [INFO] 작업자 스레드 시작 (ThreadID: 28960)
[17:44:02.700] [INFO] 작업자 스레드 #15 생성됨
[17:44:02.700] [INFO] 작업자 스레드 시작 (ThreadID: 16084)
[17:44:02.701] [INFO] 작업자 스레드 #16 생성됨
[17:44:02.701] [INFO] 작업자 스레드 시작 (ThreadID: 7700)
[17:44:02.701] [INFO] 서버 초기화 완료
[17:44:02.702] [INFO] 서버 실행. 포트 번호: 9000
[17:44:02.702] [INFO] IOCP 멀티플레이어 서버 시작됨...
[17:44:02.702] [INFO] 서버 실행 시작
[17:44:05.372] [INFO] 클라이언트 연결됨: 127.0.0.1:9826 (ID: 1)
[17:44:05.373] [INFO] 새 클라이언트에게 ID 1 전송됨
[17:44:05.373] [INFO] 새 플레이어 정보(ID: 1) 브로드캐스트 - 수신자 수: 0
[17:44:05.373] [INFO] 새 클라이언트에게 ID 1 전송됨, 초기 위치: X=0.000000, Y=0.000000, Z=90.000000
[17:44:05.374] [INFO] 기존 플레이어 정보 0개가 새 클라이언트(ID: 1)에게 전송됨
[17:44:05.374] [INFO] 서버 FPS: 0.748503, 평균 프레임 시간: 267.200012ms, 클라이언트 수: 1
[17:44:05.374] [INFO] 클라이언트 연결됨: 127.0.0.1:9827 (ID: 2)
[17:44:05.374] [INFO] 새 클라이언트에게 ID 2 전송됨
[17:44:05.375] [INFO] 새 플레이어 정보(ID: 2) 브로드캐스트 - 수신자 수: 1
[17:44:05.375] [INFO] 새 클라이언트에게 ID 2 전송됨, 초기 위치: X=300.000000, Y=0.000000, Z=90.000000
[17:44:05.375] [INFO] 기존 플레이어 정보 1개가 새 클라이언트(ID: 2)에게 전송됨
[17:44:05.376] [WARNING] 비정상적으로 긴 델타 타임: 2.672000초
[17:44:06.382] [INFO] [서버] PingPacket 수신 - ClientId: 1
[17:44:06.383] [INFO] [서버] PingPacket 수신 - ClientId: 2
[17:44:07.389] [INFO] [서버] PingPacket 수신 - ClientId: 1
[17:44:07.390] [INFO] [서버] PingPacket 수신 - ClientId: 2
[17:44:08.393] [INFO] [서버] PingPacket 수신 - ClientId: 1
[17:44:08.394] [INFO] [서버] PingPacket 수신 - ClientId: 2
[17:44:45.097] [INFO] 클라이언트 연결됨: 127.0.0.1:9833 (ID: 3)
[17:44:45.098] [INFO] 새 클라이언트에게 ID 3 전송됨
[17:44:45.098] [INFO] 새 플레이어 정보(ID: 3) 브로드캐스트 - 수신자 수: 2
[17:44:45.098] [INFO] 새 클라이언트에게 ID 3 전송됨, 초기 위치: X=-300.000000, Y=0.000000, Z=90.000000
[17:44:45.098] [INFO] 기존 플레이어 정보 2개가 새 클라이언트(ID: 3)에게 전송됨
[17:44:45.099] [WARNING] 클라이언트 Ping 타임아웃 발생 - ID: 1
[17:44:45.099] [WARNING] 클라이언트 Ping 타임아웃 발생 - ID: 2
[17:44:45.099] [INFO] 클라이언트 연결 끊김 (ID: 1)
[17:44:45.099] [INFO] 클라이언트가 정상적으로 연결 종료함 - ID: 1
[17:44:45.100] [INFO] 클라이언트 연결 끊김 알림(ID: 1) - 수신자 수: 2
[17:44:45.100] [INFO] 클라이언트 연결 끊김 (ID: 2)
[17:44:45.100] [INFO] 클라이언트가 정상적으로 연결 종료함 - ID: 2
[17:44:45.100] [INFO] 클라이언트 연결 끊김 알림(ID: 2) - 수신자 수: 1
[17:44:45.100] [WARNING] 존재하지 않는 클라이언트 ID를 제거하려고 시도: 1
[17:44:45.100] [WARNING] 존재하지 않는 클라이언트 ID를 제거하려고 시도: 2
[17:44:45.100] [INFO] 서버 FPS: 0.050354, 평균 프레임 시간: 4185.231934ms, 클라이언트 수: 1
[17:44:45.101] [INFO] 클라이언트 연결됨: 127.0.0.1:9834 (ID: 4)
[17:44:45.101] [INFO] 새 클라이언트에게 ID 4 전송됨
[17:44:45.102] [INFO] 새 플레이어 정보(ID: 4) 브로드캐스트 - 수신자 수: 1
[17:44:45.102] [INFO] 새 클라이언트에게 ID 4 전송됨, 초기 위치: X=0.000000, Y=300.000000, Z=90.000000
[17:44:45.103] [INFO] 기존 플레이어 정보 1개가 새 클라이언트(ID: 4)에게 전송됨
[17:44:45.103] [WARNING] 비정상적으로 긴 델타 타임: 39.688000초
[17:44:46.381] [INFO] [서버] PingPacket 수신 - ClientId: 3
[17:44:46.382] [INFO] [서버] PingPacket 수신 - ClientId: 4
[17:44:47.381] [INFO] [서버] PingPacket 수신 - ClientId: 3
[17:44:47.382] [INFO] [서버] PingPacket 수신 - ClientId: 4
[17:44:48.381] [INFO] [서버] PingPacket 수신 - ClientId: 3
[17:44:48.382] [INFO] [서버] PingPacket 수신 - ClientId: 4
[17:44:49.387] [INFO] [서버] PingPacket 수신 - ClientId: 3
[17:44:49.389] [INFO] [서버] PingPacket 수신 - ClientId: 4
[17:45:20.098] [INFO] 클라이언트 연결됨: 127.0.0.1:9839 (ID: 5)
[17:45:20.099] [INFO] 새 클라이언트에게 ID 5 전송됨
[17:45:20.099] [INFO] 새 플레이어 정보(ID: 5) 브로드캐스트 - 수신자 수: 2
[17:45:20.099] [INFO] 새 클라이언트에게 ID 5 전송됨, 초기 위치: X=0.000000, Y=-300.000000, Z=90.000000
[17:45:20.100] [INFO] 기존 플레이어 정보 2개가 새 클라이언트(ID: 5)에게 전송됨
[17:45:20.100] [WARNING] 클라이언트 Ping 타임아웃 발생 - ID: 3
[17:45:20.100] [WARNING] 클라이언트 Ping 타임아웃 발생 - ID: 4
[17:45:20.100] [INFO] 클라이언트 연결 끊김 (ID: 3)
[17:45:20.100] [INFO] 클라이언트가 정상적으로 연결 종료함 - ID: 3
[17:45:20.101] [INFO] 클라이언트 연결 끊김 알림(ID: 3) - 수신자 수: 2
[17:45:20.101] [INFO] 클라이언트 연결 끊김 (ID: 4)
[17:45:20.101] [INFO] 클라이언트가 정상적으로 연결 종료함 - ID: 4
[17:45:20.101] [INFO] 클라이언트 연결 끊김 알림(ID: 4) - 수신자 수: 1
[17:45:20.101] [WARNING] 존재하지 않는 클라이언트 ID를 제거하려고 시도: 3
[17:45:20.102] [WARNING] 존재하지 않는 클라이언트 ID를 제거하려고 시도: 4
[17:45:20.102] [INFO] 서버 FPS: 0.057143, 평균 프레임 시간: 6886.937988ms, 클라이언트 수: 1
[17:45:20.102] [INFO] 클라이언트 연결됨: 127.0.0.1:9840 (ID: 6)
[17:45:20.102] [INFO] 새 클라이언트에게 ID 6 전송됨
[17:45:20.102] [INFO] 새 플레이어 정보(ID: 6) 브로드캐스트 - 수신자 수: 1
[17:45:20.103] [INFO] 새 클라이언트에게 ID 6 전송됨, 초기 위치: X=0.000000, Y=0.000000, Z=90.000000
[17:45:20.103] [INFO] 기존 플레이어 정보 1개가 새 클라이언트(ID: 6)에게 전송됨
[17:45:20.103] [WARNING] 비정상적으로 긴 델타 타임: 34.969002초
[17:45:21.102] [INFO] [서버] PingPacket 수신 - ClientId: 5
[17:45:21.102] [INFO] [서버] PingPacket 수신 - ClientId: 6
