[20:10:56.111] [INFO] 로깅 시스템 초기화됨
[20:10:56.111] [INFO] 서버 인스턴스 생성됨
[20:10:56.111] [INFO] 서버 초기화 시작 (포트: 9000)
[20:10:56.112] [INFO] 윈속 초기화 성공
[20:10:56.113] [INFO] 리스닝 소켓 생성 성공
[20:10:56.114] [INFO] 소켓 바인딩 성공 (포트: 9000)
[20:10:56.114] [INFO] 리스닝 시작됨
[20:10:56.114] [INFO] IOCP 생성 성공
[20:10:56.114] [INFO] CPU 코어 수: 16, 생성할 작업자 스레드: 16
[20:10:56.115] [INFO] 작업자 스레드 #1 생성됨
[20:10:56.115] [INFO] 작업자 스레드 시작 (ThreadID: 4352)
[20:10:56.115] [INFO] 작업자 스레드 #2 생성됨
[20:10:56.116] [INFO] 작업자 스레드 시작 (ThreadID: 28092)
[20:10:56.116] [INFO] 작업자 스레드 #3 생성됨
[20:10:56.116] [INFO] 작업자 스레드 시작 (ThreadID: 29708)
[20:10:56.117] [INFO] 작업자 스레드 #4 생성됨
[20:10:56.117] [INFO] 작업자 스레드 시작 (ThreadID: 8224)
[20:10:56.117] [INFO] 작업자 스레드 #5 생성됨
[20:10:56.117] [INFO] 작업자 스레드 시작 (ThreadID: 9600)
[20:10:56.118] [INFO] 작업자 스레드 #6 생성됨
[20:10:56.118] [INFO] 작업자 스레드 시작 (ThreadID: 23812)
[20:10:56.118] [INFO] 작업자 스레드 #7 생성됨
[20:10:56.118] [INFO] 작업자 스레드 시작 (ThreadID: 32128)
[20:10:56.119] [INFO] 작업자 스레드 #8 생성됨
[20:10:56.119] [INFO] 작업자 스레드 시작 (ThreadID: 25552)
[20:10:56.119] [INFO] 작업자 스레드 #9 생성됨
[20:10:56.119] [INFO] 작업자 스레드 시작 (ThreadID: 30840)
[20:10:56.120] [INFO] 작업자 스레드 #10 생성됨
[20:10:56.120] [INFO] 작업자 스레드 시작 (ThreadID: 9832)
[20:10:56.120] [INFO] 작업자 스레드 #11 생성됨
[20:10:56.121] [INFO] 작업자 스레드 시작 (ThreadID: 2592)
[20:10:56.121] [INFO] 작업자 스레드 #12 생성됨
[20:10:56.121] [INFO] 작업자 스레드 시작 (ThreadID: 28348)
[20:10:56.121] [INFO] 작업자 스레드 #13 생성됨
[20:10:56.121] [INFO] 작업자 스레드 시작 (ThreadID: 30068)
[20:10:56.122] [INFO] 작업자 스레드 #14 생성됨
[20:10:56.122] [INFO] 작업자 스레드 시작 (ThreadID: 31208)
[20:10:56.122] [INFO] 작업자 스레드 #15 생성됨
[20:10:56.123] [INFO] 작업자 스레드 시작 (ThreadID: 32400)
[20:10:56.123] [INFO] 작업자 스레드 #16 생성됨
[20:10:56.123] [INFO] 작업자 스레드 시작 (ThreadID: 30604)
[20:10:56.123] [INFO] 서버 초기화 완료
[20:10:56.123] [INFO] 서버 실행. 포트 번호: 9000
[20:10:56.124] [INFO] IOCP 멀티플레이어 서버 시작됨...
[20:10:56.124] [INFO] 서버 실행 시작
[20:10:59.301] [INFO] 클라이언트 연결됨: 127.0.0.1:11046 (ID: 1)
[20:10:59.301] [INFO] 새 클라이언트에게 ID 1 전송됨
[20:10:59.301] [INFO] 초기 위치 정보 전송됨 - 클라이언트 ID: 1, 위치: X=300.000000, Y=300.000000, Z=300.000000
[20:10:59.302] [INFO] 새 플레이어 정보(ID: 1) 브로드캐스트 - 수신자 수: 0
[20:10:59.302] [INFO] 기존 플레이어 정보 0개가 새 클라이언트(ID: 1)에게 전송됨
[20:10:59.302] [INFO] 서버 FPS: 0.630517, 평균 프레임 시간: 317.200012ms, 클라이언트 수: 1
[20:10:59.308] [WARNING] 잘못된 패킷 타입: 7, 클라이언트 ID: 1
[20:10:59.317] [WARNING] 잘못된 패킷 타입: 7, 클라이언트 ID: 1
[20:10:59.325] [WARNING] 잘못된 패킷 타입: 7, 클라이언트 ID: 1
[20:10:59.333] [WARNING] 잘못된 패킷 타입: 7, 클라이언트 ID: 1
[20:10:59.342] [WARNING] 잘못된 패킷 타입: 7, 클라이언트 ID: 1
[20:10:59.350] [WARNING] 잘못된 패킷 타입: 7, 클라이언트 ID: 1
[20:10:59.358] [WARNING] 잘못된 패킷 타입: 7, 클라이언트 ID: 1
[20:10:59.367] [WARNING] 잘못된 패킷 타입: 7, 클라이언트 ID: 1
[20:10:59.375] [WARNING] 잘못된 패킷 타입: 7, 클라이언트 ID: 1
[20:10:59.383] [WARNING] 잘못된 패킷 타입: 7, 클라이언트 ID: 1
[20:10:59.392] [WARNING] 잘못된 패킷 타입: 7, 클라이언트 ID: 1
[20:10:59.400] [WARNING] 잘못된 패킷 타입: 7, 클라이언트 ID: 1
[20:10:59.408] [WARNING] 잘못된 패킷 타입: 7, 클라이언트 ID: 1
[20:10:59.417] [WARNING] 잘못된 패킷 타입: 7, 클라이언트 ID: 1
[20:10:59.425] [WARNING] 잘못된 패킷 타입: 7, 클라이언트 ID: 1
[20:10:59.433] [WARNING] 잘못된 패킷 타입: 7, 클라이언트 ID: 1
[20:10:59.442] [WARNING] 잘못된 패킷 타입: 7, 클라이언트 ID: 1
[20:10:59.450] [WARNING] 잘못된 패킷 타입: 7, 클라이언트 ID: 1
[20:10:59.458] [WARNING] 잘못된 패킷 타입: 7, 클라이언트 ID: 1
[20:10:59.467] [WARNING] 잘못된 패킷 타입: 7, 클라이언트 ID: 1
[20:10:59.475] [WARNING] 잘못된 패킷 타입: 7, 클라이언트 ID: 1
[20:10:59.484] [WARNING] 잘못된 패킷 타입: 7, 클라이언트 ID: 1
[20:10:59.493] [WARNING] 잘못된 패킷 타입: 7, 클라이언트 ID: 1
[20:10:59.501] [WARNING] 잘못된 패킷 타입: 7, 클라이언트 ID: 1
[20:10:59.509] [WARNING] 잘못된 패킷 타입: 7, 클라이언트 ID: 1
[20:10:59.518] [WARNING] 잘못된 패킷 타입: 7, 클라이언트 ID: 1
[20:10:59.526] [WARNING] 잘못된 패킷 타입: 7, 클라이언트 ID: 1
[20:10:59.534] [WARNING] 잘못된 패킷 타입: 7, 클라이언트 ID: 1
[20:10:59.543] [WARNING] 잘못된 패킷 타입: 7, 클라이언트 ID: 1
[20:10:59.551] [WARNING] 잘못된 패킷 타입: 7, 클라이언트 ID: 1
[20:10:59.560] [WARNING] 잘못된 패킷 타입: 7, 클라이언트 ID: 1
[20:10:59.568] [WARNING] 잘못된 패킷 타입: 7, 클라이언트 ID: 1
[20:10:59.577] [WARNING] 잘못된 패킷 타입: 7, 클라이언트 ID: 1
[20:10:59.586] [WARNING] 잘못된 패킷 타입: 7, 클라이언트 ID: 1
[20:10:59.594] [WARNING] 잘못된 패킷 타입: 7, 클라이언트 ID: 1
[20:10:59.602] [WARNING] 잘못된 패킷 타입: 7, 클라이언트 ID: 1
[20:10:59.611] [WARNING] 잘못된 패킷 타입: 7, 클라이언트 ID: 1
[20:10:59.619] [WARNING] 잘못된 패킷 타입: 7, 클라이언트 ID: 1
[20:10:59.627] [WARNING] 잘못된 패킷 타입: 7, 클라이언트 ID: 1
[20:10:59.635] [WARNING] 잘못된 패킷 타입: 7, 클라이언트 ID: 1
[20:10:59.644] [WARNING] 잘못된 패킷 타입: 7, 클라이언트 ID: 1
[20:10:59.652] [WARNING] 잘못된 패킷 타입: 7, 클라이언트 ID: 1
[20:10:59.660] [WARNING] 잘못된 패킷 타입: 7, 클라이언트 ID: 1
[20:10:59.669] [WARNING] 잘못된 패킷 타입: 7, 클라이언트 ID: 1
[20:10:59.677] [WARNING] 잘못된 패킷 타입: 7, 클라이언트 ID: 1
[20:10:59.685] [WARNING] 잘못된 패킷 타입: 7, 클라이언트 ID: 1
[20:10:59.694] [WARNING] 잘못된 패킷 타입: 7, 클라이언트 ID: 1
[20:10:59.702] [WARNING] 잘못된 패킷 타입: 7, 클라이언트 ID: 1
[20:10:59.710] [WARNING] 잘못된 패킷 타입: 7, 클라이언트 ID: 1
[20:10:59.718] [WARNING] 잘못된 패킷 타입: 7, 클라이언트 ID: 1
[20:10:59.727] [WARNING] 잘못된 패킷 타입: 7, 클라이언트 ID: 1
[20:10:59.735] [WARNING] 잘못된 패킷 타입: 7, 클라이언트 ID: 1
[20:10:59.743] [WARNING] 잘못된 패킷 타입: 7, 클라이언트 ID: 1
[20:10:59.752] [WARNING] 잘못된 패킷 타입: 7, 클라이언트 ID: 1
[20:10:59.760] [WARNING] 잘못된 패킷 타입: 7, 클라이언트 ID: 1
[20:10:59.769] [WARNING] 잘못된 패킷 타입: 7, 클라이언트 ID: 1
[20:10:59.777] [WARNING] 잘못된 패킷 타입: 7, 클라이언트 ID: 1
[20:10:59.785] [WARNING] 잘못된 패킷 타입: 7, 클라이언트 ID: 1
[20:10:59.793] [WARNING] 잘못된 패킷 타입: 7, 클라이언트 ID: 1
[20:10:59.802] [WARNING] 잘못된 패킷 타입: 7, 클라이언트 ID: 1
[20:10:59.810] [WARNING] 잘못된 패킷 타입: 7, 클라이언트 ID: 1
[20:10:59.818] [WARNING] 잘못된 패킷 타입: 7, 클라이언트 ID: 1
[20:10:59.827] [WARNING] 잘못된 패킷 타입: 7, 클라이언트 ID: 1
[20:10:59.835] [WARNING] 잘못된 패킷 타입: 7, 클라이언트 ID: 1
[20:10:59.843] [WARNING] 잘못된 패킷 타입: 7, 클라이언트 ID: 1
[20:10:59.852] [WARNING] 잘못된 패킷 타입: 7, 클라이언트 ID: 1
[20:10:59.860] [WARNING] 잘못된 패킷 타입: 7, 클라이언트 ID: 1
[20:10:59.869] [WARNING] 잘못된 패킷 타입: 7, 클라이언트 ID: 1
[20:10:59.877] [WARNING] 잘못된 패킷 타입: 7, 클라이언트 ID: 1
[20:10:59.885] [WARNING] 잘못된 패킷 타입: 7, 클라이언트 ID: 1
[20:10:59.894] [WARNING] 잘못된 패킷 타입: 7, 클라이언트 ID: 1
[20:10:59.902] [WARNING] 잘못된 패킷 타입: 7, 클라이언트 ID: 1
[20:10:59.910] [WARNING] 잘못된 패킷 타입: 7, 클라이언트 ID: 1
[20:10:59.919] [WARNING] 잘못된 패킷 타입: 7, 클라이언트 ID: 1
[20:10:59.927] [WARNING] 잘못된 패킷 타입: 7, 클라이언트 ID: 1
[20:10:59.935] [WARNING] 잘못된 패킷 타입: 7, 클라이언트 ID: 1
[20:10:59.944] [WARNING] 잘못된 패킷 타입: 7, 클라이언트 ID: 1
[20:10:59.952] [WARNING] 잘못된 패킷 타입: 7, 클라이언트 ID: 1
[20:10:59.960] [WARNING] 잘못된 패킷 타입: 7, 클라이언트 ID: 1
[20:10:59.969] [WARNING] 잘못된 패킷 타입: 7, 클라이언트 ID: 1
[20:10:59.977] [WARNING] 잘못된 패킷 타입: 7, 클라이언트 ID: 1
[20:10:59.985] [WARNING] 잘못된 패킷 타입: 7, 클라이언트 ID: 1
[20:10:59.994] [WARNING] 잘못된 패킷 타입: 7, 클라이언트 ID: 1
[20:11:00.002] [WARNING] 잘못된 패킷 타입: 7, 클라이언트 ID: 1
[20:11:00.011] [WARNING] 잘못된 패킷 타입: 7, 클라이언트 ID: 1
[20:11:00.019] [WARNING] 잘못된 패킷 타입: 7, 클라이언트 ID: 1
[20:11:00.027] [WARNING] 잘못된 패킷 타입: 7, 클라이언트 ID: 1
[20:11:00.035] [WARNING] 잘못된 패킷 타입: 7, 클라이언트 ID: 1
[20:11:00.044] [WARNING] 잘못된 패킷 타입: 7, 클라이언트 ID: 1
[20:11:00.052] [WARNING] 잘못된 패킷 타입: 7, 클라이언트 ID: 1
[20:11:00.060] [WARNING] 잘못된 패킷 타입: 7, 클라이언트 ID: 1
[20:11:00.069] [WARNING] 잘못된 패킷 타입: 7, 클라이언트 ID: 1
[20:11:00.077] [WARNING] 잘못된 패킷 타입: 7, 클라이언트 ID: 1
[20:11:00.085] [WARNING] 잘못된 패킷 타입: 7, 클라이언트 ID: 1
[20:11:00.094] [WARNING] 잘못된 패킷 타입: 7, 클라이언트 ID: 1
[20:11:00.102] [WARNING] 잘못된 패킷 타입: 7, 클라이언트 ID: 1
[20:11:00.111] [WARNING] 잘못된 패킷 타입: 7, 클라이언트 ID: 1
[20:11:00.119] [WARNING] 잘못된 패킷 타입: 7, 클라이언트 ID: 1
[20:11:00.127] [WARNING] 잘못된 패킷 타입: 7, 클라이언트 ID: 1
[20:11:00.135] [WARNING] 잘못된 패킷 타입: 7, 클라이언트 ID: 1
[20:11:00.144] [WARNING] 잘못된 패킷 타입: 7, 클라이언트 ID: 1
[20:11:00.152] [WARNING] 잘못된 패킷 타입: 7, 클라이언트 ID: 1
[20:11:00.160] [WARNING] 잘못된 패킷 타입: 7, 클라이언트 ID: 1
[20:11:00.169] [WARNING] 잘못된 패킷 타입: 7, 클라이언트 ID: 1
[20:11:00.177] [WARNING] 잘못된 패킷 타입: 7, 클라이언트 ID: 1
[20:11:00.188] [WARNING] 잘못된 패킷 타입: 7, 클라이언트 ID: 1
[20:11:00.197] [WARNING] 잘못된 패킷 타입: 7, 클라이언트 ID: 1
[20:11:00.206] [WARNING] 잘못된 패킷 타입: 7, 클라이언트 ID: 1
[20:11:00.215] [WARNING] 잘못된 패킷 타입: 7, 클라이언트 ID: 1
[20:11:00.223] [WARNING] 잘못된 패킷 타입: 7, 클라이언트 ID: 1
[20:11:00.232] [WARNING] 잘못된 패킷 타입: 7, 클라이언트 ID: 1
[20:11:00.242] [WARNING] 잘못된 패킷 타입: 7, 클라이언트 ID: 1
[20:11:00.251] [WARNING] 잘못된 패킷 타입: 7, 클라이언트 ID: 1
[20:11:00.259] [WARNING] 잘못된 패킷 타입: 7, 클라이언트 ID: 1
[20:11:00.267] [WARNING] 잘못된 패킷 타입: 7, 클라이언트 ID: 1
[20:11:00.275] [WARNING] 잘못된 패킷 타입: 7, 클라이언트 ID: 1
[20:11:00.284] [WARNING] 잘못된 패킷 타입: 7, 클라이언트 ID: 1
[20:11:00.292] [WARNING] 잘못된 패킷 타입: 7, 클라이언트 ID: 1
[20:11:00.300] [WARNING] 잘못된 패킷 타입: 7, 클라이언트 ID: 1
[20:11:00.309] [WARNING] 잘못된 패킷 타입: 7, 클라이언트 ID: 1
[20:11:00.317] [WARNING] 잘못된 패킷 타입: 7, 클라이언트 ID: 1
[20:11:00.325] [WARNING] 잘못된 패킷 타입: 7, 클라이언트 ID: 1
[20:11:00.334] [WARNING] 잘못된 패킷 타입: 7, 클라이언트 ID: 1
[20:11:00.342] [WARNING] 잘못된 패킷 타입: 7, 클라이언트 ID: 1
[20:11:00.350] [WARNING] 잘못된 패킷 타입: 7, 클라이언트 ID: 1
[20:11:00.359] [WARNING] 잘못된 패킷 타입: 7, 클라이언트 ID: 1
[20:11:00.367] [WARNING] 잘못된 패킷 타입: 7, 클라이언트 ID: 1
[20:11:00.375] [WARNING] 잘못된 패킷 타입: 7, 클라이언트 ID: 1
[20:11:00.384] [WARNING] 잘못된 패킷 타입: 7, 클라이언트 ID: 1
[20:11:00.392] [WARNING] 잘못된 패킷 타입: 7, 클라이언트 ID: 1
[20:11:00.400] [WARNING] 잘못된 패킷 타입: 7, 클라이언트 ID: 1
[20:11:00.409] [WARNING] 잘못된 패킷 타입: 7, 클라이언트 ID: 1
[20:11:00.417] [WARNING] 잘못된 패킷 타입: 7, 클라이언트 ID: 1
[20:11:00.425] [WARNING] 잘못된 패킷 타입: 7, 클라이언트 ID: 1
[20:11:00.434] [WARNING] 잘못된 패킷 타입: 7, 클라이언트 ID: 1
[20:11:00.442] [WARNING] 잘못된 패킷 타입: 7, 클라이언트 ID: 1
[20:11:00.450] [WARNING] 잘못된 패킷 타입: 7, 클라이언트 ID: 1
[20:11:00.459] [WARNING] 잘못된 패킷 타입: 7, 클라이언트 ID: 1
[20:11:00.467] [WARNING] 잘못된 패킷 타입: 7, 클라이언트 ID: 1
[20:11:00.475] [WARNING] 잘못된 패킷 타입: 7, 클라이언트 ID: 1
[20:11:00.484] [WARNING] 잘못된 패킷 타입: 7, 클라이언트 ID: 1
[20:11:00.492] [WARNING] 잘못된 패킷 타입: 7, 클라이언트 ID: 1
[20:11:00.500] [WARNING] 잘못된 패킷 타입: 7, 클라이언트 ID: 1
[20:11:00.509] [WARNING] 잘못된 패킷 타입: 7, 클라이언트 ID: 1
[20:11:00.517] [WARNING] 잘못된 패킷 타입: 7, 클라이언트 ID: 1
[20:11:00.525] [WARNING] 잘못된 패킷 타입: 7, 클라이언트 ID: 1
[20:11:00.534] [WARNING] 잘못된 패킷 타입: 7, 클라이언트 ID: 1
[20:11:00.542] [WARNING] 잘못된 패킷 타입: 7, 클라이언트 ID: 1
[20:11:00.550] [WARNING] 잘못된 패킷 타입: 7, 클라이언트 ID: 1
[20:11:00.559] [WARNING] 잘못된 패킷 타입: 7, 클라이언트 ID: 1
[20:11:00.567] [WARNING] 잘못된 패킷 타입: 7, 클라이언트 ID: 1
[20:11:00.575] [WARNING] 잘못된 패킷 타입: 7, 클라이언트 ID: 1
[20:11:00.584] [WARNING] 잘못된 패킷 타입: 7, 클라이언트 ID: 1
[20:11:00.592] [WARNING] 잘못된 패킷 타입: 7, 클라이언트 ID: 1
[20:11:00.600] [WARNING] 잘못된 패킷 타입: 7, 클라이언트 ID: 1
[20:11:00.609] [WARNING] 잘못된 패킷 타입: 7, 클라이언트 ID: 1
[20:11:00.617] [WARNING] 잘못된 패킷 타입: 7, 클라이언트 ID: 1
[20:11:00.625] [WARNING] 잘못된 패킷 타입: 7, 클라이언트 ID: 1
[20:11:00.634] [WARNING] 잘못된 패킷 타입: 7, 클라이언트 ID: 1
[20:11:00.642] [WARNING] 잘못된 패킷 타입: 7, 클라이언트 ID: 1
[20:11:00.650] [WARNING] 잘못된 패킷 타입: 7, 클라이언트 ID: 1
[20:11:00.659] [WARNING] 잘못된 패킷 타입: 7, 클라이언트 ID: 1
[20:11:00.667] [WARNING] 잘못된 패킷 타입: 7, 클라이언트 ID: 1
[20:11:00.675] [WARNING] 잘못된 패킷 타입: 7, 클라이언트 ID: 1
[20:11:00.684] [WARNING] 잘못된 패킷 타입: 7, 클라이언트 ID: 1
[20:11:00.692] [WARNING] 잘못된 패킷 타입: 7, 클라이언트 ID: 1
[20:11:00.700] [WARNING] 잘못된 패킷 타입: 7, 클라이언트 ID: 1
[20:11:00.709] [WARNING] 잘못된 패킷 타입: 7, 클라이언트 ID: 1
[20:11:00.717] [WARNING] 잘못된 패킷 타입: 7, 클라이언트 ID: 1
[20:11:00.725] [WARNING] 잘못된 패킷 타입: 7, 클라이언트 ID: 1
[20:11:00.734] [WARNING] 잘못된 패킷 타입: 7, 클라이언트 ID: 1
[20:11:00.742] [WARNING] 잘못된 패킷 타입: 7, 클라이언트 ID: 1
[20:11:00.750] [WARNING] 잘못된 패킷 타입: 7, 클라이언트 ID: 1
[20:11:00.759] [WARNING] 잘못된 패킷 타입: 7, 클라이언트 ID: 1
[20:11:00.767] [WARNING] 잘못된 패킷 타입: 7, 클라이언트 ID: 1
[20:11:00.775] [WARNING] 잘못된 패킷 타입: 7, 클라이언트 ID: 1
[20:11:00.784] [WARNING] 잘못된 패킷 타입: 7, 클라이언트 ID: 1
[20:11:00.792] [WARNING] 잘못된 패킷 타입: 7, 클라이언트 ID: 1
[20:11:00.800] [WARNING] 잘못된 패킷 타입: 7, 클라이언트 ID: 1
[20:11:00.809] [WARNING] 잘못된 패킷 타입: 7, 클라이언트 ID: 1
[20:11:00.817] [WARNING] 잘못된 패킷 타입: 7, 클라이언트 ID: 1
[20:11:00.825] [WARNING] 잘못된 패킷 타입: 7, 클라이언트 ID: 1
[20:11:00.834] [WARNING] 잘못된 패킷 타입: 7, 클라이언트 ID: 1
[20:11:00.842] [WARNING] 잘못된 패킷 타입: 7, 클라이언트 ID: 1
[20:11:00.851] [WARNING] 잘못된 패킷 타입: 7, 클라이언트 ID: 1
[20:11:00.859] [WARNING] 잘못된 패킷 타입: 7, 클라이언트 ID: 1
[20:11:00.867] [WARNING] 잘못된 패킷 타입: 7, 클라이언트 ID: 1
[20:11:00.876] [WARNING] 잘못된 패킷 타입: 7, 클라이언트 ID: 1
[20:11:00.884] [WARNING] 잘못된 패킷 타입: 7, 클라이언트 ID: 1
[20:11:00.892] [WARNING] 잘못된 패킷 타입: 7, 클라이언트 ID: 1
[20:11:00.901] [WARNING] 잘못된 패킷 타입: 7, 클라이언트 ID: 1
[20:11:00.909] [WARNING] 잘못된 패킷 타입: 7, 클라이언트 ID: 1
[20:11:00.917] [WARNING] 잘못된 패킷 타입: 7, 클라이언트 ID: 1
[20:11:00.925] [WARNING] 잘못된 패킷 타입: 7, 클라이언트 ID: 1
[20:11:00.934] [WARNING] 잘못된 패킷 타입: 7, 클라이언트 ID: 1
[20:11:00.942] [WARNING] 잘못된 패킷 타입: 7, 클라이언트 ID: 1
[20:11:00.951] [WARNING] 잘못된 패킷 타입: 7, 클라이언트 ID: 1
[20:11:00.959] [WARNING] 잘못된 패킷 타입: 7, 클라이언트 ID: 1
[20:11:00.967] [WARNING] 잘못된 패킷 타입: 7, 클라이언트 ID: 1
[20:11:00.975] [WARNING] 잘못된 패킷 타입: 7, 클라이언트 ID: 1
[20:11:00.984] [WARNING] 잘못된 패킷 타입: 7, 클라이언트 ID: 1
[20:11:00.992] [WARNING] 잘못된 패킷 타입: 7, 클라이언트 ID: 1
[20:11:01.001] [WARNING] 잘못된 패킷 타입: 7, 클라이언트 ID: 1
[20:11:01.009] [WARNING] 잘못된 패킷 타입: 7, 클라이언트 ID: 1
[20:11:01.017] [WARNING] 잘못된 패킷 타입: 7, 클라이언트 ID: 1
[20:11:01.026] [WARNING] 잘못된 패킷 타입: 7, 클라이언트 ID: 1
[20:11:01.034] [WARNING] 잘못된 패킷 타입: 7, 클라이언트 ID: 1
[20:11:01.042] [WARNING] 잘못된 패킷 타입: 7, 클라이언트 ID: 1
[20:11:01.050] [WARNING] 잘못된 패킷 타입: 7, 클라이언트 ID: 1
[20:11:01.059] [WARNING] 잘못된 패킷 타입: 7, 클라이언트 ID: 1
[20:11:01.067] [WARNING] 잘못된 패킷 타입: 7, 클라이언트 ID: 1
[20:11:01.075] [WARNING] 잘못된 패킷 타입: 7, 클라이언트 ID: 1
[20:11:01.084] [WARNING] 잘못된 패킷 타입: 7, 클라이언트 ID: 1
[20:11:01.092] [WARNING] 잘못된 패킷 타입: 7, 클라이언트 ID: 1
[20:11:01.100] [WARNING] 잘못된 패킷 타입: 7, 클라이언트 ID: 1
[20:11:01.109] [WARNING] 잘못된 패킷 타입: 7, 클라이언트 ID: 1
[20:11:01.117] [WARNING] 잘못된 패킷 타입: 7, 클라이언트 ID: 1
[20:11:01.125] [WARNING] 잘못된 패킷 타입: 7, 클라이언트 ID: 1
[20:11:01.134] [WARNING] 잘못된 패킷 타입: 7, 클라이언트 ID: 1
[20:11:01.146] [WARNING] 잘못된 패킷 타입: 7, 클라이언트 ID: 1
[20:11:01.151] [WARNING] 잘못된 패킷 타입: 7, 클라이언트 ID: 1
[20:11:01.160] [WARNING] 잘못된 패킷 타입: 7, 클라이언트 ID: 1
[20:11:01.168] [WARNING] 잘못된 패킷 타입: 7, 클라이언트 ID: 1
[20:11:01.176] [WARNING] 잘못된 패킷 타입: 7, 클라이언트 ID: 1
[20:11:01.185] [WARNING] 잘못된 패킷 타입: 7, 클라이언트 ID: 1
[20:11:01.193] [WARNING] 잘못된 패킷 타입: 7, 클라이언트 ID: 1
[20:11:01.201] [WARNING] 잘못된 패킷 타입: 7, 클라이언트 ID: 1
[20:11:01.209] [WARNING] 잘못된 패킷 타입: 7, 클라이언트 ID: 1
[20:11:01.218] [WARNING] 잘못된 패킷 타입: 7, 클라이언트 ID: 1
[20:11:01.226] [WARNING] 잘못된 패킷 타입: 7, 클라이언트 ID: 1
[20:11:01.235] [WARNING] 잘못된 패킷 타입: 7, 클라이언트 ID: 1
[20:11:01.243] [WARNING] 잘못된 패킷 타입: 7, 클라이언트 ID: 1
[20:11:01.251] [WARNING] 잘못된 패킷 타입: 7, 클라이언트 ID: 1
[20:11:01.259] [WARNING] 잘못된 패킷 타입: 7, 클라이언트 ID: 1
[20:11:01.268] [WARNING] 잘못된 패킷 타입: 7, 클라이언트 ID: 1
[20:11:01.276] [WARNING] 잘못된 패킷 타입: 7, 클라이언트 ID: 1
[20:11:01.284] [WARNING] 잘못된 패킷 타입: 7, 클라이언트 ID: 1
[20:11:01.293] [WARNING] 잘못된 패킷 타입: 7, 클라이언트 ID: 1
[20:11:01.301] [WARNING] 잘못된 패킷 타입: 7, 클라이언트 ID: 1
[20:11:01.309] [WARNING] 잘못된 패킷 타입: 7, 클라이언트 ID: 1
[20:11:01.318] [WARNING] 잘못된 패킷 타입: 7, 클라이언트 ID: 1
[20:11:01.326] [WARNING] 잘못된 패킷 타입: 7, 클라이언트 ID: 1
[20:11:01.335] [WARNING] 잘못된 패킷 타입: 7, 클라이언트 ID: 1
[20:11:01.343] [WARNING] 잘못된 패킷 타입: 7, 클라이언트 ID: 1
[20:11:01.351] [WARNING] 잘못된 패킷 타입: 7, 클라이언트 ID: 1
[20:11:01.359] [WARNING] 잘못된 패킷 타입: 7, 클라이언트 ID: 1
[20:11:01.368] [WARNING] 잘못된 패킷 타입: 7, 클라이언트 ID: 1
[20:11:01.376] [WARNING] 잘못된 패킷 타입: 7, 클라이언트 ID: 1
[20:11:01.385] [WARNING] 잘못된 패킷 타입: 7, 클라이언트 ID: 1
[20:11:01.393] [WARNING] 잘못된 패킷 타입: 7, 클라이언트 ID: 1
[20:11:01.401] [WARNING] 잘못된 패킷 타입: 7, 클라이언트 ID: 1
[20:11:01.409] [WARNING] 잘못된 패킷 타입: 7, 클라이언트 ID: 1
[20:11:01.418] [WARNING] 잘못된 패킷 타입: 7, 클라이언트 ID: 1
[20:11:01.426] [WARNING] 잘못된 패킷 타입: 7, 클라이언트 ID: 1
[20:11:01.435] [WARNING] 잘못된 패킷 타입: 7, 클라이언트 ID: 1
[20:11:01.443] [WARNING] 잘못된 패킷 타입: 7, 클라이언트 ID: 1
[20:11:01.451] [WARNING] 잘못된 패킷 타입: 7, 클라이언트 ID: 1
[20:11:01.459] [WARNING] 잘못된 패킷 타입: 7, 클라이언트 ID: 1
[20:11:01.468] [WARNING] 잘못된 패킷 타입: 7, 클라이언트 ID: 1
[20:11:01.476] [WARNING] 잘못된 패킷 타입: 7, 클라이언트 ID: 1
[20:11:01.485] [WARNING] 잘못된 패킷 타입: 7, 클라이언트 ID: 1
[20:11:01.493] [WARNING] 잘못된 패킷 타입: 7, 클라이언트 ID: 1
[20:11:01.501] [WARNING] 잘못된 패킷 타입: 7, 클라이언트 ID: 1
[20:11:01.510] [WARNING] 잘못된 패킷 타입: 7, 클라이언트 ID: 1
[20:11:01.518] [WARNING] 잘못된 패킷 타입: 7, 클라이언트 ID: 1
[20:11:01.526] [WARNING] 잘못된 패킷 타입: 7, 클라이언트 ID: 1
[20:11:01.534] [WARNING] 잘못된 패킷 타입: 7, 클라이언트 ID: 1
[20:11:01.543] [WARNING] 잘못된 패킷 타입: 7, 클라이언트 ID: 1
[20:11:01.551] [WARNING] 잘못된 패킷 타입: 7, 클라이언트 ID: 1
[20:11:01.559] [WARNING] 잘못된 패킷 타입: 7, 클라이언트 ID: 1
[20:11:01.568] [WARNING] 잘못된 패킷 타입: 7, 클라이언트 ID: 1
[20:11:01.576] [WARNING] 잘못된 패킷 타입: 7, 클라이언트 ID: 1
[20:11:01.585] [WARNING] 잘못된 패킷 타입: 7, 클라이언트 ID: 1
[20:11:01.593] [WARNING] 잘못된 패킷 타입: 7, 클라이언트 ID: 1
[20:11:01.601] [WARNING] 잘못된 패킷 타입: 7, 클라이언트 ID: 1
[20:11:01.609] [WARNING] 잘못된 패킷 타입: 7, 클라이언트 ID: 1
[20:11:01.618] [WARNING] 잘못된 패킷 타입: 7, 클라이언트 ID: 1
[20:11:01.626] [WARNING] 잘못된 패킷 타입: 7, 클라이언트 ID: 1
[20:11:01.635] [WARNING] 잘못된 패킷 타입: 7, 클라이언트 ID: 1
[20:11:01.643] [WARNING] 잘못된 패킷 타입: 7, 클라이언트 ID: 1
[20:11:01.651] [WARNING] 잘못된 패킷 타입: 7, 클라이언트 ID: 1
[20:11:01.659] [WARNING] 잘못된 패킷 타입: 7, 클라이언트 ID: 1
[20:11:01.668] [WARNING] 잘못된 패킷 타입: 7, 클라이언트 ID: 1
[20:11:01.676] [WARNING] 잘못된 패킷 타입: 7, 클라이언트 ID: 1
[20:11:01.685] [WARNING] 잘못된 패킷 타입: 7, 클라이언트 ID: 1
[20:11:01.693] [WARNING] 잘못된 패킷 타입: 7, 클라이언트 ID: 1
[20:11:01.701] [WARNING] 잘못된 패킷 타입: 7, 클라이언트 ID: 1
[20:11:01.709] [WARNING] 잘못된 패킷 타입: 7, 클라이언트 ID: 1
[20:11:01.718] [WARNING] 잘못된 패킷 타입: 7, 클라이언트 ID: 1
[20:11:01.726] [WARNING] 잘못된 패킷 타입: 7, 클라이언트 ID: 1
[20:11:01.735] [WARNING] 잘못된 패킷 타입: 7, 클라이언트 ID: 1
[20:11:01.743] [WARNING] 잘못된 패킷 타입: 7, 클라이언트 ID: 1
[20:11:01.751] [WARNING] 잘못된 패킷 타입: 7, 클라이언트 ID: 1
[20:11:01.759] [WARNING] 잘못된 패킷 타입: 7, 클라이언트 ID: 1
[20:11:01.768] [WARNING] 잘못된 패킷 타입: 7, 클라이언트 ID: 1
[20:11:01.776] [WARNING] 잘못된 패킷 타입: 7, 클라이언트 ID: 1
[20:11:01.785] [WARNING] 잘못된 패킷 타입: 7, 클라이언트 ID: 1
[20:11:01.793] [WARNING] 잘못된 패킷 타입: 7, 클라이언트 ID: 1
[20:11:01.801] [WARNING] 잘못된 패킷 타입: 7, 클라이언트 ID: 1
[20:11:01.809] [WARNING] 잘못된 패킷 타입: 7, 클라이언트 ID: 1
[20:11:01.818] [WARNING] 잘못된 패킷 타입: 7, 클라이언트 ID: 1
[20:11:01.826] [WARNING] 잘못된 패킷 타입: 7, 클라이언트 ID: 1
[20:11:01.835] [WARNING] 잘못된 패킷 타입: 7, 클라이언트 ID: 1
[20:11:01.843] [WARNING] 잘못된 패킷 타입: 7, 클라이언트 ID: 1
[20:11:01.851] [WARNING] 잘못된 패킷 타입: 7, 클라이언트 ID: 1
[20:11:01.859] [WARNING] 잘못된 패킷 타입: 7, 클라이언트 ID: 1
[20:11:01.868] [WARNING] 잘못된 패킷 타입: 7, 클라이언트 ID: 1
[20:11:01.876] [WARNING] 잘못된 패킷 타입: 7, 클라이언트 ID: 1
[20:11:01.884] [WARNING] 잘못된 패킷 타입: 7, 클라이언트 ID: 1
[20:11:01.893] [WARNING] 잘못된 패킷 타입: 7, 클라이언트 ID: 1
[20:11:01.901] [WARNING] 잘못된 패킷 타입: 7, 클라이언트 ID: 1
[20:11:01.910] [WARNING] 잘못된 패킷 타입: 7, 클라이언트 ID: 1
[20:11:01.918] [WARNING] 잘못된 패킷 타입: 7, 클라이언트 ID: 1
[20:11:01.926] [WARNING] 잘못된 패킷 타입: 7, 클라이언트 ID: 1
[20:11:01.935] [WARNING] 잘못된 패킷 타입: 7, 클라이언트 ID: 1
[20:11:01.943] [WARNING] 잘못된 패킷 타입: 7, 클라이언트 ID: 1
[20:11:01.951] [WARNING] 잘못된 패킷 타입: 7, 클라이언트 ID: 1
[20:11:01.960] [WARNING] 잘못된 패킷 타입: 7, 클라이언트 ID: 1
[20:11:01.968] [WARNING] 잘못된 패킷 타입: 7, 클라이언트 ID: 1
[20:11:01.976] [WARNING] 잘못된 패킷 타입: 7, 클라이언트 ID: 1
[20:11:01.984] [WARNING] 잘못된 패킷 타입: 7, 클라이언트 ID: 1
[20:11:01.993] [WARNING] 잘못된 패킷 타입: 7, 클라이언트 ID: 1
[20:11:02.001] [WARNING] 잘못된 패킷 타입: 7, 클라이언트 ID: 1
[20:11:02.009] [WARNING] 잘못된 패킷 타입: 7, 클라이언트 ID: 1
[20:11:02.018] [WARNING] 잘못된 패킷 타입: 7, 클라이언트 ID: 1
[20:11:02.026] [WARNING] 잘못된 패킷 타입: 7, 클라이언트 ID: 1
[20:11:02.035] [WARNING] 잘못된 패킷 타입: 7, 클라이언트 ID: 1
[20:11:02.043] [WARNING] 잘못된 패킷 타입: 7, 클라이언트 ID: 1
[20:11:02.051] [WARNING] 잘못된 패킷 타입: 7, 클라이언트 ID: 1
[20:11:02.059] [WARNING] 잘못된 패킷 타입: 7, 클라이언트 ID: 1
[20:11:02.068] [WARNING] 잘못된 패킷 타입: 7, 클라이언트 ID: 1
[20:11:02.076] [WARNING] 잘못된 패킷 타입: 7, 클라이언트 ID: 1
[20:11:02.084] [WARNING] 잘못된 패킷 타입: 7, 클라이언트 ID: 1
[20:11:02.093] [WARNING] 잘못된 패킷 타입: 7, 클라이언트 ID: 1
[20:11:02.101] [WARNING] 잘못된 패킷 타입: 7, 클라이언트 ID: 1
[20:11:02.109] [WARNING] 잘못된 패킷 타입: 7, 클라이언트 ID: 1
[20:11:02.118] [WARNING] 잘못된 패킷 타입: 7, 클라이언트 ID: 1
[20:11:02.126] [WARNING] 잘못된 패킷 타입: 7, 클라이언트 ID: 1
[20:11:02.134] [WARNING] 잘못된 패킷 타입: 7, 클라이언트 ID: 1
[20:11:02.143] [WARNING] 잘못된 패킷 타입: 7, 클라이언트 ID: 1
[20:11:02.151] [WARNING] 잘못된 패킷 타입: 7, 클라이언트 ID: 1
[20:11:02.160] [WARNING] 잘못된 패킷 타입: 7, 클라이언트 ID: 1
[20:11:02.168] [WARNING] 잘못된 패킷 타입: 7, 클라이언트 ID: 1
[20:11:02.176] [WARNING] 잘못된 패킷 타입: 7, 클라이언트 ID: 1
[20:11:02.184] [WARNING] 잘못된 패킷 타입: 7, 클라이언트 ID: 1
[20:11:02.193] [WARNING] 잘못된 패킷 타입: 7, 클라이언트 ID: 1
[20:11:02.201] [WARNING] 잘못된 패킷 타입: 7, 클라이언트 ID: 1
[20:11:02.209] [WARNING] 잘못된 패킷 타입: 7, 클라이언트 ID: 1
[20:11:02.218] [WARNING] 잘못된 패킷 타입: 7, 클라이언트 ID: 1
[20:11:02.226] [WARNING] 잘못된 패킷 타입: 7, 클라이언트 ID: 1
[20:11:02.235] [WARNING] 잘못된 패킷 타입: 7, 클라이언트 ID: 1
[20:11:02.243] [WARNING] 잘못된 패킷 타입: 7, 클라이언트 ID: 1
[20:11:02.251] [WARNING] 잘못된 패킷 타입: 7, 클라이언트 ID: 1
[20:11:02.259] [WARNING] 잘못된 패킷 타입: 7, 클라이언트 ID: 1
[20:11:02.268] [WARNING] 잘못된 패킷 타입: 7, 클라이언트 ID: 1
[20:11:02.276] [WARNING] 잘못된 패킷 타입: 7, 클라이언트 ID: 1
[20:11:02.285] [WARNING] 잘못된 패킷 타입: 7, 클라이언트 ID: 1
[20:11:02.293] [WARNING] 잘못된 패킷 타입: 7, 클라이언트 ID: 1
[20:11:02.301] [WARNING] 잘못된 패킷 타입: 7, 클라이언트 ID: 1
[20:11:02.309] [WARNING] 잘못된 패킷 타입: 7, 클라이언트 ID: 1
[20:11:02.318] [WARNING] 잘못된 패킷 타입: 7, 클라이언트 ID: 1
[20:11:02.326] [WARNING] 잘못된 패킷 타입: 7, 클라이언트 ID: 1
[20:11:02.334] [WARNING] 잘못된 패킷 타입: 7, 클라이언트 ID: 1
[20:11:02.343] [WARNING] 잘못된 패킷 타입: 7, 클라이언트 ID: 1
[20:11:02.351] [WARNING] 잘못된 패킷 타입: 7, 클라이언트 ID: 1
[20:11:02.359] [WARNING] 잘못된 패킷 타입: 7, 클라이언트 ID: 1
[20:11:02.368] [WARNING] 잘못된 패킷 타입: 7, 클라이언트 ID: 1
[20:11:02.376] [WARNING] 잘못된 패킷 타입: 7, 클라이언트 ID: 1
[20:11:02.384] [WARNING] 잘못된 패킷 타입: 7, 클라이언트 ID: 1
[20:11:02.393] [WARNING] 잘못된 패킷 타입: 7, 클라이언트 ID: 1
[20:11:02.401] [WARNING] 잘못된 패킷 타입: 7, 클라이언트 ID: 1
[20:11:02.409] [WARNING] 잘못된 패킷 타입: 7, 클라이언트 ID: 1
[20:11:02.418] [WARNING] 잘못된 패킷 타입: 7, 클라이언트 ID: 1
[20:11:02.426] [WARNING] 잘못된 패킷 타입: 7, 클라이언트 ID: 1
[20:11:02.435] [WARNING] 잘못된 패킷 타입: 7, 클라이언트 ID: 1
[20:11:02.443] [WARNING] 잘못된 패킷 타입: 7, 클라이언트 ID: 1
[20:11:02.451] [WARNING] 잘못된 패킷 타입: 7, 클라이언트 ID: 1
[20:11:02.460] [WARNING] 잘못된 패킷 타입: 7, 클라이언트 ID: 1
[20:11:02.468] [WARNING] 잘못된 패킷 타입: 7, 클라이언트 ID: 1
[20:11:02.478] [WARNING] 잘못된 패킷 타입: 7, 클라이언트 ID: 1
[20:11:02.485] [WARNING] 잘못된 패킷 타입: 7, 클라이언트 ID: 1
[20:11:02.493] [WARNING] 잘못된 패킷 타입: 7, 클라이언트 ID: 1
[20:11:02.501] [WARNING] 잘못된 패킷 타입: 7, 클라이언트 ID: 1
[20:11:02.509] [WARNING] 잘못된 패킷 타입: 7, 클라이언트 ID: 1
[20:11:02.518] [WARNING] 잘못된 패킷 타입: 7, 클라이언트 ID: 1
[20:11:02.526] [WARNING] 잘못된 패킷 타입: 7, 클라이언트 ID: 1
[20:11:02.535] [WARNING] 잘못된 패킷 타입: 7, 클라이언트 ID: 1
[20:11:02.543] [WARNING] 잘못된 패킷 타입: 7, 클라이언트 ID: 1
[20:11:02.551] [WARNING] 잘못된 패킷 타입: 7, 클라이언트 ID: 1
[20:11:02.560] [WARNING] 잘못된 패킷 타입: 7, 클라이언트 ID: 1
[20:11:02.568] [WARNING] 잘못된 패킷 타입: 7, 클라이언트 ID: 1
[20:11:02.576] [WARNING] 잘못된 패킷 타입: 7, 클라이언트 ID: 1
[20:11:02.585] [WARNING] 잘못된 패킷 타입: 7, 클라이언트 ID: 1
[20:11:02.593] [WARNING] 잘못된 패킷 타입: 7, 클라이언트 ID: 1
[20:11:02.601] [WARNING] 잘못된 패킷 타입: 7, 클라이언트 ID: 1
[20:11:02.610] [WARNING] 잘못된 패킷 타입: 7, 클라이언트 ID: 1
[20:11:02.618] [WARNING] 잘못된 패킷 타입: 7, 클라이언트 ID: 1
[20:11:02.626] [WARNING] 잘못된 패킷 타입: 7, 클라이언트 ID: 1
[20:11:02.635] [WARNING] 잘못된 패킷 타입: 7, 클라이언트 ID: 1
[20:11:02.643] [WARNING] 잘못된 패킷 타입: 7, 클라이언트 ID: 1
[20:11:02.651] [WARNING] 잘못된 패킷 타입: 7, 클라이언트 ID: 1
[20:11:02.660] [WARNING] 잘못된 패킷 타입: 7, 클라이언트 ID: 1
[20:11:02.668] [WARNING] 잘못된 패킷 타입: 7, 클라이언트 ID: 1
[20:11:02.676] [WARNING] 잘못된 패킷 타입: 7, 클라이언트 ID: 1
[20:11:02.685] [WARNING] 잘못된 패킷 타입: 7, 클라이언트 ID: 1
[20:11:02.693] [WARNING] 잘못된 패킷 타입: 7, 클라이언트 ID: 1
[20:11:02.701] [WARNING] 잘못된 패킷 타입: 7, 클라이언트 ID: 1
[20:11:02.710] [WARNING] 잘못된 패킷 타입: 7, 클라이언트 ID: 1
[20:11:02.718] [WARNING] 잘못된 패킷 타입: 7, 클라이언트 ID: 1
[20:11:02.726] [WARNING] 잘못된 패킷 타입: 7, 클라이언트 ID: 1
[20:11:02.735] [WARNING] 잘못된 패킷 타입: 7, 클라이언트 ID: 1
[20:11:02.743] [WARNING] 잘못된 패킷 타입: 7, 클라이언트 ID: 1
[20:11:02.751] [WARNING] 잘못된 패킷 타입: 7, 클라이언트 ID: 1
[20:11:02.760] [WARNING] 잘못된 패킷 타입: 7, 클라이언트 ID: 1
[20:11:02.768] [WARNING] 잘못된 패킷 타입: 7, 클라이언트 ID: 1
[20:11:02.776] [WARNING] 잘못된 패킷 타입: 7, 클라이언트 ID: 1
[20:11:02.785] [WARNING] 잘못된 패킷 타입: 7, 클라이언트 ID: 1
[20:11:02.793] [WARNING] 잘못된 패킷 타입: 7, 클라이언트 ID: 1
[20:11:02.801] [WARNING] 잘못된 패킷 타입: 7, 클라이언트 ID: 1
[20:11:02.809] [WARNING] 잘못된 패킷 타입: 7, 클라이언트 ID: 1
[20:11:02.818] [WARNING] 잘못된 패킷 타입: 7, 클라이언트 ID: 1
[20:11:02.826] [WARNING] 잘못된 패킷 타입: 7, 클라이언트 ID: 1
[20:11:02.835] [WARNING] 잘못된 패킷 타입: 7, 클라이언트 ID: 1
[20:11:02.843] [WARNING] 잘못된 패킷 타입: 7, 클라이언트 ID: 1
[20:11:02.851] [WARNING] 잘못된 패킷 타입: 7, 클라이언트 ID: 1
[20:11:02.860] [WARNING] 잘못된 패킷 타입: 7, 클라이언트 ID: 1
[20:11:02.868] [WARNING] 잘못된 패킷 타입: 7, 클라이언트 ID: 1
[20:11:02.876] [WARNING] 잘못된 패킷 타입: 7, 클라이언트 ID: 1
[20:11:02.885] [WARNING] 잘못된 패킷 타입: 7, 클라이언트 ID: 1
[20:11:02.893] [WARNING] 잘못된 패킷 타입: 7, 클라이언트 ID: 1
[20:11:02.901] [WARNING] 잘못된 패킷 타입: 7, 클라이언트 ID: 1
[20:11:02.910] [WARNING] 잘못된 패킷 타입: 7, 클라이언트 ID: 1
[20:11:02.918] [WARNING] 잘못된 패킷 타입: 7, 클라이언트 ID: 1
[20:11:02.926] [WARNING] 잘못된 패킷 타입: 7, 클라이언트 ID: 1
[20:11:02.935] [WARNING] 잘못된 패킷 타입: 7, 클라이언트 ID: 1
[20:11:02.943] [WARNING] 잘못된 패킷 타입: 7, 클라이언트 ID: 1
[20:11:02.951] [WARNING] 잘못된 패킷 타입: 7, 클라이언트 ID: 1
[20:11:02.960] [WARNING] 잘못된 패킷 타입: 7, 클라이언트 ID: 1
[20:11:02.968] [WARNING] 잘못된 패킷 타입: 7, 클라이언트 ID: 1
[20:11:02.976] [WARNING] 잘못된 패킷 타입: 7, 클라이언트 ID: 1
[20:11:02.985] [WARNING] 잘못된 패킷 타입: 7, 클라이언트 ID: 1
[20:11:02.993] [WARNING] 잘못된 패킷 타입: 7, 클라이언트 ID: 1
[20:11:03.001] [WARNING] 잘못된 패킷 타입: 7, 클라이언트 ID: 1
[20:11:03.010] [WARNING] 잘못된 패킷 타입: 7, 클라이언트 ID: 1
[20:11:03.018] [WARNING] 잘못된 패킷 타입: 7, 클라이언트 ID: 1
[20:11:03.026] [WARNING] 잘못된 패킷 타입: 7, 클라이언트 ID: 1
[20:11:03.035] [WARNING] 잘못된 패킷 타입: 7, 클라이언트 ID: 1
[20:11:03.043] [WARNING] 잘못된 패킷 타입: 7, 클라이언트 ID: 1
[20:11:03.051] [WARNING] 잘못된 패킷 타입: 7, 클라이언트 ID: 1
[20:11:03.060] [WARNING] 잘못된 패킷 타입: 7, 클라이언트 ID: 1
[20:11:03.068] [WARNING] 잘못된 패킷 타입: 7, 클라이언트 ID: 1
[20:11:03.076] [WARNING] 잘못된 패킷 타입: 7, 클라이언트 ID: 1
[20:11:03.085] [WARNING] 잘못된 패킷 타입: 7, 클라이언트 ID: 1
[20:11:03.093] [WARNING] 잘못된 패킷 타입: 7, 클라이언트 ID: 1
[20:11:03.101] [WARNING] 잘못된 패킷 타입: 7, 클라이언트 ID: 1
[20:11:03.110] [WARNING] 잘못된 패킷 타입: 7, 클라이언트 ID: 1
[20:11:03.118] [WARNING] 잘못된 패킷 타입: 7, 클라이언트 ID: 1
[20:11:03.126] [WARNING] 잘못된 패킷 타입: 7, 클라이언트 ID: 1
[20:11:03.135] [WARNING] 잘못된 패킷 타입: 7, 클라이언트 ID: 1
[20:11:03.143] [WARNING] 잘못된 패킷 타입: 7, 클라이언트 ID: 1
[20:11:03.151] [WARNING] 잘못된 패킷 타입: 7, 클라이언트 ID: 1
[20:11:03.160] [WARNING] 잘못된 패킷 타입: 7, 클라이언트 ID: 1
[20:11:03.168] [WARNING] 잘못된 패킷 타입: 7, 클라이언트 ID: 1
[20:11:03.176] [WARNING] 잘못된 패킷 타입: 7, 클라이언트 ID: 1
[20:11:03.185] [WARNING] 잘못된 패킷 타입: 7, 클라이언트 ID: 1
[20:11:03.193] [WARNING] 잘못된 패킷 타입: 7, 클라이언트 ID: 1
[20:11:03.201] [WARNING] 잘못된 패킷 타입: 7, 클라이언트 ID: 1
[20:11:03.210] [WARNING] 잘못된 패킷 타입: 7, 클라이언트 ID: 1
[20:11:03.218] [WARNING] 잘못된 패킷 타입: 7, 클라이언트 ID: 1
[20:11:03.226] [WARNING] 잘못된 패킷 타입: 7, 클라이언트 ID: 1
[20:11:03.235] [WARNING] 잘못된 패킷 타입: 7, 클라이언트 ID: 1
[20:11:03.243] [WARNING] 잘못된 패킷 타입: 7, 클라이언트 ID: 1
[20:11:03.251] [WARNING] 잘못된 패킷 타입: 7, 클라이언트 ID: 1
[20:11:03.260] [WARNING] 잘못된 패킷 타입: 7, 클라이언트 ID: 1
[20:11:03.268] [WARNING] 잘못된 패킷 타입: 7, 클라이언트 ID: 1
[20:11:03.276] [WARNING] 잘못된 패킷 타입: 7, 클라이언트 ID: 1
[20:11:03.285] [WARNING] 잘못된 패킷 타입: 7, 클라이언트 ID: 1
[20:11:03.293] [WARNING] 잘못된 패킷 타입: 7, 클라이언트 ID: 1
[20:11:03.302] [WARNING] 잘못된 패킷 타입: 7, 클라이언트 ID: 1
