[20:03:47.823] [INFO] 로깅 시스템 초기화됨
[20:03:47.824] [INFO] 서버 인스턴스 생성됨
[20:03:47.824] [INFO] 서버 초기화 시작 (포트: 9000)
[20:03:47.825] [INFO] 윈속 초기화 성공
[20:03:47.825] [INFO] 리스닝 소켓 생성 성공
[20:03:47.826] [INFO] 소켓 바인딩 성공 (포트: 9000)
[20:03:47.826] [INFO] 리스닝 시작됨
[20:03:47.826] [INFO] IOCP 생성 성공
[20:03:47.826] [INFO] CPU 코어 수: 16, 생성할 작업자 스레드: 32
[20:03:47.827] [INFO] 작업자 스레드 #1 생성됨
[20:03:47.827] [INFO] 작업자 스레드 시작 (ThreadID: 19464)
[20:03:47.827] [INFO] 작업자 스레드 #2 생성됨
[20:03:47.827] [INFO] 작업자 스레드 시작 (ThreadID: 15768)
[20:03:47.828] [INFO] 작업자 스레드 #3 생성됨
[20:03:47.828] [INFO] 작업자 스레드 시작 (ThreadID: 4156)
[20:03:47.828] [INFO] 작업자 스레드 #4 생성됨
[20:03:47.828] [INFO] 작업자 스레드 시작 (ThreadID: 31088)
[20:03:47.828] [INFO] 작업자 스레드 #5 생성됨
[20:03:47.829] [INFO] 작업자 스레드 시작 (ThreadID: 8700)
[20:03:47.829] [INFO] 작업자 스레드 #6 생성됨
[20:03:47.829] [INFO] 작업자 스레드 시작 (ThreadID: 26996)
[20:03:47.829] [INFO] 작업자 스레드 #7 생성됨
[20:03:47.829] [INFO] 작업자 스레드 시작 (ThreadID: 6744)
[20:03:47.829] [INFO] 작업자 스레드 #8 생성됨
[20:03:47.830] [INFO] 작업자 스레드 시작 (ThreadID: 26744)
[20:03:47.830] [INFO] 작업자 스레드 #9 생성됨
[20:03:47.830] [INFO] 작업자 스레드 시작 (ThreadID: 13508)
[20:03:47.830] [INFO] 작업자 스레드 #10 생성됨
[20:03:47.830] [INFO] 작업자 스레드 시작 (ThreadID: 15336)
[20:03:47.831] [INFO] 작업자 스레드 #11 생성됨
[20:03:47.831] [INFO] 작업자 스레드 시작 (ThreadID: 30304)
[20:03:47.831] [INFO] 작업자 스레드 #12 생성됨
[20:03:47.831] [INFO] 작업자 스레드 시작 (ThreadID: 25948)
[20:03:47.831] [INFO] 작업자 스레드 #13 생성됨
[20:03:47.831] [INFO] 작업자 스레드 시작 (ThreadID: 11180)
[20:03:47.832] [INFO] 작업자 스레드 #14 생성됨
[20:03:47.832] [INFO] 작업자 스레드 시작 (ThreadID: 13436)
[20:03:47.832] [INFO] 작업자 스레드 #15 생성됨
[20:03:47.832] [INFO] 작업자 스레드 시작 (ThreadID: 8240)
[20:03:47.832] [INFO] 작업자 스레드 #16 생성됨
[20:03:47.832] [INFO] 작업자 스레드 시작 (ThreadID: 12492)
[20:03:47.833] [INFO] 작업자 스레드 #17 생성됨
[20:03:47.833] [INFO] 작업자 스레드 시작 (ThreadID: 23384)
[20:03:47.833] [INFO] 작업자 스레드 #18 생성됨
[20:03:47.833] [INFO] 작업자 스레드 시작 (ThreadID: 29020)
[20:03:47.833] [INFO] 작업자 스레드 #19 생성됨
[20:03:47.833] [INFO] 작업자 스레드 시작 (ThreadID: 7412)
[20:03:47.834] [INFO] 작업자 스레드 #20 생성됨
[20:03:47.834] [INFO] 작업자 스레드 시작 (ThreadID: 28812)
[20:03:47.834] [INFO] 작업자 스레드 #21 생성됨
[20:03:47.834] [INFO] 작업자 스레드 시작 (ThreadID: 9724)
[20:03:47.834] [INFO] 작업자 스레드 #22 생성됨
[20:03:47.835] [INFO] 작업자 스레드 시작 (ThreadID: 28972)
[20:03:47.835] [INFO] 작업자 스레드 #23 생성됨
[20:03:47.835] [INFO] 작업자 스레드 시작 (ThreadID: 25712)
[20:03:47.835] [INFO] 작업자 스레드 #24 생성됨
[20:03:47.835] [INFO] 작업자 스레드 시작 (ThreadID: 19296)
[20:03:47.835] [INFO] 작업자 스레드 #25 생성됨
[20:03:47.836] [INFO] 작업자 스레드 시작 (ThreadID: 3112)
[20:03:47.836] [INFO] 작업자 스레드 #26 생성됨
[20:03:47.836] [INFO] 작업자 스레드 시작 (ThreadID: 10652)
[20:03:47.836] [INFO] 작업자 스레드 #27 생성됨
[20:03:47.836] [INFO] 작업자 스레드 시작 (ThreadID: 18272)
[20:03:47.837] [INFO] 작업자 스레드 #28 생성됨
[20:03:47.837] [INFO] 작업자 스레드 시작 (ThreadID: 31572)
[20:03:47.837] [INFO] 작업자 스레드 #29 생성됨
[20:03:47.837] [INFO] 작업자 스레드 시작 (ThreadID: 32140)
[20:03:47.837] [INFO] 작업자 스레드 #30 생성됨
[20:03:47.838] [INFO] 작업자 스레드 시작 (ThreadID: 23884)
[20:03:47.838] [INFO] 작업자 스레드 #31 생성됨
[20:03:47.838] [INFO] 작업자 스레드 시작 (ThreadID: 31144)
[20:03:47.838] [INFO] 작업자 스레드 #32 생성됨
[20:03:47.838] [INFO] 작업자 스레드 시작 (ThreadID: 29880)
[20:03:47.838] [INFO] 서버 초기화 완료
[20:03:47.838] [INFO] 서버 실행. 포트 번호: 9000
[20:03:47.839] [INFO] IOCP 멀티플레이어 서버 시작됨...
[20:03:47.839] [INFO] 서버 실행 시작
[20:03:51.230] [INFO] 클라이언트 연결됨: 127.0.0.1:6381 (ID: 1)
[20:03:51.230] [INFO] 새 클라이언트에게 ID 1 전송됨
[20:03:51.231] [INFO] 새 플레이어 정보(ID: 1) 브로드캐스트 - 수신자 수: 0
[20:03:51.231] [INFO] 기존 플레이어 정보 0개가 새 클라이언트(ID: 1)에게 전송됨
[20:03:51.231] [INFO] 플레이어 위치 변경 - 클라이언트 ID: 1, 위치: X=0.000000, Y=0.000000, Z=90.000000
[20:03:51.231] [INFO] 서버 FPS: 0.589797, 평균 프레임 시간: 339.100006ms, 클라이언트 수: 1
[20:03:56.675] [INFO] 클라이언트가 정상적으로 연결 종료 - ID: 1
[20:03:56.675] [INFO] 클라이언트 연결 끊김 (ID: 1)
[20:03:56.675] [INFO] 클라이언트 연결 끊김 알림(ID: 1) - 수신자 수: 0
