[01:02:45.013] [INFO] 로깅 시스템 초기화됨
[01:02:45.013] [INFO] 서버 인스턴스 생성됨
[01:02:45.014] [INFO] 서버 초기화 시작 (포트: 9000)
[01:02:45.014] [INFO] 윈속 초기화 성공
[01:02:45.015] [INFO] 리스닝 소켓 생성 성공
[01:02:45.016] [INFO] 소켓 바인딩 성공 (포트: 9000)
[01:02:45.016] [INFO] 리스닝 시작됨
[01:02:45.016] [INFO] IOCP 생성 성공
[01:02:45.016] [INFO] CPU 코어 수: 16, 생성할 작업자 스레드: 32
[01:02:45.016] [INFO] 작업자 스레드 #1 생성됨
[01:02:45.017] [INFO] 작업자 스레드 시작 (ThreadID: 20792)
[01:02:45.017] [INFO] 작업자 스레드 #2 생성됨
[01:02:45.017] [INFO] 작업자 스레드 시작 (ThreadID: 26972)
[01:02:45.018] [INFO] 작업자 스레드 #3 생성됨
[01:02:45.018] [INFO] 작업자 스레드 시작 (ThreadID: 29216)
[01:02:45.018] [INFO] 작업자 스레드 #4 생성됨
[01:02:45.018] [INFO] 작업자 스레드 시작 (ThreadID: 6840)
[01:02:45.019] [INFO] 작업자 스레드 #5 생성됨
[01:02:45.019] [INFO] 작업자 스레드 시작 (ThreadID: 21600)
[01:02:45.019] [INFO] 작업자 스레드 #6 생성됨
[01:02:45.019] [INFO] 작업자 스레드 시작 (ThreadID: 29008)
[01:02:45.020] [INFO] 작업자 스레드 #7 생성됨
[01:02:45.020] [INFO] 작업자 스레드 시작 (ThreadID: 28904)
[01:02:45.020] [INFO] 작업자 스레드 #8 생성됨
[01:02:45.020] [INFO] 작업자 스레드 시작 (ThreadID: 7028)
[01:02:45.021] [INFO] 작업자 스레드 #9 생성됨
[01:02:45.021] [INFO] 작업자 스레드 시작 (ThreadID: 11344)
[01:02:45.021] [INFO] 작업자 스레드 #10 생성됨
[01:02:45.021] [INFO] 작업자 스레드 시작 (ThreadID: 33312)
[01:02:45.022] [INFO] 작업자 스레드 #11 생성됨
[01:02:45.022] [INFO] 작업자 스레드 시작 (ThreadID: 33720)
[01:02:45.022] [INFO] 작업자 스레드 #12 생성됨
[01:02:45.022] [INFO] 작업자 스레드 시작 (ThreadID: 34744)
[01:02:45.023] [INFO] 작업자 스레드 #13 생성됨
[01:02:45.023] [INFO] 작업자 스레드 시작 (ThreadID: 6768)
[01:02:45.023] [INFO] 작업자 스레드 #14 생성됨
[01:02:45.023] [INFO] 작업자 스레드 시작 (ThreadID: 33884)
[01:02:45.024] [INFO] 작업자 스레드 #15 생성됨
[01:02:45.024] [INFO] 작업자 스레드 시작 (ThreadID: 34192)
[01:02:45.024] [INFO] 작업자 스레드 #16 생성됨
[01:02:45.025] [INFO] 작업자 스레드 시작 (ThreadID: 22752)
[01:02:45.025] [INFO] 작업자 스레드 #17 생성됨
[01:02:45.025] [INFO] 작업자 스레드 시작 (ThreadID: 32056)
[01:02:45.025] [INFO] 작업자 스레드 #18 생성됨
[01:02:45.025] [INFO] 작업자 스레드 시작 (ThreadID: 23648)
[01:02:45.026] [INFO] 작업자 스레드 #19 생성됨
[01:02:45.026] [INFO] 작업자 스레드 시작 (ThreadID: 27344)
[01:02:45.026] [INFO] 작업자 스레드 #20 생성됨
[01:02:45.026] [INFO] 작업자 스레드 시작 (ThreadID: 28520)
[01:02:45.027] [INFO] 작업자 스레드 #21 생성됨
[01:02:45.027] [INFO] 작업자 스레드 시작 (ThreadID: 31800)
[01:02:45.027] [INFO] 작업자 스레드 #22 생성됨
[01:02:45.027] [INFO] 작업자 스레드 시작 (ThreadID: 23148)
[01:02:45.028] [INFO] 작업자 스레드 #23 생성됨
[01:02:45.028] [INFO] 작업자 스레드 시작 (ThreadID: 26324)
[01:02:45.028] [INFO] 작업자 스레드 #24 생성됨
[01:02:45.028] [INFO] 작업자 스레드 시작 (ThreadID: 30372)
[01:02:45.029] [INFO] 작업자 스레드 #25 생성됨
[01:02:45.029] [INFO] 작업자 스레드 시작 (ThreadID: 30856)
[01:02:45.029] [INFO] 작업자 스레드 #26 생성됨
[01:02:45.029] [INFO] 작업자 스레드 시작 (ThreadID: 33664)
[01:02:45.030] [INFO] 작업자 스레드 #27 생성됨
[01:02:45.030] [INFO] 작업자 스레드 시작 (ThreadID: 5880)
[01:02:45.030] [INFO] 작업자 스레드 #28 생성됨
[01:02:45.031] [INFO] 작업자 스레드 시작 (ThreadID: 26544)
[01:02:45.031] [INFO] 작업자 스레드 #29 생성됨
[01:02:45.031] [INFO] 작업자 스레드 시작 (ThreadID: 14832)
[01:02:45.031] [INFO] 작업자 스레드 #30 생성됨
[01:02:45.031] [INFO] 작업자 스레드 시작 (ThreadID: 31904)
[01:02:45.032] [INFO] 작업자 스레드 #31 생성됨
[01:02:45.032] [INFO] 작업자 스레드 시작 (ThreadID: 33204)
[01:02:45.032] [INFO] 작업자 스레드 #32 생성됨
[01:02:45.032] [INFO] 작업자 스레드 시작 (ThreadID: 31564)
[01:02:45.033] [INFO] 서버 초기화 완료
[01:02:45.033] [INFO] 서버 실행. 포트 번호: 9000
[01:02:45.033] [INFO] IOCP 멀티플레이어 서버 시작됨...
[01:02:45.033] [INFO] 서버 실행 시작
[01:02:54.049] [INFO] 클라이언트 연결됨: 127.0.0.1:5763 (ID: 1)
[01:02:54.050] [INFO] 새 클라이언트에게 ID 1 전송됨
[01:02:54.050] [INFO] 새 플레이어 정보(ID: 1) 브로드캐스트 - 수신자 수: 0
[01:02:54.050] [INFO] 기존 플레이어 정보 0개가 새 클라이언트(ID: 1)에게 전송됨
[01:02:54.050] [INFO] [서버] BroadcastPosition 준비 완료 - ClientId: 1, distMoved: 90.000000, State: 0, TimeSinceLastUpdate: 0.000000
[01:02:54.050] [INFO] [서버] BroadcastPosition 호출 - ClientId: 1, Position: (0.000000, 0.000000, 90.000000)
[01:02:54.050] [INFO] 서버 FPS: 0.221828, 평균 프레임 시간: 901.600037ms, 클라이언트 수: 1
[01:02:54.051] [INFO] 클라이언트 연결됨: 127.0.0.1:5764 (ID: 2)
[01:02:54.051] [INFO] 새 클라이언트에게 ID 2 전송됨
[01:02:54.051] [INFO] 새 플레이어 정보(ID: 2) 브로드캐스트 - 수신자 수: 1
[01:02:54.051] [INFO] 기존 플레이어 정보 1개가 새 클라이언트(ID: 2)에게 전송됨
[01:02:54.051] [WARNING] 비정상적으로 긴 델타 타임: 9.016000초
[01:02:54.051] [INFO] [서버] BroadcastPosition 준비 완료 - ClientId: 2, distMoved: 90.000000, State: 0, TimeSinceLastUpdate: 0.000000
[01:02:54.052] [INFO] [서버] BroadcastPosition 호출 - ClientId: 2, Position: (0.000000, 0.000000, 90.000000)
[01:02:54.052] [INFO] [서버] PositionUpdatePacket 전송 - From ClientId: 2 To ClientId: 1
