[03:25:50.446] [INFO] 로깅 시스템 초기화됨
[03:25:50.446] [INFO] 서버 인스턴스 생성됨
[03:25:50.447] [INFO] 서버 초기화 시작 (포트: 9000)
[03:25:50.447] [INFO] 윈속 초기화 성공
[03:25:50.448] [INFO] 리스닝 소켓 생성 성공
[03:25:50.448] [INFO] 소켓 바인딩 성공 (포트: 9000)
[03:25:50.448] [INFO] 리스닝 시작됨
[03:25:50.448] [INFO] IOCP 생성 성공
[03:25:50.448] [INFO] CPU 코어 수: 16, 생성할 작업자 스레드: 32
[03:25:50.449] [INFO] 작업자 스레드 #1 생성됨
[03:25:50.449] [INFO] 작업자 스레드 시작 (ThreadID: 2072)
[03:25:50.449] [INFO] 작업자 스레드 #2 생성됨
[03:25:50.449] [INFO] 작업자 스레드 시작 (ThreadID: 27252)
[03:25:50.449] [INFO] 작업자 스레드 #3 생성됨
[03:25:50.450] [INFO] 작업자 스레드 시작 (ThreadID: 26720)
[03:25:50.450] [INFO] 작업자 스레드 #4 생성됨
[03:25:50.450] [INFO] 작업자 스레드 시작 (ThreadID: 33452)
[03:25:50.450] [INFO] 작업자 스레드 #5 생성됨
[03:25:50.450] [INFO] 작업자 스레드 시작 (ThreadID: 36940)
[03:25:50.450] [INFO] 작업자 스레드 #6 생성됨
[03:25:50.451] [INFO] 작업자 스레드 시작 (ThreadID: 6092)
[03:25:50.451] [INFO] 작업자 스레드 #7 생성됨
[03:25:50.451] [INFO] 작업자 스레드 시작 (ThreadID: 35536)
[03:25:50.451] [INFO] 작업자 스레드 #8 생성됨
[03:25:50.451] [INFO] 작업자 스레드 시작 (ThreadID: 24984)
[03:25:50.451] [INFO] 작업자 스레드 #9 생성됨
[03:25:50.451] [INFO] 작업자 스레드 시작 (ThreadID: 7624)
[03:25:50.452] [INFO] 작업자 스레드 #10 생성됨
[03:25:50.452] [INFO] 작업자 스레드 시작 (ThreadID: 23976)
[03:25:50.452] [INFO] 작업자 스레드 #11 생성됨
[03:25:50.452] [INFO] 작업자 스레드 시작 (ThreadID: 30988)
[03:25:50.452] [INFO] 작업자 스레드 #12 생성됨
[03:25:50.452] [INFO] 작업자 스레드 시작 (ThreadID: 27768)
[03:25:50.453] [INFO] 작업자 스레드 #13 생성됨
[03:25:50.453] [INFO] 작업자 스레드 시작 (ThreadID: 12836)
[03:25:50.453] [INFO] 작업자 스레드 #14 생성됨
[03:25:50.453] [INFO] 작업자 스레드 시작 (ThreadID: 32548)
[03:25:50.453] [INFO] 작업자 스레드 #15 생성됨
[03:25:50.453] [INFO] 작업자 스레드 시작 (ThreadID: 29180)
[03:25:50.454] [INFO] 작업자 스레드 #16 생성됨
[03:25:50.454] [INFO] 작업자 스레드 시작 (ThreadID: 33812)
[03:25:50.454] [INFO] 작업자 스레드 #17 생성됨
[03:25:50.454] [INFO] 작업자 스레드 시작 (ThreadID: 31860)
[03:25:50.454] [INFO] 작업자 스레드 #18 생성됨
[03:25:50.454] [INFO] 작업자 스레드 시작 (ThreadID: 23480)
[03:25:50.454] [INFO] 작업자 스레드 #19 생성됨
[03:25:50.455] [INFO] 작업자 스레드 시작 (ThreadID: 33740)
[03:25:50.455] [INFO] 작업자 스레드 #20 생성됨
[03:25:50.455] [INFO] 작업자 스레드 시작 (ThreadID: 33640)
[03:25:50.455] [INFO] 작업자 스레드 #21 생성됨
[03:25:50.455] [INFO] 작업자 스레드 시작 (ThreadID: 18832)
[03:25:50.455] [INFO] 작업자 스레드 #22 생성됨
[03:25:50.456] [INFO] 작업자 스레드 시작 (ThreadID: 27892)
[03:25:50.456] [INFO] 작업자 스레드 #23 생성됨
[03:25:50.456] [INFO] 작업자 스레드 시작 (ThreadID: 20256)
[03:25:50.456] [INFO] 작업자 스레드 #24 생성됨
[03:25:50.456] [INFO] 작업자 스레드 시작 (ThreadID: 33232)
[03:25:50.456] [INFO] 작업자 스레드 #25 생성됨
[03:25:50.456] [INFO] 작업자 스레드 시작 (ThreadID: 12172)
[03:25:50.457] [INFO] 작업자 스레드 #26 생성됨
[03:25:50.457] [INFO] 작업자 스레드 시작 (ThreadID: 36684)
[03:25:50.457] [INFO] 작업자 스레드 #27 생성됨
[03:25:50.457] [INFO] 작업자 스레드 시작 (ThreadID: 1812)
[03:25:50.457] [INFO] 작업자 스레드 #28 생성됨
[03:25:50.457] [INFO] 작업자 스레드 시작 (ThreadID: 34312)
[03:25:50.458] [INFO] 작업자 스레드 #29 생성됨
[03:25:50.458] [INFO] 작업자 스레드 시작 (ThreadID: 25700)
[03:25:50.458] [INFO] 작업자 스레드 #30 생성됨
[03:25:50.458] [INFO] 작업자 스레드 시작 (ThreadID: 32444)
[03:25:50.458] [INFO] 작업자 스레드 #31 생성됨
[03:25:50.458] [INFO] 작업자 스레드 시작 (ThreadID: 33280)
[03:25:50.458] [INFO] 작업자 스레드 #32 생성됨
[03:25:50.459] [INFO] 작업자 스레드 시작 (ThreadID: 35980)
[03:25:50.459] [INFO] 서버 초기화 완료
[03:25:50.459] [INFO] 서버 실행. 포트 번호: 9000
[03:25:50.459] [INFO] IOCP 멀티플레이어 서버 시작됨...
[03:25:50.459] [INFO] 서버 실행 시작
[03:25:53.810] [INFO] 클라이언트 연결됨: 127.0.0.1:7340 (ID: 1)
[03:25:53.810] [INFO] 새 클라이언트에게 ID 1 전송됨
[03:25:53.810] [INFO] 새 플레이어 정보(ID: 1) 브로드캐스트 - 수신자 수: 0
[03:25:53.811] [INFO] 기존 플레이어 정보 0개가 새 클라이언트(ID: 1)에게 전송됨
[03:25:53.811] [WARNING] 클라이언트 Ping 타임아웃 발생 - ID: 1
[03:25:54.142] [WARNING] 잘못된 패킷 타입: 5, 클라이언트 ID: 1
[03:25:54.476] [WARNING] 잘못된 패킷 타입: 5, 클라이언트 ID: 1
[03:25:54.809] [WARNING] 잘못된 패킷 타입: 5, 클라이언트 ID: 1
[03:25:55.142] [WARNING] 잘못된 패킷 타입: 5, 클라이언트 ID: 1
[03:25:55.476] [WARNING] 잘못된 패킷 타입: 5, 클라이언트 ID: 1
[03:25:55.809] [WARNING] 잘못된 패킷 타입: 5, 클라이언트 ID: 1
[03:25:56.142] [WARNING] 잘못된 패킷 타입: 5, 클라이언트 ID: 1
[03:25:56.476] [WARNING] 잘못된 패킷 타입: 5, 클라이언트 ID: 1
[03:25:56.809] [WARNING] 잘못된 패킷 타입: 5, 클라이언트 ID: 1
[03:25:57.142] [WARNING] 잘못된 패킷 타입: 5, 클라이언트 ID: 1
