[15:10:09.635] [INFO] 로깅 시스템 초기화됨
[15:10:09.635] [INFO] 서버 인스턴스 생성됨
[15:10:09.635] [INFO] 서버 초기화 시작 (포트: 9000)
[15:10:09.636] [INFO] 윈속 초기화 성공
[15:10:09.637] [INFO] 리스닝 소켓 생성 성공
[15:10:09.638] [INFO] 소켓 바인딩 성공 (포트: 9000)
[15:10:09.638] [INFO] 리스닝 시작됨
[15:10:09.638] [INFO] IOCP 생성 성공
[15:10:09.638] [INFO] CPU 코어 수: 16, 생성할 작업자 스레드: 16
[15:10:09.639] [INFO] 작업자 스레드 #1 생성됨
[15:10:09.639] [INFO] 작업자 스레드 시작 (ThreadID: 36764)
[15:10:09.639] [INFO] 작업자 스레드 #2 생성됨
[15:10:09.639] [INFO] 작업자 스레드 시작 (ThreadID: 24160)
[15:10:09.640] [INFO] 작업자 스레드 #3 생성됨
[15:10:09.640] [INFO] 작업자 스레드 시작 (ThreadID: 45032)
[15:10:09.640] [INFO] 작업자 스레드 #4 생성됨
[15:10:09.641] [INFO] 작업자 스레드 시작 (ThreadID: 42888)
[15:10:09.641] [INFO] 작업자 스레드 #5 생성됨
[15:10:09.641] [INFO] 작업자 스레드 시작 (ThreadID: 44116)
[15:10:09.641] [INFO] 작업자 스레드 #6 생성됨
[15:10:09.642] [INFO] 작업자 스레드 시작 (ThreadID: 20840)
[15:10:09.642] [INFO] 작업자 스레드 #7 생성됨
[15:10:09.642] [INFO] 작업자 스레드 시작 (ThreadID: 17132)
[15:10:09.642] [INFO] 작업자 스레드 #8 생성됨
[15:10:09.643] [INFO] 작업자 스레드 시작 (ThreadID: 41928)
[15:10:09.643] [INFO] 작업자 스레드 #9 생성됨
[15:10:09.643] [INFO] 작업자 스레드 시작 (ThreadID: 6952)
[15:10:09.643] [INFO] 작업자 스레드 #10 생성됨
[15:10:09.644] [INFO] 작업자 스레드 시작 (ThreadID: 23788)
[15:10:09.644] [INFO] 작업자 스레드 #11 생성됨
[15:10:09.644] [INFO] 작업자 스레드 시작 (ThreadID: 30044)
[15:10:09.644] [INFO] 작업자 스레드 #12 생성됨
[15:10:09.645] [INFO] 작업자 스레드 시작 (ThreadID: 9984)
[15:10:09.645] [INFO] 작업자 스레드 #13 생성됨
[15:10:09.645] [INFO] 작업자 스레드 시작 (ThreadID: 38948)
[15:10:09.645] [INFO] 작업자 스레드 #14 생성됨
[15:10:09.646] [INFO] 작업자 스레드 시작 (ThreadID: 14636)
[15:10:09.646] [INFO] 작업자 스레드 #15 생성됨
[15:10:09.646] [INFO] 작업자 스레드 시작 (ThreadID: 15236)
[15:10:09.646] [INFO] 작업자 스레드 #16 생성됨
[15:10:09.646] [INFO] 서버 초기화 완료
[15:10:09.647] [INFO] 서버 실행. 포트 번호: 9000
[15:10:09.647] [INFO] 작업자 스레드 시작 (ThreadID: 39452)
[15:10:09.647] [INFO] IOCP 멀티플레이어 서버 시작됨...
[15:10:09.647] [INFO] 서버 실행 시작
[15:10:13.342] [DEBUG] [SendPacket] WSASend 요청 성공 - 컨텍스트: SendClientId, 보낸 크기: 7, 클라이언트 ID: 1
[15:10:13.343] [INFO] 새 클라이언트에게 ID 1 전송됨
[15:10:13.343] [DEBUG] [SendPacket] WSASend 요청 성공 - 컨텍스트: SendInitialPosition, 보낸 크기: 32, 클라이언트 ID: 1
[15:10:13.344] [INFO] 초기 위치 정보 전송됨 - 클라이언트 ID: 1, 위치: X=0.000000, Y=0.000000, Z=90.000000
[15:10:13.344] [INFO] 새 플레이어 정보(ID: 1) 브로드캐스트 - 수신자 수: 0
[15:10:13.345] [INFO] 기존 플레이어 정보 0개가 새 클라이언트(ID: 1)에게 전송됨
[15:10:13.345] [INFO] 위치 업데이트 - 클라이언트 ID: 1, 위치: X=0.000000, Y=0.000000, Z=90.000000, 속도: X=0.000000, Y=0.000000, Z=0.000000
[15:10:13.345] [INFO] 서버 FPS: 0.540103, 평균 프레임 시간: 370.300018ms, 클라이언트 수: 1
[15:10:14.340] [DEBUG] 데이터 수신: 11 바이트, 클라이언트 ID: 1
[15:10:14.340] [DEBUG] [ProcessPacket] Ping 수신, ClientId: 1
[15:10:14.340] [DEBUG] [SendPacket] WSASend 요청 성공 - 컨텍스트: ServerPong, 보낸 크기: 11, 클라이언트 ID: 1
[15:10:14.341] [INFO] [Packet] Pong 전송 - ClientId: 1
[15:10:15.340] [DEBUG] 데이터 수신: 11 바이트, 클라이언트 ID: 1
[15:10:15.340] [DEBUG] [ProcessPacket] Ping 수신, ClientId: 1
[15:10:15.341] [DEBUG] [SendPacket] WSASend 요청 성공 - 컨텍스트: ServerPong, 보낸 크기: 11, 클라이언트 ID: 1
[15:10:15.341] [INFO] [Packet] Pong 전송 - ClientId: 1
[15:10:16.340] [DEBUG] 데이터 수신: 11 바이트, 클라이언트 ID: 1
[15:10:16.341] [DEBUG] [ProcessPacket] Ping 수신, ClientId: 1
[15:10:16.342] [DEBUG] [SendPacket] WSASend 요청 성공 - 컨텍스트: ServerPong, 보낸 크기: 11, 클라이언트 ID: 1
[15:10:16.342] [INFO] [Packet] Pong 전송 - ClientId: 1
[15:10:17.340] [DEBUG] 데이터 수신: 11 바이트, 클라이언트 ID: 1
[15:10:17.341] [DEBUG] [ProcessPacket] Ping 수신, ClientId: 1
[15:10:17.341] [DEBUG] [SendPacket] WSASend 요청 성공 - 컨텍스트: ServerPong, 보낸 크기: 11, 클라이언트 ID: 1
[15:10:17.341] [INFO] [Packet] Pong 전송 - ClientId: 1
[15:10:18.341] [DEBUG] 데이터 수신: 11 바이트, 클라이언트 ID: 1
[15:10:18.342] [DEBUG] [ProcessPacket] Ping 수신, ClientId: 1
[15:10:18.343] [DEBUG] [SendPacket] WSASend 요청 성공 - 컨텍스트: ServerPong, 보낸 크기: 11, 클라이언트 ID: 1
[15:10:18.343] [INFO] [Packet] Pong 전송 - ClientId: 1
[15:10:19.340] [DEBUG] 데이터 수신: 11 바이트, 클라이언트 ID: 1
[15:10:19.341] [DEBUG] [ProcessPacket] Ping 수신, ClientId: 1
[15:10:19.341] [DEBUG] [SendPacket] WSASend 요청 성공 - 컨텍스트: ServerPong, 보낸 크기: 11, 클라이언트 ID: 1
[15:10:19.341] [INFO] [Packet] Pong 전송 - ClientId: 1
[15:10:20.340] [DEBUG] 데이터 수신: 11 바이트, 클라이언트 ID: 1
[15:10:20.341] [DEBUG] [ProcessPacket] Ping 수신, ClientId: 1
[15:10:20.341] [DEBUG] [SendPacket] WSASend 요청 성공 - 컨텍스트: ServerPong, 보낸 크기: 11, 클라이언트 ID: 1
[15:10:20.342] [INFO] [Packet] Pong 전송 - ClientId: 1
[15:10:21.341] [DEBUG] 데이터 수신: 11 바이트, 클라이언트 ID: 1
[15:10:21.341] [DEBUG] [ProcessPacket] Ping 수신, ClientId: 1
[15:10:21.342] [DEBUG] [SendPacket] WSASend 요청 성공 - 컨텍스트: ServerPong, 보낸 크기: 11, 클라이언트 ID: 1
[15:10:21.342] [INFO] [Packet] Pong 전송 - ClientId: 1
[15:10:22.342] [DEBUG] 데이터 수신: 11 바이트, 클라이언트 ID: 1
[15:10:22.342] [DEBUG] [ProcessPacket] Ping 수신, ClientId: 1
[15:10:22.343] [DEBUG] [SendPacket] WSASend 요청 성공 - 컨텍스트: ServerPong, 보낸 크기: 11, 클라이언트 ID: 1
[15:10:22.344] [INFO] [Packet] Pong 전송 - ClientId: 1
[15:10:23.342] [DEBUG] 데이터 수신: 11 바이트, 클라이언트 ID: 1
[15:10:23.342] [DEBUG] [ProcessPacket] Ping 수신, ClientId: 1
[15:10:23.342] [DEBUG] [SendPacket] WSASend 요청 성공 - 컨텍스트: ServerPong, 보낸 크기: 11, 클라이언트 ID: 1
[15:10:23.343] [INFO] [Packet] Pong 전송 - ClientId: 1
[15:10:24.343] [DEBUG] 데이터 수신: 11 바이트, 클라이언트 ID: 1
[15:10:24.343] [DEBUG] [ProcessPacket] Ping 수신, ClientId: 1
[15:10:24.343] [DEBUG] [SendPacket] WSASend 요청 성공 - 컨텍스트: ServerPong, 보낸 크기: 11, 클라이언트 ID: 1
[15:10:24.344] [INFO] [Packet] Pong 전송 - ClientId: 1
[15:10:25.343] [DEBUG] 데이터 수신: 11 바이트, 클라이언트 ID: 1
[15:10:25.343] [DEBUG] [ProcessPacket] Ping 수신, ClientId: 1
[15:10:25.344] [DEBUG] [SendPacket] WSASend 요청 성공 - 컨텍스트: ServerPong, 보낸 크기: 11, 클라이언트 ID: 1
[15:10:25.344] [INFO] [Packet] Pong 전송 - ClientId: 1
[15:10:26.344] [DEBUG] 데이터 수신: 11 바이트, 클라이언트 ID: 1
[15:10:26.344] [DEBUG] [ProcessPacket] Ping 수신, ClientId: 1
[15:10:26.345] [DEBUG] [SendPacket] WSASend 요청 성공 - 컨텍스트: ServerPong, 보낸 크기: 11, 클라이언트 ID: 1
[15:10:26.345] [INFO] [Packet] Pong 전송 - ClientId: 1
[15:10:27.343] [DEBUG] 데이터 수신: 11 바이트, 클라이언트 ID: 1
[15:10:27.343] [DEBUG] [ProcessPacket] Ping 수신, ClientId: 1
[15:10:27.343] [DEBUG] [SendPacket] WSASend 요청 성공 - 컨텍스트: ServerPong, 보낸 크기: 11, 클라이언트 ID: 1
[15:10:27.344] [INFO] [Packet] Pong 전송 - ClientId: 1
[15:10:28.342] [DEBUG] 데이터 수신: 11 바이트, 클라이언트 ID: 1
[15:10:28.343] [DEBUG] [ProcessPacket] Ping 수신, ClientId: 1
[15:10:28.343] [DEBUG] [SendPacket] WSASend 요청 성공 - 컨텍스트: ServerPong, 보낸 크기: 11, 클라이언트 ID: 1
[15:10:28.343] [INFO] [Packet] Pong 전송 - ClientId: 1
