[17:42:23.348] [INFO] 로깅 시스템 초기화됨
[17:42:23.348] [INFO] 서버 인스턴스 생성됨
[17:42:23.348] [INFO] 서버 초기화 시작 (포트: 9000)
[17:42:23.349] [INFO] 윈속 초기화 성공
[17:42:23.350] [INFO] 리스닝 소켓 생성 성공
[17:42:23.350] [INFO] 소켓 바인딩 성공 (포트: 9000)
[17:42:23.350] [INFO] 리스닝 시작됨
[17:42:23.350] [INFO] IOCP 생성 성공
[17:42:23.351] [INFO] CPU 코어 수: 16, 생성할 작업자 스레드: 16
[17:42:23.351] [INFO] 작업자 스레드 #1 생성됨
[17:42:23.351] [INFO] 작업자 스레드 시작 (ThreadID: 35492)
[17:42:23.351] [INFO] 작업자 스레드 #2 생성됨
[17:42:23.351] [INFO] 작업자 스레드 시작 (ThreadID: 4192)
[17:42:23.352] [INFO] 작업자 스레드 #3 생성됨
[17:42:23.352] [INFO] 작업자 스레드 시작 (ThreadID: 5304)
[17:42:23.352] [INFO] 작업자 스레드 #4 생성됨
[17:42:23.352] [INFO] 작업자 스레드 시작 (ThreadID: 29184)
[17:42:23.352] [INFO] 작업자 스레드 #5 생성됨
[17:42:23.353] [INFO] 작업자 스레드 시작 (ThreadID: 15804)
[17:42:23.353] [INFO] 작업자 스레드 #6 생성됨
[17:42:23.353] [INFO] 작업자 스레드 시작 (ThreadID: 16632)
[17:42:23.353] [INFO] 작업자 스레드 #7 생성됨
[17:42:23.354] [INFO] 작업자 스레드 시작 (ThreadID: 32216)
[17:42:23.354] [INFO] 작업자 스레드 #8 생성됨
[17:42:23.354] [INFO] 작업자 스레드 시작 (ThreadID: 29188)
[17:42:23.354] [INFO] 작업자 스레드 #9 생성됨
[17:42:23.354] [INFO] 작업자 스레드 시작 (ThreadID: 27728)
[17:42:23.355] [INFO] 작업자 스레드 #10 생성됨
[17:42:23.355] [INFO] 작업자 스레드 시작 (ThreadID: 8916)
[17:42:23.355] [INFO] 작업자 스레드 #11 생성됨
[17:42:23.355] [INFO] 작업자 스레드 시작 (ThreadID: 31040)
[17:42:23.355] [INFO] 작업자 스레드 #12 생성됨
[17:42:23.356] [INFO] 작업자 스레드 시작 (ThreadID: 37280)
[17:42:23.356] [INFO] 작업자 스레드 #13 생성됨
[17:42:23.356] [INFO] 작업자 스레드 시작 (ThreadID: 33136)
[17:42:23.356] [INFO] 작업자 스레드 #14 생성됨
[17:42:23.356] [INFO] 작업자 스레드 시작 (ThreadID: 10356)
[17:42:23.356] [INFO] 작업자 스레드 #15 생성됨
[17:42:23.357] [INFO] 작업자 스레드 시작 (ThreadID: 24208)
[17:42:23.357] [INFO] 작업자 스레드 #16 생성됨
[17:42:23.357] [INFO] 서버 초기화 완료
[17:42:23.357] [INFO] 서버 실행. 포트 번호: 9000
[17:42:23.357] [INFO] IOCP 멀티플레이어 서버 시작됨...
[17:42:23.357] [INFO] 서버 실행 시작
[17:42:23.358] [INFO] 작업자 스레드 시작 (ThreadID: 5556)
[17:42:23.358] [INFO] listenSocket 논블로킹 설정 성공
[17:42:24.372] [INFO] 서버 FPS: 34.482758, 평균 프레임 시간: 0.000000ms, 클라이언트 수: 0
[17:42:25.385] [INFO] 서버 FPS: 32.480316, 평균 프레임 시간: 0.000000ms, 클라이언트 수: 0
[17:42:26.396] [INFO] 서버 FPS: 34.448818, 평균 프레임 시간: 0.000000ms, 클라이언트 수: 0
[17:42:27.426] [INFO] 서버 FPS: 32.977692, 평균 프레임 시간: 0.000000ms, 클라이언트 수: 0
[17:42:28.453] [INFO] 서버 FPS: 35.467979, 평균 프레임 시간: 0.000000ms, 클라이언트 수: 0
[17:42:29.464] [INFO] 서버 FPS: 33.464565, 평균 프레임 시간: 0.049445ms, 클라이언트 수: 0
[17:42:30.474] [INFO] 서버 FPS: 33.464565, 평균 프레임 시간: 0.001375ms, 클라이언트 수: 0
[17:42:31.502] [INFO] 서버 FPS: 32.007759, 평균 프레임 시간: 0.000042ms, 클라이언트 수: 0
[17:42:32.032] [INFO] 새 클라이언트에게 ID 1 전송됨
[17:42:32.033] [INFO] 새 플레이어 정보(ID: 1) 브로드캐스트 - 수신자 수: 0
[17:42:32.033] [INFO] 기존 플레이어 정보 0개가 새 클라이언트(ID: 1)에게 전송됨
[17:42:32.037] [WARNING] 처리되지 않은 패킷 타입: 2, 클라이언트 ID: 1
[17:42:32.047] [INFO] 새 클라이언트에게 ID 2 전송됨
[17:42:32.048] [INFO] 새 플레이어 정보(ID: 2) 브로드캐스트 - 수신자 수: 1
[17:42:32.048] [INFO] 기존 플레이어 정보 1개가 새 클라이언트(ID: 2)에게 전송됨
[17:42:32.048] [WARNING] 처리되지 않은 패킷 타입: 2, 클라이언트 ID: 2
[17:42:32.529] [INFO] 서버 FPS: 34.448818, 평균 프레임 시간: 0.277954ms, 클라이언트 수: 2
[17:42:33.543] [INFO] 서버 FPS: 33.497536, 평균 프레임 시간: 0.007731ms, 클라이언트 수: 2
[17:42:34.554] [INFO] 서버 FPS: 32.480316, 평균 프레임 시간: 0.000239ms, 클라이언트 수: 2
[17:42:35.584] [INFO] 서버 FPS: 32.977692, 평균 프레임 시간: 0.000007ms, 클라이언트 수: 2
[17:42:36.611] [INFO] 서버 FPS: 32.977692, 평균 프레임 시간: 0.000000ms, 클라이언트 수: 2
[17:42:37.033] [WARNING] 클라이언트 Ping 타임아웃 발생 - ID: 1, 마지막 Ping 후 경과 시간: 5.013672초
[17:42:37.034] [INFO] 클라이언트 연결 끊김 (ID: 1)
[17:42:37.034] [INFO] 클라이언트가 정상적으로 연결 종료함 - ID: 1
[17:42:37.034] [INFO] 클라이언트 연결 끊김 알림(ID: 1) - 수신자 수: 1
[17:42:37.034] [WARNING] 존재하지 않는 클라이언트 ID를 제거하려고 시도: 1
[17:42:37.064] [WARNING] 클라이언트 Ping 타임아웃 발생 - ID: 2, 마지막 Ping 후 경과 시간: 5.029297초
[17:42:37.064] [INFO] 클라이언트 연결 끊김 (ID: 2)
[17:42:37.065] [INFO] 클라이언트 연결 끊김 알림(ID: 2) - 수신자 수: 0
[17:42:37.065] [INFO] 클라이언트가 정상적으로 연결 종료함 - ID: 2
[17:42:37.065] [WARNING] 존재하지 않는 클라이언트 ID를 제거하려고 시도: 2
[17:42:37.638] [INFO] 서버 FPS: 33.464565, 평균 프레임 시간: 0.000000ms, 클라이언트 수: 0
[17:42:38.648] [INFO] 서버 FPS: 33.464565, 평균 프레임 시간: 0.000000ms, 클라이언트 수: 0
[17:42:39.676] [INFO] 서버 FPS: 32.977692, 평균 프레임 시간: 0.000000ms, 클라이언트 수: 0
[17:42:40.703] [INFO] 서버 FPS: 33.497536, 평균 프레임 시간: 0.000000ms, 클라이언트 수: 0
[17:42:41.728] [INFO] 서버 FPS: 32.945736, 평균 프레임 시간: 0.000000ms, 클라이언트 수: 0
[17:42:42.756] [INFO] 서버 FPS: 32.977692, 평균 프레임 시간: 0.000000ms, 클라이언트 수: 0
[17:42:43.563] [INFO] 새 클라이언트에게 ID 3 전송됨
[17:42:43.563] [INFO] 새 플레이어 정보(ID: 3) 브로드캐스트 - 수신자 수: 0
[17:42:43.563] [INFO] 기존 플레이어 정보 0개가 새 클라이언트(ID: 3)에게 전송됨
[17:42:43.594] [INFO] 새 클라이언트에게 ID 4 전송됨
[17:42:43.595] [INFO] 새 플레이어 정보(ID: 4) 브로드캐스트 - 수신자 수: 1
[17:42:43.595] [INFO] 기존 플레이어 정보 1개가 새 클라이언트(ID: 4)에게 전송됨
[17:42:43.755] [WARNING] 처리되지 않은 패킷 타입: 2, 클라이언트 ID: 3
[17:42:43.757] [WARNING] 처리되지 않은 패킷 타입: 2, 클라이언트 ID: 4
[17:42:43.780] [INFO] 서버 FPS: 34.448818, 평균 프레임 시간: 0.850305ms, 클라이언트 수: 2
[17:42:44.791] [INFO] 서버 FPS: 32.512314, 평균 프레임 시간: 0.026277ms, 클라이언트 수: 2
[17:42:45.818] [INFO] 서버 FPS: 32.977692, 평균 프레임 시간: 0.000731ms, 클라이언트 수: 2
[17:42:46.851] [INFO] 서버 FPS: 32.945736, 평균 프레임 시간: 0.000020ms, 클라이언트 수: 2
[17:42:46.920] [WARNING] 처리되지 않은 패킷 타입: 2, 클라이언트 ID: 3
[17:42:47.329] [WARNING] 처리되지 않은 패킷 타입: 2, 클라이언트 ID: 3
[17:42:47.507] [WARNING] 처리되지 않은 패킷 타입: 2, 클라이언트 ID: 3
[17:42:47.854] [WARNING] 처리되지 않은 패킷 타입: 2, 클라이언트 ID: 3
[17:42:47.889] [INFO] 서버 FPS: 32.977692, 평균 프레임 시간: 0.000001ms, 클라이언트 수: 2
[17:42:48.429] [WARNING] 처리되지 않은 패킷 타입: 2, 클라이언트 ID: 3
[17:42:48.573] [WARNING] 클라이언트 Ping 타임아웃 발생 - ID: 3, 마지막 Ping 후 경과 시간: 5.013672초
[17:42:48.573] [INFO] 클라이언트 연결 끊김 (ID: 3)
[17:42:48.574] [INFO] 클라이언트가 정상적으로 연결 종료함 - ID: 3
[17:42:48.574] [INFO] 클라이언트 연결 끊김 알림(ID: 3) - 수신자 수: 1
[17:42:48.574] [WARNING] 존재하지 않는 클라이언트 ID를 제거하려고 시도: 3
[17:42:48.604] [WARNING] 클라이언트 Ping 타임아웃 발생 - ID: 4, 마지막 Ping 후 경과 시간: 5.015625초
[17:42:48.604] [INFO] 클라이언트 연결 끊김 (ID: 4)
[17:42:48.605] [INFO] 클라이언트 연결 끊김 알림(ID: 4) - 수신자 수: 0
[17:42:48.605] [INFO] 클라이언트가 정상적으로 연결 종료함 - ID: 4
[17:42:48.605] [WARNING] 존재하지 않는 클라이언트 ID를 제거하려고 시도: 4
[17:42:48.914] [INFO] 서버 FPS: 32.977692, 평균 프레임 시간: 0.000000ms, 클라이언트 수: 0
[17:42:49.938] [INFO] 서버 FPS: 32.480316, 평균 프레임 시간: 0.000000ms, 클라이언트 수: 0
[17:42:50.949] [INFO] 서버 FPS: 33.497536, 평균 프레임 시간: 0.000000ms, 클라이언트 수: 0
[17:42:51.975] [INFO] 서버 FPS: 31.976744, 평균 프레임 시간: 0.000000ms, 클라이언트 수: 0
[17:42:52.999] [INFO] 서버 FPS: 34.482758, 평균 프레임 시간: 0.000000ms, 클라이언트 수: 0
[17:42:54.028] [INFO] 서버 FPS: 33.914730, 평균 프레임 시간: 0.000000ms, 클라이언트 수: 0
[17:42:55.036] [INFO] 서버 FPS: 32.512314, 평균 프레임 시간: 0.000000ms, 클라이언트 수: 0
[17:42:56.079] [INFO] 서버 FPS: 33.947624, 평균 프레임 시간: 0.000000ms, 클라이언트 수: 0
[17:42:57.087] [INFO] 서버 FPS: 32.480316, 평균 프레임 시간: 0.000000ms, 클라이언트 수: 0
[17:42:58.113] [INFO] 서버 FPS: 32.977692, 평균 프레임 시간: 0.000000ms, 클라이언트 수: 0
[17:42:59.128] [INFO] 서버 FPS: 34.448818, 평균 프레임 시간: 0.000000ms, 클라이언트 수: 0
[17:43:00.143] [INFO] 서버 FPS: 34.448818, 평균 프레임 시간: 0.000000ms, 클라이언트 수: 0
[17:43:01.166] [INFO] 서버 FPS: 33.497536, 평균 프레임 시간: 0.000000ms, 클라이언트 수: 0
[17:43:02.195] [INFO] 서버 FPS: 33.947624, 평균 프레임 시간: 0.000000ms, 클라이언트 수: 0
[17:42:57.830] [INFO] 서버 FPS: 32.480316, 평균 프레임 시간: 0.000000ms, 클라이언트 수: 0
[17:42:58.860] [INFO] 서버 FPS: 32.007759, 평균 프레임 시간: 0.000000ms, 클라이언트 수: 0
[17:42:59.883] [INFO] 서버 FPS: 31.976744, 평균 프레임 시간: 0.000000ms, 클라이언트 수: 0
[17:43:00.911] [INFO] 서버 FPS: 32.007759, 평균 프레임 시간: 0.000000ms, 클라이언트 수: 0
[17:43:01.956] [INFO] 서버 FPS: 33.947624, 평균 프레임 시간: 0.000000ms, 클라이언트 수: 0
[17:43:02.969] [INFO] 서버 FPS: 32.480316, 평균 프레임 시간: 0.000000ms, 클라이언트 수: 0
[17:43:03.998] [INFO] 서버 FPS: 32.977692, 평균 프레임 시간: 0.000000ms, 클라이언트 수: 0
[17:43:05.020] [INFO] 서버 FPS: 32.007759, 평균 프레임 시간: 0.000000ms, 클라이언트 수: 0
[17:43:06.036] [INFO] 서버 FPS: 33.464565, 평균 프레임 시간: 0.000000ms, 클라이언트 수: 0
[17:43:07.062] [INFO] 서버 FPS: 32.512314, 평균 프레임 시간: 0.000000ms, 클라이언트 수: 0
[17:43:08.091] [INFO] 서버 FPS: 31.976744, 평균 프레임 시간: 0.000000ms, 클라이언트 수: 0
[17:43:09.119] [INFO] 서버 FPS: 32.007759, 평균 프레임 시간: 0.000000ms, 클라이언트 수: 0
[17:43:10.158] [INFO] 서버 FPS: 32.977692, 평균 프레임 시간: 0.000000ms, 클라이언트 수: 0
[17:43:11.186] [INFO] 서버 FPS: 32.007759, 평균 프레임 시간: 0.000000ms, 클라이언트 수: 0
[17:43:12.215] [INFO] 서버 FPS: 32.945736, 평균 프레임 시간: 0.000000ms, 클라이언트 수: 0
[17:43:13.226] [INFO] 서버 FPS: 32.512314, 평균 프레임 시간: 0.000000ms, 클라이언트 수: 0
[17:43:14.239] [INFO] 서버 FPS: 32.480316, 평균 프레임 시간: 0.000000ms, 클라이언트 수: 0
[17:43:15.278] [INFO] 서버 FPS: 33.947624, 평균 프레임 시간: 0.000000ms, 클라이언트 수: 0
[17:43:16.289] [INFO] 서버 FPS: 32.480316, 평균 프레임 시간: 0.000000ms, 클라이언트 수: 0
[17:43:17.301] [INFO] 서버 FPS: 32.512314, 평균 프레임 시간: 0.000000ms, 클라이언트 수: 0
[17:43:18.345] [INFO] 서버 FPS: 32.945736, 평균 프레임 시간: 0.000000ms, 클라이언트 수: 0
[17:43:19.373] [INFO] 서버 FPS: 32.977692, 평균 프레임 시간: 0.000000ms, 클라이언트 수: 0
[17:43:20.400] [INFO] 서버 FPS: 33.947624, 평균 프레임 시간: 0.000000ms, 클라이언트 수: 0
[17:43:21.428] [INFO] 서버 FPS: 34.917557, 평균 프레임 시간: 0.000000ms, 클라이언트 수: 0
[17:43:22.455] [INFO] 서버 FPS: 32.480316, 평균 프레임 시간: 0.000000ms, 클라이언트 수: 0
[17:43:23.460] [INFO] 서버 FPS: 32.480316, 평균 프레임 시간: 0.000000ms, 클라이언트 수: 0
[17:43:24.502] [INFO] 서버 FPS: 32.977692, 평균 프레임 시간: 0.000000ms, 클라이언트 수: 0
[17:43:25.527] [INFO] 서버 FPS: 32.977692, 평균 프레임 시간: 0.000000ms, 클라이언트 수: 0
[17:43:26.552] [INFO] 서버 FPS: 32.977692, 평균 프레임 시간: 0.000000ms, 클라이언트 수: 0
[17:43:27.592] [INFO] 서버 FPS: 32.945736, 평균 프레임 시간: 0.000000ms, 클라이언트 수: 0
[17:43:28.601] [INFO] 서버 FPS: 32.512314, 평균 프레임 시간: 0.000000ms, 클라이언트 수: 0
[17:43:29.614] [INFO] 서버 FPS: 33.464565, 평균 프레임 시간: 0.000000ms, 클라이언트 수: 0
[17:43:30.642] [INFO] 서버 FPS: 33.464565, 평균 프레임 시간: 0.000000ms, 클라이언트 수: 0
[17:43:31.654] [INFO] 서버 FPS: 33.497536, 평균 프레임 시간: 0.000000ms, 클라이언트 수: 0
[17:43:32.681] [INFO] 서버 FPS: 32.007759, 평균 프레임 시간: 0.000000ms, 클라이언트 수: 0
[17:43:33.695] [INFO] 서버 FPS: 34.448818, 평균 프레임 시간: 0.000000ms, 클라이언트 수: 0
[17:43:34.708] [INFO] 서버 FPS: 35.433071, 평균 프레임 시간: 0.000000ms, 클라이언트 수: 0
[17:43:35.737] [INFO] 서버 FPS: 34.482758, 평균 프레임 시간: 0.000000ms, 클라이언트 수: 0
[17:43:36.743] [INFO] 서버 FPS: 32.480316, 평균 프레임 시간: 0.000000ms, 클라이언트 수: 0
[17:43:37.766] [INFO] 서버 FPS: 32.480316, 평균 프레임 시간: 0.000000ms, 클라이언트 수: 0
[17:43:38.793] [INFO] 서버 FPS: 32.977692, 평균 프레임 시간: 0.000000ms, 클라이언트 수: 0
[17:43:39.805] [INFO] 서버 FPS: 33.497536, 평균 프레임 시간: 0.000000ms, 클라이언트 수: 0
[17:43:39.898] [INFO] 새 클라이언트에게 ID 5 전송됨
[17:43:39.898] [INFO] 새 플레이어 정보(ID: 5) 브로드캐스트 - 수신자 수: 0
[17:43:39.898] [INFO] 기존 플레이어 정보 0개가 새 클라이언트(ID: 5)에게 전송됨
[17:43:39.929] [INFO] 새 클라이언트에게 ID 6 전송됨
[17:43:39.929] [INFO] 새 플레이어 정보(ID: 6) 브로드캐스트 - 수신자 수: 1
[17:43:39.929] [INFO] 기존 플레이어 정보 1개가 새 클라이언트(ID: 6)에게 전송됨
[17:43:40.209] [WARNING] 처리되지 않은 패킷 타입: 2, 클라이언트 ID: 5
[17:43:40.210] [WARNING] 처리되지 않은 패킷 타입: 2, 클라이언트 ID: 6
[17:43:40.844] [INFO] 서버 FPS: 32.945736, 평균 프레임 시간: 0.000000ms, 클라이언트 수: 2
[17:43:41.856] [INFO] 서버 FPS: 32.512314, 평균 프레임 시간: 0.000000ms, 클라이언트 수: 2
[17:43:42.625] [WARNING] 처리되지 않은 패킷 타입: 4, 클라이언트 ID: 5
[17:43:42.883] [INFO] 서버 FPS: 33.914730, 평균 프레임 시간: 0.000000ms, 클라이언트 수: 2
[17:43:43.024] [INFO] 클라이언트가 정상적으로 연결 종료함 - ID: 6
[17:43:43.025] [INFO] 클라이언트 연결 끊김 (ID: 6)
[17:43:43.025] [INFO] 클라이언트 연결 끊김 알림(ID: 6) - 수신자 수: 1
[17:43:43.042] [INFO] 클라이언트가 정상적으로 연결 종료함 - ID: 5
[17:43:43.043] [INFO] 클라이언트 연결 끊김 (ID: 5)
[17:43:43.043] [INFO] 클라이언트 연결 끊김 알림(ID: 5) - 수신자 수: 0
[17:43:43.907] [INFO] 서버 FPS: 33.497536, 평균 프레임 시간: 0.000000ms, 클라이언트 수: 0
[17:43:44.918] [INFO] 서버 FPS: 33.464565, 평균 프레임 시간: 0.000000ms, 클라이언트 수: 0
[17:43:45.954] [INFO] 서버 FPS: 32.977692, 평균 프레임 시간: 0.000000ms, 클라이언트 수: 0
[17:43:46.979] [INFO] 서버 FPS: 32.007759, 평균 프레임 시간: 0.000000ms, 클라이언트 수: 0
[17:43:47.988] [INFO] 서버 FPS: 32.480316, 평균 프레임 시간: 0.000000ms, 클라이언트 수: 0
[17:43:49.030] [INFO] 서버 FPS: 33.947624, 평균 프레임 시간: 0.000000ms, 클라이언트 수: 0
[17:43:50.053] [INFO] 서버 FPS: 32.007759, 평균 프레임 시간: 0.000000ms, 클라이언트 수: 0
[17:43:51.080] [INFO] 서버 FPS: 34.448818, 평균 프레임 시간: 0.000000ms, 클라이언트 수: 0
[17:43:52.100] [INFO] 서버 FPS: 32.977692, 평균 프레임 시간: 0.000000ms, 클라이언트 수: 0
[17:43:53.143] [INFO] 서버 FPS: 33.914730, 평균 프레임 시간: 0.000000ms, 클라이언트 수: 0
[17:43:54.167] [INFO] 서버 FPS: 32.977692, 평균 프레임 시간: 0.000000ms, 클라이언트 수: 0
[17:43:55.177] [INFO] 서버 FPS: 32.512314, 평균 프레임 시간: 0.000000ms, 클라이언트 수: 0
[17:43:55.178] [INFO] 새 클라이언트에게 ID 7 전송됨
[17:43:55.178] [INFO] 새 플레이어 정보(ID: 7) 브로드캐스트 - 수신자 수: 0
[17:43:55.178] [INFO] 기존 플레이어 정보 0개가 새 클라이언트(ID: 7)에게 전송됨
[17:43:55.208] [INFO] 새 클라이언트에게 ID 8 전송됨
[17:43:55.209] [INFO] 새 플레이어 정보(ID: 8) 브로드캐스트 - 수신자 수: 1
[17:43:55.209] [INFO] 기존 플레이어 정보 1개가 새 클라이언트(ID: 8)에게 전송됨
[17:43:55.904] [WARNING] 처리되지 않은 패킷 타입: 4, 클라이언트 ID: 7
[17:43:56.198] [INFO] 서버 FPS: 32.480316, 평균 프레임 시간: 0.000000ms, 클라이언트 수: 2
[17:43:57.224] [INFO] 서버 FPS: 32.977692, 평균 프레임 시간: 0.000000ms, 클라이언트 수: 2
[17:43:57.582] [WARNING] 처리되지 않은 패킷 타입: 2, 클라이언트 ID: 7
[17:43:57.658] [WARNING] 처리되지 않은 패킷 타입: 4, 클라이언트 ID: 7
[17:43:58.244] [INFO] 서버 FPS: 32.480316, 평균 프레임 시간: 0.000000ms, 클라이언트 수: 2
[17:43:59.271] [INFO] 서버 FPS: 32.007759, 평균 프레임 시간: 0.000000ms, 클라이언트 수: 2
[17:43:59.374] [WARNING] 처리되지 않은 패킷 타입: 2, 클라이언트 ID: 7
[17:44:00.201] [WARNING] 클라이언트 Ping 타임아웃 발생 - ID: 7, 마지막 Ping 후 경과 시간: 5.015625초
[17:44:00.202] [INFO] 클라이언트 연결 끊김 (ID: 7)
[17:44:00.202] [INFO] 클라이언트가 정상적으로 연결 종료함 - ID: 7
[17:44:00.202] [INFO] 클라이언트 연결 끊김 알림(ID: 7) - 수신자 수: 1
[17:44:00.202] [WARNING] 존재하지 않는 클라이언트 ID를 제거하려고 시도: 7
[17:44:00.232] [WARNING] 클라이언트 Ping 타임아웃 발생 - ID: 8, 마지막 Ping 후 경과 시간: 5.017578초
[17:44:00.233] [INFO] 클라이언트 연결 끊김 (ID: 8)
[17:44:00.233] [INFO] 클라이언트 연결 끊김 알림(ID: 8) - 수신자 수: 0
[17:44:00.233] [INFO] 클라이언트가 정상적으로 연결 종료함 - ID: 8
[17:44:00.233] [WARNING] 존재하지 않는 클라이언트 ID를 제거하려고 시도: 8
[17:44:00.294] [INFO] 서버 FPS: 32.480316, 평균 프레임 시간: 0.000000ms, 클라이언트 수: 0
[17:44:01.304] [INFO] 서버 FPS: 32.512314, 평균 프레임 시간: 0.000000ms, 클라이언트 수: 0
[17:44:02.329] [INFO] 서버 FPS: 34.448818, 평균 프레임 시간: 0.000000ms, 클라이언트 수: 0
[17:44:03.357] [INFO] 서버 FPS: 33.947624, 평균 프레임 시간: 0.000000ms, 클라이언트 수: 0
[17:44:04.371] [INFO] 서버 FPS: 32.480316, 평균 프레임 시간: 0.000000ms, 클라이언트 수: 0
[17:44:05.396] [INFO] 서버 FPS: 32.977692, 평균 프레임 시간: 0.000000ms, 클라이언트 수: 0
[17:44:06.438] [INFO] 서버 FPS: 33.947624, 평균 프레임 시간: 0.000000ms, 클라이언트 수: 0
[17:44:07.447] [INFO] 서버 FPS: 32.480316, 평균 프레임 시간: 0.000000ms, 클라이언트 수: 0
[17:44:08.458] [INFO] 서버 FPS: 34.448818, 평균 프레임 시간: 0.000000ms, 클라이언트 수: 0
[17:44:09.499] [INFO] 서버 FPS: 32.977692, 평균 프레임 시간: 0.000000ms, 클라이언트 수: 0
[17:44:10.507] [INFO] 서버 FPS: 33.464565, 평균 프레임 시간: 0.000000ms, 클라이언트 수: 0
[17:44:11.546] [INFO] 서버 FPS: 32.977692, 평균 프레임 시간: 0.000000ms, 클라이언트 수: 0
[17:44:12.570] [INFO] 서버 FPS: 32.977692, 평균 프레임 시간: 0.000000ms, 클라이언트 수: 0
[17:44:13.593] [INFO] 서버 FPS: 32.480316, 평균 프레임 시간: 0.000000ms, 클라이언트 수: 0
[17:44:14.604] [INFO] 서버 FPS: 33.497536, 평균 프레임 시간: 0.000000ms, 클라이언트 수: 0
[17:44:15.628] [INFO] 서버 FPS: 33.464565, 평균 프레임 시간: 0.000000ms, 클라이언트 수: 0
[17:44:16.635] [INFO] 서버 FPS: 32.480316, 평균 프레임 시간: 0.000000ms, 클라이언트 수: 0
[17:44:17.658] [INFO] 서버 FPS: 32.512314, 평균 프레임 시간: 0.000000ms, 클라이언트 수: 0
[17:44:18.669] [INFO] 서버 FPS: 34.448818, 평균 프레임 시간: 0.000000ms, 클라이언트 수: 0
[17:44:19.698] [INFO] 서버 FPS: 33.947624, 평균 프레임 시간: 0.000000ms, 클라이언트 수: 0
[17:44:20.707] [INFO] 서버 FPS: 33.464565, 평균 프레임 시간: 0.000000ms, 클라이언트 수: 0
[17:44:21.731] [INFO] 서버 FPS: 33.497536, 평균 프레임 시간: 0.000000ms, 클라이언트 수: 0
[17:44:22.755] [INFO] 서버 FPS: 32.945736, 평균 프레임 시간: 0.000000ms, 클라이언트 수: 0
[17:44:23.782] [INFO] 서버 FPS: 33.497536, 평균 프레임 시간: 0.000000ms, 클라이언트 수: 0
[17:44:24.808] [INFO] 서버 FPS: 32.977692, 평균 프레임 시간: 0.000000ms, 클라이언트 수: 0
[17:44:25.835] [INFO] 서버 FPS: 33.914730, 평균 프레임 시간: 0.000000ms, 클라이언트 수: 0
[17:44:26.857] [INFO] 서버 FPS: 33.497536, 평균 프레임 시간: 0.000000ms, 클라이언트 수: 0
[17:44:27.870] [INFO] 서버 FPS: 32.480316, 평균 프레임 시간: 0.000000ms, 클라이언트 수: 0
[17:44:28.899] [INFO] 서버 FPS: 33.947624, 평균 프레임 시간: 0.000000ms, 클라이언트 수: 0
[17:44:29.910] [INFO] 서버 FPS: 33.464565, 평균 프레임 시간: 0.000000ms, 클라이언트 수: 0
[17:44:30.949] [INFO] 서버 FPS: 33.947624, 평균 프레임 시간: 0.000000ms, 클라이언트 수: 0
[17:44:31.976] [INFO] 서버 FPS: 32.977692, 평균 프레임 시간: 0.000000ms, 클라이언트 수: 0
[17:44:33.004] [INFO] 서버 FPS: 33.914730, 평균 프레임 시간: 0.000000ms, 클라이언트 수: 0
[17:44:34.047] [INFO] 서버 FPS: 34.917557, 평균 프레임 시간: 0.000000ms, 클라이언트 수: 0
[17:44:35.071] [INFO] 서버 FPS: 33.947624, 평균 프레임 시간: 0.000000ms, 클라이언트 수: 0
[17:44:36.111] [INFO] 서버 FPS: 32.977692, 평균 프레임 시간: 0.000000ms, 클라이언트 수: 0
[17:44:37.122] [INFO] 서버 FPS: 32.480316, 평균 프레임 시간: 0.000000ms, 클라이언트 수: 0
[17:44:38.146] [INFO] 서버 FPS: 32.007759, 평균 프레임 시간: 0.000000ms, 클라이언트 수: 0
[17:44:39.190] [INFO] 서버 FPS: 33.947624, 평균 프레임 시간: 0.000000ms, 클라이언트 수: 0
[17:44:40.213] [INFO] 서버 FPS: 32.945736, 평균 프레임 시간: 0.000000ms, 클라이언트 수: 0
[17:44:41.225] [INFO] 서버 FPS: 33.497536, 평균 프레임 시간: 0.000000ms, 클라이언트 수: 0
[17:44:42.251] [INFO] 서버 FPS: 33.464565, 평균 프레임 시간: 0.000000ms, 클라이언트 수: 0
[17:44:43.260] [INFO] 서버 FPS: 32.480316, 평균 프레임 시간: 0.000000ms, 클라이언트 수: 0
[17:44:44.271] [INFO] 서버 FPS: 33.497536, 평균 프레임 시간: 0.000000ms, 클라이언트 수: 0
[17:44:45.310] [INFO] 서버 FPS: 32.977692, 평균 프레임 시간: 0.000000ms, 클라이언트 수: 0
[17:44:46.337] [INFO] 서버 FPS: 31.976744, 평균 프레임 시간: 0.000000ms, 클라이언트 수: 0
[17:44:47.349] [INFO] 서버 FPS: 32.512314, 평균 프레임 시간: 0.000000ms, 클라이언트 수: 0
[17:44:48.378] [INFO] 서버 FPS: 32.480316, 평균 프레임 시간: 0.000000ms, 클라이언트 수: 0
[17:44:49.382] [INFO] 서버 FPS: 32.480316, 평균 프레임 시간: 0.000000ms, 클라이언트 수: 0
[17:44:50.424] [INFO] 서버 FPS: 33.947624, 평균 프레임 시간: 0.000000ms, 클라이언트 수: 0
[17:44:51.429] [INFO] 서버 FPS: 33.497536, 평균 프레임 시간: 0.000000ms, 클라이언트 수: 0
[17:44:52.445] [INFO] 서버 FPS: 33.464565, 평균 프레임 시간: 0.000000ms, 클라이언트 수: 0
[17:44:53.472] [INFO] 서버 FPS: 34.448818, 평균 프레임 시간: 0.000000ms, 클라이언트 수: 0
[17:44:54.481] [INFO] 서버 FPS: 34.482758, 평균 프레임 시간: 0.000000ms, 클라이언트 수: 0
[17:44:55.493] [INFO] 서버 FPS: 34.448818, 평균 프레임 시간: 0.000000ms, 클라이언트 수: 0
[17:44:56.520] [INFO] 서버 FPS: 32.007759, 평균 프레임 시간: 0.000000ms, 클라이언트 수: 0
[17:44:57.561] [INFO] 서버 FPS: 33.947624, 평균 프레임 시간: 0.000000ms, 클라이언트 수: 0
[17:44:58.572] [INFO] 서버 FPS: 32.480316, 평균 프레임 시간: 0.000000ms, 클라이언트 수: 0
[17:44:59.599] [INFO] 서버 FPS: 33.947624, 평균 프레임 시간: 0.000000ms, 클라이언트 수: 0
[17:45:00.625] [INFO] 서버 FPS: 33.464565, 평균 프레임 시간: 0.000000ms, 클라이언트 수: 0
[17:45:01.635] [INFO] 서버 FPS: 33.464565, 평균 프레임 시간: 0.000000ms, 클라이언트 수: 0
[17:45:02.645] [INFO] 서버 FPS: 34.482758, 평균 프레임 시간: 1.440000ms, 클라이언트 수: 0
[17:45:03.688] [INFO] 서버 FPS: 33.947624, 평균 프레임 시간: 0.036045ms, 클라이언트 수: 0
[17:45:04.710] [INFO] 서버 FPS: 31.976744, 평균 프레임 시간: 0.001114ms, 클라이언트 수: 0
[17:45:05.747] [INFO] 서버 FPS: 32.977692, 평균 프레임 시간: 0.000031ms, 클라이언트 수: 0
[17:45:06.774] [INFO] 서버 FPS: 33.947624, 평균 프레임 시간: 0.000001ms, 클라이언트 수: 0
[17:45:07.810] [INFO] 서버 FPS: 32.977692, 평균 프레임 시간: 0.000000ms, 클라이언트 수: 0
[17:45:08.837] [INFO] 서버 FPS: 32.945736, 평균 프레임 시간: 0.000000ms, 클라이언트 수: 0
[17:45:09.849] [INFO] 서버 FPS: 31.527094, 평균 프레임 시간: 0.000000ms, 클라이언트 수: 0
[17:45:10.892] [INFO] 서버 FPS: 33.914730, 평균 프레임 시간: 0.000000ms, 클라이언트 수: 0
[17:45:11.901] [INFO] 서버 FPS: 32.512314, 평균 프레임 시간: 0.000000ms, 클라이언트 수: 0
[17:45:12.918] [INFO] 서버 FPS: 32.480316, 평균 프레임 시간: 0.000000ms, 클라이언트 수: 0
[17:45:13.931] [INFO] 서버 FPS: 32.512314, 평균 프레임 시간: 0.000000ms, 클라이언트 수: 0
[17:45:14.963] [INFO] 서버 FPS: 32.945736, 평균 프레임 시간: 0.000000ms, 클라이언트 수: 0
[17:45:15.994] [INFO] 서버 FPS: 32.007759, 평균 프레임 시간: 0.000000ms, 클라이언트 수: 0
[17:45:17.005] [INFO] 서버 FPS: 32.480316, 평균 프레임 시간: 0.000000ms, 클라이언트 수: 0
[17:45:18.035] [INFO] 서버 FPS: 32.977692, 평균 프레임 시간: 0.000000ms, 클라이언트 수: 0
[17:45:19.062] [INFO] 서버 FPS: 32.512314, 평균 프레임 시간: 0.000000ms, 클라이언트 수: 0
[17:45:20.092] [INFO] 서버 FPS: 31.976744, 평균 프레임 시간: 0.000000ms, 클라이언트 수: 0
[17:45:21.104] [INFO] 서버 FPS: 32.512314, 평균 프레임 시간: 0.000000ms, 클라이언트 수: 0
[17:45:22.116] [INFO] 서버 FPS: 33.464565, 평균 프레임 시간: 0.000000ms, 클라이언트 수: 0
[17:45:23.158] [INFO] 서버 FPS: 33.947624, 평균 프레임 시간: 0.000000ms, 클라이언트 수: 0
[17:45:24.173] [INFO] 서버 FPS: 32.480316, 평균 프레임 시간: 0.000000ms, 클라이언트 수: 0
[17:45:25.201] [INFO] 서버 FPS: 32.977692, 평균 프레임 시간: 0.000000ms, 클라이언트 수: 0
[17:45:26.212] [INFO] 서버 FPS: 29.527559, 평균 프레임 시간: 0.000000ms, 클라이언트 수: 0
[17:45:27.234] [INFO] 서버 FPS: 32.512314, 평균 프레임 시간: 0.000000ms, 클라이언트 수: 0
[17:45:28.261] [INFO] 서버 FPS: 31.976744, 평균 프레임 시간: 0.000000ms, 클라이언트 수: 0
[17:45:29.278] [INFO] 서버 FPS: 32.512314, 평균 프레임 시간: 0.000000ms, 클라이언트 수: 0
[17:45:30.287] [INFO] 서버 FPS: 33.464565, 평균 프레임 시간: 0.000000ms, 클라이언트 수: 0
[17:45:31.315] [INFO] 서버 FPS: 32.512314, 평균 프레임 시간: 0.000000ms, 클라이언트 수: 0
[17:45:32.335] [INFO] 서버 FPS: 31.976744, 평균 프레임 시간: 0.000000ms, 클라이언트 수: 0
[17:45:33.360] [INFO] 서버 FPS: 32.512314, 평균 프레임 시간: 0.000000ms, 클라이언트 수: 0
[17:45:34.369] [INFO] 서버 FPS: 32.480316, 평균 프레임 시간: 0.000000ms, 클라이언트 수: 0
[17:45:35.407] [INFO] 서버 FPS: 32.977692, 평균 프레임 시간: 0.000000ms, 클라이언트 수: 0
[17:45:36.432] [INFO] 서버 FPS: 32.007759, 평균 프레임 시간: 0.000000ms, 클라이언트 수: 0
[17:45:37.456] [INFO] 서버 FPS: 33.464565, 평균 프레임 시간: 0.000000ms, 클라이언트 수: 0
[17:45:38.485] [INFO] 서버 FPS: 32.977692, 평균 프레임 시간: 0.000000ms, 클라이언트 수: 0
[17:45:39.498] [INFO] 서버 FPS: 32.480316, 평균 프레임 시간: 0.000000ms, 클라이언트 수: 0
[17:45:40.510] [INFO] 서버 FPS: 32.480316, 평균 프레임 시간: 0.000000ms, 클라이언트 수: 0
[17:45:41.540] [INFO] 서버 FPS: 32.977692, 평균 프레임 시간: 0.000000ms, 클라이언트 수: 0
[17:45:42.569] [INFO] 서버 FPS: 32.977692, 평균 프레임 시간: 0.000000ms, 클라이언트 수: 0
[17:45:43.596] [INFO] 서버 FPS: 32.480316, 평균 프레임 시간: 0.000000ms, 클라이언트 수: 0
[17:45:44.606] [INFO] 서버 FPS: 32.512314, 평균 프레임 시간: 0.000000ms, 클라이언트 수: 0
[17:45:45.615] [INFO] 서버 FPS: 33.464565, 평균 프레임 시간: 0.000000ms, 클라이언트 수: 0
[17:45:46.638] [INFO] 서버 FPS: 33.464565, 평균 프레임 시간: 0.000000ms, 클라이언트 수: 0
[17:45:47.659] [INFO] 서버 FPS: 33.497536, 평균 프레임 시간: 0.000000ms, 클라이언트 수: 0
[17:45:48.667] [INFO] 서버 FPS: 32.480316, 평균 프레임 시간: 0.000000ms, 클라이언트 수: 0
[17:45:49.677] [INFO] 서버 FPS: 35.467979, 평균 프레임 시간: 0.000000ms, 클라이언트 수: 0
[17:45:50.716] [INFO] 서버 FPS: 34.883720, 평균 프레임 시간: 0.000000ms, 클라이언트 수: 0
[17:45:51.726] [INFO] 서버 FPS: 32.512314, 평균 프레임 시간: 0.000000ms, 클라이언트 수: 0
[17:45:52.768] [INFO] 서버 FPS: 33.914730, 평균 프레임 시간: 0.000000ms, 클라이언트 수: 0
[17:45:53.782] [INFO] 서버 FPS: 32.512314, 평균 프레임 시간: 0.000000ms, 클라이언트 수: 0
[17:45:54.808] [INFO] 서버 FPS: 34.917557, 평균 프레임 시간: 0.000000ms, 클라이언트 수: 0
[17:45:55.843] [INFO] 서버 FPS: 37.790699, 평균 프레임 시간: 0.000000ms, 클라이언트 수: 0
[17:45:56.855] [INFO] 서버 FPS: 33.497536, 평균 프레임 시간: 0.000000ms, 클라이언트 수: 0
[17:45:57.888] [INFO] 서버 FPS: 36.821705, 평균 프레임 시간: 0.000000ms, 클라이언트 수: 0
[17:45:58.918] [INFO] 서버 FPS: 35.887489, 평균 프레임 시간: 0.000000ms, 클라이언트 수: 0
[17:45:59.933] [INFO] 서버 FPS: 35.467979, 평균 프레임 시간: 0.000000ms, 클라이언트 수: 0
[17:46:00.947] [INFO] 서버 FPS: 34.448818, 평균 프레임 시간: 0.000000ms, 클라이언트 수: 0
[17:46:01.975] [INFO] 서버 FPS: 33.947624, 평균 프레임 시간: 0.000000ms, 클라이언트 수: 0
[17:46:03.016] [INFO] 서버 FPS: 33.914730, 평균 프레임 시간: 0.000000ms, 클라이언트 수: 0
[17:46:04.028] [INFO] 서버 FPS: 34.482758, 평균 프레임 시간: 0.000000ms, 클라이언트 수: 0
[17:46:05.053] [INFO] 서버 FPS: 33.947624, 평균 프레임 시간: 0.000000ms, 클라이언트 수: 0
[17:46:06.097] [INFO] 서버 FPS: 33.914730, 평균 프레임 시간: 0.000000ms, 클라이언트 수: 0
[17:46:07.109] [INFO] 서버 FPS: 32.512314, 평균 프레임 시간: 0.000000ms, 클라이언트 수: 0
[17:46:08.136] [INFO] 서버 FPS: 33.914730, 평균 프레임 시간: 0.000000ms, 클라이언트 수: 0
[17:46:09.145] [INFO] 서버 FPS: 32.512314, 평균 프레임 시간: 0.000000ms, 클라이언트 수: 0
[17:46:10.187] [INFO] 서버 FPS: 34.917557, 평균 프레임 시간: 0.000000ms, 클라이언트 수: 0
[17:46:11.197] [INFO] 서버 FPS: 34.448818, 평균 프레임 시간: 0.000000ms, 클라이언트 수: 0
[17:46:12.211] [INFO] 서버 FPS: 33.464565, 평균 프레임 시간: 0.000000ms, 클라이언트 수: 0
[17:46:13.224] [INFO] 서버 FPS: 33.497536, 평균 프레임 시간: 0.000000ms, 클라이언트 수: 0
[17:46:14.247] [INFO] 서버 FPS: 33.464565, 평균 프레임 시간: 0.000000ms, 클라이언트 수: 0
[17:46:15.270] [INFO] 서버 FPS: 33.947624, 평균 프레임 시간: 0.000000ms, 클라이언트 수: 0
[17:46:16.314] [INFO] 서버 FPS: 33.947624, 평균 프레임 시간: 0.000000ms, 클라이언트 수: 0
[17:46:17.324] [INFO] 서버 FPS: 33.464565, 평균 프레임 시간: 0.000000ms, 클라이언트 수: 0
[17:46:18.352] [INFO] 서버 FPS: 34.917557, 평균 프레임 시간: 0.000000ms, 클라이언트 수: 0
[17:46:19.374] [INFO] 서버 FPS: 33.464565, 평균 프레임 시간: 0.000000ms, 클라이언트 수: 0
[17:46:20.388] [INFO] 서버 FPS: 35.433071, 평균 프레임 시간: 0.000000ms, 클라이언트 수: 0
[17:46:21.402] [INFO] 서버 FPS: 33.497536, 평균 프레임 시간: 0.000000ms, 클라이언트 수: 0
[17:46:22.412] [INFO] 서버 FPS: 33.464565, 평균 프레임 시간: 0.000000ms, 클라이언트 수: 0
[17:46:23.455] [INFO] 서버 FPS: 35.887489, 평균 프레임 시간: 0.000000ms, 클라이언트 수: 0
[17:46:24.467] [INFO] 서버 FPS: 33.464565, 평균 프레임 시간: 0.000000ms, 클라이언트 수: 0
[17:46:25.476] [INFO] 서버 FPS: 32.512314, 평균 프레임 시간: 0.000000ms, 클라이언트 수: 0
[17:46:26.509] [INFO] 서버 FPS: 35.852715, 평균 프레임 시간: 0.000000ms, 클라이언트 수: 0
[17:46:27.534] [INFO] 서버 FPS: 34.482758, 평균 프레임 시간: 0.000000ms, 클라이언트 수: 0
[17:46:28.560] [INFO] 서버 FPS: 33.947624, 평균 프레임 시간: 0.000000ms, 클라이언트 수: 0
[17:46:29.570] [INFO] 서버 FPS: 33.464565, 평균 프레임 시간: 0.000000ms, 클라이언트 수: 0
[17:46:30.595] [INFO] 서버 FPS: 32.480316, 평균 프레임 시간: 0.000000ms, 클라이언트 수: 0
[17:46:31.625] [INFO] 서버 FPS: 33.947624, 평균 프레임 시간: 0.000000ms, 클라이언트 수: 0
[17:46:32.635] [INFO] 서버 FPS: 33.464565, 평균 프레임 시간: 0.000000ms, 클라이언트 수: 0
[17:46:33.646] [INFO] 서버 FPS: 33.497536, 평균 프레임 시간: 0.000000ms, 클라이언트 수: 0
[17:46:34.689] [INFO] 서버 FPS: 33.947624, 평균 프레임 시간: 0.000000ms, 클라이언트 수: 0
[17:46:35.716] [INFO] 서버 FPS: 31.976744, 평균 프레임 시간: 0.000000ms, 클라이언트 수: 0
[17:46:36.745] [INFO] 서버 FPS: 32.007759, 평균 프레임 시간: 0.000000ms, 클라이언트 수: 0
[17:46:37.759] [INFO] 서버 FPS: 33.464565, 평균 프레임 시간: 0.000000ms, 클라이언트 수: 0
[17:46:38.792] [INFO] 서버 FPS: 34.917557, 평균 프레임 시간: 0.000000ms, 클라이언트 수: 0
[17:46:39.819] [INFO] 서버 FPS: 33.947624, 평균 프레임 시간: 0.000000ms, 클라이언트 수: 0
[17:46:40.845] [INFO] 서버 FPS: 34.448818, 평균 프레임 시간: 0.000000ms, 클라이언트 수: 0
[17:46:41.873] [INFO] 서버 FPS: 32.977692, 평균 프레임 시간: 0.000000ms, 클라이언트 수: 0
[17:46:42.885] [INFO] 서버 FPS: 32.480316, 평균 프레임 시간: 0.000000ms, 클라이언트 수: 0
[17:46:43.896] [INFO] 서버 FPS: 32.512314, 평균 프레임 시간: 0.000000ms, 클라이언트 수: 0
[17:46:44.922] [INFO] 서버 FPS: 33.464565, 평균 프레임 시간: 0.000000ms, 클라이언트 수: 0
[17:46:45.949] [INFO] 서버 FPS: 32.977692, 평균 프레임 시간: 0.000000ms, 클라이언트 수: 0
[17:46:46.962] [INFO] 서버 FPS: 34.448818, 평균 프레임 시간: 0.000000ms, 클라이언트 수: 0
[17:46:47.979] [INFO] 서버 FPS: 32.512314, 평균 프레임 시간: 0.000000ms, 클라이언트 수: 0
[17:46:49.009] [INFO] 서버 FPS: 32.945736, 평균 프레임 시간: 0.000000ms, 클라이언트 수: 0
[17:46:50.039] [INFO] 서버 FPS: 32.007759, 평균 프레임 시간: 0.000000ms, 클라이언트 수: 0
[17:46:51.066] [INFO] 서버 FPS: 33.497536, 평균 프레임 시간: 1.486355ms, 클라이언트 수: 0
[17:46:52.082] [INFO] 서버 FPS: 33.464565, 평균 프레임 시간: 0.090785ms, 클라이언트 수: 0
[17:46:53.095] [INFO] 서버 FPS: 33.464565, 평균 프레임 시간: 0.302128ms, 클라이언트 수: 0
[17:46:54.124] [INFO] 서버 FPS: 33.947624, 평균 프레임 시간: 0.581335ms, 클라이언트 수: 0
[17:46:55.149] [INFO] 서버 FPS: 33.947624, 평균 프레임 시간: 0.100771ms, 클라이언트 수: 0
[17:46:56.177] [INFO] 서버 FPS: 32.977692, 평균 프레임 시간: 0.002803ms, 클라이언트 수: 0
[17:46:57.204] [INFO] 서버 FPS: 33.464565, 평균 프레임 시간: 0.000078ms, 클라이언트 수: 0
[17:46:58.218] [INFO] 서버 FPS: 32.480316, 평균 프레임 시간: 0.000002ms, 클라이언트 수: 0
[17:46:59.247] [INFO] 서버 FPS: 32.007759, 평균 프레임 시간: 0.000000ms, 클라이언트 수: 0
[17:47:00.278] [INFO] 서버 FPS: 32.977692, 평균 프레임 시간: 0.049445ms, 클라이언트 수: 0
[17:47:01.307] [INFO] 서버 FPS: 32.977692, 평균 프레임 시간: 0.050820ms, 클라이언트 수: 0
[17:47:02.319] [INFO] 서버 FPS: 32.480316, 평균 프레임 시간: 0.111448ms, 클라이언트 수: 0
[17:47:03.349] [INFO] 서버 FPS: 33.947624, 평균 프레임 시간: 2.325866ms, 클라이언트 수: 0
[17:47:04.377] [INFO] 서버 FPS: 35.433071, 평균 프레임 시간: 2.087546ms, 클라이언트 수: 0
[17:47:05.381] [INFO] 서버 FPS: 22.637794, 평균 프레임 시간: 0.342581ms, 클라이언트 수: 0
[17:47:06.415] [INFO] 서버 FPS: 31.037827, 평균 프레임 시간: 0.427620ms, 클라이언트 수: 0
[17:47:07.958] [INFO] 서버 FPS: 0.646412, 평균 프레임 시간: 155.084854ms, 클라이언트 수: 0
[17:47:07.958] [WARNING] 비정상적으로 긴 델타 타임: 1.547000초
[17:47:08.996] [INFO] 서버 FPS: 32.977692, 평균 프레임 시간: 4.313346ms, 클라이언트 수: 0
[17:47:10.028] [INFO] 서버 FPS: 32.007759, 평균 프레임 시간: 0.133296ms, 클라이언트 수: 0
[17:47:11.039] [INFO] 서버 FPS: 34.448818, 평균 프레임 시간: 0.003337ms, 클라이언트 수: 0
[17:47:12.067] [INFO] 서버 FPS: 33.947624, 평균 프레임 시간: 0.000084ms, 클라이언트 수: 0
[17:47:13.087] [INFO] 서버 FPS: 36.417324, 평균 프레임 시간: 0.000002ms, 클라이언트 수: 0
[17:47:14.098] [INFO] 서버 FPS: 33.497536, 평균 프레임 시간: 0.000000ms, 클라이언트 수: 0
[17:47:15.114] [INFO] 서버 FPS: 33.464565, 평균 프레임 시간: 0.000000ms, 클라이언트 수: 0
[17:47:16.140] [INFO] 서버 FPS: 33.464565, 평균 프레임 시간: 0.000000ms, 클라이언트 수: 0
[17:47:17.169] [INFO] 서버 FPS: 34.917557, 평균 프레임 시간: 0.000000ms, 클라이언트 수: 0
[17:47:18.184] [INFO] 서버 FPS: 33.497536, 평균 프레임 시간: 0.000000ms, 클라이언트 수: 0
[17:47:19.197] [INFO] 서버 FPS: 33.464565, 평균 프레임 시간: 0.000000ms, 클라이언트 수: 0
[17:47:20.209] [INFO] 서버 FPS: 34.448818, 평균 프레임 시간: 0.000000ms, 클라이언트 수: 0
[17:47:21.251] [INFO] 서버 FPS: 32.977692, 평균 프레임 시간: 0.000000ms, 클라이언트 수: 0
[17:47:22.277] [INFO] 서버 FPS: 32.007759, 평균 프레임 시간: 0.000000ms, 클라이언트 수: 0
[17:47:23.290] [INFO] 서버 FPS: 32.480316, 평균 프레임 시간: 0.000000ms, 클라이언트 수: 0
[17:47:24.317] [INFO] 서버 FPS: 32.007759, 평균 프레임 시간: 0.000000ms, 클라이언트 수: 0
[17:47:25.343] [INFO] 서버 FPS: 33.464565, 평균 프레임 시간: 0.000000ms, 클라이언트 수: 0
[17:47:26.369] [INFO] 서버 FPS: 32.977692, 평균 프레임 시간: 0.000000ms, 클라이언트 수: 0
[17:47:27.398] [INFO] 서버 FPS: 32.007759, 평균 프레임 시간: 0.000000ms, 클라이언트 수: 0
[17:47:28.427] [INFO] 서버 FPS: 32.007759, 평균 프레임 시간: 0.000000ms, 클라이언트 수: 0
[17:47:29.457] [INFO] 서버 FPS: 32.945736, 평균 프레임 시간: 0.000000ms, 클라이언트 수: 0
[17:47:30.503] [INFO] 서버 FPS: 33.947624, 평균 프레임 시간: 0.000000ms, 클라이언트 수: 0
[17:47:31.522] [INFO] 서버 FPS: 32.977692, 평균 프레임 시간: 0.000000ms, 클라이언트 수: 0
[17:47:32.535] [INFO] 서버 FPS: 32.480316, 평균 프레임 시간: 0.000000ms, 클라이언트 수: 0
[17:47:33.564] [INFO] 서버 FPS: 32.512314, 평균 프레임 시간: 0.000000ms, 클라이언트 수: 0
[17:47:34.577] [INFO] 서버 FPS: 32.480316, 평균 프레임 시간: 0.000000ms, 클라이언트 수: 0
[17:47:35.606] [INFO] 서버 FPS: 33.947624, 평균 프레임 시간: 0.000000ms, 클라이언트 수: 0
[17:47:36.617] [INFO] 서버 FPS: 32.480316, 평균 프레임 시간: 0.000000ms, 클라이언트 수: 0
[17:47:37.629] [INFO] 서버 FPS: 32.480316, 평균 프레임 시간: 0.000000ms, 클라이언트 수: 0
[17:47:38.667] [INFO] 서버 FPS: 32.007759, 평균 프레임 시간: 0.000000ms, 클라이언트 수: 0
[17:47:39.697] [INFO] 서버 FPS: 32.977692, 평균 프레임 시간: 0.000000ms, 클라이언트 수: 0
[17:47:40.727] [INFO] 서버 FPS: 33.947624, 평균 프레임 시간: 0.000000ms, 클라이언트 수: 0
[17:47:41.740] [INFO] 서버 FPS: 32.480316, 평균 프레임 시간: 0.000000ms, 클라이언트 수: 0
[17:47:42.771] [INFO] 서버 FPS: 33.947624, 평균 프레임 시간: 0.000000ms, 클라이언트 수: 0
[17:47:43.790] [INFO] 서버 FPS: 32.480316, 평균 프레임 시간: 0.000000ms, 클라이언트 수: 0
[17:47:44.814] [INFO] 서버 FPS: 33.497536, 평균 프레임 시간: 0.114864ms, 클라이언트 수: 0
[17:47:45.817] [INFO] 서버 FPS: 31.496063, 평균 프레임 시간: 0.003944ms, 클라이언트 수: 0
[17:47:46.845] [INFO] 서버 FPS: 32.480316, 평균 프레임 시간: 0.000122ms, 클라이언트 수: 0
[17:47:47.870] [INFO] 서버 FPS: 28.128031, 평균 프레임 시간: 0.000006ms, 클라이언트 수: 0
[17:47:48.885] [INFO] 서버 FPS: 30.511810, 평균 프레임 시간: 0.000000ms, 클라이언트 수: 0
[17:47:49.898] [INFO] 서버 FPS: 33.497536, 평균 프레임 시간: 0.000000ms, 클라이언트 수: 0
[17:47:50.925] [INFO] 서버 FPS: 32.480316, 평균 프레임 시간: 0.000000ms, 클라이언트 수: 0
[17:47:51.954] [INFO] 서버 FPS: 32.977692, 평균 프레임 시간: 0.000000ms, 클라이언트 수: 0
[17:47:52.963] [INFO] 서버 FPS: 32.480316, 평균 프레임 시간: 0.000000ms, 클라이언트 수: 0
[17:47:53.979] [INFO] 서버 FPS: 32.512314, 평균 프레임 시간: 0.000000ms, 클라이언트 수: 0
[17:47:54.994] [INFO] 서버 FPS: 32.480316, 평균 프레임 시간: 0.000000ms, 클라이언트 수: 0
[17:47:56.018] [INFO] 서버 FPS: 32.480316, 평균 프레임 시간: 0.000000ms, 클라이언트 수: 0
[17:47:57.046] [INFO] 서버 FPS: 32.977692, 평균 프레임 시간: 0.000000ms, 클라이언트 수: 0
[17:47:58.067] [INFO] 서버 FPS: 32.007759, 평균 프레임 시간: 0.000000ms, 클라이언트 수: 0
[17:47:59.096] [INFO] 서버 FPS: 33.464565, 평균 프레임 시간: 0.000000ms, 클라이언트 수: 0
[17:48:00.111] [INFO] 서버 FPS: 32.512314, 평균 프레임 시간: 0.000000ms, 클라이언트 수: 0
[17:48:01.140] [INFO] 서버 FPS: 31.976744, 평균 프레임 시간: 0.000000ms, 클라이언트 수: 0
[17:48:02.152] [INFO] 서버 FPS: 32.512314, 평균 프레임 시간: 0.000000ms, 클라이언트 수: 0
[17:48:03.165] [INFO] 서버 FPS: 33.464565, 평균 프레임 시간: 0.000000ms, 클라이언트 수: 0
[17:48:04.179] [INFO] 서버 FPS: 32.512314, 평균 프레임 시간: 0.000000ms, 클라이언트 수: 0
[17:48:05.209] [INFO] 서버 FPS: 32.945736, 평균 프레임 시간: 0.000000ms, 클라이언트 수: 0
[17:48:06.238] [INFO] 서버 FPS: 32.007759, 평균 프레임 시간: 0.000000ms, 클라이언트 수: 0
[17:48:07.266] [INFO] 서버 FPS: 33.464565, 평균 프레임 시간: 0.000000ms, 클라이언트 수: 0
[17:48:08.294] [INFO] 서버 FPS: 32.007759, 평균 프레임 시간: 0.000000ms, 클라이언트 수: 0
[17:48:09.309] [INFO] 서버 FPS: 32.512314, 평균 프레임 시간: 0.000000ms, 클라이언트 수: 0
[17:48:10.338] [INFO] 서버 FPS: 32.945736, 평균 프레임 시간: 0.000000ms, 클라이언트 수: 0
[17:48:11.366] [INFO] 서버 FPS: 32.977692, 평균 프레임 시간: 0.000000ms, 클라이언트 수: 0
[17:48:12.396] [INFO] 서버 FPS: 32.977692, 평균 프레임 시간: 0.000000ms, 클라이언트 수: 0
[17:48:13.425] [INFO] 서버 FPS: 33.464565, 평균 프레임 시간: 0.000000ms, 클라이언트 수: 0
[17:48:14.453] [INFO] 서버 FPS: 32.007759, 평균 프레임 시간: 0.000000ms, 클라이언트 수: 0
[17:48:15.483] [INFO] 서버 FPS: 32.007759, 평균 프레임 시간: 0.000000ms, 클라이언트 수: 0
[17:48:16.497] [INFO] 서버 FPS: 33.464565, 평균 프레임 시간: 0.000000ms, 클라이언트 수: 0
[17:48:17.511] [INFO] 서버 FPS: 32.480316, 평균 프레임 시간: 0.000000ms, 클라이언트 수: 0
[17:48:18.524] [INFO] 서버 FPS: 33.497536, 평균 프레임 시간: 0.000000ms, 클라이언트 수: 0
[17:48:19.544] [INFO] 서버 FPS: 32.480316, 평균 프레임 시간: 0.000000ms, 클라이언트 수: 0
[17:48:20.575] [INFO] 서버 FPS: 32.007759, 평균 프레임 시간: 0.000000ms, 클라이언트 수: 0
[17:48:21.602] [INFO] 서버 FPS: 32.007759, 평균 프레임 시간: 0.000000ms, 클라이언트 수: 0
[17:48:22.615] [INFO] 서버 FPS: 32.480316, 평균 프레임 시간: 0.000000ms, 클라이언트 수: 0
[17:48:23.648] [INFO] 서버 FPS: 32.977692, 평균 프레임 시간: 0.000000ms, 클라이언트 수: 0
[17:48:24.688] [INFO] 서버 FPS: 32.977692, 평균 프레임 시간: 0.000000ms, 클라이언트 수: 0
[17:48:25.702] [INFO] 서버 FPS: 32.480316, 평균 프레임 시간: 0.000000ms, 클라이언트 수: 0
[17:48:26.712] [INFO] 서버 FPS: 33.464565, 평균 프레임 시간: 0.000000ms, 클라이언트 수: 0
[17:48:27.727] [INFO] 서버 FPS: 32.512314, 평균 프레임 시간: 0.000000ms, 클라이언트 수: 0
[17:48:28.755] [INFO] 서버 FPS: 31.976744, 평균 프레임 시간: 0.000000ms, 클라이언트 수: 0
[17:48:29.779] [INFO] 서버 FPS: 32.512314, 평균 프레임 시간: 0.000000ms, 클라이언트 수: 0
[17:48:30.800] [INFO] 서버 FPS: 32.480316, 평균 프레임 시간: 0.000000ms, 클라이언트 수: 0
[17:48:31.830] [INFO] 서버 FPS: 32.977692, 평균 프레임 시간: 0.000000ms, 클라이언트 수: 0
[17:48:32.856] [INFO] 서버 FPS: 32.007759, 평균 프레임 시간: 0.000000ms, 클라이언트 수: 0
[17:48:33.883] [INFO] 서버 FPS: 31.976744, 평균 프레임 시간: 0.000000ms, 클라이언트 수: 0
[17:48:34.912] [INFO] 서버 FPS: 32.977692, 평균 프레임 시간: 0.000000ms, 클라이언트 수: 0
[17:48:35.957] [INFO] 서버 FPS: 32.473736, 평균 프레임 시간: 0.000000ms, 클라이언트 수: 0
[17:48:37.001] [INFO] 서버 FPS: 32.977692, 평균 프레임 시간: 0.000000ms, 클라이언트 수: 0
[17:48:38.026] [INFO] 서버 FPS: 32.007759, 평균 프레임 시간: 0.000000ms, 클라이언트 수: 0
[17:48:39.037] [INFO] 서버 FPS: 33.464565, 평균 프레임 시간: 0.000000ms, 클라이언트 수: 0
[17:48:40.063] [INFO] 서버 FPS: 32.512314, 평균 프레임 시간: 0.000000ms, 클라이언트 수: 0
[17:48:41.092] [INFO] 서버 FPS: 32.945736, 평균 프레임 시간: 0.000000ms, 클라이언트 수: 0
[17:48:42.102] [INFO] 서버 FPS: 32.512314, 평균 프레임 시간: 0.000000ms, 클라이언트 수: 0
[17:48:43.126] [INFO] 서버 FPS: 33.464565, 평균 프레임 시간: 0.000000ms, 클라이언트 수: 0
[17:48:44.142] [INFO] 서버 FPS: 33.464565, 평균 프레임 시간: 0.000000ms, 클라이언트 수: 0
[17:48:45.167] [INFO] 서버 FPS: 32.007759, 평균 프레임 시간: 0.000000ms, 클라이언트 수: 0
