[13:11:18.107] [INFO] 로깅 시스템 초기화됨
[13:11:18.107] [INFO] 서버 인스턴스 생성됨
[13:11:18.107] [INFO] 서버 초기화 시작 (포트: 9000)
[13:11:18.108] [INFO] 윈속 초기화 성공
[13:11:18.110] [INFO] 리스닝 소켓 생성 성공
[13:11:18.110] [INFO] 소켓 바인딩 성공 (포트: 9000)
[13:11:18.110] [INFO] 리스닝 시작됨
[13:11:18.110] [INFO] IOCP 생성 성공
[13:11:18.111] [INFO] CPU 코어 수: 16, 생성할 작업자 스레드: 16
[13:11:18.111] [INFO] 작업자 스레드 #1 생성됨
[13:11:18.111] [INFO] 작업자 스레드 시작 (ThreadID: 36516)
[13:11:18.112] [INFO] 작업자 스레드 #2 생성됨
[13:11:18.112] [INFO] 작업자 스레드 시작 (ThreadID: 41856)
[13:11:18.112] [INFO] 작업자 스레드 #3 생성됨
[13:11:18.113] [INFO] 작업자 스레드 시작 (ThreadID: 5208)
[13:11:18.113] [INFO] 작업자 스레드 #4 생성됨
[13:11:18.113] [INFO] 작업자 스레드 시작 (ThreadID: 34948)
[13:11:18.114] [INFO] 작업자 스레드 #5 생성됨
[13:11:18.114] [INFO] 작업자 스레드 시작 (ThreadID: 38152)
[13:11:18.115] [INFO] 작업자 스레드 #6 생성됨
[13:11:18.115] [INFO] 작업자 스레드 시작 (ThreadID: 35052)
[13:11:18.115] [INFO] 작업자 스레드 #7 생성됨
[13:11:18.115] [INFO] 작업자 스레드 시작 (ThreadID: 41076)
[13:11:18.116] [INFO] 작업자 스레드 #8 생성됨
[13:11:18.116] [INFO] 작업자 스레드 시작 (ThreadID: 41200)
[13:11:18.116] [INFO] 작업자 스레드 #9 생성됨
[13:11:18.117] [INFO] 작업자 스레드 시작 (ThreadID: 28520)
[13:11:18.117] [INFO] 작업자 스레드 #10 생성됨
[13:11:18.117] [INFO] 작업자 스레드 시작 (ThreadID: 41876)
[13:11:18.117] [INFO] 작업자 스레드 #11 생성됨
[13:11:18.118] [INFO] 작업자 스레드 시작 (ThreadID: 30080)
[13:11:18.118] [INFO] 작업자 스레드 #12 생성됨
[13:11:18.119] [INFO] 작업자 스레드 시작 (ThreadID: 28048)
[13:11:18.119] [INFO] 작업자 스레드 #13 생성됨
[13:11:18.119] [INFO] 작업자 스레드 시작 (ThreadID: 40604)
[13:11:18.120] [INFO] 작업자 스레드 #14 생성됨
[13:11:18.120] [INFO] 작업자 스레드 시작 (ThreadID: 38648)
[13:11:18.121] [INFO] 작업자 스레드 #15 생성됨
[13:11:18.121] [INFO] 작업자 스레드 시작 (ThreadID: 20272)
[13:11:18.121] [INFO] 작업자 스레드 #16 생성됨
[13:11:18.121] [INFO] 작업자 스레드 시작 (ThreadID: 22004)
[13:11:18.122] [INFO] 서버 초기화 완료
[13:11:18.122] [INFO] 서버 실행. 포트 번호: 9000
[13:11:18.122] [INFO] IOCP 멀티플레이어 서버 시작됨...
[13:11:18.122] [INFO] 서버 실행 시작
[13:11:23.294] [INFO] 새 클라이언트에게 ID 1 전송됨
[13:11:23.298] [INFO] 초기 위치 정보 전송됨 - 클라이언트 ID: 1, 위치: X=0.000000, Y=0.000000, Z=90.000000
[13:11:23.298] [INFO] 새 플레이어 정보(ID: 1) 브로드캐스트 - 수신자 수: 0
[13:11:23.298] [INFO] 기존 플레이어 정보 0개가 새 클라이언트(ID: 1)에게 전송됨
[13:11:30.622] [WARNING] 클라이언트 Pong 타임아웃 발생 - ID: 1
[13:11:31.582] [ERROR] [SendPacket] WSASend 실패. 오류: 알 수 없는 오류: 10058, 컨텍스트: ServerPing, 클라이언트 ID: 1
[13:11:31.582] [INFO] 클라이언트 연결 끊김 (ID: 1)
[13:11:31.583] [ERROR] WSARecv 실패: 알 수 없는 오류: 10038, 클라이언트 ID: 1
[13:11:31.583] [INFO] 클라이언트 연결 끊김 알림(ID: 1) - 수신자 수: 0
[13:11:32.262] [WARNING] 존재하지 않는 클라이언트 ID를 제거하려고 시도: 1
[13:11:35.515] [INFO] 서버 FPS: 0.122018, 평균 프레임 시간: 1445.300049ms, 클라이언트 수: 0
