[16:05:24.209] [INFO] 로깅 시스템 초기화됨
[16:05:24.210] [INFO] 서버 인스턴스 생성됨
[16:05:24.210] [INFO] 서버 초기화 시작 (포트: 9000)
[16:05:24.212] [INFO] 윈속 초기화 성공
[16:05:24.215] [INFO] 리스닝 소켓 생성 성공
[16:05:24.216] [INFO] 소켓 바인딩 성공 (포트: 9000)
[16:05:24.217] [INFO] 리스닝 시작됨
[16:05:24.217] [INFO] IOCP 생성 성공
[16:05:24.218] [INFO] CPU 코어 수: 16, 생성할 작업자 스레드: 16
[16:05:24.219] [INFO] 작업자 스레드 #1 생성됨
[16:05:24.221] [INFO] 작업자 스레드 시작 (ThreadID: 37128)
[16:05:24.222] [INFO] 작업자 스레드 #2 생성됨
[16:05:24.222] [INFO] 작업자 스레드 시작 (ThreadID: 29492)
[16:05:24.227] [INFO] 작업자 스레드 #3 생성됨
[16:05:24.228] [INFO] 작업자 스레드 시작 (ThreadID: 13496)
[16:05:24.228] [INFO] 작업자 스레드 #4 생성됨
[16:05:24.229] [INFO] 작업자 스레드 시작 (ThreadID: 39420)
[16:05:24.229] [INFO] 작업자 스레드 #5 생성됨
[16:05:24.229] [INFO] 작업자 스레드 시작 (ThreadID: 25828)
[16:05:24.230] [INFO] 작업자 스레드 #6 생성됨
[16:05:24.230] [INFO] 작업자 스레드 시작 (ThreadID: 19916)
[16:05:24.231] [INFO] 작업자 스레드 #7 생성됨
[16:05:24.231] [INFO] 작업자 스레드 시작 (ThreadID: 37008)
[16:05:24.232] [INFO] 작업자 스레드 #8 생성됨
[16:05:24.232] [INFO] 작업자 스레드 시작 (ThreadID: 6988)
[16:05:24.232] [INFO] 작업자 스레드 #9 생성됨
[16:05:24.233] [INFO] 작업자 스레드 시작 (ThreadID: 34588)
[16:05:24.233] [INFO] 작업자 스레드 #10 생성됨
[16:05:24.233] [INFO] 작업자 스레드 시작 (ThreadID: 32568)
[16:05:24.234] [INFO] 작업자 스레드 #11 생성됨
[16:05:24.234] [INFO] 작업자 스레드 시작 (ThreadID: 44232)
[16:05:24.235] [INFO] 작업자 스레드 #12 생성됨
[16:05:24.235] [INFO] 작업자 스레드 시작 (ThreadID: 16512)
[16:05:24.235] [INFO] 작업자 스레드 #13 생성됨
[16:05:24.236] [INFO] 작업자 스레드 시작 (ThreadID: 11184)
[16:05:24.237] [INFO] 작업자 스레드 #14 생성됨
[16:05:24.237] [INFO] 작업자 스레드 시작 (ThreadID: 40084)
[16:05:24.238] [INFO] 작업자 스레드 #15 생성됨
[16:05:24.238] [INFO] 작업자 스레드 시작 (ThreadID: 38580)
[16:05:24.239] [INFO] 작업자 스레드 #16 생성됨
[16:05:24.239] [INFO] 작업자 스레드 시작 (ThreadID: 43268)
[16:05:24.239] [INFO] 서버 초기화 완료
[16:05:24.240] [INFO] 서버 실행. 포트 번호: 9000
[16:05:24.240] [INFO] IOCP 멀티플레이어 서버 시작됨...
[16:05:24.240] [INFO] 서버 실행 시작
[16:05:24.240] [INFO] listenSocket 논블로킹 설정 성공
[16:05:24.240] [INFO] [Run] Update() 호출 직전
[16:05:24.241] [INFO] [Run] Update() 호출 직후
[16:05:24.266] [INFO] [Run] Update() 호출 직전
[16:05:24.266] [INFO] [Run] Update() 호출 직후
[16:05:24.297] [INFO] [Run] Update() 호출 직전
[16:05:24.298] [INFO] [Run] Update() 호출 직후
[16:05:24.329] [INFO] [Run] Update() 호출 직전
[16:05:24.329] [INFO] [Run] Update() 호출 직후
[16:05:24.360] [INFO] [Run] Update() 호출 직전
[16:05:24.360] [INFO] [Run] Update() 호출 직후
[16:05:24.391] [INFO] [Run] Update() 호출 직전
[16:05:24.391] [INFO] [Run] Update() 호출 직후
[16:05:24.422] [INFO] [Run] Update() 호출 직전
[16:05:24.422] [INFO] [Run] Update() 호출 직후
[16:05:24.453] [INFO] [Run] Update() 호출 직전
[16:05:24.454] [INFO] [Run] Update() 호출 직후
[16:05:24.484] [INFO] [Run] Update() 호출 직전
[16:05:24.484] [INFO] [Run] Update() 호출 직후
[16:05:24.515] [INFO] [Run] Update() 호출 직전
[16:05:24.516] [INFO] [Run] Update() 호출 직후
[16:05:24.547] [INFO] [Run] Update() 호출 직전
[16:05:24.547] [INFO] [Run] Update() 호출 직후
[16:05:24.577] [INFO] [Run] Update() 호출 직전
[16:05:24.578] [INFO] [Run] Update() 호출 직후
[16:05:24.607] [INFO] [Run] Update() 호출 직전
[16:05:24.607] [INFO] [Run] Update() 호출 직후
[16:05:24.637] [INFO] [Run] Update() 호출 직전
[16:05:24.637] [INFO] [Run] Update() 호출 직후
[16:05:24.638] [INFO] [Run] Update() 호출 직전
[16:05:24.638] [INFO] [Run] Update() 호출 직후
[16:05:24.668] [INFO] [Run] Update() 호출 직전
[16:05:24.669] [INFO] [Run] Update() 호출 직후
[16:05:24.670] [INFO] [Run] Update() 호출 직전
[16:05:24.670] [INFO] [Run] Update() 호출 직후
[16:05:24.699] [INFO] [Run] Update() 호출 직전
[16:05:24.700] [INFO] [Run] Update() 호출 직후
[16:05:24.731] [INFO] [Run] Update() 호출 직전
[16:05:24.731] [INFO] [Run] Update() 호출 직후
[16:05:24.762] [INFO] [Run] Update() 호출 직전
[16:05:24.763] [INFO] [Run] Update() 호출 직후
[16:05:24.763] [INFO] [Run] Update() 호출 직전
[16:05:24.763] [INFO] [Run] Update() 호출 직후
[16:05:24.792] [INFO] [Run] Update() 호출 직전
[16:05:24.792] [INFO] [Run] Update() 호출 직후
[16:05:24.823] [INFO] [Run] Update() 호출 직전
[16:05:24.824] [INFO] [Run] Update() 호출 직후
[16:05:24.854] [INFO] [Run] Update() 호출 직전
[16:05:24.855] [INFO] [Run] Update() 호출 직후
[16:05:24.886] [INFO] [Run] Update() 호출 직전
[16:05:24.887] [INFO] [Run] Update() 호출 직후
[16:05:24.916] [INFO] [Run] Update() 호출 직전
[16:05:24.917] [INFO] [Run] Update() 호출 직후
[16:05:24.947] [INFO] [Run] Update() 호출 직전
[16:05:24.948] [INFO] [Run] Update() 호출 직후
[16:05:24.980] [INFO] [Run] Update() 호출 직전
[16:05:24.980] [INFO] [Run] Update() 호출 직후
[16:05:25.010] [INFO] [Run] Update() 호출 직전
[16:05:25.011] [INFO] [Run] Update() 호출 직후
[16:05:25.042] [INFO] [Run] Update() 호출 직전
[16:05:25.042] [INFO] [Run] Update() 호출 직후
[16:05:25.072] [INFO] [Run] Update() 호출 직전
[16:05:25.073] [INFO] [Run] Update() 호출 직후
[16:05:25.103] [INFO] [Run] Update() 호출 직전
[16:05:25.104] [INFO] [Run] Update() 호출 직후
[16:05:25.134] [INFO] [Run] Update() 호출 직전
[16:05:25.135] [INFO] [Run] Update() 호출 직후
[16:05:25.166] [INFO] [Run] Update() 호출 직전
[16:05:25.167] [INFO] [Run] Update() 호출 직후
[16:05:25.198] [INFO] [Run] Update() 호출 직전
[16:05:25.199] [INFO] [Run] Update() 호출 직후
[16:05:25.229] [INFO] [Run] Update() 호출 직전
[16:05:25.229] [INFO] [Run] Update() 호출 직후
[16:05:25.260] [INFO] 서버 FPS: 36.417324, 평균 프레임 시간: 0.648569ms, 클라이언트 수: 0
[16:05:25.260] [INFO] [Run] Update() 호출 직전
[16:05:25.261] [INFO] [Run] Update() 호출 직후
[16:05:25.292] [INFO] [Run] Update() 호출 직전
[16:05:25.292] [INFO] [Run] Update() 호출 직후
[16:05:25.324] [INFO] [Run] Update() 호출 직전
[16:05:25.324] [INFO] [Run] Update() 호출 직후
[16:05:25.355] [INFO] [Run] Update() 호출 직전
[16:05:25.355] [INFO] [Run] Update() 호출 직후
[16:05:25.386] [INFO] [Run] Update() 호출 직전
[16:05:25.386] [INFO] [Run] Update() 호출 직후
[16:05:25.417] [INFO] [Run] Update() 호출 직전
[16:05:25.417] [INFO] [Run] Update() 호출 직후
[16:05:25.448] [INFO] [Run] Update() 호출 직전
[16:05:25.448] [INFO] [Run] Update() 호출 직후
[16:05:25.479] [INFO] [Run] Update() 호출 직전
[16:05:25.480] [INFO] [Run] Update() 호출 직후
[16:05:25.510] [INFO] [Run] Update() 호출 직전
[16:05:25.511] [INFO] [Run] Update() 호출 직후
[16:05:25.541] [INFO] [Run] Update() 호출 직전
[16:05:25.541] [INFO] [Run] Update() 호출 직후
[16:05:25.572] [INFO] [Run] Update() 호출 직전
[16:05:25.572] [INFO] [Run] Update() 호출 직후
[16:05:25.603] [INFO] [Run] Update() 호출 직전
[16:05:25.603] [INFO] [Run] Update() 호출 직후
[16:05:25.633] [INFO] [Run] Update() 호출 직전
[16:05:25.634] [INFO] [Run] Update() 호출 직후
[16:05:25.664] [INFO] [Run] Update() 호출 직전
[16:05:25.665] [INFO] [Run] Update() 호출 직후
[16:05:25.696] [INFO] [Run] Update() 호출 직전
[16:05:25.696] [INFO] [Run] Update() 호출 직후
[16:05:25.727] [INFO] [Run] Update() 호출 직전
[16:05:25.728] [INFO] [Run] Update() 호출 직후
[16:05:25.759] [INFO] [Run] Update() 호출 직전
[16:05:25.759] [INFO] [Run] Update() 호출 직후
[16:05:25.789] [INFO] [Run] Update() 호출 직전
[16:05:25.790] [INFO] [Run] Update() 호출 직후
[16:05:25.820] [INFO] [Run] Update() 호출 직전
[16:05:25.820] [INFO] [Run] Update() 호출 직후
[16:05:25.851] [INFO] [Run] Update() 호출 직전
[16:05:25.851] [INFO] [Run] Update() 호출 직후
[16:05:25.882] [INFO] [Run] Update() 호출 직전
[16:05:25.883] [INFO] [Run] Update() 호출 직후
[16:05:25.913] [INFO] [Run] Update() 호출 직전
[16:05:25.914] [INFO] [Run] Update() 호출 직후
[16:05:25.944] [INFO] [Run] Update() 호출 직전
[16:05:25.949] [INFO] [Run] Update() 호출 직후
[16:05:25.974] [INFO] [Run] Update() 호출 직전
[16:05:25.975] [INFO] [Run] Update() 호출 직후
[16:05:26.005] [INFO] [Run] Update() 호출 직전
[16:05:26.006] [INFO] [Run] Update() 호출 직후
[16:05:26.036] [INFO] [Run] Update() 호출 직전
[16:05:26.037] [INFO] [Run] Update() 호출 직후
[16:05:26.067] [INFO] [Run] Update() 호출 직전
[16:05:26.068] [INFO] [Run] Update() 호출 직후
[16:05:26.098] [INFO] [Run] Update() 호출 직전
[16:05:26.098] [INFO] [Run] Update() 호출 직후
[16:05:26.128] [INFO] [Run] Update() 호출 직전
[16:05:26.129] [INFO] [Run] Update() 호출 직후
[16:05:26.159] [INFO] [Run] Update() 호출 직전
[16:05:26.159] [INFO] [Run] Update() 호출 직후
[16:05:26.189] [INFO] [Run] Update() 호출 직전
[16:05:26.190] [INFO] [Run] Update() 호출 직후
[16:05:26.220] [INFO] [Run] Update() 호출 직전
[16:05:26.221] [INFO] [Run] Update() 호출 직후
[16:05:26.252] [INFO] [Run] Update() 호출 직전
[16:05:26.252] [INFO] [Run] Update() 호출 직후
[16:05:26.283] [INFO] 서버 FPS: 32.007759, 평균 프레임 시간: 0.020043ms, 클라이언트 수: 0
[16:05:26.284] [INFO] [Run] Update() 호출 직전
[16:05:26.284] [INFO] [Run] Update() 호출 직후
[16:05:26.314] [INFO] [Run] Update() 호출 직전
[16:05:26.315] [INFO] [Run] Update() 호출 직후
[16:05:26.346] [INFO] [Run] Update() 호출 직전
[16:05:26.348] [INFO] [Run] Update() 호출 직후
[16:05:26.377] [INFO] [Run] Update() 호출 직전
[16:05:26.378] [INFO] [Run] Update() 호출 직후
[16:05:26.408] [INFO] [Run] Update() 호출 직전
[16:05:26.409] [INFO] [Run] Update() 호출 직후
[16:05:26.440] [INFO] [Run] Update() 호출 직전
[16:05:26.440] [INFO] [Run] Update() 호출 직후
[16:05:26.472] [INFO] [Run] Update() 호출 직전
[16:05:26.474] [INFO] [Run] Update() 호출 직후
[16:05:26.503] [INFO] [Run] Update() 호출 직전
[16:05:26.504] [INFO] [Run] Update() 호출 직후
[16:05:26.535] [INFO] [Run] Update() 호출 직전
[16:05:26.536] [INFO] [Run] Update() 호출 직후
[16:05:26.568] [INFO] [Run] Update() 호출 직전
[16:05:26.569] [INFO] [Run] Update() 호출 직후
[16:05:26.599] [INFO] [Run] Update() 호출 직전
[16:05:26.599] [INFO] [Run] Update() 호출 직후
[16:05:26.630] [INFO] [Run] Update() 호출 직전
[16:05:26.631] [INFO] [Run] Update() 호출 직후
[16:05:26.662] [INFO] [Run] Update() 호출 직전
[16:05:26.663] [INFO] [Run] Update() 호출 직후
[16:05:26.693] [INFO] [Run] Update() 호출 직전
[16:05:26.693] [INFO] [Run] Update() 호출 직후
[16:05:26.724] [INFO] [Run] Update() 호출 직전
[16:05:26.725] [INFO] [Run] Update() 호출 직후
[16:05:26.755] [INFO] [Run] Update() 호출 직전
[16:05:26.755] [INFO] [Run] Update() 호출 직후
[16:05:26.786] [INFO] [Run] Update() 호출 직전
[16:05:26.787] [INFO] [Run] Update() 호출 직후
[16:05:26.817] [INFO] [Run] Update() 호출 직전
[16:05:26.818] [INFO] [Run] Update() 호출 직후
[16:05:26.849] [INFO] [Run] Update() 호출 직전
[16:05:26.850] [INFO] [Run] Update() 호출 직후
[16:05:26.880] [INFO] [Run] Update() 호출 직전
[16:05:26.880] [INFO] [Run] Update() 호출 직후
[16:05:26.912] [INFO] [Run] Update() 호출 직전
[16:05:26.912] [INFO] [Run] Update() 호출 직후
[16:05:26.943] [INFO] [Run] Update() 호출 직전
[16:05:26.944] [INFO] [Run] Update() 호출 직후
[16:05:26.975] [INFO] [Run] Update() 호출 직전
[16:05:26.976] [INFO] [Run] Update() 호출 직후
[16:05:27.006] [INFO] [Run] Update() 호출 직전
[16:05:27.006] [INFO] [Run] Update() 호출 직후
[16:05:27.037] [INFO] [Run] Update() 호출 직전
[16:05:27.037] [INFO] [Run] Update() 호출 직후
[16:05:27.068] [INFO] [Run] Update() 호출 직전
[16:05:27.069] [INFO] [Run] Update() 호출 직후
[16:05:27.099] [INFO] [Run] Update() 호출 직전
[16:05:27.100] [INFO] [Run] Update() 호출 직후
[16:05:27.129] [INFO] [Run] Update() 호출 직전
[16:05:27.130] [INFO] [Run] Update() 호출 직후
[16:05:27.161] [INFO] [Run] Update() 호출 직전
[16:05:27.161] [INFO] [Run] Update() 호출 직후
[16:05:27.191] [INFO] [Run] Update() 호출 직전
[16:05:27.192] [INFO] [Run] Update() 호출 직후
