[12:42:02.904] [INFO] 로깅 시스템 초기화됨
[12:42:02.905] [INFO] 서버 인스턴스 생성됨
[12:42:02.905] [INFO] 서버 초기화 시작 (포트: 9000)
[12:42:02.906] [INFO] 윈속 초기화 성공
[12:42:02.906] [INFO] 리스닝 소켓 생성 성공
[12:42:02.906] [INFO] 소켓 바인딩 성공 (포트: 9000)
[12:42:02.907] [INFO] 리스닝 시작됨
[12:42:02.907] [INFO] IOCP 생성 성공
[12:42:02.907] [INFO] CPU 코어 수: 16, 생성할 작업자 스레드: 16
[12:42:02.907] [INFO] 작업자 스레드 #1 생성됨
[12:42:02.908] [INFO] 작업자 스레드 시작 (ThreadID: 3452)
[12:42:02.908] [INFO] 작업자 스레드 #2 생성됨
[12:42:02.908] [INFO] 작업자 스레드 시작 (ThreadID: 20032)
[12:42:02.909] [INFO] 작업자 스레드 #3 생성됨
[12:42:02.909] [INFO] 작업자 스레드 시작 (ThreadID: 23448)
[12:42:02.909] [INFO] 작업자 스레드 #4 생성됨
[12:42:02.909] [INFO] 작업자 스레드 시작 (ThreadID: 5852)
[12:42:02.909] [INFO] 작업자 스레드 #5 생성됨
[12:42:02.910] [INFO] 작업자 스레드 시작 (ThreadID: 34432)
[12:42:02.910] [INFO] 작업자 스레드 #6 생성됨
[12:42:02.910] [INFO] 작업자 스레드 시작 (ThreadID: 2800)
[12:42:02.910] [INFO] 작업자 스레드 #7 생성됨
[12:42:02.910] [INFO] 작업자 스레드 시작 (ThreadID: 6696)
[12:42:02.910] [INFO] 작업자 스레드 #8 생성됨
[12:42:02.911] [INFO] 작업자 스레드 시작 (ThreadID: 17732)
[12:42:02.911] [INFO] 작업자 스레드 #9 생성됨
[12:42:02.911] [INFO] 작업자 스레드 시작 (ThreadID: 10324)
[12:42:02.911] [INFO] 작업자 스레드 #10 생성됨
[12:42:02.911] [INFO] 작업자 스레드 시작 (ThreadID: 22832)
[12:42:02.912] [INFO] 작업자 스레드 #11 생성됨
[12:42:02.912] [INFO] 작업자 스레드 시작 (ThreadID: 16388)
[12:42:02.912] [INFO] 작업자 스레드 #12 생성됨
[12:42:02.912] [INFO] 작업자 스레드 시작 (ThreadID: 34548)
[12:42:02.912] [INFO] 작업자 스레드 #13 생성됨
[12:42:02.913] [INFO] 작업자 스레드 시작 (ThreadID: 31448)
[12:42:02.913] [INFO] 작업자 스레드 #14 생성됨
[12:42:02.913] [INFO] 작업자 스레드 시작 (ThreadID: 13220)
[12:42:02.914] [INFO] 작업자 스레드 #15 생성됨
[12:42:02.914] [INFO] 작업자 스레드 시작 (ThreadID: 25736)
[12:42:02.914] [INFO] 작업자 스레드 #16 생성됨
[12:42:02.914] [INFO] 서버 초기화 완료
[12:42:02.914] [INFO] 서버 실행. 포트 번호: 9000
[12:42:02.914] [INFO] IOCP 멀티플레이어 서버 시작됨...
[12:42:02.915] [INFO] 서버 실행 시작
[12:42:02.915] [INFO] 작업자 스레드 시작 (ThreadID: 13552)
[12:42:02.915] [INFO] listenSocket 논블로킹 설정 성공
[12:42:03.933] [INFO] 서버 FPS: 33.464565, 평균 프레임 시간: 0.000000ms, 클라이언트 수: 0
[12:42:04.960] [INFO] 서버 FPS: 32.977692, 평균 프레임 시간: 0.000000ms, 클라이언트 수: 0
[12:42:05.985] [INFO] 서버 FPS: 32.007759, 평균 프레임 시간: 0.000000ms, 클라이언트 수: 0
[12:42:07.028] [INFO] 서버 FPS: 33.914730, 평균 프레임 시간: 0.000000ms, 클라이언트 수: 0
[12:42:08.055] [INFO] 서버 FPS: 32.007759, 평균 프레임 시간: 0.000000ms, 클라이언트 수: 0
[12:42:09.082] [INFO] 서버 FPS: 32.007759, 평균 프레임 시간: 0.000000ms, 클라이언트 수: 0
[12:42:10.110] [INFO] 서버 FPS: 32.977692, 평균 프레임 시간: 0.000000ms, 클라이언트 수: 0
[12:42:11.132] [INFO] 서버 FPS: 32.480316, 평균 프레임 시간: 0.000000ms, 클라이언트 수: 0
[12:42:11.459] [INFO] 새 클라이언트에게 ID 1 전송됨
[12:42:11.459] [INFO] 새 플레이어 정보(ID: 1) 브로드캐스트 - 수신자 수: 0
[12:42:11.459] [INFO] 기존 플레이어 정보 0개가 새 클라이언트(ID: 1)에게 전송됨
[12:42:11.645] [INFO] 새 클라이언트에게 ID 2 전송됨
[12:42:11.646] [INFO] 새 플레이어 정보(ID: 2) 브로드캐스트 - 수신자 수: 1
[12:42:11.646] [INFO] 기존 플레이어 정보 1개가 새 클라이언트(ID: 2)에게 전송됨
[12:42:12.160] [INFO] 서버 FPS: 32.977692, 평균 프레임 시간: 0.000000ms, 클라이언트 수: 2
[12:42:13.180] [INFO] 서버 FPS: 32.480316, 평균 프레임 시간: 0.000000ms, 클라이언트 수: 2
[12:42:14.208] [INFO] 서버 FPS: 32.977692, 평균 프레임 시간: 0.000000ms, 클라이언트 수: 2
[12:42:15.233] [INFO] 서버 FPS: 32.480316, 평균 프레임 시간: 0.000000ms, 클라이언트 수: 2
[12:42:15.355] [INFO] [Packet] Pong 전송 - ClientId: 1
[12:42:15.356] [INFO] [Packet] Pong 전송 - ClientId: 2
[12:42:16.261] [INFO] 서버 FPS: 32.007759, 평균 프레임 시간: 0.000000ms, 클라이언트 수: 2
[12:42:16.354] [INFO] [Packet] Pong 전송 - ClientId: 1
[12:42:16.357] [INFO] [Packet] Pong 전송 - ClientId: 2
[12:42:17.292] [INFO] 서버 FPS: 32.007759, 평균 프레임 시간: 0.000000ms, 클라이언트 수: 2
[12:42:17.355] [INFO] [Packet] Pong 전송 - ClientId: 1
[12:42:17.356] [INFO] [Packet] Pong 전송 - ClientId: 2
[12:42:18.308] [INFO] 서버 FPS: 32.480316, 평균 프레임 시간: 0.000000ms, 클라이언트 수: 2
[12:42:18.355] [INFO] [Packet] Pong 전송 - ClientId: 1
[12:42:18.356] [INFO] [Packet] Pong 전송 - ClientId: 2
[12:42:19.336] [INFO] 서버 FPS: 32.977692, 평균 프레임 시간: 0.000000ms, 클라이언트 수: 2
[12:42:19.354] [INFO] [Packet] Pong 전송 - ClientId: 1
[12:42:19.355] [INFO] [Packet] Pong 전송 - ClientId: 2
[12:42:20.347] [INFO] 서버 FPS: 32.480316, 평균 프레임 시간: 0.000000ms, 클라이언트 수: 2
[12:42:20.354] [INFO] [Packet] Pong 전송 - ClientId: 1
[12:42:20.355] [INFO] [Packet] Pong 전송 - ClientId: 2
[12:42:21.354] [INFO] [Packet] Pong 전송 - ClientId: 1
[12:42:21.355] [INFO] [Packet] Pong 전송 - ClientId: 2
[12:42:21.391] [INFO] 서버 FPS: 32.977692, 평균 프레임 시간: 0.000000ms, 클라이언트 수: 2
[12:42:22.144] [INFO] 입력 패킷 수신 - 클라이언트 ID: 2, Forward: 0.000000, Right: 0.000000, Yaw: 0.000000, Jump: false, Attack: true
[12:42:22.207] [INFO] [Packet] Pong 전송 - ClientId: 1
[12:42:22.208] [INFO] [Packet] Pong 전송 - ClientId: 2
[12:42:22.411] [INFO] 서버 FPS: 32.007759, 평균 프레임 시간: 0.000000ms, 클라이언트 수: 2
[12:42:23.155] [INFO] [Packet] Pong 전송 - ClientId: 1
[12:42:23.155] [INFO] [Packet] Pong 전송 - ClientId: 2
[12:42:23.235] [INFO] 입력 패킷 수신 - 클라이언트 ID: 2, Forward: 0.000000, Right: 0.000000, Yaw: 0.000000, Jump: false, Attack: false
[12:42:23.431] [INFO] 서버 FPS: 32.480316, 평균 프레임 시간: 0.000000ms, 클라이언트 수: 2
[12:42:24.177] [INFO] [Packet] Pong 전송 - ClientId: 1
[12:42:24.178] [INFO] [Packet] Pong 전송 - ClientId: 2
[12:42:24.466] [INFO] 서버 FPS: 32.977692, 평균 프레임 시간: 0.000000ms, 클라이언트 수: 2
[12:42:25.130] [INFO] 입력 패킷 수신 - 클라이언트 ID: 2, Forward: 1.000000, Right: 0.000000, Yaw: 0.000000, Jump: false, Attack: false
[12:42:25.210] [INFO] [Packet] Pong 전송 - ClientId: 1
[12:42:25.212] [INFO] [Packet] Pong 전송 - ClientId: 2
[12:42:25.486] [INFO] 서버 FPS: 32.007759, 평균 프레임 시간: 0.000000ms, 클라이언트 수: 2
[12:42:26.174] [INFO] [Packet] Pong 전송 - ClientId: 1
[12:42:26.175] [INFO] [Packet] Pong 전송 - ClientId: 2
[12:42:26.502] [INFO] 서버 FPS: 32.480316, 평균 프레임 시간: 0.000000ms, 클라이언트 수: 2
[12:42:27.219] [INFO] [Packet] Pong 전송 - ClientId: 1
[12:42:27.220] [INFO] [Packet] Pong 전송 - ClientId: 2
[12:42:27.382] [INFO] 입력 패킷 수신 - 클라이언트 ID: 2, Forward: -1.000000, Right: -0.000000, Yaw: 0.000000, Jump: false, Attack: false
[12:42:27.524] [INFO] 서버 FPS: 32.480316, 평균 프레임 시간: 0.000000ms, 클라이언트 수: 2
[12:42:28.179] [INFO] [Packet] Pong 전송 - ClientId: 1
[12:42:28.180] [INFO] [Packet] Pong 전송 - ClientId: 2
[12:42:28.545] [INFO] 서버 FPS: 32.512314, 평균 프레임 시간: 0.000000ms, 클라이언트 수: 2
[12:42:29.211] [INFO] [Packet] Pong 전송 - ClientId: 1
[12:42:29.212] [INFO] [Packet] Pong 전송 - ClientId: 2
[12:42:29.563] [INFO] 서버 FPS: 32.480316, 평균 프레임 시간: 0.000000ms, 클라이언트 수: 2
[12:42:29.694] [INFO] 입력 패킷 수신 - 클라이언트 ID: 2, Forward: -0.000000, Right: -1.000000, Yaw: 0.000000, Jump: false, Attack: false
[12:42:30.176] [INFO] [Packet] Pong 전송 - ClientId: 1
[12:42:30.177] [INFO] [Packet] Pong 전송 - ClientId: 2
[12:42:30.586] [INFO] 서버 FPS: 32.007759, 평균 프레임 시간: 0.000000ms, 클라이언트 수: 2
[12:42:30.988] [INFO] 입력 패킷 수신 - 클라이언트 ID: 2, Forward: 0.000000, Right: 1.000000, Yaw: 0.000000, Jump: false, Attack: false
[12:42:31.224] [INFO] [Packet] Pong 전송 - ClientId: 1
[12:42:31.225] [INFO] [Packet] Pong 전송 - ClientId: 2
[12:42:31.621] [INFO] 서버 FPS: 33.947624, 평균 프레임 시간: 0.451887ms, 클라이언트 수: 2
[12:42:32.176] [INFO] [Packet] Pong 전송 - ClientId: 1
[12:42:32.177] [INFO] [Packet] Pong 전송 - ClientId: 2
[12:42:32.654] [INFO] 서버 FPS: 32.945736, 평균 프레임 시간: 0.012568ms, 클라이언트 수: 2
[12:42:32.802] [INFO] 입력 패킷 수신 - 클라이언트 ID: 2, Forward: 1.000000, Right: 0.000000, Yaw: 0.000000, Jump: false, Attack: false
[12:42:33.193] [INFO] [Packet] Pong 전송 - ClientId: 1
[12:42:33.194] [INFO] 입력 패킷 수신 - 클라이언트 ID: 2, Forward: 1.000000, Right: 1.000000, Yaw: 0.000000, Jump: false, Attack: false
[12:42:33.194] [INFO] [Packet] Pong 전송 - ClientId: 2
[12:42:33.515] [INFO] 입력 패킷 수신 - 클라이언트 ID: 2, Forward: 1.000000, Right: 0.000000, Yaw: 0.000000, Jump: false, Attack: false
[12:42:33.597] [INFO] 입력 패킷 수신 - 클라이언트 ID: 2, Forward: 1.000000, Right: -1.000000, Yaw: 0.000000, Jump: false, Attack: false
[12:42:33.676] [INFO] 서버 FPS: 32.007759, 평균 프레임 시간: 0.000388ms, 클라이언트 수: 2
[12:42:33.925] [INFO] 입력 패킷 수신 - 클라이언트 ID: 2, Forward: -0.000000, Right: -1.000000, Yaw: 0.000000, Jump: false, Attack: false
[12:42:34.170] [INFO] [Packet] Pong 전송 - ClientId: 1
[12:42:34.171] [INFO] [Packet] Pong 전송 - ClientId: 2
[12:42:34.426] [INFO] 입력 패킷 수신 - 클라이언트 ID: 2, Forward: -1.000000, Right: -1.000000, Yaw: 0.000000, Jump: false, Attack: false
[12:42:34.674] [INFO] 입력 패킷 수신 - 클라이언트 ID: 2, Forward: -1.000000, Right: -0.000000, Yaw: 0.000000, Jump: false, Attack: false
[12:42:34.716] [INFO] 서버 FPS: 32.977692, 평균 프레임 시간: 0.000011ms, 클라이언트 수: 2
[12:42:35.011] [INFO] 입력 패킷 수신 - 클라이언트 ID: 2, Forward: -1.000000, Right: 1.000000, Yaw: 0.000000, Jump: false, Attack: false
[12:42:35.175] [INFO] [Packet] Pong 전송 - ClientId: 1
[12:42:35.176] [INFO] [Packet] Pong 전송 - ClientId: 2
[12:42:35.263] [INFO] 입력 패킷 수신 - 클라이언트 ID: 2, Forward: 0.000000, Right: 1.000000, Yaw: 0.000000, Jump: false, Attack: false
[12:42:35.595] [INFO] 입력 패킷 수신 - 클라이언트 ID: 2, Forward: 0.000000, Right: 1.000000, Yaw: 0.000000, Jump: true, Attack: false
[12:42:35.737] [INFO] 서버 FPS: 32.007759, 평균 프레임 시간: 0.000000ms, 클라이언트 수: 2
[12:42:36.167] [INFO] [Packet] Pong 전송 - ClientId: 1
[12:42:36.168] [INFO] [Packet] Pong 전송 - ClientId: 2
[12:42:36.757] [INFO] 서버 FPS: 32.480316, 평균 프레임 시간: 0.000000ms, 클라이언트 수: 2
[12:42:36.801] [INFO] 입력 패킷 수신 - 클라이언트 ID: 2, Forward: 0.000000, Right: 1.000000, Yaw: 0.000000, Jump: false, Attack: false
[12:42:37.200] [INFO] [Packet] Pong 전송 - ClientId: 1
[12:42:37.201] [INFO] [Packet] Pong 전송 - ClientId: 2
[12:42:37.780] [INFO] 서버 FPS: 32.480316, 평균 프레임 시간: 0.000000ms, 클라이언트 수: 2
[12:42:38.159] [INFO] [Packet] Pong 전송 - ClientId: 1
[12:42:38.160] [INFO] [Packet] Pong 전송 - ClientId: 2
[12:42:38.242] [INFO] 입력 패킷 수신 - 클라이언트 ID: 2, Forward: 0.000000, Right: 1.000000, Yaw: 0.000000, Jump: true, Attack: false
[12:42:38.799] [INFO] 서버 FPS: 32.007759, 평균 프레임 시간: 0.000000ms, 클라이언트 수: 2
[12:42:39.195] [INFO] [Packet] Pong 전송 - ClientId: 1
[12:42:39.196] [INFO] [Packet] Pong 전송 - ClientId: 2
[12:42:39.432] [INFO] 입력 패킷 수신 - 클라이언트 ID: 2, Forward: 0.000000, Right: 1.000000, Yaw: 0.000000, Jump: false, Attack: false
[12:42:39.815] [INFO] 서버 FPS: 32.512314, 평균 프레임 시간: 0.000000ms, 클라이언트 수: 2
[12:42:40.216] [INFO] [Packet] Pong 전송 - ClientId: 1
[12:42:40.217] [INFO] [Packet] Pong 전송 - ClientId: 2
[12:42:40.781] [INFO] 입력 패킷 수신 - 클라이언트 ID: 2, Forward: -0.000000, Right: -1.000000, Yaw: 0.000000, Jump: false, Attack: false
[12:42:40.836] [INFO] 서버 FPS: 32.480316, 평균 프레임 시간: 0.000000ms, 클라이언트 수: 2
[12:42:41.176] [INFO] [Packet] Pong 전송 - ClientId: 1
[12:42:41.177] [INFO] [Packet] Pong 전송 - ClientId: 2
[12:42:41.423] [INFO] 입력 패킷 수신 - 클라이언트 ID: 2, Forward: 1.000000, Right: 0.000000, Yaw: 0.000000, Jump: false, Attack: false
[12:42:41.870] [INFO] 서버 FPS: 32.977692, 평균 프레임 시간: 0.000000ms, 클라이언트 수: 2
[12:42:41.987] [INFO] 입력 패킷 수신 - 클라이언트 ID: 2, Forward: 1.000000, Right: 0.000000, Yaw: 0.000000, Jump: true, Attack: false
[12:42:42.225] [INFO] [Packet] Pong 전송 - ClientId: 1
[12:42:42.226] [INFO] [Packet] Pong 전송 - ClientId: 2
[12:42:42.886] [INFO] 서버 FPS: 32.480316, 평균 프레임 시간: 0.000000ms, 클라이언트 수: 2
[12:42:43.202] [INFO] [Packet] Pong 전송 - ClientId: 1
[12:42:43.204] [INFO] [Packet] Pong 전송 - ClientId: 2
[12:42:43.204] [INFO] 입력 패킷 수신 - 클라이언트 ID: 2, Forward: 1.000000, Right: 0.000000, Yaw: 0.000000, Jump: false, Attack: false
[12:42:43.906] [INFO] 서버 FPS: 32.480316, 평균 프레임 시간: 0.000000ms, 클라이언트 수: 2
[12:42:44.230] [INFO] [Packet] Pong 전송 - ClientId: 1
[12:42:44.231] [INFO] [Packet] Pong 전송 - ClientId: 2
[12:42:44.311] [INFO] 입력 패킷 수신 - 클라이언트 ID: 2, Forward: -1.000000, Right: -0.000000, Yaw: 0.000000, Jump: false, Attack: false
[12:42:44.926] [INFO] 서버 FPS: 32.007759, 평균 프레임 시간: 0.000000ms, 클라이언트 수: 2
[12:42:45.176] [INFO] [Packet] Pong 전송 - ClientId: 1
[12:42:45.177] [INFO] 입력 패킷 수신 - 클라이언트 ID: 2, Forward: -1.000000, Right: 1.000000, Yaw: 0.000000, Jump: false, Attack: false
[12:42:45.177] [INFO] [Packet] Pong 전송 - ClientId: 2
[12:42:45.957] [INFO] 서버 FPS: 32.977692, 평균 프레임 시간: 0.087225ms, 클라이언트 수: 2
[12:42:46.072] [INFO] 입력 패킷 수신 - 클라이언트 ID: 2, Forward: -1.000000, Right: -0.000000, Yaw: 0.000000, Jump: false, Attack: false
[12:42:46.160] [INFO] 입력 패킷 수신 - 클라이언트 ID: 2, Forward: -1.000000, Right: -0.000000, Yaw: 0.000000, Jump: false, Attack: true
[12:42:46.234] [INFO] [Packet] Pong 전송 - ClientId: 1
[12:42:46.235] [INFO] [Packet] Pong 전송 - ClientId: 2
[12:42:46.976] [INFO] 서버 FPS: 32.480316, 평균 프레임 시간: 0.002696ms, 클라이언트 수: 2
[12:42:47.190] [INFO] [Packet] Pong 전송 - ClientId: 1
[12:42:47.191] [INFO] [Packet] Pong 전송 - ClientId: 2
[12:42:47.192] [INFO] 입력 패킷 수신 - 클라이언트 ID: 2, Forward: -1.000000, Right: -0.000000, Yaw: 0.000000, Jump: false, Attack: false
[12:42:47.350] [INFO] 입력 패킷 수신 - 클라이언트 ID: 2, Forward: -1.000000, Right: -0.000000, Yaw: 3.675000, Jump: false, Attack: false
[12:42:47.434] [INFO] 입력 패킷 수신 - 클라이언트 ID: 2, Forward: -1.000000, Right: -0.000000, Yaw: 7.700000, Jump: false, Attack: false
[12:42:47.515] [INFO] 입력 패킷 수신 - 클라이언트 ID: 2, Forward: -1.000000, Right: -0.000000, Yaw: 8.225000, Jump: false, Attack: false
[12:42:47.993] [INFO] 서버 FPS: 33.497536, 평균 프레임 시간: 0.194597ms, 클라이언트 수: 2
[12:42:48.237] [INFO] [Packet] Pong 전송 - ClientId: 1
[12:42:48.238] [INFO] [Packet] Pong 전송 - ClientId: 2
[12:42:49.018] [INFO] 서버 FPS: 31.976744, 평균 프레임 시간: 0.006014ms, 클라이언트 수: 2
[12:42:49.216] [INFO] [Packet] Pong 전송 - ClientId: 1
[12:42:49.217] [INFO] [Packet] Pong 전송 - ClientId: 2
[12:42:50.041] [INFO] 서버 FPS: 32.512314, 평균 프레임 시간: 0.000186ms, 클라이언트 수: 2
[12:42:50.163] [INFO] [Packet] Pong 전송 - ClientId: 1
[12:42:50.165] [INFO] [Packet] Pong 전송 - ClientId: 2
[12:42:50.244] [INFO] 입력 패킷 수신 - 클라이언트 ID: 1, Forward: 0.000000, Right: 0.000000, Yaw: 0.000000, Jump: false, Attack: true
[12:42:50.402] [INFO] 입력 패킷 수신 - 클라이언트 ID: 1, Forward: 0.000000, Right: 0.000000, Yaw: 1.575000, Jump: false, Attack: true
[12:42:50.482] [INFO] 입력 패킷 수신 - 클라이언트 ID: 1, Forward: 0.000000, Right: 0.000000, Yaw: 5.250000, Jump: false, Attack: true
[12:42:50.561] [INFO] 입력 패킷 수신 - 클라이언트 ID: 1, Forward: 0.000000, Right: 0.000000, Yaw: 5.775000, Jump: false, Attack: true
[12:42:50.642] [INFO] 입력 패킷 수신 - 클라이언트 ID: 1, Forward: 0.000000, Right: 0.000000, Yaw: 0.175000, Jump: false, Attack: true
[12:42:50.724] [INFO] 입력 패킷 수신 - 클라이언트 ID: 1, Forward: 0.000000, Right: 0.000000, Yaw: 0.000000, Jump: false, Attack: true
[12:42:50.807] [INFO] 입력 패킷 수신 - 클라이언트 ID: 1, Forward: 0.000000, Right: 0.000000, Yaw: 3.150001, Jump: false, Attack: true
[12:42:50.885] [INFO] 입력 패킷 수신 - 클라이언트 ID: 1, Forward: 0.000000, Right: 0.000000, Yaw: 14.875001, Jump: false, Attack: true
[12:42:50.969] [INFO] 입력 패킷 수신 - 클라이언트 ID: 1, Forward: 0.000000, Right: 0.000000, Yaw: 42.000000, Jump: false, Attack: true
[12:42:51.048] [INFO] 입력 패킷 수신 - 클라이언트 ID: 1, Forward: 0.000000, Right: 0.000000, Yaw: 60.200001, Jump: false, Attack: true
[12:42:51.059] [INFO] 서버 FPS: 32.480316, 평균 프레임 시간: 0.000006ms, 클라이언트 수: 2
[12:42:51.133] [INFO] 입력 패킷 수신 - 클라이언트 ID: 1, Forward: 0.000000, Right: 0.000000, Yaw: 84.525002, Jump: false, Attack: true
[12:42:51.219] [INFO] [Packet] Pong 전송 - ClientId: 1
[12:42:51.220] [INFO] 입력 패킷 수신 - 클라이언트 ID: 1, Forward: 0.000000, Right: 0.000000, Yaw: 103.250000, Jump: false, Attack: true
[12:42:51.220] [INFO] [Packet] Pong 전송 - ClientId: 2
[12:42:51.313] [INFO] 입력 패킷 수신 - 클라이언트 ID: 1, Forward: 0.000000, Right: 0.000000, Yaw: 120.925003, Jump: false, Attack: false
[12:42:51.402] [INFO] 입력 패킷 수신 - 클라이언트 ID: 1, Forward: 0.000000, Right: 0.000000, Yaw: 135.100006, Jump: false, Attack: false
[12:42:51.491] [INFO] 입력 패킷 수신 - 클라이언트 ID: 1, Forward: 0.000000, Right: 0.000000, Yaw: 142.800003, Jump: false, Attack: false
[12:42:51.585] [INFO] 입력 패킷 수신 - 클라이언트 ID: 1, Forward: 0.000000, Right: 0.000000, Yaw: 155.750000, Jump: false, Attack: false
[12:42:51.683] [INFO] 입력 패킷 수신 - 클라이언트 ID: 1, Forward: 0.000000, Right: 0.000000, Yaw: 159.775009, Jump: false, Attack: false
[12:42:51.773] [INFO] 입력 패킷 수신 - 클라이언트 ID: 1, Forward: 0.000000, Right: 0.000000, Yaw: 163.275009, Jump: false, Attack: false
[12:42:51.862] [INFO] 입력 패킷 수신 - 클라이언트 ID: 1, Forward: 0.000000, Right: 0.000000, Yaw: 165.900009, Jump: false, Attack: false
[12:42:52.079] [INFO] 서버 FPS: 32.512314, 평균 프레임 시간: 0.000000ms, 클라이언트 수: 2
[12:42:52.180] [INFO] [Packet] Pong 전송 - ClientId: 1
[12:42:52.181] [INFO] [Packet] Pong 전송 - ClientId: 2
[12:42:53.084] [INFO] 서버 FPS: 32.480316, 평균 프레임 시간: 0.000000ms, 클라이언트 수: 2
[12:42:53.163] [INFO] [Packet] Pong 전송 - ClientId: 1
[12:42:53.164] [INFO] [Packet] Pong 전송 - ClientId: 2
[12:42:53.461] [INFO] 입력 패킷 수신 - 클라이언트 ID: 1, Forward: 1.000000, Right: 0.000000, Yaw: 165.900009, Jump: false, Attack: false
[12:42:54.084] [INFO] 입력 패킷 수신 - 클라이언트 ID: 1, Forward: 1.000000, Right: 0.000000, Yaw: 165.900009, Jump: false, Attack: true
[12:42:54.107] [INFO] 서버 FPS: 32.480316, 평균 프레임 시간: 0.000000ms, 클라이언트 수: 2
[12:42:54.166] [INFO] [Packet] Pong 전송 - ClientId: 1
[12:42:54.167] [INFO] [Packet] Pong 전송 - ClientId: 2
[12:42:54.550] [INFO] 입력 패킷 수신 - 클라이언트 ID: 1, Forward: -1.000000, Right: -0.000000, Yaw: 165.900009, Jump: false, Attack: true
[12:42:55.111] [INFO] 서버 FPS: 32.512314, 평균 프레임 시간: 0.000000ms, 클라이언트 수: 2
[12:42:55.172] [INFO] 입력 패킷 수신 - 클라이언트 ID: 1, Forward: -1.000000, Right: -0.000000, Yaw: 165.900009, Jump: false, Attack: false
[12:42:55.173] [INFO] [Packet] Pong 전송 - ClientId: 1
[12:42:55.174] [INFO] [Packet] Pong 전송 - ClientId: 2
[12:42:55.357] [INFO] 입력 패킷 수신 - 클라이언트 ID: 1, Forward: 0.000000, Right: 1.000000, Yaw: 165.900009, Jump: false, Attack: false
[12:42:55.357] [INFO] 입력 패킷 수신 - 클라이언트 ID: 1, Forward: 0.000000, Right: 1.000000, Yaw: 164.850006, Jump: false, Attack: false
[12:42:55.434] [INFO] 입력 패킷 수신 - 클라이언트 ID: 1, Forward: 0.000000, Right: 1.000000, Yaw: 162.925003, Jump: false, Attack: false
[12:42:55.513] [INFO] 입력 패킷 수신 - 클라이언트 ID: 1, Forward: 0.000000, Right: 1.000000, Yaw: 161.350006, Jump: false, Attack: false
[12:42:55.592] [INFO] 입력 패킷 수신 - 클라이언트 ID: 1, Forward: 0.000000, Right: 1.000000, Yaw: 160.475006, Jump: false, Attack: false
[12:42:55.670] [INFO] 입력 패킷 수신 - 클라이언트 ID: 1, Forward: 0.000000, Right: 1.000000, Yaw: 159.775009, Jump: false, Attack: false
[12:42:55.749] [INFO] 입력 패킷 수신 - 클라이언트 ID: 1, Forward: 0.000000, Right: 1.000000, Yaw: 156.975006, Jump: false, Attack: false
[12:42:55.828] [INFO] 입력 패킷 수신 - 클라이언트 ID: 1, Forward: 1.000000, Right: 1.000000, Yaw: 156.975006, Jump: false, Attack: false
[12:42:55.829] [INFO] 입력 패킷 수신 - 클라이언트 ID: 1, Forward: 1.000000, Right: 1.000000, Yaw: 153.300003, Jump: false, Attack: false
[12:42:55.906] [INFO] 입력 패킷 수신 - 클라이언트 ID: 1, Forward: 1.000000, Right: 0.000000, Yaw: 153.300003, Jump: false, Attack: false
[12:42:55.906] [INFO] 입력 패킷 수신 - 클라이언트 ID: 1, Forward: 1.000000, Right: 0.000000, Yaw: 151.025009, Jump: false, Attack: false
[12:42:55.981] [INFO] 입력 패킷 수신 - 클라이언트 ID: 1, Forward: 1.000000, Right: 0.000000, Yaw: 149.975006, Jump: false, Attack: false
[12:42:56.061] [INFO] 입력 패킷 수신 - 클라이언트 ID: 1, Forward: 1.000000, Right: 0.000000, Yaw: 148.574997, Jump: false, Attack: false
[12:42:56.131] [INFO] 서버 FPS: 32.480316, 평균 프레임 시간: 0.000000ms, 클라이언트 수: 2
[12:42:56.138] [INFO] 입력 패킷 수신 - 클라이언트 ID: 1, Forward: 1.000000, Right: 0.000000, Yaw: 148.574997, Jump: false, Attack: true
[12:42:56.139] [INFO] 입력 패킷 수신 - 클라이언트 ID: 1, Forward: 1.000000, Right: 0.000000, Yaw: 146.475006, Jump: false, Attack: true
[12:42:56.215] [INFO] [Packet] Pong 전송 - ClientId: 1
[12:42:56.215] [INFO] 입력 패킷 수신 - 클라이언트 ID: 1, Forward: 1.000000, Right: 0.000000, Yaw: 145.949997, Jump: false, Attack: true
[12:42:56.216] [INFO] [Packet] Pong 전송 - ClientId: 2
[12:42:56.290] [INFO] 입력 패킷 수신 - 클라이언트 ID: 1, Forward: 1.000000, Right: 0.000000, Yaw: 145.600006, Jump: false, Attack: true
[12:42:56.368] [INFO] 입력 패킷 수신 - 클라이언트 ID: 1, Forward: 1.000000, Right: 0.000000, Yaw: 145.425003, Jump: false, Attack: true
[12:42:56.520] [INFO] 입력 패킷 수신 - 클라이언트 ID: 1, Forward: 1.000000, Right: -1.000000, Yaw: 145.425003, Jump: false, Attack: true
[12:42:56.746] [INFO] 입력 패킷 수신 - 클라이언트 ID: 1, Forward: -0.000000, Right: -1.000000, Yaw: 145.425003, Jump: false, Attack: true
[12:42:57.057] [INFO] 입력 패킷 수신 - 클라이언트 ID: 1, Forward: -1.000000, Right: -1.000000, Yaw: 145.425003, Jump: false, Attack: true
[12:42:57.135] [INFO] 입력 패킷 수신 - 클라이언트 ID: 1, Forward: -1.000000, Right: -0.000000, Yaw: 145.425003, Jump: false, Attack: true
[12:42:57.169] [INFO] 서버 FPS: 32.977692, 평균 프레임 시간: 0.000000ms, 클라이언트 수: 2
[12:42:57.213] [INFO] [Packet] Pong 전송 - ClientId: 1
[12:42:57.213] [INFO] 입력 패킷 수신 - 클라이언트 ID: 1, Forward: -1.000000, Right: -0.000000, Yaw: 145.425003, Jump: false, Attack: false
[12:42:57.214] [INFO] [Packet] Pong 전송 - ClientId: 2
[12:42:57.530] [INFO] 입력 패킷 수신 - 클라이언트 ID: 1, Forward: 0.000000, Right: 1.000000, Yaw: 145.425003, Jump: false, Attack: false
[12:42:57.765] [INFO] 입력 패킷 수신 - 클라이언트 ID: 1, Forward: 1.000000, Right: 1.000000, Yaw: 145.425003, Jump: false, Attack: false
[12:42:57.766] [INFO] 입력 패킷 수신 - 클라이언트 ID: 1, Forward: 1.000000, Right: 1.000000, Yaw: 145.250000, Jump: false, Attack: false
[12:42:57.842] [INFO] 입력 패킷 수신 - 클라이언트 ID: 1, Forward: 1.000000, Right: 0.000000, Yaw: 145.250000, Jump: false, Attack: false
[12:42:57.842] [INFO] 입력 패킷 수신 - 클라이언트 ID: 1, Forward: 1.000000, Right: 0.000000, Yaw: 143.850006, Jump: false, Attack: false
[12:42:57.918] [INFO] 입력 패킷 수신 - 클라이언트 ID: 1, Forward: 1.000000, Right: 0.000000, Yaw: 143.500000, Jump: false, Attack: false
[12:42:58.074] [INFO] 입력 패킷 수신 - 클라이언트 ID: 1, Forward: 1.000000, Right: 0.000000, Yaw: 143.500000, Jump: false, Attack: true
[12:42:58.188] [INFO] 서버 FPS: 32.480316, 평균 프레임 시간: 0.000000ms, 클라이언트 수: 2
[12:42:58.224] [INFO] [Packet] Pong 전송 - ClientId: 1
[12:42:58.225] [INFO] [Packet] Pong 전송 - ClientId: 2
[12:42:58.607] [INFO] 입력 패킷 수신 - 클라이언트 ID: 1, Forward: -1.000000, Right: -0.000000, Yaw: 143.500000, Jump: false, Attack: true
[12:42:59.159] [INFO] 입력 패킷 수신 - 클라이언트 ID: 1, Forward: -1.000000, Right: -0.000000, Yaw: 143.500000, Jump: false, Attack: false
[12:42:59.160] [INFO] [Packet] Pong 전송 - ClientId: 1
[12:42:59.161] [INFO] [Packet] Pong 전송 - ClientId: 2
[12:42:59.205] [INFO] 서버 FPS: 32.007759, 평균 프레임 시간: 0.000000ms, 클라이언트 수: 2
[12:42:59.241] [INFO] 입력 패킷 수신 - 클라이언트 ID: 1, Forward: -1.000000, Right: -1.000000, Yaw: 143.500000, Jump: false, Attack: false
[12:42:59.322] [INFO] 입력 패킷 수신 - 클라이언트 ID: 1, Forward: -0.000000, Right: -1.000000, Yaw: 143.500000, Jump: false, Attack: false
[12:42:59.555] [INFO] 입력 패킷 수신 - 클라이언트 ID: 1, Forward: 1.000000, Right: -1.000000, Yaw: 143.500000, Jump: false, Attack: false
[12:42:59.631] [INFO] 입력 패킷 수신 - 클라이언트 ID: 1, Forward: 1.000000, Right: 0.000000, Yaw: 143.500000, Jump: false, Attack: false
[12:42:59.707] [INFO] 입력 패킷 수신 - 클라이언트 ID: 1, Forward: 1.000000, Right: 0.000000, Yaw: 143.850006, Jump: false, Attack: false
[12:42:59.781] [INFO] 입력 패킷 수신 - 클라이언트 ID: 1, Forward: 1.000000, Right: 0.000000, Yaw: 146.125000, Jump: false, Attack: false
[12:42:59.858] [INFO] 입력 패킷 수신 - 클라이언트 ID: 1, Forward: 1.000000, Right: 0.000000, Yaw: 149.100006, Jump: false, Attack: false
[12:42:59.934] [INFO] 입력 패킷 수신 - 클라이언트 ID: 1, Forward: 1.000000, Right: 0.000000, Yaw: 155.225006, Jump: false, Attack: false
[12:43:00.017] [INFO] 입력 패킷 수신 - 클라이언트 ID: 1, Forward: 1.000000, Right: 0.000000, Yaw: 169.574997, Jump: false, Attack: false
[12:43:00.102] [INFO] 입력 패킷 수신 - 클라이언트 ID: 1, Forward: 1.000000, Right: 1.000000, Yaw: 169.574997, Jump: false, Attack: false
[12:43:00.103] [INFO] 입력 패킷 수신 - 클라이언트 ID: 1, Forward: 1.000000, Right: 1.000000, Yaw: 177.100006, Jump: false, Attack: false
[12:43:00.184] [INFO] 입력 패킷 수신 - 클라이언트 ID: 1, Forward: 1.000000, Right: 1.000000, Yaw: 181.300003, Jump: false, Attack: false
[12:43:00.185] [INFO] [Packet] Pong 전송 - ClientId: 1
[12:43:00.186] [INFO] [Packet] Pong 전송 - ClientId: 2
[12:43:00.227] [INFO] 서버 FPS: 32.480316, 평균 프레임 시간: 0.000000ms, 클라이언트 수: 2
[12:43:00.267] [INFO] 입력 패킷 수신 - 클라이언트 ID: 1, Forward: 1.000000, Right: 1.000000, Yaw: 182.525009, Jump: false, Attack: false
[12:43:00.344] [INFO] 입력 패킷 수신 - 클라이언트 ID: 1, Forward: 1.000000, Right: 1.000000, Yaw: 182.699997, Jump: false, Attack: false
[12:43:00.431] [INFO] 입력 패킷 수신 - 클라이언트 ID: 1, Forward: 0.000000, Right: 1.000000, Yaw: 182.699997, Jump: false, Attack: true
[12:43:00.507] [INFO] 입력 패킷 수신 - 클라이언트 ID: 1, Forward: 0.000000, Right: 1.000000, Yaw: 181.650009, Jump: false, Attack: true
[12:43:00.584] [INFO] 입력 패킷 수신 - 클라이언트 ID: 1, Forward: 1.000000, Right: 0.000000, Yaw: 181.650009, Jump: false, Attack: true
[12:43:00.584] [INFO] 입력 패킷 수신 - 클라이언트 ID: 1, Forward: 1.000000, Right: 0.000000, Yaw: 181.125000, Jump: false, Attack: true
[12:43:00.662] [INFO] 입력 패킷 수신 - 클라이언트 ID: 1, Forward: 1.000000, Right: 0.000000, Yaw: 178.850006, Jump: false, Attack: true
[12:43:00.739] [INFO] 입력 패킷 수신 - 클라이언트 ID: 1, Forward: 1.000000, Right: 0.000000, Yaw: 178.150009, Jump: false, Attack: true
[12:43:00.816] [INFO] 입력 패킷 수신 - 클라이언트 ID: 1, Forward: 1.000000, Right: 0.000000, Yaw: 177.975006, Jump: false, Attack: true
[12:43:00.892] [INFO] 입력 패킷 수신 - 클라이언트 ID: 1, Forward: 1.000000, Right: 0.000000, Yaw: 177.800003, Jump: false, Attack: true
[12:43:01.204] [INFO] [Packet] Pong 전송 - ClientId: 1
[12:43:01.205] [INFO] 입력 패킷 수신 - 클라이언트 ID: 1, Forward: 1.000000, Right: 0.000000, Yaw: 177.275009, Jump: false, Attack: true
[12:43:01.205] [INFO] [Packet] Pong 전송 - ClientId: 2
[12:43:01.251] [INFO] 서버 FPS: 32.007759, 평균 프레임 시간: 0.000000ms, 클라이언트 수: 2
[12:43:01.290] [INFO] 입력 패킷 수신 - 클라이언트 ID: 1, Forward: -1.000000, Right: -0.000000, Yaw: 177.275009, Jump: false, Attack: true
[12:43:01.290] [INFO] 입력 패킷 수신 - 클라이언트 ID: 1, Forward: -1.000000, Right: -0.000000, Yaw: 172.025009, Jump: false, Attack: true
[12:43:01.364] [INFO] 입력 패킷 수신 - 클라이언트 ID: 1, Forward: -1.000000, Right: -0.000000, Yaw: 167.475006, Jump: false, Attack: true
[12:43:01.442] [INFO] 입력 패킷 수신 - 클라이언트 ID: 1, Forward: -1.000000, Right: -0.000000, Yaw: 162.400009, Jump: false, Attack: true
[12:43:01.521] [INFO] 입력 패킷 수신 - 클라이언트 ID: 1, Forward: -1.000000, Right: -0.000000, Yaw: 162.400009, Jump: false, Attack: false
[12:43:01.521] [INFO] 입력 패킷 수신 - 클라이언트 ID: 1, Forward: -1.000000, Right: -0.000000, Yaw: 160.300003, Jump: false, Attack: false
[12:43:02.132] [INFO] 입력 패킷 수신 - 클라이언트 ID: 1, Forward: -1.000000, Right: -0.000000, Yaw: 160.650009, Jump: false, Attack: false
[12:43:02.209] [INFO] [Packet] Pong 전송 - ClientId: 1
[12:43:02.210] [INFO] 입력 패킷 수신 - 클라이언트 ID: 1, Forward: -1.000000, Right: -0.000000, Yaw: 160.824997, Jump: false, Attack: false
[12:43:02.210] [INFO] [Packet] Pong 전송 - ClientId: 2
[12:43:02.271] [INFO] 서버 FPS: 32.480316, 평균 프레임 시간: 0.000000ms, 클라이언트 수: 2
[12:43:02.290] [INFO] 입력 패킷 수신 - 클라이언트 ID: 1, Forward: -1.000000, Right: -0.000000, Yaw: 160.475006, Jump: false, Attack: false
[12:43:02.443] [INFO] 입력 패킷 수신 - 클라이언트 ID: 1, Forward: -1.000000, Right: -0.000000, Yaw: 160.475006, Jump: false, Attack: true
[12:43:02.519] [INFO] 입력 패킷 수신 - 클라이언트 ID: 1, Forward: 1.000000, Right: 0.000000, Yaw: 160.475006, Jump: false, Attack: true
[12:43:02.519] [INFO] 입력 패킷 수신 - 클라이언트 ID: 1, Forward: 1.000000, Right: 0.000000, Yaw: 160.300003, Jump: false, Attack: true
[12:43:03.190] [INFO] [Packet] Pong 전송 - ClientId: 1
[12:43:03.191] [INFO] [Packet] Pong 전송 - ClientId: 2
[12:43:03.295] [INFO] 서버 FPS: 32.512314, 평균 프레임 시간: 0.000000ms, 클라이언트 수: 2
[12:43:03.342] [INFO] 입력 패킷 수신 - 클라이언트 ID: 1, Forward: 1.000000, Right: 0.000000, Yaw: 160.125000, Jump: false, Attack: true
[12:43:03.420] [INFO] 입력 패킷 수신 - 클라이언트 ID: 1, Forward: 1.000000, Right: 0.000000, Yaw: 159.949997, Jump: false, Attack: true
[12:43:03.496] [INFO] 입력 패킷 수신 - 클라이언트 ID: 1, Forward: 1.000000, Right: 0.000000, Yaw: 159.775009, Jump: false, Attack: false
[12:43:03.570] [INFO] 입력 패킷 수신 - 클라이언트 ID: 1, Forward: 1.000000, Right: 0.000000, Yaw: 159.775009, Jump: false, Attack: true
[12:43:03.644] [INFO] 입력 패킷 수신 - 클라이언트 ID: 1, Forward: 1.000000, Right: 0.000000, Yaw: 159.600006, Jump: false, Attack: true
[12:43:03.718] [INFO] 입력 패킷 수신 - 클라이언트 ID: 1, Forward: -1.000000, Right: -0.000000, Yaw: 159.600006, Jump: false, Attack: true
[12:43:04.025] [INFO] 입력 패킷 수신 - 클라이언트 ID: 1, Forward: -1.000000, Right: -0.000000, Yaw: 159.425003, Jump: false, Attack: true
[12:43:04.175] [INFO] [Packet] Pong 전송 - ClientId: 1
[12:43:04.176] [INFO] [Packet] Pong 전송 - ClientId: 2
[12:43:04.254] [INFO] 입력 패킷 수신 - 클라이언트 ID: 1, Forward: -1.000000, Right: -1.000000, Yaw: 159.425003, Jump: false, Attack: true
[12:43:04.310] [INFO] 서버 FPS: 32.480316, 평균 프레임 시간: 0.000000ms, 클라이언트 수: 2
[12:43:04.334] [INFO] 입력 패킷 수신 - 클라이언트 ID: 1, Forward: -1.000000, Right: -1.000000, Yaw: 159.250000, Jump: false, Attack: true
[12:43:04.717] [INFO] 입력 패킷 수신 - 클라이언트 ID: 1, Forward: -1.000000, Right: -1.000000, Yaw: 159.074997, Jump: false, Attack: true
[12:43:04.796] [INFO] 입력 패킷 수신 - 클라이언트 ID: 1, Forward: -0.000000, Right: -1.000000, Yaw: 159.074997, Jump: false, Attack: true
[12:43:05.107] [INFO] 입력 패킷 수신 - 클라이언트 ID: 1, Forward: 1.000000, Right: -1.000000, Yaw: 159.074997, Jump: false, Attack: true
[12:43:05.186] [INFO] [Packet] Pong 전송 - ClientId: 1
[12:43:05.187] [INFO] [Packet] Pong 전송 - ClientId: 2
[12:43:05.262] [INFO] 입력 패킷 수신 - 클라이언트 ID: 1, Forward: 1.000000, Right: 0.000000, Yaw: 159.074997, Jump: false, Attack: true
[12:43:05.318] [INFO] 서버 FPS: 32.512314, 평균 프레임 시간: 0.000000ms, 클라이언트 수: 2
[12:43:05.488] [INFO] 입력 패킷 수신 - 클라이언트 ID: 1, Forward: 1.000000, Right: 1.000000, Yaw: 159.074997, Jump: false, Attack: true
[12:43:05.850] [INFO] 입력 패킷 수신 - 클라이언트 ID: 1, Forward: 0.000000, Right: 1.000000, Yaw: 159.074997, Jump: false, Attack: true
[12:43:06.166] [INFO] [Packet] Pong 전송 - ClientId: 1
[12:43:06.168] [INFO] [Packet] Pong 전송 - ClientId: 2
[12:43:06.360] [INFO] 서버 FPS: 32.945736, 평균 프레임 시간: 0.885735ms, 클라이언트 수: 2
[12:43:06.389] [INFO] 입력 패킷 수신 - 클라이언트 ID: 1, Forward: 1.000000, Right: 1.000000, Yaw: 159.074997, Jump: false, Attack: true
[12:43:06.542] [INFO] 입력 패킷 수신 - 클라이언트 ID: 1, Forward: 1.000000, Right: 0.000000, Yaw: 159.074997, Jump: false, Attack: true
[12:43:06.918] [INFO] 입력 패킷 수신 - 클라이언트 ID: 1, Forward: 0.000000, Right: 1.000000, Yaw: 159.074997, Jump: false, Attack: true
[12:43:06.994] [INFO] 입력 패킷 수신 - 클라이언트 ID: 1, Forward: -1.000000, Right: 1.000000, Yaw: 159.074997, Jump: false, Attack: true
[12:43:07.068] [INFO] 입력 패킷 수신 - 클라이언트 ID: 1, Forward: -1.000000, Right: -0.000000, Yaw: 159.074997, Jump: false, Attack: true
[12:43:07.152] [INFO] 입력 패킷 수신 - 클라이언트 ID: 1, Forward: -1.000000, Right: -1.000000, Yaw: 159.074997, Jump: false, Attack: true
[12:43:07.228] [INFO] [Packet] Pong 전송 - ClientId: 1
[12:43:07.230] [INFO] [Packet] Pong 전송 - ClientId: 2
[12:43:07.369] [INFO] 서버 FPS: 32.512314, 평균 프레임 시간: 0.027372ms, 클라이언트 수: 2
[12:43:07.687] [INFO] 입력 패킷 수신 - 클라이언트 ID: 1, Forward: -0.000000, Right: -1.000000, Yaw: 159.074997, Jump: false, Attack: true
[12:43:07.996] [INFO] 입력 패킷 수신 - 클라이언트 ID: 1, Forward: 1.000000, Right: 0.000000, Yaw: 159.074997, Jump: false, Attack: true
[12:43:08.143] [INFO] 입력 패킷 수신 - 클라이언트 ID: 1, Forward: 1.000000, Right: 0.000000, Yaw: 159.074997, Jump: false, Attack: false
[12:43:08.216] [INFO] [Packet] Pong 전송 - ClientId: 1
[12:43:08.218] [INFO] [Packet] Pong 전송 - ClientId: 2
[12:43:08.292] [INFO] 입력 패킷 수신 - 클라이언트 ID: 1, Forward: 1.000000, Right: 0.000000, Yaw: 157.675003, Jump: false, Attack: false
[12:43:08.366] [INFO] 입력 패킷 수신 - 클라이언트 ID: 1, Forward: 1.000000, Right: 0.000000, Yaw: 155.574997, Jump: false, Attack: false
[12:43:08.393] [INFO] 서버 FPS: 31.976744, 평균 프레임 시간: 0.000846ms, 클라이언트 수: 2
[12:43:08.957] [INFO] 입력 패킷 수신 - 클라이언트 ID: 1, Forward: 1.000000, Right: 0.000000, Yaw: 156.100006, Jump: false, Attack: false
[12:43:09.172] [INFO] [Packet] Pong 전송 - ClientId: 1
[12:43:09.173] [INFO] [Packet] Pong 전송 - ClientId: 2
[12:43:09.435] [INFO] 서버 FPS: 32.977692, 평균 프레임 시간: 0.000024ms, 클라이언트 수: 2
[12:43:10.163] [INFO] [Packet] Pong 전송 - ClientId: 1
[12:43:10.164] [INFO] [Packet] Pong 전송 - ClientId: 2
[12:43:10.445] [INFO] 서버 FPS: 32.512314, 평균 프레임 시간: 0.000001ms, 클라이언트 수: 2
[12:43:11.141] [INFO] 클라이언트가 정상적으로 연결 종료함 - ID: 2
[12:43:11.142] [INFO] 클라이언트 연결 끊김 (ID: 2)
[12:43:11.142] [INFO] 클라이언트 연결 끊김 알림(ID: 2) - 수신자 수: 1
[12:43:11.153] [INFO] 클라이언트가 정상적으로 연결 종료함 - ID: 1
[12:43:11.153] [INFO] 클라이언트 연결 끊김 (ID: 1)
[12:43:11.154] [INFO] 클라이언트 연결 끊김 알림(ID: 1) - 수신자 수: 0
[12:43:11.472] [INFO] 서버 FPS: 31.976744, 평균 프레임 시간: 0.000000ms, 클라이언트 수: 0
[12:43:12.512] [INFO] 서버 FPS: 32.977692, 평균 프레임 시간: 0.000000ms, 클라이언트 수: 0
[12:43:13.537] [INFO] 서버 FPS: 33.947624, 평균 프레임 시간: 0.000000ms, 클라이언트 수: 0
[12:43:14.565] [INFO] 서버 FPS: 33.947624, 평균 프레임 시간: 0.000000ms, 클라이언트 수: 0
[12:43:15.596] [INFO] 서버 FPS: 34.883720, 평균 프레임 시간: 0.000000ms, 클라이언트 수: 0
