[23:20:36.566] [INFO] 로깅 시스템 초기화됨
[23:20:36.566] [INFO] 서버 인스턴스 생성됨
[23:20:36.566] [INFO] 서버 초기화 시작 (포트: 9000)
[23:20:36.567] [INFO] 윈속 초기화 성공
[23:20:36.568] [INFO] 리스닝 소켓 생성 성공
[23:20:36.568] [INFO] 소켓 바인딩 성공 (포트: 9000)
[23:20:36.568] [INFO] 리스닝 시작됨
[23:20:36.568] [INFO] IOCP 생성 성공
[23:20:36.568] [INFO] CPU 코어 수: 16, 생성할 작업자 스레드: 16
[23:20:36.569] [INFO] 작업자 스레드 #1 생성됨
[23:20:36.569] [INFO] 작업자 스레드 시작 (ThreadID: 18404)
[23:20:36.569] [INFO] 작업자 스레드 #2 생성됨
[23:20:36.569] [INFO] 작업자 스레드 시작 (ThreadID: 23296)
[23:20:36.569] [INFO] 작업자 스레드 #3 생성됨
[23:20:36.569] [INFO] 작업자 스레드 시작 (ThreadID: 21128)
[23:20:36.570] [INFO] 작업자 스레드 #4 생성됨
[23:20:36.570] [INFO] 작업자 스레드 시작 (ThreadID: 16252)
[23:20:36.570] [INFO] 작업자 스레드 #5 생성됨
[23:20:36.570] [INFO] 작업자 스레드 시작 (ThreadID: 24288)
[23:20:36.570] [INFO] 작업자 스레드 #6 생성됨
[23:20:36.570] [INFO] 작업자 스레드 시작 (ThreadID: 14004)
[23:20:36.571] [INFO] 작업자 스레드 #7 생성됨
[23:20:36.571] [INFO] 작업자 스레드 시작 (ThreadID: 34292)
[23:20:36.571] [INFO] 작업자 스레드 #8 생성됨
[23:20:36.571] [INFO] 작업자 스레드 시작 (ThreadID: 8224)
[23:20:36.571] [INFO] 작업자 스레드 #9 생성됨
[23:20:36.571] [INFO] 작업자 스레드 시작 (ThreadID: 26748)
[23:20:36.572] [INFO] 작업자 스레드 #10 생성됨
[23:20:36.572] [INFO] 작업자 스레드 시작 (ThreadID: 7612)
[23:20:36.572] [INFO] 작업자 스레드 #11 생성됨
[23:20:36.572] [INFO] 작업자 스레드 시작 (ThreadID: 34424)
[23:20:36.572] [INFO] 작업자 스레드 #12 생성됨
[23:20:36.572] [INFO] 작업자 스레드 시작 (ThreadID: 4592)
[23:20:36.572] [INFO] 작업자 스레드 #13 생성됨
[23:20:36.573] [INFO] 작업자 스레드 시작 (ThreadID: 33252)
[23:20:36.573] [INFO] 작업자 스레드 #14 생성됨
[23:20:36.573] [INFO] 작업자 스레드 시작 (ThreadID: 27580)
[23:20:36.573] [INFO] 작업자 스레드 #15 생성됨
[23:20:36.573] [INFO] 작업자 스레드 시작 (ThreadID: 28948)
[23:20:36.573] [INFO] 작업자 스레드 #16 생성됨
[23:20:36.574] [INFO] 작업자 스레드 시작 (ThreadID: 33484)
[23:20:36.574] [INFO] 서버 초기화 완료
[23:20:36.574] [INFO] 서버 실행. 포트 번호: 9000
[23:20:36.574] [INFO] IOCP 멀티플레이어 서버 시작됨...
[23:20:36.574] [INFO] 서버 실행 시작
[23:20:40.021] [INFO] 새 클라이언트에게 ID 1 전송됨
[23:20:40.021] [INFO] 초기 위치 정보 전송됨 - 클라이언트 ID: 1, 위치: X=0.000000, Y=0.000000, Z=90.000000
[23:20:40.021] [INFO] 새 플레이어 정보(ID: 1) 브로드캐스트 - 수신자 수: 0
[23:20:40.021] [INFO] 기존 플레이어 정보 0개가 새 클라이언트(ID: 1)에게 전송됨
[23:20:40.022] [INFO] 위치 업데이트 - 클라이언트 ID: 1, 위치: X=0.000000, Y=0.000000, Z=90.000000, 속도: X=0.000000, Y=0.000000, Z=0.000000
[23:20:40.022] [INFO] 서버 FPS: 0.579039, 평균 프레임 시간: 345.399994ms, 클라이언트 수: 1
