c:\users\blues\documents\github\medieval_war\server\server\server\x64\debug\vc143.pdb
c:\users\blues\documents\github\medieval_war\server\server\server\x64\debug\vc143.idb
c:\users\blues\documents\github\medieval_war\server\server\server\x64\debug\iocpserver.obj
c:\users\blues\documents\github\medieval_war\server\server\server\x64\debug\logger.obj
c:\users\blues\documents\github\medieval_war\server\server\server\x64\debug\main.obj
c:\users\blues\documents\github\medieval_war\server\server\server\x64\debug\iocpserver_worker.obj
c:\users\blues\documents\github\medieval_war\server\server\server\x64\debug\iocpserver_update.obj
c:\users\blues\documents\github\medieval_war\server\server\server\x64\debug\iocpserver_session.obj
c:\users\blues\documents\github\medieval_war\server\server\server\x64\debug\iocpserver_packet.obj
c:\users\blues\documents\github\medieval_war\server\server\server\x64\debug\iocpserver_network.obj
c:\users\blues\documents\github\medieval_war\server\server\x64\debug\server.exe
c:\users\blues\documents\github\medieval_war\server\server\x64\debug\server.pdb
c:\users\blues\documents\github\medieval_war\server\server\server\x64\debug\server.ilk
c:\users\blues\documents\github\medieval_war\server\server\server\x64\debug\server.tlog\cl.command.1.tlog
c:\users\blues\documents\github\medieval_war\server\server\server\x64\debug\server.tlog\cl.items.tlog
c:\users\blues\documents\github\medieval_war\server\server\server\x64\debug\server.tlog\cl.read.1.tlog
c:\users\blues\documents\github\medieval_war\server\server\server\x64\debug\server.tlog\cl.write.1.tlog
c:\users\blues\documents\github\medieval_war\server\server\server\x64\debug\server.tlog\link.30808-cvtres.read.1.tlog
c:\users\blues\documents\github\medieval_war\server\server\server\x64\debug\server.tlog\link.30808-cvtres.write.1.tlog
c:\users\blues\documents\github\medieval_war\server\server\server\x64\debug\server.tlog\link.30808-rc.read.1.tlog
c:\users\blues\documents\github\medieval_war\server\server\server\x64\debug\server.tlog\link.30808-rc.write.1.tlog
c:\users\blues\documents\github\medieval_war\server\server\server\x64\debug\server.tlog\link.30808.read.1.tlog
c:\users\blues\documents\github\medieval_war\server\server\server\x64\debug\server.tlog\link.30808.read.2.tlog
c:\users\blues\documents\github\medieval_war\server\server\server\x64\debug\server.tlog\link.30808.read.3.tlog
c:\users\blues\documents\github\medieval_war\server\server\server\x64\debug\server.tlog\link.30808.read.4.tlog
c:\users\blues\documents\github\medieval_war\server\server\server\x64\debug\server.tlog\link.30808.write.1.tlog
c:\users\blues\documents\github\medieval_war\server\server\server\x64\debug\server.tlog\link.command.1.tlog
c:\users\blues\documents\github\medieval_war\server\server\server\x64\debug\server.tlog\link.read.1.tlog
c:\users\blues\documents\github\medieval_war\server\server\server\x64\debug\server.tlog\link.secondary.1.tlog
c:\users\blues\documents\github\medieval_war\server\server\server\x64\debug\server.tlog\link.write.1.tlog
