[2025-05-27 09:49:22.560] [INFO] Logger initialized
[2025-05-27 09:49:22.560] [INFO] IOCP 서버 인스턴스 생성됨
[2025-05-27 09:49:22.561] [INFO] 스폰 위치 설정 완료 - 총 9개
[2025-05-27 09:49:22.561] [INFO] 클라이언트 매니저 초기화 완료
[2025-05-27 09:49:22.561] [INFO] 게임 업데이터 초기화 완료
[2025-05-27 09:49:22.561] [INFO] 서버 초기화 시작 (포트: 9000)
[2025-05-27 09:49:22.561] [INFO] 네트워크 초기화 시작 (포트: 9000)
[2025-05-27 09:49:22.562] [INFO] 윈속 초기화 성공
[2025-05-27 09:49:22.563] [INFO] 리슨 소켓 생성 성공
[2025-05-27 09:49:22.563] [INFO] 소켓 옵션 설정 완료
[2025-05-27 09:49:22.564] [INFO] 소켓 바인딩 성공 (포트: 9000)
[2025-05-27 09:49:22.564] [INFO] 리스닝 시작됨
[2025-05-27 09:49:22.564] [INFO] 논블로킹 모드 설정 성공
[2025-05-27 09:49:22.564] [INFO] IOCP 생성 시작
[2025-05-27 09:49:22.564] [INFO] IOCP 생성 성공
[2025-05-27 09:49:22.565] [INFO] CPU 코어 수: 16, 워커 스레드 수: 16
[2025-05-27 09:49:22.565] [INFO] 워커 스레드 시작 - 개수: 16
[2025-05-27 09:49:22.565] [DEBUG] 워커 스레드 #1 생성됨
[2025-05-27 09:49:22.565] [INFO] 워커 스레드 시작 - ThreadID: 5752
[2025-05-27 09:49:22.565] [DEBUG] 워커 스레드 #2 생성됨
[2025-05-27 09:49:22.566] [INFO] 워커 스레드 시작 - ThreadID: 16192
[2025-05-27 09:49:22.566] [INFO] 워커 스레드 종료 - ThreadID: 5752
[2025-05-27 09:49:22.566] [DEBUG] 워커 스레드 #3 생성됨
[2025-05-27 09:49:22.566] [INFO] 워커 스레드 시작 - ThreadID: 15672
[2025-05-27 09:49:22.566] [INFO] 워커 스레드 종료 - ThreadID: 16192
[2025-05-27 09:49:22.567] [DEBUG] 워커 스레드 #4 생성됨
[2025-05-27 09:49:22.567] [INFO] 워커 스레드 시작 - ThreadID: 13140
[2025-05-27 09:49:22.567] [INFO] 워커 스레드 종료 - ThreadID: 15672
[2025-05-27 09:49:22.567] [DEBUG] 워커 스레드 #5 생성됨
[2025-05-27 09:49:22.567] [INFO] 워커 스레드 시작 - ThreadID: 22572
[2025-05-27 09:49:22.568] [INFO] 워커 스레드 종료 - ThreadID: 13140
[2025-05-27 09:49:22.568] [DEBUG] 워커 스레드 #6 생성됨
[2025-05-27 09:49:22.568] [INFO] 워커 스레드 시작 - ThreadID: 9444
[2025-05-27 09:49:22.568] [INFO] 워커 스레드 종료 - ThreadID: 22572
[2025-05-27 09:49:22.568] [DEBUG] 워커 스레드 #7 생성됨
[2025-05-27 09:49:22.569] [INFO] 워커 스레드 시작 - ThreadID: 8216
[2025-05-27 09:49:22.569] [INFO] 워커 스레드 종료 - ThreadID: 9444
[2025-05-27 09:49:22.569] [DEBUG] 워커 스레드 #8 생성됨
[2025-05-27 09:49:22.569] [INFO] 워커 스레드 시작 - ThreadID: 17312
[2025-05-27 09:49:22.569] [INFO] 워커 스레드 종료 - ThreadID: 8216
[2025-05-27 09:49:22.569] [DEBUG] 워커 스레드 #9 생성됨
[2025-05-27 09:49:22.570] [INFO] 워커 스레드 시작 - ThreadID: 25640
[2025-05-27 09:49:22.570] [INFO] 워커 스레드 종료 - ThreadID: 17312
[2025-05-27 09:49:22.570] [DEBUG] 워커 스레드 #10 생성됨
[2025-05-27 09:49:22.570] [INFO] 워커 스레드 시작 - ThreadID: 26016
[2025-05-27 09:49:22.570] [INFO] 워커 스레드 종료 - ThreadID: 25640
[2025-05-27 09:49:22.571] [DEBUG] 워커 스레드 #11 생성됨
[2025-05-27 09:49:22.571] [INFO] 워커 스레드 시작 - ThreadID: 19392
[2025-05-27 09:49:22.571] [INFO] 워커 스레드 종료 - ThreadID: 26016
[2025-05-27 09:49:22.571] [DEBUG] 워커 스레드 #12 생성됨
[2025-05-27 09:49:22.571] [INFO] 워커 스레드 시작 - ThreadID: 13088
[2025-05-27 09:49:22.571] [INFO] 워커 스레드 종료 - ThreadID: 19392
[2025-05-27 09:49:22.572] [DEBUG] 워커 스레드 #13 생성됨
[2025-05-27 09:49:22.572] [INFO] 워커 스레드 시작 - ThreadID: 22632
[2025-05-27 09:49:22.572] [INFO] 워커 스레드 종료 - ThreadID: 13088
[2025-05-27 09:49:22.572] [DEBUG] 워커 스레드 #14 생성됨
[2025-05-27 09:49:22.572] [INFO] 워커 스레드 시작 - ThreadID: 16800
[2025-05-27 09:49:22.572] [INFO] 워커 스레드 종료 - ThreadID: 16800
[2025-05-27 09:49:22.573] [DEBUG] 워커 스레드 #15 생성됨
[2025-05-27 09:49:22.573] [INFO] 워커 스레드 시작 - ThreadID: 10952
[2025-05-27 09:49:22.573] [INFO] 워커 스레드 종료 - ThreadID: 22632
[2025-05-27 09:49:22.573] [DEBUG] 워커 스레드 #16 생성됨
[2025-05-27 09:49:22.573] [INFO] 워커 스레드 시작 - ThreadID: 23648
[2025-05-27 09:49:22.573] [INFO] 워커 스레드 종료 - ThreadID: 10952
[2025-05-27 09:49:22.574] [INFO] 워커 스레드 종료 - ThreadID: 23648
[2025-05-27 09:49:22.574] [INFO] 업데이트 주기 변경됨: 60.000000Hz
[2025-05-27 09:49:22.574] [INFO] 물리 시뮬레이션 활성화
[2025-05-27 09:49:22.574] [INFO] === 서버 정보 ===
[2025-05-27 09:49:22.575] [INFO] 포트: 9000
[2025-05-27 09:49:22.575] [INFO] 워커 스레드: 16
[2025-05-27 09:49:22.575] [INFO] 목표 FPS: 60.000000
[2025-05-27 09:49:22.575] [INFO] 최대 클라이언트: 1000
[2025-05-27 09:49:22.575] [INFO] ================
[2025-05-27 09:49:22.575] [INFO] 서버 초기화 완료
[2025-05-27 09:49:22.575] [INFO] 서버 시작됨. 연결을 기다리는 중...
[2025-05-27 09:49:22.576] [INFO] 종료하려면 Ctrl+C를 누르세요.
[2025-05-27 09:49:22.576] [INFO] 서버 실행 시작
[2025-05-27 09:49:27.477] [INFO] 서버 종료 신호 수신됨
[2025-05-27 09:49:27.478] [INFO] 서버 중지 요청됨
[2025-05-27 09:49:27.484] [INFO] 서버 메인 루프 종료
[2025-05-27 09:49:27.484] [INFO] 서버가 정상적으로 종료되었습니다.
[2025-05-27 09:49:27.484] [INFO] IOCP 서버 소멸자 호출됨
[2025-05-27 09:49:27.484] [INFO] 서버 정리 시작
[2025-05-27 09:49:27.484] [INFO] 워커 스레드 중지 시작
[2025-05-27 09:49:27.585] [INFO] 워커 스레드 중지 완료
[2025-05-27 09:49:27.586] [INFO] 클라이언트 매니저 정리 시작 - 총 클라이언트: 0
[2025-05-27 09:49:27.586] [INFO] 클라이언트 매니저 정리 완료
[2025-05-27 09:49:27.587] [INFO] 클라이언트 매니저 정리 완료
[2025-05-27 09:49:27.587] [INFO] 네트워크 매니저 종료 시작
[2025-05-27 09:49:27.587] [INFO] 리슨 소켓 정리
[2025-05-27 09:49:27.587] [INFO] IOCP 핸들 정리
[2025-05-27 09:49:27.588] [INFO] 윈속 정리
[2025-05-27 09:49:27.588] [INFO] 네트워크 매니저 종료 완료
[2025-05-27 09:49:27.588] [INFO] 네트워크 매니저 정리 완료
[2025-05-27 09:49:27.588] [INFO] 게임 업데이터 정리 완료
[2025-05-27 09:49:27.589] [INFO] 게임 업데이터 정리 완료
[2025-05-27 09:49:27.590] [INFO] 서버 정리 완료
[2025-05-27 09:49:27.590] [INFO] 프로그램 종료
[2025-05-27 09:49:27.590] [INFO] Logger shutdown
