  모듈 종속성의 소스를 검사하는 중...
  NetworkManager.cpp
C:\Program Files (x86)\Windows Kits\10\Include\10.0.26100.0\shared\ws2def.h(103,1): warning C4005: 'AF_IPX': 매크로 재정의
  (소스 파일 'NetworkManager.cpp'을(를) 컴파일하는 중)
      C:\Program Files (x86)\Windows Kits\10\Include\10.0.26100.0\um\winsock.h(457,1):
      'AF_IPX'의 이전 정의를 참조하십시오.
  
C:\Program Files (x86)\Windows Kits\10\Include\10.0.26100.0\shared\ws2def.h(147,1): warning C4005: 'AF_MAX': 매크로 재정의
  (소스 파일 'NetworkManager.cpp'을(를) 컴파일하는 중)
      C:\Program Files (x86)\Windows Kits\10\Include\10.0.26100.0\um\winsock.h(476,1):
      'AF_MAX'의 이전 정의를 참조하십시오.
  
C:\Program Files (x86)\Windows Kits\10\Include\10.0.26100.0\shared\ws2def.h(187,1): warning C4005: 'SO_DONTLINGER': 매크로 재정의
  (소스 파일 'NetworkManager.cpp'을(를) 컴파일하는 중)
      C:\Program Files (x86)\Windows Kits\10\Include\10.0.26100.0\um\winsock.h(399,1):
      'SO_DONTLINGER'의 이전 정의를 참조하십시오.
  
C:\Program Files (x86)\Windows Kits\10\Include\10.0.26100.0\shared\ws2def.h(240,25): error C2011: 'sockaddr': 'struct' 형식 재정의
  (소스 파일 'NetworkManager.cpp'을(를) 컴파일하는 중)
      C:\Program Files (x86)\Windows Kits\10\Include\10.0.26100.0\um\winsock.h(482,8):
      'sockaddr' 선언을 참조하십시오.
  
C:\Program Files (x86)\Windows Kits\10\Include\10.0.26100.0\shared\ws2def.h(442,5): error C2143: 구문 오류: '}'이(가) '상수' 앞에 없습니다.
  (소스 파일 'NetworkManager.cpp'을(를) 컴파일하는 중)
  
C:\Program Files (x86)\Windows Kits\10\Include\10.0.26100.0\shared\ws2def.h(442,5): error C2059: 구문 오류: '상수'
  (소스 파일 'NetworkManager.cpp'을(를) 컴파일하는 중)
  
C:\Program Files (x86)\Windows Kits\10\Include\10.0.26100.0\shared\ws2def.h(496,1): error C2143: 구문 오류: ';'이(가) '}' 앞에 없습니다.
  (소스 파일 'NetworkManager.cpp'을(를) 컴파일하는 중)
  
C:\Program Files (x86)\Windows Kits\10\Include\10.0.26100.0\shared\ws2def.h(496,10): error C4430: 형식 지정자가 없습니다. int로 가정합니다. 참고: C++에서는 기본 int를 지원하지 않습니다.
  (소스 파일 'NetworkManager.cpp'을(를) 컴파일하는 중)
  
C:\Program Files (x86)\Windows Kits\10\Include\10.0.26100.0\shared\ws2def.h(496,20): error C4430: 형식 지정자가 없습니다. int로 가정합니다. 참고: C++에서는 기본 int를 지원하지 않습니다.
  (소스 파일 'NetworkManager.cpp'을(를) 컴파일하는 중)
  
C:\Program Files (x86)\Windows Kits\10\Include\10.0.26100.0\shared\ws2def.h(577,1): warning C4005: 'IN_CLASSA': 매크로 재정의
  (소스 파일 'NetworkManager.cpp'을(를) 컴파일하는 중)
      C:\Program Files (x86)\Windows Kits\10\Include\10.0.26100.0\um\winsock.h(284,1):
      'IN_CLASSA'의 이전 정의를 참조하십시오.
  
C:\Program Files (x86)\Windows Kits\10\Include\10.0.26100.0\shared\ws2def.h(583,1): warning C4005: 'IN_CLASSB': 매크로 재정의
  (소스 파일 'NetworkManager.cpp'을(를) 컴파일하는 중)
      C:\Program Files (x86)\Windows Kits\10\Include\10.0.26100.0\um\winsock.h(290,1):
      'IN_CLASSB'의 이전 정의를 참조하십시오.
  
C:\Program Files (x86)\Windows Kits\10\Include\10.0.26100.0\shared\ws2def.h(589,1): warning C4005: 'IN_CLASSC': 매크로 재정의
  (소스 파일 'NetworkManager.cpp'을(를) 컴파일하는 중)
      C:\Program Files (x86)\Windows Kits\10\Include\10.0.26100.0\um\winsock.h(296,1):
      'IN_CLASSC'의 이전 정의를 참조하십시오.
  
C:\Program Files (x86)\Windows Kits\10\Include\10.0.26100.0\shared\ws2def.h(600,1): warning C4005: 'INADDR_ANY': 매크로 재정의
  (소스 파일 'NetworkManager.cpp'을(를) 컴파일하는 중)
      C:\Program Files (x86)\Windows Kits\10\Include\10.0.26100.0\um\winsock.h(301,1):
      'INADDR_ANY'의 이전 정의를 참조하십시오.
  
C:\Program Files (x86)\Windows Kits\10\Include\10.0.26100.0\shared\ws2def.h(602,1): warning C4005: 'INADDR_BROADCAST': 매크로 재정의
  (소스 파일 'NetworkManager.cpp'을(를) 컴파일하는 중)
      C:\Program Files (x86)\Windows Kits\10\Include\10.0.26100.0\um\winsock.h(303,1):
      'INADDR_BROADCAST'의 이전 정의를 참조하십시오.
  
C:\Program Files (x86)\Windows Kits\10\Include\10.0.26100.0\shared\ws2def.h(638,28): error C2011: 'sockaddr_in': 'struct' 형식 재정의
  (소스 파일 'NetworkManager.cpp'을(를) 컴파일하는 중)
      C:\Program Files (x86)\Windows Kits\10\Include\10.0.26100.0\um\winsock.h(309,8):
      'sockaddr_in' 선언을 참조하십시오.
  
C:\Program Files (x86)\Windows Kits\10\Include\10.0.26100.0\um\WinSock2.h(136,23): error C2011: 'fd_set': 'struct' 형식 재정의
  (소스 파일 'NetworkManager.cpp'을(를) 컴파일하는 중)
      C:\Program Files (x86)\Windows Kits\10\Include\10.0.26100.0\um\winsock.h(65,16):
      'fd_set' 선언을 참조하십시오.
  
C:\Program Files (x86)\Windows Kits\10\Include\10.0.26100.0\um\WinSock2.h(171,1): warning C4005: 'FD_SET': 매크로 재정의
  (소스 파일 'NetworkManager.cpp'을(를) 컴파일하는 중)
      C:\Program Files (x86)\Windows Kits\10\Include\10.0.26100.0\um\winsock.h(99,1):
      'FD_SET'의 이전 정의를 참조하십시오.
  
C:\Program Files (x86)\Windows Kits\10\Include\10.0.26100.0\um\WinSock2.h(180,16): error C2011: 'timeval': 'struct' 형식 재정의
  (소스 파일 'NetworkManager.cpp'을(를) 컴파일하는 중)
      C:\Program Files (x86)\Windows Kits\10\Include\10.0.26100.0\um\winsock.h(108,8):
      'timeval' 선언을 참조하십시오.
  
C:\Program Files (x86)\Windows Kits\10\Include\10.0.26100.0\um\WinSock2.h(236,17): error C2011: 'hostent': 'struct' 형식 재정의
  (소스 파일 'NetworkManager.cpp'을(를) 컴파일하는 중)
      C:\Program Files (x86)\Windows Kits\10\Include\10.0.26100.0\um\winsock.h(164,9):
      'hostent' 선언을 참조하십시오.
  
C:\Program Files (x86)\Windows Kits\10\Include\10.0.26100.0\um\WinSock2.h(249,16): error C2011: 'netent': 'struct' 형식 재정의
  (소스 파일 'NetworkManager.cpp'을(를) 컴파일하는 중)
      C:\Program Files (x86)\Windows Kits\10\Include\10.0.26100.0\um\winsock.h(177,9):
      'netent' 선언을 참조하십시오.
  
C:\Program Files (x86)\Windows Kits\10\Include\10.0.26100.0\um\WinSock2.h(256,17): error C2011: 'servent': 'struct' 형식 재정의
  (소스 파일 'NetworkManager.cpp'을(를) 컴파일하는 중)
      C:\Program Files (x86)\Windows Kits\10\Include\10.0.26100.0\um\winsock.h(184,9):
      'servent' 선언을 참조하십시오.
  
C:\Program Files (x86)\Windows Kits\10\Include\10.0.26100.0\um\WinSock2.h(268,18): error C2011: 'protoent': 'struct' 형식 재정의
  (소스 파일 'NetworkManager.cpp'을(를) 컴파일하는 중)
      C:\Program Files (x86)\Windows Kits\10\Include\10.0.26100.0\um\winsock.h(196,9):
      'protoent' 선언을 참조하십시오.
  
C:\Program Files (x86)\Windows Kits\10\Include\10.0.26100.0\um\WinSock2.h(364,24): error C2011: 'WSAData': 'struct' 형식 재정의
  (소스 파일 'NetworkManager.cpp'을(를) 컴파일하는 중)
      C:\Program Files (x86)\Windows Kits\10\Include\10.0.26100.0\um\winsock.h(319,16):
      'WSAData' 선언을 참조하십시오.
  
C:\Program Files (x86)\Windows Kits\10\Include\10.0.26100.0\um\WinSock2.h(462,18): error C2011: 'sockproto': 'struct' 형식 재정의
  (소스 파일 'NetworkManager.cpp'을(를) 컴파일하는 중)
      C:\Program Files (x86)\Windows Kits\10\Include\10.0.26100.0\um\winsock.h(491,8):
      'sockproto' 선언을 참조하십시오.
  
C:\Program Files (x86)\Windows Kits\10\Include\10.0.26100.0\um\WinSock2.h(504,16): error C2011: 'linger': 'struct' 형식 재정의
  (소스 파일 'NetworkManager.cpp'을(를) 컴파일하는 중)
      C:\Program Files (x86)\Windows Kits\10\Include\10.0.26100.0\um\winsock.h(528,9):
      'linger' 선언을 참조하십시오.
  
C:\Program Files (x86)\Windows Kits\10\Include\10.0.26100.0\um\WinSock2.h(517,1): warning C4005: 'SOMAXCONN': 매크로 재정의
  (소스 파일 'NetworkManager.cpp'을(를) 컴파일하는 중)
      C:\Program Files (x86)\Windows Kits\10\Include\10.0.26100.0\um\winsock.h(541,1):
      'SOMAXCONN'의 이전 정의를 참조하십시오.
  
C:\Program Files (x86)\Windows Kits\10\Include\10.0.26100.0\um\WinSock2.h(551,1): warning C4005: 'FD_READ': 매크로 재정의
  (소스 파일 'NetworkManager.cpp'을(를) 컴파일하는 중)
      C:\Program Files (x86)\Windows Kits\10\Include\10.0.26100.0\um\winsock.h(559,1):
      'FD_READ'의 이전 정의를 참조하십시오.
  
C:\Program Files (x86)\Windows Kits\10\Include\10.0.26100.0\um\WinSock2.h(554,1): warning C4005: 'FD_WRITE': 매크로 재정의
  (소스 파일 'NetworkManager.cpp'을(를) 컴파일하는 중)
      C:\Program Files (x86)\Windows Kits\10\Include\10.0.26100.0\um\winsock.h(560,1):
      'FD_WRITE'의 이전 정의를 참조하십시오.
  
C:\Program Files (x86)\Windows Kits\10\Include\10.0.26100.0\um\WinSock2.h(557,1): warning C4005: 'FD_OOB': 매크로 재정의
  (소스 파일 'NetworkManager.cpp'을(를) 컴파일하는 중)
      C:\Program Files (x86)\Windows Kits\10\Include\10.0.26100.0\um\winsock.h(561,1):
      'FD_OOB'의 이전 정의를 참조하십시오.
  
C:\Program Files (x86)\Windows Kits\10\Include\10.0.26100.0\um\WinSock2.h(560,1): warning C4005: 'FD_ACCEPT': 매크로 재정의
  (소스 파일 'NetworkManager.cpp'을(를) 컴파일하는 중)
      C:\Program Files (x86)\Windows Kits\10\Include\10.0.26100.0\um\winsock.h(562,1):
      'FD_ACCEPT'의 이전 정의를 참조하십시오.
  
C:\Program Files (x86)\Windows Kits\10\Include\10.0.26100.0\um\WinSock2.h(563,1): warning C4005: 'FD_CONNECT': 매크로 재정의
  (소스 파일 'NetworkManager.cpp'을(를) 컴파일하는 중)
      C:\Program Files (x86)\Windows Kits\10\Include\10.0.26100.0\um\winsock.h(563,1):
      'FD_CONNECT'의 이전 정의를 참조하십시오.
  
C:\Program Files (x86)\Windows Kits\10\Include\10.0.26100.0\um\WinSock2.h(566,1): warning C4005: 'FD_CLOSE': 매크로 재정의
  (소스 파일 'NetworkManager.cpp'을(를) 컴파일하는 중)
      C:\Program Files (x86)\Windows Kits\10\Include\10.0.26100.0\um\winsock.h(564,1):
      'FD_CLOSE'의 이전 정의를 참조하십시오.
  
C:\Program Files (x86)\Windows Kits\10\Include\10.0.26100.0\um\WinSock2.h(1633,1): error C2375: 'accept': 재정의. 연결이 다릅니다.
  (소스 파일 'NetworkManager.cpp'을(를) 컴파일하는 중)
      C:\Program Files (x86)\Windows Kits\10\Include\10.0.26100.0\um\winsock.h(739,19):
      'accept' 선언을 참조하십시오.
  
C:\Program Files (x86)\Windows Kits\10\Include\10.0.26100.0\um\WinSock2.h(1655,1): error C2375: 'bind': 재정의. 연결이 다릅니다.
  (소스 파일 'NetworkManager.cpp'을(를) 컴파일하는 중)
      C:\Program Files (x86)\Windows Kits\10\Include\10.0.26100.0\um\winsock.h(744,16):
      'bind' 선언을 참조하십시오.
  
C:\Program Files (x86)\Windows Kits\10\Include\10.0.26100.0\um\WinSock2.h(1676,1): error C2375: 'closesocket': 재정의. 연결이 다릅니다.
  (소스 파일 'NetworkManager.cpp'을(를) 컴파일하는 중)
      C:\Program Files (x86)\Windows Kits\10\Include\10.0.26100.0\um\winsock.h(749,16):
      'closesocket' 선언을 참조하십시오.
  
C:\Program Files (x86)\Windows Kits\10\Include\10.0.26100.0\um\WinSock2.h(1693,1): error C2375: 'connect': 재정의. 연결이 다릅니다.
  (소스 파일 'NetworkManager.cpp'을(를) 컴파일하는 중)
      C:\Program Files (x86)\Windows Kits\10\Include\10.0.26100.0\um\winsock.h(751,16):
      'connect' 선언을 참조하십시오.
  
C:\Program Files (x86)\Windows Kits\10\Include\10.0.26100.0\um\WinSock2.h(1714,1): error C2375: 'ioctlsocket': 재정의. 연결이 다릅니다.
  (소스 파일 'NetworkManager.cpp'을(를) 컴파일하는 중)
      C:\Program Files (x86)\Windows Kits\10\Include\10.0.26100.0\um\winsock.h(756,16):
      'ioctlsocket' 선언을 참조하십시오.
  
C:\Program Files (x86)\Windows Kits\10\Include\10.0.26100.0\um\WinSock2.h(1737,1): error C2375: 'getpeername': 재정의. 연결이 다릅니다.
  (소스 파일 'NetworkManager.cpp'을(를) 컴파일하는 중)
      C:\Program Files (x86)\Windows Kits\10\Include\10.0.26100.0\um\winsock.h(761,16):
      'getpeername' 선언을 참조하십시오.
  
C:\Program Files (x86)\Windows Kits\10\Include\10.0.26100.0\um\WinSock2.h(1758,1): error C2375: 'getsockname': 재정의. 연결이 다릅니다.
  (소스 파일 'NetworkManager.cpp'을(를) 컴파일하는 중)
      C:\Program Files (x86)\Windows Kits\10\Include\10.0.26100.0\um\winsock.h(766,16):
      'getsockname' 선언을 참조하십시오.
  
C:\Program Files (x86)\Windows Kits\10\Include\10.0.26100.0\um\WinSock2.h(1779,1): error C2375: 'getsockopt': 재정의. 연결이 다릅니다.
  (소스 파일 'NetworkManager.cpp'을(를) 컴파일하는 중)
      C:\Program Files (x86)\Windows Kits\10\Include\10.0.26100.0\um\winsock.h(771,16):
      'getsockopt' 선언을 참조하십시오.
  
C:\Program Files (x86)\Windows Kits\10\Include\10.0.26100.0\um\WinSock2.h(1804,1): error C2375: 'htonl': 재정의. 연결이 다릅니다.
  (소스 파일 'NetworkManager.cpp'을(를) 컴파일하는 중)
      C:\Program Files (x86)\Windows Kits\10\Include\10.0.26100.0\um\winsock.h(778,19):
      'htonl' 선언을 참조하십시오.
  
C:\Program Files (x86)\Windows Kits\10\Include\10.0.26100.0\um\WinSock2.h(1821,1): error C2375: 'htons': 재정의. 연결이 다릅니다.
  (소스 파일 'NetworkManager.cpp'을(를) 컴파일하는 중)
      C:\Program Files (x86)\Windows Kits\10\Include\10.0.26100.0\um\winsock.h(780,20):
      'htons' 선언을 참조하십시오.
  
C:\Program Files (x86)\Windows Kits\10\Include\10.0.26100.0\um\WinSock2.h(1839,1): error C2375: 'inet_addr': 재정의. 연결이 다릅니다.
  (소스 파일 'NetworkManager.cpp'을(를) 컴파일하는 중)
      C:\Program Files (x86)\Windows Kits\10\Include\10.0.26100.0\um\winsock.h(782,26):
      'inet_addr' 선언을 참조하십시오.
  
C:\Program Files (x86)\Windows Kits\10\Include\10.0.26100.0\um\WinSock2.h(1857,1): error C2375: 'inet_ntoa': 재정의. 연결이 다릅니다.
  (소스 파일 'NetworkManager.cpp'을(를) 컴파일하는 중)
      C:\Program Files (x86)\Windows Kits\10\Include\10.0.26100.0\um\winsock.h(784,23):
      'inet_ntoa' 선언을 참조하십시오.
  
C:\Program Files (x86)\Windows Kits\10\Include\10.0.26100.0\um\WinSock2.h(1957,1): error C2375: 'listen': 재정의. 연결이 다릅니다.
  (소스 파일 'NetworkManager.cpp'을(를) 컴파일하는 중)
      C:\Program Files (x86)\Windows Kits\10\Include\10.0.26100.0\um\winsock.h(786,16):
      'listen' 선언을 참조하십시오.
  
C:\Program Files (x86)\Windows Kits\10\Include\10.0.26100.0\um\WinSock2.h(1976,1): error C2375: 'ntohl': 재정의. 연결이 다릅니다.
  (소스 파일 'NetworkManager.cpp'을(를) 컴파일하는 중)
      C:\Program Files (x86)\Windows Kits\10\Include\10.0.26100.0\um\winsock.h(790,19):
      'ntohl' 선언을 참조하십시오.
  
C:\Program Files (x86)\Windows Kits\10\Include\10.0.26100.0\um\WinSock2.h(1993,1): error C2375: 'ntohs': 재정의. 연결이 다릅니다.
  (소스 파일 'NetworkManager.cpp'을(를) 컴파일하는 중)
      C:\Program Files (x86)\Windows Kits\10\Include\10.0.26100.0\um\winsock.h(792,20):
      'ntohs' 선언을 참조하십시오.
  
C:\Program Files (x86)\Windows Kits\10\Include\10.0.26100.0\um\WinSock2.h(2010,1): error C2375: 'recv': 재정의. 연결이 다릅니다.
  (소스 파일 'NetworkManager.cpp'을(를) 컴파일하는 중)
      C:\Program Files (x86)\Windows Kits\10\Include\10.0.26100.0\um\winsock.h(794,16):
      'recv' 선언을 참조하십시오.
  
C:\Program Files (x86)\Windows Kits\10\Include\10.0.26100.0\um\WinSock2.h(2033,1): error C2375: 'recvfrom': 재정의. 연결이 다릅니다.
  (소스 파일 'NetworkManager.cpp'을(를) 컴파일하는 중)
      C:\Program Files (x86)\Windows Kits\10\Include\10.0.26100.0\um\winsock.h(800,16):
      'recvfrom' 선언을 참조하십시오.
  
C:\Program Files (x86)\Windows Kits\10\Include\10.0.26100.0\um\WinSock2.h(2060,1): error C2375: 'select': 재정의. 연결이 다릅니다.
  (소스 파일 'NetworkManager.cpp'을(를) 컴파일하는 중)
      C:\Program Files (x86)\Windows Kits\10\Include\10.0.26100.0\um\winsock.h(808,16):
      'select' 선언을 참조하십시오.
  
C:\Program Files (x86)\Windows Kits\10\Include\10.0.26100.0\um\WinSock2.h(2085,1): error C2375: 'send': 재정의. 연결이 다릅니다.
  (소스 파일 'NetworkManager.cpp'을(를) 컴파일하는 중)
      C:\Program Files (x86)\Windows Kits\10\Include\10.0.26100.0\um\winsock.h(815,16):
      'send' 선언을 참조하십시오.
  
C:\Program Files (x86)\Windows Kits\10\Include\10.0.26100.0\um\WinSock2.h(2108,1): error C2375: 'sendto': 재정의. 연결이 다릅니다.
  (소스 파일 'NetworkManager.cpp'을(를) 컴파일하는 중)
      C:\Program Files (x86)\Windows Kits\10\Include\10.0.26100.0\um\winsock.h(821,16):
      'sendto' 선언을 참조하십시오.
  
C:\Program Files (x86)\Windows Kits\10\Include\10.0.26100.0\um\WinSock2.h(2135,1): error C2375: 'setsockopt': 재정의. 연결이 다릅니다.
  (소스 파일 'NetworkManager.cpp'을(를) 컴파일하는 중)
      C:\Program Files (x86)\Windows Kits\10\Include\10.0.26100.0\um\winsock.h(829,16):
      'setsockopt' 선언을 참조하십시오.
  
C:\Program Files (x86)\Windows Kits\10\Include\10.0.26100.0\um\WinSock2.h(2160,1): error C2375: 'shutdown': 재정의. 연결이 다릅니다.
  (소스 파일 'NetworkManager.cpp'을(를) 컴파일하는 중)
      C:\Program Files (x86)\Windows Kits\10\Include\10.0.26100.0\um\winsock.h(836,16):
      'shutdown' 선언을 참조하십시오.
  
C:\Program Files (x86)\Windows Kits\10\Include\10.0.26100.0\um\WinSock2.h(2180,1): error C2375: 'socket': 재정의. 연결이 다릅니다.
  (소스 파일 'NetworkManager.cpp'을(를) 컴파일하는 중)
      C:\Program Files (x86)\Windows Kits\10\Include\10.0.26100.0\um\winsock.h(840,19):
      'socket' 선언을 참조하십시오.
  
C:\Program Files (x86)\Windows Kits\10\Include\10.0.26100.0\um\WinSock2.h(2205,1): error C2375: 'gethostbyaddr': 재정의. 연결이 다릅니다.
  (소스 파일 'NetworkManager.cpp'을(를) 컴파일하는 중)
      C:\Program Files (x86)\Windows Kits\10\Include\10.0.26100.0\um\winsock.h(847,33):
      'gethostbyaddr' 선언을 참조하십시오.
  
C:\Program Files (x86)\Windows Kits\10\Include\10.0.26100.0\um\WinSock2.h(2227,1): error C2375: 'gethostbyname': 재정의. 연결이 다릅니다.
  (소스 파일 'NetworkManager.cpp'을(를) 컴파일하는 중)
      C:\Program Files (x86)\Windows Kits\10\Include\10.0.26100.0\um\winsock.h(852,33):
      'gethostbyname' 선언을 참조하십시오.
  
C:\Program Files (x86)\Windows Kits\10\Include\10.0.26100.0\um\WinSock2.h(2244,1): error C2375: 'gethostname': 재정의. 연결이 다릅니다.
  (소스 파일 'NetworkManager.cpp'을(를) 컴파일하는 중)
      C:\Program Files (x86)\Windows Kits\10\Include\10.0.26100.0\um\winsock.h(854,16):
      'gethostname' 선언을 참조하십시오.
  
C:\Program Files (x86)\Windows Kits\10\Include\10.0.26100.0\um\WinSock2.h(2284,1): error C2375: 'getservbyport': 재정의. 연결이 다릅니다.
  (소스 파일 'NetworkManager.cpp'을(를) 컴파일하는 중)
      C:\Program Files (x86)\Windows Kits\10\Include\10.0.26100.0\um\winsock.h(858,33):
      'getservbyport' 선언을 참조하십시오.
  
C:\Program Files (x86)\Windows Kits\10\Include\10.0.26100.0\um\WinSock2.h(2303,1): error C2375: 'getservbyname': 재정의. 연결이 다릅니다.
  (소스 파일 'NetworkManager.cpp'을(를) 컴파일하는 중)
      C:\Program Files (x86)\Windows Kits\10\Include\10.0.26100.0\um\winsock.h(862,33):
      'getservbyname' 선언을 참조하십시오.
  
C:\Program Files (x86)\Windows Kits\10\Include\10.0.26100.0\um\WinSock2.h(2322,1): error C2375: 'getprotobynumber': 재정의. 연결이 다릅니다.
  (소스 파일 'NetworkManager.cpp'을(를) 컴파일하는 중)
      C:\Program Files (x86)\Windows Kits\10\Include\10.0.26100.0\um\winsock.h(866,34):
      'getprotobynumber' 선언을 참조하십시오.
  
C:\Program Files (x86)\Windows Kits\10\Include\10.0.26100.0\um\WinSock2.h(2339,1): error C2375: 'getprotobyname': 재정의. 연결이 다릅니다.
  (소스 파일 'NetworkManager.cpp'을(를) 컴파일하는 중)
      C:\Program Files (x86)\Windows Kits\10\Include\10.0.26100.0\um\winsock.h(868,34):
      'getprotobyname' 선언을 참조하십시오.
  
C:\Program Files (x86)\Windows Kits\10\Include\10.0.26100.0\um\WinSock2.h(2359,1): error C2375: 'WSAStartup': 재정의. 연결이 다릅니다.
  (소스 파일 'NetworkManager.cpp'을(를) 컴파일하는 중)
      C:\Program Files (x86)\Windows Kits\10\Include\10.0.26100.0\um\winsock.h(872,16):
      'WSAStartup' 선언을 참조하십시오.
  
C:\Program Files (x86)\Windows Kits\10\Include\10.0.26100.0\um\WinSock2.h(2379,1): error C2375: 'WSACleanup': 재정의. 연결이 다릅니다.
  (소스 파일 'NetworkManager.cpp'을(를) 컴파일하는 중)
      C:\Program Files (x86)\Windows Kits\10\Include\10.0.26100.0\um\winsock.h(876,16):
      'WSACleanup' 선언을 참조하십시오.
  
C:\Program Files (x86)\Windows Kits\10\Include\10.0.26100.0\um\WinSock2.h(2396,1): error C2375: 'WSASetLastError': 재정의. 연결이 다릅니다.
  (소스 파일 'NetworkManager.cpp'을(를) 컴파일하는 중)
      C:\Program Files (x86)\Windows Kits\10\Include\10.0.26100.0\um\winsock.h(878,17):
      'WSASetLastError' 선언을 참조하십시오.
  
C:\Program Files (x86)\Windows Kits\10\Include\10.0.26100.0\um\WinSock2.h(2413,1): error C2375: 'WSAGetLastError': 재정의. 연결이 다릅니다.
  (소스 파일 'NetworkManager.cpp'을(를) 컴파일하는 중)
      C:\Program Files (x86)\Windows Kits\10\Include\10.0.26100.0\um\winsock.h(880,16):
      'WSAGetLastError' 선언을 참조하십시오.
  
C:\Program Files (x86)\Windows Kits\10\Include\10.0.26100.0\um\WinSock2.h(2434,1): error C2375: 'WSAIsBlocking': 재정의. 연결이 다릅니다.
  (소스 파일 'NetworkManager.cpp'을(를) 컴파일하는 중)
      C:\Program Files (x86)\Windows Kits\10\Include\10.0.26100.0\um\winsock.h(882,17):
      'WSAIsBlocking' 선언을 참조하십시오.
  
C:\Program Files (x86)\Windows Kits\10\Include\10.0.26100.0\um\WinSock2.h(2452,1): error C2375: 'WSAUnhookBlockingHook': 재정의. 연결이 다릅니다.
  (소스 파일 'NetworkManager.cpp'을(를) 컴파일하는 중)
      C:\Program Files (x86)\Windows Kits\10\Include\10.0.26100.0\um\winsock.h(884,16):
      'WSAUnhookBlockingHook' 선언을 참조하십시오.
  
C:\Program Files (x86)\Windows Kits\10\Include\10.0.26100.0\um\WinSock2.h(2470,1): error C2375: 'WSASetBlockingHook': 재정의. 연결이 다릅니다.
  (소스 파일 'NetworkManager.cpp'을(를) 컴파일하는 중)
      C:\Program Files (x86)\Windows Kits\10\Include\10.0.26100.0\um\winsock.h(886,20):
      'WSASetBlockingHook' 선언을 참조하십시오.
  
C:\Program Files (x86)\Windows Kits\10\Include\10.0.26100.0\um\WinSock2.h(2488,1): error C2375: 'WSACancelBlockingCall': 재정의. 연결이 다릅니다.
  (소스 파일 'NetworkManager.cpp'을(를) 컴파일하는 중)
      C:\Program Files (x86)\Windows Kits\10\Include\10.0.26100.0\um\winsock.h(888,16):
      'WSACancelBlockingCall' 선언을 참조하십시오.
  
C:\Program Files (x86)\Windows Kits\10\Include\10.0.26100.0\um\WinSock2.h(2506,1): error C2375: 'WSAAsyncGetServByName': 재정의. 연결이 다릅니다.
  (소스 파일 'NetworkManager.cpp'을(를) 컴파일하는 중)
      C:\Program Files (x86)\Windows Kits\10\Include\10.0.26100.0\um\winsock.h(890,19):
      'WSAAsyncGetServByName' 선언을 참조하십시오.
  
C:\Program Files (x86)\Windows Kits\10\Include\10.0.26100.0\um\WinSock2.h(2534,1): error C2375: 'WSAAsyncGetServByPort': 재정의. 연결이 다릅니다.
  (소스 파일 'NetworkManager.cpp'을(를) 컴파일하는 중)
      C:\Program Files (x86)\Windows Kits\10\Include\10.0.26100.0\um\winsock.h(898,19):
      'WSAAsyncGetServByPort' 선언을 참조하십시오.
  
C:\Program Files (x86)\Windows Kits\10\Include\10.0.26100.0\um\WinSock2.h(2562,1): error C2375: 'WSAAsyncGetProtoByName': 재정의. 연결이 다릅니다.
  (소스 파일 'NetworkManager.cpp'을(를) 컴파일하는 중)
      C:\Program Files (x86)\Windows Kits\10\Include\10.0.26100.0\um\winsock.h(906,19):
      'WSAAsyncGetProtoByName' 선언을 참조하십시오.
  
C:\Program Files (x86)\Windows Kits\10\Include\10.0.26100.0\um\WinSock2.h(2588,1): error C2375: 'WSAAsyncGetProtoByNumber': 재정의. 연결이 다릅니다.
  (소스 파일 'NetworkManager.cpp'을(를) 컴파일하는 중)
      C:\Program Files (x86)\Windows Kits\10\Include\10.0.26100.0\um\winsock.h(913,19):
      'WSAAsyncGetProtoByNumber' 선언을 참조하십시오.
  
C:\Program Files (x86)\Windows Kits\10\Include\10.0.26100.0\um\WinSock2.h(2614,1): error C2375: 'WSAAsyncGetHostByName': 재정의. 연결이 다릅니다.
  (소스 파일 'NetworkManager.cpp'을(를) 컴파일하는 중)
      C:\Program Files (x86)\Windows Kits\10\Include\10.0.26100.0\um\winsock.h(920,19):
      'WSAAsyncGetHostByName' 선언을 참조하십시오.
  
C:\Program Files (x86)\Windows Kits\10\Include\10.0.26100.0\um\WinSock2.h(2640,1): error C2375: 'WSAAsyncGetHostByAddr': 재정의. 연결이 다릅니다.
  (소스 파일 'NetworkManager.cpp'을(를) 컴파일하는 중)
      C:\Program Files (x86)\Windows Kits\10\Include\10.0.26100.0\um\winsock.h(927,19):
      'WSAAsyncGetHostByAddr' 선언을 참조하십시오.
  
C:\Program Files (x86)\Windows Kits\10\Include\10.0.26100.0\um\WinSock2.h(2670,1): error C2375: 'WSACancelAsyncRequest': 재정의. 연결이 다릅니다.
  (소스 파일 'NetworkManager.cpp'을(를) 컴파일하는 중)
      C:\Program Files (x86)\Windows Kits\10\Include\10.0.26100.0\um\winsock.h(936,16):
      'WSACancelAsyncRequest' 선언을 참조하십시오.
  
C:\Program Files (x86)\Windows Kits\10\Include\10.0.26100.0\um\WinSock2.h(2688,1): error C2375: 'WSAAsyncSelect': 재정의. 연결이 다릅니다.
  (소스 파일 'NetworkManager.cpp'을(를) 컴파일하는 중)
      C:\Program Files (x86)\Windows Kits\10\Include\10.0.26100.0\um\winsock.h(938,16):
      'WSAAsyncSelect' 선언을 참조하십시오.
  
C:\Program Files (x86)\Windows Kits\10\Include\10.0.26100.0\um\WinSock2.h(4320,1): error C2059: 구문 오류: '}'
  (소스 파일 'NetworkManager.cpp'을(를) 컴파일하는 중)
  
C:\Program Files (x86)\Windows Kits\10\Include\10.0.26100.0\um\WinSock2.h(4320,1): error C2143: 구문 오류: ';'이(가) '}' 앞에 없습니다.
  (소스 파일 'NetworkManager.cpp'을(를) 컴파일하는 중)
  
C:\Program Files (x86)\Windows Kits\10\Include\10.0.26100.0\shared\ws2ipdef.h(42,12): error C2143: 구문 오류: ';'이(가) '{' 앞에 없습니다.
  (소스 파일 'NetworkManager.cpp'을(를) 컴파일하는 중)
  
C:\Program Files (x86)\Windows Kits\10\Include\10.0.26100.0\shared\ws2ipdef.h(42,12): error C2447: '{': 함수 헤더가 없습니다. 이전 스타일의 형식 목록입니까?
  (소스 파일 'NetworkManager.cpp'을(를) 컴파일하는 중)
  
C:\Program Files (x86)\Windows Kits\10\Include\10.0.26100.0\shared\ws2ipdef.h(135,1): warning C4005: 'IP_TOS': 매크로 재정의
  (소스 파일 'NetworkManager.cpp'을(를) 컴파일하는 중)
      C:\Program Files (x86)\Windows Kits\10\Include\10.0.26100.0\um\winsock.h(349,1):
      'IP_TOS'의 이전 정의를 참조하십시오.
  
C:\Program Files (x86)\Windows Kits\10\Include\10.0.26100.0\shared\ws2ipdef.h(136,1): warning C4005: 'IP_TTL': 매크로 재정의
  (소스 파일 'NetworkManager.cpp'을(를) 컴파일하는 중)
      C:\Program Files (x86)\Windows Kits\10\Include\10.0.26100.0\um\winsock.h(348,1):
      'IP_TTL'의 이전 정의를 참조하십시오.
  
C:\Program Files (x86)\Windows Kits\10\Include\10.0.26100.0\shared\ws2ipdef.h(137,1): warning C4005: 'IP_MULTICAST_IF': 매크로 재정의
  (소스 파일 'NetworkManager.cpp'을(를) 컴파일하는 중)
      C:\Program Files (x86)\Windows Kits\10\Include\10.0.26100.0\um\winsock.h(343,1):
      'IP_MULTICAST_IF'의 이전 정의를 참조하십시오.
  
C:\Program Files (x86)\Windows Kits\10\Include\10.0.26100.0\shared\ws2ipdef.h(138,1): warning C4005: 'IP_MULTICAST_TTL': 매크로 재정의
  (소스 파일 'NetworkManager.cpp'을(를) 컴파일하는 중)
      C:\Program Files (x86)\Windows Kits\10\Include\10.0.26100.0\um\winsock.h(344,1):
      'IP_MULTICAST_TTL'의 이전 정의를 참조하십시오.
  
C:\Program Files (x86)\Windows Kits\10\Include\10.0.26100.0\shared\ws2ipdef.h(139,1): warning C4005: 'IP_MULTICAST_LOOP': 매크로 재정의
  (소스 파일 'NetworkManager.cpp'을(를) 컴파일하는 중)
      C:\Program Files (x86)\Windows Kits\10\Include\10.0.26100.0\um\winsock.h(345,1):
      'IP_MULTICAST_LOOP'의 이전 정의를 참조하십시오.
  
C:\Program Files (x86)\Windows Kits\10\Include\10.0.26100.0\shared\ws2ipdef.h(140,1): warning C4005: 'IP_ADD_MEMBERSHIP': 매크로 재정의
  (소스 파일 'NetworkManager.cpp'을(를) 컴파일하는 중)
      C:\Program Files (x86)\Windows Kits\10\Include\10.0.26100.0\um\winsock.h(346,1):
      'IP_ADD_MEMBERSHIP'의 이전 정의를 참조하십시오.
  
C:\Program Files (x86)\Windows Kits\10\Include\10.0.26100.0\shared\ws2ipdef.h(141,1): warning C4005: 'IP_DROP_MEMBERSHIP': 매크로 재정의
  (소스 파일 'NetworkManager.cpp'을(를) 컴파일하는 중)
      C:\Program Files (x86)\Windows Kits\10\Include\10.0.26100.0\um\winsock.h(347,1):
      'IP_DROP_MEMBERSHIP'의 이전 정의를 참조하십시오.
  
C:\Program Files (x86)\Windows Kits\10\Include\10.0.26100.0\shared\ws2ipdef.h(142,1): warning C4005: 'IP_DONTFRAGMENT': 매크로 재정의
  (소스 파일 'NetworkManager.cpp'을(를) 컴파일하는 중)
      C:\Program Files (x86)\Windows Kits\10\Include\10.0.26100.0\um\winsock.h(350,1):
      'IP_DONTFRAGMENT'의 이전 정의를 참조하십시오.
  
C:\Program Files (x86)\Windows Kits\10\Include\10.0.26100.0\um\WS2tcpip.h(733,10): error C2061: 구문 오류: 식별자 'MULTICAST_MODE_TYPE'
  (소스 파일 'NetworkManager.cpp'을(를) 컴파일하는 중)
  
C:\Program Files (x86)\Windows Kits\10\Include\10.0.26100.0\um\WS2tcpip.h(740,5): error C2065: 'PIP_MSFILTER': 선언되지 않은 식별자입니다.
  (소스 파일 'NetworkManager.cpp'을(를) 컴파일하는 중)
  
C:\Program Files (x86)\Windows Kits\10\Include\10.0.26100.0\um\WS2tcpip.h(740,18): error C2146: 구문 오류: ';'이(가) 'Filter' 식별자 앞에 없습니다.
  (소스 파일 'NetworkManager.cpp'을(를) 컴파일하는 중)
  
C:\Program Files (x86)\Windows Kits\10\Include\10.0.26100.0\um\WS2tcpip.h(740,18): error C2065: 'Filter': 선언되지 않은 식별자입니다.
  (소스 파일 'NetworkManager.cpp'을(를) 컴파일하는 중)
  
C:\Program Files (x86)\Windows Kits\10\Include\10.0.26100.0\um\WS2tcpip.h(742,9): error C2065: 'SourceCount': 선언되지 않은 식별자입니다.
  (소스 파일 'NetworkManager.cpp'을(를) 컴파일하는 중)
  
C:\Program Files (x86)\Windows Kits\10\Include\10.0.26100.0\um\WS2tcpip.h(743,40): error C2065: 'Filter': 선언되지 않은 식별자입니다.
  (소스 파일 'NetworkManager.cpp'을(를) 컴파일하는 중)
  
C:\Program Files (x86)\Windows Kits\10\Include\10.0.26100.0\um\WS2tcpip.h(743,60): error C2065: 'SourceList': 선언되지 않은 식별자입니다.
  (소스 파일 'NetworkManager.cpp'을(를) 컴파일하는 중)
  
C:\Program Files (x86)\Windows Kits\10\Include\10.0.26100.0\um\WS2tcpip.h(744,9): error C2065: 'WSASetLastError': 선언되지 않은 식별자입니다.
  (소스 파일 'NetworkManager.cpp'을(를) 컴파일하는 중)
  
C:\Program Files (x86)\Windows Kits\10\Include\10.0.26100.0\um\WS2tcpip.h(748,12): error C2065: 'IP_MSFILTER': 선언되지 않은 식별자입니다.
  (소스 파일 'NetworkManager.cpp'을(를) 컴파일하는 중)
  
C:\Program Files (x86)\Windows Kits\10\Include\10.0.26100.0\um\WS2tcpip.h(748,12): error C2065: 'SourceCount': 선언되지 않은 식별자입니다.
  (소스 파일 'NetworkManager.cpp'을(를) 컴파일하는 중)
  
C:\Program Files (x86)\Windows Kits\10\Include\10.0.26100.0\um\WS2tcpip.h(749,5): error C2065: 'Filter': 선언되지 않은 식별자입니다.
  (소스 파일 'NetworkManager.cpp'을(를) 컴파일하는 중)
  
C:\Program Files (x86)\Windows Kits\10\Include\10.0.26100.0\um\WS2tcpip.h(749,15): error C2065: 'PIP_MSFILTER': 선언되지 않은 식별자입니다.
  (소스 파일 'NetworkManager.cpp'을(를) 컴파일하는 중)
  
C:\Program Files (x86)\Windows Kits\10\Include\10.0.26100.0\um\WS2tcpip.h(749,29): error C2146: 구문 오류: ';'이(가) 'HeapAlloc' 식별자 앞에 없습니다.
  (소스 파일 'NetworkManager.cpp'을(를) 컴파일하는 중)
  
C:\Program Files (x86)\Windows Kits\10\Include\10.0.26100.0\um\WS2tcpip.h(750,9): error C2065: 'Filter': 선언되지 않은 식별자입니다.
  (소스 파일 'NetworkManager.cpp'을(를) 컴파일하는 중)
  
C:\Program Files (x86)\Windows Kits\10\Include\10.0.26100.0\um\WS2tcpip.h(751,9): error C2065: 'WSASetLastError': 선언되지 않은 식별자입니다.
  (소스 파일 'NetworkManager.cpp'을(를) 컴파일하는 중)
  
C:\Program Files (x86)\Windows Kits\10\Include\10.0.26100.0\um\WS2tcpip.h(755,5): error C2065: 'Filter': 선언되지 않은 식별자입니다.
  (소스 파일 'NetworkManager.cpp'을(를) 컴파일하는 중)
  
C:\Program Files (x86)\Windows Kits\10\Include\10.0.26100.0\um\WS2tcpip.h(756,5): error C2065: 'Filter': 선언되지 않은 식별자입니다.
  (소스 파일 'NetworkManager.cpp'을(를) 컴파일하는 중)
  
C:\Program Files (x86)\Windows Kits\10\Include\10.0.26100.0\um\WS2tcpip.h(757,5): error C2065: 'Filter': 선언되지 않은 식별자입니다.
  (소스 파일 'NetworkManager.cpp'을(를) 컴파일하는 중)
  
C:\Program Files (x86)\Windows Kits\10\Include\10.0.26100.0\um\WS2tcpip.h(757,26): error C2065: 'FilterMode': 선언되지 않은 식별자입니다.
  (소스 파일 'NetworkManager.cpp'을(를) 컴파일하는 중)
  
C:\Program Files (x86)\Windows Kits\10\Include\10.0.26100.0\um\WS2tcpip.h(758,5): error C2065: 'Filter': 선언되지 않은 식별자입니다.
  (소스 파일 'NetworkManager.cpp'을(를) 컴파일하는 중)
  
C:\Program Files (x86)\Windows Kits\10\Include\10.0.26100.0\um\WS2tcpip.h(758,27): error C2065: 'SourceCount': 선언되지 않은 식별자입니다.
  (소스 파일 'NetworkManager.cpp'을(를) 컴파일하는 중)
  
C:\Program Files (x86)\Windows Kits\10\Include\10.0.26100.0\um\WS2tcpip.h(759,9): error C2065: 'SourceCount': 선언되지 않은 식별자입니다.
  (소스 파일 'NetworkManager.cpp'을(를) 컴파일하는 중)
  
C:\Program Files (x86)\Windows Kits\10\Include\10.0.26100.0\um\WS2tcpip.h(760,9): error C2065: 'Filter': 선언되지 않은 식별자입니다.
  (소스 파일 'NetworkManager.cpp'을(를) 컴파일하는 중)
  
C:\Program Files (x86)\Windows Kits\10\Include\10.0.26100.0\um\WS2tcpip.h(760,9): error C2065: 'SourceList': 선언되지 않은 식별자입니다.
  (소스 파일 'NetworkManager.cpp'을(를) 컴파일하는 중)
  
C:\Program Files (x86)\Windows Kits\10\Include\10.0.26100.0\um\WS2tcpip.h(760,9): error C2065: 'SourceCount': 선언되지 않은 식별자입니다.
  (소스 파일 'NetworkManager.cpp'을(를) 컴파일하는 중)
  
C:\Program Files (x86)\Windows Kits\10\Include\10.0.26100.0\um\WS2tcpip.h(760,9): error C2660: 'memcpy': 함수는 2개의 인수를 사용하지 않습니다.
  (소스 파일 'NetworkManager.cpp'을(를) 컴파일하는 중)
      C:\Program Files\Microsoft Visual Studio\2022\Community\VC\Tools\MSVC\14.38.33130\include\vcruntime_string.h(43,15):
      'memcpy' 선언을 참조하십시오.
      C:\Program Files (x86)\Windows Kits\10\Include\10.0.26100.0\um\WS2tcpip.h(760,9):
      인수 목록 '()'을(를) 일치시키는 동안
  
C:\Program Files (x86)\Windows Kits\10\Include\10.0.26100.0\um\WS2tcpip.h(764,47): error C2065: 'Filter': 선언되지 않은 식별자입니다.
  (소스 파일 'NetworkManager.cpp'을(를) 컴파일하는 중)
  
C:\Program Files (x86)\Windows Kits\10\Include\10.0.26100.0\um\WS2tcpip.h(767,35): error C2065: 'Filter': 선언되지 않은 식별자입니다.
  (소스 파일 'NetworkManager.cpp'을(를) 컴파일하는 중)
  
C:\Program Files (x86)\Windows Kits\10\Include\10.0.26100.0\um\WS2tcpip.h(779,11): error C2061: 구문 오류: 식별자 'MULTICAST_MODE_TYPE'
  (소스 파일 'NetworkManager.cpp'을(를) 컴파일하는 중)
  
C:\Program Files (x86)\Windows Kits\10\Include\10.0.26100.0\um\WS2tcpip.h(786,5): error C2065: 'PIP_MSFILTER': 선언되지 않은 식별자입니다.
  (소스 파일 'NetworkManager.cpp'을(를) 컴파일하는 중)
  
C:\Program Files (x86)\Windows Kits\10\Include\10.0.26100.0\um\WS2tcpip.h(786,18): error C2146: 구문 오류: ';'이(가) 'Filter' 식별자 앞에 없습니다.
  (소스 파일 'NetworkManager.cpp'을(를) 컴파일하는 중)
  
C:\Program Files (x86)\Windows Kits\10\Include\10.0.26100.0\um\WS2tcpip.h(786,18): error C2065: 'Filter': 선언되지 않은 식별자입니다.
  (소스 파일 'NetworkManager.cpp'을(를) 컴파일하는 중)
  
C:\Program Files (x86)\Windows Kits\10\Include\10.0.26100.0\um\WS2tcpip.h(788,10): error C2065: 'SourceCount': 선언되지 않은 식별자입니다.
  (소스 파일 'NetworkManager.cpp'을(를) 컴파일하는 중)
  
C:\Program Files (x86)\Windows Kits\10\Include\10.0.26100.0\um\WS2tcpip.h(789,40): error C2065: 'Filter': 선언되지 않은 식별자입니다.
  (소스 파일 'NetworkManager.cpp'을(를) 컴파일하는 중)
  
C:\Program Files (x86)\Windows Kits\10\Include\10.0.26100.0\um\WS2tcpip.h(789,60): error C2065: 'SourceList': 선언되지 않은 식별자입니다.
  (소스 파일 'NetworkManager.cpp'을(를) 컴파일하는 중)
  
C:\Program Files (x86)\Windows Kits\10\Include\10.0.26100.0\um\WS2tcpip.h(789,60): error C1003: 오류 수가 100개를 초과했습니다. 컴파일을 중지합니다.
  (소스 파일 'NetworkManager.cpp'을(를) 컴파일하는 중)
  
  PacketDispatcher.cpp
C:\Users\Blues\Desktop\IOCP_Server\IOCP_Server\PacketDispatcher.cpp(82,35): warning C4244: '=': 'ULONGLONG'에서 'float'(으)로 변환하면서 데이터가 손실될 수 있습니다.
  코드를 생성하고 있습니다...
